<?xml version="1.0" encoding="UTF-8"?>
<testsuite xmlns:xsi="http://www.w3.org/2001/XMLSchema-instance" xsi:noNamespaceSchemaLocation="https://maven.apache.org/surefire/maven-surefire-plugin/xsd/surefire-test-report.xsd" name="com.yupi.ApiGatewayApplicationTests" time="111.225" tests="1" errors="1" skipped="0" failures="0">
  <properties>
    <property name="sun.desktop" value="windows"/>
    <property name="awt.toolkit" value="sun.awt.windows.WToolkit"/>
    <property name="file.encoding.pkg" value="sun.io"/>
    <property name="java.specification.version" value="1.8"/>
    <property name="sun.cpu.isalist" value="amd64"/>
    <property name="sun.jnu.encoding" value="GBK"/>
    <property name="java.class.path" value="D:\java\ideajava\api-gateway\target\test-classes;D:\java\ideajava\api-gateway\target\classes;D:\java\apache-maven-3.9.4\mvn_repo\org\springframework\cloud\spring-cloud-starter-gateway\3.1.8\spring-cloud-starter-gateway-3.1.8.jar;D:\java\apache-maven-3.9.4\mvn_repo\org\springframework\cloud\spring-cloud-starter\3.1.7\spring-cloud-starter-3.1.7.jar;D:\java\apache-maven-3.9.4\mvn_repo\org\springframework\cloud\spring-cloud-context\3.1.7\spring-cloud-context-3.1.7.jar;D:\java\apache-maven-3.9.4\mvn_repo\org\springframework\security\spring-security-crypto\5.7.1\spring-security-crypto-5.7.1.jar;D:\java\apache-maven-3.9.4\mvn_repo\org\springframework\cloud\spring-cloud-commons\3.1.7\spring-cloud-commons-3.1.7.jar;D:\java\apache-maven-3.9.4\mvn_repo\org\springframework\security\spring-security-rsa\1.0.11.RELEASE\spring-security-rsa-1.0.11.RELEASE.jar;D:\java\apache-maven-3.9.4\mvn_repo\org\bouncycastle\bcpkix-jdk15on\1.69\bcpkix-jdk15on-1.69.jar;D:\java\apache-maven-3.9.4\mvn_repo\org\bouncycastle\bcprov-jdk15on\1.69\bcprov-jdk15on-1.69.jar;D:\java\apache-maven-3.9.4\mvn_repo\org\bouncycastle\bcutil-jdk15on\1.69\bcutil-jdk15on-1.69.jar;D:\java\apache-maven-3.9.4\mvn_repo\org\springframework\cloud\spring-cloud-gateway-server\3.1.8\spring-cloud-gateway-server-3.1.8.jar;D:\java\apache-maven-3.9.4\mvn_repo\org\springframework\boot\spring-boot-starter-validation\2.7.0\spring-boot-starter-validation-2.7.0.jar;D:\java\apache-maven-3.9.4\mvn_repo\org\apache\tomcat\embed\tomcat-embed-el\9.0.63\tomcat-embed-el-9.0.63.jar;D:\java\apache-maven-3.9.4\mvn_repo\org\hibernate\validator\hibernate-validator\6.2.3.Final\hibernate-validator-6.2.3.Final.jar;D:\java\apache-maven-3.9.4\mvn_repo\jakarta\validation\jakarta.validation-api\2.0.2\jakarta.validation-api-2.0.2.jar;D:\java\apache-maven-3.9.4\mvn_repo\org\jboss\logging\jboss-logging\3.4.3.Final\jboss-logging-3.4.3.Final.jar;D:\java\apache-maven-3.9.4\mvn_repo\com\fasterxml\classmate\1.5.1\classmate-1.5.1.jar;D:\java\apache-maven-3.9.4\mvn_repo\io\projectreactor\addons\reactor-extra\3.4.8\reactor-extra-3.4.8.jar;D:\java\apache-maven-3.9.4\mvn_repo\io\projectreactor\reactor-core\3.4.18\reactor-core-3.4.18.jar;D:\java\apache-maven-3.9.4\mvn_repo\org\reactivestreams\reactive-streams\1.0.3\reactive-streams-1.0.3.jar;D:\java\apache-maven-3.9.4\mvn_repo\org\springframework\boot\spring-boot-starter-webflux\2.7.0\spring-boot-starter-webflux-2.7.0.jar;D:\java\apache-maven-3.9.4\mvn_repo\org\springframework\boot\spring-boot-starter-json\2.7.0\spring-boot-starter-json-2.7.0.jar;D:\java\apache-maven-3.9.4\mvn_repo\com\fasterxml\jackson\datatype\jackson-datatype-jdk8\2.13.3\jackson-datatype-jdk8-2.13.3.jar;D:\java\apache-maven-3.9.4\mvn_repo\com\fasterxml\jackson\datatype\jackson-datatype-jsr310\2.13.3\jackson-datatype-jsr310-2.13.3.jar;D:\java\apache-maven-3.9.4\mvn_repo\com\fasterxml\jackson\module\jackson-module-parameter-names\2.13.3\jackson-module-parameter-names-2.13.3.jar;D:\java\apache-maven-3.9.4\mvn_repo\org\springframework\boot\spring-boot-starter-reactor-netty\2.7.0\spring-boot-starter-reactor-netty-2.7.0.jar;D:\java\apache-maven-3.9.4\mvn_repo\io\projectreactor\netty\reactor-netty-http\1.0.19\reactor-netty-http-1.0.19.jar;D:\java\apache-maven-3.9.4\mvn_repo\io\projectreactor\netty\reactor-netty-core\1.0.19\reactor-netty-core-1.0.19.jar;D:\java\apache-maven-3.9.4\mvn_repo\org\springframework\spring-web\5.3.20\spring-web-5.3.20.jar;D:\java\apache-maven-3.9.4\mvn_repo\org\springframework\spring-webflux\5.3.20\spring-webflux-5.3.20.jar;D:\java\apache-maven-3.9.4\mvn_repo\org\projectlombok\lombok\1.18.24\lombok-1.18.24.jar;D:\java\apache-maven-3.9.4\mvn_repo\org\springframework\boot\spring-boot-starter-test\2.7.0\spring-boot-starter-test-2.7.0.jar;D:\java\apache-maven-3.9.4\mvn_repo\org\springframework\boot\spring-boot-starter\2.7.0\spring-boot-starter-2.7.0.jar;D:\java\apache-maven-3.9.4\mvn_repo\org\springframework\boot\spring-boot\2.7.0\spring-boot-2.7.0.jar;D:\java\apache-maven-3.9.4\mvn_repo\org\springframework\boot\spring-boot-autoconfigure\2.7.0\spring-boot-autoconfigure-2.7.0.jar;D:\java\apache-maven-3.9.4\mvn_repo\org\springframework\boot\spring-boot-starter-logging\2.7.0\spring-boot-starter-logging-2.7.0.jar;D:\java\apache-maven-3.9.4\mvn_repo\ch\qos\logback\logback-classic\1.2.11\logback-classic-1.2.11.jar;D:\java\apache-maven-3.9.4\mvn_repo\ch\qos\logback\logback-core\1.2.11\logback-core-1.2.11.jar;D:\java\apache-maven-3.9.4\mvn_repo\org\apache\logging\log4j\log4j-to-slf4j\2.17.2\log4j-to-slf4j-2.17.2.jar;D:\java\apache-maven-3.9.4\mvn_repo\org\apache\logging\log4j\log4j-api\2.17.2\log4j-api-2.17.2.jar;D:\java\apache-maven-3.9.4\mvn_repo\org\slf4j\jul-to-slf4j\1.7.36\jul-to-slf4j-1.7.36.jar;D:\java\apache-maven-3.9.4\mvn_repo\jakarta\annotation\jakarta.annotation-api\1.3.5\jakarta.annotation-api-1.3.5.jar;D:\java\apache-maven-3.9.4\mvn_repo\org\springframework\boot\spring-boot-test\2.7.0\spring-boot-test-2.7.0.jar;D:\java\apache-maven-3.9.4\mvn_repo\org\springframework\boot\spring-boot-test-autoconfigure\2.7.0\spring-boot-test-autoconfigure-2.7.0.jar;D:\java\apache-maven-3.9.4\mvn_repo\com\jayway\jsonpath\json-path\2.7.0\json-path-2.7.0.jar;D:\java\apache-maven-3.9.4\mvn_repo\net\minidev\json-smart\2.4.8\json-smart-2.4.8.jar;D:\java\apache-maven-3.9.4\mvn_repo\net\minidev\accessors-smart\2.4.8\accessors-smart-2.4.8.jar;D:\java\apache-maven-3.9.4\mvn_repo\org\ow2\asm\asm\9.1\asm-9.1.jar;D:\java\apache-maven-3.9.4\mvn_repo\org\slf4j\slf4j-api\1.7.36\slf4j-api-1.7.36.jar;D:\java\apache-maven-3.9.4\mvn_repo\jakarta\xml\bind\jakarta.xml.bind-api\2.3.3\jakarta.xml.bind-api-2.3.3.jar;D:\java\apache-maven-3.9.4\mvn_repo\jakarta\activation\jakarta.activation-api\1.2.2\jakarta.activation-api-1.2.2.jar;D:\java\apache-maven-3.9.4\mvn_repo\org\assertj\assertj-core\3.22.0\assertj-core-3.22.0.jar;D:\java\apache-maven-3.9.4\mvn_repo\org\hamcrest\hamcrest\2.2\hamcrest-2.2.jar;D:\java\apache-maven-3.9.4\mvn_repo\org\junit\jupiter\junit-jupiter\5.8.2\junit-jupiter-5.8.2.jar;D:\java\apache-maven-3.9.4\mvn_repo\org\junit\jupiter\junit-jupiter-api\5.8.2\junit-jupiter-api-5.8.2.jar;D:\java\apache-maven-3.9.4\mvn_repo\org\opentest4j\opentest4j\1.2.0\opentest4j-1.2.0.jar;D:\java\apache-maven-3.9.4\mvn_repo\org\junit\platform\junit-platform-commons\1.8.2\junit-platform-commons-1.8.2.jar;D:\java\apache-maven-3.9.4\mvn_repo\org\apiguardian\apiguardian-api\1.1.2\apiguardian-api-1.1.2.jar;D:\java\apache-maven-3.9.4\mvn_repo\org\junit\jupiter\junit-jupiter-params\5.8.2\junit-jupiter-params-5.8.2.jar;D:\java\apache-maven-3.9.4\mvn_repo\org\junit\jupiter\junit-jupiter-engine\5.8.2\junit-jupiter-engine-5.8.2.jar;D:\java\apache-maven-3.9.4\mvn_repo\org\junit\platform\junit-platform-engine\1.8.2\junit-platform-engine-1.8.2.jar;D:\java\apache-maven-3.9.4\mvn_repo\org\mockito\mockito-core\4.5.1\mockito-core-4.5.1.jar;D:\java\apache-maven-3.9.4\mvn_repo\net\bytebuddy\byte-buddy\1.12.10\byte-buddy-1.12.10.jar;D:\java\apache-maven-3.9.4\mvn_repo\net\bytebuddy\byte-buddy-agent\1.12.10\byte-buddy-agent-1.12.10.jar;D:\java\apache-maven-3.9.4\mvn_repo\org\objenesis\objenesis\3.2\objenesis-3.2.jar;D:\java\apache-maven-3.9.4\mvn_repo\org\mockito\mockito-junit-jupiter\4.5.1\mockito-junit-jupiter-4.5.1.jar;D:\java\apache-maven-3.9.4\mvn_repo\org\skyscreamer\jsonassert\1.5.0\jsonassert-1.5.0.jar;D:\java\apache-maven-3.9.4\mvn_repo\com\vaadin\external\google\android-json\0.0.20131108.vaadin1\android-json-0.0.20131108.vaadin1.jar;D:\java\apache-maven-3.9.4\mvn_repo\org\springframework\spring-core\5.3.20\spring-core-5.3.20.jar;D:\java\apache-maven-3.9.4\mvn_repo\org\springframework\spring-jcl\5.3.20\spring-jcl-5.3.20.jar;D:\java\apache-maven-3.9.4\mvn_repo\org\springframework\spring-test\5.3.20\spring-test-5.3.20.jar;D:\java\apache-maven-3.9.4\mvn_repo\org\xmlunit\xmlunit-core\2.9.0\xmlunit-core-2.9.0.jar;D:\java\apache-maven-3.9.4\mvn_repo\com\yupi\api-interface-client-sdk\0.0.1-SNAPSHOT\api-interface-client-sdk-0.0.1-SNAPSHOT.jar;D:\java\apache-maven-3.9.4\mvn_repo\cn\hutool\hutool-all\5.8.18\hutool-all-5.8.18.jar;D:\java\apache-maven-3.9.4\mvn_repo\com\yupi\api-common\0.0.1-SNAPSHOT\api-common-0.0.1-SNAPSHOT.jar;D:\java\apache-maven-3.9.4\mvn_repo\org\mybatis\spring\boot\mybatis-spring-boot-starter\2.2.2\mybatis-spring-boot-starter-2.2.2.jar;D:\java\apache-maven-3.9.4\mvn_repo\org\springframework\boot\spring-boot-starter-jdbc\2.7.0\spring-boot-starter-jdbc-2.7.0.jar;D:\java\apache-maven-3.9.4\mvn_repo\com\zaxxer\HikariCP\4.0.3\HikariCP-4.0.3.jar;D:\java\apache-maven-3.9.4\mvn_repo\org\springframework\spring-jdbc\5.3.20\spring-jdbc-5.3.20.jar;D:\java\apache-maven-3.9.4\mvn_repo\org\springframework\spring-tx\5.3.20\spring-tx-5.3.20.jar;D:\java\apache-maven-3.9.4\mvn_repo\org\mybatis\spring\boot\mybatis-spring-boot-autoconfigure\2.2.2\mybatis-spring-boot-autoconfigure-2.2.2.jar;D:\java\apache-maven-3.9.4\mvn_repo\org\mybatis\mybatis\3.5.9\mybatis-3.5.9.jar;D:\java\apache-maven-3.9.4\mvn_repo\org\mybatis\mybatis-spring\2.0.7\mybatis-spring-2.0.7.jar;D:\java\apache-maven-3.9.4\mvn_repo\com\baomidou\mybatis-plus-boot-starter\3.5.1\mybatis-plus-boot-starter-3.5.1.jar;D:\java\apache-maven-3.9.4\mvn_repo\com\baomidou\mybatis-plus\3.5.1\mybatis-plus-3.5.1.jar;D:\java\apache-maven-3.9.4\mvn_repo\com\baomidou\mybatis-plus-extension\3.5.1\mybatis-plus-extension-3.5.1.jar;D:\java\apache-maven-3.9.4\mvn_repo\com\baomidou\mybatis-plus-core\3.5.1\mybatis-plus-core-3.5.1.jar;D:\java\apache-maven-3.9.4\mvn_repo\com\baomidou\mybatis-plus-annotation\3.5.1\mybatis-plus-annotation-3.5.1.jar;D:\java\apache-maven-3.9.4\mvn_repo\com\github\jsqlparser\jsqlparser\4.3\jsqlparser-4.3.jar;D:\java\apache-maven-3.9.4\mvn_repo\org\apache\dubbo\dubbo\3.0.9\dubbo-3.0.9.jar;D:\java\apache-maven-3.9.4\mvn_repo\org\springframework\spring-context\5.3.20\spring-context-5.3.20.jar;D:\java\apache-maven-3.9.4\mvn_repo\org\springframework\spring-aop\5.3.20\spring-aop-5.3.20.jar;D:\java\apache-maven-3.9.4\mvn_repo\org\springframework\spring-beans\5.3.20\spring-beans-5.3.20.jar;D:\java\apache-maven-3.9.4\mvn_repo\org\springframework\spring-expression\5.3.20\spring-expression-5.3.20.jar;D:\java\apache-maven-3.9.4\mvn_repo\com\alibaba\spring\spring-context-support\1.0.8\spring-context-support-1.0.8.jar;D:\java\apache-maven-3.9.4\mvn_repo\org\javassist\javassist\3.28.0-GA\javassist-3.28.0-GA.jar;D:\java\apache-maven-3.9.4\mvn_repo\io\netty\netty-all\4.1.77.Final\netty-all-4.1.77.Final.jar;D:\java\apache-maven-3.9.4\mvn_repo\io\netty\netty-buffer\4.1.77.Final\netty-buffer-4.1.77.Final.jar;D:\java\apache-maven-3.9.4\mvn_repo\io\netty\netty-codec\4.1.77.Final\netty-codec-4.1.77.Final.jar;D:\java\apache-maven-3.9.4\mvn_repo\io\netty\netty-codec-dns\4.1.77.Final\netty-codec-dns-4.1.77.Final.jar;D:\java\apache-maven-3.9.4\mvn_repo\io\netty\netty-codec-haproxy\4.1.77.Final\netty-codec-haproxy-4.1.77.Final.jar;D:\java\apache-maven-3.9.4\mvn_repo\io\netty\netty-codec-http\4.1.77.Final\netty-codec-http-4.1.77.Final.jar;D:\java\apache-maven-3.9.4\mvn_repo\io\netty\netty-codec-http2\4.1.77.Final\netty-codec-http2-4.1.77.Final.jar;D:\java\apache-maven-3.9.4\mvn_repo\io\netty\netty-codec-memcache\4.1.77.Final\netty-codec-memcache-4.1.77.Final.jar;D:\java\apache-maven-3.9.4\mvn_repo\io\netty\netty-codec-mqtt\4.1.77.Final\netty-codec-mqtt-4.1.77.Final.jar;D:\java\apache-maven-3.9.4\mvn_repo\io\netty\netty-codec-redis\4.1.77.Final\netty-codec-redis-4.1.77.Final.jar;D:\java\apache-maven-3.9.4\mvn_repo\io\netty\netty-codec-smtp\4.1.77.Final\netty-codec-smtp-4.1.77.Final.jar;D:\java\apache-maven-3.9.4\mvn_repo\io\netty\netty-codec-socks\4.1.77.Final\netty-codec-socks-4.1.77.Final.jar;D:\java\apache-maven-3.9.4\mvn_repo\io\netty\netty-codec-stomp\4.1.77.Final\netty-codec-stomp-4.1.77.Final.jar;D:\java\apache-maven-3.9.4\mvn_repo\io\netty\netty-codec-xml\4.1.77.Final\netty-codec-xml-4.1.77.Final.jar;D:\java\apache-maven-3.9.4\mvn_repo\io\netty\netty-common\4.1.77.Final\netty-common-4.1.77.Final.jar;D:\java\apache-maven-3.9.4\mvn_repo\io\netty\netty-handler\4.1.77.Final\netty-handler-4.1.77.Final.jar;D:\java\apache-maven-3.9.4\mvn_repo\io\netty\netty-handler-proxy\4.1.77.Final\netty-handler-proxy-4.1.77.Final.jar;D:\java\apache-maven-3.9.4\mvn_repo\io\netty\netty-resolver\4.1.77.Final\netty-resolver-4.1.77.Final.jar;D:\java\apache-maven-3.9.4\mvn_repo\io\netty\netty-resolver-dns\4.1.77.Final\netty-resolver-dns-4.1.77.Final.jar;D:\java\apache-maven-3.9.4\mvn_repo\io\netty\netty-transport\4.1.77.Final\netty-transport-4.1.77.Final.jar;D:\java\apache-maven-3.9.4\mvn_repo\io\netty\netty-transport-rxtx\4.1.77.Final\netty-transport-rxtx-4.1.77.Final.jar;D:\java\apache-maven-3.9.4\mvn_repo\io\netty\netty-transport-sctp\4.1.77.Final\netty-transport-sctp-4.1.77.Final.jar;D:\java\apache-maven-3.9.4\mvn_repo\io\netty\netty-transport-udt\4.1.77.Final\netty-transport-udt-4.1.77.Final.jar;D:\java\apache-maven-3.9.4\mvn_repo\io\netty\netty-transport-classes-epoll\4.1.77.Final\netty-transport-classes-epoll-4.1.77.Final.jar;D:\java\apache-maven-3.9.4\mvn_repo\io\netty\netty-transport-native-unix-common\4.1.77.Final\netty-transport-native-unix-common-4.1.77.Final.jar;D:\java\apache-maven-3.9.4\mvn_repo\io\netty\netty-transport-classes-kqueue\4.1.77.Final\netty-transport-classes-kqueue-4.1.77.Final.jar;D:\java\apache-maven-3.9.4\mvn_repo\io\netty\netty-resolver-dns-classes-macos\4.1.77.Final\netty-resolver-dns-classes-macos-4.1.77.Final.jar;D:\java\apache-maven-3.9.4\mvn_repo\io\netty\netty-transport-native-epoll\4.1.77.Final\netty-transport-native-epoll-4.1.77.Final-linux-x86_64.jar;D:\java\apache-maven-3.9.4\mvn_repo\io\netty\netty-transport-native-epoll\4.1.77.Final\netty-transport-native-epoll-4.1.77.Final-linux-aarch_64.jar;D:\java\apache-maven-3.9.4\mvn_repo\io\netty\netty-transport-native-kqueue\4.1.77.Final\netty-transport-native-kqueue-4.1.77.Final-osx-x86_64.jar;D:\java\apache-maven-3.9.4\mvn_repo\io\netty\netty-transport-native-kqueue\4.1.77.Final\netty-transport-native-kqueue-4.1.77.Final-osx-aarch_64.jar;D:\java\apache-maven-3.9.4\mvn_repo\io\netty\netty-resolver-dns-native-macos\4.1.77.Final\netty-resolver-dns-native-macos-4.1.77.Final-osx-x86_64.jar;D:\java\apache-maven-3.9.4\mvn_repo\io\netty\netty-resolver-dns-native-macos\4.1.77.Final\netty-resolver-dns-native-macos-4.1.77.Final-osx-aarch_64.jar;D:\java\apache-maven-3.9.4\mvn_repo\com\google\code\gson\gson\2.9.0\gson-2.9.0.jar;D:\java\apache-maven-3.9.4\mvn_repo\org\yaml\snakeyaml\1.30\snakeyaml-1.30.jar;D:\java\apache-maven-3.9.4\mvn_repo\com\alibaba\fastjson\1.2.83\fastjson-1.2.83.jar;D:\java\apache-maven-3.9.4\mvn_repo\com\alibaba\nacos\nacos-client\2.1.0\nacos-client-2.1.0.jar;D:\java\apache-maven-3.9.4\mvn_repo\com\alibaba\nacos\nacos-auth-plugin\2.1.0\nacos-auth-plugin-2.1.0.jar;D:\java\apache-maven-3.9.4\mvn_repo\com\alibaba\nacos\nacos-encryption-plugin\2.1.0\nacos-encryption-plugin-2.1.0.jar;D:\java\apache-maven-3.9.4\mvn_repo\commons-codec\commons-codec\1.15\commons-codec-1.15.jar;D:\java\apache-maven-3.9.4\mvn_repo\com\fasterxml\jackson\core\jackson-core\2.13.3\jackson-core-2.13.3.jar;D:\java\apache-maven-3.9.4\mvn_repo\com\fasterxml\jackson\core\jackson-databind\2.13.3\jackson-databind-2.13.3.jar;D:\java\apache-maven-3.9.4\mvn_repo\com\fasterxml\jackson\core\jackson-annotations\2.13.3\jackson-annotations-2.13.3.jar;D:\java\apache-maven-3.9.4\mvn_repo\org\apache\httpcomponents\httpasyncclient\4.1.5\httpasyncclient-4.1.5.jar;D:\java\apache-maven-3.9.4\mvn_repo\org\apache\httpcomponents\httpcore\4.4.15\httpcore-4.4.15.jar;D:\java\apache-maven-3.9.4\mvn_repo\org\apache\httpcomponents\httpcore-nio\4.4.15\httpcore-nio-4.4.15.jar;D:\java\apache-maven-3.9.4\mvn_repo\org\apache\httpcomponents\httpclient\4.5.13\httpclient-4.5.13.jar;D:\java\apache-maven-3.9.4\mvn_repo\io\prometheus\simpleclient\0.15.0\simpleclient-0.15.0.jar;D:\java\apache-maven-3.9.4\mvn_repo\io\prometheus\simpleclient_tracer_otel\0.15.0\simpleclient_tracer_otel-0.15.0.jar;D:\java\apache-maven-3.9.4\mvn_repo\io\prometheus\simpleclient_tracer_common\0.15.0\simpleclient_tracer_common-0.15.0.jar;D:\java\apache-maven-3.9.4\mvn_repo\io\prometheus\simpleclient_tracer_otel_agent\0.15.0\simpleclient_tracer_otel_agent-0.15.0.jar;"/>
    <property name="java.vm.vendor" value="Oracle Corporation"/>
    <property name="sun.arch.data.model" value="64"/>
    <property name="user.variant" value=""/>
    <property name="java.vendor.url" value="http://java.oracle.com/"/>
    <property name="user.timezone" value="Asia/Shanghai"/>
    <property name="java.vm.specification.version" value="1.8"/>
    <property name="os.name" value="Windows 10"/>
    <property name="user.country" value="CN"/>
    <property name="sun.java.launcher" value="SUN_STANDARD"/>
    <property name="sun.boot.library.path" value="D:\java\jdk8\jre\bin"/>
    <property name="sun.java.command" value="C:\Users\chenmoys\AppData\Local\Temp\surefire4265167564151146741\surefirebooter4499159700031650447.jar C:\Users\chenmoys\AppData\Local\Temp\surefire4265167564151146741 2023-10-15T16-17-50_285-jvmRun1 surefire5125889611632575774tmp surefire_03362194537909328684tmp"/>
    <property name="surefire.test.class.path" value="D:\java\ideajava\api-gateway\target\test-classes;D:\java\ideajava\api-gateway\target\classes;D:\java\apache-maven-3.9.4\mvn_repo\org\springframework\cloud\spring-cloud-starter-gateway\3.1.8\spring-cloud-starter-gateway-3.1.8.jar;D:\java\apache-maven-3.9.4\mvn_repo\org\springframework\cloud\spring-cloud-starter\3.1.7\spring-cloud-starter-3.1.7.jar;D:\java\apache-maven-3.9.4\mvn_repo\org\springframework\cloud\spring-cloud-context\3.1.7\spring-cloud-context-3.1.7.jar;D:\java\apache-maven-3.9.4\mvn_repo\org\springframework\security\spring-security-crypto\5.7.1\spring-security-crypto-5.7.1.jar;D:\java\apache-maven-3.9.4\mvn_repo\org\springframework\cloud\spring-cloud-commons\3.1.7\spring-cloud-commons-3.1.7.jar;D:\java\apache-maven-3.9.4\mvn_repo\org\springframework\security\spring-security-rsa\1.0.11.RELEASE\spring-security-rsa-1.0.11.RELEASE.jar;D:\java\apache-maven-3.9.4\mvn_repo\org\bouncycastle\bcpkix-jdk15on\1.69\bcpkix-jdk15on-1.69.jar;D:\java\apache-maven-3.9.4\mvn_repo\org\bouncycastle\bcprov-jdk15on\1.69\bcprov-jdk15on-1.69.jar;D:\java\apache-maven-3.9.4\mvn_repo\org\bouncycastle\bcutil-jdk15on\1.69\bcutil-jdk15on-1.69.jar;D:\java\apache-maven-3.9.4\mvn_repo\org\springframework\cloud\spring-cloud-gateway-server\3.1.8\spring-cloud-gateway-server-3.1.8.jar;D:\java\apache-maven-3.9.4\mvn_repo\org\springframework\boot\spring-boot-starter-validation\2.7.0\spring-boot-starter-validation-2.7.0.jar;D:\java\apache-maven-3.9.4\mvn_repo\org\apache\tomcat\embed\tomcat-embed-el\9.0.63\tomcat-embed-el-9.0.63.jar;D:\java\apache-maven-3.9.4\mvn_repo\org\hibernate\validator\hibernate-validator\6.2.3.Final\hibernate-validator-6.2.3.Final.jar;D:\java\apache-maven-3.9.4\mvn_repo\jakarta\validation\jakarta.validation-api\2.0.2\jakarta.validation-api-2.0.2.jar;D:\java\apache-maven-3.9.4\mvn_repo\org\jboss\logging\jboss-logging\3.4.3.Final\jboss-logging-3.4.3.Final.jar;D:\java\apache-maven-3.9.4\mvn_repo\com\fasterxml\classmate\1.5.1\classmate-1.5.1.jar;D:\java\apache-maven-3.9.4\mvn_repo\io\projectreactor\addons\reactor-extra\3.4.8\reactor-extra-3.4.8.jar;D:\java\apache-maven-3.9.4\mvn_repo\io\projectreactor\reactor-core\3.4.18\reactor-core-3.4.18.jar;D:\java\apache-maven-3.9.4\mvn_repo\org\reactivestreams\reactive-streams\1.0.3\reactive-streams-1.0.3.jar;D:\java\apache-maven-3.9.4\mvn_repo\org\springframework\boot\spring-boot-starter-webflux\2.7.0\spring-boot-starter-webflux-2.7.0.jar;D:\java\apache-maven-3.9.4\mvn_repo\org\springframework\boot\spring-boot-starter-json\2.7.0\spring-boot-starter-json-2.7.0.jar;D:\java\apache-maven-3.9.4\mvn_repo\com\fasterxml\jackson\datatype\jackson-datatype-jdk8\2.13.3\jackson-datatype-jdk8-2.13.3.jar;D:\java\apache-maven-3.9.4\mvn_repo\com\fasterxml\jackson\datatype\jackson-datatype-jsr310\2.13.3\jackson-datatype-jsr310-2.13.3.jar;D:\java\apache-maven-3.9.4\mvn_repo\com\fasterxml\jackson\module\jackson-module-parameter-names\2.13.3\jackson-module-parameter-names-2.13.3.jar;D:\java\apache-maven-3.9.4\mvn_repo\org\springframework\boot\spring-boot-starter-reactor-netty\2.7.0\spring-boot-starter-reactor-netty-2.7.0.jar;D:\java\apache-maven-3.9.4\mvn_repo\io\projectreactor\netty\reactor-netty-http\1.0.19\reactor-netty-http-1.0.19.jar;D:\java\apache-maven-3.9.4\mvn_repo\io\projectreactor\netty\reactor-netty-core\1.0.19\reactor-netty-core-1.0.19.jar;D:\java\apache-maven-3.9.4\mvn_repo\org\springframework\spring-web\5.3.20\spring-web-5.3.20.jar;D:\java\apache-maven-3.9.4\mvn_repo\org\springframework\spring-webflux\5.3.20\spring-webflux-5.3.20.jar;D:\java\apache-maven-3.9.4\mvn_repo\org\projectlombok\lombok\1.18.24\lombok-1.18.24.jar;D:\java\apache-maven-3.9.4\mvn_repo\org\springframework\boot\spring-boot-starter-test\2.7.0\spring-boot-starter-test-2.7.0.jar;D:\java\apache-maven-3.9.4\mvn_repo\org\springframework\boot\spring-boot-starter\2.7.0\spring-boot-starter-2.7.0.jar;D:\java\apache-maven-3.9.4\mvn_repo\org\springframework\boot\spring-boot\2.7.0\spring-boot-2.7.0.jar;D:\java\apache-maven-3.9.4\mvn_repo\org\springframework\boot\spring-boot-autoconfigure\2.7.0\spring-boot-autoconfigure-2.7.0.jar;D:\java\apache-maven-3.9.4\mvn_repo\org\springframework\boot\spring-boot-starter-logging\2.7.0\spring-boot-starter-logging-2.7.0.jar;D:\java\apache-maven-3.9.4\mvn_repo\ch\qos\logback\logback-classic\1.2.11\logback-classic-1.2.11.jar;D:\java\apache-maven-3.9.4\mvn_repo\ch\qos\logback\logback-core\1.2.11\logback-core-1.2.11.jar;D:\java\apache-maven-3.9.4\mvn_repo\org\apache\logging\log4j\log4j-to-slf4j\2.17.2\log4j-to-slf4j-2.17.2.jar;D:\java\apache-maven-3.9.4\mvn_repo\org\apache\logging\log4j\log4j-api\2.17.2\log4j-api-2.17.2.jar;D:\java\apache-maven-3.9.4\mvn_repo\org\slf4j\jul-to-slf4j\1.7.36\jul-to-slf4j-1.7.36.jar;D:\java\apache-maven-3.9.4\mvn_repo\jakarta\annotation\jakarta.annotation-api\1.3.5\jakarta.annotation-api-1.3.5.jar;D:\java\apache-maven-3.9.4\mvn_repo\org\springframework\boot\spring-boot-test\2.7.0\spring-boot-test-2.7.0.jar;D:\java\apache-maven-3.9.4\mvn_repo\org\springframework\boot\spring-boot-test-autoconfigure\2.7.0\spring-boot-test-autoconfigure-2.7.0.jar;D:\java\apache-maven-3.9.4\mvn_repo\com\jayway\jsonpath\json-path\2.7.0\json-path-2.7.0.jar;D:\java\apache-maven-3.9.4\mvn_repo\net\minidev\json-smart\2.4.8\json-smart-2.4.8.jar;D:\java\apache-maven-3.9.4\mvn_repo\net\minidev\accessors-smart\2.4.8\accessors-smart-2.4.8.jar;D:\java\apache-maven-3.9.4\mvn_repo\org\ow2\asm\asm\9.1\asm-9.1.jar;D:\java\apache-maven-3.9.4\mvn_repo\org\slf4j\slf4j-api\1.7.36\slf4j-api-1.7.36.jar;D:\java\apache-maven-3.9.4\mvn_repo\jakarta\xml\bind\jakarta.xml.bind-api\2.3.3\jakarta.xml.bind-api-2.3.3.jar;D:\java\apache-maven-3.9.4\mvn_repo\jakarta\activation\jakarta.activation-api\1.2.2\jakarta.activation-api-1.2.2.jar;D:\java\apache-maven-3.9.4\mvn_repo\org\assertj\assertj-core\3.22.0\assertj-core-3.22.0.jar;D:\java\apache-maven-3.9.4\mvn_repo\org\hamcrest\hamcrest\2.2\hamcrest-2.2.jar;D:\java\apache-maven-3.9.4\mvn_repo\org\junit\jupiter\junit-jupiter\5.8.2\junit-jupiter-5.8.2.jar;D:\java\apache-maven-3.9.4\mvn_repo\org\junit\jupiter\junit-jupiter-api\5.8.2\junit-jupiter-api-5.8.2.jar;D:\java\apache-maven-3.9.4\mvn_repo\org\opentest4j\opentest4j\1.2.0\opentest4j-1.2.0.jar;D:\java\apache-maven-3.9.4\mvn_repo\org\junit\platform\junit-platform-commons\1.8.2\junit-platform-commons-1.8.2.jar;D:\java\apache-maven-3.9.4\mvn_repo\org\apiguardian\apiguardian-api\1.1.2\apiguardian-api-1.1.2.jar;D:\java\apache-maven-3.9.4\mvn_repo\org\junit\jupiter\junit-jupiter-params\5.8.2\junit-jupiter-params-5.8.2.jar;D:\java\apache-maven-3.9.4\mvn_repo\org\junit\jupiter\junit-jupiter-engine\5.8.2\junit-jupiter-engine-5.8.2.jar;D:\java\apache-maven-3.9.4\mvn_repo\org\junit\platform\junit-platform-engine\1.8.2\junit-platform-engine-1.8.2.jar;D:\java\apache-maven-3.9.4\mvn_repo\org\mockito\mockito-core\4.5.1\mockito-core-4.5.1.jar;D:\java\apache-maven-3.9.4\mvn_repo\net\bytebuddy\byte-buddy\1.12.10\byte-buddy-1.12.10.jar;D:\java\apache-maven-3.9.4\mvn_repo\net\bytebuddy\byte-buddy-agent\1.12.10\byte-buddy-agent-1.12.10.jar;D:\java\apache-maven-3.9.4\mvn_repo\org\objenesis\objenesis\3.2\objenesis-3.2.jar;D:\java\apache-maven-3.9.4\mvn_repo\org\mockito\mockito-junit-jupiter\4.5.1\mockito-junit-jupiter-4.5.1.jar;D:\java\apache-maven-3.9.4\mvn_repo\org\skyscreamer\jsonassert\1.5.0\jsonassert-1.5.0.jar;D:\java\apache-maven-3.9.4\mvn_repo\com\vaadin\external\google\android-json\0.0.20131108.vaadin1\android-json-0.0.20131108.vaadin1.jar;D:\java\apache-maven-3.9.4\mvn_repo\org\springframework\spring-core\5.3.20\spring-core-5.3.20.jar;D:\java\apache-maven-3.9.4\mvn_repo\org\springframework\spring-jcl\5.3.20\spring-jcl-5.3.20.jar;D:\java\apache-maven-3.9.4\mvn_repo\org\springframework\spring-test\5.3.20\spring-test-5.3.20.jar;D:\java\apache-maven-3.9.4\mvn_repo\org\xmlunit\xmlunit-core\2.9.0\xmlunit-core-2.9.0.jar;D:\java\apache-maven-3.9.4\mvn_repo\com\yupi\api-interface-client-sdk\0.0.1-SNAPSHOT\api-interface-client-sdk-0.0.1-SNAPSHOT.jar;D:\java\apache-maven-3.9.4\mvn_repo\cn\hutool\hutool-all\5.8.18\hutool-all-5.8.18.jar;D:\java\apache-maven-3.9.4\mvn_repo\com\yupi\api-common\0.0.1-SNAPSHOT\api-common-0.0.1-SNAPSHOT.jar;D:\java\apache-maven-3.9.4\mvn_repo\org\mybatis\spring\boot\mybatis-spring-boot-starter\2.2.2\mybatis-spring-boot-starter-2.2.2.jar;D:\java\apache-maven-3.9.4\mvn_repo\org\springframework\boot\spring-boot-starter-jdbc\2.7.0\spring-boot-starter-jdbc-2.7.0.jar;D:\java\apache-maven-3.9.4\mvn_repo\com\zaxxer\HikariCP\4.0.3\HikariCP-4.0.3.jar;D:\java\apache-maven-3.9.4\mvn_repo\org\springframework\spring-jdbc\5.3.20\spring-jdbc-5.3.20.jar;D:\java\apache-maven-3.9.4\mvn_repo\org\springframework\spring-tx\5.3.20\spring-tx-5.3.20.jar;D:\java\apache-maven-3.9.4\mvn_repo\org\mybatis\spring\boot\mybatis-spring-boot-autoconfigure\2.2.2\mybatis-spring-boot-autoconfigure-2.2.2.jar;D:\java\apache-maven-3.9.4\mvn_repo\org\mybatis\mybatis\3.5.9\mybatis-3.5.9.jar;D:\java\apache-maven-3.9.4\mvn_repo\org\mybatis\mybatis-spring\2.0.7\mybatis-spring-2.0.7.jar;D:\java\apache-maven-3.9.4\mvn_repo\com\baomidou\mybatis-plus-boot-starter\3.5.1\mybatis-plus-boot-starter-3.5.1.jar;D:\java\apache-maven-3.9.4\mvn_repo\com\baomidou\mybatis-plus\3.5.1\mybatis-plus-3.5.1.jar;D:\java\apache-maven-3.9.4\mvn_repo\com\baomidou\mybatis-plus-extension\3.5.1\mybatis-plus-extension-3.5.1.jar;D:\java\apache-maven-3.9.4\mvn_repo\com\baomidou\mybatis-plus-core\3.5.1\mybatis-plus-core-3.5.1.jar;D:\java\apache-maven-3.9.4\mvn_repo\com\baomidou\mybatis-plus-annotation\3.5.1\mybatis-plus-annotation-3.5.1.jar;D:\java\apache-maven-3.9.4\mvn_repo\com\github\jsqlparser\jsqlparser\4.3\jsqlparser-4.3.jar;D:\java\apache-maven-3.9.4\mvn_repo\org\apache\dubbo\dubbo\3.0.9\dubbo-3.0.9.jar;D:\java\apache-maven-3.9.4\mvn_repo\org\springframework\spring-context\5.3.20\spring-context-5.3.20.jar;D:\java\apache-maven-3.9.4\mvn_repo\org\springframework\spring-aop\5.3.20\spring-aop-5.3.20.jar;D:\java\apache-maven-3.9.4\mvn_repo\org\springframework\spring-beans\5.3.20\spring-beans-5.3.20.jar;D:\java\apache-maven-3.9.4\mvn_repo\org\springframework\spring-expression\5.3.20\spring-expression-5.3.20.jar;D:\java\apache-maven-3.9.4\mvn_repo\com\alibaba\spring\spring-context-support\1.0.8\spring-context-support-1.0.8.jar;D:\java\apache-maven-3.9.4\mvn_repo\org\javassist\javassist\3.28.0-GA\javassist-3.28.0-GA.jar;D:\java\apache-maven-3.9.4\mvn_repo\io\netty\netty-all\4.1.77.Final\netty-all-4.1.77.Final.jar;D:\java\apache-maven-3.9.4\mvn_repo\io\netty\netty-buffer\4.1.77.Final\netty-buffer-4.1.77.Final.jar;D:\java\apache-maven-3.9.4\mvn_repo\io\netty\netty-codec\4.1.77.Final\netty-codec-4.1.77.Final.jar;D:\java\apache-maven-3.9.4\mvn_repo\io\netty\netty-codec-dns\4.1.77.Final\netty-codec-dns-4.1.77.Final.jar;D:\java\apache-maven-3.9.4\mvn_repo\io\netty\netty-codec-haproxy\4.1.77.Final\netty-codec-haproxy-4.1.77.Final.jar;D:\java\apache-maven-3.9.4\mvn_repo\io\netty\netty-codec-http\4.1.77.Final\netty-codec-http-4.1.77.Final.jar;D:\java\apache-maven-3.9.4\mvn_repo\io\netty\netty-codec-http2\4.1.77.Final\netty-codec-http2-4.1.77.Final.jar;D:\java\apache-maven-3.9.4\mvn_repo\io\netty\netty-codec-memcache\4.1.77.Final\netty-codec-memcache-4.1.77.Final.jar;D:\java\apache-maven-3.9.4\mvn_repo\io\netty\netty-codec-mqtt\4.1.77.Final\netty-codec-mqtt-4.1.77.Final.jar;D:\java\apache-maven-3.9.4\mvn_repo\io\netty\netty-codec-redis\4.1.77.Final\netty-codec-redis-4.1.77.Final.jar;D:\java\apache-maven-3.9.4\mvn_repo\io\netty\netty-codec-smtp\4.1.77.Final\netty-codec-smtp-4.1.77.Final.jar;D:\java\apache-maven-3.9.4\mvn_repo\io\netty\netty-codec-socks\4.1.77.Final\netty-codec-socks-4.1.77.Final.jar;D:\java\apache-maven-3.9.4\mvn_repo\io\netty\netty-codec-stomp\4.1.77.Final\netty-codec-stomp-4.1.77.Final.jar;D:\java\apache-maven-3.9.4\mvn_repo\io\netty\netty-codec-xml\4.1.77.Final\netty-codec-xml-4.1.77.Final.jar;D:\java\apache-maven-3.9.4\mvn_repo\io\netty\netty-common\4.1.77.Final\netty-common-4.1.77.Final.jar;D:\java\apache-maven-3.9.4\mvn_repo\io\netty\netty-handler\4.1.77.Final\netty-handler-4.1.77.Final.jar;D:\java\apache-maven-3.9.4\mvn_repo\io\netty\netty-handler-proxy\4.1.77.Final\netty-handler-proxy-4.1.77.Final.jar;D:\java\apache-maven-3.9.4\mvn_repo\io\netty\netty-resolver\4.1.77.Final\netty-resolver-4.1.77.Final.jar;D:\java\apache-maven-3.9.4\mvn_repo\io\netty\netty-resolver-dns\4.1.77.Final\netty-resolver-dns-4.1.77.Final.jar;D:\java\apache-maven-3.9.4\mvn_repo\io\netty\netty-transport\4.1.77.Final\netty-transport-4.1.77.Final.jar;D:\java\apache-maven-3.9.4\mvn_repo\io\netty\netty-transport-rxtx\4.1.77.Final\netty-transport-rxtx-4.1.77.Final.jar;D:\java\apache-maven-3.9.4\mvn_repo\io\netty\netty-transport-sctp\4.1.77.Final\netty-transport-sctp-4.1.77.Final.jar;D:\java\apache-maven-3.9.4\mvn_repo\io\netty\netty-transport-udt\4.1.77.Final\netty-transport-udt-4.1.77.Final.jar;D:\java\apache-maven-3.9.4\mvn_repo\io\netty\netty-transport-classes-epoll\4.1.77.Final\netty-transport-classes-epoll-4.1.77.Final.jar;D:\java\apache-maven-3.9.4\mvn_repo\io\netty\netty-transport-native-unix-common\4.1.77.Final\netty-transport-native-unix-common-4.1.77.Final.jar;D:\java\apache-maven-3.9.4\mvn_repo\io\netty\netty-transport-classes-kqueue\4.1.77.Final\netty-transport-classes-kqueue-4.1.77.Final.jar;D:\java\apache-maven-3.9.4\mvn_repo\io\netty\netty-resolver-dns-classes-macos\4.1.77.Final\netty-resolver-dns-classes-macos-4.1.77.Final.jar;D:\java\apache-maven-3.9.4\mvn_repo\io\netty\netty-transport-native-epoll\4.1.77.Final\netty-transport-native-epoll-4.1.77.Final-linux-x86_64.jar;D:\java\apache-maven-3.9.4\mvn_repo\io\netty\netty-transport-native-epoll\4.1.77.Final\netty-transport-native-epoll-4.1.77.Final-linux-aarch_64.jar;D:\java\apache-maven-3.9.4\mvn_repo\io\netty\netty-transport-native-kqueue\4.1.77.Final\netty-transport-native-kqueue-4.1.77.Final-osx-x86_64.jar;D:\java\apache-maven-3.9.4\mvn_repo\io\netty\netty-transport-native-kqueue\4.1.77.Final\netty-transport-native-kqueue-4.1.77.Final-osx-aarch_64.jar;D:\java\apache-maven-3.9.4\mvn_repo\io\netty\netty-resolver-dns-native-macos\4.1.77.Final\netty-resolver-dns-native-macos-4.1.77.Final-osx-x86_64.jar;D:\java\apache-maven-3.9.4\mvn_repo\io\netty\netty-resolver-dns-native-macos\4.1.77.Final\netty-resolver-dns-native-macos-4.1.77.Final-osx-aarch_64.jar;D:\java\apache-maven-3.9.4\mvn_repo\com\google\code\gson\gson\2.9.0\gson-2.9.0.jar;D:\java\apache-maven-3.9.4\mvn_repo\org\yaml\snakeyaml\1.30\snakeyaml-1.30.jar;D:\java\apache-maven-3.9.4\mvn_repo\com\alibaba\fastjson\1.2.83\fastjson-1.2.83.jar;D:\java\apache-maven-3.9.4\mvn_repo\com\alibaba\nacos\nacos-client\2.1.0\nacos-client-2.1.0.jar;D:\java\apache-maven-3.9.4\mvn_repo\com\alibaba\nacos\nacos-auth-plugin\2.1.0\nacos-auth-plugin-2.1.0.jar;D:\java\apache-maven-3.9.4\mvn_repo\com\alibaba\nacos\nacos-encryption-plugin\2.1.0\nacos-encryption-plugin-2.1.0.jar;D:\java\apache-maven-3.9.4\mvn_repo\commons-codec\commons-codec\1.15\commons-codec-1.15.jar;D:\java\apache-maven-3.9.4\mvn_repo\com\fasterxml\jackson\core\jackson-core\2.13.3\jackson-core-2.13.3.jar;D:\java\apache-maven-3.9.4\mvn_repo\com\fasterxml\jackson\core\jackson-databind\2.13.3\jackson-databind-2.13.3.jar;D:\java\apache-maven-3.9.4\mvn_repo\com\fasterxml\jackson\core\jackson-annotations\2.13.3\jackson-annotations-2.13.3.jar;D:\java\apache-maven-3.9.4\mvn_repo\org\apache\httpcomponents\httpasyncclient\4.1.5\httpasyncclient-4.1.5.jar;D:\java\apache-maven-3.9.4\mvn_repo\org\apache\httpcomponents\httpcore\4.4.15\httpcore-4.4.15.jar;D:\java\apache-maven-3.9.4\mvn_repo\org\apache\httpcomponents\httpcore-nio\4.4.15\httpcore-nio-4.4.15.jar;D:\java\apache-maven-3.9.4\mvn_repo\org\apache\httpcomponents\httpclient\4.5.13\httpclient-4.5.13.jar;D:\java\apache-maven-3.9.4\mvn_repo\io\prometheus\simpleclient\0.15.0\simpleclient-0.15.0.jar;D:\java\apache-maven-3.9.4\mvn_repo\io\prometheus\simpleclient_tracer_otel\0.15.0\simpleclient_tracer_otel-0.15.0.jar;D:\java\apache-maven-3.9.4\mvn_repo\io\prometheus\simpleclient_tracer_common\0.15.0\simpleclient_tracer_common-0.15.0.jar;D:\java\apache-maven-3.9.4\mvn_repo\io\prometheus\simpleclient_tracer_otel_agent\0.15.0\simpleclient_tracer_otel_agent-0.15.0.jar;"/>
    <property name="sun.cpu.endian" value="little"/>
    <property name="user.home" value="C:\Users\chenmoys"/>
    <property name="user.language" value="zh"/>
    <property name="java.specification.vendor" value="Oracle Corporation"/>
    <property name="java.home" value="D:\java\jdk8\jre"/>
    <property name="basedir" value="D:\java\ideajava\api-gateway"/>
    <property name="file.separator" value="\"/>
    <property name="line.separator" value="&#10;"/>
    <property name="java.vm.specification.vendor" value="Oracle Corporation"/>
    <property name="java.specification.name" value="Java Platform API Specification"/>
    <property name="java.awt.graphicsenv" value="sun.awt.Win32GraphicsEnvironment"/>
    <property name="surefire.real.class.path" value="C:\Users\chenmoys\AppData\Local\Temp\surefire4265167564151146741\surefirebooter4499159700031650447.jar"/>
    <property name="sun.boot.class.path" value="D:\java\jdk8\jre\lib\resources.jar;D:\java\jdk8\jre\lib\rt.jar;D:\java\jdk8\jre\lib\sunrsasign.jar;D:\java\jdk8\jre\lib\jsse.jar;D:\java\jdk8\jre\lib\jce.jar;D:\java\jdk8\jre\lib\charsets.jar;D:\java\jdk8\jre\lib\jfr.jar;D:\java\jdk8\jre\classes"/>
    <property name="user.script" value=""/>
    <property name="sun.management.compiler" value="HotSpot 64-Bit Tiered Compilers"/>
    <property name="java.runtime.version" value="1.8.0_202-b08"/>
    <property name="user.name" value="chenmoys"/>
    <property name="path.separator" value=";"/>
    <property name="os.version" value="10.0"/>
    <property name="java.endorsed.dirs" value="D:\java\jdk8\jre\lib\endorsed"/>
    <property name="java.runtime.name" value="Java(TM) SE Runtime Environment"/>
    <property name="file.encoding" value="GBK"/>
    <property name="java.vm.name" value="Java HotSpot(TM) 64-Bit Server VM"/>
    <property name="localRepository" value="D:\java\apache-maven-3.9.4\mvn_repo"/>
    <property name="java.vendor.url.bug" value="http://bugreport.sun.com/bugreport/"/>
    <property name="java.io.tmpdir" value="C:\Users\chenmoys\AppData\Local\Temp\"/>
    <property name="idea.version" value="2023.2.2"/>
    <property name="java.version" value="1.8.0_202"/>
    <property name="user.dir" value="D:\java\ideajava\api-gateway"/>
    <property name="os.arch" value="amd64"/>
    <property name="java.vm.specification.name" value="Java Virtual Machine Specification"/>
    <property name="java.awt.printerjob" value="sun.awt.windows.WPrinterJob"/>
    <property name="sun.os.patch.level" value=""/>
    <property name="java.library.path" value="D:\java\jdk8\jre\bin;C:\WINDOWS\Sun\Java\bin;C:\WINDOWS\system32;C:\WINDOWS;C:\Program Files (x86)\Common Files\Oracle\Java\javapath;C:\Program Files (x86)\Razer Chroma SDK\bin;C:\Program Files\Razer Chroma SDK\bin;C:\Program Files (x86)\Razer\ChromaBroadcast\bin;C:\Program Files\Razer\ChromaBroadcast\bin;C:\WINDOWS\system32;C:\WINDOWS;C:\WINDOWS\System32\Wbem;C:\WINDOWS\System32\WindowsPowerShell\v1.0\;C:\WINDOWS\System32\OpenSSH\;C:\Program Files (x86)\NVIDIA Corporation\PhysX\Common;C:\Program Files\NVIDIA Corporation\NVIDIA NvDLISR;C:\WINDOWS\system32;C:\WINDOWS;C:\WINDOWS\System32\Wbem;C:\WINDOWS\System32\WindowsPowerShell\v1.0\;C:\WINDOWS\System32\OpenSSH\;C:\WINDOWS\system32\config\systemprofile\AppData\Local\Microsoft\WindowsApps;C:\Users\chenmoys\AppData\Local\Microsoft\WindowsApps;C:\Program Files\dotnet\;C:\Users\chenmoys\AppData\Local\Programs\Python\Python310\Scripts;C:\Program Files\MySQL\MySQL Server 8.0\bin;D:\java\apache-maven-3.9.4\bin;D:\java\mysql\bin;D:\java\Git\cmd;D:\java\node\;D:\java\jdk8\bin;C:\Users\chenmoys\AppData\Local\Microsoft\WindowsApps;D:\java\mysql\mysql-8.1.0-winx64\bin;C:\Users\chenmoys\AppData\Roaming\npm;."/>
    <property name="java.vm.info" value="mixed mode"/>
    <property name="java.vendor" value="Oracle Corporation"/>
    <property name="java.vm.version" value="25.202-b08"/>
    <property name="java.ext.dirs" value="D:\java\jdk8\jre\lib\ext;C:\WINDOWS\Sun\Java\lib\ext"/>
    <property name="sun.io.unicode.encoding" value="UnicodeLittle"/>
    <property name="maven.repo.local" value="D:\java\apache-maven-3.9.4\mvn_repo"/>
    <property name="java.class.version" value="52.0"/>
  </properties>
  <testcase name="contextLoads" classname="com.yupi.ApiGatewayApplicationTests" time="0.006">
    <error message="Failed to load ApplicationContext" type="java.lang.IllegalStateException"><![CDATA[java.lang.IllegalStateException: Failed to load ApplicationContext
Caused by: java.lang.IllegalStateException: Failed to check the status of the service com.yupi.service.InnerUserService. No provider available for the service com.yupi.service.InnerUserService from the url consumer://192.168.1.107/com.yupi.service.InnerUserService?application=dubbo-springboot-demo-provider&background=false&dubbo=2.0.2&interface=com.yupi.service.InnerUserService&methods=getUser&pid=19020&register.ip=192.168.1.107&release=3.0.9&revision=0.0.1-SNAPSHOT&side=consumer&sticky=false&timestamp=1697357885595 to the consumer 192.168.1.107 use dubbo version 3.0.9
]]></error>
    <system-out><![CDATA[16:17:51.054 [main] DEBUG org.springframework.test.context.BootstrapUtils - Instantiating CacheAwareContextLoaderDelegate from class [org.springframework.test.context.cache.DefaultCacheAwareContextLoaderDelegate]
16:17:51.063 [main] DEBUG org.springframework.test.context.BootstrapUtils - Instantiating BootstrapContext using constructor [public org.springframework.test.context.support.DefaultBootstrapContext(java.lang.Class,org.springframework.test.context.CacheAwareContextLoaderDelegate)]
16:17:51.090 [main] DEBUG org.springframework.test.context.BootstrapUtils - Instantiating TestContextBootstrapper for test class [com.yupi.ApiGatewayApplicationTests] from class [org.springframework.boot.test.context.SpringBootTestContextBootstrapper]
16:17:51.099 [main] INFO org.springframework.boot.test.context.SpringBootTestContextBootstrapper - Neither @ContextConfiguration nor @ContextHierarchy found for test class [com.yupi.ApiGatewayApplicationTests], using SpringBootContextLoader
16:17:51.102 [main] DEBUG org.springframework.test.context.support.AbstractContextLoader - Did not detect default resource location for test class [com.yupi.ApiGatewayApplicationTests]: class path resource [com/yupi/ApiGatewayApplicationTests-context.xml] does not exist
16:17:51.102 [main] DEBUG org.springframework.test.context.support.AbstractContextLoader - Did not detect default resource location for test class [com.yupi.ApiGatewayApplicationTests]: class path resource [com/yupi/ApiGatewayApplicationTestsContext.groovy] does not exist
16:17:51.102 [main] INFO org.springframework.test.context.support.AbstractContextLoader - Could not detect default resource locations for test class [com.yupi.ApiGatewayApplicationTests]: no resource found for suffixes {-context.xml, Context.groovy}.
16:17:51.103 [main] INFO org.springframework.test.context.support.AnnotationConfigContextLoaderUtils - Could not detect default configuration classes for test class [com.yupi.ApiGatewayApplicationTests]: ApiGatewayApplicationTests does not declare any static, non-private, non-final, nested classes annotated with @Configuration.
16:17:51.144 [main] DEBUG org.springframework.test.context.support.ActiveProfilesUtils - Could not find an 'annotation declaring class' for annotation type [org.springframework.test.context.ActiveProfiles] and class [com.yupi.ApiGatewayApplicationTests]
16:17:51.212 [main] DEBUG org.springframework.context.annotation.ClassPathScanningCandidateComponentProvider - Identified candidate component class: file [D:\java\ideajava\api-gateway\target\classes\com\yupi\ApiGatewayApplication.class]
16:17:51.230 [main] INFO org.springframework.boot.test.context.SpringBootTestContextBootstrapper - Found @SpringBootConfiguration com.yupi.ApiGatewayApplication for test class com.yupi.ApiGatewayApplicationTests
16:17:51.325 [main] DEBUG org.springframework.boot.test.context.SpringBootTestContextBootstrapper - @TestExecutionListeners is not present for class [com.yupi.ApiGatewayApplicationTests]: using defaults.
16:17:51.325 [main] INFO org.springframework.boot.test.context.SpringBootTestContextBootstrapper - Loaded default TestExecutionListener class names from location [META-INF/spring.factories]: [org.springframework.boot.test.mock.mockito.MockitoTestExecutionListener, org.springframework.boot.test.mock.mockito.ResetMocksTestExecutionListener, org.springframework.boot.test.autoconfigure.restdocs.RestDocsTestExecutionListener, org.springframework.boot.test.autoconfigure.web.client.MockRestServiceServerResetTestExecutionListener, org.springframework.boot.test.autoconfigure.web.servlet.MockMvcPrintOnlyOnFailureTestExecutionListener, org.springframework.boot.test.autoconfigure.web.servlet.WebDriverTestExecutionListener, org.springframework.boot.test.autoconfigure.webservices.client.MockWebServiceServerTestExecutionListener, org.springframework.test.context.web.ServletTestExecutionListener, org.springframework.test.context.support.DirtiesContextBeforeModesTestExecutionListener, org.springframework.test.context.event.ApplicationEventsTestExecutionListener, org.springframework.test.context.support.DependencyInjectionTestExecutionListener, org.springframework.test.context.support.DirtiesContextTestExecutionListener, org.springframework.test.context.transaction.TransactionalTestExecutionListener, org.springframework.test.context.jdbc.SqlScriptsTestExecutionListener, org.springframework.test.context.event.EventPublishingTestExecutionListener]
16:17:51.331 [main] DEBUG org.springframework.boot.test.context.SpringBootTestContextBootstrapper - Skipping candidate TestExecutionListener [org.springframework.test.context.web.ServletTestExecutionListener] due to a missing dependency. Specify custom listener classes or make the default listener classes and their required dependencies available. Offending class: [javax/servlet/ServletContext]
16:17:51.337 [main] INFO org.springframework.boot.test.context.SpringBootTestContextBootstrapper - Using TestExecutionListeners: [org.springframework.test.context.support.DirtiesContextBeforeModesTestExecutionListener@782859e, org.springframework.test.context.event.ApplicationEventsTestExecutionListener@23f5b5dc, org.springframework.boot.test.mock.mockito.MockitoTestExecutionListener@34bde49d, org.springframework.boot.test.autoconfigure.SpringBootDependencyInjectionTestExecutionListener@1b1cfb87, org.springframework.test.context.support.DirtiesContextTestExecutionListener@821330f, org.springframework.test.context.transaction.TransactionalTestExecutionListener@6f43c82, org.springframework.test.context.jdbc.SqlScriptsTestExecutionListener@5db6b9cd, org.springframework.test.context.event.EventPublishingTestExecutionListener@210ab13f, org.springframework.boot.test.mock.mockito.ResetMocksTestExecutionListener@20b2475a, org.springframework.boot.test.autoconfigure.restdocs.RestDocsTestExecutionListener@7857fe2, org.springframework.boot.test.autoconfigure.web.client.MockRestServiceServerResetTestExecutionListener@6f15d60e, org.springframework.boot.test.autoconfigure.web.servlet.MockMvcPrintOnlyOnFailureTestExecutionListener@1be2019a, org.springframework.boot.test.autoconfigure.web.servlet.WebDriverTestExecutionListener@29d80d2b, org.springframework.boot.test.autoconfigure.webservices.client.MockWebServiceServerTestExecutionListener@58e1d9d]
16:17:51.340 [main] DEBUG org.springframework.test.context.support.AbstractDirtiesContextTestExecutionListener - Before test class: context [DefaultTestContext@1807f5a7 testClass = ApiGatewayApplicationTests, testInstance = [null], testMethod = [null], testException = [null], mergedContextConfiguration = [ReactiveWebMergedContextConfiguration@1b919693 testClass = ApiGatewayApplicationTests, locations = '{}', classes = '{class com.yupi.ApiGatewayApplication}', contextInitializerClasses = '[]', activeProfiles = '{}', propertySourceLocations = '{}', propertySourceProperties = '{org.springframework.boot.test.context.SpringBootTestContextBootstrapper=true}', contextCustomizers = set[org.springframework.boot.test.context.filter.ExcludeFilterContextCustomizer@4c583ecf, org.springframework.boot.test.json.DuplicateJsonObjectContextCustomizerFactory$DuplicateJsonObjectContextCustomizer@1aafa419, org.springframework.boot.test.mock.mockito.MockitoContextCustomizer@0, org.springframework.boot.test.web.client.TestRestTemplateContextCustomizer@2d3379b4, org.springframework.boot.test.web.reactive.server.WebTestClientContextCustomizer@6771beb3, org.springframework.boot.test.autoconfigure.actuate.metrics.MetricsExportContextCustomizerFactory$DisableMetricExportContextCustomizer@13c9d689, org.springframework.boot.test.autoconfigure.properties.PropertyMappingContextCustomizer@0, org.springframework.boot.test.autoconfigure.web.servlet.WebDriverContextCustomizerFactory$Customizer@327514f, org.springframework.boot.test.context.SpringBootTestArgs@1, org.springframework.boot.test.context.SpringBootTestWebEnvironment@5702b3b1], contextLoader = 'org.springframework.boot.test.context.SpringBootContextLoader', parent = [null]], attributes = map[[empty]]], class annotated with @DirtiesContext [false] with mode [null].
16:17:51.349 [main] DEBUG org.springframework.test.context.support.DependencyInjectionTestExecutionListener - Performing dependency injection for test context [[DefaultTestContext@1807f5a7 testClass = ApiGatewayApplicationTests, testInstance = com.yupi.ApiGatewayApplicationTests@415b0b49, testMethod = [null], testException = [null], mergedContextConfiguration = [ReactiveWebMergedContextConfiguration@1b919693 testClass = ApiGatewayApplicationTests, locations = '{}', classes = '{class com.yupi.ApiGatewayApplication}', contextInitializerClasses = '[]', activeProfiles = '{}', propertySourceLocations = '{}', propertySourceProperties = '{org.springframework.boot.test.context.SpringBootTestContextBootstrapper=true}', contextCustomizers = set[org.springframework.boot.test.context.filter.ExcludeFilterContextCustomizer@4c583ecf, org.springframework.boot.test.json.DuplicateJsonObjectContextCustomizerFactory$DuplicateJsonObjectContextCustomizer@1aafa419, org.springframework.boot.test.mock.mockito.MockitoContextCustomizer@0, org.springframework.boot.test.web.client.TestRestTemplateContextCustomizer@2d3379b4, org.springframework.boot.test.web.reactive.server.WebTestClientContextCustomizer@6771beb3, org.springframework.boot.test.autoconfigure.actuate.metrics.MetricsExportContextCustomizerFactory$DisableMetricExportContextCustomizer@13c9d689, org.springframework.boot.test.autoconfigure.properties.PropertyMappingContextCustomizer@0, org.springframework.boot.test.autoconfigure.web.servlet.WebDriverContextCustomizerFactory$Customizer@327514f, org.springframework.boot.test.context.SpringBootTestArgs@1, org.springframework.boot.test.context.SpringBootTestWebEnvironment@5702b3b1], contextLoader = 'org.springframework.boot.test.context.SpringBootContextLoader', parent = [null]], attributes = map['org.springframework.test.context.event.ApplicationEventsTestExecutionListener.recordApplicationEvents' -> false]]].

  .   ____          _            __ _ _
 /\\ / ___'_ __ _ _(_)_ __  __ _ \ \ \ \
( ( )\___ | '_ | '_| | '_ \/ _` | \ \ \ \
 \\/  ___)| |_)| | | | | || (_| |  ) ) ) )
  '  |____| .__|_| |_|_| |_\__, | / / / /
 =========|_|==============|___/=/_/_/_/
 :: Spring Boot ::                (v2.7.0)

2023-10-15 16:17:51.783  INFO 19020 --- [           main] com.yupi.ApiGatewayApplicationTests      : Starting ApiGatewayApplicationTests using Java 1.8.0_202 on DESKTOP-2TQTHC0 with PID 19020 (started by chenmoys in D:\java\ideajava\api-gateway)
2023-10-15 16:17:51.784  INFO 19020 --- [           main] com.yupi.ApiGatewayApplicationTests      : No active profile set, falling back to 1 default profile: "default"
2023-10-15 16:17:52.364  INFO 19020 --- [           main] o.apache.dubbo.rpc.model.FrameworkModel  :  [DUBBO] Reset global default framework from null to Dubbo Framework[1], dubbo version: 3.0.9, current host: 192.168.1.107
2023-10-15 16:17:52.364  INFO 19020 --- [           main] o.apache.dubbo.rpc.model.FrameworkModel  :  [DUBBO] Dubbo Framework[1] is created, dubbo version: 3.0.9, current host: 192.168.1.107
2023-10-15 16:17:52.394  INFO 19020 --- [           main] o.a.dubbo.rpc.model.ApplicationModel     :  [DUBBO] Dubbo Application[1.0](unknown) is created, dubbo version: 3.0.9, current host: 192.168.1.107
2023-10-15 16:17:52.395  INFO 19020 --- [           main] org.apache.dubbo.rpc.model.ScopeModel    :  [DUBBO] Dubbo Module[1.0.0] is created, dubbo version: 3.0.9, current host: 192.168.1.107
2023-10-15 16:17:52.419  INFO 19020 --- [           main] o.a.d.c.context.AbstractConfigManager    :  [DUBBO] Config settings: {dubbo.config.mode=STRICT, dubbo.config.ignore-duplicated-interface=false}, dubbo version: 3.0.9, current host: 192.168.1.107
2023-10-15 16:17:52.419  INFO 19020 --- [           main] o.a.d.c.context.AbstractConfigManager    :  [DUBBO] Config settings: {dubbo.config.mode=STRICT, dubbo.config.ignore-duplicated-interface=false}, dubbo version: 3.0.9, current host: 192.168.1.107
2023-10-15 16:17:52.462  INFO 19020 --- [           main] o.apache.dubbo.rpc.model.FrameworkModel  :  [DUBBO] Reset global default application from null to Dubbo Application[1.1](unknown), dubbo version: 3.0.9, current host: 192.168.1.107
2023-10-15 16:17:52.462  INFO 19020 --- [           main] o.a.dubbo.rpc.model.ApplicationModel     :  [DUBBO] Dubbo Application[1.1](unknown) is created, dubbo version: 3.0.9, current host: 192.168.1.107
2023-10-15 16:17:52.462  INFO 19020 --- [           main] org.apache.dubbo.rpc.model.ScopeModel    :  [DUBBO] Dubbo Module[1.1.0] is created, dubbo version: 3.0.9, current host: 192.168.1.107
2023-10-15 16:17:52.466  INFO 19020 --- [           main] o.a.d.c.context.AbstractConfigManager    :  [DUBBO] Config settings: {dubbo.config.mode=STRICT, dubbo.config.ignore-duplicated-interface=false}, dubbo version: 3.0.9, current host: 192.168.1.107
2023-10-15 16:17:52.467  INFO 19020 --- [           main] o.a.d.c.context.AbstractConfigManager    :  [DUBBO] Config settings: {dubbo.config.mode=STRICT, dubbo.config.ignore-duplicated-interface=false}, dubbo version: 3.0.9, current host: 192.168.1.107
2023-10-15 16:17:52.475  INFO 19020 --- [           main] o.a.d.c.s.c.DubboSpringInitializer       :  [DUBBO] Use default application: Dubbo Application[1.1](unknown), dubbo version: 3.0.9, current host: 192.168.1.107
2023-10-15 16:17:52.475  INFO 19020 --- [           main] org.apache.dubbo.rpc.model.ScopeModel    :  [DUBBO] Dubbo Module[1.1.1] is created, dubbo version: 3.0.9, current host: 192.168.1.107
2023-10-15 16:17:52.478  INFO 19020 --- [           main] o.a.d.c.context.AbstractConfigManager    :  [DUBBO] Config settings: {dubbo.config.mode=STRICT, dubbo.config.ignore-duplicated-interface=false}, dubbo version: 3.0.9, current host: 192.168.1.107
2023-10-15 16:17:52.481  INFO 19020 --- [           main] o.a.d.c.s.c.DubboSpringInitializer       :  [DUBBO] Use default module model of target application: Dubbo Module[1.1.1], dubbo version: 3.0.9, current host: 192.168.1.107
2023-10-15 16:17:52.481  INFO 19020 --- [           main] o.a.d.c.s.c.DubboSpringInitializer       :  [DUBBO] Bind Dubbo Module[1.1.1] to spring container: org.springframework.beans.factory.support.DefaultListableBeanFactory@e260766, dubbo version: 3.0.9, current host: 192.168.1.107
2023-10-15 16:17:52.693  INFO 19020 --- [           main] c.s.b.f.a.ServiceAnnotationPostProcessor :  [DUBBO] BeanNameGenerator bean can't be found in BeanFactory with name [org.springframework.context.annotation.internalConfigurationBeanNameGenerator], dubbo version: 3.0.9, current host: 192.168.1.107
2023-10-15 16:17:52.693  INFO 19020 --- [           main] c.s.b.f.a.ServiceAnnotationPostProcessor :  [DUBBO] BeanNameGenerator will be a instance of org.springframework.context.annotation.AnnotationBeanNameGenerator , it maybe a potential problem on bean name generation., dubbo version: 3.0.9, current host: 192.168.1.107
2023-10-15 16:17:52.695  WARN 19020 --- [           main] c.s.b.f.a.ServiceAnnotationPostProcessor :  [DUBBO] No class annotated by Dubbo @Service was found under package [com.yupi], ignore re-scanned classes: 0, dubbo version: 3.0.9, current host: 192.168.1.107
2023-10-15 16:17:52.751  INFO 19020 --- [           main] o.s.cloud.context.scope.GenericScope     : BeanFactory id=5b339031-ae4a-3aae-baec-126ea8efe48c
2023-10-15 16:17:52.811  INFO 19020 --- [           main] f.a.ReferenceAnnotationBeanPostProcessor : Register dubbo reference bean: innerUserInterfaceInfoService = ReferenceBean:com.yupi.service.InnerUserInterfaceInfoService() at private com.yupi.service.InnerUserInterfaceInfoService com.yupi.CustomGlobalFilter.innerUserInterfaceInfoService
2023-10-15 16:17:52.811  INFO 19020 --- [           main] f.a.ReferenceAnnotationBeanPostProcessor : Register dubbo reference bean: innerUserService = ReferenceBean:com.yupi.service.InnerUserService() at private com.yupi.service.InnerUserService com.yupi.CustomGlobalFilter.innerUserService
2023-10-15 16:17:52.811  INFO 19020 --- [           main] f.a.ReferenceAnnotationBeanPostProcessor : Register dubbo reference bean: interfaceInfoService = ReferenceBean:com.yupi.service.InnerInterfaceInfoService() at private com.yupi.service.InnerInterfaceInfoService com.yupi.CustomGlobalFilter.interfaceInfoService
2023-10-15 16:17:53.010  INFO 19020 --- [           main] f.a.ReferenceAnnotationBeanPostProcessor : class org.apache.dubbo.config.spring.beans.factory.annotation.ReferenceAnnotationBeanPostProcessor was destroying!
2023-10-15 16:17:53.138  INFO 19020 --- [           main] o.a.d.c.s.c.DubboConfigBeanInitializer   : loading dubbo config beans ...
2023-10-15 16:17:53.142  INFO 19020 --- [           main] o.a.d.c.s.c.DubboConfigBeanInitializer   : dubbo config beans are loaded.
2023-10-15 16:17:53.177  INFO 19020 --- [           main] o.a.d.c.d.DefaultApplicationDeployer     :  [DUBBO] No value is configured in the registry, the DynamicConfigurationFactory extension[name : nacos] supports as the config center, dubbo version: 3.0.9, current host: 192.168.1.107
2023-10-15 16:17:53.177  INFO 19020 --- [           main] o.a.d.c.d.DefaultApplicationDeployer     :  [DUBBO] The registry[<dubbo:registry id="nacos-registry" address="nacos://localhost:8848" protocol="nacos" port="8848" />] will be used as the config center, dubbo version: 3.0.9, current host: 192.168.1.107
2023-10-15 16:17:53.181  INFO 19020 --- [           main] o.a.d.c.d.DefaultApplicationDeployer     :  [DUBBO] use registry as config-center: <dubbo:config-center highestPriority="false" id="config-center-nacos-localhost-8848" address="nacos://localhost:8848" protocol="nacos" port="8848" />, dubbo version: 3.0.9, current host: 192.168.1.107
2023-10-15 16:17:53.369  INFO 19020 --- [           main] c.a.n.p.a.s.c.ClientAuthPluginManager    : [ClientAuthPluginManager] Load ClientAuthService com.alibaba.nacos.client.auth.impl.NacosClientAuthServiceImpl success.
2023-10-15 16:17:53.369  INFO 19020 --- [           main] c.a.n.p.a.s.c.ClientAuthPluginManager    : [ClientAuthPluginManager] Load ClientAuthService com.alibaba.nacos.client.auth.ram.RamClientAuthServiceImpl success.
2023-10-15 16:18:03.642  WARN 19020 --- [           main] o.a.d.common.config.ConfigurationUtils   :  [DUBBO] Config center was specified, but no config item found., dubbo version: 3.0.9, current host: 192.168.1.107
2023-10-15 16:18:03.642  WARN 19020 --- [           main] o.a.d.common.config.ConfigurationUtils   :  [DUBBO] Config center was specified, but no config item found., dubbo version: 3.0.9, current host: 192.168.1.107
2023-10-15 16:18:03.671  INFO 19020 --- [           main] o.a.d.c.deploy.DefaultModuleDeployer     :  [DUBBO] Dubbo Module[1.1.0] has been initialized!, dubbo version: 3.0.9, current host: 192.168.1.107
2023-10-15 16:18:03.674  INFO 19020 --- [           main] o.a.d.c.deploy.DefaultModuleDeployer     :  [DUBBO] Dubbo Module[1.1.1] has been initialized!, dubbo version: 3.0.9, current host: 192.168.1.107
2023-10-15 16:18:03.678  INFO 19020 --- [           main] o.a.d.c.d.DefaultApplicationDeployer     :  [DUBBO] No value is configured in the registry, the MetadataReportFactory extension[name : nacos] supports as the metadata center, dubbo version: 3.0.9, current host: 192.168.1.107
2023-10-15 16:18:03.678  INFO 19020 --- [           main] o.a.d.c.d.DefaultApplicationDeployer     :  [DUBBO] The registry[<dubbo:registry id="nacos-registry" address="nacos://localhost:8848" protocol="nacos" port="8848" />] will be used as the metadata center, dubbo version: 3.0.9, current host: 192.168.1.107
2023-10-15 16:18:03.681  INFO 19020 --- [           main] o.a.d.c.d.DefaultApplicationDeployer     :  [DUBBO] use registry as metadata-center: <dubbo:metadata-report id="nacos-registry" address="nacos://localhost:8848" protocol="nacos" port="8848" />, dubbo version: 3.0.9, current host: 192.168.1.107
2023-10-15 16:18:03.771  INFO 19020 --- [           main] c.a.n.p.a.s.c.ClientAuthPluginManager    : [ClientAuthPluginManager] Load ClientAuthService com.alibaba.nacos.client.auth.impl.NacosClientAuthServiceImpl success.
2023-10-15 16:18:03.771  INFO 19020 --- [           main] c.a.n.p.a.s.c.ClientAuthPluginManager    : [ClientAuthPluginManager] Load ClientAuthService com.alibaba.nacos.client.auth.ram.RamClientAuthServiceImpl success.
2023-10-15 16:18:03.772  INFO 19020 --- [           main] o.a.d.c.d.DefaultApplicationDeployer     :  [DUBBO] Dubbo Application[1.1](dubbo-springboot-demo-provider) has been initialized!, dubbo version: 3.0.9, current host: 192.168.1.107
2023-10-15 16:18:03.843  INFO 19020 --- [           main] o.a.d.c.s.reference.ReferenceCreator     : The configBean[type:ReferenceConfig] has been built.
2023-10-15 16:18:03.847  INFO 19020 --- [           main] o.a.d.c.s.reference.ReferenceCreator     : The configBean[type:ReferenceConfig] has been built.
2023-10-15 16:18:03.850  INFO 19020 --- [           main] o.a.d.c.s.reference.ReferenceCreator     : The configBean[type:ReferenceConfig] has been built.
2023-10-15 16:18:04.735  INFO 19020 --- [           main] o.s.c.g.r.RouteDefinitionRouteLocator    : Loaded RoutePredicateFactory [After]
2023-10-15 16:18:04.735  INFO 19020 --- [           main] o.s.c.g.r.RouteDefinitionRouteLocator    : Loaded RoutePredicateFactory [Before]
2023-10-15 16:18:04.735  INFO 19020 --- [           main] o.s.c.g.r.RouteDefinitionRouteLocator    : Loaded RoutePredicateFactory [Between]
2023-10-15 16:18:04.735  INFO 19020 --- [           main] o.s.c.g.r.RouteDefinitionRouteLocator    : Loaded RoutePredicateFactory [Cookie]
2023-10-15 16:18:04.735  INFO 19020 --- [           main] o.s.c.g.r.RouteDefinitionRouteLocator    : Loaded RoutePredicateFactory [Header]
2023-10-15 16:18:04.735  INFO 19020 --- [           main] o.s.c.g.r.RouteDefinitionRouteLocator    : Loaded RoutePredicateFactory [Host]
2023-10-15 16:18:04.735  INFO 19020 --- [           main] o.s.c.g.r.RouteDefinitionRouteLocator    : Loaded RoutePredicateFactory [Method]
2023-10-15 16:18:04.735  INFO 19020 --- [           main] o.s.c.g.r.RouteDefinitionRouteLocator    : Loaded RoutePredicateFactory [Path]
2023-10-15 16:18:04.735  INFO 19020 --- [           main] o.s.c.g.r.RouteDefinitionRouteLocator    : Loaded RoutePredicateFactory [Query]
2023-10-15 16:18:04.736  INFO 19020 --- [           main] o.s.c.g.r.RouteDefinitionRouteLocator    : Loaded RoutePredicateFactory [ReadBody]
2023-10-15 16:18:04.736  INFO 19020 --- [           main] o.s.c.g.r.RouteDefinitionRouteLocator    : Loaded RoutePredicateFactory [RemoteAddr]
2023-10-15 16:18:04.736  INFO 19020 --- [           main] o.s.c.g.r.RouteDefinitionRouteLocator    : Loaded RoutePredicateFactory [XForwardedRemoteAddr]
2023-10-15 16:18:04.736  INFO 19020 --- [           main] o.s.c.g.r.RouteDefinitionRouteLocator    : Loaded RoutePredicateFactory [Weight]
2023-10-15 16:18:04.736  INFO 19020 --- [           main] o.s.c.g.r.RouteDefinitionRouteLocator    : Loaded RoutePredicateFactory [CloudFoundryRouteService]
2023-10-15 16:18:05.585  INFO 19020 --- [           main] o.a.d.c.deploy.DefaultModuleDeployer     :  [DUBBO] Dubbo Module[1.1.1] is starting., dubbo version: 3.0.9, current host: 192.168.1.107
2023-10-15 16:18:05.586  INFO 19020 --- [           main] o.a.d.c.d.DefaultApplicationDeployer     :  [DUBBO] Dubbo Application[1.1](dubbo-springboot-demo-provider) is starting., dubbo version: 3.0.9, current host: 192.168.1.107
2023-10-15 16:18:05.586  INFO 19020 --- [           main] o.a.d.c.deploy.DefaultModuleDeployer     :  [DUBBO] Dubbo Module[1.1.0] is starting., dubbo version: 3.0.9, current host: 192.168.1.107
2023-10-15 16:18:05.586  INFO 19020 --- [           main] o.a.d.c.deploy.DefaultModuleDeployer     :  [DUBBO] Dubbo Module[1.1.0] has started., dubbo version: 3.0.9, current host: 192.168.1.107
2023-10-15 16:18:05.608  INFO 19020 --- [           main] o.a.dubbo.metadata.MappingCacheManager   :  [DUBBO] Successfully loaded mapping cache from file .mapping, entries 3, dubbo version: 3.0.9, current host: 192.168.1.107
2023-10-15 16:18:05.669  INFO 19020 --- [           main] o.a.d.r.c.m.MetadataServiceNameMapping   :  [DUBBO] com.yupi.service.InnerUserService mapping to null instructed by local cache., dubbo version: 3.0.9, current host: 192.168.1.107
2023-10-15 16:18:05.905  INFO 19020 --- [           main] org.apache.dubbo.qos.server.Server       :  [DUBBO] qos-server bind localhost:22222, dubbo version: 3.0.9, current host: 192.168.1.107
2023-10-15 16:18:06.050  INFO 19020 --- [           main] c.a.n.p.a.s.c.ClientAuthPluginManager    : [ClientAuthPluginManager] Load ClientAuthService com.alibaba.nacos.client.auth.impl.NacosClientAuthServiceImpl success.
2023-10-15 16:18:06.050  INFO 19020 --- [           main] c.a.n.p.a.s.c.ClientAuthPluginManager    : [ClientAuthPluginManager] Load ClientAuthService com.alibaba.nacos.client.auth.ram.RamClientAuthServiceImpl success.
2023-10-15 16:18:15.092  INFO 19020 --- [           main] o.a.dubbo.registry.nacos.NacosRegistry   :  [DUBBO] Loaded registry cache file C:\Users\chenmoys\.dubbo\dubbo-registry-dubbo-springboot-demo-provider-localhost-8848.cache, dubbo version: 3.0.9, current host: 192.168.1.107
2023-10-15 16:18:15.105  INFO 19020 --- [           main] o.a.d.r.c.m.MigrationRuleListener        :  [DUBBO] Listening for migration rules on dataId dubbo-springboot-demo-provider.migration, group DUBBO_SERVICEDISCOVERY_MIGRATION, dubbo version: 3.0.9, current host: 192.168.1.107
2023-10-15 16:18:16.448  INFO 19020 --- [           main] o.a.dubbo.registry.nacos.NacosRegistry   :  [DUBBO] Please set 'dubbo.registry.parameters.register-consumer-url=true' to turn on consumer url registration., dubbo version: 3.0.9, current host: 192.168.1.107
2023-10-15 16:18:17.131  INFO 19020 --- [           main] o.a.dubbo.registry.nacos.NacosRegistry   :  [DUBBO] Subscribe: consumer://192.168.1.107/com.yupi.service.InnerUserService?application=dubbo-springboot-demo-provider&background=false&category=providers,configurators,routers&dubbo=2.0.2&interface=com.yupi.service.InnerUserService&methods=getUser&pid=19020&release=3.0.9&revision=0.0.1-SNAPSHOT&side=consumer&sticky=false&timestamp=1697357885595, dubbo version: 3.0.9, current host: 192.168.1.107
2023-10-15 16:18:17.461  INFO 19020 --- [           main] o.a.dubbo.registry.nacos.NacosRegistry   :  [DUBBO] Notify urls for subscribe url consumer://192.168.1.107/com.yupi.service.InnerUserService?application=dubbo-springboot-demo-provider&background=false&category=providers,configurators,routers&dubbo=2.0.2&interface=com.yupi.service.InnerUserService&methods=getUser&pid=19020&release=3.0.9&revision=0.0.1-SNAPSHOT&side=consumer&sticky=false&timestamp=1697357885595, url size: 1, dubbo version: 3.0.9, current host: 192.168.1.107
2023-10-15 16:18:19.561  WARN 19020 --- [           main] o.a.d.remoting.transport.AbstractClient  :  [DUBBO] Failed to start NettyClient /192.168.1.107 connect to the server /192.168.1.107:20880 (check == false, ignore and retry later!), cause: client(url: dubbo://192.168.1.107:20880/com.yupi.service.InnerUserService?anyhost=true&application=dubbo-springboot-demo-provider&background=false&category=providers&check=false&codec=dubbo&deprecated=false&dubbo=2.0.2&dynamic=true&generic=false&heartbeat=60000&interface=com.yupi.service.InnerUserService&methods=getUser&path=com.yupi.service.InnerUserService&pid=19020&protocol=dubbo&register.ip=192.168.1.107&release=3.0.9&remote.application=dubbo-springboot-demo-provider&revision=0.0.1-SNAPSHOT&service-name-mapping=true&side=consumer&sticky=false&timestamp=1697108257296) failed to connect to server /192.168.1.107:20880, error message is:Connection refused: no further information: /192.168.1.107:20880, dubbo version: 3.0.9, current host: 192.168.1.107

org.apache.dubbo.remoting.RemotingException: client(url: dubbo://192.168.1.107:20880/com.yupi.service.InnerUserService?anyhost=true&application=dubbo-springboot-demo-provider&background=false&category=providers&check=false&codec=dubbo&deprecated=false&dubbo=2.0.2&dynamic=true&generic=false&heartbeat=60000&interface=com.yupi.service.InnerUserService&methods=getUser&path=com.yupi.service.InnerUserService&pid=19020&protocol=dubbo&register.ip=192.168.1.107&release=3.0.9&remote.application=dubbo-springboot-demo-provider&revision=0.0.1-SNAPSHOT&service-name-mapping=true&side=consumer&sticky=false&timestamp=1697108257296) failed to connect to server /192.168.1.107:20880, error message is:Connection refused: no further information: /192.168.1.107:20880
	at org.apache.dubbo.remoting.transport.netty4.NettyClient.doConnect(NettyClient.java:192) [dubbo-3.0.9.jar:3.0.9]
	at org.apache.dubbo.remoting.transport.AbstractClient.connect(AbstractClient.java:214) ~[dubbo-3.0.9.jar:3.0.9]
	at org.apache.dubbo.remoting.transport.AbstractClient.<init>(AbstractClient.java:74) ~[dubbo-3.0.9.jar:3.0.9]
	at org.apache.dubbo.remoting.transport.netty4.NettyClient.<init>(NettyClient.java:89) [dubbo-3.0.9.jar:3.0.9]
	at org.apache.dubbo.remoting.transport.netty4.NettyTransporter.connect(NettyTransporter.java:40) [dubbo-3.0.9.jar:3.0.9]
	at org.apache.dubbo.remoting.Transporter$Adaptive.connect(Transporter$Adaptive.java) [dubbo-3.0.9.jar:3.0.9]
	at org.apache.dubbo.remoting.Transporters.connect(Transporters.java:74) [dubbo-3.0.9.jar:3.0.9]
	at org.apache.dubbo.remoting.exchange.support.header.HeaderExchanger.connect(HeaderExchanger.java:39) [dubbo-3.0.9.jar:3.0.9]
	at org.apache.dubbo.remoting.exchange.Exchangers.connect(Exchangers.java:107) [dubbo-3.0.9.jar:3.0.9]
	at org.apache.dubbo.rpc.protocol.dubbo.DubboProtocol.initClient(DubboProtocol.java:628) [dubbo-3.0.9.jar:3.0.9]
	at org.apache.dubbo.rpc.protocol.dubbo.DubboProtocol.buildReferenceCountExchangeClient(DubboProtocol.java:589) [dubbo-3.0.9.jar:3.0.9]
	at org.apache.dubbo.rpc.protocol.dubbo.DubboProtocol.buildReferenceCountExchangeClientList(DubboProtocol.java:576) [dubbo-3.0.9.jar:3.0.9]
	at org.apache.dubbo.rpc.protocol.dubbo.DubboProtocol.getSharedClient(DubboProtocol.java:501) [dubbo-3.0.9.jar:3.0.9]
	at org.apache.dubbo.rpc.protocol.dubbo.DubboProtocol.getClients(DubboProtocol.java:433) [dubbo-3.0.9.jar:3.0.9]
	at org.apache.dubbo.rpc.protocol.dubbo.DubboProtocol.protocolBindingRefer(DubboProtocol.java:410) [dubbo-3.0.9.jar:3.0.9]
	at org.apache.dubbo.rpc.protocol.dubbo.DubboProtocol.refer(DubboProtocol.java:401) [dubbo-3.0.9.jar:3.0.9]
	at org.apache.dubbo.qos.protocol.QosProtocolWrapper.refer(QosProtocolWrapper.java:85) [dubbo-3.0.9.jar:3.0.9]
	at org.apache.dubbo.rpc.protocol.ProtocolListenerWrapper.refer(ProtocolListenerWrapper.java:77) [dubbo-3.0.9.jar:3.0.9]
	at org.apache.dubbo.rpc.cluster.filter.ProtocolFilterWrapper.refer(ProtocolFilterWrapper.java:74) [dubbo-3.0.9.jar:3.0.9]
	at org.apache.dubbo.rpc.protocol.ProtocolSerializationWrapper.refer(ProtocolSerializationWrapper.java:52) [dubbo-3.0.9.jar:3.0.9]
	at org.apache.dubbo.rpc.Protocol$Adaptive.refer(Protocol$Adaptive.java) [dubbo-3.0.9.jar:3.0.9]
	at org.apache.dubbo.registry.integration.RegistryDirectory.toInvokers(RegistryDirectory.java:371) [dubbo-3.0.9.jar:3.0.9]
	at org.apache.dubbo.registry.integration.RegistryDirectory.refreshInvoker(RegistryDirectory.java:231) [dubbo-3.0.9.jar:3.0.9]
	at org.apache.dubbo.registry.integration.RegistryDirectory.refreshOverrideAndInvoker(RegistryDirectory.java:178) [dubbo-3.0.9.jar:3.0.9]
	at org.apache.dubbo.registry.integration.RegistryDirectory.notify(RegistryDirectory.java:156) [dubbo-3.0.9.jar:3.0.9]
	at org.apache.dubbo.registry.support.AbstractRegistry.notify(AbstractRegistry.java:473) [dubbo-3.0.9.jar:3.0.9]
	at org.apache.dubbo.registry.support.FailbackRegistry.doNotify(FailbackRegistry.java:370) [dubbo-3.0.9.jar:3.0.9]
	at org.apache.dubbo.registry.support.FailbackRegistry.notify(FailbackRegistry.java:362) [dubbo-3.0.9.jar:3.0.9]
	at org.apache.dubbo.registry.support.FailbackRegistry.subscribe(FailbackRegistry.java:303) [dubbo-3.0.9.jar:3.0.9]
	at org.apache.dubbo.registry.ListenerRegistryWrapper.subscribe(ListenerRegistryWrapper.java:111) [dubbo-3.0.9.jar:3.0.9]
	at org.apache.dubbo.registry.integration.DynamicDirectory.subscribe(DynamicDirectory.java:180) [dubbo-3.0.9.jar:3.0.9]
	at org.apache.dubbo.registry.integration.RegistryDirectory.subscribe(RegistryDirectory.java:110) [dubbo-3.0.9.jar:3.0.9]
	at org.apache.dubbo.registry.integration.RegistryProtocol.doCreateInvoker(RegistryProtocol.java:570) [dubbo-3.0.9.jar:3.0.9]
	at org.apache.dubbo.registry.integration.InterfaceCompatibleRegistryProtocol.getInvoker(InterfaceCompatibleRegistryProtocol.java:58) [dubbo-3.0.9.jar:3.0.9]
	at org.apache.dubbo.registry.client.migration.MigrationInvoker.refreshInterfaceInvoker(MigrationInvoker.java:460) [dubbo-3.0.9.jar:3.0.9]
	at org.apache.dubbo.registry.client.migration.MigrationInvoker.migrateToApplicationFirstInvoker(MigrationInvoker.java:243) [dubbo-3.0.9.jar:3.0.9]
	at org.apache.dubbo.registry.client.migration.MigrationRuleHandler.refreshInvoker(MigrationRuleHandler.java:73) [dubbo-3.0.9.jar:3.0.9]
	at org.apache.dubbo.registry.client.migration.MigrationRuleHandler.doMigrate(MigrationRuleHandler.java:57) [dubbo-3.0.9.jar:3.0.9]
	at org.apache.dubbo.registry.client.migration.MigrationRuleListener.onRefer(MigrationRuleListener.java:243) [dubbo-3.0.9.jar:3.0.9]
	at org.apache.dubbo.registry.integration.RegistryProtocol.interceptInvoker(RegistryProtocol.java:535) [dubbo-3.0.9.jar:3.0.9]
	at org.apache.dubbo.registry.integration.RegistryProtocol.doRefer(RegistryProtocol.java:505) [dubbo-3.0.9.jar:3.0.9]
	at org.apache.dubbo.registry.integration.RegistryProtocol.refer(RegistryProtocol.java:487) [dubbo-3.0.9.jar:3.0.9]
	at org.apache.dubbo.qos.protocol.QosProtocolWrapper.refer(QosProtocolWrapper.java:83) [dubbo-3.0.9.jar:3.0.9]
	at org.apache.dubbo.rpc.protocol.ProtocolListenerWrapper.refer(ProtocolListenerWrapper.java:74) [dubbo-3.0.9.jar:3.0.9]
	at org.apache.dubbo.rpc.cluster.filter.ProtocolFilterWrapper.refer(ProtocolFilterWrapper.java:71) [dubbo-3.0.9.jar:3.0.9]
	at org.apache.dubbo.rpc.protocol.ProtocolSerializationWrapper.refer(ProtocolSerializationWrapper.java:52) [dubbo-3.0.9.jar:3.0.9]
	at org.apache.dubbo.rpc.Protocol$Adaptive.refer(Protocol$Adaptive.java) [dubbo-3.0.9.jar:3.0.9]
	at org.apache.dubbo.config.ReferenceConfig.createInvokerForRemote(ReferenceConfig.java:494) [dubbo-3.0.9.jar:3.0.9]
	at org.apache.dubbo.config.ReferenceConfig.createProxy(ReferenceConfig.java:397) [dubbo-3.0.9.jar:3.0.9]
	at org.apache.dubbo.config.ReferenceConfig.init(ReferenceConfig.java:285) [dubbo-3.0.9.jar:3.0.9]
	at org.apache.dubbo.config.ReferenceConfig.get(ReferenceConfig.java:219) [dubbo-3.0.9.jar:3.0.9]
	at org.apache.dubbo.config.utils.SimpleReferenceCache.get(SimpleReferenceCache.java:129) [dubbo-3.0.9.jar:3.0.9]
	at org.apache.dubbo.config.deploy.DefaultModuleDeployer.lambda$referServices$6(DefaultModuleDeployer.java:387) [dubbo-3.0.9.jar:3.0.9]
	at java.util.concurrent.ConcurrentHashMap$ValuesView.forEach(ConcurrentHashMap.java:4707) ~[na:1.8.0_202]
	at org.apache.dubbo.config.deploy.DefaultModuleDeployer.referServices(DefaultModuleDeployer.java:367) [dubbo-3.0.9.jar:3.0.9]
	at org.apache.dubbo.config.deploy.DefaultModuleDeployer.start(DefaultModuleDeployer.java:154) [dubbo-3.0.9.jar:3.0.9]
	at org.apache.dubbo.config.spring.context.DubboDeployApplicationListener.onContextRefreshedEvent(DubboDeployApplicationListener.java:111) ~[dubbo-3.0.9.jar:3.0.9]
	at org.apache.dubbo.config.spring.context.DubboDeployApplicationListener.onApplicationEvent(DubboDeployApplicationListener.java:100) ~[dubbo-3.0.9.jar:3.0.9]
	at org.apache.dubbo.config.spring.context.DubboDeployApplicationListener.onApplicationEvent(DubboDeployApplicationListener.java:45) ~[dubbo-3.0.9.jar:3.0.9]
	at org.springframework.context.event.SimpleApplicationEventMulticaster.doInvokeListener(SimpleApplicationEventMulticaster.java:176) ~[spring-context-5.3.20.jar:5.3.20]
	at org.springframework.context.event.SimpleApplicationEventMulticaster.invokeListener(SimpleApplicationEventMulticaster.java:169) ~[spring-context-5.3.20.jar:5.3.20]
	at org.springframework.context.event.SimpleApplicationEventMulticaster.multicastEvent(SimpleApplicationEventMulticaster.java:143) ~[spring-context-5.3.20.jar:5.3.20]
	at org.springframework.context.support.AbstractApplicationContext.publishEvent(AbstractApplicationContext.java:421) ~[spring-context-5.3.20.jar:5.3.20]
	at org.springframework.context.support.AbstractApplicationContext.publishEvent(AbstractApplicationContext.java:378) ~[spring-context-5.3.20.jar:5.3.20]
	at org.springframework.context.support.AbstractApplicationContext.finishRefresh(AbstractApplicationContext.java:938) ~[spring-context-5.3.20.jar:5.3.20]
	at org.springframework.context.support.AbstractApplicationContext.refresh(AbstractApplicationContext.java:586) ~[spring-context-5.3.20.jar:5.3.20]
	at org.springframework.boot.SpringApplication.refresh(SpringApplication.java:734) ~[spring-boot-2.7.0.jar:2.7.0]
	at org.springframework.boot.SpringApplication.refreshContext(SpringApplication.java:408) ~[spring-boot-2.7.0.jar:2.7.0]
	at org.springframework.boot.SpringApplication.run(SpringApplication.java:308) ~[spring-boot-2.7.0.jar:2.7.0]
	at org.springframework.boot.test.context.SpringBootContextLoader.loadContext(SpringBootContextLoader.java:132) ~[spring-boot-test-2.7.0.jar:2.7.0]
	at org.springframework.test.context.cache.DefaultCacheAwareContextLoaderDelegate.loadContextInternal(DefaultCacheAwareContextLoaderDelegate.java:99) ~[spring-test-5.3.20.jar:5.3.20]
	at org.springframework.test.context.cache.DefaultCacheAwareContextLoaderDelegate.loadContext(DefaultCacheAwareContextLoaderDelegate.java:124) ~[spring-test-5.3.20.jar:5.3.20]
	at org.springframework.test.context.support.DefaultTestContext.getApplicationContext(DefaultTestContext.java:124) ~[spring-test-5.3.20.jar:5.3.20]
	at org.springframework.test.context.support.DependencyInjectionTestExecutionListener.injectDependencies(DependencyInjectionTestExecutionListener.java:118) ~[spring-test-5.3.20.jar:5.3.20]
	at org.springframework.test.context.support.DependencyInjectionTestExecutionListener.prepareTestInstance(DependencyInjectionTestExecutionListener.java:83) ~[spring-test-5.3.20.jar:5.3.20]
	at org.springframework.boot.test.autoconfigure.SpringBootDependencyInjectionTestExecutionListener.prepareTestInstance(SpringBootDependencyInjectionTestExecutionListener.java:43) ~[spring-boot-test-autoconfigure-2.7.0.jar:2.7.0]
	at org.springframework.test.context.TestContextManager.prepareTestInstance(TestContextManager.java:248) ~[spring-test-5.3.20.jar:5.3.20]
	at org.springframework.test.context.junit.jupiter.SpringExtension.postProcessTestInstance(SpringExtension.java:138) ~[spring-test-5.3.20.jar:5.3.20]
	at org.junit.jupiter.engine.descriptor.ClassBasedTestDescriptor.lambda$invokeTestInstancePostProcessors$8(ClassBasedTestDescriptor.java:363) ~[junit-jupiter-engine-5.8.2.jar:5.8.2]
	at org.junit.jupiter.engine.descriptor.ClassBasedTestDescriptor.executeAndMaskThrowable(ClassBasedTestDescriptor.java:368) ~[junit-jupiter-engine-5.8.2.jar:5.8.2]
	at org.junit.jupiter.engine.descriptor.ClassBasedTestDescriptor.lambda$invokeTestInstancePostProcessors$9(ClassBasedTestDescriptor.java:363) ~[junit-jupiter-engine-5.8.2.jar:5.8.2]
	at java.util.stream.ReferencePipeline$3$1.accept(ReferencePipeline.java:193) ~[na:1.8.0_202]
	at java.util.stream.ReferencePipeline$2$1.accept(ReferencePipeline.java:175) ~[na:1.8.0_202]
	at java.util.ArrayList$ArrayListSpliterator.forEachRemaining(ArrayList.java:1382) ~[na:1.8.0_202]
	at java.util.stream.AbstractPipeline.copyInto(AbstractPipeline.java:481) ~[na:1.8.0_202]
	at java.util.stream.AbstractPipeline.wrapAndCopyInto(AbstractPipeline.java:471) ~[na:1.8.0_202]
	at java.util.stream.StreamSpliterators$WrappingSpliterator.forEachRemaining(StreamSpliterators.java:312) ~[na:1.8.0_202]
	at java.util.stream.Streams$ConcatSpliterator.forEachRemaining(Streams.java:743) ~[na:1.8.0_202]
	at java.util.stream.Streams$ConcatSpliterator.forEachRemaining(Streams.java:742) ~[na:1.8.0_202]
	at java.util.stream.ReferencePipeline$Head.forEach(ReferencePipeline.java:580) ~[na:1.8.0_202]
	at org.junit.jupiter.engine.descriptor.ClassBasedTestDescriptor.invokeTestInstancePostProcessors(ClassBasedTestDescriptor.java:362) ~[junit-jupiter-engine-5.8.2.jar:5.8.2]
	at org.junit.jupiter.engine.descriptor.ClassBasedTestDescriptor.lambda$instantiateAndPostProcessTestInstance$6(ClassBasedTestDescriptor.java:283) ~[junit-jupiter-engine-5.8.2.jar:5.8.2]
	at org.junit.platform.engine.support.hierarchical.ThrowableCollector.execute(ThrowableCollector.java:73) ~[junit-platform-engine-1.8.2.jar:1.8.2]
	at org.junit.jupiter.engine.descriptor.ClassBasedTestDescriptor.instantiateAndPostProcessTestInstance(ClassBasedTestDescriptor.java:282) ~[junit-jupiter-engine-5.8.2.jar:5.8.2]
	at org.junit.jupiter.engine.descriptor.ClassBasedTestDescriptor.lambda$testInstancesProvider$4(ClassBasedTestDescriptor.java:272) ~[junit-jupiter-engine-5.8.2.jar:5.8.2]
	at java.util.Optional.orElseGet(Optional.java:267) ~[na:1.8.0_202]
	at org.junit.jupiter.engine.descriptor.ClassBasedTestDescriptor.lambda$testInstancesProvider$5(ClassBasedTestDescriptor.java:271) ~[junit-jupiter-engine-5.8.2.jar:5.8.2]
	at org.junit.jupiter.engine.execution.TestInstancesProvider.getTestInstances(TestInstancesProvider.java:31) ~[junit-jupiter-engine-5.8.2.jar:5.8.2]
	at org.junit.jupiter.engine.descriptor.TestMethodTestDescriptor.lambda$prepare$0(TestMethodTestDescriptor.java:102) ~[junit-jupiter-engine-5.8.2.jar:5.8.2]
	at org.junit.platform.engine.support.hierarchical.ThrowableCollector.execute(ThrowableCollector.java:73) ~[junit-platform-engine-1.8.2.jar:1.8.2]
	at org.junit.jupiter.engine.descriptor.TestMethodTestDescriptor.prepare(TestMethodTestDescriptor.java:101) ~[junit-jupiter-engine-5.8.2.jar:5.8.2]
	at org.junit.jupiter.engine.descriptor.TestMethodTestDescriptor.prepare(TestMethodTestDescriptor.java:66) ~[junit-jupiter-engine-5.8.2.jar:5.8.2]
	at org.junit.platform.engine.support.hierarchical.NodeTestTask.lambda$prepare$2(NodeTestTask.java:123) ~[junit-platform-engine-1.8.2.jar:1.8.2]
	at org.junit.platform.engine.support.hierarchical.ThrowableCollector.execute(ThrowableCollector.java:73) ~[junit-platform-engine-1.8.2.jar:1.8.2]
	at org.junit.platform.engine.support.hierarchical.NodeTestTask.prepare(NodeTestTask.java:123) ~[junit-platform-engine-1.8.2.jar:1.8.2]
	at org.junit.platform.engine.support.hierarchical.NodeTestTask.execute(NodeTestTask.java:90) ~[junit-platform-engine-1.8.2.jar:1.8.2]
	at java.util.ArrayList.forEach(ArrayList.java:1257) ~[na:1.8.0_202]
	at org.junit.platform.engine.support.hierarchical.SameThreadHierarchicalTestExecutorService.invokeAll(SameThreadHierarchicalTestExecutorService.java:41) ~[junit-platform-engine-1.8.2.jar:1.8.2]
	at org.junit.platform.engine.support.hierarchical.NodeTestTask.lambda$executeRecursively$6(NodeTestTask.java:155) ~[junit-platform-engine-1.8.2.jar:1.8.2]
	at org.junit.platform.engine.support.hierarchical.ThrowableCollector.execute(ThrowableCollector.java:73) ~[junit-platform-engine-1.8.2.jar:1.8.2]
	at org.junit.platform.engine.support.hierarchical.NodeTestTask.lambda$executeRecursively$8(NodeTestTask.java:141) ~[junit-platform-engine-1.8.2.jar:1.8.2]
	at org.junit.platform.engine.support.hierarchical.Node.around(Node.java:137) ~[junit-platform-engine-1.8.2.jar:1.8.2]
	at org.junit.platform.engine.support.hierarchical.NodeTestTask.lambda$executeRecursively$9(NodeTestTask.java:139) ~[junit-platform-engine-1.8.2.jar:1.8.2]
	at org.junit.platform.engine.support.hierarchical.ThrowableCollector.execute(ThrowableCollector.java:73) ~[junit-platform-engine-1.8.2.jar:1.8.2]
	at org.junit.platform.engine.support.hierarchical.NodeTestTask.executeRecursively(NodeTestTask.java:138) ~[junit-platform-engine-1.8.2.jar:1.8.2]
	at org.junit.platform.engine.support.hierarchical.NodeTestTask.execute(NodeTestTask.java:95) ~[junit-platform-engine-1.8.2.jar:1.8.2]
	at java.util.ArrayList.forEach(ArrayList.java:1257) ~[na:1.8.0_202]
	at org.junit.platform.engine.support.hierarchical.SameThreadHierarchicalTestExecutorService.invokeAll(SameThreadHierarchicalTestExecutorService.java:41) ~[junit-platform-engine-1.8.2.jar:1.8.2]
	at org.junit.platform.engine.support.hierarchical.NodeTestTask.lambda$executeRecursively$6(NodeTestTask.java:155) ~[junit-platform-engine-1.8.2.jar:1.8.2]
	at org.junit.platform.engine.support.hierarchical.ThrowableCollector.execute(ThrowableCollector.java:73) ~[junit-platform-engine-1.8.2.jar:1.8.2]
	at org.junit.platform.engine.support.hierarchical.NodeTestTask.lambda$executeRecursively$8(NodeTestTask.java:141) ~[junit-platform-engine-1.8.2.jar:1.8.2]
	at org.junit.platform.engine.support.hierarchical.Node.around(Node.java:137) ~[junit-platform-engine-1.8.2.jar:1.8.2]
	at org.junit.platform.engine.support.hierarchical.NodeTestTask.lambda$executeRecursively$9(NodeTestTask.java:139) ~[junit-platform-engine-1.8.2.jar:1.8.2]
	at org.junit.platform.engine.support.hierarchical.ThrowableCollector.execute(ThrowableCollector.java:73) ~[junit-platform-engine-1.8.2.jar:1.8.2]
	at org.junit.platform.engine.support.hierarchical.NodeTestTask.executeRecursively(NodeTestTask.java:138) ~[junit-platform-engine-1.8.2.jar:1.8.2]
	at org.junit.platform.engine.support.hierarchical.NodeTestTask.execute(NodeTestTask.java:95) ~[junit-platform-engine-1.8.2.jar:1.8.2]
	at org.junit.platform.engine.support.hierarchical.SameThreadHierarchicalTestExecutorService.submit(SameThreadHierarchicalTestExecutorService.java:35) ~[junit-platform-engine-1.8.2.jar:1.8.2]
	at org.junit.platform.engine.support.hierarchical.HierarchicalTestExecutor.execute(HierarchicalTestExecutor.java:57) ~[junit-platform-engine-1.8.2.jar:1.8.2]
	at org.junit.platform.engine.support.hierarchical.HierarchicalTestEngine.execute(HierarchicalTestEngine.java:54) ~[junit-platform-engine-1.8.2.jar:1.8.2]
	at org.junit.platform.launcher.core.DefaultLauncher.execute(DefaultLauncher.java:220) ~[junit-platform-launcher-1.3.1.jar:1.3.1]
	at org.junit.platform.launcher.core.DefaultLauncher.lambda$execute$6(DefaultLauncher.java:188) ~[junit-platform-launcher-1.3.1.jar:1.3.1]
	at org.junit.platform.launcher.core.DefaultLauncher.withInterceptedStreams(DefaultLauncher.java:202) ~[junit-platform-launcher-1.3.1.jar:1.3.1]
	at org.junit.platform.launcher.core.DefaultLauncher.execute(DefaultLauncher.java:181) ~[junit-platform-launcher-1.3.1.jar:1.3.1]
	at org.junit.platform.launcher.core.DefaultLauncher.execute(DefaultLauncher.java:128) ~[junit-platform-launcher-1.3.1.jar:1.3.1]
	at org.apache.maven.surefire.junitplatform.JUnitPlatformProvider.invokeAllTests(JUnitPlatformProvider.java:150) ~[surefire-junit-platform-2.22.2.jar:2.22.2]
	at org.apache.maven.surefire.junitplatform.JUnitPlatformProvider.invoke(JUnitPlatformProvider.java:124) ~[surefire-junit-platform-2.22.2.jar:2.22.2]
	at org.apache.maven.surefire.booter.ForkedBooter.invokeProviderInSameClassLoader(ForkedBooter.java:384) ~[surefire-booter-2.22.2.jar:2.22.2]
	at org.apache.maven.surefire.booter.ForkedBooter.runSuitesInProcess(ForkedBooter.java:345) ~[surefire-booter-2.22.2.jar:2.22.2]
	at org.apache.maven.surefire.booter.ForkedBooter.execute(ForkedBooter.java:126) ~[surefire-booter-2.22.2.jar:2.22.2]
	at org.apache.maven.surefire.booter.ForkedBooter.main(ForkedBooter.java:418) ~[surefire-booter-2.22.2.jar:2.22.2]
Caused by: io.netty.channel.AbstractChannel$AnnotatedConnectException: Connection refused: no further information: /192.168.1.107:20880
Caused by: java.net.ConnectException: Connection refused: no further information
	at sun.nio.ch.SocketChannelImpl.checkConnect(Native Method) ~[na:1.8.0_202]
	at sun.nio.ch.SocketChannelImpl.finishConnect(SocketChannelImpl.java:717) ~[na:1.8.0_202]
	at io.netty.channel.socket.nio.NioSocketChannel.doFinishConnect(NioSocketChannel.java:337) ~[netty-transport-4.1.77.Final.jar:4.1.77.Final]
	at io.netty.channel.nio.AbstractNioChannel$AbstractNioUnsafe.finishConnect(AbstractNioChannel.java:334) ~[netty-transport-4.1.77.Final.jar:4.1.77.Final]
	at io.netty.channel.nio.NioEventLoop.processSelectedKey(NioEventLoop.java:710) ~[netty-transport-4.1.77.Final.jar:4.1.77.Final]
	at io.netty.channel.nio.NioEventLoop.processSelectedKeysOptimized(NioEventLoop.java:658) ~[netty-transport-4.1.77.Final.jar:4.1.77.Final]
	at io.netty.channel.nio.NioEventLoop.processSelectedKeys(NioEventLoop.java:584) ~[netty-transport-4.1.77.Final.jar:4.1.77.Final]
	at io.netty.channel.nio.NioEventLoop.run(NioEventLoop.java:496) ~[netty-transport-4.1.77.Final.jar:4.1.77.Final]
	at io.netty.util.concurrent.SingleThreadEventExecutor$4.run(SingleThreadEventExecutor.java:995) ~[netty-common-4.1.77.Final.jar:4.1.77.Final]
	at io.netty.util.internal.ThreadExecutorMap$2.run(ThreadExecutorMap.java:74) ~[netty-common-4.1.77.Final.jar:4.1.77.Final]
	at io.netty.util.concurrent.FastThreadLocalRunnable.run(FastThreadLocalRunnable.java:30) ~[netty-common-4.1.77.Final.jar:4.1.77.Final]
	at java.lang.Thread.run(Thread.java:748) ~[na:1.8.0_202]

2023-10-15 16:18:20.245 ERROR 19020 --- [           main] o.a.dubbo.registry.nacos.NacosRegistry   :  [DUBBO] Failed to subscribe consumer://192.168.1.107/com.yupi.service.InnerUserService?application=dubbo-springboot-demo-provider&background=false&category=providers,configurators,routers&dubbo=2.0.2&interface=com.yupi.service.InnerUserService&methods=getUser&pid=19020&release=3.0.9&revision=0.0.1-SNAPSHOT&side=consumer&sticky=false&timestamp=1697357885595, Using cached list: [dubbo://192.168.1.107:20880/com.yupi.service.InnerUserService?anyhost=true&application=dubbo-springboot-demo-provider&background=false&category=providers&deprecated=false&dubbo=2.0.2&dynamic=true&generic=false&interface=com.yupi.service.InnerUserService&methods=getUser&path=com.yupi.service.InnerUserService&pid=28424&protocol=dubbo&release=3.0.9&revision=0.0.1-SNAPSHOT&service-name-mapping=true&side=provider&timestamp=1697108257296] from cache file: dubbo-registry-dubbo-springboot-demo-provider-localhost-8848.cache, cause: Failed to subscribe consumer://192.168.1.107/com.yupi.service.InnerUserService?application=dubbo-springboot-demo-provider&background=false&category=providers,configurators,routers&dubbo=2.0.2&interface=com.yupi.service.InnerUserService&methods=getUser&pid=19020&release=3.0.9&revision=0.0.1-SNAPSHOT&side=consumer&sticky=false&timestamp=1697357885595 to nacos nacos://localhost:8848/org.apache.dubbo.registry.RegistryService?REGISTRY_CLUSTER=nacos-registry&application=dubbo-springboot-demo-provider&dubbo=2.0.2&interface=org.apache.dubbo.registry.RegistryService&pid=19020&release=3.0.9, cause: Request nacos server failed: , dubbo version: 3.0.9, current host: 192.168.1.107

org.apache.dubbo.rpc.RpcException: Failed to subscribe consumer://192.168.1.107/com.yupi.service.InnerUserService?application=dubbo-springboot-demo-provider&background=false&category=providers,configurators,routers&dubbo=2.0.2&interface=com.yupi.service.InnerUserService&methods=getUser&pid=19020&release=3.0.9&revision=0.0.1-SNAPSHOT&side=consumer&sticky=false&timestamp=1697357885595 to nacos nacos://localhost:8848/org.apache.dubbo.registry.RegistryService?REGISTRY_CLUSTER=nacos-registry&application=dubbo-springboot-demo-provider&dubbo=2.0.2&interface=org.apache.dubbo.registry.RegistryService&pid=19020&release=3.0.9, cause: Request nacos server failed: 
	at org.apache.dubbo.registry.nacos.NacosRegistry.doSubscribe(NacosRegistry.java:259) ~[dubbo-3.0.9.jar:3.0.9]
	at org.apache.dubbo.registry.nacos.NacosRegistry.doSubscribe(NacosRegistry.java:215) ~[dubbo-3.0.9.jar:3.0.9]
	at org.apache.dubbo.registry.support.FailbackRegistry.subscribe(FailbackRegistry.java:297) ~[dubbo-3.0.9.jar:3.0.9]
	at org.apache.dubbo.registry.ListenerRegistryWrapper.subscribe(ListenerRegistryWrapper.java:111) [dubbo-3.0.9.jar:3.0.9]
	at org.apache.dubbo.registry.integration.DynamicDirectory.subscribe(DynamicDirectory.java:180) [dubbo-3.0.9.jar:3.0.9]
	at org.apache.dubbo.registry.integration.RegistryDirectory.subscribe(RegistryDirectory.java:110) [dubbo-3.0.9.jar:3.0.9]
	at org.apache.dubbo.registry.integration.RegistryProtocol.doCreateInvoker(RegistryProtocol.java:570) [dubbo-3.0.9.jar:3.0.9]
	at org.apache.dubbo.registry.integration.InterfaceCompatibleRegistryProtocol.getInvoker(InterfaceCompatibleRegistryProtocol.java:58) [dubbo-3.0.9.jar:3.0.9]
	at org.apache.dubbo.registry.client.migration.MigrationInvoker.refreshInterfaceInvoker(MigrationInvoker.java:460) [dubbo-3.0.9.jar:3.0.9]
	at org.apache.dubbo.registry.client.migration.MigrationInvoker.migrateToApplicationFirstInvoker(MigrationInvoker.java:243) [dubbo-3.0.9.jar:3.0.9]
	at org.apache.dubbo.registry.client.migration.MigrationRuleHandler.refreshInvoker(MigrationRuleHandler.java:73) [dubbo-3.0.9.jar:3.0.9]
	at org.apache.dubbo.registry.client.migration.MigrationRuleHandler.doMigrate(MigrationRuleHandler.java:57) [dubbo-3.0.9.jar:3.0.9]
	at org.apache.dubbo.registry.client.migration.MigrationRuleListener.onRefer(MigrationRuleListener.java:243) [dubbo-3.0.9.jar:3.0.9]
	at org.apache.dubbo.registry.integration.RegistryProtocol.interceptInvoker(RegistryProtocol.java:535) [dubbo-3.0.9.jar:3.0.9]
	at org.apache.dubbo.registry.integration.RegistryProtocol.doRefer(RegistryProtocol.java:505) [dubbo-3.0.9.jar:3.0.9]
	at org.apache.dubbo.registry.integration.RegistryProtocol.refer(RegistryProtocol.java:487) [dubbo-3.0.9.jar:3.0.9]
	at org.apache.dubbo.qos.protocol.QosProtocolWrapper.refer(QosProtocolWrapper.java:83) [dubbo-3.0.9.jar:3.0.9]
	at org.apache.dubbo.rpc.protocol.ProtocolListenerWrapper.refer(ProtocolListenerWrapper.java:74) [dubbo-3.0.9.jar:3.0.9]
	at org.apache.dubbo.rpc.cluster.filter.ProtocolFilterWrapper.refer(ProtocolFilterWrapper.java:71) [dubbo-3.0.9.jar:3.0.9]
	at org.apache.dubbo.rpc.protocol.ProtocolSerializationWrapper.refer(ProtocolSerializationWrapper.java:52) [dubbo-3.0.9.jar:3.0.9]
	at org.apache.dubbo.rpc.Protocol$Adaptive.refer(Protocol$Adaptive.java) [dubbo-3.0.9.jar:3.0.9]
	at org.apache.dubbo.config.ReferenceConfig.createInvokerForRemote(ReferenceConfig.java:494) [dubbo-3.0.9.jar:3.0.9]
	at org.apache.dubbo.config.ReferenceConfig.createProxy(ReferenceConfig.java:397) [dubbo-3.0.9.jar:3.0.9]
	at org.apache.dubbo.config.ReferenceConfig.init(ReferenceConfig.java:285) [dubbo-3.0.9.jar:3.0.9]
	at org.apache.dubbo.config.ReferenceConfig.get(ReferenceConfig.java:219) [dubbo-3.0.9.jar:3.0.9]
	at org.apache.dubbo.config.utils.SimpleReferenceCache.get(SimpleReferenceCache.java:129) [dubbo-3.0.9.jar:3.0.9]
	at org.apache.dubbo.config.deploy.DefaultModuleDeployer.lambda$referServices$6(DefaultModuleDeployer.java:387) [dubbo-3.0.9.jar:3.0.9]
	at java.util.concurrent.ConcurrentHashMap$ValuesView.forEach(ConcurrentHashMap.java:4707) ~[na:1.8.0_202]
	at org.apache.dubbo.config.deploy.DefaultModuleDeployer.referServices(DefaultModuleDeployer.java:367) [dubbo-3.0.9.jar:3.0.9]
	at org.apache.dubbo.config.deploy.DefaultModuleDeployer.start(DefaultModuleDeployer.java:154) [dubbo-3.0.9.jar:3.0.9]
	at org.apache.dubbo.config.spring.context.DubboDeployApplicationListener.onContextRefreshedEvent(DubboDeployApplicationListener.java:111) ~[dubbo-3.0.9.jar:3.0.9]
	at org.apache.dubbo.config.spring.context.DubboDeployApplicationListener.onApplicationEvent(DubboDeployApplicationListener.java:100) ~[dubbo-3.0.9.jar:3.0.9]
	at org.apache.dubbo.config.spring.context.DubboDeployApplicationListener.onApplicationEvent(DubboDeployApplicationListener.java:45) ~[dubbo-3.0.9.jar:3.0.9]
	at org.springframework.context.event.SimpleApplicationEventMulticaster.doInvokeListener(SimpleApplicationEventMulticaster.java:176) ~[spring-context-5.3.20.jar:5.3.20]
	at org.springframework.context.event.SimpleApplicationEventMulticaster.invokeListener(SimpleApplicationEventMulticaster.java:169) ~[spring-context-5.3.20.jar:5.3.20]
	at org.springframework.context.event.SimpleApplicationEventMulticaster.multicastEvent(SimpleApplicationEventMulticaster.java:143) ~[spring-context-5.3.20.jar:5.3.20]
	at org.springframework.context.support.AbstractApplicationContext.publishEvent(AbstractApplicationContext.java:421) ~[spring-context-5.3.20.jar:5.3.20]
	at org.springframework.context.support.AbstractApplicationContext.publishEvent(AbstractApplicationContext.java:378) ~[spring-context-5.3.20.jar:5.3.20]
	at org.springframework.context.support.AbstractApplicationContext.finishRefresh(AbstractApplicationContext.java:938) ~[spring-context-5.3.20.jar:5.3.20]
	at org.springframework.context.support.AbstractApplicationContext.refresh(AbstractApplicationContext.java:586) ~[spring-context-5.3.20.jar:5.3.20]
	at org.springframework.boot.SpringApplication.refresh(SpringApplication.java:734) ~[spring-boot-2.7.0.jar:2.7.0]
	at org.springframework.boot.SpringApplication.refreshContext(SpringApplication.java:408) ~[spring-boot-2.7.0.jar:2.7.0]
	at org.springframework.boot.SpringApplication.run(SpringApplication.java:308) ~[spring-boot-2.7.0.jar:2.7.0]
	at org.springframework.boot.test.context.SpringBootContextLoader.loadContext(SpringBootContextLoader.java:132) ~[spring-boot-test-2.7.0.jar:2.7.0]
	at org.springframework.test.context.cache.DefaultCacheAwareContextLoaderDelegate.loadContextInternal(DefaultCacheAwareContextLoaderDelegate.java:99) ~[spring-test-5.3.20.jar:5.3.20]
	at org.springframework.test.context.cache.DefaultCacheAwareContextLoaderDelegate.loadContext(DefaultCacheAwareContextLoaderDelegate.java:124) ~[spring-test-5.3.20.jar:5.3.20]
	at org.springframework.test.context.support.DefaultTestContext.getApplicationContext(DefaultTestContext.java:124) ~[spring-test-5.3.20.jar:5.3.20]
	at org.springframework.test.context.support.DependencyInjectionTestExecutionListener.injectDependencies(DependencyInjectionTestExecutionListener.java:118) ~[spring-test-5.3.20.jar:5.3.20]
	at org.springframework.test.context.support.DependencyInjectionTestExecutionListener.prepareTestInstance(DependencyInjectionTestExecutionListener.java:83) ~[spring-test-5.3.20.jar:5.3.20]
	at org.springframework.boot.test.autoconfigure.SpringBootDependencyInjectionTestExecutionListener.prepareTestInstance(SpringBootDependencyInjectionTestExecutionListener.java:43) ~[spring-boot-test-autoconfigure-2.7.0.jar:2.7.0]
	at org.springframework.test.context.TestContextManager.prepareTestInstance(TestContextManager.java:248) ~[spring-test-5.3.20.jar:5.3.20]
	at org.springframework.test.context.junit.jupiter.SpringExtension.postProcessTestInstance(SpringExtension.java:138) ~[spring-test-5.3.20.jar:5.3.20]
	at org.junit.jupiter.engine.descriptor.ClassBasedTestDescriptor.lambda$invokeTestInstancePostProcessors$8(ClassBasedTestDescriptor.java:363) ~[junit-jupiter-engine-5.8.2.jar:5.8.2]
	at org.junit.jupiter.engine.descriptor.ClassBasedTestDescriptor.executeAndMaskThrowable(ClassBasedTestDescriptor.java:368) ~[junit-jupiter-engine-5.8.2.jar:5.8.2]
	at org.junit.jupiter.engine.descriptor.ClassBasedTestDescriptor.lambda$invokeTestInstancePostProcessors$9(ClassBasedTestDescriptor.java:363) ~[junit-jupiter-engine-5.8.2.jar:5.8.2]
	at java.util.stream.ReferencePipeline$3$1.accept(ReferencePipeline.java:193) ~[na:1.8.0_202]
	at java.util.stream.ReferencePipeline$2$1.accept(ReferencePipeline.java:175) ~[na:1.8.0_202]
	at java.util.ArrayList$ArrayListSpliterator.forEachRemaining(ArrayList.java:1382) ~[na:1.8.0_202]
	at java.util.stream.AbstractPipeline.copyInto(AbstractPipeline.java:481) ~[na:1.8.0_202]
	at java.util.stream.AbstractPipeline.wrapAndCopyInto(AbstractPipeline.java:471) ~[na:1.8.0_202]
	at java.util.stream.StreamSpliterators$WrappingSpliterator.forEachRemaining(StreamSpliterators.java:312) ~[na:1.8.0_202]
	at java.util.stream.Streams$ConcatSpliterator.forEachRemaining(Streams.java:743) ~[na:1.8.0_202]
	at java.util.stream.Streams$ConcatSpliterator.forEachRemaining(Streams.java:742) ~[na:1.8.0_202]
	at java.util.stream.ReferencePipeline$Head.forEach(ReferencePipeline.java:580) ~[na:1.8.0_202]
	at org.junit.jupiter.engine.descriptor.ClassBasedTestDescriptor.invokeTestInstancePostProcessors(ClassBasedTestDescriptor.java:362) ~[junit-jupiter-engine-5.8.2.jar:5.8.2]
	at org.junit.jupiter.engine.descriptor.ClassBasedTestDescriptor.lambda$instantiateAndPostProcessTestInstance$6(ClassBasedTestDescriptor.java:283) ~[junit-jupiter-engine-5.8.2.jar:5.8.2]
	at org.junit.platform.engine.support.hierarchical.ThrowableCollector.execute(ThrowableCollector.java:73) ~[junit-platform-engine-1.8.2.jar:1.8.2]
	at org.junit.jupiter.engine.descriptor.ClassBasedTestDescriptor.instantiateAndPostProcessTestInstance(ClassBasedTestDescriptor.java:282) ~[junit-jupiter-engine-5.8.2.jar:5.8.2]
	at org.junit.jupiter.engine.descriptor.ClassBasedTestDescriptor.lambda$testInstancesProvider$4(ClassBasedTestDescriptor.java:272) ~[junit-jupiter-engine-5.8.2.jar:5.8.2]
	at java.util.Optional.orElseGet(Optional.java:267) ~[na:1.8.0_202]
	at org.junit.jupiter.engine.descriptor.ClassBasedTestDescriptor.lambda$testInstancesProvider$5(ClassBasedTestDescriptor.java:271) ~[junit-jupiter-engine-5.8.2.jar:5.8.2]
	at org.junit.jupiter.engine.execution.TestInstancesProvider.getTestInstances(TestInstancesProvider.java:31) ~[junit-jupiter-engine-5.8.2.jar:5.8.2]
	at org.junit.jupiter.engine.descriptor.TestMethodTestDescriptor.lambda$prepare$0(TestMethodTestDescriptor.java:102) ~[junit-jupiter-engine-5.8.2.jar:5.8.2]
	at org.junit.platform.engine.support.hierarchical.ThrowableCollector.execute(ThrowableCollector.java:73) ~[junit-platform-engine-1.8.2.jar:1.8.2]
	at org.junit.jupiter.engine.descriptor.TestMethodTestDescriptor.prepare(TestMethodTestDescriptor.java:101) ~[junit-jupiter-engine-5.8.2.jar:5.8.2]
	at org.junit.jupiter.engine.descriptor.TestMethodTestDescriptor.prepare(TestMethodTestDescriptor.java:66) ~[junit-jupiter-engine-5.8.2.jar:5.8.2]
	at org.junit.platform.engine.support.hierarchical.NodeTestTask.lambda$prepare$2(NodeTestTask.java:123) ~[junit-platform-engine-1.8.2.jar:1.8.2]
	at org.junit.platform.engine.support.hierarchical.ThrowableCollector.execute(ThrowableCollector.java:73) ~[junit-platform-engine-1.8.2.jar:1.8.2]
	at org.junit.platform.engine.support.hierarchical.NodeTestTask.prepare(NodeTestTask.java:123) ~[junit-platform-engine-1.8.2.jar:1.8.2]
	at org.junit.platform.engine.support.hierarchical.NodeTestTask.execute(NodeTestTask.java:90) ~[junit-platform-engine-1.8.2.jar:1.8.2]
	at java.util.ArrayList.forEach(ArrayList.java:1257) ~[na:1.8.0_202]
	at org.junit.platform.engine.support.hierarchical.SameThreadHierarchicalTestExecutorService.invokeAll(SameThreadHierarchicalTestExecutorService.java:41) ~[junit-platform-engine-1.8.2.jar:1.8.2]
	at org.junit.platform.engine.support.hierarchical.NodeTestTask.lambda$executeRecursively$6(NodeTestTask.java:155) ~[junit-platform-engine-1.8.2.jar:1.8.2]
	at org.junit.platform.engine.support.hierarchical.ThrowableCollector.execute(ThrowableCollector.java:73) ~[junit-platform-engine-1.8.2.jar:1.8.2]
	at org.junit.platform.engine.support.hierarchical.NodeTestTask.lambda$executeRecursively$8(NodeTestTask.java:141) ~[junit-platform-engine-1.8.2.jar:1.8.2]
	at org.junit.platform.engine.support.hierarchical.Node.around(Node.java:137) ~[junit-platform-engine-1.8.2.jar:1.8.2]
	at org.junit.platform.engine.support.hierarchical.NodeTestTask.lambda$executeRecursively$9(NodeTestTask.java:139) ~[junit-platform-engine-1.8.2.jar:1.8.2]
	at org.junit.platform.engine.support.hierarchical.ThrowableCollector.execute(ThrowableCollector.java:73) ~[junit-platform-engine-1.8.2.jar:1.8.2]
	at org.junit.platform.engine.support.hierarchical.NodeTestTask.executeRecursively(NodeTestTask.java:138) ~[junit-platform-engine-1.8.2.jar:1.8.2]
	at org.junit.platform.engine.support.hierarchical.NodeTestTask.execute(NodeTestTask.java:95) ~[junit-platform-engine-1.8.2.jar:1.8.2]
	at java.util.ArrayList.forEach(ArrayList.java:1257) ~[na:1.8.0_202]
	at org.junit.platform.engine.support.hierarchical.SameThreadHierarchicalTestExecutorService.invokeAll(SameThreadHierarchicalTestExecutorService.java:41) ~[junit-platform-engine-1.8.2.jar:1.8.2]
	at org.junit.platform.engine.support.hierarchical.NodeTestTask.lambda$executeRecursively$6(NodeTestTask.java:155) ~[junit-platform-engine-1.8.2.jar:1.8.2]
	at org.junit.platform.engine.support.hierarchical.ThrowableCollector.execute(ThrowableCollector.java:73) ~[junit-platform-engine-1.8.2.jar:1.8.2]
	at org.junit.platform.engine.support.hierarchical.NodeTestTask.lambda$executeRecursively$8(NodeTestTask.java:141) ~[junit-platform-engine-1.8.2.jar:1.8.2]
	at org.junit.platform.engine.support.hierarchical.Node.around(Node.java:137) ~[junit-platform-engine-1.8.2.jar:1.8.2]
	at org.junit.platform.engine.support.hierarchical.NodeTestTask.lambda$executeRecursively$9(NodeTestTask.java:139) ~[junit-platform-engine-1.8.2.jar:1.8.2]
	at org.junit.platform.engine.support.hierarchical.ThrowableCollector.execute(ThrowableCollector.java:73) ~[junit-platform-engine-1.8.2.jar:1.8.2]
	at org.junit.platform.engine.support.hierarchical.NodeTestTask.executeRecursively(NodeTestTask.java:138) ~[junit-platform-engine-1.8.2.jar:1.8.2]
	at org.junit.platform.engine.support.hierarchical.NodeTestTask.execute(NodeTestTask.java:95) ~[junit-platform-engine-1.8.2.jar:1.8.2]
	at org.junit.platform.engine.support.hierarchical.SameThreadHierarchicalTestExecutorService.submit(SameThreadHierarchicalTestExecutorService.java:35) ~[junit-platform-engine-1.8.2.jar:1.8.2]
	at org.junit.platform.engine.support.hierarchical.HierarchicalTestExecutor.execute(HierarchicalTestExecutor.java:57) ~[junit-platform-engine-1.8.2.jar:1.8.2]
	at org.junit.platform.engine.support.hierarchical.HierarchicalTestEngine.execute(HierarchicalTestEngine.java:54) ~[junit-platform-engine-1.8.2.jar:1.8.2]
	at org.junit.platform.launcher.core.DefaultLauncher.execute(DefaultLauncher.java:220) ~[junit-platform-launcher-1.3.1.jar:1.3.1]
	at org.junit.platform.launcher.core.DefaultLauncher.lambda$execute$6(DefaultLauncher.java:188) ~[junit-platform-launcher-1.3.1.jar:1.3.1]
	at org.junit.platform.launcher.core.DefaultLauncher.withInterceptedStreams(DefaultLauncher.java:202) ~[junit-platform-launcher-1.3.1.jar:1.3.1]
	at org.junit.platform.launcher.core.DefaultLauncher.execute(DefaultLauncher.java:181) ~[junit-platform-launcher-1.3.1.jar:1.3.1]
	at org.junit.platform.launcher.core.DefaultLauncher.execute(DefaultLauncher.java:128) ~[junit-platform-launcher-1.3.1.jar:1.3.1]
	at org.apache.maven.surefire.junitplatform.JUnitPlatformProvider.invokeAllTests(JUnitPlatformProvider.java:150) ~[surefire-junit-platform-2.22.2.jar:2.22.2]
	at org.apache.maven.surefire.junitplatform.JUnitPlatformProvider.invoke(JUnitPlatformProvider.java:124) ~[surefire-junit-platform-2.22.2.jar:2.22.2]
	at org.apache.maven.surefire.booter.ForkedBooter.invokeProviderInSameClassLoader(ForkedBooter.java:384) ~[surefire-booter-2.22.2.jar:2.22.2]
	at org.apache.maven.surefire.booter.ForkedBooter.runSuitesInProcess(ForkedBooter.java:345) ~[surefire-booter-2.22.2.jar:2.22.2]
	at org.apache.maven.surefire.booter.ForkedBooter.execute(ForkedBooter.java:126) ~[surefire-booter-2.22.2.jar:2.22.2]
	at org.apache.maven.surefire.booter.ForkedBooter.main(ForkedBooter.java:418) ~[surefire-booter-2.22.2.jar:2.22.2]
Caused by: com.alibaba.nacos.api.exception.NacosException: Request nacos server failed: 
	at com.alibaba.nacos.client.naming.remote.gprc.NamingGrpcClientProxy.requestToServer(NamingGrpcClientProxy.java:288) ~[nacos-client-2.1.0.jar:na]
	at com.alibaba.nacos.client.naming.remote.gprc.NamingGrpcClientProxy.doSubscribe(NamingGrpcClientProxy.java:229) ~[nacos-client-2.1.0.jar:na]
	at com.alibaba.nacos.client.naming.remote.gprc.NamingGrpcClientProxy.subscribe(NamingGrpcClientProxy.java:214) ~[nacos-client-2.1.0.jar:na]
	at com.alibaba.nacos.client.naming.remote.NamingClientProxyDelegate.subscribe(NamingClientProxyDelegate.java:147) ~[nacos-client-2.1.0.jar:na]
	at com.alibaba.nacos.client.naming.NacosNamingService.getAllInstances(NacosNamingService.java:229) ~[nacos-client-2.1.0.jar:na]
	at com.alibaba.nacos.client.naming.NacosNamingService.getAllInstances(NacosNamingService.java:212) ~[nacos-client-2.1.0.jar:na]
	at com.alibaba.nacos.client.naming.NacosNamingService.getAllInstances(NacosNamingService.java:190) ~[nacos-client-2.1.0.jar:na]
	at org.apache.dubbo.registry.nacos.NacosNamingServiceWrapper.getAllInstances(NacosNamingServiceWrapper.java:55) ~[dubbo-3.0.9.jar:3.0.9]
	at org.apache.dubbo.registry.nacos.NacosRegistry.doSubscribe(NacosRegistry.java:233) ~[dubbo-3.0.9.jar:3.0.9]
	... 113 common frames omitted
Caused by: com.alibaba.nacos.api.exception.NacosException: Client not connected, current status:STARTING
	at com.alibaba.nacos.common.remote.client.RpcClient.request(RpcClient.java:651) ~[nacos-client-2.1.0.jar:na]
	at com.alibaba.nacos.common.remote.client.RpcClient.request(RpcClient.java:631) ~[nacos-client-2.1.0.jar:na]
	at com.alibaba.nacos.client.naming.remote.gprc.NamingGrpcClientProxy.requestToServer(NamingGrpcClientProxy.java:278) ~[nacos-client-2.1.0.jar:na]
	... 121 common frames omitted

2023-10-15 16:18:20.597  INFO 19020 --- [           main] o.a.d.r.client.ServiceDiscoveryRegistry  :  [DUBBO] Loaded registry cache file C:\Users\chenmoys\.dubbo\dubbo-registry-dubbo-springboot-demo-provider-localhost-8848.cache, dubbo version: 3.0.9, current host: 192.168.1.107
2023-10-15 16:18:20.608  INFO 19020 --- [           main] o.a.d.r.c.m.store.MetaCacheManager       :  [DUBBO] Successfully loaded mapping cache from file .metadata.nacoslocalhost:8848, entries 1, dubbo version: 3.0.9, current host: 192.168.1.107
2023-10-15 16:18:20.622  INFO 19020 --- [           main] c.a.n.p.a.s.c.ClientAuthPluginManager    : [ClientAuthPluginManager] Load ClientAuthService com.alibaba.nacos.client.auth.impl.NacosClientAuthServiceImpl success.
2023-10-15 16:18:20.622  INFO 19020 --- [           main] c.a.n.p.a.s.c.ClientAuthPluginManager    : [ClientAuthPluginManager] Load ClientAuthService com.alibaba.nacos.client.auth.ram.RamClientAuthServiceImpl success.
2023-10-15 16:18:30.248  INFO 19020 --- [yTimer-thread-1] o.a.d.r.retry.FailedSubscribedTask       :  [DUBBO] retry subscribe : consumer://192.168.1.107/com.yupi.service.InnerUserService?application=dubbo-springboot-demo-provider&background=false&category=providers,configurators,routers&dubbo=2.0.2&interface=com.yupi.service.InnerUserService&methods=getUser&pid=19020&release=3.0.9&revision=0.0.1-SNAPSHOT&side=consumer&sticky=false&timestamp=1697357885595, dubbo version: 3.0.9, current host: 192.168.1.107
2023-10-15 16:18:30.326  INFO 19020 --- [           main] o.a.d.r.client.ServiceDiscoveryRegistry  :  [DUBBO] Trying to subscribe from apps dubbo-springboot-demo-provider for service key com.yupi.service.InnerUserService, , dubbo version: 3.0.9, current host: 192.168.1.107
2023-10-15 16:18:30.330  INFO 19020 --- [           main] .r.c.e.l.ServiceInstancesChangedListener :  [DUBBO] Received instance notification, serviceName: dubbo-springboot-demo-provider, instances: 1, dubbo version: 3.0.9, current host: 192.168.1.107
2023-10-15 16:18:30.331  INFO 19020 --- [           main] .r.c.e.l.ServiceInstancesChangedListener :  [DUBBO] 1 unique working revisions: cdebef2c6e8b06c767cb56147c94db19 , dubbo version: 3.0.9, current host: 192.168.1.107
2023-10-15 16:18:30.338  INFO 19020 --- [           main] .r.c.e.l.ServiceInstancesChangedListener :  [DUBBO] Found 1 urls of protocol service key com.yupi.service.InnerUserService:dubbo , dubbo version: 3.0.9, current host: 192.168.1.107
2023-10-15 16:18:30.338  INFO 19020 --- [           main] .r.c.e.l.ServiceInstancesChangedListener :  [DUBBO] Notify serviceKey: com.yupi.service.InnerUserService, listener: org.apache.dubbo.registry.client.ServiceDiscoveryRegistryDirectory@2976ef56 with 1 urls on subscription, dubbo version: 3.0.9, current host: 192.168.1.107
2023-10-15 16:18:30.342  INFO 19020 --- [           main] .d.r.c.ServiceDiscoveryRegistryDirectory :  [DUBBO] Refreshed invoker size 1, dubbo version: 3.0.9, current host: 192.168.1.107
2023-10-15 16:18:30.577  WARN 19020 --- [yTimer-thread-1] o.a.d.r.retry.FailedSubscribedTask       :  [DUBBO] Failed to execute task retry subscribe, url: consumer://192.168.1.107/com.yupi.service.InnerUserService?application=dubbo-springboot-demo-provider&background=false&category=providers,configurators,routers&dubbo=2.0.2&interface=com.yupi.service.InnerUserService&methods=getUser&pid=19020&release=3.0.9&revision=0.0.1-SNAPSHOT&side=consumer&sticky=false&timestamp=1697357885595, waiting for again, cause:Failed to subscribe consumer://192.168.1.107/com.yupi.service.InnerUserService?application=dubbo-springboot-demo-provider&background=false&category=providers,configurators,routers&dubbo=2.0.2&interface=com.yupi.service.InnerUserService&methods=getUser&pid=19020&release=3.0.9&revision=0.0.1-SNAPSHOT&side=consumer&sticky=false&timestamp=1697357885595 to nacos nacos://localhost:8848/org.apache.dubbo.registry.RegistryService?REGISTRY_CLUSTER=nacos-registry&application=dubbo-springboot-demo-provider&dubbo=2.0.2&interface=org.apache.dubbo.registry.RegistryService&pid=19020&release=3.0.9, cause: Request nacos server failed: , dubbo version: 3.0.9, current host: 192.168.1.107

org.apache.dubbo.rpc.RpcException: Failed to subscribe consumer://192.168.1.107/com.yupi.service.InnerUserService?application=dubbo-springboot-demo-provider&background=false&category=providers,configurators,routers&dubbo=2.0.2&interface=com.yupi.service.InnerUserService&methods=getUser&pid=19020&release=3.0.9&revision=0.0.1-SNAPSHOT&side=consumer&sticky=false&timestamp=1697357885595 to nacos nacos://localhost:8848/org.apache.dubbo.registry.RegistryService?REGISTRY_CLUSTER=nacos-registry&application=dubbo-springboot-demo-provider&dubbo=2.0.2&interface=org.apache.dubbo.registry.RegistryService&pid=19020&release=3.0.9, cause: Request nacos server failed: 
	at org.apache.dubbo.registry.nacos.NacosRegistry.doSubscribe(NacosRegistry.java:259) ~[dubbo-3.0.9.jar:3.0.9]
	at org.apache.dubbo.registry.nacos.NacosRegistry.doSubscribe(NacosRegistry.java:215) ~[dubbo-3.0.9.jar:3.0.9]
	at org.apache.dubbo.registry.retry.FailedSubscribedTask.doRetry(FailedSubscribedTask.java:44) ~[dubbo-3.0.9.jar:3.0.9]
	at org.apache.dubbo.registry.retry.AbstractRetryTask.run(AbstractRetryTask.java:124) ~[dubbo-3.0.9.jar:3.0.9]
	at org.apache.dubbo.common.timer.HashedWheelTimer$HashedWheelTimeout.expire(HashedWheelTimer.java:651) [dubbo-3.0.9.jar:3.0.9]
	at org.apache.dubbo.common.timer.HashedWheelTimer$HashedWheelBucket.expireTimeouts(HashedWheelTimer.java:730) [dubbo-3.0.9.jar:3.0.9]
	at org.apache.dubbo.common.timer.HashedWheelTimer$Worker.run(HashedWheelTimer.java:452) [dubbo-3.0.9.jar:3.0.9]
	at java.lang.Thread.run(Thread.java:748) [na:1.8.0_202]
Caused by: com.alibaba.nacos.api.exception.NacosException: Request nacos server failed: 
	at com.alibaba.nacos.client.naming.remote.gprc.NamingGrpcClientProxy.requestToServer(NamingGrpcClientProxy.java:288) ~[nacos-client-2.1.0.jar:na]
	at com.alibaba.nacos.client.naming.remote.gprc.NamingGrpcClientProxy.doSubscribe(NamingGrpcClientProxy.java:229) ~[nacos-client-2.1.0.jar:na]
	at com.alibaba.nacos.client.naming.remote.gprc.NamingGrpcClientProxy.subscribe(NamingGrpcClientProxy.java:214) ~[nacos-client-2.1.0.jar:na]
	at com.alibaba.nacos.client.naming.remote.NamingClientProxyDelegate.subscribe(NamingClientProxyDelegate.java:147) ~[nacos-client-2.1.0.jar:na]
	at com.alibaba.nacos.client.naming.NacosNamingService.getAllInstances(NacosNamingService.java:229) ~[nacos-client-2.1.0.jar:na]
	at com.alibaba.nacos.client.naming.NacosNamingService.getAllInstances(NacosNamingService.java:212) ~[nacos-client-2.1.0.jar:na]
	at com.alibaba.nacos.client.naming.NacosNamingService.getAllInstances(NacosNamingService.java:190) ~[nacos-client-2.1.0.jar:na]
	at org.apache.dubbo.registry.nacos.NacosNamingServiceWrapper.getAllInstances(NacosNamingServiceWrapper.java:55) ~[dubbo-3.0.9.jar:3.0.9]
	at org.apache.dubbo.registry.nacos.NacosRegistry.doSubscribe(NacosRegistry.java:233) ~[dubbo-3.0.9.jar:3.0.9]
	... 7 common frames omitted
Caused by: com.alibaba.nacos.api.exception.NacosException: Client not connected, current status:STARTING
	at com.alibaba.nacos.common.remote.client.RpcClient.request(RpcClient.java:651) ~[nacos-client-2.1.0.jar:na]
	at com.alibaba.nacos.common.remote.client.RpcClient.request(RpcClient.java:631) ~[nacos-client-2.1.0.jar:na]
	at com.alibaba.nacos.client.naming.remote.gprc.NamingGrpcClientProxy.requestToServer(NamingGrpcClientProxy.java:278) ~[nacos-client-2.1.0.jar:na]
	... 15 common frames omitted

2023-10-15 16:18:30.671 ERROR 19020 --- [           main] o.a.d.r.nacos.NacosServiceDiscovery      :  [DUBBO] add nacos service instances changed listener fail , dubbo version: 3.0.9, current host: 192.168.1.107

com.alibaba.nacos.api.exception.NacosException: Request nacos server failed: 
	at com.alibaba.nacos.client.naming.remote.gprc.NamingGrpcClientProxy.requestToServer(NamingGrpcClientProxy.java:288) ~[nacos-client-2.1.0.jar:na]
	at com.alibaba.nacos.client.naming.remote.gprc.NamingGrpcClientProxy.doSubscribe(NamingGrpcClientProxy.java:229) ~[nacos-client-2.1.0.jar:na]
	at com.alibaba.nacos.client.naming.remote.gprc.NamingGrpcClientProxy.subscribe(NamingGrpcClientProxy.java:214) ~[nacos-client-2.1.0.jar:na]
	at com.alibaba.nacos.client.naming.remote.NamingClientProxyDelegate.subscribe(NamingClientProxyDelegate.java:147) ~[nacos-client-2.1.0.jar:na]
	at com.alibaba.nacos.client.naming.NacosNamingService.subscribe(NacosNamingService.java:393) ~[nacos-client-2.1.0.jar:na]
	at com.alibaba.nacos.client.naming.NacosNamingService.subscribe(NacosNamingService.java:377) ~[nacos-client-2.1.0.jar:na]
	at org.apache.dubbo.registry.nacos.NacosNamingServiceWrapper.subscribe(NacosNamingServiceWrapper.java:51) ~[dubbo-3.0.9.jar:3.0.9]
	at org.apache.dubbo.registry.nacos.NacosServiceDiscovery.lambda$addServiceInstancesChangedListener$6(NacosServiceDiscovery.java:119) ~[dubbo-3.0.9.jar:3.0.9]
	at java.lang.Iterable.forEach(Iterable.java:75) ~[na:1.8.0_202]
	at org.apache.dubbo.registry.nacos.NacosServiceDiscovery.lambda$addServiceInstancesChangedListener$7(NacosServiceDiscovery.java:117) ~[dubbo-3.0.9.jar:3.0.9]
	at org.apache.dubbo.common.function.ThrowableConsumer.execute(ThrowableConsumer.java:49) ~[dubbo-3.0.9.jar:3.0.9]
	at org.apache.dubbo.common.function.ThrowableConsumer.execute(ThrowableConsumer.java:64) ~[dubbo-3.0.9.jar:3.0.9]
	at org.apache.dubbo.registry.nacos.NacosServiceDiscovery.addServiceInstancesChangedListener(NacosServiceDiscovery.java:117) ~[dubbo-3.0.9.jar:3.0.9]
	at org.apache.dubbo.registry.client.ServiceDiscoveryRegistry.subscribeURLs(ServiceDiscoveryRegistry.java:322) ~[dubbo-3.0.9.jar:3.0.9]
	at org.apache.dubbo.registry.client.ServiceDiscoveryRegistry.doSubscribe(ServiceDiscoveryRegistry.java:216) ~[dubbo-3.0.9.jar:3.0.9]
	at org.apache.dubbo.registry.client.ServiceDiscoveryRegistry.subscribe(ServiceDiscoveryRegistry.java:184) ~[dubbo-3.0.9.jar:3.0.9]
	at org.apache.dubbo.registry.ListenerRegistryWrapper.subscribe(ListenerRegistryWrapper.java:111) ~[dubbo-3.0.9.jar:3.0.9]
	at org.apache.dubbo.registry.integration.DynamicDirectory.subscribe(DynamicDirectory.java:180) ~[dubbo-3.0.9.jar:3.0.9]
	at org.apache.dubbo.registry.client.ServiceDiscoveryRegistryDirectory.subscribe(ServiceDiscoveryRegistryDirectory.java:107) ~[dubbo-3.0.9.jar:3.0.9]
	at org.apache.dubbo.registry.integration.RegistryProtocol.doCreateInvoker(RegistryProtocol.java:570) ~[dubbo-3.0.9.jar:3.0.9]
	at org.apache.dubbo.registry.integration.InterfaceCompatibleRegistryProtocol.getServiceDiscoveryInvoker(InterfaceCompatibleRegistryProtocol.java:65) ~[dubbo-3.0.9.jar:3.0.9]
	at org.apache.dubbo.registry.client.migration.MigrationInvoker.refreshServiceDiscoveryInvoker(MigrationInvoker.java:436) ~[dubbo-3.0.9.jar:3.0.9]
	at org.apache.dubbo.registry.client.migration.MigrationInvoker.migrateToApplicationFirstInvoker(MigrationInvoker.java:244) ~[dubbo-3.0.9.jar:3.0.9]
	at org.apache.dubbo.registry.client.migration.MigrationRuleHandler.refreshInvoker(MigrationRuleHandler.java:73) ~[dubbo-3.0.9.jar:3.0.9]
	at org.apache.dubbo.registry.client.migration.MigrationRuleHandler.doMigrate(MigrationRuleHandler.java:57) ~[dubbo-3.0.9.jar:3.0.9]
	at org.apache.dubbo.registry.client.migration.MigrationRuleListener.onRefer(MigrationRuleListener.java:243) ~[dubbo-3.0.9.jar:3.0.9]
	at org.apache.dubbo.registry.integration.RegistryProtocol.interceptInvoker(RegistryProtocol.java:535) ~[dubbo-3.0.9.jar:3.0.9]
	at org.apache.dubbo.registry.integration.RegistryProtocol.doRefer(RegistryProtocol.java:505) ~[dubbo-3.0.9.jar:3.0.9]
	at org.apache.dubbo.registry.integration.RegistryProtocol.refer(RegistryProtocol.java:487) ~[dubbo-3.0.9.jar:3.0.9]
	at org.apache.dubbo.qos.protocol.QosProtocolWrapper.refer(QosProtocolWrapper.java:83) ~[dubbo-3.0.9.jar:3.0.9]
	at org.apache.dubbo.rpc.protocol.ProtocolListenerWrapper.refer(ProtocolListenerWrapper.java:74) ~[dubbo-3.0.9.jar:3.0.9]
	at org.apache.dubbo.rpc.cluster.filter.ProtocolFilterWrapper.refer(ProtocolFilterWrapper.java:71) ~[dubbo-3.0.9.jar:3.0.9]
	at org.apache.dubbo.rpc.protocol.ProtocolSerializationWrapper.refer(ProtocolSerializationWrapper.java:52) ~[dubbo-3.0.9.jar:3.0.9]
	at org.apache.dubbo.rpc.Protocol$Adaptive.refer(Protocol$Adaptive.java) ~[dubbo-3.0.9.jar:3.0.9]
	at org.apache.dubbo.config.ReferenceConfig.createInvokerForRemote(ReferenceConfig.java:494) ~[dubbo-3.0.9.jar:3.0.9]
	at org.apache.dubbo.config.ReferenceConfig.createProxy(ReferenceConfig.java:397) ~[dubbo-3.0.9.jar:3.0.9]
	at org.apache.dubbo.config.ReferenceConfig.init(ReferenceConfig.java:285) ~[dubbo-3.0.9.jar:3.0.9]
	at org.apache.dubbo.config.ReferenceConfig.get(ReferenceConfig.java:219) ~[dubbo-3.0.9.jar:3.0.9]
	at org.apache.dubbo.config.utils.SimpleReferenceCache.get(SimpleReferenceCache.java:129) ~[dubbo-3.0.9.jar:3.0.9]
	at org.apache.dubbo.config.deploy.DefaultModuleDeployer.lambda$referServices$6(DefaultModuleDeployer.java:387) ~[dubbo-3.0.9.jar:3.0.9]
	at java.util.concurrent.ConcurrentHashMap$ValuesView.forEach(ConcurrentHashMap.java:4707) ~[na:1.8.0_202]
	at org.apache.dubbo.config.deploy.DefaultModuleDeployer.referServices(DefaultModuleDeployer.java:367) ~[dubbo-3.0.9.jar:3.0.9]
	at org.apache.dubbo.config.deploy.DefaultModuleDeployer.start(DefaultModuleDeployer.java:154) ~[dubbo-3.0.9.jar:3.0.9]
	at org.apache.dubbo.config.spring.context.DubboDeployApplicationListener.onContextRefreshedEvent(DubboDeployApplicationListener.java:111) ~[dubbo-3.0.9.jar:3.0.9]
	at org.apache.dubbo.config.spring.context.DubboDeployApplicationListener.onApplicationEvent(DubboDeployApplicationListener.java:100) ~[dubbo-3.0.9.jar:3.0.9]
	at org.apache.dubbo.config.spring.context.DubboDeployApplicationListener.onApplicationEvent(DubboDeployApplicationListener.java:45) ~[dubbo-3.0.9.jar:3.0.9]
	at org.springframework.context.event.SimpleApplicationEventMulticaster.doInvokeListener(SimpleApplicationEventMulticaster.java:176) ~[spring-context-5.3.20.jar:5.3.20]
	at org.springframework.context.event.SimpleApplicationEventMulticaster.invokeListener(SimpleApplicationEventMulticaster.java:169) ~[spring-context-5.3.20.jar:5.3.20]
	at org.springframework.context.event.SimpleApplicationEventMulticaster.multicastEvent(SimpleApplicationEventMulticaster.java:143) ~[spring-context-5.3.20.jar:5.3.20]
	at org.springframework.context.support.AbstractApplicationContext.publishEvent(AbstractApplicationContext.java:421) ~[spring-context-5.3.20.jar:5.3.20]
	at org.springframework.context.support.AbstractApplicationContext.publishEvent(AbstractApplicationContext.java:378) ~[spring-context-5.3.20.jar:5.3.20]
	at org.springframework.context.support.AbstractApplicationContext.finishRefresh(AbstractApplicationContext.java:938) ~[spring-context-5.3.20.jar:5.3.20]
	at org.springframework.context.support.AbstractApplicationContext.refresh(AbstractApplicationContext.java:586) ~[spring-context-5.3.20.jar:5.3.20]
	at org.springframework.boot.SpringApplication.refresh(SpringApplication.java:734) ~[spring-boot-2.7.0.jar:2.7.0]
	at org.springframework.boot.SpringApplication.refreshContext(SpringApplication.java:408) ~[spring-boot-2.7.0.jar:2.7.0]
	at org.springframework.boot.SpringApplication.run(SpringApplication.java:308) ~[spring-boot-2.7.0.jar:2.7.0]
	at org.springframework.boot.test.context.SpringBootContextLoader.loadContext(SpringBootContextLoader.java:132) ~[spring-boot-test-2.7.0.jar:2.7.0]
	at org.springframework.test.context.cache.DefaultCacheAwareContextLoaderDelegate.loadContextInternal(DefaultCacheAwareContextLoaderDelegate.java:99) ~[spring-test-5.3.20.jar:5.3.20]
	at org.springframework.test.context.cache.DefaultCacheAwareContextLoaderDelegate.loadContext(DefaultCacheAwareContextLoaderDelegate.java:124) ~[spring-test-5.3.20.jar:5.3.20]
	at org.springframework.test.context.support.DefaultTestContext.getApplicationContext(DefaultTestContext.java:124) ~[spring-test-5.3.20.jar:5.3.20]
	at org.springframework.test.context.support.DependencyInjectionTestExecutionListener.injectDependencies(DependencyInjectionTestExecutionListener.java:118) ~[spring-test-5.3.20.jar:5.3.20]
	at org.springframework.test.context.support.DependencyInjectionTestExecutionListener.prepareTestInstance(DependencyInjectionTestExecutionListener.java:83) ~[spring-test-5.3.20.jar:5.3.20]
	at org.springframework.boot.test.autoconfigure.SpringBootDependencyInjectionTestExecutionListener.prepareTestInstance(SpringBootDependencyInjectionTestExecutionListener.java:43) ~[spring-boot-test-autoconfigure-2.7.0.jar:2.7.0]
	at org.springframework.test.context.TestContextManager.prepareTestInstance(TestContextManager.java:248) ~[spring-test-5.3.20.jar:5.3.20]
	at org.springframework.test.context.junit.jupiter.SpringExtension.postProcessTestInstance(SpringExtension.java:138) ~[spring-test-5.3.20.jar:5.3.20]
	at org.junit.jupiter.engine.descriptor.ClassBasedTestDescriptor.lambda$invokeTestInstancePostProcessors$8(ClassBasedTestDescriptor.java:363) ~[junit-jupiter-engine-5.8.2.jar:5.8.2]
	at org.junit.jupiter.engine.descriptor.ClassBasedTestDescriptor.executeAndMaskThrowable(ClassBasedTestDescriptor.java:368) ~[junit-jupiter-engine-5.8.2.jar:5.8.2]
	at org.junit.jupiter.engine.descriptor.ClassBasedTestDescriptor.lambda$invokeTestInstancePostProcessors$9(ClassBasedTestDescriptor.java:363) ~[junit-jupiter-engine-5.8.2.jar:5.8.2]
	at java.util.stream.ReferencePipeline$3$1.accept(ReferencePipeline.java:193) ~[na:1.8.0_202]
	at java.util.stream.ReferencePipeline$2$1.accept(ReferencePipeline.java:175) ~[na:1.8.0_202]
	at java.util.ArrayList$ArrayListSpliterator.forEachRemaining(ArrayList.java:1382) ~[na:1.8.0_202]
	at java.util.stream.AbstractPipeline.copyInto(AbstractPipeline.java:481) ~[na:1.8.0_202]
	at java.util.stream.AbstractPipeline.wrapAndCopyInto(AbstractPipeline.java:471) ~[na:1.8.0_202]
	at java.util.stream.StreamSpliterators$WrappingSpliterator.forEachRemaining(StreamSpliterators.java:312) ~[na:1.8.0_202]
	at java.util.stream.Streams$ConcatSpliterator.forEachRemaining(Streams.java:743) ~[na:1.8.0_202]
	at java.util.stream.Streams$ConcatSpliterator.forEachRemaining(Streams.java:742) ~[na:1.8.0_202]
	at java.util.stream.ReferencePipeline$Head.forEach(ReferencePipeline.java:580) ~[na:1.8.0_202]
	at org.junit.jupiter.engine.descriptor.ClassBasedTestDescriptor.invokeTestInstancePostProcessors(ClassBasedTestDescriptor.java:362) ~[junit-jupiter-engine-5.8.2.jar:5.8.2]
	at org.junit.jupiter.engine.descriptor.ClassBasedTestDescriptor.lambda$instantiateAndPostProcessTestInstance$6(ClassBasedTestDescriptor.java:283) ~[junit-jupiter-engine-5.8.2.jar:5.8.2]
	at org.junit.platform.engine.support.hierarchical.ThrowableCollector.execute(ThrowableCollector.java:73) ~[junit-platform-engine-1.8.2.jar:1.8.2]
	at org.junit.jupiter.engine.descriptor.ClassBasedTestDescriptor.instantiateAndPostProcessTestInstance(ClassBasedTestDescriptor.java:282) ~[junit-jupiter-engine-5.8.2.jar:5.8.2]
	at org.junit.jupiter.engine.descriptor.ClassBasedTestDescriptor.lambda$testInstancesProvider$4(ClassBasedTestDescriptor.java:272) ~[junit-jupiter-engine-5.8.2.jar:5.8.2]
	at java.util.Optional.orElseGet(Optional.java:267) ~[na:1.8.0_202]
	at org.junit.jupiter.engine.descriptor.ClassBasedTestDescriptor.lambda$testInstancesProvider$5(ClassBasedTestDescriptor.java:271) ~[junit-jupiter-engine-5.8.2.jar:5.8.2]
	at org.junit.jupiter.engine.execution.TestInstancesProvider.getTestInstances(TestInstancesProvider.java:31) ~[junit-jupiter-engine-5.8.2.jar:5.8.2]
	at org.junit.jupiter.engine.descriptor.TestMethodTestDescriptor.lambda$prepare$0(TestMethodTestDescriptor.java:102) ~[junit-jupiter-engine-5.8.2.jar:5.8.2]
	at org.junit.platform.engine.support.hierarchical.ThrowableCollector.execute(ThrowableCollector.java:73) ~[junit-platform-engine-1.8.2.jar:1.8.2]
	at org.junit.jupiter.engine.descriptor.TestMethodTestDescriptor.prepare(TestMethodTestDescriptor.java:101) ~[junit-jupiter-engine-5.8.2.jar:5.8.2]
	at org.junit.jupiter.engine.descriptor.TestMethodTestDescriptor.prepare(TestMethodTestDescriptor.java:66) ~[junit-jupiter-engine-5.8.2.jar:5.8.2]
	at org.junit.platform.engine.support.hierarchical.NodeTestTask.lambda$prepare$2(NodeTestTask.java:123) ~[junit-platform-engine-1.8.2.jar:1.8.2]
	at org.junit.platform.engine.support.hierarchical.ThrowableCollector.execute(ThrowableCollector.java:73) ~[junit-platform-engine-1.8.2.jar:1.8.2]
	at org.junit.platform.engine.support.hierarchical.NodeTestTask.prepare(NodeTestTask.java:123) ~[junit-platform-engine-1.8.2.jar:1.8.2]
	at org.junit.platform.engine.support.hierarchical.NodeTestTask.execute(NodeTestTask.java:90) ~[junit-platform-engine-1.8.2.jar:1.8.2]
	at java.util.ArrayList.forEach(ArrayList.java:1257) ~[na:1.8.0_202]
	at org.junit.platform.engine.support.hierarchical.SameThreadHierarchicalTestExecutorService.invokeAll(SameThreadHierarchicalTestExecutorService.java:41) ~[junit-platform-engine-1.8.2.jar:1.8.2]
	at org.junit.platform.engine.support.hierarchical.NodeTestTask.lambda$executeRecursively$6(NodeTestTask.java:155) ~[junit-platform-engine-1.8.2.jar:1.8.2]
	at org.junit.platform.engine.support.hierarchical.ThrowableCollector.execute(ThrowableCollector.java:73) ~[junit-platform-engine-1.8.2.jar:1.8.2]
	at org.junit.platform.engine.support.hierarchical.NodeTestTask.lambda$executeRecursively$8(NodeTestTask.java:141) ~[junit-platform-engine-1.8.2.jar:1.8.2]
	at org.junit.platform.engine.support.hierarchical.Node.around(Node.java:137) ~[junit-platform-engine-1.8.2.jar:1.8.2]
	at org.junit.platform.engine.support.hierarchical.NodeTestTask.lambda$executeRecursively$9(NodeTestTask.java:139) ~[junit-platform-engine-1.8.2.jar:1.8.2]
	at org.junit.platform.engine.support.hierarchical.ThrowableCollector.execute(ThrowableCollector.java:73) ~[junit-platform-engine-1.8.2.jar:1.8.2]
	at org.junit.platform.engine.support.hierarchical.NodeTestTask.executeRecursively(NodeTestTask.java:138) ~[junit-platform-engine-1.8.2.jar:1.8.2]
	at org.junit.platform.engine.support.hierarchical.NodeTestTask.execute(NodeTestTask.java:95) ~[junit-platform-engine-1.8.2.jar:1.8.2]
	at java.util.ArrayList.forEach(ArrayList.java:1257) ~[na:1.8.0_202]
	at org.junit.platform.engine.support.hierarchical.SameThreadHierarchicalTestExecutorService.invokeAll(SameThreadHierarchicalTestExecutorService.java:41) ~[junit-platform-engine-1.8.2.jar:1.8.2]
	at org.junit.platform.engine.support.hierarchical.NodeTestTask.lambda$executeRecursively$6(NodeTestTask.java:155) ~[junit-platform-engine-1.8.2.jar:1.8.2]
	at org.junit.platform.engine.support.hierarchical.ThrowableCollector.execute(ThrowableCollector.java:73) ~[junit-platform-engine-1.8.2.jar:1.8.2]
	at org.junit.platform.engine.support.hierarchical.NodeTestTask.lambda$executeRecursively$8(NodeTestTask.java:141) ~[junit-platform-engine-1.8.2.jar:1.8.2]
	at org.junit.platform.engine.support.hierarchical.Node.around(Node.java:137) ~[junit-platform-engine-1.8.2.jar:1.8.2]
	at org.junit.platform.engine.support.hierarchical.NodeTestTask.lambda$executeRecursively$9(NodeTestTask.java:139) ~[junit-platform-engine-1.8.2.jar:1.8.2]
	at org.junit.platform.engine.support.hierarchical.ThrowableCollector.execute(ThrowableCollector.java:73) ~[junit-platform-engine-1.8.2.jar:1.8.2]
	at org.junit.platform.engine.support.hierarchical.NodeTestTask.executeRecursively(NodeTestTask.java:138) ~[junit-platform-engine-1.8.2.jar:1.8.2]
	at org.junit.platform.engine.support.hierarchical.NodeTestTask.execute(NodeTestTask.java:95) ~[junit-platform-engine-1.8.2.jar:1.8.2]
	at org.junit.platform.engine.support.hierarchical.SameThreadHierarchicalTestExecutorService.submit(SameThreadHierarchicalTestExecutorService.java:35) ~[junit-platform-engine-1.8.2.jar:1.8.2]
	at org.junit.platform.engine.support.hierarchical.HierarchicalTestExecutor.execute(HierarchicalTestExecutor.java:57) ~[junit-platform-engine-1.8.2.jar:1.8.2]
	at org.junit.platform.engine.support.hierarchical.HierarchicalTestEngine.execute(HierarchicalTestEngine.java:54) ~[junit-platform-engine-1.8.2.jar:1.8.2]
	at org.junit.platform.launcher.core.DefaultLauncher.execute(DefaultLauncher.java:220) ~[junit-platform-launcher-1.3.1.jar:1.3.1]
	at org.junit.platform.launcher.core.DefaultLauncher.lambda$execute$6(DefaultLauncher.java:188) ~[junit-platform-launcher-1.3.1.jar:1.3.1]
	at org.junit.platform.launcher.core.DefaultLauncher.withInterceptedStreams(DefaultLauncher.java:202) ~[junit-platform-launcher-1.3.1.jar:1.3.1]
	at org.junit.platform.launcher.core.DefaultLauncher.execute(DefaultLauncher.java:181) ~[junit-platform-launcher-1.3.1.jar:1.3.1]
	at org.junit.platform.launcher.core.DefaultLauncher.execute(DefaultLauncher.java:128) ~[junit-platform-launcher-1.3.1.jar:1.3.1]
	at org.apache.maven.surefire.junitplatform.JUnitPlatformProvider.invokeAllTests(JUnitPlatformProvider.java:150) ~[surefire-junit-platform-2.22.2.jar:2.22.2]
	at org.apache.maven.surefire.junitplatform.JUnitPlatformProvider.invoke(JUnitPlatformProvider.java:124) ~[surefire-junit-platform-2.22.2.jar:2.22.2]
	at org.apache.maven.surefire.booter.ForkedBooter.invokeProviderInSameClassLoader(ForkedBooter.java:384) ~[surefire-booter-2.22.2.jar:2.22.2]
	at org.apache.maven.surefire.booter.ForkedBooter.runSuitesInProcess(ForkedBooter.java:345) ~[surefire-booter-2.22.2.jar:2.22.2]
	at org.apache.maven.surefire.booter.ForkedBooter.execute(ForkedBooter.java:126) ~[surefire-booter-2.22.2.jar:2.22.2]
	at org.apache.maven.surefire.booter.ForkedBooter.main(ForkedBooter.java:418) ~[surefire-booter-2.22.2.jar:2.22.2]
Caused by: com.alibaba.nacos.api.exception.NacosException: Client not connected, current status:STARTING
	at com.alibaba.nacos.common.remote.client.RpcClient.request(RpcClient.java:651) ~[nacos-client-2.1.0.jar:na]
	at com.alibaba.nacos.common.remote.client.RpcClient.request(RpcClient.java:631) ~[nacos-client-2.1.0.jar:na]
	at com.alibaba.nacos.client.naming.remote.gprc.NamingGrpcClientProxy.requestToServer(NamingGrpcClientProxy.java:278) ~[nacos-client-2.1.0.jar:na]
	... 126 common frames omitted

2023-10-15 16:18:31.001  INFO 19020 --- [           main] .r.c.m.DefaultMigrationAddressComparator :  [DUBBO] serviceKey:com.yupi.service.InnerUserService Instance address size 1, interface address size 1, threshold 0.0, dubbo version: 3.0.9, current host: 192.168.1.107
2023-10-15 16:18:31.002  INFO 19020 --- [           main] o.a.d.r.c.m.MigrationRuleHandler         :  [DUBBO] Succeed Migrated to APPLICATION_FIRST mode. Service Name: com.yupi.service.InnerUserService, dubbo version: 3.0.9, current host: 192.168.1.107
2023-10-15 16:18:31.002  INFO 19020 --- [           main] org.apache.dubbo.config.ReferenceConfig  :  [DUBBO] Referred dubbo service: [com.yupi.service.InnerUserService]. it's not GenericService reference, dubbo version: 3.0.9, current host: 192.168.1.107
2023-10-15 16:18:31.004  INFO 19020 --- [Report-thread-1] o.a.d.m.store.nacos.NacosMetadataReport  :  [DUBBO] store consumer metadata. Identifier : org.apache.dubbo.metadata.report.identifier.MetadataIdentifier@74b138d0; definition: org.apache.dubbo.common.url.component.URLParam$URLParamMap@ceb7a507, dubbo version: 3.0.9, current host: 192.168.1.107
2023-10-15 16:18:39.711  INFO 19020 --- [eduler-thread-1] DiscoveryRegistry$DefaultMappingListener :  [DUBBO] Received mapping notification from meta server, {serviceKey: com.yupi.service.InnerUserService, apps: [dubbo-springboot-demo-provider]}, dubbo version: 3.0.9, current host: 192.168.1.107
2023-10-15 16:18:40.248  INFO 19020 --- [yTimer-thread-1] o.a.d.r.retry.FailedSubscribedTask       :  [DUBBO] retry subscribe : consumer://192.168.1.107/com.yupi.service.InnerUserService?application=dubbo-springboot-demo-provider&background=false&category=providers,configurators,routers&dubbo=2.0.2&interface=com.yupi.service.InnerUserService&methods=getUser&pid=19020&release=3.0.9&revision=0.0.1-SNAPSHOT&side=consumer&sticky=false&timestamp=1697357885595, dubbo version: 3.0.9, current host: 192.168.1.107
2023-10-15 16:18:40.581  WARN 19020 --- [yTimer-thread-1] o.a.d.r.retry.FailedSubscribedTask       :  [DUBBO] Failed to execute task retry subscribe, url: consumer://192.168.1.107/com.yupi.service.InnerUserService?application=dubbo-springboot-demo-provider&background=false&category=providers,configurators,routers&dubbo=2.0.2&interface=com.yupi.service.InnerUserService&methods=getUser&pid=19020&release=3.0.9&revision=0.0.1-SNAPSHOT&side=consumer&sticky=false&timestamp=1697357885595, waiting for again, cause:Failed to subscribe consumer://192.168.1.107/com.yupi.service.InnerUserService?application=dubbo-springboot-demo-provider&background=false&category=providers,configurators,routers&dubbo=2.0.2&interface=com.yupi.service.InnerUserService&methods=getUser&pid=19020&release=3.0.9&revision=0.0.1-SNAPSHOT&side=consumer&sticky=false&timestamp=1697357885595 to nacos nacos://localhost:8848/org.apache.dubbo.registry.RegistryService?REGISTRY_CLUSTER=nacos-registry&application=dubbo-springboot-demo-provider&dubbo=2.0.2&interface=org.apache.dubbo.registry.RegistryService&pid=19020&release=3.0.9, cause: Request nacos server failed: , dubbo version: 3.0.9, current host: 192.168.1.107

org.apache.dubbo.rpc.RpcException: Failed to subscribe consumer://192.168.1.107/com.yupi.service.InnerUserService?application=dubbo-springboot-demo-provider&background=false&category=providers,configurators,routers&dubbo=2.0.2&interface=com.yupi.service.InnerUserService&methods=getUser&pid=19020&release=3.0.9&revision=0.0.1-SNAPSHOT&side=consumer&sticky=false&timestamp=1697357885595 to nacos nacos://localhost:8848/org.apache.dubbo.registry.RegistryService?REGISTRY_CLUSTER=nacos-registry&application=dubbo-springboot-demo-provider&dubbo=2.0.2&interface=org.apache.dubbo.registry.RegistryService&pid=19020&release=3.0.9, cause: Request nacos server failed: 
	at org.apache.dubbo.registry.nacos.NacosRegistry.doSubscribe(NacosRegistry.java:259) ~[dubbo-3.0.9.jar:3.0.9]
	at org.apache.dubbo.registry.nacos.NacosRegistry.doSubscribe(NacosRegistry.java:215) ~[dubbo-3.0.9.jar:3.0.9]
	at org.apache.dubbo.registry.retry.FailedSubscribedTask.doRetry(FailedSubscribedTask.java:44) ~[dubbo-3.0.9.jar:3.0.9]
	at org.apache.dubbo.registry.retry.AbstractRetryTask.run(AbstractRetryTask.java:124) ~[dubbo-3.0.9.jar:3.0.9]
	at org.apache.dubbo.common.timer.HashedWheelTimer$HashedWheelTimeout.expire(HashedWheelTimer.java:651) [dubbo-3.0.9.jar:3.0.9]
	at org.apache.dubbo.common.timer.HashedWheelTimer$HashedWheelBucket.expireTimeouts(HashedWheelTimer.java:730) [dubbo-3.0.9.jar:3.0.9]
	at org.apache.dubbo.common.timer.HashedWheelTimer$Worker.run(HashedWheelTimer.java:452) [dubbo-3.0.9.jar:3.0.9]
	at java.lang.Thread.run(Thread.java:748) [na:1.8.0_202]
Caused by: com.alibaba.nacos.api.exception.NacosException: Request nacos server failed: 
	at com.alibaba.nacos.client.naming.remote.gprc.NamingGrpcClientProxy.requestToServer(NamingGrpcClientProxy.java:288) ~[nacos-client-2.1.0.jar:na]
	at com.alibaba.nacos.client.naming.remote.gprc.NamingGrpcClientProxy.doSubscribe(NamingGrpcClientProxy.java:229) ~[nacos-client-2.1.0.jar:na]
	at com.alibaba.nacos.client.naming.remote.gprc.NamingGrpcClientProxy.subscribe(NamingGrpcClientProxy.java:214) ~[nacos-client-2.1.0.jar:na]
	at com.alibaba.nacos.client.naming.remote.NamingClientProxyDelegate.subscribe(NamingClientProxyDelegate.java:147) ~[nacos-client-2.1.0.jar:na]
	at com.alibaba.nacos.client.naming.NacosNamingService.getAllInstances(NacosNamingService.java:229) ~[nacos-client-2.1.0.jar:na]
	at com.alibaba.nacos.client.naming.NacosNamingService.getAllInstances(NacosNamingService.java:212) ~[nacos-client-2.1.0.jar:na]
	at com.alibaba.nacos.client.naming.NacosNamingService.getAllInstances(NacosNamingService.java:190) ~[nacos-client-2.1.0.jar:na]
	at org.apache.dubbo.registry.nacos.NacosNamingServiceWrapper.getAllInstances(NacosNamingServiceWrapper.java:55) ~[dubbo-3.0.9.jar:3.0.9]
	at org.apache.dubbo.registry.nacos.NacosRegistry.doSubscribe(NacosRegistry.java:233) ~[dubbo-3.0.9.jar:3.0.9]
	... 7 common frames omitted
Caused by: com.alibaba.nacos.api.exception.NacosException: Client not connected, current status:STARTING
	at com.alibaba.nacos.common.remote.client.RpcClient.request(RpcClient.java:651) ~[nacos-client-2.1.0.jar:na]
	at com.alibaba.nacos.common.remote.client.RpcClient.request(RpcClient.java:631) ~[nacos-client-2.1.0.jar:na]
	at com.alibaba.nacos.client.naming.remote.gprc.NamingGrpcClientProxy.requestToServer(NamingGrpcClientProxy.java:278) ~[nacos-client-2.1.0.jar:na]
	... 15 common frames omitted

2023-10-15 16:18:43.502  WARN 19020 --- [           main] o.a.d.r.integration.DynamicDirectory     :  [DUBBO] unexpected error when unregister service com.yupi.service.InnerUserService from registry: nacos://localhost:8848/org.apache.dubbo.registry.RegistryService?REGISTRY_CLUSTER=nacos-registry&application=dubbo-springboot-demo-provider&dubbo=2.0.2&interface=org.apache.dubbo.registry.RegistryService&pid=19020&release=3.0.9, dubbo version: 3.0.9, current host: 192.168.1.107

java.lang.RuntimeException: ErrCode:500, ErrMsg:Request nacos server failed: 
	at org.apache.dubbo.common.function.ThrowableFunction.execute(ThrowableFunction.java:54) ~[dubbo-3.0.9.jar:3.0.9]
	at org.apache.dubbo.common.function.ThrowableFunction.execute(ThrowableFunction.java:69) ~[dubbo-3.0.9.jar:3.0.9]
	at org.apache.dubbo.registry.nacos.NacosServiceDiscovery.getServices(NacosServiceDiscovery.java:92) ~[dubbo-3.0.9.jar:3.0.9]
	at org.apache.dubbo.registry.client.ServiceDiscoveryRegistry.isAvailable(ServiceDiscoveryRegistry.java:273) ~[dubbo-3.0.9.jar:3.0.9]
	at org.apache.dubbo.registry.ListenerRegistryWrapper.isAvailable(ListenerRegistryWrapper.java:47) ~[dubbo-3.0.9.jar:3.0.9]
	at org.apache.dubbo.registry.integration.DynamicDirectory.destroy(DynamicDirectory.java:294) ~[dubbo-3.0.9.jar:3.0.9]
	at org.apache.dubbo.rpc.cluster.support.AbstractClusterInvoker.destroy(AbstractClusterInvoker.java:128) [dubbo-3.0.9.jar:3.0.9]
	at org.apache.dubbo.rpc.cluster.support.wrapper.MockClusterInvoker.destroy(MockClusterInvoker.java:82) [dubbo-3.0.9.jar:3.0.9]
	at org.apache.dubbo.registry.client.migration.MigrationInvoker.destroy(MigrationInvoker.java:328) [dubbo-3.0.9.jar:3.0.9]
	at org.apache.dubbo.config.ReferenceConfig.checkInvokerAvailable(ReferenceConfig.java:535) [dubbo-3.0.9.jar:3.0.9]
	at org.apache.dubbo.config.ReferenceConfig.init(ReferenceConfig.java:293) [dubbo-3.0.9.jar:3.0.9]
	at org.apache.dubbo.config.ReferenceConfig.get(ReferenceConfig.java:219) [dubbo-3.0.9.jar:3.0.9]
	at org.apache.dubbo.config.utils.SimpleReferenceCache.get(SimpleReferenceCache.java:129) [dubbo-3.0.9.jar:3.0.9]
	at org.apache.dubbo.config.deploy.DefaultModuleDeployer.lambda$referServices$6(DefaultModuleDeployer.java:387) [dubbo-3.0.9.jar:3.0.9]
	at java.util.concurrent.ConcurrentHashMap$ValuesView.forEach(ConcurrentHashMap.java:4707) ~[na:1.8.0_202]
	at org.apache.dubbo.config.deploy.DefaultModuleDeployer.referServices(DefaultModuleDeployer.java:367) [dubbo-3.0.9.jar:3.0.9]
	at org.apache.dubbo.config.deploy.DefaultModuleDeployer.start(DefaultModuleDeployer.java:154) [dubbo-3.0.9.jar:3.0.9]
	at org.apache.dubbo.config.spring.context.DubboDeployApplicationListener.onContextRefreshedEvent(DubboDeployApplicationListener.java:111) ~[dubbo-3.0.9.jar:3.0.9]
	at org.apache.dubbo.config.spring.context.DubboDeployApplicationListener.onApplicationEvent(DubboDeployApplicationListener.java:100) ~[dubbo-3.0.9.jar:3.0.9]
	at org.apache.dubbo.config.spring.context.DubboDeployApplicationListener.onApplicationEvent(DubboDeployApplicationListener.java:45) ~[dubbo-3.0.9.jar:3.0.9]
	at org.springframework.context.event.SimpleApplicationEventMulticaster.doInvokeListener(SimpleApplicationEventMulticaster.java:176) ~[spring-context-5.3.20.jar:5.3.20]
	at org.springframework.context.event.SimpleApplicationEventMulticaster.invokeListener(SimpleApplicationEventMulticaster.java:169) ~[spring-context-5.3.20.jar:5.3.20]
	at org.springframework.context.event.SimpleApplicationEventMulticaster.multicastEvent(SimpleApplicationEventMulticaster.java:143) ~[spring-context-5.3.20.jar:5.3.20]
	at org.springframework.context.support.AbstractApplicationContext.publishEvent(AbstractApplicationContext.java:421) ~[spring-context-5.3.20.jar:5.3.20]
	at org.springframework.context.support.AbstractApplicationContext.publishEvent(AbstractApplicationContext.java:378) ~[spring-context-5.3.20.jar:5.3.20]
	at org.springframework.context.support.AbstractApplicationContext.finishRefresh(AbstractApplicationContext.java:938) ~[spring-context-5.3.20.jar:5.3.20]
	at org.springframework.context.support.AbstractApplicationContext.refresh(AbstractApplicationContext.java:586) ~[spring-context-5.3.20.jar:5.3.20]
	at org.springframework.boot.SpringApplication.refresh(SpringApplication.java:734) ~[spring-boot-2.7.0.jar:2.7.0]
	at org.springframework.boot.SpringApplication.refreshContext(SpringApplication.java:408) ~[spring-boot-2.7.0.jar:2.7.0]
	at org.springframework.boot.SpringApplication.run(SpringApplication.java:308) ~[spring-boot-2.7.0.jar:2.7.0]
	at org.springframework.boot.test.context.SpringBootContextLoader.loadContext(SpringBootContextLoader.java:132) ~[spring-boot-test-2.7.0.jar:2.7.0]
	at org.springframework.test.context.cache.DefaultCacheAwareContextLoaderDelegate.loadContextInternal(DefaultCacheAwareContextLoaderDelegate.java:99) ~[spring-test-5.3.20.jar:5.3.20]
	at org.springframework.test.context.cache.DefaultCacheAwareContextLoaderDelegate.loadContext(DefaultCacheAwareContextLoaderDelegate.java:124) ~[spring-test-5.3.20.jar:5.3.20]
	at org.springframework.test.context.support.DefaultTestContext.getApplicationContext(DefaultTestContext.java:124) ~[spring-test-5.3.20.jar:5.3.20]
	at org.springframework.test.context.support.DependencyInjectionTestExecutionListener.injectDependencies(DependencyInjectionTestExecutionListener.java:118) ~[spring-test-5.3.20.jar:5.3.20]
	at org.springframework.test.context.support.DependencyInjectionTestExecutionListener.prepareTestInstance(DependencyInjectionTestExecutionListener.java:83) ~[spring-test-5.3.20.jar:5.3.20]
	at org.springframework.boot.test.autoconfigure.SpringBootDependencyInjectionTestExecutionListener.prepareTestInstance(SpringBootDependencyInjectionTestExecutionListener.java:43) ~[spring-boot-test-autoconfigure-2.7.0.jar:2.7.0]
	at org.springframework.test.context.TestContextManager.prepareTestInstance(TestContextManager.java:248) ~[spring-test-5.3.20.jar:5.3.20]
	at org.springframework.test.context.junit.jupiter.SpringExtension.postProcessTestInstance(SpringExtension.java:138) ~[spring-test-5.3.20.jar:5.3.20]
	at org.junit.jupiter.engine.descriptor.ClassBasedTestDescriptor.lambda$invokeTestInstancePostProcessors$8(ClassBasedTestDescriptor.java:363) ~[junit-jupiter-engine-5.8.2.jar:5.8.2]
	at org.junit.jupiter.engine.descriptor.ClassBasedTestDescriptor.executeAndMaskThrowable(ClassBasedTestDescriptor.java:368) ~[junit-jupiter-engine-5.8.2.jar:5.8.2]
	at org.junit.jupiter.engine.descriptor.ClassBasedTestDescriptor.lambda$invokeTestInstancePostProcessors$9(ClassBasedTestDescriptor.java:363) ~[junit-jupiter-engine-5.8.2.jar:5.8.2]
	at java.util.stream.ReferencePipeline$3$1.accept(ReferencePipeline.java:193) ~[na:1.8.0_202]
	at java.util.stream.ReferencePipeline$2$1.accept(ReferencePipeline.java:175) ~[na:1.8.0_202]
	at java.util.ArrayList$ArrayListSpliterator.forEachRemaining(ArrayList.java:1382) ~[na:1.8.0_202]
	at java.util.stream.AbstractPipeline.copyInto(AbstractPipeline.java:481) ~[na:1.8.0_202]
	at java.util.stream.AbstractPipeline.wrapAndCopyInto(AbstractPipeline.java:471) ~[na:1.8.0_202]
	at java.util.stream.StreamSpliterators$WrappingSpliterator.forEachRemaining(StreamSpliterators.java:312) ~[na:1.8.0_202]
	at java.util.stream.Streams$ConcatSpliterator.forEachRemaining(Streams.java:743) ~[na:1.8.0_202]
	at java.util.stream.Streams$ConcatSpliterator.forEachRemaining(Streams.java:742) ~[na:1.8.0_202]
	at java.util.stream.ReferencePipeline$Head.forEach(ReferencePipeline.java:580) ~[na:1.8.0_202]
	at org.junit.jupiter.engine.descriptor.ClassBasedTestDescriptor.invokeTestInstancePostProcessors(ClassBasedTestDescriptor.java:362) ~[junit-jupiter-engine-5.8.2.jar:5.8.2]
	at org.junit.jupiter.engine.descriptor.ClassBasedTestDescriptor.lambda$instantiateAndPostProcessTestInstance$6(ClassBasedTestDescriptor.java:283) ~[junit-jupiter-engine-5.8.2.jar:5.8.2]
	at org.junit.platform.engine.support.hierarchical.ThrowableCollector.execute(ThrowableCollector.java:73) ~[junit-platform-engine-1.8.2.jar:1.8.2]
	at org.junit.jupiter.engine.descriptor.ClassBasedTestDescriptor.instantiateAndPostProcessTestInstance(ClassBasedTestDescriptor.java:282) ~[junit-jupiter-engine-5.8.2.jar:5.8.2]
	at org.junit.jupiter.engine.descriptor.ClassBasedTestDescriptor.lambda$testInstancesProvider$4(ClassBasedTestDescriptor.java:272) ~[junit-jupiter-engine-5.8.2.jar:5.8.2]
	at java.util.Optional.orElseGet(Optional.java:267) ~[na:1.8.0_202]
	at org.junit.jupiter.engine.descriptor.ClassBasedTestDescriptor.lambda$testInstancesProvider$5(ClassBasedTestDescriptor.java:271) ~[junit-jupiter-engine-5.8.2.jar:5.8.2]
	at org.junit.jupiter.engine.execution.TestInstancesProvider.getTestInstances(TestInstancesProvider.java:31) ~[junit-jupiter-engine-5.8.2.jar:5.8.2]
	at org.junit.jupiter.engine.descriptor.TestMethodTestDescriptor.lambda$prepare$0(TestMethodTestDescriptor.java:102) ~[junit-jupiter-engine-5.8.2.jar:5.8.2]
	at org.junit.platform.engine.support.hierarchical.ThrowableCollector.execute(ThrowableCollector.java:73) ~[junit-platform-engine-1.8.2.jar:1.8.2]
	at org.junit.jupiter.engine.descriptor.TestMethodTestDescriptor.prepare(TestMethodTestDescriptor.java:101) ~[junit-jupiter-engine-5.8.2.jar:5.8.2]
	at org.junit.jupiter.engine.descriptor.TestMethodTestDescriptor.prepare(TestMethodTestDescriptor.java:66) ~[junit-jupiter-engine-5.8.2.jar:5.8.2]
	at org.junit.platform.engine.support.hierarchical.NodeTestTask.lambda$prepare$2(NodeTestTask.java:123) ~[junit-platform-engine-1.8.2.jar:1.8.2]
	at org.junit.platform.engine.support.hierarchical.ThrowableCollector.execute(ThrowableCollector.java:73) ~[junit-platform-engine-1.8.2.jar:1.8.2]
	at org.junit.platform.engine.support.hierarchical.NodeTestTask.prepare(NodeTestTask.java:123) ~[junit-platform-engine-1.8.2.jar:1.8.2]
	at org.junit.platform.engine.support.hierarchical.NodeTestTask.execute(NodeTestTask.java:90) ~[junit-platform-engine-1.8.2.jar:1.8.2]
	at java.util.ArrayList.forEach(ArrayList.java:1257) ~[na:1.8.0_202]
	at org.junit.platform.engine.support.hierarchical.SameThreadHierarchicalTestExecutorService.invokeAll(SameThreadHierarchicalTestExecutorService.java:41) ~[junit-platform-engine-1.8.2.jar:1.8.2]
	at org.junit.platform.engine.support.hierarchical.NodeTestTask.lambda$executeRecursively$6(NodeTestTask.java:155) ~[junit-platform-engine-1.8.2.jar:1.8.2]
	at org.junit.platform.engine.support.hierarchical.ThrowableCollector.execute(ThrowableCollector.java:73) ~[junit-platform-engine-1.8.2.jar:1.8.2]
	at org.junit.platform.engine.support.hierarchical.NodeTestTask.lambda$executeRecursively$8(NodeTestTask.java:141) ~[junit-platform-engine-1.8.2.jar:1.8.2]
	at org.junit.platform.engine.support.hierarchical.Node.around(Node.java:137) ~[junit-platform-engine-1.8.2.jar:1.8.2]
	at org.junit.platform.engine.support.hierarchical.NodeTestTask.lambda$executeRecursively$9(NodeTestTask.java:139) ~[junit-platform-engine-1.8.2.jar:1.8.2]
	at org.junit.platform.engine.support.hierarchical.ThrowableCollector.execute(ThrowableCollector.java:73) ~[junit-platform-engine-1.8.2.jar:1.8.2]
	at org.junit.platform.engine.support.hierarchical.NodeTestTask.executeRecursively(NodeTestTask.java:138) ~[junit-platform-engine-1.8.2.jar:1.8.2]
	at org.junit.platform.engine.support.hierarchical.NodeTestTask.execute(NodeTestTask.java:95) ~[junit-platform-engine-1.8.2.jar:1.8.2]
	at java.util.ArrayList.forEach(ArrayList.java:1257) ~[na:1.8.0_202]
	at org.junit.platform.engine.support.hierarchical.SameThreadHierarchicalTestExecutorService.invokeAll(SameThreadHierarchicalTestExecutorService.java:41) ~[junit-platform-engine-1.8.2.jar:1.8.2]
	at org.junit.platform.engine.support.hierarchical.NodeTestTask.lambda$executeRecursively$6(NodeTestTask.java:155) ~[junit-platform-engine-1.8.2.jar:1.8.2]
	at org.junit.platform.engine.support.hierarchical.ThrowableCollector.execute(ThrowableCollector.java:73) ~[junit-platform-engine-1.8.2.jar:1.8.2]
	at org.junit.platform.engine.support.hierarchical.NodeTestTask.lambda$executeRecursively$8(NodeTestTask.java:141) ~[junit-platform-engine-1.8.2.jar:1.8.2]
	at org.junit.platform.engine.support.hierarchical.Node.around(Node.java:137) ~[junit-platform-engine-1.8.2.jar:1.8.2]
	at org.junit.platform.engine.support.hierarchical.NodeTestTask.lambda$executeRecursively$9(NodeTestTask.java:139) ~[junit-platform-engine-1.8.2.jar:1.8.2]
	at org.junit.platform.engine.support.hierarchical.ThrowableCollector.execute(ThrowableCollector.java:73) ~[junit-platform-engine-1.8.2.jar:1.8.2]
	at org.junit.platform.engine.support.hierarchical.NodeTestTask.executeRecursively(NodeTestTask.java:138) ~[junit-platform-engine-1.8.2.jar:1.8.2]
	at org.junit.platform.engine.support.hierarchical.NodeTestTask.execute(NodeTestTask.java:95) ~[junit-platform-engine-1.8.2.jar:1.8.2]
	at org.junit.platform.engine.support.hierarchical.SameThreadHierarchicalTestExecutorService.submit(SameThreadHierarchicalTestExecutorService.java:35) ~[junit-platform-engine-1.8.2.jar:1.8.2]
	at org.junit.platform.engine.support.hierarchical.HierarchicalTestExecutor.execute(HierarchicalTestExecutor.java:57) ~[junit-platform-engine-1.8.2.jar:1.8.2]
	at org.junit.platform.engine.support.hierarchical.HierarchicalTestEngine.execute(HierarchicalTestEngine.java:54) ~[junit-platform-engine-1.8.2.jar:1.8.2]
	at org.junit.platform.launcher.core.DefaultLauncher.execute(DefaultLauncher.java:220) ~[junit-platform-launcher-1.3.1.jar:1.3.1]
	at org.junit.platform.launcher.core.DefaultLauncher.lambda$execute$6(DefaultLauncher.java:188) ~[junit-platform-launcher-1.3.1.jar:1.3.1]
	at org.junit.platform.launcher.core.DefaultLauncher.withInterceptedStreams(DefaultLauncher.java:202) ~[junit-platform-launcher-1.3.1.jar:1.3.1]
	at org.junit.platform.launcher.core.DefaultLauncher.execute(DefaultLauncher.java:181) ~[junit-platform-launcher-1.3.1.jar:1.3.1]
	at org.junit.platform.launcher.core.DefaultLauncher.execute(DefaultLauncher.java:128) ~[junit-platform-launcher-1.3.1.jar:1.3.1]
	at org.apache.maven.surefire.junitplatform.JUnitPlatformProvider.invokeAllTests(JUnitPlatformProvider.java:150) ~[surefire-junit-platform-2.22.2.jar:2.22.2]
	at org.apache.maven.surefire.junitplatform.JUnitPlatformProvider.invoke(JUnitPlatformProvider.java:124) ~[surefire-junit-platform-2.22.2.jar:2.22.2]
	at org.apache.maven.surefire.booter.ForkedBooter.invokeProviderInSameClassLoader(ForkedBooter.java:384) ~[surefire-booter-2.22.2.jar:2.22.2]
	at org.apache.maven.surefire.booter.ForkedBooter.runSuitesInProcess(ForkedBooter.java:345) ~[surefire-booter-2.22.2.jar:2.22.2]
	at org.apache.maven.surefire.booter.ForkedBooter.execute(ForkedBooter.java:126) ~[surefire-booter-2.22.2.jar:2.22.2]
	at org.apache.maven.surefire.booter.ForkedBooter.main(ForkedBooter.java:418) ~[surefire-booter-2.22.2.jar:2.22.2]
Caused by: com.alibaba.nacos.api.exception.NacosException: Request nacos server failed: 
	at com.alibaba.nacos.client.naming.remote.gprc.NamingGrpcClientProxy.requestToServer(NamingGrpcClientProxy.java:288) ~[nacos-client-2.1.0.jar:na]
	at com.alibaba.nacos.client.naming.remote.gprc.NamingGrpcClientProxy.getServiceList(NamingGrpcClientProxy.java:201) ~[nacos-client-2.1.0.jar:na]
	at com.alibaba.nacos.client.naming.remote.NamingClientProxyDelegate.getServiceList(NamingClientProxyDelegate.java:136) ~[nacos-client-2.1.0.jar:na]
	at com.alibaba.nacos.client.naming.NacosNamingService.getServicesOfServer(NacosNamingService.java:440) ~[nacos-client-2.1.0.jar:na]
	at com.alibaba.nacos.client.naming.NacosNamingService.getServicesOfServer(NacosNamingService.java:428) ~[nacos-client-2.1.0.jar:na]
	at org.apache.dubbo.registry.nacos.NacosNamingServiceWrapper.getServicesOfServer(NacosNamingServiceWrapper.java:72) ~[dubbo-3.0.9.jar:3.0.9]
	at org.apache.dubbo.registry.nacos.NacosServiceDiscovery.lambda$getServices$2(NacosServiceDiscovery.java:96) ~[dubbo-3.0.9.jar:3.0.9]
	at org.apache.dubbo.common.function.ThrowableFunction.execute(ThrowableFunction.java:52) ~[dubbo-3.0.9.jar:3.0.9]
	... 100 common frames omitted
Caused by: com.alibaba.nacos.api.exception.NacosException: Client not connected, current status:STARTING
	at com.alibaba.nacos.common.remote.client.RpcClient.request(RpcClient.java:651) ~[nacos-client-2.1.0.jar:na]
	at com.alibaba.nacos.common.remote.client.RpcClient.request(RpcClient.java:631) ~[nacos-client-2.1.0.jar:na]
	at com.alibaba.nacos.client.naming.remote.gprc.NamingGrpcClientProxy.requestToServer(NamingGrpcClientProxy.java:278) ~[nacos-client-2.1.0.jar:na]
	... 107 common frames omitted

2023-10-15 16:18:43.837  WARN 19020 --- [           main] o.a.d.r.integration.DynamicDirectory     :  [DUBBO] unexpected error when unsubscribe service com.yupi.service.InnerUserService from registry: nacos://localhost:8848/org.apache.dubbo.registry.RegistryService?REGISTRY_CLUSTER=nacos-registry&application=dubbo-springboot-demo-provider&dubbo=2.0.2&interface=org.apache.dubbo.registry.RegistryService&pid=19020&release=3.0.9, dubbo version: 3.0.9, current host: 192.168.1.107

java.lang.RuntimeException: ErrCode:500, ErrMsg:Request nacos server failed: 
	at org.apache.dubbo.common.function.ThrowableFunction.execute(ThrowableFunction.java:54) ~[dubbo-3.0.9.jar:3.0.9]
	at org.apache.dubbo.common.function.ThrowableFunction.execute(ThrowableFunction.java:69) ~[dubbo-3.0.9.jar:3.0.9]
	at org.apache.dubbo.registry.nacos.NacosServiceDiscovery.getServices(NacosServiceDiscovery.java:92) ~[dubbo-3.0.9.jar:3.0.9]
	at org.apache.dubbo.registry.client.ServiceDiscoveryRegistry.isAvailable(ServiceDiscoveryRegistry.java:273) ~[dubbo-3.0.9.jar:3.0.9]
	at org.apache.dubbo.registry.ListenerRegistryWrapper.isAvailable(ListenerRegistryWrapper.java:47) ~[dubbo-3.0.9.jar:3.0.9]
	at org.apache.dubbo.registry.integration.DynamicDirectory.destroy(DynamicDirectory.java:302) ~[dubbo-3.0.9.jar:3.0.9]
	at org.apache.dubbo.rpc.cluster.support.AbstractClusterInvoker.destroy(AbstractClusterInvoker.java:128) [dubbo-3.0.9.jar:3.0.9]
	at org.apache.dubbo.rpc.cluster.support.wrapper.MockClusterInvoker.destroy(MockClusterInvoker.java:82) [dubbo-3.0.9.jar:3.0.9]
	at org.apache.dubbo.registry.client.migration.MigrationInvoker.destroy(MigrationInvoker.java:328) [dubbo-3.0.9.jar:3.0.9]
	at org.apache.dubbo.config.ReferenceConfig.checkInvokerAvailable(ReferenceConfig.java:535) [dubbo-3.0.9.jar:3.0.9]
	at org.apache.dubbo.config.ReferenceConfig.init(ReferenceConfig.java:293) [dubbo-3.0.9.jar:3.0.9]
	at org.apache.dubbo.config.ReferenceConfig.get(ReferenceConfig.java:219) [dubbo-3.0.9.jar:3.0.9]
	at org.apache.dubbo.config.utils.SimpleReferenceCache.get(SimpleReferenceCache.java:129) [dubbo-3.0.9.jar:3.0.9]
	at org.apache.dubbo.config.deploy.DefaultModuleDeployer.lambda$referServices$6(DefaultModuleDeployer.java:387) [dubbo-3.0.9.jar:3.0.9]
	at java.util.concurrent.ConcurrentHashMap$ValuesView.forEach(ConcurrentHashMap.java:4707) ~[na:1.8.0_202]
	at org.apache.dubbo.config.deploy.DefaultModuleDeployer.referServices(DefaultModuleDeployer.java:367) [dubbo-3.0.9.jar:3.0.9]
	at org.apache.dubbo.config.deploy.DefaultModuleDeployer.start(DefaultModuleDeployer.java:154) [dubbo-3.0.9.jar:3.0.9]
	at org.apache.dubbo.config.spring.context.DubboDeployApplicationListener.onContextRefreshedEvent(DubboDeployApplicationListener.java:111) ~[dubbo-3.0.9.jar:3.0.9]
	at org.apache.dubbo.config.spring.context.DubboDeployApplicationListener.onApplicationEvent(DubboDeployApplicationListener.java:100) ~[dubbo-3.0.9.jar:3.0.9]
	at org.apache.dubbo.config.spring.context.DubboDeployApplicationListener.onApplicationEvent(DubboDeployApplicationListener.java:45) ~[dubbo-3.0.9.jar:3.0.9]
	at org.springframework.context.event.SimpleApplicationEventMulticaster.doInvokeListener(SimpleApplicationEventMulticaster.java:176) ~[spring-context-5.3.20.jar:5.3.20]
	at org.springframework.context.event.SimpleApplicationEventMulticaster.invokeListener(SimpleApplicationEventMulticaster.java:169) ~[spring-context-5.3.20.jar:5.3.20]
	at org.springframework.context.event.SimpleApplicationEventMulticaster.multicastEvent(SimpleApplicationEventMulticaster.java:143) ~[spring-context-5.3.20.jar:5.3.20]
	at org.springframework.context.support.AbstractApplicationContext.publishEvent(AbstractApplicationContext.java:421) ~[spring-context-5.3.20.jar:5.3.20]
	at org.springframework.context.support.AbstractApplicationContext.publishEvent(AbstractApplicationContext.java:378) ~[spring-context-5.3.20.jar:5.3.20]
	at org.springframework.context.support.AbstractApplicationContext.finishRefresh(AbstractApplicationContext.java:938) ~[spring-context-5.3.20.jar:5.3.20]
	at org.springframework.context.support.AbstractApplicationContext.refresh(AbstractApplicationContext.java:586) ~[spring-context-5.3.20.jar:5.3.20]
	at org.springframework.boot.SpringApplication.refresh(SpringApplication.java:734) ~[spring-boot-2.7.0.jar:2.7.0]
	at org.springframework.boot.SpringApplication.refreshContext(SpringApplication.java:408) ~[spring-boot-2.7.0.jar:2.7.0]
	at org.springframework.boot.SpringApplication.run(SpringApplication.java:308) ~[spring-boot-2.7.0.jar:2.7.0]
	at org.springframework.boot.test.context.SpringBootContextLoader.loadContext(SpringBootContextLoader.java:132) ~[spring-boot-test-2.7.0.jar:2.7.0]
	at org.springframework.test.context.cache.DefaultCacheAwareContextLoaderDelegate.loadContextInternal(DefaultCacheAwareContextLoaderDelegate.java:99) ~[spring-test-5.3.20.jar:5.3.20]
	at org.springframework.test.context.cache.DefaultCacheAwareContextLoaderDelegate.loadContext(DefaultCacheAwareContextLoaderDelegate.java:124) ~[spring-test-5.3.20.jar:5.3.20]
	at org.springframework.test.context.support.DefaultTestContext.getApplicationContext(DefaultTestContext.java:124) ~[spring-test-5.3.20.jar:5.3.20]
	at org.springframework.test.context.support.DependencyInjectionTestExecutionListener.injectDependencies(DependencyInjectionTestExecutionListener.java:118) ~[spring-test-5.3.20.jar:5.3.20]
	at org.springframework.test.context.support.DependencyInjectionTestExecutionListener.prepareTestInstance(DependencyInjectionTestExecutionListener.java:83) ~[spring-test-5.3.20.jar:5.3.20]
	at org.springframework.boot.test.autoconfigure.SpringBootDependencyInjectionTestExecutionListener.prepareTestInstance(SpringBootDependencyInjectionTestExecutionListener.java:43) ~[spring-boot-test-autoconfigure-2.7.0.jar:2.7.0]
	at org.springframework.test.context.TestContextManager.prepareTestInstance(TestContextManager.java:248) ~[spring-test-5.3.20.jar:5.3.20]
	at org.springframework.test.context.junit.jupiter.SpringExtension.postProcessTestInstance(SpringExtension.java:138) ~[spring-test-5.3.20.jar:5.3.20]
	at org.junit.jupiter.engine.descriptor.ClassBasedTestDescriptor.lambda$invokeTestInstancePostProcessors$8(ClassBasedTestDescriptor.java:363) ~[junit-jupiter-engine-5.8.2.jar:5.8.2]
	at org.junit.jupiter.engine.descriptor.ClassBasedTestDescriptor.executeAndMaskThrowable(ClassBasedTestDescriptor.java:368) ~[junit-jupiter-engine-5.8.2.jar:5.8.2]
	at org.junit.jupiter.engine.descriptor.ClassBasedTestDescriptor.lambda$invokeTestInstancePostProcessors$9(ClassBasedTestDescriptor.java:363) ~[junit-jupiter-engine-5.8.2.jar:5.8.2]
	at java.util.stream.ReferencePipeline$3$1.accept(ReferencePipeline.java:193) ~[na:1.8.0_202]
	at java.util.stream.ReferencePipeline$2$1.accept(ReferencePipeline.java:175) ~[na:1.8.0_202]
	at java.util.ArrayList$ArrayListSpliterator.forEachRemaining(ArrayList.java:1382) ~[na:1.8.0_202]
	at java.util.stream.AbstractPipeline.copyInto(AbstractPipeline.java:481) ~[na:1.8.0_202]
	at java.util.stream.AbstractPipeline.wrapAndCopyInto(AbstractPipeline.java:471) ~[na:1.8.0_202]
	at java.util.stream.StreamSpliterators$WrappingSpliterator.forEachRemaining(StreamSpliterators.java:312) ~[na:1.8.0_202]
	at java.util.stream.Streams$ConcatSpliterator.forEachRemaining(Streams.java:743) ~[na:1.8.0_202]
	at java.util.stream.Streams$ConcatSpliterator.forEachRemaining(Streams.java:742) ~[na:1.8.0_202]
	at java.util.stream.ReferencePipeline$Head.forEach(ReferencePipeline.java:580) ~[na:1.8.0_202]
	at org.junit.jupiter.engine.descriptor.ClassBasedTestDescriptor.invokeTestInstancePostProcessors(ClassBasedTestDescriptor.java:362) ~[junit-jupiter-engine-5.8.2.jar:5.8.2]
	at org.junit.jupiter.engine.descriptor.ClassBasedTestDescriptor.lambda$instantiateAndPostProcessTestInstance$6(ClassBasedTestDescriptor.java:283) ~[junit-jupiter-engine-5.8.2.jar:5.8.2]
	at org.junit.platform.engine.support.hierarchical.ThrowableCollector.execute(ThrowableCollector.java:73) ~[junit-platform-engine-1.8.2.jar:1.8.2]
	at org.junit.jupiter.engine.descriptor.ClassBasedTestDescriptor.instantiateAndPostProcessTestInstance(ClassBasedTestDescriptor.java:282) ~[junit-jupiter-engine-5.8.2.jar:5.8.2]
	at org.junit.jupiter.engine.descriptor.ClassBasedTestDescriptor.lambda$testInstancesProvider$4(ClassBasedTestDescriptor.java:272) ~[junit-jupiter-engine-5.8.2.jar:5.8.2]
	at java.util.Optional.orElseGet(Optional.java:267) ~[na:1.8.0_202]
	at org.junit.jupiter.engine.descriptor.ClassBasedTestDescriptor.lambda$testInstancesProvider$5(ClassBasedTestDescriptor.java:271) ~[junit-jupiter-engine-5.8.2.jar:5.8.2]
	at org.junit.jupiter.engine.execution.TestInstancesProvider.getTestInstances(TestInstancesProvider.java:31) ~[junit-jupiter-engine-5.8.2.jar:5.8.2]
	at org.junit.jupiter.engine.descriptor.TestMethodTestDescriptor.lambda$prepare$0(TestMethodTestDescriptor.java:102) ~[junit-jupiter-engine-5.8.2.jar:5.8.2]
	at org.junit.platform.engine.support.hierarchical.ThrowableCollector.execute(ThrowableCollector.java:73) ~[junit-platform-engine-1.8.2.jar:1.8.2]
	at org.junit.jupiter.engine.descriptor.TestMethodTestDescriptor.prepare(TestMethodTestDescriptor.java:101) ~[junit-jupiter-engine-5.8.2.jar:5.8.2]
	at org.junit.jupiter.engine.descriptor.TestMethodTestDescriptor.prepare(TestMethodTestDescriptor.java:66) ~[junit-jupiter-engine-5.8.2.jar:5.8.2]
	at org.junit.platform.engine.support.hierarchical.NodeTestTask.lambda$prepare$2(NodeTestTask.java:123) ~[junit-platform-engine-1.8.2.jar:1.8.2]
	at org.junit.platform.engine.support.hierarchical.ThrowableCollector.execute(ThrowableCollector.java:73) ~[junit-platform-engine-1.8.2.jar:1.8.2]
	at org.junit.platform.engine.support.hierarchical.NodeTestTask.prepare(NodeTestTask.java:123) ~[junit-platform-engine-1.8.2.jar:1.8.2]
	at org.junit.platform.engine.support.hierarchical.NodeTestTask.execute(NodeTestTask.java:90) ~[junit-platform-engine-1.8.2.jar:1.8.2]
	at java.util.ArrayList.forEach(ArrayList.java:1257) ~[na:1.8.0_202]
	at org.junit.platform.engine.support.hierarchical.SameThreadHierarchicalTestExecutorService.invokeAll(SameThreadHierarchicalTestExecutorService.java:41) ~[junit-platform-engine-1.8.2.jar:1.8.2]
	at org.junit.platform.engine.support.hierarchical.NodeTestTask.lambda$executeRecursively$6(NodeTestTask.java:155) ~[junit-platform-engine-1.8.2.jar:1.8.2]
	at org.junit.platform.engine.support.hierarchical.ThrowableCollector.execute(ThrowableCollector.java:73) ~[junit-platform-engine-1.8.2.jar:1.8.2]
	at org.junit.platform.engine.support.hierarchical.NodeTestTask.lambda$executeRecursively$8(NodeTestTask.java:141) ~[junit-platform-engine-1.8.2.jar:1.8.2]
	at org.junit.platform.engine.support.hierarchical.Node.around(Node.java:137) ~[junit-platform-engine-1.8.2.jar:1.8.2]
	at org.junit.platform.engine.support.hierarchical.NodeTestTask.lambda$executeRecursively$9(NodeTestTask.java:139) ~[junit-platform-engine-1.8.2.jar:1.8.2]
	at org.junit.platform.engine.support.hierarchical.ThrowableCollector.execute(ThrowableCollector.java:73) ~[junit-platform-engine-1.8.2.jar:1.8.2]
	at org.junit.platform.engine.support.hierarchical.NodeTestTask.executeRecursively(NodeTestTask.java:138) ~[junit-platform-engine-1.8.2.jar:1.8.2]
	at org.junit.platform.engine.support.hierarchical.NodeTestTask.execute(NodeTestTask.java:95) ~[junit-platform-engine-1.8.2.jar:1.8.2]
	at java.util.ArrayList.forEach(ArrayList.java:1257) ~[na:1.8.0_202]
	at org.junit.platform.engine.support.hierarchical.SameThreadHierarchicalTestExecutorService.invokeAll(SameThreadHierarchicalTestExecutorService.java:41) ~[junit-platform-engine-1.8.2.jar:1.8.2]
	at org.junit.platform.engine.support.hierarchical.NodeTestTask.lambda$executeRecursively$6(NodeTestTask.java:155) ~[junit-platform-engine-1.8.2.jar:1.8.2]
	at org.junit.platform.engine.support.hierarchical.ThrowableCollector.execute(ThrowableCollector.java:73) ~[junit-platform-engine-1.8.2.jar:1.8.2]
	at org.junit.platform.engine.support.hierarchical.NodeTestTask.lambda$executeRecursively$8(NodeTestTask.java:141) ~[junit-platform-engine-1.8.2.jar:1.8.2]
	at org.junit.platform.engine.support.hierarchical.Node.around(Node.java:137) ~[junit-platform-engine-1.8.2.jar:1.8.2]
	at org.junit.platform.engine.support.hierarchical.NodeTestTask.lambda$executeRecursively$9(NodeTestTask.java:139) ~[junit-platform-engine-1.8.2.jar:1.8.2]
	at org.junit.platform.engine.support.hierarchical.ThrowableCollector.execute(ThrowableCollector.java:73) ~[junit-platform-engine-1.8.2.jar:1.8.2]
	at org.junit.platform.engine.support.hierarchical.NodeTestTask.executeRecursively(NodeTestTask.java:138) ~[junit-platform-engine-1.8.2.jar:1.8.2]
	at org.junit.platform.engine.support.hierarchical.NodeTestTask.execute(NodeTestTask.java:95) ~[junit-platform-engine-1.8.2.jar:1.8.2]
	at org.junit.platform.engine.support.hierarchical.SameThreadHierarchicalTestExecutorService.submit(SameThreadHierarchicalTestExecutorService.java:35) ~[junit-platform-engine-1.8.2.jar:1.8.2]
	at org.junit.platform.engine.support.hierarchical.HierarchicalTestExecutor.execute(HierarchicalTestExecutor.java:57) ~[junit-platform-engine-1.8.2.jar:1.8.2]
	at org.junit.platform.engine.support.hierarchical.HierarchicalTestEngine.execute(HierarchicalTestEngine.java:54) ~[junit-platform-engine-1.8.2.jar:1.8.2]
	at org.junit.platform.launcher.core.DefaultLauncher.execute(DefaultLauncher.java:220) ~[junit-platform-launcher-1.3.1.jar:1.3.1]
	at org.junit.platform.launcher.core.DefaultLauncher.lambda$execute$6(DefaultLauncher.java:188) ~[junit-platform-launcher-1.3.1.jar:1.3.1]
	at org.junit.platform.launcher.core.DefaultLauncher.withInterceptedStreams(DefaultLauncher.java:202) ~[junit-platform-launcher-1.3.1.jar:1.3.1]
	at org.junit.platform.launcher.core.DefaultLauncher.execute(DefaultLauncher.java:181) ~[junit-platform-launcher-1.3.1.jar:1.3.1]
	at org.junit.platform.launcher.core.DefaultLauncher.execute(DefaultLauncher.java:128) ~[junit-platform-launcher-1.3.1.jar:1.3.1]
	at org.apache.maven.surefire.junitplatform.JUnitPlatformProvider.invokeAllTests(JUnitPlatformProvider.java:150) ~[surefire-junit-platform-2.22.2.jar:2.22.2]
	at org.apache.maven.surefire.junitplatform.JUnitPlatformProvider.invoke(JUnitPlatformProvider.java:124) ~[surefire-junit-platform-2.22.2.jar:2.22.2]
	at org.apache.maven.surefire.booter.ForkedBooter.invokeProviderInSameClassLoader(ForkedBooter.java:384) ~[surefire-booter-2.22.2.jar:2.22.2]
	at org.apache.maven.surefire.booter.ForkedBooter.runSuitesInProcess(ForkedBooter.java:345) ~[surefire-booter-2.22.2.jar:2.22.2]
	at org.apache.maven.surefire.booter.ForkedBooter.execute(ForkedBooter.java:126) ~[surefire-booter-2.22.2.jar:2.22.2]
	at org.apache.maven.surefire.booter.ForkedBooter.main(ForkedBooter.java:418) ~[surefire-booter-2.22.2.jar:2.22.2]
Caused by: com.alibaba.nacos.api.exception.NacosException: Request nacos server failed: 
	at com.alibaba.nacos.client.naming.remote.gprc.NamingGrpcClientProxy.requestToServer(NamingGrpcClientProxy.java:288) ~[nacos-client-2.1.0.jar:na]
	at com.alibaba.nacos.client.naming.remote.gprc.NamingGrpcClientProxy.getServiceList(NamingGrpcClientProxy.java:201) ~[nacos-client-2.1.0.jar:na]
	at com.alibaba.nacos.client.naming.remote.NamingClientProxyDelegate.getServiceList(NamingClientProxyDelegate.java:136) ~[nacos-client-2.1.0.jar:na]
	at com.alibaba.nacos.client.naming.NacosNamingService.getServicesOfServer(NacosNamingService.java:440) ~[nacos-client-2.1.0.jar:na]
	at com.alibaba.nacos.client.naming.NacosNamingService.getServicesOfServer(NacosNamingService.java:428) ~[nacos-client-2.1.0.jar:na]
	at org.apache.dubbo.registry.nacos.NacosNamingServiceWrapper.getServicesOfServer(NacosNamingServiceWrapper.java:72) ~[dubbo-3.0.9.jar:3.0.9]
	at org.apache.dubbo.registry.nacos.NacosServiceDiscovery.lambda$getServices$2(NacosServiceDiscovery.java:96) ~[dubbo-3.0.9.jar:3.0.9]
	at org.apache.dubbo.common.function.ThrowableFunction.execute(ThrowableFunction.java:52) ~[dubbo-3.0.9.jar:3.0.9]
	... 100 common frames omitted
Caused by: com.alibaba.nacos.api.exception.NacosException: Client not connected, current status:STARTING
	at com.alibaba.nacos.common.remote.client.RpcClient.request(RpcClient.java:651) ~[nacos-client-2.1.0.jar:na]
	at com.alibaba.nacos.common.remote.client.RpcClient.request(RpcClient.java:631) ~[nacos-client-2.1.0.jar:na]
	at com.alibaba.nacos.client.naming.remote.gprc.NamingGrpcClientProxy.requestToServer(NamingGrpcClientProxy.java:278) ~[nacos-client-2.1.0.jar:na]
	... 107 common frames omitted

2023-10-15 16:18:43.840 ERROR 19020 --- [           main] o.a.d.c.deploy.DefaultModuleDeployer     :  [DUBBO] Dubbo Module[1.1.1] refer catch error., dubbo version: 3.0.9, current host: 192.168.1.107
2023-10-15 16:18:43.841 ERROR 19020 --- [           main] o.a.d.c.deploy.DefaultModuleDeployer     :  [DUBBO] Dubbo Module[1.1.1] start failed: java.lang.IllegalStateException: Failed to check the status of the service com.yupi.service.InnerUserService. No provider available for the service com.yupi.service.InnerUserService from the url consumer://192.168.1.107/com.yupi.service.InnerUserService?application=dubbo-springboot-demo-provider&background=false&dubbo=2.0.2&interface=com.yupi.service.InnerUserService&methods=getUser&pid=19020&register.ip=192.168.1.107&release=3.0.9&revision=0.0.1-SNAPSHOT&side=consumer&sticky=false&timestamp=1697357885595 to the consumer 192.168.1.107 use dubbo version 3.0.9, dubbo version: 3.0.9, current host: 192.168.1.107

java.lang.IllegalStateException: Failed to check the status of the service com.yupi.service.InnerUserService. No provider available for the service com.yupi.service.InnerUserService from the url consumer://192.168.1.107/com.yupi.service.InnerUserService?application=dubbo-springboot-demo-provider&background=false&dubbo=2.0.2&interface=com.yupi.service.InnerUserService&methods=getUser&pid=19020&register.ip=192.168.1.107&release=3.0.9&revision=0.0.1-SNAPSHOT&side=consumer&sticky=false&timestamp=1697357885595 to the consumer 192.168.1.107 use dubbo version 3.0.9
	at org.apache.dubbo.config.ReferenceConfig.checkInvokerAvailable(ReferenceConfig.java:545) ~[dubbo-3.0.9.jar:3.0.9]
	at org.apache.dubbo.config.ReferenceConfig.init(ReferenceConfig.java:293) ~[dubbo-3.0.9.jar:3.0.9]
	at org.apache.dubbo.config.ReferenceConfig.get(ReferenceConfig.java:219) ~[dubbo-3.0.9.jar:3.0.9]
	at org.apache.dubbo.config.utils.SimpleReferenceCache.get(SimpleReferenceCache.java:129) ~[dubbo-3.0.9.jar:3.0.9]
	at org.apache.dubbo.config.deploy.DefaultModuleDeployer.lambda$referServices$6(DefaultModuleDeployer.java:387) ~[dubbo-3.0.9.jar:3.0.9]
	at java.util.concurrent.ConcurrentHashMap$ValuesView.forEach(ConcurrentHashMap.java:4707) ~[na:1.8.0_202]
	at org.apache.dubbo.config.deploy.DefaultModuleDeployer.referServices(DefaultModuleDeployer.java:367) ~[dubbo-3.0.9.jar:3.0.9]
	at org.apache.dubbo.config.deploy.DefaultModuleDeployer.start(DefaultModuleDeployer.java:154) ~[dubbo-3.0.9.jar:3.0.9]
	at org.apache.dubbo.config.spring.context.DubboDeployApplicationListener.onContextRefreshedEvent(DubboDeployApplicationListener.java:111) [dubbo-3.0.9.jar:3.0.9]
	at org.apache.dubbo.config.spring.context.DubboDeployApplicationListener.onApplicationEvent(DubboDeployApplicationListener.java:100) [dubbo-3.0.9.jar:3.0.9]
	at org.apache.dubbo.config.spring.context.DubboDeployApplicationListener.onApplicationEvent(DubboDeployApplicationListener.java:45) [dubbo-3.0.9.jar:3.0.9]
	at org.springframework.context.event.SimpleApplicationEventMulticaster.doInvokeListener(SimpleApplicationEventMulticaster.java:176) [spring-context-5.3.20.jar:5.3.20]
	at org.springframework.context.event.SimpleApplicationEventMulticaster.invokeListener(SimpleApplicationEventMulticaster.java:169) [spring-context-5.3.20.jar:5.3.20]
	at org.springframework.context.event.SimpleApplicationEventMulticaster.multicastEvent(SimpleApplicationEventMulticaster.java:143) [spring-context-5.3.20.jar:5.3.20]
	at org.springframework.context.support.AbstractApplicationContext.publishEvent(AbstractApplicationContext.java:421) [spring-context-5.3.20.jar:5.3.20]
	at org.springframework.context.support.AbstractApplicationContext.publishEvent(AbstractApplicationContext.java:378) [spring-context-5.3.20.jar:5.3.20]
	at org.springframework.context.support.AbstractApplicationContext.finishRefresh(AbstractApplicationContext.java:938) [spring-context-5.3.20.jar:5.3.20]
	at org.springframework.context.support.AbstractApplicationContext.refresh(AbstractApplicationContext.java:586) [spring-context-5.3.20.jar:5.3.20]
	at org.springframework.boot.SpringApplication.refresh(SpringApplication.java:734) [spring-boot-2.7.0.jar:2.7.0]
	at org.springframework.boot.SpringApplication.refreshContext(SpringApplication.java:408) [spring-boot-2.7.0.jar:2.7.0]
	at org.springframework.boot.SpringApplication.run(SpringApplication.java:308) [spring-boot-2.7.0.jar:2.7.0]
	at org.springframework.boot.test.context.SpringBootContextLoader.loadContext(SpringBootContextLoader.java:132) [spring-boot-test-2.7.0.jar:2.7.0]
	at org.springframework.test.context.cache.DefaultCacheAwareContextLoaderDelegate.loadContextInternal(DefaultCacheAwareContextLoaderDelegate.java:99) [spring-test-5.3.20.jar:5.3.20]
	at org.springframework.test.context.cache.DefaultCacheAwareContextLoaderDelegate.loadContext(DefaultCacheAwareContextLoaderDelegate.java:124) [spring-test-5.3.20.jar:5.3.20]
	at org.springframework.test.context.support.DefaultTestContext.getApplicationContext(DefaultTestContext.java:124) [spring-test-5.3.20.jar:5.3.20]
	at org.springframework.test.context.support.DependencyInjectionTestExecutionListener.injectDependencies(DependencyInjectionTestExecutionListener.java:118) [spring-test-5.3.20.jar:5.3.20]
	at org.springframework.test.context.support.DependencyInjectionTestExecutionListener.prepareTestInstance(DependencyInjectionTestExecutionListener.java:83) [spring-test-5.3.20.jar:5.3.20]
	at org.springframework.boot.test.autoconfigure.SpringBootDependencyInjectionTestExecutionListener.prepareTestInstance(SpringBootDependencyInjectionTestExecutionListener.java:43) [spring-boot-test-autoconfigure-2.7.0.jar:2.7.0]
	at org.springframework.test.context.TestContextManager.prepareTestInstance(TestContextManager.java:248) [spring-test-5.3.20.jar:5.3.20]
	at org.springframework.test.context.junit.jupiter.SpringExtension.postProcessTestInstance(SpringExtension.java:138) [spring-test-5.3.20.jar:5.3.20]
	at org.junit.jupiter.engine.descriptor.ClassBasedTestDescriptor.lambda$invokeTestInstancePostProcessors$8(ClassBasedTestDescriptor.java:363) [junit-jupiter-engine-5.8.2.jar:5.8.2]
	at org.junit.jupiter.engine.descriptor.ClassBasedTestDescriptor.executeAndMaskThrowable(ClassBasedTestDescriptor.java:368) [junit-jupiter-engine-5.8.2.jar:5.8.2]
	at org.junit.jupiter.engine.descriptor.ClassBasedTestDescriptor.lambda$invokeTestInstancePostProcessors$9(ClassBasedTestDescriptor.java:363) [junit-jupiter-engine-5.8.2.jar:5.8.2]
	at java.util.stream.ReferencePipeline$3$1.accept(ReferencePipeline.java:193) ~[na:1.8.0_202]
	at java.util.stream.ReferencePipeline$2$1.accept(ReferencePipeline.java:175) ~[na:1.8.0_202]
	at java.util.ArrayList$ArrayListSpliterator.forEachRemaining(ArrayList.java:1382) ~[na:1.8.0_202]
	at java.util.stream.AbstractPipeline.copyInto(AbstractPipeline.java:481) ~[na:1.8.0_202]
	at java.util.stream.AbstractPipeline.wrapAndCopyInto(AbstractPipeline.java:471) ~[na:1.8.0_202]
	at java.util.stream.StreamSpliterators$WrappingSpliterator.forEachRemaining(StreamSpliterators.java:312) ~[na:1.8.0_202]
	at java.util.stream.Streams$ConcatSpliterator.forEachRemaining(Streams.java:743) ~[na:1.8.0_202]
	at java.util.stream.Streams$ConcatSpliterator.forEachRemaining(Streams.java:742) ~[na:1.8.0_202]
	at java.util.stream.ReferencePipeline$Head.forEach(ReferencePipeline.java:580) ~[na:1.8.0_202]
	at org.junit.jupiter.engine.descriptor.ClassBasedTestDescriptor.invokeTestInstancePostProcessors(ClassBasedTestDescriptor.java:362) [junit-jupiter-engine-5.8.2.jar:5.8.2]
	at org.junit.jupiter.engine.descriptor.ClassBasedTestDescriptor.lambda$instantiateAndPostProcessTestInstance$6(ClassBasedTestDescriptor.java:283) [junit-jupiter-engine-5.8.2.jar:5.8.2]
	at org.junit.platform.engine.support.hierarchical.ThrowableCollector.execute(ThrowableCollector.java:73) ~[junit-platform-engine-1.8.2.jar:1.8.2]
	at org.junit.jupiter.engine.descriptor.ClassBasedTestDescriptor.instantiateAndPostProcessTestInstance(ClassBasedTestDescriptor.java:282) [junit-jupiter-engine-5.8.2.jar:5.8.2]
	at org.junit.jupiter.engine.descriptor.ClassBasedTestDescriptor.lambda$testInstancesProvider$4(ClassBasedTestDescriptor.java:272) [junit-jupiter-engine-5.8.2.jar:5.8.2]
	at java.util.Optional.orElseGet(Optional.java:267) ~[na:1.8.0_202]
	at org.junit.jupiter.engine.descriptor.ClassBasedTestDescriptor.lambda$testInstancesProvider$5(ClassBasedTestDescriptor.java:271) [junit-jupiter-engine-5.8.2.jar:5.8.2]
	at org.junit.jupiter.engine.execution.TestInstancesProvider.getTestInstances(TestInstancesProvider.java:31) ~[junit-jupiter-engine-5.8.2.jar:5.8.2]
	at org.junit.jupiter.engine.descriptor.TestMethodTestDescriptor.lambda$prepare$0(TestMethodTestDescriptor.java:102) ~[junit-jupiter-engine-5.8.2.jar:5.8.2]
	at org.junit.platform.engine.support.hierarchical.ThrowableCollector.execute(ThrowableCollector.java:73) ~[junit-platform-engine-1.8.2.jar:1.8.2]
	at org.junit.jupiter.engine.descriptor.TestMethodTestDescriptor.prepare(TestMethodTestDescriptor.java:101) ~[junit-jupiter-engine-5.8.2.jar:5.8.2]
	at org.junit.jupiter.engine.descriptor.TestMethodTestDescriptor.prepare(TestMethodTestDescriptor.java:66) ~[junit-jupiter-engine-5.8.2.jar:5.8.2]
	at org.junit.platform.engine.support.hierarchical.NodeTestTask.lambda$prepare$2(NodeTestTask.java:123) ~[junit-platform-engine-1.8.2.jar:1.8.2]
	at org.junit.platform.engine.support.hierarchical.ThrowableCollector.execute(ThrowableCollector.java:73) ~[junit-platform-engine-1.8.2.jar:1.8.2]
	at org.junit.platform.engine.support.hierarchical.NodeTestTask.prepare(NodeTestTask.java:123) ~[junit-platform-engine-1.8.2.jar:1.8.2]
	at org.junit.platform.engine.support.hierarchical.NodeTestTask.execute(NodeTestTask.java:90) ~[junit-platform-engine-1.8.2.jar:1.8.2]
	at java.util.ArrayList.forEach(ArrayList.java:1257) ~[na:1.8.0_202]
	at org.junit.platform.engine.support.hierarchical.SameThreadHierarchicalTestExecutorService.invokeAll(SameThreadHierarchicalTestExecutorService.java:41) ~[junit-platform-engine-1.8.2.jar:1.8.2]
	at org.junit.platform.engine.support.hierarchical.NodeTestTask.lambda$executeRecursively$6(NodeTestTask.java:155) ~[junit-platform-engine-1.8.2.jar:1.8.2]
	at org.junit.platform.engine.support.hierarchical.ThrowableCollector.execute(ThrowableCollector.java:73) ~[junit-platform-engine-1.8.2.jar:1.8.2]
	at org.junit.platform.engine.support.hierarchical.NodeTestTask.lambda$executeRecursively$8(NodeTestTask.java:141) ~[junit-platform-engine-1.8.2.jar:1.8.2]
	at org.junit.platform.engine.support.hierarchical.Node.around(Node.java:137) ~[junit-platform-engine-1.8.2.jar:1.8.2]
	at org.junit.platform.engine.support.hierarchical.NodeTestTask.lambda$executeRecursively$9(NodeTestTask.java:139) ~[junit-platform-engine-1.8.2.jar:1.8.2]
	at org.junit.platform.engine.support.hierarchical.ThrowableCollector.execute(ThrowableCollector.java:73) ~[junit-platform-engine-1.8.2.jar:1.8.2]
	at org.junit.platform.engine.support.hierarchical.NodeTestTask.executeRecursively(NodeTestTask.java:138) ~[junit-platform-engine-1.8.2.jar:1.8.2]
	at org.junit.platform.engine.support.hierarchical.NodeTestTask.execute(NodeTestTask.java:95) ~[junit-platform-engine-1.8.2.jar:1.8.2]
	at java.util.ArrayList.forEach(ArrayList.java:1257) ~[na:1.8.0_202]
	at org.junit.platform.engine.support.hierarchical.SameThreadHierarchicalTestExecutorService.invokeAll(SameThreadHierarchicalTestExecutorService.java:41) ~[junit-platform-engine-1.8.2.jar:1.8.2]
	at org.junit.platform.engine.support.hierarchical.NodeTestTask.lambda$executeRecursively$6(NodeTestTask.java:155) ~[junit-platform-engine-1.8.2.jar:1.8.2]
	at org.junit.platform.engine.support.hierarchical.ThrowableCollector.execute(ThrowableCollector.java:73) ~[junit-platform-engine-1.8.2.jar:1.8.2]
	at org.junit.platform.engine.support.hierarchical.NodeTestTask.lambda$executeRecursively$8(NodeTestTask.java:141) ~[junit-platform-engine-1.8.2.jar:1.8.2]
	at org.junit.platform.engine.support.hierarchical.Node.around(Node.java:137) ~[junit-platform-engine-1.8.2.jar:1.8.2]
	at org.junit.platform.engine.support.hierarchical.NodeTestTask.lambda$executeRecursively$9(NodeTestTask.java:139) ~[junit-platform-engine-1.8.2.jar:1.8.2]
	at org.junit.platform.engine.support.hierarchical.ThrowableCollector.execute(ThrowableCollector.java:73) ~[junit-platform-engine-1.8.2.jar:1.8.2]
	at org.junit.platform.engine.support.hierarchical.NodeTestTask.executeRecursively(NodeTestTask.java:138) ~[junit-platform-engine-1.8.2.jar:1.8.2]
	at org.junit.platform.engine.support.hierarchical.NodeTestTask.execute(NodeTestTask.java:95) ~[junit-platform-engine-1.8.2.jar:1.8.2]
	at org.junit.platform.engine.support.hierarchical.SameThreadHierarchicalTestExecutorService.submit(SameThreadHierarchicalTestExecutorService.java:35) ~[junit-platform-engine-1.8.2.jar:1.8.2]
	at org.junit.platform.engine.support.hierarchical.HierarchicalTestExecutor.execute(HierarchicalTestExecutor.java:57) ~[junit-platform-engine-1.8.2.jar:1.8.2]
	at org.junit.platform.engine.support.hierarchical.HierarchicalTestEngine.execute(HierarchicalTestEngine.java:54) ~[junit-platform-engine-1.8.2.jar:1.8.2]
	at org.junit.platform.launcher.core.DefaultLauncher.execute(DefaultLauncher.java:220) ~[junit-platform-launcher-1.3.1.jar:1.3.1]
	at org.junit.platform.launcher.core.DefaultLauncher.lambda$execute$6(DefaultLauncher.java:188) ~[junit-platform-launcher-1.3.1.jar:1.3.1]
	at org.junit.platform.launcher.core.DefaultLauncher.withInterceptedStreams(DefaultLauncher.java:202) ~[junit-platform-launcher-1.3.1.jar:1.3.1]
	at org.junit.platform.launcher.core.DefaultLauncher.execute(DefaultLauncher.java:181) ~[junit-platform-launcher-1.3.1.jar:1.3.1]
	at org.junit.platform.launcher.core.DefaultLauncher.execute(DefaultLauncher.java:128) ~[junit-platform-launcher-1.3.1.jar:1.3.1]
	at org.apache.maven.surefire.junitplatform.JUnitPlatformProvider.invokeAllTests(JUnitPlatformProvider.java:150) ~[surefire-junit-platform-2.22.2.jar:2.22.2]
	at org.apache.maven.surefire.junitplatform.JUnitPlatformProvider.invoke(JUnitPlatformProvider.java:124) ~[surefire-junit-platform-2.22.2.jar:2.22.2]
	at org.apache.maven.surefire.booter.ForkedBooter.invokeProviderInSameClassLoader(ForkedBooter.java:384) ~[surefire-booter-2.22.2.jar:2.22.2]
	at org.apache.maven.surefire.booter.ForkedBooter.runSuitesInProcess(ForkedBooter.java:345) ~[surefire-booter-2.22.2.jar:2.22.2]
	at org.apache.maven.surefire.booter.ForkedBooter.execute(ForkedBooter.java:126) ~[surefire-booter-2.22.2.jar:2.22.2]
	at org.apache.maven.surefire.booter.ForkedBooter.main(ForkedBooter.java:418) ~[surefire-booter-2.22.2.jar:2.22.2]

2023-10-15 16:18:43.843  INFO 19020 --- [           main] .c.m.ConfigurableMetadataServiceExporter :  [DUBBO] Metadata Service Port hasn't been set will use default protocol defined in protocols., dubbo version: 3.0.9, current host: 192.168.1.107
2023-10-15 16:18:43.844  INFO 19020 --- [           main] .c.m.ConfigurableMetadataServiceExporter :  [DUBBO] Using dubbo protocol to export metadata service on port -1, dubbo version: 3.0.9, current host: 192.168.1.107
2023-10-15 16:18:44.189  WARN 19020 --- [           main] org.apache.dubbo.config.ServiceConfig    :  [DUBBO] Use random available port(20880) for protocol dubbo, dubbo version: 3.0.9, current host: 192.168.1.107
2023-10-15 16:18:44.212  INFO 19020 --- [           main] org.apache.dubbo.config.ServiceConfig    :  [DUBBO] Export dubbo service org.apache.dubbo.metadata.MetadataService to local registry url : injvm://127.0.0.1/org.apache.dubbo.metadata.MetadataService?anyhost=true&application=dubbo-springboot-demo-provider&background=false&bind.ip=192.168.1.107&bind.port=20880&connections=1&corethreads=2&delay=0&deprecated=false&dubbo=2.0.2&dynamic=true&executes=100&generic=false&getAndListenInstanceMetadata.1.callback=true&getAndListenInstanceMetadata.return=true&getAndListenInstanceMetadata.sent=true&group=dubbo-springboot-demo-provider&interface=org.apache.dubbo.metadata.MetadataService&methods=getMetadataURL,isMetadataService,getAndListenInstanceMetadata,getExportedURLs,serviceName,version,getSubscribedURLs,getExportedServiceURLs,exportInstanceMetadata,getMetadataInfo,toSortedStrings,getMetadataInfos,getServiceDefinition,getInstanceMetadataChangedListenerMap&pid=19020&register=false&release=3.0.9&revision=3.0.9&side=provider&threadpool=cached&threads=100&timestamp=1697357924185&version=1.0.0, dubbo version: 3.0.9, current host: 192.168.1.107
2023-10-15 16:18:44.213  INFO 19020 --- [           main] org.apache.dubbo.config.ServiceConfig    :  [DUBBO] Export dubbo service org.apache.dubbo.metadata.MetadataService to url dubbo://192.168.1.107:20880/org.apache.dubbo.metadata.MetadataService?anyhost=true&application=dubbo-springboot-demo-provider&background=false&bind.ip=192.168.1.107&bind.port=20880&connections=1&corethreads=2&delay=0&deprecated=false&dubbo=2.0.2&dynamic=true&executes=100&generic=false&getAndListenInstanceMetadata.1.callback=true&getAndListenInstanceMetadata.return=true&getAndListenInstanceMetadata.sent=true&group=dubbo-springboot-demo-provider&interface=org.apache.dubbo.metadata.MetadataService&methods=getMetadataURL,isMetadataService,getAndListenInstanceMetadata,getExportedURLs,serviceName,version,getSubscribedURLs,getExportedServiceURLs,exportInstanceMetadata,getMetadataInfo,toSortedStrings,getMetadataInfos,getServiceDefinition,getInstanceMetadataChangedListenerMap&pid=19020&register=false&release=3.0.9&revision=3.0.9&service-name-mapping=true&side=provider&threadpool=cached&threads=100&timestamp=1697357924185&version=1.0.0, dubbo version: 3.0.9, current host: 192.168.1.107
2023-10-15 16:18:44.887  INFO 19020 --- [           main] o.a.d.remoting.transport.AbstractServer  :  [DUBBO] Start NettyServer bind /0.0.0.0:20880, export /192.168.1.107:20880, dubbo version: 3.0.9, current host: 192.168.1.107
2023-10-15 16:18:44.889  INFO 19020 --- [           main] o.a.d.r.c.m.MigrationRuleListener        :  [DUBBO] Listening for migration rules on dataId dubbo-springboot-demo-provider.migration, group DUBBO_SERVICEDISCOVERY_MIGRATION, dubbo version: 3.0.9, current host: 192.168.1.107
2023-10-15 16:18:45.225  INFO 19020 --- [           main] org.apache.dubbo.config.ServiceConfig    :  [DUBBO] Export dubbo service org.apache.dubbo.metadata.MetadataService to url dubbo://192.168.1.107:20880/org.apache.dubbo.metadata.MetadataService?anyhost=true&application=dubbo-springboot-demo-provider&background=false&bind.ip=192.168.1.107&bind.port=20880&connections=1&corethreads=2&delay=0&deprecated=false&dubbo=2.0.2&dynamic=true&executes=100&generic=false&getAndListenInstanceMetadata.1.callback=true&getAndListenInstanceMetadata.return=true&getAndListenInstanceMetadata.sent=true&group=dubbo-springboot-demo-provider&interface=org.apache.dubbo.metadata.MetadataService&methods=getMetadataURL,isMetadataService,getAndListenInstanceMetadata,getExportedURLs,serviceName,version,getSubscribedURLs,getExportedServiceURLs,exportInstanceMetadata,getMetadataInfo,toSortedStrings,getMetadataInfos,getServiceDefinition,getInstanceMetadataChangedListenerMap&pid=19020&register=false&release=3.0.9&revision=3.0.9&service-name-mapping=true&side=provider&threadpool=cached&threads=100&timestamp=1697357924185&version=1.0.0, dubbo version: 3.0.9, current host: 192.168.1.107
2023-10-15 16:18:45.561  INFO 19020 --- [           main] o.a.dubbo.registry.nacos.NacosRegistry   :  [DUBBO] Subscribe: provider://192.168.1.107:20880/org.apache.dubbo.metadata.MetadataService?anyhost=true&application=dubbo-springboot-demo-provider&background=false&bind.ip=192.168.1.107&bind.port=20880&category=configurators&check=false&connections=1&corethreads=2&delay=0&deprecated=false&dubbo=2.0.2&dynamic=true&executes=100&generic=false&getAndListenInstanceMetadata.1.callback=true&getAndListenInstanceMetadata.return=true&getAndListenInstanceMetadata.sent=true&group=dubbo-springboot-demo-provider&interface=org.apache.dubbo.metadata.MetadataService&methods=getMetadataURL,isMetadataService,getAndListenInstanceMetadata,getExportedURLs,serviceName,version,getSubscribedURLs,getExportedServiceURLs,exportInstanceMetadata,getMetadataInfo,toSortedStrings,getMetadataInfos,getServiceDefinition,getInstanceMetadataChangedListenerMap&pid=19020&register=false&release=3.0.9&revision=3.0.9&service-name-mapping=true&side=provider&threadpool=cached&threads=100&timestamp=1697357924185&version=1.0.0, dubbo version: 3.0.9, current host: 192.168.1.107
2023-10-15 16:18:45.896 ERROR 19020 --- [           main] o.a.dubbo.registry.nacos.NacosRegistry   :  [DUBBO] Failed to subscribe provider://192.168.1.107:20880/org.apache.dubbo.metadata.MetadataService?anyhost=true&application=dubbo-springboot-demo-provider&background=false&bind.ip=192.168.1.107&bind.port=20880&category=configurators&check=false&connections=1&corethreads=2&delay=0&deprecated=false&dubbo=2.0.2&dynamic=true&executes=100&generic=false&getAndListenInstanceMetadata.1.callback=true&getAndListenInstanceMetadata.return=true&getAndListenInstanceMetadata.sent=true&group=dubbo-springboot-demo-provider&interface=org.apache.dubbo.metadata.MetadataService&methods=getMetadataURL,isMetadataService,getAndListenInstanceMetadata,getExportedURLs,serviceName,version,getSubscribedURLs,getExportedServiceURLs,exportInstanceMetadata,getMetadataInfo,toSortedStrings,getMetadataInfos,getServiceDefinition,getInstanceMetadataChangedListenerMap&pid=19020&register=false&release=3.0.9&revision=3.0.9&service-name-mapping=true&side=provider&threadpool=cached&threads=100&timestamp=1697357924185&version=1.0.0, waiting for retry, cause: Failed to subscribe provider://192.168.1.107:20880/org.apache.dubbo.metadata.MetadataService?anyhost=true&application=dubbo-springboot-demo-provider&background=false&bind.ip=192.168.1.107&bind.port=20880&category=configurators&check=false&connections=1&corethreads=2&delay=0&deprecated=false&dubbo=2.0.2&dynamic=true&executes=100&generic=false&getAndListenInstanceMetadata.1.callback=true&getAndListenInstanceMetadata.return=true&getAndListenInstanceMetadata.sent=true&group=dubbo-springboot-demo-provider&interface=org.apache.dubbo.metadata.MetadataService&methods=getMetadataURL,isMetadataService,getAndListenInstanceMetadata,getExportedURLs,serviceName,version,getSubscribedURLs,getExportedServiceURLs,exportInstanceMetadata,getMetadataInfo,toSortedStrings,getMetadataInfos,getServiceDefinition,getInstanceMetadataChangedListenerMap&pid=19020&register=false&release=3.0.9&revision=3.0.9&service-name-mapping=true&side=provider&threadpool=cached&threads=100&timestamp=1697357924185&version=1.0.0 to nacos nacos://localhost:8848/org.apache.dubbo.registry.RegistryService?REGISTRY_CLUSTER=nacos-registry&application=dubbo-springboot-demo-provider&dubbo=2.0.2&interface=org.apache.dubbo.registry.RegistryService&pid=19020&release=3.0.9, cause: Request nacos server failed: , dubbo version: 3.0.9, current host: 192.168.1.107

org.apache.dubbo.rpc.RpcException: Failed to subscribe provider://192.168.1.107:20880/org.apache.dubbo.metadata.MetadataService?anyhost=true&application=dubbo-springboot-demo-provider&background=false&bind.ip=192.168.1.107&bind.port=20880&category=configurators&check=false&connections=1&corethreads=2&delay=0&deprecated=false&dubbo=2.0.2&dynamic=true&executes=100&generic=false&getAndListenInstanceMetadata.1.callback=true&getAndListenInstanceMetadata.return=true&getAndListenInstanceMetadata.sent=true&group=dubbo-springboot-demo-provider&interface=org.apache.dubbo.metadata.MetadataService&methods=getMetadataURL,isMetadataService,getAndListenInstanceMetadata,getExportedURLs,serviceName,version,getSubscribedURLs,getExportedServiceURLs,exportInstanceMetadata,getMetadataInfo,toSortedStrings,getMetadataInfos,getServiceDefinition,getInstanceMetadataChangedListenerMap&pid=19020&register=false&release=3.0.9&revision=3.0.9&service-name-mapping=true&side=provider&threadpool=cached&threads=100&timestamp=1697357924185&version=1.0.0 to nacos nacos://localhost:8848/org.apache.dubbo.registry.RegistryService?REGISTRY_CLUSTER=nacos-registry&application=dubbo-springboot-demo-provider&dubbo=2.0.2&interface=org.apache.dubbo.registry.RegistryService&pid=19020&release=3.0.9, cause: Request nacos server failed: 
	at org.apache.dubbo.registry.nacos.NacosRegistry.doSubscribe(NacosRegistry.java:259) ~[dubbo-3.0.9.jar:3.0.9]
	at org.apache.dubbo.registry.nacos.NacosRegistry.doSubscribe(NacosRegistry.java:215) ~[dubbo-3.0.9.jar:3.0.9]
	at org.apache.dubbo.registry.support.FailbackRegistry.subscribe(FailbackRegistry.java:297) ~[dubbo-3.0.9.jar:3.0.9]
	at org.apache.dubbo.registry.ListenerRegistryWrapper.subscribe(ListenerRegistryWrapper.java:111) [dubbo-3.0.9.jar:3.0.9]
	at org.apache.dubbo.registry.integration.RegistryProtocol.export(RegistryProtocol.java:260) [dubbo-3.0.9.jar:3.0.9]
	at org.apache.dubbo.qos.protocol.QosProtocolWrapper.export(QosProtocolWrapper.java:74) [dubbo-3.0.9.jar:3.0.9]
	at org.apache.dubbo.rpc.protocol.ProtocolListenerWrapper.export(ProtocolListenerWrapper.java:64) [dubbo-3.0.9.jar:3.0.9]
	at org.apache.dubbo.rpc.cluster.filter.ProtocolFilterWrapper.export(ProtocolFilterWrapper.java:58) [dubbo-3.0.9.jar:3.0.9]
	at org.apache.dubbo.rpc.protocol.ProtocolSerializationWrapper.export(ProtocolSerializationWrapper.java:47) [dubbo-3.0.9.jar:3.0.9]
	at org.apache.dubbo.rpc.Protocol$Adaptive.export(Protocol$Adaptive.java) [dubbo-3.0.9.jar:3.0.9]
	at org.apache.dubbo.config.ServiceConfig.doExportUrl(ServiceConfig.java:641) [dubbo-3.0.9.jar:3.0.9]
	at org.apache.dubbo.config.ServiceConfig.exportRemote(ServiceConfig.java:619) [dubbo-3.0.9.jar:3.0.9]
	at org.apache.dubbo.config.ServiceConfig.exportUrl(ServiceConfig.java:578) [dubbo-3.0.9.jar:3.0.9]
	at org.apache.dubbo.config.ServiceConfig.doExportUrlsFor1Protocol(ServiceConfig.java:410) [dubbo-3.0.9.jar:3.0.9]
	at org.apache.dubbo.config.ServiceConfig.doExportUrls(ServiceConfig.java:396) [dubbo-3.0.9.jar:3.0.9]
	at org.apache.dubbo.config.ServiceConfig.doExport(ServiceConfig.java:361) [dubbo-3.0.9.jar:3.0.9]
	at org.apache.dubbo.config.ServiceConfig.export(ServiceConfig.java:233) [dubbo-3.0.9.jar:3.0.9]
	at org.apache.dubbo.config.metadata.ConfigurableMetadataServiceExporter.export(ConfigurableMetadataServiceExporter.java:70) [dubbo-3.0.9.jar:3.0.9]
	at org.apache.dubbo.config.metadata.ExporterDeployListener.onModuleStarted(ExporterDeployListener.java:70) [dubbo-3.0.9.jar:3.0.9]
	at org.apache.dubbo.config.deploy.DefaultApplicationDeployer.exportMetadataService(DefaultApplicationDeployer.java:923) [dubbo-3.0.9.jar:3.0.9]
	at org.apache.dubbo.config.deploy.DefaultApplicationDeployer.prepareApplicationInstance(DefaultApplicationDeployer.java:613) [dubbo-3.0.9.jar:3.0.9]
	at org.apache.dubbo.config.deploy.DefaultApplicationDeployer.checkState(DefaultApplicationDeployer.java:824) [dubbo-3.0.9.jar:3.0.9]
	at org.apache.dubbo.config.deploy.DefaultApplicationDeployer.notifyModuleChanged(DefaultApplicationDeployer.java:812) [dubbo-3.0.9.jar:3.0.9]
	at org.apache.dubbo.config.deploy.DefaultModuleDeployer.onModuleFailed(DefaultModuleDeployer.java:267) [dubbo-3.0.9.jar:3.0.9]
	at org.apache.dubbo.config.deploy.DefaultModuleDeployer.start(DefaultModuleDeployer.java:174) [dubbo-3.0.9.jar:3.0.9]
	at org.apache.dubbo.config.spring.context.DubboDeployApplicationListener.onContextRefreshedEvent(DubboDeployApplicationListener.java:111) [dubbo-3.0.9.jar:3.0.9]
	at org.apache.dubbo.config.spring.context.DubboDeployApplicationListener.onApplicationEvent(DubboDeployApplicationListener.java:100) [dubbo-3.0.9.jar:3.0.9]
	at org.apache.dubbo.config.spring.context.DubboDeployApplicationListener.onApplicationEvent(DubboDeployApplicationListener.java:45) [dubbo-3.0.9.jar:3.0.9]
	at org.springframework.context.event.SimpleApplicationEventMulticaster.doInvokeListener(SimpleApplicationEventMulticaster.java:176) [spring-context-5.3.20.jar:5.3.20]
	at org.springframework.context.event.SimpleApplicationEventMulticaster.invokeListener(SimpleApplicationEventMulticaster.java:169) [spring-context-5.3.20.jar:5.3.20]
	at org.springframework.context.event.SimpleApplicationEventMulticaster.multicastEvent(SimpleApplicationEventMulticaster.java:143) [spring-context-5.3.20.jar:5.3.20]
	at org.springframework.context.support.AbstractApplicationContext.publishEvent(AbstractApplicationContext.java:421) [spring-context-5.3.20.jar:5.3.20]
	at org.springframework.context.support.AbstractApplicationContext.publishEvent(AbstractApplicationContext.java:378) [spring-context-5.3.20.jar:5.3.20]
	at org.springframework.context.support.AbstractApplicationContext.finishRefresh(AbstractApplicationContext.java:938) [spring-context-5.3.20.jar:5.3.20]
	at org.springframework.context.support.AbstractApplicationContext.refresh(AbstractApplicationContext.java:586) [spring-context-5.3.20.jar:5.3.20]
	at org.springframework.boot.SpringApplication.refresh(SpringApplication.java:734) [spring-boot-2.7.0.jar:2.7.0]
	at org.springframework.boot.SpringApplication.refreshContext(SpringApplication.java:408) [spring-boot-2.7.0.jar:2.7.0]
	at org.springframework.boot.SpringApplication.run(SpringApplication.java:308) [spring-boot-2.7.0.jar:2.7.0]
	at org.springframework.boot.test.context.SpringBootContextLoader.loadContext(SpringBootContextLoader.java:132) [spring-boot-test-2.7.0.jar:2.7.0]
	at org.springframework.test.context.cache.DefaultCacheAwareContextLoaderDelegate.loadContextInternal(DefaultCacheAwareContextLoaderDelegate.java:99) [spring-test-5.3.20.jar:5.3.20]
	at org.springframework.test.context.cache.DefaultCacheAwareContextLoaderDelegate.loadContext(DefaultCacheAwareContextLoaderDelegate.java:124) [spring-test-5.3.20.jar:5.3.20]
	at org.springframework.test.context.support.DefaultTestContext.getApplicationContext(DefaultTestContext.java:124) [spring-test-5.3.20.jar:5.3.20]
	at org.springframework.test.context.support.DependencyInjectionTestExecutionListener.injectDependencies(DependencyInjectionTestExecutionListener.java:118) [spring-test-5.3.20.jar:5.3.20]
	at org.springframework.test.context.support.DependencyInjectionTestExecutionListener.prepareTestInstance(DependencyInjectionTestExecutionListener.java:83) [spring-test-5.3.20.jar:5.3.20]
	at org.springframework.boot.test.autoconfigure.SpringBootDependencyInjectionTestExecutionListener.prepareTestInstance(SpringBootDependencyInjectionTestExecutionListener.java:43) [spring-boot-test-autoconfigure-2.7.0.jar:2.7.0]
	at org.springframework.test.context.TestContextManager.prepareTestInstance(TestContextManager.java:248) [spring-test-5.3.20.jar:5.3.20]
	at org.springframework.test.context.junit.jupiter.SpringExtension.postProcessTestInstance(SpringExtension.java:138) [spring-test-5.3.20.jar:5.3.20]
	at org.junit.jupiter.engine.descriptor.ClassBasedTestDescriptor.lambda$invokeTestInstancePostProcessors$8(ClassBasedTestDescriptor.java:363) [junit-jupiter-engine-5.8.2.jar:5.8.2]
	at org.junit.jupiter.engine.descriptor.ClassBasedTestDescriptor.executeAndMaskThrowable(ClassBasedTestDescriptor.java:368) [junit-jupiter-engine-5.8.2.jar:5.8.2]
	at org.junit.jupiter.engine.descriptor.ClassBasedTestDescriptor.lambda$invokeTestInstancePostProcessors$9(ClassBasedTestDescriptor.java:363) [junit-jupiter-engine-5.8.2.jar:5.8.2]
	at java.util.stream.ReferencePipeline$3$1.accept(ReferencePipeline.java:193) ~[na:1.8.0_202]
	at java.util.stream.ReferencePipeline$2$1.accept(ReferencePipeline.java:175) ~[na:1.8.0_202]
	at java.util.ArrayList$ArrayListSpliterator.forEachRemaining(ArrayList.java:1382) ~[na:1.8.0_202]
	at java.util.stream.AbstractPipeline.copyInto(AbstractPipeline.java:481) ~[na:1.8.0_202]
	at java.util.stream.AbstractPipeline.wrapAndCopyInto(AbstractPipeline.java:471) ~[na:1.8.0_202]
	at java.util.stream.StreamSpliterators$WrappingSpliterator.forEachRemaining(StreamSpliterators.java:312) ~[na:1.8.0_202]
	at java.util.stream.Streams$ConcatSpliterator.forEachRemaining(Streams.java:743) ~[na:1.8.0_202]
	at java.util.stream.Streams$ConcatSpliterator.forEachRemaining(Streams.java:742) ~[na:1.8.0_202]
	at java.util.stream.ReferencePipeline$Head.forEach(ReferencePipeline.java:580) ~[na:1.8.0_202]
	at org.junit.jupiter.engine.descriptor.ClassBasedTestDescriptor.invokeTestInstancePostProcessors(ClassBasedTestDescriptor.java:362) [junit-jupiter-engine-5.8.2.jar:5.8.2]
	at org.junit.jupiter.engine.descriptor.ClassBasedTestDescriptor.lambda$instantiateAndPostProcessTestInstance$6(ClassBasedTestDescriptor.java:283) [junit-jupiter-engine-5.8.2.jar:5.8.2]
	at org.junit.platform.engine.support.hierarchical.ThrowableCollector.execute(ThrowableCollector.java:73) ~[junit-platform-engine-1.8.2.jar:1.8.2]
	at org.junit.jupiter.engine.descriptor.ClassBasedTestDescriptor.instantiateAndPostProcessTestInstance(ClassBasedTestDescriptor.java:282) [junit-jupiter-engine-5.8.2.jar:5.8.2]
	at org.junit.jupiter.engine.descriptor.ClassBasedTestDescriptor.lambda$testInstancesProvider$4(ClassBasedTestDescriptor.java:272) [junit-jupiter-engine-5.8.2.jar:5.8.2]
	at java.util.Optional.orElseGet(Optional.java:267) ~[na:1.8.0_202]
	at org.junit.jupiter.engine.descriptor.ClassBasedTestDescriptor.lambda$testInstancesProvider$5(ClassBasedTestDescriptor.java:271) [junit-jupiter-engine-5.8.2.jar:5.8.2]
	at org.junit.jupiter.engine.execution.TestInstancesProvider.getTestInstances(TestInstancesProvider.java:31) ~[junit-jupiter-engine-5.8.2.jar:5.8.2]
	at org.junit.jupiter.engine.descriptor.TestMethodTestDescriptor.lambda$prepare$0(TestMethodTestDescriptor.java:102) ~[junit-jupiter-engine-5.8.2.jar:5.8.2]
	at org.junit.platform.engine.support.hierarchical.ThrowableCollector.execute(ThrowableCollector.java:73) ~[junit-platform-engine-1.8.2.jar:1.8.2]
	at org.junit.jupiter.engine.descriptor.TestMethodTestDescriptor.prepare(TestMethodTestDescriptor.java:101) ~[junit-jupiter-engine-5.8.2.jar:5.8.2]
	at org.junit.jupiter.engine.descriptor.TestMethodTestDescriptor.prepare(TestMethodTestDescriptor.java:66) ~[junit-jupiter-engine-5.8.2.jar:5.8.2]
	at org.junit.platform.engine.support.hierarchical.NodeTestTask.lambda$prepare$2(NodeTestTask.java:123) ~[junit-platform-engine-1.8.2.jar:1.8.2]
	at org.junit.platform.engine.support.hierarchical.ThrowableCollector.execute(ThrowableCollector.java:73) ~[junit-platform-engine-1.8.2.jar:1.8.2]
	at org.junit.platform.engine.support.hierarchical.NodeTestTask.prepare(NodeTestTask.java:123) ~[junit-platform-engine-1.8.2.jar:1.8.2]
	at org.junit.platform.engine.support.hierarchical.NodeTestTask.execute(NodeTestTask.java:90) ~[junit-platform-engine-1.8.2.jar:1.8.2]
	at java.util.ArrayList.forEach(ArrayList.java:1257) ~[na:1.8.0_202]
	at org.junit.platform.engine.support.hierarchical.SameThreadHierarchicalTestExecutorService.invokeAll(SameThreadHierarchicalTestExecutorService.java:41) ~[junit-platform-engine-1.8.2.jar:1.8.2]
	at org.junit.platform.engine.support.hierarchical.NodeTestTask.lambda$executeRecursively$6(NodeTestTask.java:155) ~[junit-platform-engine-1.8.2.jar:1.8.2]
	at org.junit.platform.engine.support.hierarchical.ThrowableCollector.execute(ThrowableCollector.java:73) ~[junit-platform-engine-1.8.2.jar:1.8.2]
	at org.junit.platform.engine.support.hierarchical.NodeTestTask.lambda$executeRecursively$8(NodeTestTask.java:141) ~[junit-platform-engine-1.8.2.jar:1.8.2]
	at org.junit.platform.engine.support.hierarchical.Node.around(Node.java:137) ~[junit-platform-engine-1.8.2.jar:1.8.2]
	at org.junit.platform.engine.support.hierarchical.NodeTestTask.lambda$executeRecursively$9(NodeTestTask.java:139) ~[junit-platform-engine-1.8.2.jar:1.8.2]
	at org.junit.platform.engine.support.hierarchical.ThrowableCollector.execute(ThrowableCollector.java:73) ~[junit-platform-engine-1.8.2.jar:1.8.2]
	at org.junit.platform.engine.support.hierarchical.NodeTestTask.executeRecursively(NodeTestTask.java:138) ~[junit-platform-engine-1.8.2.jar:1.8.2]
	at org.junit.platform.engine.support.hierarchical.NodeTestTask.execute(NodeTestTask.java:95) ~[junit-platform-engine-1.8.2.jar:1.8.2]
	at java.util.ArrayList.forEach(ArrayList.java:1257) ~[na:1.8.0_202]
	at org.junit.platform.engine.support.hierarchical.SameThreadHierarchicalTestExecutorService.invokeAll(SameThreadHierarchicalTestExecutorService.java:41) ~[junit-platform-engine-1.8.2.jar:1.8.2]
	at org.junit.platform.engine.support.hierarchical.NodeTestTask.lambda$executeRecursively$6(NodeTestTask.java:155) ~[junit-platform-engine-1.8.2.jar:1.8.2]
	at org.junit.platform.engine.support.hierarchical.ThrowableCollector.execute(ThrowableCollector.java:73) ~[junit-platform-engine-1.8.2.jar:1.8.2]
	at org.junit.platform.engine.support.hierarchical.NodeTestTask.lambda$executeRecursively$8(NodeTestTask.java:141) ~[junit-platform-engine-1.8.2.jar:1.8.2]
	at org.junit.platform.engine.support.hierarchical.Node.around(Node.java:137) ~[junit-platform-engine-1.8.2.jar:1.8.2]
	at org.junit.platform.engine.support.hierarchical.NodeTestTask.lambda$executeRecursively$9(NodeTestTask.java:139) ~[junit-platform-engine-1.8.2.jar:1.8.2]
	at org.junit.platform.engine.support.hierarchical.ThrowableCollector.execute(ThrowableCollector.java:73) ~[junit-platform-engine-1.8.2.jar:1.8.2]
	at org.junit.platform.engine.support.hierarchical.NodeTestTask.executeRecursively(NodeTestTask.java:138) ~[junit-platform-engine-1.8.2.jar:1.8.2]
	at org.junit.platform.engine.support.hierarchical.NodeTestTask.execute(NodeTestTask.java:95) ~[junit-platform-engine-1.8.2.jar:1.8.2]
	at org.junit.platform.engine.support.hierarchical.SameThreadHierarchicalTestExecutorService.submit(SameThreadHierarchicalTestExecutorService.java:35) ~[junit-platform-engine-1.8.2.jar:1.8.2]
	at org.junit.platform.engine.support.hierarchical.HierarchicalTestExecutor.execute(HierarchicalTestExecutor.java:57) ~[junit-platform-engine-1.8.2.jar:1.8.2]
	at org.junit.platform.engine.support.hierarchical.HierarchicalTestEngine.execute(HierarchicalTestEngine.java:54) ~[junit-platform-engine-1.8.2.jar:1.8.2]
	at org.junit.platform.launcher.core.DefaultLauncher.execute(DefaultLauncher.java:220) ~[junit-platform-launcher-1.3.1.jar:1.3.1]
	at org.junit.platform.launcher.core.DefaultLauncher.lambda$execute$6(DefaultLauncher.java:188) ~[junit-platform-launcher-1.3.1.jar:1.3.1]
	at org.junit.platform.launcher.core.DefaultLauncher.withInterceptedStreams(DefaultLauncher.java:202) ~[junit-platform-launcher-1.3.1.jar:1.3.1]
	at org.junit.platform.launcher.core.DefaultLauncher.execute(DefaultLauncher.java:181) ~[junit-platform-launcher-1.3.1.jar:1.3.1]
	at org.junit.platform.launcher.core.DefaultLauncher.execute(DefaultLauncher.java:128) ~[junit-platform-launcher-1.3.1.jar:1.3.1]
	at org.apache.maven.surefire.junitplatform.JUnitPlatformProvider.invokeAllTests(JUnitPlatformProvider.java:150) ~[surefire-junit-platform-2.22.2.jar:2.22.2]
	at org.apache.maven.surefire.junitplatform.JUnitPlatformProvider.invoke(JUnitPlatformProvider.java:124) ~[surefire-junit-platform-2.22.2.jar:2.22.2]
	at org.apache.maven.surefire.booter.ForkedBooter.invokeProviderInSameClassLoader(ForkedBooter.java:384) ~[surefire-booter-2.22.2.jar:2.22.2]
	at org.apache.maven.surefire.booter.ForkedBooter.runSuitesInProcess(ForkedBooter.java:345) ~[surefire-booter-2.22.2.jar:2.22.2]
	at org.apache.maven.surefire.booter.ForkedBooter.execute(ForkedBooter.java:126) ~[surefire-booter-2.22.2.jar:2.22.2]
	at org.apache.maven.surefire.booter.ForkedBooter.main(ForkedBooter.java:418) ~[surefire-booter-2.22.2.jar:2.22.2]
Caused by: com.alibaba.nacos.api.exception.NacosException: Request nacos server failed: 
	at com.alibaba.nacos.client.naming.remote.gprc.NamingGrpcClientProxy.requestToServer(NamingGrpcClientProxy.java:288) ~[nacos-client-2.1.0.jar:na]
	at com.alibaba.nacos.client.naming.remote.gprc.NamingGrpcClientProxy.doSubscribe(NamingGrpcClientProxy.java:229) ~[nacos-client-2.1.0.jar:na]
	at com.alibaba.nacos.client.naming.remote.gprc.NamingGrpcClientProxy.subscribe(NamingGrpcClientProxy.java:214) ~[nacos-client-2.1.0.jar:na]
	at com.alibaba.nacos.client.naming.remote.NamingClientProxyDelegate.subscribe(NamingClientProxyDelegate.java:147) ~[nacos-client-2.1.0.jar:na]
	at com.alibaba.nacos.client.naming.NacosNamingService.getAllInstances(NacosNamingService.java:229) ~[nacos-client-2.1.0.jar:na]
	at com.alibaba.nacos.client.naming.NacosNamingService.getAllInstances(NacosNamingService.java:212) ~[nacos-client-2.1.0.jar:na]
	at com.alibaba.nacos.client.naming.NacosNamingService.getAllInstances(NacosNamingService.java:190) ~[nacos-client-2.1.0.jar:na]
	at org.apache.dubbo.registry.nacos.NacosNamingServiceWrapper.getAllInstances(NacosNamingServiceWrapper.java:55) ~[dubbo-3.0.9.jar:3.0.9]
	at org.apache.dubbo.registry.nacos.NacosRegistry.doSubscribe(NacosRegistry.java:233) ~[dubbo-3.0.9.jar:3.0.9]
	... 108 common frames omitted
Caused by: com.alibaba.nacos.api.exception.NacosException: Client not connected, current status:STARTING
	at com.alibaba.nacos.common.remote.client.RpcClient.request(RpcClient.java:651) ~[nacos-client-2.1.0.jar:na]
	at com.alibaba.nacos.common.remote.client.RpcClient.request(RpcClient.java:631) ~[nacos-client-2.1.0.jar:na]
	at com.alibaba.nacos.client.naming.remote.gprc.NamingGrpcClientProxy.requestToServer(NamingGrpcClientProxy.java:278) ~[nacos-client-2.1.0.jar:na]
	... 116 common frames omitted

2023-10-15 16:18:45.896  INFO 19020 --- [           main] org.apache.dubbo.config.ServiceConfig    :  [DUBBO] Successfully registered interface application mapping for service dubbo-springboot-demo-provider/org.apache.dubbo.metadata.MetadataService:1.0.0, dubbo version: 3.0.9, current host: 192.168.1.107
2023-10-15 16:18:45.896  INFO 19020 --- [           main] .c.m.ConfigurableMetadataServiceExporter :  [DUBBO] The MetadataService exports urls : [dubbo://192.168.1.107:20880/org.apache.dubbo.metadata.MetadataService?anyhost=true&application=dubbo-springboot-demo-provider&background=false&bind.ip=192.168.1.107&bind.port=20880&connections=1&corethreads=2&delay=0&deprecated=false&dubbo=2.0.2&dynamic=true&executes=100&generic=false&getAndListenInstanceMetadata.1.callback=true&getAndListenInstanceMetadata.return=true&getAndListenInstanceMetadata.sent=true&group=dubbo-springboot-demo-provider&interface=org.apache.dubbo.metadata.MetadataService&methods=getMetadataURL,isMetadataService,getAndListenInstanceMetadata,getExportedURLs,serviceName,version,getSubscribedURLs,getExportedServiceURLs,exportInstanceMetadata,getMetadataInfo,toSortedStrings,getMetadataInfos,getServiceDefinition,getInstanceMetadataChangedListenerMap&pid=19020&register=false&release=3.0.9&revision=3.0.9&service-name-mapping=true&side=provider&threadpool=cached&threads=100&timestamp=1697357924185&version=1.0.0], dubbo version: 3.0.9, current host: 192.168.1.107
2023-10-15 16:18:45.897  INFO 19020 --- [           main] o.a.d.r.c.m.ServiceInstanceMetadataUtils :  [DUBBO] Start registering instance address to registry., dubbo version: 3.0.9, current host: 192.168.1.107
2023-10-15 16:18:45.901  WARN 19020 --- [           main] o.a.d.r.client.AbstractServiceDiscovery  :  [DUBBO] No valid instance found, stop registering instance address to registry., dubbo version: 3.0.9, current host: 192.168.1.107
2023-10-15 16:18:45.902 ERROR 19020 --- [           main] o.a.d.c.d.DefaultApplicationDeployer     :  [DUBBO] Dubbo Application[1.1](dubbo-springboot-demo-provider) found failed module: Dubbo Module[1.1.1], dubbo version: 3.0.9, current host: 192.168.1.107

java.lang.IllegalStateException: Failed to check the status of the service com.yupi.service.InnerUserService. No provider available for the service com.yupi.service.InnerUserService from the url consumer://192.168.1.107/com.yupi.service.InnerUserService?application=dubbo-springboot-demo-provider&background=false&dubbo=2.0.2&interface=com.yupi.service.InnerUserService&methods=getUser&pid=19020&register.ip=192.168.1.107&release=3.0.9&revision=0.0.1-SNAPSHOT&side=consumer&sticky=false&timestamp=1697357885595 to the consumer 192.168.1.107 use dubbo version 3.0.9
	at org.apache.dubbo.config.ReferenceConfig.checkInvokerAvailable(ReferenceConfig.java:545) ~[dubbo-3.0.9.jar:3.0.9]
	at org.apache.dubbo.config.ReferenceConfig.init(ReferenceConfig.java:293) ~[dubbo-3.0.9.jar:3.0.9]
	at org.apache.dubbo.config.ReferenceConfig.get(ReferenceConfig.java:219) ~[dubbo-3.0.9.jar:3.0.9]
	at org.apache.dubbo.config.utils.SimpleReferenceCache.get(SimpleReferenceCache.java:129) ~[dubbo-3.0.9.jar:3.0.9]
	at org.apache.dubbo.config.deploy.DefaultModuleDeployer.lambda$referServices$6(DefaultModuleDeployer.java:387) ~[dubbo-3.0.9.jar:3.0.9]
	at java.util.concurrent.ConcurrentHashMap$ValuesView.forEach(ConcurrentHashMap.java:4707) ~[na:1.8.0_202]
	at org.apache.dubbo.config.deploy.DefaultModuleDeployer.referServices(DefaultModuleDeployer.java:367) ~[dubbo-3.0.9.jar:3.0.9]
	at org.apache.dubbo.config.deploy.DefaultModuleDeployer.start(DefaultModuleDeployer.java:154) ~[dubbo-3.0.9.jar:3.0.9]
	at org.apache.dubbo.config.spring.context.DubboDeployApplicationListener.onContextRefreshedEvent(DubboDeployApplicationListener.java:111) [dubbo-3.0.9.jar:3.0.9]
	at org.apache.dubbo.config.spring.context.DubboDeployApplicationListener.onApplicationEvent(DubboDeployApplicationListener.java:100) [dubbo-3.0.9.jar:3.0.9]
	at org.apache.dubbo.config.spring.context.DubboDeployApplicationListener.onApplicationEvent(DubboDeployApplicationListener.java:45) [dubbo-3.0.9.jar:3.0.9]
	at org.springframework.context.event.SimpleApplicationEventMulticaster.doInvokeListener(SimpleApplicationEventMulticaster.java:176) [spring-context-5.3.20.jar:5.3.20]
	at org.springframework.context.event.SimpleApplicationEventMulticaster.invokeListener(SimpleApplicationEventMulticaster.java:169) [spring-context-5.3.20.jar:5.3.20]
	at org.springframework.context.event.SimpleApplicationEventMulticaster.multicastEvent(SimpleApplicationEventMulticaster.java:143) [spring-context-5.3.20.jar:5.3.20]
	at org.springframework.context.support.AbstractApplicationContext.publishEvent(AbstractApplicationContext.java:421) [spring-context-5.3.20.jar:5.3.20]
	at org.springframework.context.support.AbstractApplicationContext.publishEvent(AbstractApplicationContext.java:378) [spring-context-5.3.20.jar:5.3.20]
	at org.springframework.context.support.AbstractApplicationContext.finishRefresh(AbstractApplicationContext.java:938) [spring-context-5.3.20.jar:5.3.20]
	at org.springframework.context.support.AbstractApplicationContext.refresh(AbstractApplicationContext.java:586) [spring-context-5.3.20.jar:5.3.20]
	at org.springframework.boot.SpringApplication.refresh(SpringApplication.java:734) [spring-boot-2.7.0.jar:2.7.0]
	at org.springframework.boot.SpringApplication.refreshContext(SpringApplication.java:408) [spring-boot-2.7.0.jar:2.7.0]
	at org.springframework.boot.SpringApplication.run(SpringApplication.java:308) [spring-boot-2.7.0.jar:2.7.0]
	at org.springframework.boot.test.context.SpringBootContextLoader.loadContext(SpringBootContextLoader.java:132) [spring-boot-test-2.7.0.jar:2.7.0]
	at org.springframework.test.context.cache.DefaultCacheAwareContextLoaderDelegate.loadContextInternal(DefaultCacheAwareContextLoaderDelegate.java:99) [spring-test-5.3.20.jar:5.3.20]
	at org.springframework.test.context.cache.DefaultCacheAwareContextLoaderDelegate.loadContext(DefaultCacheAwareContextLoaderDelegate.java:124) [spring-test-5.3.20.jar:5.3.20]
	at org.springframework.test.context.support.DefaultTestContext.getApplicationContext(DefaultTestContext.java:124) [spring-test-5.3.20.jar:5.3.20]
	at org.springframework.test.context.support.DependencyInjectionTestExecutionListener.injectDependencies(DependencyInjectionTestExecutionListener.java:118) [spring-test-5.3.20.jar:5.3.20]
	at org.springframework.test.context.support.DependencyInjectionTestExecutionListener.prepareTestInstance(DependencyInjectionTestExecutionListener.java:83) [spring-test-5.3.20.jar:5.3.20]
	at org.springframework.boot.test.autoconfigure.SpringBootDependencyInjectionTestExecutionListener.prepareTestInstance(SpringBootDependencyInjectionTestExecutionListener.java:43) [spring-boot-test-autoconfigure-2.7.0.jar:2.7.0]
	at org.springframework.test.context.TestContextManager.prepareTestInstance(TestContextManager.java:248) [spring-test-5.3.20.jar:5.3.20]
	at org.springframework.test.context.junit.jupiter.SpringExtension.postProcessTestInstance(SpringExtension.java:138) [spring-test-5.3.20.jar:5.3.20]
	at org.junit.jupiter.engine.descriptor.ClassBasedTestDescriptor.lambda$invokeTestInstancePostProcessors$8(ClassBasedTestDescriptor.java:363) [junit-jupiter-engine-5.8.2.jar:5.8.2]
	at org.junit.jupiter.engine.descriptor.ClassBasedTestDescriptor.executeAndMaskThrowable(ClassBasedTestDescriptor.java:368) [junit-jupiter-engine-5.8.2.jar:5.8.2]
	at org.junit.jupiter.engine.descriptor.ClassBasedTestDescriptor.lambda$invokeTestInstancePostProcessors$9(ClassBasedTestDescriptor.java:363) [junit-jupiter-engine-5.8.2.jar:5.8.2]
	at java.util.stream.ReferencePipeline$3$1.accept(ReferencePipeline.java:193) ~[na:1.8.0_202]
	at java.util.stream.ReferencePipeline$2$1.accept(ReferencePipeline.java:175) ~[na:1.8.0_202]
	at java.util.ArrayList$ArrayListSpliterator.forEachRemaining(ArrayList.java:1382) ~[na:1.8.0_202]
	at java.util.stream.AbstractPipeline.copyInto(AbstractPipeline.java:481) ~[na:1.8.0_202]
	at java.util.stream.AbstractPipeline.wrapAndCopyInto(AbstractPipeline.java:471) ~[na:1.8.0_202]
	at java.util.stream.StreamSpliterators$WrappingSpliterator.forEachRemaining(StreamSpliterators.java:312) ~[na:1.8.0_202]
	at java.util.stream.Streams$ConcatSpliterator.forEachRemaining(Streams.java:743) ~[na:1.8.0_202]
	at java.util.stream.Streams$ConcatSpliterator.forEachRemaining(Streams.java:742) ~[na:1.8.0_202]
	at java.util.stream.ReferencePipeline$Head.forEach(ReferencePipeline.java:580) ~[na:1.8.0_202]
	at org.junit.jupiter.engine.descriptor.ClassBasedTestDescriptor.invokeTestInstancePostProcessors(ClassBasedTestDescriptor.java:362) [junit-jupiter-engine-5.8.2.jar:5.8.2]
	at org.junit.jupiter.engine.descriptor.ClassBasedTestDescriptor.lambda$instantiateAndPostProcessTestInstance$6(ClassBasedTestDescriptor.java:283) [junit-jupiter-engine-5.8.2.jar:5.8.2]
	at org.junit.platform.engine.support.hierarchical.ThrowableCollector.execute(ThrowableCollector.java:73) ~[junit-platform-engine-1.8.2.jar:1.8.2]
	at org.junit.jupiter.engine.descriptor.ClassBasedTestDescriptor.instantiateAndPostProcessTestInstance(ClassBasedTestDescriptor.java:282) [junit-jupiter-engine-5.8.2.jar:5.8.2]
	at org.junit.jupiter.engine.descriptor.ClassBasedTestDescriptor.lambda$testInstancesProvider$4(ClassBasedTestDescriptor.java:272) [junit-jupiter-engine-5.8.2.jar:5.8.2]
	at java.util.Optional.orElseGet(Optional.java:267) ~[na:1.8.0_202]
	at org.junit.jupiter.engine.descriptor.ClassBasedTestDescriptor.lambda$testInstancesProvider$5(ClassBasedTestDescriptor.java:271) [junit-jupiter-engine-5.8.2.jar:5.8.2]
	at org.junit.jupiter.engine.execution.TestInstancesProvider.getTestInstances(TestInstancesProvider.java:31) ~[junit-jupiter-engine-5.8.2.jar:5.8.2]
	at org.junit.jupiter.engine.descriptor.TestMethodTestDescriptor.lambda$prepare$0(TestMethodTestDescriptor.java:102) ~[junit-jupiter-engine-5.8.2.jar:5.8.2]
	at org.junit.platform.engine.support.hierarchical.ThrowableCollector.execute(ThrowableCollector.java:73) ~[junit-platform-engine-1.8.2.jar:1.8.2]
	at org.junit.jupiter.engine.descriptor.TestMethodTestDescriptor.prepare(TestMethodTestDescriptor.java:101) ~[junit-jupiter-engine-5.8.2.jar:5.8.2]
	at org.junit.jupiter.engine.descriptor.TestMethodTestDescriptor.prepare(TestMethodTestDescriptor.java:66) ~[junit-jupiter-engine-5.8.2.jar:5.8.2]
	at org.junit.platform.engine.support.hierarchical.NodeTestTask.lambda$prepare$2(NodeTestTask.java:123) ~[junit-platform-engine-1.8.2.jar:1.8.2]
	at org.junit.platform.engine.support.hierarchical.ThrowableCollector.execute(ThrowableCollector.java:73) ~[junit-platform-engine-1.8.2.jar:1.8.2]
	at org.junit.platform.engine.support.hierarchical.NodeTestTask.prepare(NodeTestTask.java:123) ~[junit-platform-engine-1.8.2.jar:1.8.2]
	at org.junit.platform.engine.support.hierarchical.NodeTestTask.execute(NodeTestTask.java:90) ~[junit-platform-engine-1.8.2.jar:1.8.2]
	at java.util.ArrayList.forEach(ArrayList.java:1257) ~[na:1.8.0_202]
	at org.junit.platform.engine.support.hierarchical.SameThreadHierarchicalTestExecutorService.invokeAll(SameThreadHierarchicalTestExecutorService.java:41) ~[junit-platform-engine-1.8.2.jar:1.8.2]
	at org.junit.platform.engine.support.hierarchical.NodeTestTask.lambda$executeRecursively$6(NodeTestTask.java:155) ~[junit-platform-engine-1.8.2.jar:1.8.2]
	at org.junit.platform.engine.support.hierarchical.ThrowableCollector.execute(ThrowableCollector.java:73) ~[junit-platform-engine-1.8.2.jar:1.8.2]
	at org.junit.platform.engine.support.hierarchical.NodeTestTask.lambda$executeRecursively$8(NodeTestTask.java:141) ~[junit-platform-engine-1.8.2.jar:1.8.2]
	at org.junit.platform.engine.support.hierarchical.Node.around(Node.java:137) ~[junit-platform-engine-1.8.2.jar:1.8.2]
	at org.junit.platform.engine.support.hierarchical.NodeTestTask.lambda$executeRecursively$9(NodeTestTask.java:139) ~[junit-platform-engine-1.8.2.jar:1.8.2]
	at org.junit.platform.engine.support.hierarchical.ThrowableCollector.execute(ThrowableCollector.java:73) ~[junit-platform-engine-1.8.2.jar:1.8.2]
	at org.junit.platform.engine.support.hierarchical.NodeTestTask.executeRecursively(NodeTestTask.java:138) ~[junit-platform-engine-1.8.2.jar:1.8.2]
	at org.junit.platform.engine.support.hierarchical.NodeTestTask.execute(NodeTestTask.java:95) ~[junit-platform-engine-1.8.2.jar:1.8.2]
	at java.util.ArrayList.forEach(ArrayList.java:1257) ~[na:1.8.0_202]
	at org.junit.platform.engine.support.hierarchical.SameThreadHierarchicalTestExecutorService.invokeAll(SameThreadHierarchicalTestExecutorService.java:41) ~[junit-platform-engine-1.8.2.jar:1.8.2]
	at org.junit.platform.engine.support.hierarchical.NodeTestTask.lambda$executeRecursively$6(NodeTestTask.java:155) ~[junit-platform-engine-1.8.2.jar:1.8.2]
	at org.junit.platform.engine.support.hierarchical.ThrowableCollector.execute(ThrowableCollector.java:73) ~[junit-platform-engine-1.8.2.jar:1.8.2]
	at org.junit.platform.engine.support.hierarchical.NodeTestTask.lambda$executeRecursively$8(NodeTestTask.java:141) ~[junit-platform-engine-1.8.2.jar:1.8.2]
	at org.junit.platform.engine.support.hierarchical.Node.around(Node.java:137) ~[junit-platform-engine-1.8.2.jar:1.8.2]
	at org.junit.platform.engine.support.hierarchical.NodeTestTask.lambda$executeRecursively$9(NodeTestTask.java:139) ~[junit-platform-engine-1.8.2.jar:1.8.2]
	at org.junit.platform.engine.support.hierarchical.ThrowableCollector.execute(ThrowableCollector.java:73) ~[junit-platform-engine-1.8.2.jar:1.8.2]
	at org.junit.platform.engine.support.hierarchical.NodeTestTask.executeRecursively(NodeTestTask.java:138) ~[junit-platform-engine-1.8.2.jar:1.8.2]
	at org.junit.platform.engine.support.hierarchical.NodeTestTask.execute(NodeTestTask.java:95) ~[junit-platform-engine-1.8.2.jar:1.8.2]
	at org.junit.platform.engine.support.hierarchical.SameThreadHierarchicalTestExecutorService.submit(SameThreadHierarchicalTestExecutorService.java:35) ~[junit-platform-engine-1.8.2.jar:1.8.2]
	at org.junit.platform.engine.support.hierarchical.HierarchicalTestExecutor.execute(HierarchicalTestExecutor.java:57) ~[junit-platform-engine-1.8.2.jar:1.8.2]
	at org.junit.platform.engine.support.hierarchical.HierarchicalTestEngine.execute(HierarchicalTestEngine.java:54) ~[junit-platform-engine-1.8.2.jar:1.8.2]
	at org.junit.platform.launcher.core.DefaultLauncher.execute(DefaultLauncher.java:220) ~[junit-platform-launcher-1.3.1.jar:1.3.1]
	at org.junit.platform.launcher.core.DefaultLauncher.lambda$execute$6(DefaultLauncher.java:188) ~[junit-platform-launcher-1.3.1.jar:1.3.1]
	at org.junit.platform.launcher.core.DefaultLauncher.withInterceptedStreams(DefaultLauncher.java:202) ~[junit-platform-launcher-1.3.1.jar:1.3.1]
	at org.junit.platform.launcher.core.DefaultLauncher.execute(DefaultLauncher.java:181) ~[junit-platform-launcher-1.3.1.jar:1.3.1]
	at org.junit.platform.launcher.core.DefaultLauncher.execute(DefaultLauncher.java:128) ~[junit-platform-launcher-1.3.1.jar:1.3.1]
	at org.apache.maven.surefire.junitplatform.JUnitPlatformProvider.invokeAllTests(JUnitPlatformProvider.java:150) ~[surefire-junit-platform-2.22.2.jar:2.22.2]
	at org.apache.maven.surefire.junitplatform.JUnitPlatformProvider.invoke(JUnitPlatformProvider.java:124) ~[surefire-junit-platform-2.22.2.jar:2.22.2]
	at org.apache.maven.surefire.booter.ForkedBooter.invokeProviderInSameClassLoader(ForkedBooter.java:384) ~[surefire-booter-2.22.2.jar:2.22.2]
	at org.apache.maven.surefire.booter.ForkedBooter.runSuitesInProcess(ForkedBooter.java:345) ~[surefire-booter-2.22.2.jar:2.22.2]
	at org.apache.maven.surefire.booter.ForkedBooter.execute(ForkedBooter.java:126) ~[surefire-booter-2.22.2.jar:2.22.2]
	at org.apache.maven.surefire.booter.ForkedBooter.main(ForkedBooter.java:418) ~[surefire-booter-2.22.2.jar:2.22.2]

2023-10-15 16:18:45.906  INFO 19020 --- [           main] ConditionEvaluationReportLoggingListener : 

Error starting ApplicationContext. To display the conditions report re-run your application with 'debug' enabled.
2023-10-15 16:18:45.921 ERROR 19020 --- [           main] o.s.boot.SpringApplication               : Application run failed

java.lang.IllegalStateException: Failed to check the status of the service com.yupi.service.InnerUserService. No provider available for the service com.yupi.service.InnerUserService from the url consumer://192.168.1.107/com.yupi.service.InnerUserService?application=dubbo-springboot-demo-provider&background=false&dubbo=2.0.2&interface=com.yupi.service.InnerUserService&methods=getUser&pid=19020&register.ip=192.168.1.107&release=3.0.9&revision=0.0.1-SNAPSHOT&side=consumer&sticky=false&timestamp=1697357885595 to the consumer 192.168.1.107 use dubbo version 3.0.9
	at org.apache.dubbo.config.ReferenceConfig.checkInvokerAvailable(ReferenceConfig.java:545) ~[dubbo-3.0.9.jar:3.0.9]
	at org.apache.dubbo.config.ReferenceConfig.init(ReferenceConfig.java:293) ~[dubbo-3.0.9.jar:3.0.9]
	at org.apache.dubbo.config.ReferenceConfig.get(ReferenceConfig.java:219) ~[dubbo-3.0.9.jar:3.0.9]
	at org.apache.dubbo.config.utils.SimpleReferenceCache.get(SimpleReferenceCache.java:129) ~[dubbo-3.0.9.jar:3.0.9]
	at org.apache.dubbo.config.deploy.DefaultModuleDeployer.lambda$referServices$6(DefaultModuleDeployer.java:387) ~[dubbo-3.0.9.jar:3.0.9]
	at java.util.concurrent.ConcurrentHashMap$ValuesView.forEach(ConcurrentHashMap.java:4707) ~[na:1.8.0_202]
	at org.apache.dubbo.config.deploy.DefaultModuleDeployer.referServices(DefaultModuleDeployer.java:367) ~[dubbo-3.0.9.jar:3.0.9]
	at org.apache.dubbo.config.deploy.DefaultModuleDeployer.start(DefaultModuleDeployer.java:154) ~[dubbo-3.0.9.jar:3.0.9]
	at org.apache.dubbo.config.spring.context.DubboDeployApplicationListener.onContextRefreshedEvent(DubboDeployApplicationListener.java:111) ~[dubbo-3.0.9.jar:3.0.9]
	at org.apache.dubbo.config.spring.context.DubboDeployApplicationListener.onApplicationEvent(DubboDeployApplicationListener.java:100) ~[dubbo-3.0.9.jar:3.0.9]
	at org.apache.dubbo.config.spring.context.DubboDeployApplicationListener.onApplicationEvent(DubboDeployApplicationListener.java:45) ~[dubbo-3.0.9.jar:3.0.9]
	at org.springframework.context.event.SimpleApplicationEventMulticaster.doInvokeListener(SimpleApplicationEventMulticaster.java:176) ~[spring-context-5.3.20.jar:5.3.20]
	at org.springframework.context.event.SimpleApplicationEventMulticaster.invokeListener(SimpleApplicationEventMulticaster.java:169) ~[spring-context-5.3.20.jar:5.3.20]
	at org.springframework.context.event.SimpleApplicationEventMulticaster.multicastEvent(SimpleApplicationEventMulticaster.java:143) ~[spring-context-5.3.20.jar:5.3.20]
	at org.springframework.context.support.AbstractApplicationContext.publishEvent(AbstractApplicationContext.java:421) ~[spring-context-5.3.20.jar:5.3.20]
	at org.springframework.context.support.AbstractApplicationContext.publishEvent(AbstractApplicationContext.java:378) ~[spring-context-5.3.20.jar:5.3.20]
	at org.springframework.context.support.AbstractApplicationContext.finishRefresh(AbstractApplicationContext.java:938) ~[spring-context-5.3.20.jar:5.3.20]
	at org.springframework.context.support.AbstractApplicationContext.refresh(AbstractApplicationContext.java:586) ~[spring-context-5.3.20.jar:5.3.20]
	at org.springframework.boot.SpringApplication.refresh(SpringApplication.java:734) ~[spring-boot-2.7.0.jar:2.7.0]
	at org.springframework.boot.SpringApplication.refreshContext(SpringApplication.java:408) ~[spring-boot-2.7.0.jar:2.7.0]
	at org.springframework.boot.SpringApplication.run(SpringApplication.java:308) ~[spring-boot-2.7.0.jar:2.7.0]
	at org.springframework.boot.test.context.SpringBootContextLoader.loadContext(SpringBootContextLoader.java:132) [spring-boot-test-2.7.0.jar:2.7.0]
	at org.springframework.test.context.cache.DefaultCacheAwareContextLoaderDelegate.loadContextInternal(DefaultCacheAwareContextLoaderDelegate.java:99) [spring-test-5.3.20.jar:5.3.20]
	at org.springframework.test.context.cache.DefaultCacheAwareContextLoaderDelegate.loadContext(DefaultCacheAwareContextLoaderDelegate.java:124) [spring-test-5.3.20.jar:5.3.20]
	at org.springframework.test.context.support.DefaultTestContext.getApplicationContext(DefaultTestContext.java:124) [spring-test-5.3.20.jar:5.3.20]
	at org.springframework.test.context.support.DependencyInjectionTestExecutionListener.injectDependencies(DependencyInjectionTestExecutionListener.java:118) [spring-test-5.3.20.jar:5.3.20]
	at org.springframework.test.context.support.DependencyInjectionTestExecutionListener.prepareTestInstance(DependencyInjectionTestExecutionListener.java:83) [spring-test-5.3.20.jar:5.3.20]
	at org.springframework.boot.test.autoconfigure.SpringBootDependencyInjectionTestExecutionListener.prepareTestInstance(SpringBootDependencyInjectionTestExecutionListener.java:43) [spring-boot-test-autoconfigure-2.7.0.jar:2.7.0]
	at org.springframework.test.context.TestContextManager.prepareTestInstance(TestContextManager.java:248) [spring-test-5.3.20.jar:5.3.20]
	at org.springframework.test.context.junit.jupiter.SpringExtension.postProcessTestInstance(SpringExtension.java:138) [spring-test-5.3.20.jar:5.3.20]
	at org.junit.jupiter.engine.descriptor.ClassBasedTestDescriptor.lambda$invokeTestInstancePostProcessors$8(ClassBasedTestDescriptor.java:363) [junit-jupiter-engine-5.8.2.jar:5.8.2]
	at org.junit.jupiter.engine.descriptor.ClassBasedTestDescriptor.executeAndMaskThrowable(ClassBasedTestDescriptor.java:368) [junit-jupiter-engine-5.8.2.jar:5.8.2]
	at org.junit.jupiter.engine.descriptor.ClassBasedTestDescriptor.lambda$invokeTestInstancePostProcessors$9(ClassBasedTestDescriptor.java:363) [junit-jupiter-engine-5.8.2.jar:5.8.2]
	at java.util.stream.ReferencePipeline$3$1.accept(ReferencePipeline.java:193) ~[na:1.8.0_202]
	at java.util.stream.ReferencePipeline$2$1.accept(ReferencePipeline.java:175) ~[na:1.8.0_202]
	at java.util.ArrayList$ArrayListSpliterator.forEachRemaining(ArrayList.java:1382) ~[na:1.8.0_202]
	at java.util.stream.AbstractPipeline.copyInto(AbstractPipeline.java:481) ~[na:1.8.0_202]
	at java.util.stream.AbstractPipeline.wrapAndCopyInto(AbstractPipeline.java:471) ~[na:1.8.0_202]
	at java.util.stream.StreamSpliterators$WrappingSpliterator.forEachRemaining(StreamSpliterators.java:312) ~[na:1.8.0_202]
	at java.util.stream.Streams$ConcatSpliterator.forEachRemaining(Streams.java:743) ~[na:1.8.0_202]
	at java.util.stream.Streams$ConcatSpliterator.forEachRemaining(Streams.java:742) ~[na:1.8.0_202]
	at java.util.stream.ReferencePipeline$Head.forEach(ReferencePipeline.java:580) ~[na:1.8.0_202]
	at org.junit.jupiter.engine.descriptor.ClassBasedTestDescriptor.invokeTestInstancePostProcessors(ClassBasedTestDescriptor.java:362) [junit-jupiter-engine-5.8.2.jar:5.8.2]
	at org.junit.jupiter.engine.descriptor.ClassBasedTestDescriptor.lambda$instantiateAndPostProcessTestInstance$6(ClassBasedTestDescriptor.java:283) [junit-jupiter-engine-5.8.2.jar:5.8.2]
	at org.junit.platform.engine.support.hierarchical.ThrowableCollector.execute(ThrowableCollector.java:73) ~[junit-platform-engine-1.8.2.jar:1.8.2]
	at org.junit.jupiter.engine.descriptor.ClassBasedTestDescriptor.instantiateAndPostProcessTestInstance(ClassBasedTestDescriptor.java:282) [junit-jupiter-engine-5.8.2.jar:5.8.2]
	at org.junit.jupiter.engine.descriptor.ClassBasedTestDescriptor.lambda$testInstancesProvider$4(ClassBasedTestDescriptor.java:272) [junit-jupiter-engine-5.8.2.jar:5.8.2]
	at java.util.Optional.orElseGet(Optional.java:267) ~[na:1.8.0_202]
	at org.junit.jupiter.engine.descriptor.ClassBasedTestDescriptor.lambda$testInstancesProvider$5(ClassBasedTestDescriptor.java:271) [junit-jupiter-engine-5.8.2.jar:5.8.2]
	at org.junit.jupiter.engine.execution.TestInstancesProvider.getTestInstances(TestInstancesProvider.java:31) ~[junit-jupiter-engine-5.8.2.jar:5.8.2]
	at org.junit.jupiter.engine.descriptor.TestMethodTestDescriptor.lambda$prepare$0(TestMethodTestDescriptor.java:102) ~[junit-jupiter-engine-5.8.2.jar:5.8.2]
	at org.junit.platform.engine.support.hierarchical.ThrowableCollector.execute(ThrowableCollector.java:73) ~[junit-platform-engine-1.8.2.jar:1.8.2]
	at org.junit.jupiter.engine.descriptor.TestMethodTestDescriptor.prepare(TestMethodTestDescriptor.java:101) ~[junit-jupiter-engine-5.8.2.jar:5.8.2]
	at org.junit.jupiter.engine.descriptor.TestMethodTestDescriptor.prepare(TestMethodTestDescriptor.java:66) ~[junit-jupiter-engine-5.8.2.jar:5.8.2]
	at org.junit.platform.engine.support.hierarchical.NodeTestTask.lambda$prepare$2(NodeTestTask.java:123) ~[junit-platform-engine-1.8.2.jar:1.8.2]
	at org.junit.platform.engine.support.hierarchical.ThrowableCollector.execute(ThrowableCollector.java:73) ~[junit-platform-engine-1.8.2.jar:1.8.2]
	at org.junit.platform.engine.support.hierarchical.NodeTestTask.prepare(NodeTestTask.java:123) ~[junit-platform-engine-1.8.2.jar:1.8.2]
	at org.junit.platform.engine.support.hierarchical.NodeTestTask.execute(NodeTestTask.java:90) ~[junit-platform-engine-1.8.2.jar:1.8.2]
	at java.util.ArrayList.forEach(ArrayList.java:1257) ~[na:1.8.0_202]
	at org.junit.platform.engine.support.hierarchical.SameThreadHierarchicalTestExecutorService.invokeAll(SameThreadHierarchicalTestExecutorService.java:41) ~[junit-platform-engine-1.8.2.jar:1.8.2]
	at org.junit.platform.engine.support.hierarchical.NodeTestTask.lambda$executeRecursively$6(NodeTestTask.java:155) ~[junit-platform-engine-1.8.2.jar:1.8.2]
	at org.junit.platform.engine.support.hierarchical.ThrowableCollector.execute(ThrowableCollector.java:73) ~[junit-platform-engine-1.8.2.jar:1.8.2]
	at org.junit.platform.engine.support.hierarchical.NodeTestTask.lambda$executeRecursively$8(NodeTestTask.java:141) ~[junit-platform-engine-1.8.2.jar:1.8.2]
	at org.junit.platform.engine.support.hierarchical.Node.around(Node.java:137) ~[junit-platform-engine-1.8.2.jar:1.8.2]
	at org.junit.platform.engine.support.hierarchical.NodeTestTask.lambda$executeRecursively$9(NodeTestTask.java:139) ~[junit-platform-engine-1.8.2.jar:1.8.2]
	at org.junit.platform.engine.support.hierarchical.ThrowableCollector.execute(ThrowableCollector.java:73) ~[junit-platform-engine-1.8.2.jar:1.8.2]
	at org.junit.platform.engine.support.hierarchical.NodeTestTask.executeRecursively(NodeTestTask.java:138) ~[junit-platform-engine-1.8.2.jar:1.8.2]
	at org.junit.platform.engine.support.hierarchical.NodeTestTask.execute(NodeTestTask.java:95) ~[junit-platform-engine-1.8.2.jar:1.8.2]
	at java.util.ArrayList.forEach(ArrayList.java:1257) ~[na:1.8.0_202]
	at org.junit.platform.engine.support.hierarchical.SameThreadHierarchicalTestExecutorService.invokeAll(SameThreadHierarchicalTestExecutorService.java:41) ~[junit-platform-engine-1.8.2.jar:1.8.2]
	at org.junit.platform.engine.support.hierarchical.NodeTestTask.lambda$executeRecursively$6(NodeTestTask.java:155) ~[junit-platform-engine-1.8.2.jar:1.8.2]
	at org.junit.platform.engine.support.hierarchical.ThrowableCollector.execute(ThrowableCollector.java:73) ~[junit-platform-engine-1.8.2.jar:1.8.2]
	at org.junit.platform.engine.support.hierarchical.NodeTestTask.lambda$executeRecursively$8(NodeTestTask.java:141) ~[junit-platform-engine-1.8.2.jar:1.8.2]
	at org.junit.platform.engine.support.hierarchical.Node.around(Node.java:137) ~[junit-platform-engine-1.8.2.jar:1.8.2]
	at org.junit.platform.engine.support.hierarchical.NodeTestTask.lambda$executeRecursively$9(NodeTestTask.java:139) ~[junit-platform-engine-1.8.2.jar:1.8.2]
	at org.junit.platform.engine.support.hierarchical.ThrowableCollector.execute(ThrowableCollector.java:73) ~[junit-platform-engine-1.8.2.jar:1.8.2]
	at org.junit.platform.engine.support.hierarchical.NodeTestTask.executeRecursively(NodeTestTask.java:138) ~[junit-platform-engine-1.8.2.jar:1.8.2]
	at org.junit.platform.engine.support.hierarchical.NodeTestTask.execute(NodeTestTask.java:95) ~[junit-platform-engine-1.8.2.jar:1.8.2]
	at org.junit.platform.engine.support.hierarchical.SameThreadHierarchicalTestExecutorService.submit(SameThreadHierarchicalTestExecutorService.java:35) ~[junit-platform-engine-1.8.2.jar:1.8.2]
	at org.junit.platform.engine.support.hierarchical.HierarchicalTestExecutor.execute(HierarchicalTestExecutor.java:57) ~[junit-platform-engine-1.8.2.jar:1.8.2]
	at org.junit.platform.engine.support.hierarchical.HierarchicalTestEngine.execute(HierarchicalTestEngine.java:54) ~[junit-platform-engine-1.8.2.jar:1.8.2]
	at org.junit.platform.launcher.core.DefaultLauncher.execute(DefaultLauncher.java:220) ~[junit-platform-launcher-1.3.1.jar:1.3.1]
	at org.junit.platform.launcher.core.DefaultLauncher.lambda$execute$6(DefaultLauncher.java:188) ~[junit-platform-launcher-1.3.1.jar:1.3.1]
	at org.junit.platform.launcher.core.DefaultLauncher.withInterceptedStreams(DefaultLauncher.java:202) ~[junit-platform-launcher-1.3.1.jar:1.3.1]
	at org.junit.platform.launcher.core.DefaultLauncher.execute(DefaultLauncher.java:181) ~[junit-platform-launcher-1.3.1.jar:1.3.1]
	at org.junit.platform.launcher.core.DefaultLauncher.execute(DefaultLauncher.java:128) ~[junit-platform-launcher-1.3.1.jar:1.3.1]
	at org.apache.maven.surefire.junitplatform.JUnitPlatformProvider.invokeAllTests(JUnitPlatformProvider.java:150) ~[surefire-junit-platform-2.22.2.jar:2.22.2]
	at org.apache.maven.surefire.junitplatform.JUnitPlatformProvider.invoke(JUnitPlatformProvider.java:124) ~[surefire-junit-platform-2.22.2.jar:2.22.2]
	at org.apache.maven.surefire.booter.ForkedBooter.invokeProviderInSameClassLoader(ForkedBooter.java:384) ~[surefire-booter-2.22.2.jar:2.22.2]
	at org.apache.maven.surefire.booter.ForkedBooter.runSuitesInProcess(ForkedBooter.java:345) ~[surefire-booter-2.22.2.jar:2.22.2]
	at org.apache.maven.surefire.booter.ForkedBooter.execute(ForkedBooter.java:126) ~[surefire-booter-2.22.2.jar:2.22.2]
	at org.apache.maven.surefire.booter.ForkedBooter.main(ForkedBooter.java:418) ~[surefire-booter-2.22.2.jar:2.22.2]

2023-10-15 16:18:45.923  INFO 19020 --- [           main] o.a.d.c.deploy.DefaultModuleDeployer     :  [DUBBO] Dubbo Module[1.1.1] is stopping., dubbo version: 3.0.9, current host: 192.168.1.107
2023-10-15 16:18:45.924  INFO 19020 --- [           main] o.a.d.c.deploy.DefaultModuleDeployer     :  [DUBBO] Dubbo Module[1.1.1] has stopped., dubbo version: 3.0.9, current host: 192.168.1.107
2023-10-15 16:18:45.924  INFO 19020 --- [           main] o.apache.dubbo.rpc.model.FrameworkModel  :  [DUBBO] Reset global default application from Dubbo Application[1.1](dubbo-springboot-demo-provider) to null, dubbo version: 3.0.9, current host: 192.168.1.107
2023-10-15 16:18:45.924  INFO 19020 --- [           main] o.a.d.c.d.DefaultApplicationDeployer     :  [DUBBO] Dubbo Application[1.1](dubbo-springboot-demo-provider) is stopping., dubbo version: 3.0.9, current host: 192.168.1.107
2023-10-15 16:18:45.924  INFO 19020 --- [           main] o.a.d.registry.support.RegistryManager   :  [DUBBO] Close all registries [nacos://localhost:8848/org.apache.dubbo.registry.RegistryService?REGISTRY_CLUSTER=nacos-registry&application=dubbo-springboot-demo-provider&dubbo=2.0.2&interface=org.apache.dubbo.registry.RegistryService&pid=19020&release=3.0.9, nacos://localhost:8848/org.apache.dubbo.registry.RegistryService?REGISTRY_CLUSTER=nacos-registry&application=dubbo-springboot-demo-provider&dubbo=2.0.2&interface=org.apache.dubbo.registry.RegistryService&pid=19020&release=3.0.9], dubbo version: 3.0.9, current host: 192.168.1.107
2023-10-15 16:18:46.262  INFO 19020 --- [           main] .r.c.e.l.ServiceInstancesChangedListener :  [DUBBO] Destroying instance listener of  [dubbo-springboot-demo-provider], dubbo version: 3.0.9, current host: 192.168.1.107
2023-10-15 16:18:46.262  INFO 19020 --- [           main] o.a.dubbo.registry.nacos.NacosRegistry   :  [DUBBO] Destroy registry:nacos://localhost:8848/org.apache.dubbo.registry.RegistryService?REGISTRY_CLUSTER=nacos-registry&application=dubbo-springboot-demo-provider&dubbo=2.0.2&interface=org.apache.dubbo.registry.RegistryService&pid=19020&release=3.0.9, dubbo version: 3.0.9, current host: 192.168.1.107
2023-10-15 16:18:46.596 ERROR 19020 --- [           main] o.a.dubbo.registry.nacos.NacosRegistry   :  [DUBBO] Failed to unregister consumer://192.168.1.107/com.yupi.service.InnerUserService?application=dubbo-springboot-demo-provider&background=false&category=consumers&check=false&dubbo=2.0.2&interface=com.yupi.service.InnerUserService&methods=getUser&pid=19020&release=3.0.9&revision=0.0.1-SNAPSHOT&side=consumer&sticky=false&timestamp=1697357885595, waiting for retry, cause: Failed to unregister consumer://192.168.1.107/com.yupi.service.InnerUserService?application=dubbo-springboot-demo-provider&background=false&category=consumers&check=false&dubbo=2.0.2&interface=com.yupi.service.InnerUserService&methods=getUser&pid=19020&release=3.0.9&revision=0.0.1-SNAPSHOT&side=consumer&sticky=false&timestamp=1697357885595 to nacos nacos://localhost:8848/org.apache.dubbo.registry.RegistryService?REGISTRY_CLUSTER=nacos-registry&application=dubbo-springboot-demo-provider&dubbo=2.0.2&interface=org.apache.dubbo.registry.RegistryService&pid=19020&release=3.0.9, cause: Request nacos server failed: , dubbo version: 3.0.9, current host: 192.168.1.107

org.apache.dubbo.rpc.RpcException: Failed to unregister consumer://192.168.1.107/com.yupi.service.InnerUserService?application=dubbo-springboot-demo-provider&background=false&category=consumers&check=false&dubbo=2.0.2&interface=com.yupi.service.InnerUserService&methods=getUser&pid=19020&release=3.0.9&revision=0.0.1-SNAPSHOT&side=consumer&sticky=false&timestamp=1697357885595 to nacos nacos://localhost:8848/org.apache.dubbo.registry.RegistryService?REGISTRY_CLUSTER=nacos-registry&application=dubbo-springboot-demo-provider&dubbo=2.0.2&interface=org.apache.dubbo.registry.RegistryService&pid=19020&release=3.0.9, cause: Request nacos server failed: 
	at org.apache.dubbo.registry.nacos.NacosRegistry.doUnregister(NacosRegistry.java:200) ~[dubbo-3.0.9.jar:3.0.9]
	at org.apache.dubbo.registry.support.FailbackRegistry.unregister(FailbackRegistry.java:253) [dubbo-3.0.9.jar:3.0.9]
	at org.apache.dubbo.registry.support.AbstractRegistry.destroy(AbstractRegistry.java:522) [dubbo-3.0.9.jar:3.0.9]
	at org.apache.dubbo.registry.support.FailbackRegistry.destroy(FailbackRegistry.java:407) [dubbo-3.0.9.jar:3.0.9]
	at org.apache.dubbo.registry.support.RegistryManager.destroyAll(RegistryManager.java:105) [dubbo-3.0.9.jar:3.0.9]
	at org.apache.dubbo.config.deploy.DefaultApplicationDeployer.destroyRegistries(DefaultApplicationDeployer.java:1019) [dubbo-3.0.9.jar:3.0.9]
	at org.apache.dubbo.config.deploy.DefaultApplicationDeployer.preDestroy(DefaultApplicationDeployer.java:767) [dubbo-3.0.9.jar:3.0.9]
	at org.apache.dubbo.rpc.model.ApplicationModel.onDestroy(ApplicationModel.java:244) [dubbo-3.0.9.jar:3.0.9]
	at org.apache.dubbo.rpc.model.ScopeModel.destroy(ScopeModel.java:110) [dubbo-3.0.9.jar:3.0.9]
	at org.apache.dubbo.rpc.model.ApplicationModel.tryDestroy(ApplicationModel.java:355) [dubbo-3.0.9.jar:3.0.9]
	at org.apache.dubbo.rpc.model.ModuleModel.onDestroy(ModuleModel.java:131) [dubbo-3.0.9.jar:3.0.9]
	at org.apache.dubbo.rpc.model.ScopeModel.destroy(ScopeModel.java:110) [dubbo-3.0.9.jar:3.0.9]
	at org.apache.dubbo.config.spring.context.DubboDeployApplicationListener.onContextClosedEvent(DubboDeployApplicationListener.java:130) [dubbo-3.0.9.jar:3.0.9]
	at org.apache.dubbo.config.spring.context.DubboDeployApplicationListener.onApplicationEvent(DubboDeployApplicationListener.java:102) [dubbo-3.0.9.jar:3.0.9]
	at org.apache.dubbo.config.spring.context.DubboDeployApplicationListener.onApplicationEvent(DubboDeployApplicationListener.java:45) [dubbo-3.0.9.jar:3.0.9]
	at org.springframework.context.event.SimpleApplicationEventMulticaster.doInvokeListener(SimpleApplicationEventMulticaster.java:176) [spring-context-5.3.20.jar:5.3.20]
	at org.springframework.context.event.SimpleApplicationEventMulticaster.invokeListener(SimpleApplicationEventMulticaster.java:169) [spring-context-5.3.20.jar:5.3.20]
	at org.springframework.context.event.SimpleApplicationEventMulticaster.multicastEvent(SimpleApplicationEventMulticaster.java:143) [spring-context-5.3.20.jar:5.3.20]
	at org.springframework.context.support.AbstractApplicationContext.publishEvent(AbstractApplicationContext.java:421) [spring-context-5.3.20.jar:5.3.20]
	at org.springframework.context.support.AbstractApplicationContext.publishEvent(AbstractApplicationContext.java:378) [spring-context-5.3.20.jar:5.3.20]
	at org.springframework.context.support.AbstractApplicationContext.doClose(AbstractApplicationContext.java:1058) [spring-context-5.3.20.jar:5.3.20]
	at org.springframework.context.support.AbstractApplicationContext.close(AbstractApplicationContext.java:1021) [spring-context-5.3.20.jar:5.3.20]
	at org.springframework.boot.SpringApplication.handleRunFailure(SpringApplication.java:790) [spring-boot-2.7.0.jar:2.7.0]
	at org.springframework.boot.SpringApplication.run(SpringApplication.java:318) [spring-boot-2.7.0.jar:2.7.0]
	at org.springframework.boot.test.context.SpringBootContextLoader.loadContext(SpringBootContextLoader.java:132) [spring-boot-test-2.7.0.jar:2.7.0]
	at org.springframework.test.context.cache.DefaultCacheAwareContextLoaderDelegate.loadContextInternal(DefaultCacheAwareContextLoaderDelegate.java:99) [spring-test-5.3.20.jar:5.3.20]
	at org.springframework.test.context.cache.DefaultCacheAwareContextLoaderDelegate.loadContext(DefaultCacheAwareContextLoaderDelegate.java:124) [spring-test-5.3.20.jar:5.3.20]
	at org.springframework.test.context.support.DefaultTestContext.getApplicationContext(DefaultTestContext.java:124) [spring-test-5.3.20.jar:5.3.20]
	at org.springframework.test.context.support.DependencyInjectionTestExecutionListener.injectDependencies(DependencyInjectionTestExecutionListener.java:118) [spring-test-5.3.20.jar:5.3.20]
	at org.springframework.test.context.support.DependencyInjectionTestExecutionListener.prepareTestInstance(DependencyInjectionTestExecutionListener.java:83) [spring-test-5.3.20.jar:5.3.20]
	at org.springframework.boot.test.autoconfigure.SpringBootDependencyInjectionTestExecutionListener.prepareTestInstance(SpringBootDependencyInjectionTestExecutionListener.java:43) [spring-boot-test-autoconfigure-2.7.0.jar:2.7.0]
	at org.springframework.test.context.TestContextManager.prepareTestInstance(TestContextManager.java:248) [spring-test-5.3.20.jar:5.3.20]
	at org.springframework.test.context.junit.jupiter.SpringExtension.postProcessTestInstance(SpringExtension.java:138) [spring-test-5.3.20.jar:5.3.20]
	at org.junit.jupiter.engine.descriptor.ClassBasedTestDescriptor.lambda$invokeTestInstancePostProcessors$8(ClassBasedTestDescriptor.java:363) [junit-jupiter-engine-5.8.2.jar:5.8.2]
	at org.junit.jupiter.engine.descriptor.ClassBasedTestDescriptor.executeAndMaskThrowable(ClassBasedTestDescriptor.java:368) [junit-jupiter-engine-5.8.2.jar:5.8.2]
	at org.junit.jupiter.engine.descriptor.ClassBasedTestDescriptor.lambda$invokeTestInstancePostProcessors$9(ClassBasedTestDescriptor.java:363) [junit-jupiter-engine-5.8.2.jar:5.8.2]
	at java.util.stream.ReferencePipeline$3$1.accept(ReferencePipeline.java:193) ~[na:1.8.0_202]
	at java.util.stream.ReferencePipeline$2$1.accept(ReferencePipeline.java:175) ~[na:1.8.0_202]
	at java.util.ArrayList$ArrayListSpliterator.forEachRemaining(ArrayList.java:1382) ~[na:1.8.0_202]
	at java.util.stream.AbstractPipeline.copyInto(AbstractPipeline.java:481) ~[na:1.8.0_202]
	at java.util.stream.AbstractPipeline.wrapAndCopyInto(AbstractPipeline.java:471) ~[na:1.8.0_202]
	at java.util.stream.StreamSpliterators$WrappingSpliterator.forEachRemaining(StreamSpliterators.java:312) ~[na:1.8.0_202]
	at java.util.stream.Streams$ConcatSpliterator.forEachRemaining(Streams.java:743) ~[na:1.8.0_202]
	at java.util.stream.Streams$ConcatSpliterator.forEachRemaining(Streams.java:742) ~[na:1.8.0_202]
	at java.util.stream.ReferencePipeline$Head.forEach(ReferencePipeline.java:580) ~[na:1.8.0_202]
	at org.junit.jupiter.engine.descriptor.ClassBasedTestDescriptor.invokeTestInstancePostProcessors(ClassBasedTestDescriptor.java:362) [junit-jupiter-engine-5.8.2.jar:5.8.2]
	at org.junit.jupiter.engine.descriptor.ClassBasedTestDescriptor.lambda$instantiateAndPostProcessTestInstance$6(ClassBasedTestDescriptor.java:283) [junit-jupiter-engine-5.8.2.jar:5.8.2]
	at org.junit.platform.engine.support.hierarchical.ThrowableCollector.execute(ThrowableCollector.java:73) ~[junit-platform-engine-1.8.2.jar:1.8.2]
	at org.junit.jupiter.engine.descriptor.ClassBasedTestDescriptor.instantiateAndPostProcessTestInstance(ClassBasedTestDescriptor.java:282) [junit-jupiter-engine-5.8.2.jar:5.8.2]
	at org.junit.jupiter.engine.descriptor.ClassBasedTestDescriptor.lambda$testInstancesProvider$4(ClassBasedTestDescriptor.java:272) [junit-jupiter-engine-5.8.2.jar:5.8.2]
	at java.util.Optional.orElseGet(Optional.java:267) ~[na:1.8.0_202]
	at org.junit.jupiter.engine.descriptor.ClassBasedTestDescriptor.lambda$testInstancesProvider$5(ClassBasedTestDescriptor.java:271) [junit-jupiter-engine-5.8.2.jar:5.8.2]
	at org.junit.jupiter.engine.execution.TestInstancesProvider.getTestInstances(TestInstancesProvider.java:31) ~[junit-jupiter-engine-5.8.2.jar:5.8.2]
	at org.junit.jupiter.engine.descriptor.TestMethodTestDescriptor.lambda$prepare$0(TestMethodTestDescriptor.java:102) ~[junit-jupiter-engine-5.8.2.jar:5.8.2]
	at org.junit.platform.engine.support.hierarchical.ThrowableCollector.execute(ThrowableCollector.java:73) ~[junit-platform-engine-1.8.2.jar:1.8.2]
	at org.junit.jupiter.engine.descriptor.TestMethodTestDescriptor.prepare(TestMethodTestDescriptor.java:101) ~[junit-jupiter-engine-5.8.2.jar:5.8.2]
	at org.junit.jupiter.engine.descriptor.TestMethodTestDescriptor.prepare(TestMethodTestDescriptor.java:66) ~[junit-jupiter-engine-5.8.2.jar:5.8.2]
	at org.junit.platform.engine.support.hierarchical.NodeTestTask.lambda$prepare$2(NodeTestTask.java:123) ~[junit-platform-engine-1.8.2.jar:1.8.2]
	at org.junit.platform.engine.support.hierarchical.ThrowableCollector.execute(ThrowableCollector.java:73) ~[junit-platform-engine-1.8.2.jar:1.8.2]
	at org.junit.platform.engine.support.hierarchical.NodeTestTask.prepare(NodeTestTask.java:123) ~[junit-platform-engine-1.8.2.jar:1.8.2]
	at org.junit.platform.engine.support.hierarchical.NodeTestTask.execute(NodeTestTask.java:90) ~[junit-platform-engine-1.8.2.jar:1.8.2]
	at java.util.ArrayList.forEach(ArrayList.java:1257) ~[na:1.8.0_202]
	at org.junit.platform.engine.support.hierarchical.SameThreadHierarchicalTestExecutorService.invokeAll(SameThreadHierarchicalTestExecutorService.java:41) ~[junit-platform-engine-1.8.2.jar:1.8.2]
	at org.junit.platform.engine.support.hierarchical.NodeTestTask.lambda$executeRecursively$6(NodeTestTask.java:155) ~[junit-platform-engine-1.8.2.jar:1.8.2]
	at org.junit.platform.engine.support.hierarchical.ThrowableCollector.execute(ThrowableCollector.java:73) ~[junit-platform-engine-1.8.2.jar:1.8.2]
	at org.junit.platform.engine.support.hierarchical.NodeTestTask.lambda$executeRecursively$8(NodeTestTask.java:141) ~[junit-platform-engine-1.8.2.jar:1.8.2]
	at org.junit.platform.engine.support.hierarchical.Node.around(Node.java:137) ~[junit-platform-engine-1.8.2.jar:1.8.2]
	at org.junit.platform.engine.support.hierarchical.NodeTestTask.lambda$executeRecursively$9(NodeTestTask.java:139) ~[junit-platform-engine-1.8.2.jar:1.8.2]
	at org.junit.platform.engine.support.hierarchical.ThrowableCollector.execute(ThrowableCollector.java:73) ~[junit-platform-engine-1.8.2.jar:1.8.2]
	at org.junit.platform.engine.support.hierarchical.NodeTestTask.executeRecursively(NodeTestTask.java:138) ~[junit-platform-engine-1.8.2.jar:1.8.2]
	at org.junit.platform.engine.support.hierarchical.NodeTestTask.execute(NodeTestTask.java:95) ~[junit-platform-engine-1.8.2.jar:1.8.2]
	at java.util.ArrayList.forEach(ArrayList.java:1257) ~[na:1.8.0_202]
	at org.junit.platform.engine.support.hierarchical.SameThreadHierarchicalTestExecutorService.invokeAll(SameThreadHierarchicalTestExecutorService.java:41) ~[junit-platform-engine-1.8.2.jar:1.8.2]
	at org.junit.platform.engine.support.hierarchical.NodeTestTask.lambda$executeRecursively$6(NodeTestTask.java:155) ~[junit-platform-engine-1.8.2.jar:1.8.2]
	at org.junit.platform.engine.support.hierarchical.ThrowableCollector.execute(ThrowableCollector.java:73) ~[junit-platform-engine-1.8.2.jar:1.8.2]
	at org.junit.platform.engine.support.hierarchical.NodeTestTask.lambda$executeRecursively$8(NodeTestTask.java:141) ~[junit-platform-engine-1.8.2.jar:1.8.2]
	at org.junit.platform.engine.support.hierarchical.Node.around(Node.java:137) ~[junit-platform-engine-1.8.2.jar:1.8.2]
	at org.junit.platform.engine.support.hierarchical.NodeTestTask.lambda$executeRecursively$9(NodeTestTask.java:139) ~[junit-platform-engine-1.8.2.jar:1.8.2]
	at org.junit.platform.engine.support.hierarchical.ThrowableCollector.execute(ThrowableCollector.java:73) ~[junit-platform-engine-1.8.2.jar:1.8.2]
	at org.junit.platform.engine.support.hierarchical.NodeTestTask.executeRecursively(NodeTestTask.java:138) ~[junit-platform-engine-1.8.2.jar:1.8.2]
	at org.junit.platform.engine.support.hierarchical.NodeTestTask.execute(NodeTestTask.java:95) ~[junit-platform-engine-1.8.2.jar:1.8.2]
	at org.junit.platform.engine.support.hierarchical.SameThreadHierarchicalTestExecutorService.submit(SameThreadHierarchicalTestExecutorService.java:35) ~[junit-platform-engine-1.8.2.jar:1.8.2]
	at org.junit.platform.engine.support.hierarchical.HierarchicalTestExecutor.execute(HierarchicalTestExecutor.java:57) ~[junit-platform-engine-1.8.2.jar:1.8.2]
	at org.junit.platform.engine.support.hierarchical.HierarchicalTestEngine.execute(HierarchicalTestEngine.java:54) ~[junit-platform-engine-1.8.2.jar:1.8.2]
	at org.junit.platform.launcher.core.DefaultLauncher.execute(DefaultLauncher.java:220) ~[junit-platform-launcher-1.3.1.jar:1.3.1]
	at org.junit.platform.launcher.core.DefaultLauncher.lambda$execute$6(DefaultLauncher.java:188) ~[junit-platform-launcher-1.3.1.jar:1.3.1]
	at org.junit.platform.launcher.core.DefaultLauncher.withInterceptedStreams(DefaultLauncher.java:202) ~[junit-platform-launcher-1.3.1.jar:1.3.1]
	at org.junit.platform.launcher.core.DefaultLauncher.execute(DefaultLauncher.java:181) ~[junit-platform-launcher-1.3.1.jar:1.3.1]
	at org.junit.platform.launcher.core.DefaultLauncher.execute(DefaultLauncher.java:128) ~[junit-platform-launcher-1.3.1.jar:1.3.1]
	at org.apache.maven.surefire.junitplatform.JUnitPlatformProvider.invokeAllTests(JUnitPlatformProvider.java:150) ~[surefire-junit-platform-2.22.2.jar:2.22.2]
	at org.apache.maven.surefire.junitplatform.JUnitPlatformProvider.invoke(JUnitPlatformProvider.java:124) ~[surefire-junit-platform-2.22.2.jar:2.22.2]
	at org.apache.maven.surefire.booter.ForkedBooter.invokeProviderInSameClassLoader(ForkedBooter.java:384) ~[surefire-booter-2.22.2.jar:2.22.2]
	at org.apache.maven.surefire.booter.ForkedBooter.runSuitesInProcess(ForkedBooter.java:345) ~[surefire-booter-2.22.2.jar:2.22.2]
	at org.apache.maven.surefire.booter.ForkedBooter.execute(ForkedBooter.java:126) ~[surefire-booter-2.22.2.jar:2.22.2]
	at org.apache.maven.surefire.booter.ForkedBooter.main(ForkedBooter.java:418) ~[surefire-booter-2.22.2.jar:2.22.2]
Caused by: com.alibaba.nacos.api.exception.NacosException: Request nacos server failed: 
	at com.alibaba.nacos.client.naming.remote.gprc.NamingGrpcClientProxy.requestToServer(NamingGrpcClientProxy.java:288) ~[nacos-client-2.1.0.jar:na]
	at com.alibaba.nacos.client.naming.remote.gprc.NamingGrpcClientProxy.doDeregisterService(NamingGrpcClientProxy.java:152) ~[nacos-client-2.1.0.jar:na]
	at com.alibaba.nacos.client.naming.remote.gprc.NamingGrpcClientProxy.deregisterService(NamingGrpcClientProxy.java:138) ~[nacos-client-2.1.0.jar:na]
	at com.alibaba.nacos.client.naming.remote.NamingClientProxyDelegate.deregisterService(NamingClientProxyDelegate.java:99) ~[nacos-client-2.1.0.jar:na]
	at com.alibaba.nacos.client.naming.NacosNamingService.deregisterInstance(NacosNamingService.java:180) ~[nacos-client-2.1.0.jar:na]
	at com.alibaba.nacos.client.naming.NacosNamingService.deregisterInstance(NacosNamingService.java:170) ~[nacos-client-2.1.0.jar:na]
	at com.alibaba.nacos.client.naming.NacosNamingService.deregisterInstance(NacosNamingService.java:155) ~[nacos-client-2.1.0.jar:na]
	at org.apache.dubbo.registry.nacos.NacosNamingServiceWrapper.deregisterInstance(NacosNamingServiceWrapper.java:63) ~[dubbo-3.0.9.jar:3.0.9]
	at org.apache.dubbo.registry.nacos.NacosRegistry.doUnregister(NacosRegistry.java:195) ~[dubbo-3.0.9.jar:3.0.9]
	... 94 common frames omitted
Caused by: com.alibaba.nacos.api.exception.NacosException: Client not connected, current status:STARTING
	at com.alibaba.nacos.common.remote.client.RpcClient.request(RpcClient.java:651) ~[nacos-client-2.1.0.jar:na]
	at com.alibaba.nacos.common.remote.client.RpcClient.request(RpcClient.java:631) ~[nacos-client-2.1.0.jar:na]
	at com.alibaba.nacos.client.naming.remote.gprc.NamingGrpcClientProxy.requestToServer(NamingGrpcClientProxy.java:278) ~[nacos-client-2.1.0.jar:na]
	... 102 common frames omitted

2023-10-15 16:18:46.597  INFO 19020 --- [           main] o.a.dubbo.registry.nacos.NacosRegistry   :  [DUBBO] Destroy unregister url consumer://192.168.1.107/com.yupi.service.InnerUserService?application=dubbo-springboot-demo-provider&background=false&category=consumers&check=false&dubbo=2.0.2&interface=com.yupi.service.InnerUserService&methods=getUser&pid=19020&release=3.0.9&revision=0.0.1-SNAPSHOT&side=consumer&sticky=false&timestamp=1697357885595, dubbo version: 3.0.9, current host: 192.168.1.107
2023-10-15 16:18:46.597  INFO 19020 --- [           main] o.a.dubbo.registry.nacos.NacosRegistry   :  [DUBBO] Unsubscribe: consumer://192.168.1.107/com.yupi.service.InnerUserService?application=dubbo-springboot-demo-provider&background=false&category=providers,configurators,routers&dubbo=2.0.2&interface=com.yupi.service.InnerUserService&methods=getUser&pid=19020&release=3.0.9&revision=0.0.1-SNAPSHOT&side=consumer&sticky=false&timestamp=1697357885595, dubbo version: 3.0.9, current host: 192.168.1.107
2023-10-15 16:18:46.597  INFO 19020 --- [           main] o.a.dubbo.registry.nacos.NacosRegistry   :  [DUBBO] Destroy unsubscribe url consumer://192.168.1.107/com.yupi.service.InnerUserService?application=dubbo-springboot-demo-provider&background=false&category=providers,configurators,routers&dubbo=2.0.2&interface=com.yupi.service.InnerUserService&methods=getUser&pid=19020&release=3.0.9&revision=0.0.1-SNAPSHOT&side=consumer&sticky=false&timestamp=1697357885595, dubbo version: 3.0.9, current host: 192.168.1.107
2023-10-15 16:18:46.597  INFO 19020 --- [           main] o.a.dubbo.registry.nacos.NacosRegistry   :  [DUBBO] Unsubscribe: provider://192.168.1.107:20880/org.apache.dubbo.metadata.MetadataService?anyhost=true&application=dubbo-springboot-demo-provider&background=false&bind.ip=192.168.1.107&bind.port=20880&category=configurators&check=false&connections=1&corethreads=2&delay=0&deprecated=false&dubbo=2.0.2&dynamic=true&executes=100&generic=false&getAndListenInstanceMetadata.1.callback=true&getAndListenInstanceMetadata.return=true&getAndListenInstanceMetadata.sent=true&group=dubbo-springboot-demo-provider&interface=org.apache.dubbo.metadata.MetadataService&methods=getMetadataURL,isMetadataService,getAndListenInstanceMetadata,getExportedURLs,serviceName,version,getSubscribedURLs,getExportedServiceURLs,exportInstanceMetadata,getMetadataInfo,toSortedStrings,getMetadataInfos,getServiceDefinition,getInstanceMetadataChangedListenerMap&pid=19020&register=false&release=3.0.9&revision=3.0.9&service-name-mapping=true&side=provider&threadpool=cached&threads=100&timestamp=1697357924185&version=1.0.0, dubbo version: 3.0.9, current host: 192.168.1.107
2023-10-15 16:18:46.597  INFO 19020 --- [           main] o.a.dubbo.registry.nacos.NacosRegistry   :  [DUBBO] Destroy unsubscribe url provider://192.168.1.107:20880/org.apache.dubbo.metadata.MetadataService?anyhost=true&application=dubbo-springboot-demo-provider&background=false&bind.ip=192.168.1.107&bind.port=20880&category=configurators&check=false&connections=1&corethreads=2&delay=0&deprecated=false&dubbo=2.0.2&dynamic=true&executes=100&generic=false&getAndListenInstanceMetadata.1.callback=true&getAndListenInstanceMetadata.return=true&getAndListenInstanceMetadata.sent=true&group=dubbo-springboot-demo-provider&interface=org.apache.dubbo.metadata.MetadataService&methods=getMetadataURL,isMetadataService,getAndListenInstanceMetadata,getExportedURLs,serviceName,version,getSubscribedURLs,getExportedServiceURLs,exportInstanceMetadata,getMetadataInfo,toSortedStrings,getMetadataInfos,getServiceDefinition,getInstanceMetadataChangedListenerMap&pid=19020&register=false&release=3.0.9&revision=3.0.9&service-name-mapping=true&side=provider&threadpool=cached&threads=100&timestamp=1697357924185&version=1.0.0, dubbo version: 3.0.9, current host: 192.168.1.107
2023-10-15 16:18:46.598  INFO 19020 --- [           main] o.a.d.rpc.protocol.dubbo.DubboProtocol   :  [DUBBO] Destroying protocol [DubboProtocol] ..., dubbo version: 3.0.9, current host: 192.168.1.107
2023-10-15 16:18:46.598  INFO 19020 --- [           main] o.a.d.rpc.protocol.dubbo.DubboProtocol   :  [DUBBO] Closing dubbo server: /192.168.1.107:20880, dubbo version: 3.0.9, current host: 192.168.1.107
2023-10-15 16:18:46.599  INFO 19020 --- [           main] o.a.d.remoting.transport.AbstractServer  :  [DUBBO] Close NettyServer bind /0.0.0.0:20880, export /192.168.1.107:20880, dubbo version: 3.0.9, current host: 192.168.1.107
2023-10-15 16:18:48.703  INFO 19020 --- [           main] o.a.d.rpc.protocol.dubbo.DubboProtocol   :  [DUBBO] Close dubbo connect: 192.168.1.107:0-->192.168.1.107:20880, dubbo version: 3.0.9, current host: 192.168.1.107
2023-10-15 16:18:48.703  WARN 19020 --- [           main] o.a.d.r.p.d.ReferenceCountExchangeClient :  [DUBBO] 192.168.1.107:20880 com.yupi.service.InnerUserService safe guard client , should not be called ,must have a bug., dubbo version: 3.0.9, current host: 192.168.1.107
2023-10-15 16:18:48.704  INFO 19020 --- [           main] o.a.d.rpc.protocol.dubbo.DubboProtocol   :  [DUBBO] Unexport service: dubbo://192.168.1.107:20880/org.apache.dubbo.metadata.MetadataService?anyhost=true&application=dubbo-springboot-demo-provider&background=false&bind.ip=192.168.1.107&bind.port=20880&connections=1&corethreads=2&delay=0&deprecated=false&dubbo=2.0.2&dynamic=true&executes=100&generic=false&getAndListenInstanceMetadata.1.callback=true&getAndListenInstanceMetadata.return=true&getAndListenInstanceMetadata.sent=true&group=dubbo-springboot-demo-provider&interface=org.apache.dubbo.metadata.MetadataService&methods=getMetadataURL,isMetadataService,getAndListenInstanceMetadata,getExportedURLs,serviceName,version,getSubscribedURLs,getExportedServiceURLs,exportInstanceMetadata,getMetadataInfo,toSortedStrings,getMetadataInfos,getServiceDefinition,getInstanceMetadataChangedListenerMap&pid=19020&register=false&release=3.0.9&revision=3.0.9&service-name-mapping=true&side=provider&threadpool=cached&threads=100&timestamp=1697357924185&version=1.0.0, dubbo version: 3.0.9, current host: 192.168.1.107
2023-10-15 16:18:48.704  INFO 19020 --- [           main] o.a.d.rpc.protocol.injvm.InjvmProtocol   :  [DUBBO] Unexport service: injvm://127.0.0.1/org.apache.dubbo.metadata.MetadataService?anyhost=true&application=dubbo-springboot-demo-provider&background=false&bind.ip=192.168.1.107&bind.port=20880&connections=1&corethreads=2&delay=0&deprecated=false&dubbo=2.0.2&dynamic=true&executes=100&generic=false&getAndListenInstanceMetadata.1.callback=true&getAndListenInstanceMetadata.return=true&getAndListenInstanceMetadata.sent=true&group=dubbo-springboot-demo-provider&interface=org.apache.dubbo.metadata.MetadataService&methods=getMetadataURL,isMetadataService,getAndListenInstanceMetadata,getExportedURLs,serviceName,version,getSubscribedURLs,getExportedServiceURLs,exportInstanceMetadata,getMetadataInfo,toSortedStrings,getMetadataInfos,getServiceDefinition,getInstanceMetadataChangedListenerMap&pid=19020&register=false&release=3.0.9&revision=3.0.9&side=provider&threadpool=cached&threads=100&timestamp=1697357924185&version=1.0.0, dubbo version: 3.0.9, current host: 192.168.1.107
2023-10-15 16:18:48.704  WARN 19020 --- [           main] o.a.d.registry.support.RegistryManager   :  [DUBBO] All registry instances have been destroyed, failed to fetch any instance. Usually, this means no need to try to do unnecessary redundant resource clearance, all registries has been taken care of., dubbo version: 3.0.9, current host: 192.168.1.107
2023-10-15 16:18:48.704  INFO 19020 --- [           main] org.apache.dubbo.qos.server.Server       :  [DUBBO] qos-server stopped., dubbo version: 3.0.9, current host: 192.168.1.107
2023-10-15 16:18:48.706  WARN 19020 --- [           main] o.a.d.registry.support.RegistryManager   :  [DUBBO] All registry instances have been destroyed, failed to fetch any instance. Usually, this means no need to try to do unnecessary redundant resource clearance, all registries has been taken care of., dubbo version: 3.0.9, current host: 192.168.1.107
2023-10-15 16:18:48.706  INFO 19020 --- [           main] org.apache.dubbo.qos.server.Server       :  [DUBBO] qos-server stopped., dubbo version: 3.0.9, current host: 192.168.1.107
2023-10-15 16:18:48.706  INFO 19020 --- [           main] o.a.d.c.deploy.DefaultModuleDeployer     :  [DUBBO] Dubbo Module[1.1.0] is stopping., dubbo version: 3.0.9, current host: 192.168.1.107
2023-10-15 16:18:48.706  WARN 19020 --- [           main] o.a.d.registry.support.RegistryManager   :  [DUBBO] All registry instances have been destroyed, failed to fetch any instance. Usually, this means no need to try to do unnecessary redundant resource clearance, all registries has been taken care of., dubbo version: 3.0.9, current host: 192.168.1.107
2023-10-15 16:18:48.706  WARN 19020 --- [           main] o.a.d.registry.support.RegistryManager   :  [DUBBO] All registry instances have been destroyed, failed to fetch any instance. Usually, this means no need to try to do unnecessary redundant resource clearance, all registries has been taken care of., dubbo version: 3.0.9, current host: 192.168.1.107
2023-10-15 16:18:48.706  INFO 19020 --- [           main] o.a.d.c.deploy.DefaultModuleDeployer     :  [DUBBO] Dubbo Module[1.1.0] has stopped., dubbo version: 3.0.9, current host: 192.168.1.107
2023-10-15 16:18:48.707  INFO 19020 --- [           main] o.a.d.c.t.m.DefaultExecutorRepository    :  [DUBBO] destroying application executor repository .., dubbo version: 3.0.9, current host: 192.168.1.107
2023-10-15 16:18:48.707  INFO 19020 --- [           main] o.a.d.c.d.DefaultApplicationDeployer     :  [DUBBO] Dubbo Application[1.1](dubbo-springboot-demo-provider) has stopped., dubbo version: 3.0.9, current host: 192.168.1.107
2023-10-15 16:18:48.709  INFO 19020 --- [           main] o.apache.dubbo.rpc.model.FrameworkModel  :  [DUBBO] Destroying default framework model: Dubbo Framework[1], dubbo version: 3.0.9, current host: 192.168.1.107
2023-10-15 16:18:48.709  INFO 19020 --- [           main] o.apache.dubbo.rpc.model.FrameworkModel  :  [DUBBO] Dubbo Framework[1] is destroying ..., dubbo version: 3.0.9, current host: 192.168.1.107
2023-10-15 16:18:48.709  INFO 19020 --- [           main] o.a.d.c.d.DefaultApplicationDeployer     :  [DUBBO] Dubbo Application[1.0](DUBBO_INTERNAL_APPLICATION) is stopping., dubbo version: 3.0.9, current host: 192.168.1.107
2023-10-15 16:18:48.709  INFO 19020 --- [           main] o.a.d.registry.support.RegistryManager   :  [DUBBO] Close all registries [], dubbo version: 3.0.9, current host: 192.168.1.107
2023-10-15 16:18:48.709  INFO 19020 --- [           main] o.a.d.c.deploy.DefaultModuleDeployer     :  [DUBBO] Dubbo Module[1.0.0] is stopping., dubbo version: 3.0.9, current host: 192.168.1.107
2023-10-15 16:18:48.709  INFO 19020 --- [           main] o.a.d.c.deploy.DefaultModuleDeployer     :  [DUBBO] Dubbo Module[1.0.0] has stopped., dubbo version: 3.0.9, current host: 192.168.1.107
2023-10-15 16:18:48.709  INFO 19020 --- [           main] o.a.d.c.t.m.DefaultExecutorRepository    :  [DUBBO] destroying application executor repository .., dubbo version: 3.0.9, current host: 192.168.1.107
2023-10-15 16:18:48.709  INFO 19020 --- [           main] o.a.d.c.d.DefaultApplicationDeployer     :  [DUBBO] Dubbo Application[1.0](DUBBO_INTERNAL_APPLICATION) has stopped., dubbo version: 3.0.9, current host: 192.168.1.107
2023-10-15 16:18:48.709  INFO 19020 --- [           main] o.apache.dubbo.rpc.model.FrameworkModel  :  [DUBBO] Dubbo Framework[1] is destroyed, dubbo version: 3.0.9, current host: 192.168.1.107
2023-10-15 16:18:48.709  INFO 19020 --- [           main] o.apache.dubbo.rpc.model.FrameworkModel  :  [DUBBO] Reset global default framework from Dubbo Framework[1] to null, dubbo version: 3.0.9, current host: 192.168.1.107
2023-10-15 16:18:48.709  INFO 19020 --- [           main] o.a.d.c.r.GlobalResourcesRepository      :  [DUBBO] Destroying global resources ..., dubbo version: 3.0.9, current host: 192.168.1.107
2023-10-15 16:18:48.710  INFO 19020 --- [           main] o.a.d.c.r.GlobalResourcesRepository      :  [DUBBO] Dubbo is completely destroyed, dubbo version: 3.0.9, current host: 192.168.1.107
2023-10-15 16:18:48.710  INFO 19020 --- [           main] o.a.d.c.t.m.FrameworkExecutorRepository  :  [DUBBO] destroying framework executor repository .., dubbo version: 3.0.9, current host: 192.168.1.107
2023-10-15 16:18:48.712  INFO 19020 --- [           main] o.a.d.c.s.c.DubboSpringInitializer       :  [DUBBO] Unbind Dubbo Module[1.1.1] from spring container: org.springframework.beans.factory.support.DefaultListableBeanFactory@e260766, dubbo version: 3.0.9, current host: 192.168.1.107

  .   ____          _            __ _ _
 /\\ / ___'_ __ _ _(_)_ __  __ _ \ \ \ \
( ( )\___ | '_ | '_| | '_ \/ _` | \ \ \ \
 \\/  ___)| |_)| | | | | || (_| |  ) ) ) )
  '  |____| .__|_| |_|_| |_\__, | / / / /
 =========|_|==============|___/=/_/_/_/
 :: Spring Boot ::                (v2.7.0)

2023-10-15 16:18:48.854  INFO 19020 --- [           main] com.yupi.ApiGatewayApplicationTests      : Starting ApiGatewayApplicationTests using Java 1.8.0_202 on DESKTOP-2TQTHC0 with PID 19020 (started by chenmoys in D:\java\ideajava\api-gateway)
2023-10-15 16:18:48.854  INFO 19020 --- [           main] com.yupi.ApiGatewayApplicationTests      : No active profile set, falling back to 1 default profile: "default"
2023-10-15 16:18:48.860  INFO 19020 --- [s.client.Worker] c.a.n.c.a.r.identify.CredentialWatcher   : null No credential found
2023-10-15 16:18:48.984  INFO 19020 --- [           main] o.apache.dubbo.rpc.model.FrameworkModel  :  [DUBBO] Reset global default framework from null to Dubbo Framework[2], dubbo version: 3.0.9, current host: 192.168.1.107
2023-10-15 16:18:48.984  INFO 19020 --- [           main] o.apache.dubbo.rpc.model.FrameworkModel  :  [DUBBO] Dubbo Framework[2] is created, dubbo version: 3.0.9, current host: 192.168.1.107
2023-10-15 16:18:48.990  INFO 19020 --- [           main] o.a.dubbo.rpc.model.ApplicationModel     :  [DUBBO] Dubbo Application[2.0](unknown) is created, dubbo version: 3.0.9, current host: 192.168.1.107
2023-10-15 16:18:48.990  INFO 19020 --- [           main] org.apache.dubbo.rpc.model.ScopeModel    :  [DUBBO] Dubbo Module[2.0.0] is created, dubbo version: 3.0.9, current host: 192.168.1.107
2023-10-15 16:18:48.997  INFO 19020 --- [           main] o.a.d.c.context.AbstractConfigManager    :  [DUBBO] Config settings: {dubbo.config.mode=STRICT, dubbo.config.ignore-duplicated-interface=false}, dubbo version: 3.0.9, current host: 192.168.1.107
2023-10-15 16:18:48.997  INFO 19020 --- [           main] o.a.d.c.context.AbstractConfigManager    :  [DUBBO] Config settings: {dubbo.config.mode=STRICT, dubbo.config.ignore-duplicated-interface=false}, dubbo version: 3.0.9, current host: 192.168.1.107
2023-10-15 16:18:49.008  INFO 19020 --- [           main] o.apache.dubbo.rpc.model.FrameworkModel  :  [DUBBO] Reset global default application from null to Dubbo Application[2.1](unknown), dubbo version: 3.0.9, current host: 192.168.1.107
2023-10-15 16:18:49.008  INFO 19020 --- [           main] o.a.dubbo.rpc.model.ApplicationModel     :  [DUBBO] Dubbo Application[2.1](unknown) is created, dubbo version: 3.0.9, current host: 192.168.1.107
2023-10-15 16:18:49.008  INFO 19020 --- [           main] org.apache.dubbo.rpc.model.ScopeModel    :  [DUBBO] Dubbo Module[2.1.0] is created, dubbo version: 3.0.9, current host: 192.168.1.107
2023-10-15 16:18:49.011  INFO 19020 --- [           main] o.a.d.c.context.AbstractConfigManager    :  [DUBBO] Config settings: {dubbo.config.mode=STRICT, dubbo.config.ignore-duplicated-interface=false}, dubbo version: 3.0.9, current host: 192.168.1.107
2023-10-15 16:18:49.011  INFO 19020 --- [           main] o.a.d.c.context.AbstractConfigManager    :  [DUBBO] Config settings: {dubbo.config.mode=STRICT, dubbo.config.ignore-duplicated-interface=false}, dubbo version: 3.0.9, current host: 192.168.1.107
2023-10-15 16:18:49.017  INFO 19020 --- [           main] o.a.d.c.s.c.DubboSpringInitializer       :  [DUBBO] Use default application: Dubbo Application[2.1](unknown), dubbo version: 3.0.9, current host: 192.168.1.107
2023-10-15 16:18:49.017  INFO 19020 --- [           main] org.apache.dubbo.rpc.model.ScopeModel    :  [DUBBO] Dubbo Module[2.1.1] is created, dubbo version: 3.0.9, current host: 192.168.1.107
2023-10-15 16:18:49.019  INFO 19020 --- [           main] o.a.d.c.context.AbstractConfigManager    :  [DUBBO] Config settings: {dubbo.config.mode=STRICT, dubbo.config.ignore-duplicated-interface=false}, dubbo version: 3.0.9, current host: 192.168.1.107
2023-10-15 16:18:49.020 ERROR 19020 --- [aming.updater.1] com.alibaba.nacos.common.remote.client   : Send request fail, request = ServiceQueryRequest{headers={app=unknown}, requestId='null'}, retryTimes = 0, errorMessage = Client not connected, current status:STARTING
2023-10-15 16:18:49.020  INFO 19020 --- [           main] o.a.d.c.s.c.DubboSpringInitializer       :  [DUBBO] Use default module model of target application: Dubbo Module[2.1.1], dubbo version: 3.0.9, current host: 192.168.1.107
2023-10-15 16:18:49.020  INFO 19020 --- [           main] o.a.d.c.s.c.DubboSpringInitializer       :  [DUBBO] Bind Dubbo Module[2.1.1] to spring container: org.springframework.beans.factory.support.DefaultListableBeanFactory@46591e98, dubbo version: 3.0.9, current host: 192.168.1.107
2023-10-15 16:18:49.051  INFO 19020 --- [           main] c.s.b.f.a.ServiceAnnotationPostProcessor :  [DUBBO] BeanNameGenerator bean can't be found in BeanFactory with name [org.springframework.context.annotation.internalConfigurationBeanNameGenerator], dubbo version: 3.0.9, current host: 192.168.1.107
2023-10-15 16:18:49.051  INFO 19020 --- [           main] c.s.b.f.a.ServiceAnnotationPostProcessor :  [DUBBO] BeanNameGenerator will be a instance of org.springframework.context.annotation.AnnotationBeanNameGenerator , it maybe a potential problem on bean name generation., dubbo version: 3.0.9, current host: 192.168.1.107
2023-10-15 16:18:49.053  WARN 19020 --- [           main] c.s.b.f.a.ServiceAnnotationPostProcessor :  [DUBBO] No class annotated by Dubbo @Service was found under package [com.yupi], ignore re-scanned classes: 0, dubbo version: 3.0.9, current host: 192.168.1.107
2023-10-15 16:18:49.055  INFO 19020 --- [           main] o.s.cloud.context.scope.GenericScope     : BeanFactory id=5b339031-ae4a-3aae-baec-126ea8efe48c
2023-10-15 16:18:49.072  INFO 19020 --- [           main] f.a.ReferenceAnnotationBeanPostProcessor : Register dubbo reference bean: innerUserInterfaceInfoService = ReferenceBean:com.yupi.service.InnerUserInterfaceInfoService() at private com.yupi.service.InnerUserInterfaceInfoService com.yupi.CustomGlobalFilter.innerUserInterfaceInfoService
2023-10-15 16:18:49.072  INFO 19020 --- [           main] f.a.ReferenceAnnotationBeanPostProcessor : Register dubbo reference bean: innerUserService = ReferenceBean:com.yupi.service.InnerUserService() at private com.yupi.service.InnerUserService com.yupi.CustomGlobalFilter.innerUserService
2023-10-15 16:18:49.072  INFO 19020 --- [           main] f.a.ReferenceAnnotationBeanPostProcessor : Register dubbo reference bean: interfaceInfoService = ReferenceBean:com.yupi.service.InnerInterfaceInfoService() at private com.yupi.service.InnerInterfaceInfoService com.yupi.CustomGlobalFilter.interfaceInfoService
2023-10-15 16:18:49.119  INFO 19020 --- [           main] f.a.ReferenceAnnotationBeanPostProcessor : class org.apache.dubbo.config.spring.beans.factory.annotation.ReferenceAnnotationBeanPostProcessor was destroying!
2023-10-15 16:18:49.131 ERROR 19020 --- [aming.updater.1] com.alibaba.nacos.common.remote.client   : Send request fail, request = ServiceQueryRequest{headers={app=unknown}, requestId='null'}, retryTimes = 1, errorMessage = Client not connected, current status:STARTING
2023-10-15 16:18:49.185  INFO 19020 --- [           main] o.a.d.c.s.c.DubboConfigBeanInitializer   : loading dubbo config beans ...
2023-10-15 16:18:49.187  INFO 19020 --- [           main] o.a.d.c.s.c.DubboConfigBeanInitializer   : dubbo config beans are loaded.
2023-10-15 16:18:49.194  INFO 19020 --- [           main] o.a.d.c.d.DefaultApplicationDeployer     :  [DUBBO] No value is configured in the registry, the DynamicConfigurationFactory extension[name : nacos] supports as the config center, dubbo version: 3.0.9, current host: 192.168.1.107
2023-10-15 16:18:49.194  INFO 19020 --- [           main] o.a.d.c.d.DefaultApplicationDeployer     :  [DUBBO] The registry[<dubbo:registry id="nacos-registry" address="nacos://localhost:8848" protocol="nacos" port="8848" />] will be used as the config center, dubbo version: 3.0.9, current host: 192.168.1.107
2023-10-15 16:18:49.195  INFO 19020 --- [           main] o.a.d.c.d.DefaultApplicationDeployer     :  [DUBBO] use registry as config-center: <dubbo:config-center highestPriority="false" id="config-center-nacos-localhost-8848" address="nacos://localhost:8848" protocol="nacos" port="8848" />, dubbo version: 3.0.9, current host: 192.168.1.107
2023-10-15 16:18:49.199  INFO 19020 --- [           main] c.a.n.p.a.s.c.ClientAuthPluginManager    : [ClientAuthPluginManager] Load ClientAuthService com.alibaba.nacos.client.auth.impl.NacosClientAuthServiceImpl success.
2023-10-15 16:18:49.199  INFO 19020 --- [           main] c.a.n.p.a.s.c.ClientAuthPluginManager    : [ClientAuthPluginManager] Load ClientAuthService com.alibaba.nacos.client.auth.ram.RamClientAuthServiceImpl success.
2023-10-15 16:18:49.200  INFO 19020 --- [           main] com.alibaba.nacos.common.remote.client   : [RpcClientFactory] create a new rpc client of 3f090fb1-55c6-4fe3-8377-8b3ac52cd4b0_config-0
2023-10-15 16:18:49.200  INFO 19020 --- [           main] com.alibaba.nacos.common.remote.client   : [3f090fb1-55c6-4fe3-8377-8b3ac52cd4b0_config-0] RpcClient init label, labels = {module=config, Vipserver-Tag=null, source=sdk, Amory-Tag=null, Location-Tag=null, taskId=0, AppName=unknown}
2023-10-15 16:18:49.200  INFO 19020 --- [           main] com.alibaba.nacos.common.remote.client   : [3f090fb1-55c6-4fe3-8377-8b3ac52cd4b0_config-0] Register server push request handler:com.alibaba.nacos.client.config.impl.ClientWorker$ConfigRpcTransportClient$$Lambda$766/1579140143
2023-10-15 16:18:49.200  INFO 19020 --- [           main] com.alibaba.nacos.common.remote.client   : [3f090fb1-55c6-4fe3-8377-8b3ac52cd4b0_config-0] Register server push request handler:com.alibaba.nacos.client.config.impl.ClientWorker$ConfigRpcTransportClient$$Lambda$767/1152524191
2023-10-15 16:18:49.200  INFO 19020 --- [           main] com.alibaba.nacos.common.remote.client   : [3f090fb1-55c6-4fe3-8377-8b3ac52cd4b0_config-0] Registry connection listener to current client:com.alibaba.nacos.client.config.impl.ClientWorker$ConfigRpcTransportClient$1
2023-10-15 16:18:49.200  INFO 19020 --- [           main] com.alibaba.nacos.common.remote.client   : [3f090fb1-55c6-4fe3-8377-8b3ac52cd4b0_config-0] RpcClient init, ServerListFactory = com.alibaba.nacos.client.config.impl.ClientWorker$ConfigRpcTransportClient$2
2023-10-15 16:18:49.200  INFO 19020 --- [           main] com.alibaba.nacos.common.remote.client   : [3f090fb1-55c6-4fe3-8377-8b3ac52cd4b0_config-0] Try to connect to server on start up, server: {serverIp = 'localhost', server main port = 8848}
2023-10-15 16:18:49.243 ERROR 19020 --- [aming.updater.1] com.alibaba.nacos.common.remote.client   : Send request fail, request = ServiceQueryRequest{headers={app=unknown}, requestId='null'}, retryTimes = 2, errorMessage = Client not connected, current status:STARTING
2023-10-15 16:18:49.243  WARN 19020 --- [aming.updater.1] com.alibaba.nacos.client.naming          : [NA] failed to update serviceName: DEFAULT_GROUP@@providers:org.apache.dubbo.metadata.MetadataService:1.0.0:dubbo-springboot-demo-provider

com.alibaba.nacos.api.exception.NacosException: Request nacos server failed: 
	at com.alibaba.nacos.client.naming.remote.gprc.NamingGrpcClientProxy.requestToServer(NamingGrpcClientProxy.java:288) ~[nacos-client-2.1.0.jar:na]
	at com.alibaba.nacos.client.naming.remote.gprc.NamingGrpcClientProxy.queryInstancesOfService(NamingGrpcClientProxy.java:168) ~[nacos-client-2.1.0.jar:na]
	at com.alibaba.nacos.client.naming.remote.NamingClientProxyDelegate.queryInstancesOfService(NamingClientProxyDelegate.java:110) ~[nacos-client-2.1.0.jar:na]
	at com.alibaba.nacos.client.naming.core.ServiceInfoUpdateService$UpdateTask.run(ServiceInfoUpdateService.java:178) ~[nacos-client-2.1.0.jar:na]
	at java.util.concurrent.Executors$RunnableAdapter.call(Executors.java:511) [na:1.8.0_202]
	at java.util.concurrent.FutureTask.run(FutureTask.java:266) [na:1.8.0_202]
	at java.util.concurrent.ScheduledThreadPoolExecutor$ScheduledFutureTask.access$201(ScheduledThreadPoolExecutor.java:180) [na:1.8.0_202]
	at java.util.concurrent.ScheduledThreadPoolExecutor$ScheduledFutureTask.run(ScheduledThreadPoolExecutor.java:293) [na:1.8.0_202]
	at java.util.concurrent.ThreadPoolExecutor.runWorker(ThreadPoolExecutor.java:1149) [na:1.8.0_202]
	at java.util.concurrent.ThreadPoolExecutor$Worker.run(ThreadPoolExecutor.java:624) [na:1.8.0_202]
	at java.lang.Thread.run(Thread.java:748) [na:1.8.0_202]
Caused by: com.alibaba.nacos.api.exception.NacosException: Client not connected, current status:STARTING
	at com.alibaba.nacos.common.remote.client.RpcClient.request(RpcClient.java:651) ~[nacos-client-2.1.0.jar:na]
	at com.alibaba.nacos.common.remote.client.RpcClient.request(RpcClient.java:631) ~[nacos-client-2.1.0.jar:na]
	at com.alibaba.nacos.client.naming.remote.gprc.NamingGrpcClientProxy.requestToServer(NamingGrpcClientProxy.java:278) ~[nacos-client-2.1.0.jar:na]
	... 10 common frames omitted

2023-10-15 16:18:49.626 ERROR 19020 --- [aming.updater.3] com.alibaba.nacos.common.remote.client   : Send request fail, request = ServiceQueryRequest{headers={app=unknown}, requestId='null'}, retryTimes = 0, errorMessage = Client not connected, current status:STARTING
2023-10-15 16:18:49.736 ERROR 19020 --- [aming.updater.3] com.alibaba.nacos.common.remote.client   : Send request fail, request = ServiceQueryRequest{headers={app=unknown}, requestId='null'}, retryTimes = 1, errorMessage = Client not connected, current status:STARTING
2023-10-15 16:18:49.736 ERROR 19020 --- [t.remote.worker] c.a.n.c.remote.client.grpc.GrpcClient    : Server check fail, please check server localhost ,port 9848 is available , error ={}

java.util.concurrent.TimeoutException: Waited 3000 milliseconds (plus 11 milliseconds, 328700 nanoseconds delay) for com.alibaba.nacos.shaded.io.grpc.stub.ClientCalls$GrpcFuture@70c9ff7a[status=PENDING, info=[GrpcFuture{clientCall={delegate={delegate=ClientCallImpl{method=MethodDescriptor{fullMethodName=Request/request, type=UNARY, idempotent=false, safe=false, sampledToLocalTracing=true, requestMarshaller=com.alibaba.nacos.shaded.io.grpc.protobuf.lite.ProtoLiteUtils$MessageMarshaller@25a94b55, responseMarshaller=com.alibaba.nacos.shaded.io.grpc.protobuf.lite.ProtoLiteUtils$MessageMarshaller@6adc5b9c, schemaDescriptor=com.alibaba.nacos.api.grpc.auto.RequestGrpc$RequestMethodDescriptorSupplier@19c1820d}}}}}]]
	at com.alibaba.nacos.shaded.com.google.common.util.concurrent.AbstractFuture.get(AbstractFuture.java:508) ~[nacos-client-2.1.0.jar:na]
	at com.alibaba.nacos.common.remote.client.grpc.GrpcClient.serverCheck(GrpcClient.java:192) [nacos-client-2.1.0.jar:na]
	at com.alibaba.nacos.common.remote.client.grpc.GrpcClient.connectToServer(GrpcClient.java:302) [nacos-client-2.1.0.jar:na]
	at com.alibaba.nacos.common.remote.client.RpcClient.reconnect(RpcClient.java:521) [nacos-client-2.1.0.jar:na]
	at com.alibaba.nacos.common.remote.client.RpcClient.lambda$start$2(RpcClient.java:369) [nacos-client-2.1.0.jar:na]
	at java.util.concurrent.Executors$RunnableAdapter.call(Executors.java:511) ~[na:1.8.0_202]
	at java.util.concurrent.FutureTask.run(FutureTask.java:266) ~[na:1.8.0_202]
	at java.util.concurrent.ScheduledThreadPoolExecutor$ScheduledFutureTask.access$201(ScheduledThreadPoolExecutor.java:180) ~[na:1.8.0_202]
	at java.util.concurrent.ScheduledThreadPoolExecutor$ScheduledFutureTask.run(ScheduledThreadPoolExecutor.java:293) ~[na:1.8.0_202]
	at java.util.concurrent.ThreadPoolExecutor.runWorker(ThreadPoolExecutor.java:1149) ~[na:1.8.0_202]
	at java.util.concurrent.ThreadPoolExecutor$Worker.run(ThreadPoolExecutor.java:624) ~[na:1.8.0_202]
	at java.lang.Thread.run(Thread.java:748) ~[na:1.8.0_202]

2023-10-15 16:18:49.736  INFO 19020 --- [t.remote.worker] com.alibaba.nacos.common.remote.client   : [1a62660d-ae49-4a8f-8c45-670f650afaa8] Fail to connect server, after trying 9 times, last try server is {serverIp = 'localhost', server main port = 8848}, error = unknown
2023-10-15 16:18:49.845 ERROR 19020 --- [aming.updater.3] com.alibaba.nacos.common.remote.client   : Send request fail, request = ServiceQueryRequest{headers={app=unknown}, requestId='null'}, retryTimes = 2, errorMessage = Client not connected, current status:STARTING
2023-10-15 16:18:49.845  WARN 19020 --- [aming.updater.3] com.alibaba.nacos.client.naming          : [NA] failed to update serviceName: DEFAULT_GROUP@@providers:com.yupi.service.InnerUserService::

com.alibaba.nacos.api.exception.NacosException: Request nacos server failed: 
	at com.alibaba.nacos.client.naming.remote.gprc.NamingGrpcClientProxy.requestToServer(NamingGrpcClientProxy.java:288) ~[nacos-client-2.1.0.jar:na]
	at com.alibaba.nacos.client.naming.remote.gprc.NamingGrpcClientProxy.queryInstancesOfService(NamingGrpcClientProxy.java:168) ~[nacos-client-2.1.0.jar:na]
	at com.alibaba.nacos.client.naming.remote.NamingClientProxyDelegate.queryInstancesOfService(NamingClientProxyDelegate.java:110) ~[nacos-client-2.1.0.jar:na]
	at com.alibaba.nacos.client.naming.core.ServiceInfoUpdateService$UpdateTask.run(ServiceInfoUpdateService.java:178) ~[nacos-client-2.1.0.jar:na]
	at java.util.concurrent.Executors$RunnableAdapter.call(Executors.java:511) [na:1.8.0_202]
	at java.util.concurrent.FutureTask.run(FutureTask.java:266) [na:1.8.0_202]
	at java.util.concurrent.ScheduledThreadPoolExecutor$ScheduledFutureTask.access$201(ScheduledThreadPoolExecutor.java:180) [na:1.8.0_202]
	at java.util.concurrent.ScheduledThreadPoolExecutor$ScheduledFutureTask.run(ScheduledThreadPoolExecutor.java:293) [na:1.8.0_202]
	at java.util.concurrent.ThreadPoolExecutor.runWorker(ThreadPoolExecutor.java:1149) [na:1.8.0_202]
	at java.util.concurrent.ThreadPoolExecutor$Worker.run(ThreadPoolExecutor.java:624) [na:1.8.0_202]
	at java.lang.Thread.run(Thread.java:748) [na:1.8.0_202]
Caused by: com.alibaba.nacos.api.exception.NacosException: Client not connected, current status:STARTING
	at com.alibaba.nacos.common.remote.client.RpcClient.request(RpcClient.java:651) ~[nacos-client-2.1.0.jar:na]
	at com.alibaba.nacos.common.remote.client.RpcClient.request(RpcClient.java:631) ~[nacos-client-2.1.0.jar:na]
	at com.alibaba.nacos.client.naming.remote.gprc.NamingGrpcClientProxy.requestToServer(NamingGrpcClientProxy.java:278) ~[nacos-client-2.1.0.jar:na]
	... 10 common frames omitted

2023-10-15 16:18:50.019  INFO 19020 --- [t.remote.worker] com.alibaba.nacos.common.remote.client   : [99c2397f-cc63-41b6-8488-b92deb34feba_config-0] Client is shutdown, stop reconnect to server
2023-10-15 16:18:50.285 ERROR 19020 --- [s.client.Worker] com.alibaba.nacos.common.remote.client   : Send request fail, request = ConfigBatchListenRequest{headers={charset=UTF-8, Client-AppName=unknown, Client-RequestToken=4dcd6b5a1ab8c4635dae9adaa695ce8f, Client-RequestTS=1697357930177, exConfigInfo=true}, requestId='null'}, retryTimes = 0, errorMessage = Client not connected, current status:STARTING
2023-10-15 16:18:50.397 ERROR 19020 --- [s.client.Worker] com.alibaba.nacos.common.remote.client   : Send request fail, request = ConfigBatchListenRequest{headers={charset=UTF-8, Client-AppName=unknown, Client-RequestToken=4dcd6b5a1ab8c4635dae9adaa695ce8f, Client-RequestTS=1697357930177, exConfigInfo=true}, requestId='null'}, retryTimes = 1, errorMessage = Client not connected, current status:STARTING
2023-10-15 16:18:50.509 ERROR 19020 --- [s.client.Worker] com.alibaba.nacos.common.remote.client   : Send request fail, request = ConfigBatchListenRequest{headers={charset=UTF-8, Client-AppName=unknown, Client-RequestToken=4dcd6b5a1ab8c4635dae9adaa695ce8f, Client-RequestTS=1697357930177, exConfigInfo=true}, requestId='null'}, retryTimes = 2, errorMessage = Client not connected, current status:STARTING
2023-10-15 16:18:50.509 ERROR 19020 --- [s.client.Worker] c.a.n.client.config.impl.ClientWorker    : Async listen config change error 

com.alibaba.nacos.api.exception.NacosException: Client not connected, current status:STARTING
	at com.alibaba.nacos.common.remote.client.RpcClient.request(RpcClient.java:651) ~[nacos-client-2.1.0.jar:na]
	at com.alibaba.nacos.client.config.impl.ClientWorker$ConfigRpcTransportClient.requestProxy(ClientWorker.java:1005) [nacos-client-2.1.0.jar:na]
	at com.alibaba.nacos.client.config.impl.ClientWorker$ConfigRpcTransportClient.requestProxy(ClientWorker.java:986) [nacos-client-2.1.0.jar:na]
	at com.alibaba.nacos.client.config.impl.ClientWorker$ConfigRpcTransportClient.executeConfigListen(ClientWorker.java:777) [nacos-client-2.1.0.jar:na]
	at com.alibaba.nacos.client.config.impl.ClientWorker$ConfigRpcTransportClient.lambda$startInternal$2(ClientWorker.java:695) [nacos-client-2.1.0.jar:na]
	at java.util.concurrent.Executors$RunnableAdapter.call(Executors.java:511) ~[na:1.8.0_202]
	at java.util.concurrent.FutureTask.run(FutureTask.java:266) ~[na:1.8.0_202]
	at java.util.concurrent.ScheduledThreadPoolExecutor$ScheduledFutureTask.access$201(ScheduledThreadPoolExecutor.java:180) ~[na:1.8.0_202]
	at java.util.concurrent.ScheduledThreadPoolExecutor$ScheduledFutureTask.run(ScheduledThreadPoolExecutor.java:293) ~[na:1.8.0_202]
	at java.util.concurrent.ThreadPoolExecutor.runWorker(ThreadPoolExecutor.java:1149) ~[na:1.8.0_202]
	at java.util.concurrent.ThreadPoolExecutor$Worker.run(ThreadPoolExecutor.java:624) ~[na:1.8.0_202]
	at java.lang.Thread.run(Thread.java:748) ~[na:1.8.0_202]

2023-10-15 16:18:51.156  WARN 19020 --- [ing.grpc.redo.0] com.alibaba.nacos.client.naming          : Grpc Connection is disconnect, skip current redo task
2023-10-15 16:18:52.028 ERROR 19020 --- [t.remote.worker] c.a.n.c.remote.client.grpc.GrpcClient    : Server check fail, please check server localhost ,port 9848 is available , error ={}

java.util.concurrent.TimeoutException: Waited 3000 milliseconds (plus 7 milliseconds, 197100 nanoseconds delay) for com.alibaba.nacos.shaded.io.grpc.stub.ClientCalls$GrpcFuture@77308929[status=PENDING, info=[GrpcFuture{clientCall={delegate={delegate=ClientCallImpl{method=MethodDescriptor{fullMethodName=Request/request, type=UNARY, idempotent=false, safe=false, sampledToLocalTracing=true, requestMarshaller=com.alibaba.nacos.shaded.io.grpc.protobuf.lite.ProtoLiteUtils$MessageMarshaller@25a94b55, responseMarshaller=com.alibaba.nacos.shaded.io.grpc.protobuf.lite.ProtoLiteUtils$MessageMarshaller@6adc5b9c, schemaDescriptor=com.alibaba.nacos.api.grpc.auto.RequestGrpc$RequestMethodDescriptorSupplier@19c1820d}}}}}]]
	at com.alibaba.nacos.shaded.com.google.common.util.concurrent.AbstractFuture.get(AbstractFuture.java:508) ~[nacos-client-2.1.0.jar:na]
	at com.alibaba.nacos.common.remote.client.grpc.GrpcClient.serverCheck(GrpcClient.java:192) [nacos-client-2.1.0.jar:na]
	at com.alibaba.nacos.common.remote.client.grpc.GrpcClient.connectToServer(GrpcClient.java:302) [nacos-client-2.1.0.jar:na]
	at com.alibaba.nacos.common.remote.client.RpcClient.reconnect(RpcClient.java:521) [nacos-client-2.1.0.jar:na]
	at com.alibaba.nacos.common.remote.client.RpcClient.lambda$start$2(RpcClient.java:369) [nacos-client-2.1.0.jar:na]
	at java.util.concurrent.Executors$RunnableAdapter.call(Executors.java:511) ~[na:1.8.0_202]
	at java.util.concurrent.FutureTask.run(FutureTask.java:266) ~[na:1.8.0_202]
	at java.util.concurrent.ScheduledThreadPoolExecutor$ScheduledFutureTask.access$201(ScheduledThreadPoolExecutor.java:180) ~[na:1.8.0_202]
	at java.util.concurrent.ScheduledThreadPoolExecutor$ScheduledFutureTask.run(ScheduledThreadPoolExecutor.java:293) ~[na:1.8.0_202]
	at java.util.concurrent.ThreadPoolExecutor.runWorker(ThreadPoolExecutor.java:1149) ~[na:1.8.0_202]
	at java.util.concurrent.ThreadPoolExecutor$Worker.run(ThreadPoolExecutor.java:624) ~[na:1.8.0_202]
	at java.lang.Thread.run(Thread.java:748) ~[na:1.8.0_202]

2023-10-15 16:18:52.028  INFO 19020 --- [t.remote.worker] com.alibaba.nacos.common.remote.client   : [fe9b996a-7e47-43fe-ad06-6dbc78424a39_config-0] Fail to connect server, after trying 3 times, last try server is {serverIp = 'localhost', server main port = 8848}, error = unknown
2023-10-15 16:18:52.202 ERROR 19020 --- [           main] c.a.n.c.remote.client.grpc.GrpcClient    : Server check fail, please check server localhost ,port 9848 is available , error ={}

java.util.concurrent.TimeoutException: Waited 3000 milliseconds (plus 719400 nanoseconds delay) for com.alibaba.nacos.shaded.io.grpc.stub.ClientCalls$GrpcFuture@6b4fd7d[status=PENDING, info=[GrpcFuture{clientCall={delegate={delegate=ClientCallImpl{method=MethodDescriptor{fullMethodName=Request/request, type=UNARY, idempotent=false, safe=false, sampledToLocalTracing=true, requestMarshaller=com.alibaba.nacos.shaded.io.grpc.protobuf.lite.ProtoLiteUtils$MessageMarshaller@25a94b55, responseMarshaller=com.alibaba.nacos.shaded.io.grpc.protobuf.lite.ProtoLiteUtils$MessageMarshaller@6adc5b9c, schemaDescriptor=com.alibaba.nacos.api.grpc.auto.RequestGrpc$RequestMethodDescriptorSupplier@19c1820d}}}}}]]
	at com.alibaba.nacos.shaded.com.google.common.util.concurrent.AbstractFuture.get(AbstractFuture.java:508) ~[nacos-client-2.1.0.jar:na]
	at com.alibaba.nacos.common.remote.client.grpc.GrpcClient.serverCheck(GrpcClient.java:192) [nacos-client-2.1.0.jar:na]
	at com.alibaba.nacos.common.remote.client.grpc.GrpcClient.connectToServer(GrpcClient.java:302) [nacos-client-2.1.0.jar:na]
	at com.alibaba.nacos.common.remote.client.RpcClient.start(RpcClient.java:389) [nacos-client-2.1.0.jar:na]
	at com.alibaba.nacos.client.config.impl.ClientWorker$ConfigRpcTransportClient.ensureRpcClient(ClientWorker.java:885) [nacos-client-2.1.0.jar:na]
	at com.alibaba.nacos.client.config.impl.ClientWorker$ConfigRpcTransportClient.getOneRunningClient(ClientWorker.java:1032) [nacos-client-2.1.0.jar:na]
	at com.alibaba.nacos.client.config.impl.ClientWorker$ConfigRpcTransportClient.queryConfig(ClientWorker.java:940) [nacos-client-2.1.0.jar:na]
	at com.alibaba.nacos.client.config.impl.ClientWorker.getServerConfig(ClientWorker.java:396) [nacos-client-2.1.0.jar:na]
	at com.alibaba.nacos.client.config.NacosConfigService.getConfigInner(NacosConfigService.java:166) [nacos-client-2.1.0.jar:na]
	at com.alibaba.nacos.client.config.NacosConfigService.getConfig(NacosConfigService.java:94) [nacos-client-2.1.0.jar:na]
	at org.apache.dubbo.configcenter.support.nacos.NacosConfigServiceWrapper.getConfig(NacosConfigServiceWrapper.java:53) [dubbo-3.0.9.jar:3.0.9]
	at org.apache.dubbo.configcenter.support.nacos.NacosDynamicConfiguration.getConfig(NacosDynamicConfiguration.java:195) [dubbo-3.0.9.jar:3.0.9]
	at org.apache.dubbo.common.config.configcenter.DynamicConfiguration.getProperties(DynamicConfiguration.java:133) [dubbo-3.0.9.jar:3.0.9]
	at org.apache.dubbo.common.config.configcenter.DynamicConfiguration.getProperties(DynamicConfiguration.java:124) [dubbo-3.0.9.jar:3.0.9]
	at org.apache.dubbo.config.deploy.DefaultApplicationDeployer.prepareEnvironment(DefaultApplicationDeployer.java:683) [dubbo-3.0.9.jar:3.0.9]
	at org.apache.dubbo.config.deploy.DefaultApplicationDeployer.startConfigCenter(DefaultApplicationDeployer.java:261) [dubbo-3.0.9.jar:3.0.9]
	at org.apache.dubbo.config.deploy.DefaultApplicationDeployer.initialize(DefaultApplicationDeployer.java:185) [dubbo-3.0.9.jar:3.0.9]
	at org.apache.dubbo.config.deploy.DefaultModuleDeployer.prepare(DefaultModuleDeployer.java:470) [dubbo-3.0.9.jar:3.0.9]
	at org.apache.dubbo.config.spring.context.DubboConfigApplicationListener.initDubboConfigBeans(DubboConfigApplicationListener.java:71) [dubbo-3.0.9.jar:3.0.9]
	at org.apache.dubbo.config.spring.context.DubboConfigApplicationListener.onApplicationEvent(DubboConfigApplicationListener.java:57) [dubbo-3.0.9.jar:3.0.9]
	at org.apache.dubbo.config.spring.context.DubboConfigApplicationListener.onApplicationEvent(DubboConfigApplicationListener.java:35) [dubbo-3.0.9.jar:3.0.9]
	at org.springframework.context.event.SimpleApplicationEventMulticaster.doInvokeListener(SimpleApplicationEventMulticaster.java:176) [spring-context-5.3.20.jar:5.3.20]
	at org.springframework.context.event.SimpleApplicationEventMulticaster.invokeListener(SimpleApplicationEventMulticaster.java:169) [spring-context-5.3.20.jar:5.3.20]
	at org.springframework.context.event.SimpleApplicationEventMulticaster.multicastEvent(SimpleApplicationEventMulticaster.java:143) [spring-context-5.3.20.jar:5.3.20]
	at org.springframework.context.event.SimpleApplicationEventMulticaster.multicastEvent(SimpleApplicationEventMulticaster.java:131) [spring-context-5.3.20.jar:5.3.20]
	at org.springframework.context.support.AbstractApplicationContext.registerListeners(AbstractApplicationContext.java:881) [spring-context-5.3.20.jar:5.3.20]
	at org.springframework.context.support.AbstractApplicationContext.refresh(AbstractApplicationContext.java:580) [spring-context-5.3.20.jar:5.3.20]
	at org.springframework.boot.SpringApplication.refresh(SpringApplication.java:734) [spring-boot-2.7.0.jar:2.7.0]
	at org.springframework.boot.SpringApplication.refreshContext(SpringApplication.java:408) [spring-boot-2.7.0.jar:2.7.0]
	at org.springframework.boot.SpringApplication.run(SpringApplication.java:308) [spring-boot-2.7.0.jar:2.7.0]
	at org.springframework.boot.test.context.SpringBootContextLoader.loadContext(SpringBootContextLoader.java:132) [spring-boot-test-2.7.0.jar:2.7.0]
	at org.springframework.test.context.cache.DefaultCacheAwareContextLoaderDelegate.loadContextInternal(DefaultCacheAwareContextLoaderDelegate.java:99) [spring-test-5.3.20.jar:5.3.20]
	at org.springframework.test.context.cache.DefaultCacheAwareContextLoaderDelegate.loadContext(DefaultCacheAwareContextLoaderDelegate.java:124) [spring-test-5.3.20.jar:5.3.20]
	at org.springframework.test.context.support.DefaultTestContext.getApplicationContext(DefaultTestContext.java:124) [spring-test-5.3.20.jar:5.3.20]
	at org.springframework.boot.test.autoconfigure.SpringBootDependencyInjectionTestExecutionListener.outputConditionEvaluationReport(SpringBootDependencyInjectionTestExecutionListener.java:53) [spring-boot-test-autoconfigure-2.7.0.jar:2.7.0]
	at org.springframework.boot.test.autoconfigure.SpringBootDependencyInjectionTestExecutionListener.prepareTestInstance(SpringBootDependencyInjectionTestExecutionListener.java:46) [spring-boot-test-autoconfigure-2.7.0.jar:2.7.0]
	at org.springframework.test.context.TestContextManager.prepareTestInstance(TestContextManager.java:248) [spring-test-5.3.20.jar:5.3.20]
	at org.springframework.test.context.junit.jupiter.SpringExtension.postProcessTestInstance(SpringExtension.java:138) [spring-test-5.3.20.jar:5.3.20]
	at org.junit.jupiter.engine.descriptor.ClassBasedTestDescriptor.lambda$invokeTestInstancePostProcessors$8(ClassBasedTestDescriptor.java:363) [junit-jupiter-engine-5.8.2.jar:5.8.2]
	at org.junit.jupiter.engine.descriptor.ClassBasedTestDescriptor.executeAndMaskThrowable(ClassBasedTestDescriptor.java:368) [junit-jupiter-engine-5.8.2.jar:5.8.2]
	at org.junit.jupiter.engine.descriptor.ClassBasedTestDescriptor.lambda$invokeTestInstancePostProcessors$9(ClassBasedTestDescriptor.java:363) [junit-jupiter-engine-5.8.2.jar:5.8.2]
	at java.util.stream.ReferencePipeline$3$1.accept(ReferencePipeline.java:193) ~[na:1.8.0_202]
	at java.util.stream.ReferencePipeline$2$1.accept(ReferencePipeline.java:175) ~[na:1.8.0_202]
	at java.util.ArrayList$ArrayListSpliterator.forEachRemaining(ArrayList.java:1382) ~[na:1.8.0_202]
	at java.util.stream.AbstractPipeline.copyInto(AbstractPipeline.java:481) ~[na:1.8.0_202]
	at java.util.stream.AbstractPipeline.wrapAndCopyInto(AbstractPipeline.java:471) ~[na:1.8.0_202]
	at java.util.stream.StreamSpliterators$WrappingSpliterator.forEachRemaining(StreamSpliterators.java:312) ~[na:1.8.0_202]
	at java.util.stream.Streams$ConcatSpliterator.forEachRemaining(Streams.java:743) ~[na:1.8.0_202]
	at java.util.stream.Streams$ConcatSpliterator.forEachRemaining(Streams.java:742) ~[na:1.8.0_202]
	at java.util.stream.ReferencePipeline$Head.forEach(ReferencePipeline.java:580) ~[na:1.8.0_202]
	at org.junit.jupiter.engine.descriptor.ClassBasedTestDescriptor.invokeTestInstancePostProcessors(ClassBasedTestDescriptor.java:362) [junit-jupiter-engine-5.8.2.jar:5.8.2]
	at org.junit.jupiter.engine.descriptor.ClassBasedTestDescriptor.lambda$instantiateAndPostProcessTestInstance$6(ClassBasedTestDescriptor.java:283) [junit-jupiter-engine-5.8.2.jar:5.8.2]
	at org.junit.platform.engine.support.hierarchical.ThrowableCollector.execute(ThrowableCollector.java:73) ~[junit-platform-engine-1.8.2.jar:1.8.2]
	at org.junit.jupiter.engine.descriptor.ClassBasedTestDescriptor.instantiateAndPostProcessTestInstance(ClassBasedTestDescriptor.java:282) [junit-jupiter-engine-5.8.2.jar:5.8.2]
	at org.junit.jupiter.engine.descriptor.ClassBasedTestDescriptor.lambda$testInstancesProvider$4(ClassBasedTestDescriptor.java:272) [junit-jupiter-engine-5.8.2.jar:5.8.2]
	at java.util.Optional.orElseGet(Optional.java:267) ~[na:1.8.0_202]
	at org.junit.jupiter.engine.descriptor.ClassBasedTestDescriptor.lambda$testInstancesProvider$5(ClassBasedTestDescriptor.java:271) [junit-jupiter-engine-5.8.2.jar:5.8.2]
	at org.junit.jupiter.engine.execution.TestInstancesProvider.getTestInstances(TestInstancesProvider.java:31) ~[junit-jupiter-engine-5.8.2.jar:5.8.2]
	at org.junit.jupiter.engine.descriptor.TestMethodTestDescriptor.lambda$prepare$0(TestMethodTestDescriptor.java:102) ~[junit-jupiter-engine-5.8.2.jar:5.8.2]
	at org.junit.platform.engine.support.hierarchical.ThrowableCollector.execute(ThrowableCollector.java:73) ~[junit-platform-engine-1.8.2.jar:1.8.2]
	at org.junit.jupiter.engine.descriptor.TestMethodTestDescriptor.prepare(TestMethodTestDescriptor.java:101) ~[junit-jupiter-engine-5.8.2.jar:5.8.2]
	at org.junit.jupiter.engine.descriptor.TestMethodTestDescriptor.prepare(TestMethodTestDescriptor.java:66) ~[junit-jupiter-engine-5.8.2.jar:5.8.2]
	at org.junit.platform.engine.support.hierarchical.NodeTestTask.lambda$prepare$2(NodeTestTask.java:123) ~[junit-platform-engine-1.8.2.jar:1.8.2]
	at org.junit.platform.engine.support.hierarchical.ThrowableCollector.execute(ThrowableCollector.java:73) ~[junit-platform-engine-1.8.2.jar:1.8.2]
	at org.junit.platform.engine.support.hierarchical.NodeTestTask.prepare(NodeTestTask.java:123) ~[junit-platform-engine-1.8.2.jar:1.8.2]
	at org.junit.platform.engine.support.hierarchical.NodeTestTask.execute(NodeTestTask.java:90) ~[junit-platform-engine-1.8.2.jar:1.8.2]
	at java.util.ArrayList.forEach(ArrayList.java:1257) ~[na:1.8.0_202]
	at org.junit.platform.engine.support.hierarchical.SameThreadHierarchicalTestExecutorService.invokeAll(SameThreadHierarchicalTestExecutorService.java:41) ~[junit-platform-engine-1.8.2.jar:1.8.2]
	at org.junit.platform.engine.support.hierarchical.NodeTestTask.lambda$executeRecursively$6(NodeTestTask.java:155) ~[junit-platform-engine-1.8.2.jar:1.8.2]
	at org.junit.platform.engine.support.hierarchical.ThrowableCollector.execute(ThrowableCollector.java:73) ~[junit-platform-engine-1.8.2.jar:1.8.2]
	at org.junit.platform.engine.support.hierarchical.NodeTestTask.lambda$executeRecursively$8(NodeTestTask.java:141) ~[junit-platform-engine-1.8.2.jar:1.8.2]
	at org.junit.platform.engine.support.hierarchical.Node.around(Node.java:137) ~[junit-platform-engine-1.8.2.jar:1.8.2]
	at org.junit.platform.engine.support.hierarchical.NodeTestTask.lambda$executeRecursively$9(NodeTestTask.java:139) ~[junit-platform-engine-1.8.2.jar:1.8.2]
	at org.junit.platform.engine.support.hierarchical.ThrowableCollector.execute(ThrowableCollector.java:73) ~[junit-platform-engine-1.8.2.jar:1.8.2]
	at org.junit.platform.engine.support.hierarchical.NodeTestTask.executeRecursively(NodeTestTask.java:138) ~[junit-platform-engine-1.8.2.jar:1.8.2]
	at org.junit.platform.engine.support.hierarchical.NodeTestTask.execute(NodeTestTask.java:95) ~[junit-platform-engine-1.8.2.jar:1.8.2]
	at java.util.ArrayList.forEach(ArrayList.java:1257) ~[na:1.8.0_202]
	at org.junit.platform.engine.support.hierarchical.SameThreadHierarchicalTestExecutorService.invokeAll(SameThreadHierarchicalTestExecutorService.java:41) ~[junit-platform-engine-1.8.2.jar:1.8.2]
	at org.junit.platform.engine.support.hierarchical.NodeTestTask.lambda$executeRecursively$6(NodeTestTask.java:155) ~[junit-platform-engine-1.8.2.jar:1.8.2]
	at org.junit.platform.engine.support.hierarchical.ThrowableCollector.execute(ThrowableCollector.java:73) ~[junit-platform-engine-1.8.2.jar:1.8.2]
	at org.junit.platform.engine.support.hierarchical.NodeTestTask.lambda$executeRecursively$8(NodeTestTask.java:141) ~[junit-platform-engine-1.8.2.jar:1.8.2]
	at org.junit.platform.engine.support.hierarchical.Node.around(Node.java:137) ~[junit-platform-engine-1.8.2.jar:1.8.2]
	at org.junit.platform.engine.support.hierarchical.NodeTestTask.lambda$executeRecursively$9(NodeTestTask.java:139) ~[junit-platform-engine-1.8.2.jar:1.8.2]
	at org.junit.platform.engine.support.hierarchical.ThrowableCollector.execute(ThrowableCollector.java:73) ~[junit-platform-engine-1.8.2.jar:1.8.2]
	at org.junit.platform.engine.support.hierarchical.NodeTestTask.executeRecursively(NodeTestTask.java:138) ~[junit-platform-engine-1.8.2.jar:1.8.2]
	at org.junit.platform.engine.support.hierarchical.NodeTestTask.execute(NodeTestTask.java:95) ~[junit-platform-engine-1.8.2.jar:1.8.2]
	at org.junit.platform.engine.support.hierarchical.SameThreadHierarchicalTestExecutorService.submit(SameThreadHierarchicalTestExecutorService.java:35) ~[junit-platform-engine-1.8.2.jar:1.8.2]
	at org.junit.platform.engine.support.hierarchical.HierarchicalTestExecutor.execute(HierarchicalTestExecutor.java:57) ~[junit-platform-engine-1.8.2.jar:1.8.2]
	at org.junit.platform.engine.support.hierarchical.HierarchicalTestEngine.execute(HierarchicalTestEngine.java:54) ~[junit-platform-engine-1.8.2.jar:1.8.2]
	at org.junit.platform.launcher.core.DefaultLauncher.execute(DefaultLauncher.java:220) ~[junit-platform-launcher-1.3.1.jar:1.3.1]
	at org.junit.platform.launcher.core.DefaultLauncher.lambda$execute$6(DefaultLauncher.java:188) ~[junit-platform-launcher-1.3.1.jar:1.3.1]
	at org.junit.platform.launcher.core.DefaultLauncher.withInterceptedStreams(DefaultLauncher.java:202) ~[junit-platform-launcher-1.3.1.jar:1.3.1]
	at org.junit.platform.launcher.core.DefaultLauncher.execute(DefaultLauncher.java:181) ~[junit-platform-launcher-1.3.1.jar:1.3.1]
	at org.junit.platform.launcher.core.DefaultLauncher.execute(DefaultLauncher.java:128) ~[junit-platform-launcher-1.3.1.jar:1.3.1]
	at org.apache.maven.surefire.junitplatform.JUnitPlatformProvider.invokeAllTests(JUnitPlatformProvider.java:150) ~[surefire-junit-platform-2.22.2.jar:2.22.2]
	at org.apache.maven.surefire.junitplatform.JUnitPlatformProvider.invoke(JUnitPlatformProvider.java:124) ~[surefire-junit-platform-2.22.2.jar:2.22.2]
	at org.apache.maven.surefire.booter.ForkedBooter.invokeProviderInSameClassLoader(ForkedBooter.java:384) ~[surefire-booter-2.22.2.jar:2.22.2]
	at org.apache.maven.surefire.booter.ForkedBooter.runSuitesInProcess(ForkedBooter.java:345) ~[surefire-booter-2.22.2.jar:2.22.2]
	at org.apache.maven.surefire.booter.ForkedBooter.execute(ForkedBooter.java:126) ~[surefire-booter-2.22.2.jar:2.22.2]
	at org.apache.maven.surefire.booter.ForkedBooter.main(ForkedBooter.java:418) ~[surefire-booter-2.22.2.jar:2.22.2]

2023-10-15 16:18:52.203  INFO 19020 --- [           main] com.alibaba.nacos.common.remote.client   : [3f090fb1-55c6-4fe3-8377-8b3ac52cd4b0_config-0] Try to connect to server on start up, server: {serverIp = 'localhost', server main port = 8848}
2023-10-15 16:18:53.354 ERROR 19020 --- [aming.updater.2] com.alibaba.nacos.common.remote.client   : Send request fail, request = ServiceQueryRequest{headers={app=unknown}, requestId='null'}, retryTimes = 0, errorMessage = Client not connected, current status:STARTING
2023-10-15 16:18:53.466 ERROR 19020 --- [aming.updater.2] com.alibaba.nacos.common.remote.client   : Send request fail, request = ServiceQueryRequest{headers={app=unknown}, requestId='null'}, retryTimes = 1, errorMessage = Client not connected, current status:STARTING
2023-10-15 16:18:53.576 ERROR 19020 --- [aming.updater.2] com.alibaba.nacos.common.remote.client   : Send request fail, request = ServiceQueryRequest{headers={app=unknown}, requestId='null'}, retryTimes = 2, errorMessage = Client not connected, current status:STARTING
2023-10-15 16:18:53.576  WARN 19020 --- [aming.updater.2] com.alibaba.nacos.client.naming          : [NA] failed to update serviceName: DEFAULT_GROUP@@providers:org.apache.dubbo.metadata.MetadataService:1.0.0:dubbo-springboot-demo-provider

com.alibaba.nacos.api.exception.NacosException: Request nacos server failed: 
	at com.alibaba.nacos.client.naming.remote.gprc.NamingGrpcClientProxy.requestToServer(NamingGrpcClientProxy.java:288) ~[nacos-client-2.1.0.jar:na]
	at com.alibaba.nacos.client.naming.remote.gprc.NamingGrpcClientProxy.queryInstancesOfService(NamingGrpcClientProxy.java:168) ~[nacos-client-2.1.0.jar:na]
	at com.alibaba.nacos.client.naming.remote.NamingClientProxyDelegate.queryInstancesOfService(NamingClientProxyDelegate.java:110) ~[nacos-client-2.1.0.jar:na]
	at com.alibaba.nacos.client.naming.core.ServiceInfoUpdateService$UpdateTask.run(ServiceInfoUpdateService.java:178) ~[nacos-client-2.1.0.jar:na]
	at java.util.concurrent.Executors$RunnableAdapter.call(Executors.java:511) [na:1.8.0_202]
	at java.util.concurrent.FutureTask.run(FutureTask.java:266) [na:1.8.0_202]
	at java.util.concurrent.ScheduledThreadPoolExecutor$ScheduledFutureTask.access$201(ScheduledThreadPoolExecutor.java:180) [na:1.8.0_202]
	at java.util.concurrent.ScheduledThreadPoolExecutor$ScheduledFutureTask.run(ScheduledThreadPoolExecutor.java:293) [na:1.8.0_202]
	at java.util.concurrent.ThreadPoolExecutor.runWorker(ThreadPoolExecutor.java:1149) [na:1.8.0_202]
	at java.util.concurrent.ThreadPoolExecutor$Worker.run(ThreadPoolExecutor.java:624) [na:1.8.0_202]
	at java.lang.Thread.run(Thread.java:748) [na:1.8.0_202]
Caused by: com.alibaba.nacos.api.exception.NacosException: Client not connected, current status:STARTING
	at com.alibaba.nacos.common.remote.client.RpcClient.request(RpcClient.java:651) ~[nacos-client-2.1.0.jar:na]
	at com.alibaba.nacos.common.remote.client.RpcClient.request(RpcClient.java:631) ~[nacos-client-2.1.0.jar:na]
	at com.alibaba.nacos.client.naming.remote.gprc.NamingGrpcClientProxy.requestToServer(NamingGrpcClientProxy.java:278) ~[nacos-client-2.1.0.jar:na]
	... 10 common frames omitted

2023-10-15 16:18:53.751 ERROR 19020 --- [t.remote.worker] c.a.n.c.remote.client.grpc.GrpcClient    : Server check fail, please check server localhost ,port 9848 is available , error ={}

java.util.concurrent.TimeoutException: Waited 3000 milliseconds (plus 4 milliseconds, 441000 nanoseconds delay) for com.alibaba.nacos.shaded.io.grpc.stub.ClientCalls$GrpcFuture@552d1373[status=PENDING, info=[GrpcFuture{clientCall={delegate={delegate=ClientCallImpl{method=MethodDescriptor{fullMethodName=Request/request, type=UNARY, idempotent=false, safe=false, sampledToLocalTracing=true, requestMarshaller=com.alibaba.nacos.shaded.io.grpc.protobuf.lite.ProtoLiteUtils$MessageMarshaller@25a94b55, responseMarshaller=com.alibaba.nacos.shaded.io.grpc.protobuf.lite.ProtoLiteUtils$MessageMarshaller@6adc5b9c, schemaDescriptor=com.alibaba.nacos.api.grpc.auto.RequestGrpc$RequestMethodDescriptorSupplier@19c1820d}}}}}]]
	at com.alibaba.nacos.shaded.com.google.common.util.concurrent.AbstractFuture.get(AbstractFuture.java:508) ~[nacos-client-2.1.0.jar:na]
	at com.alibaba.nacos.common.remote.client.grpc.GrpcClient.serverCheck(GrpcClient.java:192) [nacos-client-2.1.0.jar:na]
	at com.alibaba.nacos.common.remote.client.grpc.GrpcClient.connectToServer(GrpcClient.java:302) [nacos-client-2.1.0.jar:na]
	at com.alibaba.nacos.common.remote.client.RpcClient.reconnect(RpcClient.java:521) [nacos-client-2.1.0.jar:na]
	at com.alibaba.nacos.common.remote.client.RpcClient.lambda$start$2(RpcClient.java:369) [nacos-client-2.1.0.jar:na]
	at java.util.concurrent.Executors$RunnableAdapter.call(Executors.java:511) ~[na:1.8.0_202]
	at java.util.concurrent.FutureTask.run(FutureTask.java:266) ~[na:1.8.0_202]
	at java.util.concurrent.ScheduledThreadPoolExecutor$ScheduledFutureTask.access$201(ScheduledThreadPoolExecutor.java:180) ~[na:1.8.0_202]
	at java.util.concurrent.ScheduledThreadPoolExecutor$ScheduledFutureTask.run(ScheduledThreadPoolExecutor.java:293) ~[na:1.8.0_202]
	at java.util.concurrent.ThreadPoolExecutor.runWorker(ThreadPoolExecutor.java:1149) ~[na:1.8.0_202]
	at java.util.concurrent.ThreadPoolExecutor$Worker.run(ThreadPoolExecutor.java:624) ~[na:1.8.0_202]
	at java.lang.Thread.run(Thread.java:748) ~[na:1.8.0_202]

2023-10-15 16:18:53.751  INFO 19020 --- [t.remote.worker] com.alibaba.nacos.common.remote.client   : [1a62660d-ae49-4a8f-8c45-670f650afaa8] Fail to connect server, after trying 10 times, last try server is {serverIp = 'localhost', server main port = 8848}, error = unknown
2023-10-15 16:18:54.165  WARN 19020 --- [ing.grpc.redo.0] com.alibaba.nacos.client.naming          : Grpc Connection is disconnect, skip current redo task
2023-10-15 16:18:55.211 ERROR 19020 --- [           main] c.a.n.c.remote.client.grpc.GrpcClient    : Server check fail, please check server localhost ,port 9848 is available , error ={}

java.util.concurrent.TimeoutException: Waited 3000 milliseconds (plus 6 milliseconds, 587600 nanoseconds delay) for com.alibaba.nacos.shaded.io.grpc.stub.ClientCalls$GrpcFuture@7747cc1b[status=PENDING, info=[GrpcFuture{clientCall={delegate={delegate=ClientCallImpl{method=MethodDescriptor{fullMethodName=Request/request, type=UNARY, idempotent=false, safe=false, sampledToLocalTracing=true, requestMarshaller=com.alibaba.nacos.shaded.io.grpc.protobuf.lite.ProtoLiteUtils$MessageMarshaller@25a94b55, responseMarshaller=com.alibaba.nacos.shaded.io.grpc.protobuf.lite.ProtoLiteUtils$MessageMarshaller@6adc5b9c, schemaDescriptor=com.alibaba.nacos.api.grpc.auto.RequestGrpc$RequestMethodDescriptorSupplier@19c1820d}}}}}]]
	at com.alibaba.nacos.shaded.com.google.common.util.concurrent.AbstractFuture.get(AbstractFuture.java:508) ~[nacos-client-2.1.0.jar:na]
	at com.alibaba.nacos.common.remote.client.grpc.GrpcClient.serverCheck(GrpcClient.java:192) [nacos-client-2.1.0.jar:na]
	at com.alibaba.nacos.common.remote.client.grpc.GrpcClient.connectToServer(GrpcClient.java:302) [nacos-client-2.1.0.jar:na]
	at com.alibaba.nacos.common.remote.client.RpcClient.start(RpcClient.java:389) [nacos-client-2.1.0.jar:na]
	at com.alibaba.nacos.client.config.impl.ClientWorker$ConfigRpcTransportClient.ensureRpcClient(ClientWorker.java:885) [nacos-client-2.1.0.jar:na]
	at com.alibaba.nacos.client.config.impl.ClientWorker$ConfigRpcTransportClient.getOneRunningClient(ClientWorker.java:1032) [nacos-client-2.1.0.jar:na]
	at com.alibaba.nacos.client.config.impl.ClientWorker$ConfigRpcTransportClient.queryConfig(ClientWorker.java:940) [nacos-client-2.1.0.jar:na]
	at com.alibaba.nacos.client.config.impl.ClientWorker.getServerConfig(ClientWorker.java:396) [nacos-client-2.1.0.jar:na]
	at com.alibaba.nacos.client.config.NacosConfigService.getConfigInner(NacosConfigService.java:166) [nacos-client-2.1.0.jar:na]
	at com.alibaba.nacos.client.config.NacosConfigService.getConfig(NacosConfigService.java:94) [nacos-client-2.1.0.jar:na]
	at org.apache.dubbo.configcenter.support.nacos.NacosConfigServiceWrapper.getConfig(NacosConfigServiceWrapper.java:53) [dubbo-3.0.9.jar:3.0.9]
	at org.apache.dubbo.configcenter.support.nacos.NacosDynamicConfiguration.getConfig(NacosDynamicConfiguration.java:195) [dubbo-3.0.9.jar:3.0.9]
	at org.apache.dubbo.common.config.configcenter.DynamicConfiguration.getProperties(DynamicConfiguration.java:133) [dubbo-3.0.9.jar:3.0.9]
	at org.apache.dubbo.common.config.configcenter.DynamicConfiguration.getProperties(DynamicConfiguration.java:124) [dubbo-3.0.9.jar:3.0.9]
	at org.apache.dubbo.config.deploy.DefaultApplicationDeployer.prepareEnvironment(DefaultApplicationDeployer.java:683) [dubbo-3.0.9.jar:3.0.9]
	at org.apache.dubbo.config.deploy.DefaultApplicationDeployer.startConfigCenter(DefaultApplicationDeployer.java:261) [dubbo-3.0.9.jar:3.0.9]
	at org.apache.dubbo.config.deploy.DefaultApplicationDeployer.initialize(DefaultApplicationDeployer.java:185) [dubbo-3.0.9.jar:3.0.9]
	at org.apache.dubbo.config.deploy.DefaultModuleDeployer.prepare(DefaultModuleDeployer.java:470) [dubbo-3.0.9.jar:3.0.9]
	at org.apache.dubbo.config.spring.context.DubboConfigApplicationListener.initDubboConfigBeans(DubboConfigApplicationListener.java:71) [dubbo-3.0.9.jar:3.0.9]
	at org.apache.dubbo.config.spring.context.DubboConfigApplicationListener.onApplicationEvent(DubboConfigApplicationListener.java:57) [dubbo-3.0.9.jar:3.0.9]
	at org.apache.dubbo.config.spring.context.DubboConfigApplicationListener.onApplicationEvent(DubboConfigApplicationListener.java:35) [dubbo-3.0.9.jar:3.0.9]
	at org.springframework.context.event.SimpleApplicationEventMulticaster.doInvokeListener(SimpleApplicationEventMulticaster.java:176) [spring-context-5.3.20.jar:5.3.20]
	at org.springframework.context.event.SimpleApplicationEventMulticaster.invokeListener(SimpleApplicationEventMulticaster.java:169) [spring-context-5.3.20.jar:5.3.20]
	at org.springframework.context.event.SimpleApplicationEventMulticaster.multicastEvent(SimpleApplicationEventMulticaster.java:143) [spring-context-5.3.20.jar:5.3.20]
	at org.springframework.context.event.SimpleApplicationEventMulticaster.multicastEvent(SimpleApplicationEventMulticaster.java:131) [spring-context-5.3.20.jar:5.3.20]
	at org.springframework.context.support.AbstractApplicationContext.registerListeners(AbstractApplicationContext.java:881) [spring-context-5.3.20.jar:5.3.20]
	at org.springframework.context.support.AbstractApplicationContext.refresh(AbstractApplicationContext.java:580) [spring-context-5.3.20.jar:5.3.20]
	at org.springframework.boot.SpringApplication.refresh(SpringApplication.java:734) [spring-boot-2.7.0.jar:2.7.0]
	at org.springframework.boot.SpringApplication.refreshContext(SpringApplication.java:408) [spring-boot-2.7.0.jar:2.7.0]
	at org.springframework.boot.SpringApplication.run(SpringApplication.java:308) [spring-boot-2.7.0.jar:2.7.0]
	at org.springframework.boot.test.context.SpringBootContextLoader.loadContext(SpringBootContextLoader.java:132) [spring-boot-test-2.7.0.jar:2.7.0]
	at org.springframework.test.context.cache.DefaultCacheAwareContextLoaderDelegate.loadContextInternal(DefaultCacheAwareContextLoaderDelegate.java:99) [spring-test-5.3.20.jar:5.3.20]
	at org.springframework.test.context.cache.DefaultCacheAwareContextLoaderDelegate.loadContext(DefaultCacheAwareContextLoaderDelegate.java:124) [spring-test-5.3.20.jar:5.3.20]
	at org.springframework.test.context.support.DefaultTestContext.getApplicationContext(DefaultTestContext.java:124) [spring-test-5.3.20.jar:5.3.20]
	at org.springframework.boot.test.autoconfigure.SpringBootDependencyInjectionTestExecutionListener.outputConditionEvaluationReport(SpringBootDependencyInjectionTestExecutionListener.java:53) [spring-boot-test-autoconfigure-2.7.0.jar:2.7.0]
	at org.springframework.boot.test.autoconfigure.SpringBootDependencyInjectionTestExecutionListener.prepareTestInstance(SpringBootDependencyInjectionTestExecutionListener.java:46) [spring-boot-test-autoconfigure-2.7.0.jar:2.7.0]
	at org.springframework.test.context.TestContextManager.prepareTestInstance(TestContextManager.java:248) [spring-test-5.3.20.jar:5.3.20]
	at org.springframework.test.context.junit.jupiter.SpringExtension.postProcessTestInstance(SpringExtension.java:138) [spring-test-5.3.20.jar:5.3.20]
	at org.junit.jupiter.engine.descriptor.ClassBasedTestDescriptor.lambda$invokeTestInstancePostProcessors$8(ClassBasedTestDescriptor.java:363) [junit-jupiter-engine-5.8.2.jar:5.8.2]
	at org.junit.jupiter.engine.descriptor.ClassBasedTestDescriptor.executeAndMaskThrowable(ClassBasedTestDescriptor.java:368) [junit-jupiter-engine-5.8.2.jar:5.8.2]
	at org.junit.jupiter.engine.descriptor.ClassBasedTestDescriptor.lambda$invokeTestInstancePostProcessors$9(ClassBasedTestDescriptor.java:363) [junit-jupiter-engine-5.8.2.jar:5.8.2]
	at java.util.stream.ReferencePipeline$3$1.accept(ReferencePipeline.java:193) ~[na:1.8.0_202]
	at java.util.stream.ReferencePipeline$2$1.accept(ReferencePipeline.java:175) ~[na:1.8.0_202]
	at java.util.ArrayList$ArrayListSpliterator.forEachRemaining(ArrayList.java:1382) ~[na:1.8.0_202]
	at java.util.stream.AbstractPipeline.copyInto(AbstractPipeline.java:481) ~[na:1.8.0_202]
	at java.util.stream.AbstractPipeline.wrapAndCopyInto(AbstractPipeline.java:471) ~[na:1.8.0_202]
	at java.util.stream.StreamSpliterators$WrappingSpliterator.forEachRemaining(StreamSpliterators.java:312) ~[na:1.8.0_202]
	at java.util.stream.Streams$ConcatSpliterator.forEachRemaining(Streams.java:743) ~[na:1.8.0_202]
	at java.util.stream.Streams$ConcatSpliterator.forEachRemaining(Streams.java:742) ~[na:1.8.0_202]
	at java.util.stream.ReferencePipeline$Head.forEach(ReferencePipeline.java:580) ~[na:1.8.0_202]
	at org.junit.jupiter.engine.descriptor.ClassBasedTestDescriptor.invokeTestInstancePostProcessors(ClassBasedTestDescriptor.java:362) [junit-jupiter-engine-5.8.2.jar:5.8.2]
	at org.junit.jupiter.engine.descriptor.ClassBasedTestDescriptor.lambda$instantiateAndPostProcessTestInstance$6(ClassBasedTestDescriptor.java:283) [junit-jupiter-engine-5.8.2.jar:5.8.2]
	at org.junit.platform.engine.support.hierarchical.ThrowableCollector.execute(ThrowableCollector.java:73) ~[junit-platform-engine-1.8.2.jar:1.8.2]
	at org.junit.jupiter.engine.descriptor.ClassBasedTestDescriptor.instantiateAndPostProcessTestInstance(ClassBasedTestDescriptor.java:282) [junit-jupiter-engine-5.8.2.jar:5.8.2]
	at org.junit.jupiter.engine.descriptor.ClassBasedTestDescriptor.lambda$testInstancesProvider$4(ClassBasedTestDescriptor.java:272) [junit-jupiter-engine-5.8.2.jar:5.8.2]
	at java.util.Optional.orElseGet(Optional.java:267) ~[na:1.8.0_202]
	at org.junit.jupiter.engine.descriptor.ClassBasedTestDescriptor.lambda$testInstancesProvider$5(ClassBasedTestDescriptor.java:271) [junit-jupiter-engine-5.8.2.jar:5.8.2]
	at org.junit.jupiter.engine.execution.TestInstancesProvider.getTestInstances(TestInstancesProvider.java:31) ~[junit-jupiter-engine-5.8.2.jar:5.8.2]
	at org.junit.jupiter.engine.descriptor.TestMethodTestDescriptor.lambda$prepare$0(TestMethodTestDescriptor.java:102) ~[junit-jupiter-engine-5.8.2.jar:5.8.2]
	at org.junit.platform.engine.support.hierarchical.ThrowableCollector.execute(ThrowableCollector.java:73) ~[junit-platform-engine-1.8.2.jar:1.8.2]
	at org.junit.jupiter.engine.descriptor.TestMethodTestDescriptor.prepare(TestMethodTestDescriptor.java:101) ~[junit-jupiter-engine-5.8.2.jar:5.8.2]
	at org.junit.jupiter.engine.descriptor.TestMethodTestDescriptor.prepare(TestMethodTestDescriptor.java:66) ~[junit-jupiter-engine-5.8.2.jar:5.8.2]
	at org.junit.platform.engine.support.hierarchical.NodeTestTask.lambda$prepare$2(NodeTestTask.java:123) ~[junit-platform-engine-1.8.2.jar:1.8.2]
	at org.junit.platform.engine.support.hierarchical.ThrowableCollector.execute(ThrowableCollector.java:73) ~[junit-platform-engine-1.8.2.jar:1.8.2]
	at org.junit.platform.engine.support.hierarchical.NodeTestTask.prepare(NodeTestTask.java:123) ~[junit-platform-engine-1.8.2.jar:1.8.2]
	at org.junit.platform.engine.support.hierarchical.NodeTestTask.execute(NodeTestTask.java:90) ~[junit-platform-engine-1.8.2.jar:1.8.2]
	at java.util.ArrayList.forEach(ArrayList.java:1257) ~[na:1.8.0_202]
	at org.junit.platform.engine.support.hierarchical.SameThreadHierarchicalTestExecutorService.invokeAll(SameThreadHierarchicalTestExecutorService.java:41) ~[junit-platform-engine-1.8.2.jar:1.8.2]
	at org.junit.platform.engine.support.hierarchical.NodeTestTask.lambda$executeRecursively$6(NodeTestTask.java:155) ~[junit-platform-engine-1.8.2.jar:1.8.2]
	at org.junit.platform.engine.support.hierarchical.ThrowableCollector.execute(ThrowableCollector.java:73) ~[junit-platform-engine-1.8.2.jar:1.8.2]
	at org.junit.platform.engine.support.hierarchical.NodeTestTask.lambda$executeRecursively$8(NodeTestTask.java:141) ~[junit-platform-engine-1.8.2.jar:1.8.2]
	at org.junit.platform.engine.support.hierarchical.Node.around(Node.java:137) ~[junit-platform-engine-1.8.2.jar:1.8.2]
	at org.junit.platform.engine.support.hierarchical.NodeTestTask.lambda$executeRecursively$9(NodeTestTask.java:139) ~[junit-platform-engine-1.8.2.jar:1.8.2]
	at org.junit.platform.engine.support.hierarchical.ThrowableCollector.execute(ThrowableCollector.java:73) ~[junit-platform-engine-1.8.2.jar:1.8.2]
	at org.junit.platform.engine.support.hierarchical.NodeTestTask.executeRecursively(NodeTestTask.java:138) ~[junit-platform-engine-1.8.2.jar:1.8.2]
	at org.junit.platform.engine.support.hierarchical.NodeTestTask.execute(NodeTestTask.java:95) ~[junit-platform-engine-1.8.2.jar:1.8.2]
	at java.util.ArrayList.forEach(ArrayList.java:1257) ~[na:1.8.0_202]
	at org.junit.platform.engine.support.hierarchical.SameThreadHierarchicalTestExecutorService.invokeAll(SameThreadHierarchicalTestExecutorService.java:41) ~[junit-platform-engine-1.8.2.jar:1.8.2]
	at org.junit.platform.engine.support.hierarchical.NodeTestTask.lambda$executeRecursively$6(NodeTestTask.java:155) ~[junit-platform-engine-1.8.2.jar:1.8.2]
	at org.junit.platform.engine.support.hierarchical.ThrowableCollector.execute(ThrowableCollector.java:73) ~[junit-platform-engine-1.8.2.jar:1.8.2]
	at org.junit.platform.engine.support.hierarchical.NodeTestTask.lambda$executeRecursively$8(NodeTestTask.java:141) ~[junit-platform-engine-1.8.2.jar:1.8.2]
	at org.junit.platform.engine.support.hierarchical.Node.around(Node.java:137) ~[junit-platform-engine-1.8.2.jar:1.8.2]
	at org.junit.platform.engine.support.hierarchical.NodeTestTask.lambda$executeRecursively$9(NodeTestTask.java:139) ~[junit-platform-engine-1.8.2.jar:1.8.2]
	at org.junit.platform.engine.support.hierarchical.ThrowableCollector.execute(ThrowableCollector.java:73) ~[junit-platform-engine-1.8.2.jar:1.8.2]
	at org.junit.platform.engine.support.hierarchical.NodeTestTask.executeRecursively(NodeTestTask.java:138) ~[junit-platform-engine-1.8.2.jar:1.8.2]
	at org.junit.platform.engine.support.hierarchical.NodeTestTask.execute(NodeTestTask.java:95) ~[junit-platform-engine-1.8.2.jar:1.8.2]
	at org.junit.platform.engine.support.hierarchical.SameThreadHierarchicalTestExecutorService.submit(SameThreadHierarchicalTestExecutorService.java:35) ~[junit-platform-engine-1.8.2.jar:1.8.2]
	at org.junit.platform.engine.support.hierarchical.HierarchicalTestExecutor.execute(HierarchicalTestExecutor.java:57) ~[junit-platform-engine-1.8.2.jar:1.8.2]
	at org.junit.platform.engine.support.hierarchical.HierarchicalTestEngine.execute(HierarchicalTestEngine.java:54) ~[junit-platform-engine-1.8.2.jar:1.8.2]
	at org.junit.platform.launcher.core.DefaultLauncher.execute(DefaultLauncher.java:220) ~[junit-platform-launcher-1.3.1.jar:1.3.1]
	at org.junit.platform.launcher.core.DefaultLauncher.lambda$execute$6(DefaultLauncher.java:188) ~[junit-platform-launcher-1.3.1.jar:1.3.1]
	at org.junit.platform.launcher.core.DefaultLauncher.withInterceptedStreams(DefaultLauncher.java:202) ~[junit-platform-launcher-1.3.1.jar:1.3.1]
	at org.junit.platform.launcher.core.DefaultLauncher.execute(DefaultLauncher.java:181) ~[junit-platform-launcher-1.3.1.jar:1.3.1]
	at org.junit.platform.launcher.core.DefaultLauncher.execute(DefaultLauncher.java:128) ~[junit-platform-launcher-1.3.1.jar:1.3.1]
	at org.apache.maven.surefire.junitplatform.JUnitPlatformProvider.invokeAllTests(JUnitPlatformProvider.java:150) ~[surefire-junit-platform-2.22.2.jar:2.22.2]
	at org.apache.maven.surefire.junitplatform.JUnitPlatformProvider.invoke(JUnitPlatformProvider.java:124) ~[surefire-junit-platform-2.22.2.jar:2.22.2]
	at org.apache.maven.surefire.booter.ForkedBooter.invokeProviderInSameClassLoader(ForkedBooter.java:384) ~[surefire-booter-2.22.2.jar:2.22.2]
	at org.apache.maven.surefire.booter.ForkedBooter.runSuitesInProcess(ForkedBooter.java:345) ~[surefire-booter-2.22.2.jar:2.22.2]
	at org.apache.maven.surefire.booter.ForkedBooter.execute(ForkedBooter.java:126) ~[surefire-booter-2.22.2.jar:2.22.2]
	at org.apache.maven.surefire.booter.ForkedBooter.main(ForkedBooter.java:418) ~[surefire-booter-2.22.2.jar:2.22.2]

2023-10-15 16:18:55.212  INFO 19020 --- [           main] com.alibaba.nacos.common.remote.client   : [3f090fb1-55c6-4fe3-8377-8b3ac52cd4b0_config-0] Try to connect to server on start up, server: {serverIp = 'localhost', server main port = 8848}
2023-10-15 16:18:55.449 ERROR 19020 --- [t.remote.worker] c.a.n.c.remote.client.grpc.GrpcClient    : Server check fail, please check server localhost ,port 9848 is available , error ={}

java.util.concurrent.TimeoutException: Waited 3000 milliseconds (plus 9 milliseconds, 195500 nanoseconds delay) for com.alibaba.nacos.shaded.io.grpc.stub.ClientCalls$GrpcFuture@28cc8858[status=PENDING, info=[GrpcFuture{clientCall={delegate={delegate=ClientCallImpl{method=MethodDescriptor{fullMethodName=Request/request, type=UNARY, idempotent=false, safe=false, sampledToLocalTracing=true, requestMarshaller=com.alibaba.nacos.shaded.io.grpc.protobuf.lite.ProtoLiteUtils$MessageMarshaller@25a94b55, responseMarshaller=com.alibaba.nacos.shaded.io.grpc.protobuf.lite.ProtoLiteUtils$MessageMarshaller@6adc5b9c, schemaDescriptor=com.alibaba.nacos.api.grpc.auto.RequestGrpc$RequestMethodDescriptorSupplier@19c1820d}}}}}]]
	at com.alibaba.nacos.shaded.com.google.common.util.concurrent.AbstractFuture.get(AbstractFuture.java:508) ~[nacos-client-2.1.0.jar:na]
	at com.alibaba.nacos.common.remote.client.grpc.GrpcClient.serverCheck(GrpcClient.java:192) [nacos-client-2.1.0.jar:na]
	at com.alibaba.nacos.common.remote.client.grpc.GrpcClient.connectToServer(GrpcClient.java:302) [nacos-client-2.1.0.jar:na]
	at com.alibaba.nacos.common.remote.client.RpcClient.reconnect(RpcClient.java:521) [nacos-client-2.1.0.jar:na]
	at com.alibaba.nacos.common.remote.client.RpcClient.lambda$start$2(RpcClient.java:369) [nacos-client-2.1.0.jar:na]
	at java.util.concurrent.Executors$RunnableAdapter.call(Executors.java:511) ~[na:1.8.0_202]
	at java.util.concurrent.FutureTask.run(FutureTask.java:266) ~[na:1.8.0_202]
	at java.util.concurrent.ScheduledThreadPoolExecutor$ScheduledFutureTask.access$201(ScheduledThreadPoolExecutor.java:180) ~[na:1.8.0_202]
	at java.util.concurrent.ScheduledThreadPoolExecutor$ScheduledFutureTask.run(ScheduledThreadPoolExecutor.java:293) ~[na:1.8.0_202]
	at java.util.concurrent.ThreadPoolExecutor.runWorker(ThreadPoolExecutor.java:1149) ~[na:1.8.0_202]
	at java.util.concurrent.ThreadPoolExecutor$Worker.run(ThreadPoolExecutor.java:624) ~[na:1.8.0_202]
	at java.lang.Thread.run(Thread.java:748) ~[na:1.8.0_202]

2023-10-15 16:18:55.449  INFO 19020 --- [t.remote.worker] com.alibaba.nacos.common.remote.client   : [fe9b996a-7e47-43fe-ad06-6dbc78424a39_config-0] Fail to connect server, after trying 4 times, last try server is {serverIp = 'localhost', server main port = 8848}, error = unknown
2023-10-15 16:18:55.685 ERROR 19020 --- [s.client.Worker] com.alibaba.nacos.common.remote.client   : Send request fail, request = ConfigBatchListenRequest{headers={charset=UTF-8, Client-AppName=unknown, Client-RequestToken=31fa8d030ba668dc7daadc014fe59120, Client-RequestTS=1697357935575, exConfigInfo=true}, requestId='null'}, retryTimes = 0, errorMessage = Client not connected, current status:STARTING
2023-10-15 16:18:55.796 ERROR 19020 --- [s.client.Worker] com.alibaba.nacos.common.remote.client   : Send request fail, request = ConfigBatchListenRequest{headers={charset=UTF-8, Client-AppName=unknown, Client-RequestToken=31fa8d030ba668dc7daadc014fe59120, Client-RequestTS=1697357935575, exConfigInfo=true}, requestId='null'}, retryTimes = 1, errorMessage = Client not connected, current status:STARTING
2023-10-15 16:18:55.908 ERROR 19020 --- [s.client.Worker] com.alibaba.nacos.common.remote.client   : Send request fail, request = ConfigBatchListenRequest{headers={charset=UTF-8, Client-AppName=unknown, Client-RequestToken=31fa8d030ba668dc7daadc014fe59120, Client-RequestTS=1697357935575, exConfigInfo=true}, requestId='null'}, retryTimes = 2, errorMessage = Client not connected, current status:STARTING
2023-10-15 16:18:55.908 ERROR 19020 --- [s.client.Worker] c.a.n.client.config.impl.ClientWorker    : Async listen config change error 

com.alibaba.nacos.api.exception.NacosException: Client not connected, current status:STARTING
	at com.alibaba.nacos.common.remote.client.RpcClient.request(RpcClient.java:651) ~[nacos-client-2.1.0.jar:na]
	at com.alibaba.nacos.client.config.impl.ClientWorker$ConfigRpcTransportClient.requestProxy(ClientWorker.java:1005) [nacos-client-2.1.0.jar:na]
	at com.alibaba.nacos.client.config.impl.ClientWorker$ConfigRpcTransportClient.requestProxy(ClientWorker.java:986) [nacos-client-2.1.0.jar:na]
	at com.alibaba.nacos.client.config.impl.ClientWorker$ConfigRpcTransportClient.executeConfigListen(ClientWorker.java:777) [nacos-client-2.1.0.jar:na]
	at com.alibaba.nacos.client.config.impl.ClientWorker$ConfigRpcTransportClient.lambda$startInternal$2(ClientWorker.java:695) [nacos-client-2.1.0.jar:na]
	at java.util.concurrent.Executors$RunnableAdapter.call(Executors.java:511) ~[na:1.8.0_202]
	at java.util.concurrent.FutureTask.run(FutureTask.java:266) ~[na:1.8.0_202]
	at java.util.concurrent.ScheduledThreadPoolExecutor$ScheduledFutureTask.access$201(ScheduledThreadPoolExecutor.java:180) ~[na:1.8.0_202]
	at java.util.concurrent.ScheduledThreadPoolExecutor$ScheduledFutureTask.run(ScheduledThreadPoolExecutor.java:293) ~[na:1.8.0_202]
	at java.util.concurrent.ThreadPoolExecutor.runWorker(ThreadPoolExecutor.java:1149) ~[na:1.8.0_202]
	at java.util.concurrent.ThreadPoolExecutor$Worker.run(ThreadPoolExecutor.java:624) ~[na:1.8.0_202]
	at java.lang.Thread.run(Thread.java:748) ~[na:1.8.0_202]

2023-10-15 16:18:57.173  WARN 19020 --- [ing.grpc.redo.0] com.alibaba.nacos.client.naming          : Grpc Connection is disconnect, skip current redo task
2023-10-15 16:18:57.873 ERROR 19020 --- [t.remote.worker] c.a.n.c.remote.client.grpc.GrpcClient    : Server check fail, please check server localhost ,port 9848 is available , error ={}

java.util.concurrent.TimeoutException: Waited 3000 milliseconds (plus 14 milliseconds, 133900 nanoseconds delay) for com.alibaba.nacos.shaded.io.grpc.stub.ClientCalls$GrpcFuture@1c6fac26[status=PENDING, info=[GrpcFuture{clientCall={delegate={delegate=ClientCallImpl{method=MethodDescriptor{fullMethodName=Request/request, type=UNARY, idempotent=false, safe=false, sampledToLocalTracing=true, requestMarshaller=com.alibaba.nacos.shaded.io.grpc.protobuf.lite.ProtoLiteUtils$MessageMarshaller@25a94b55, responseMarshaller=com.alibaba.nacos.shaded.io.grpc.protobuf.lite.ProtoLiteUtils$MessageMarshaller@6adc5b9c, schemaDescriptor=com.alibaba.nacos.api.grpc.auto.RequestGrpc$RequestMethodDescriptorSupplier@19c1820d}}}}}]]
	at com.alibaba.nacos.shaded.com.google.common.util.concurrent.AbstractFuture.get(AbstractFuture.java:508) ~[nacos-client-2.1.0.jar:na]
	at com.alibaba.nacos.common.remote.client.grpc.GrpcClient.serverCheck(GrpcClient.java:192) [nacos-client-2.1.0.jar:na]
	at com.alibaba.nacos.common.remote.client.grpc.GrpcClient.connectToServer(GrpcClient.java:302) [nacos-client-2.1.0.jar:na]
	at com.alibaba.nacos.common.remote.client.RpcClient.reconnect(RpcClient.java:521) [nacos-client-2.1.0.jar:na]
	at com.alibaba.nacos.common.remote.client.RpcClient.lambda$start$2(RpcClient.java:369) [nacos-client-2.1.0.jar:na]
	at java.util.concurrent.Executors$RunnableAdapter.call(Executors.java:511) ~[na:1.8.0_202]
	at java.util.concurrent.FutureTask.run(FutureTask.java:266) ~[na:1.8.0_202]
	at java.util.concurrent.ScheduledThreadPoolExecutor$ScheduledFutureTask.access$201(ScheduledThreadPoolExecutor.java:180) ~[na:1.8.0_202]
	at java.util.concurrent.ScheduledThreadPoolExecutor$ScheduledFutureTask.run(ScheduledThreadPoolExecutor.java:293) ~[na:1.8.0_202]
	at java.util.concurrent.ThreadPoolExecutor.runWorker(ThreadPoolExecutor.java:1149) ~[na:1.8.0_202]
	at java.util.concurrent.ThreadPoolExecutor$Worker.run(ThreadPoolExecutor.java:624) ~[na:1.8.0_202]
	at java.lang.Thread.run(Thread.java:748) ~[na:1.8.0_202]

2023-10-15 16:18:57.873  INFO 19020 --- [t.remote.worker] com.alibaba.nacos.common.remote.client   : [1a62660d-ae49-4a8f-8c45-670f650afaa8] Fail to connect server, after trying 11 times, last try server is {serverIp = 'localhost', server main port = 8848}, error = unknown
2023-10-15 16:18:58.221 ERROR 19020 --- [           main] c.a.n.c.remote.client.grpc.GrpcClient    : Server check fail, please check server localhost ,port 9848 is available , error ={}

java.util.concurrent.TimeoutException: Waited 3000 milliseconds (plus 7 milliseconds, 756900 nanoseconds delay) for com.alibaba.nacos.shaded.io.grpc.stub.ClientCalls$GrpcFuture@76eadc5a[status=PENDING, info=[GrpcFuture{clientCall={delegate={delegate=ClientCallImpl{method=MethodDescriptor{fullMethodName=Request/request, type=UNARY, idempotent=false, safe=false, sampledToLocalTracing=true, requestMarshaller=com.alibaba.nacos.shaded.io.grpc.protobuf.lite.ProtoLiteUtils$MessageMarshaller@25a94b55, responseMarshaller=com.alibaba.nacos.shaded.io.grpc.protobuf.lite.ProtoLiteUtils$MessageMarshaller@6adc5b9c, schemaDescriptor=com.alibaba.nacos.api.grpc.auto.RequestGrpc$RequestMethodDescriptorSupplier@19c1820d}}}}}]]
	at com.alibaba.nacos.shaded.com.google.common.util.concurrent.AbstractFuture.get(AbstractFuture.java:508) ~[nacos-client-2.1.0.jar:na]
	at com.alibaba.nacos.common.remote.client.grpc.GrpcClient.serverCheck(GrpcClient.java:192) [nacos-client-2.1.0.jar:na]
	at com.alibaba.nacos.common.remote.client.grpc.GrpcClient.connectToServer(GrpcClient.java:302) [nacos-client-2.1.0.jar:na]
	at com.alibaba.nacos.common.remote.client.RpcClient.start(RpcClient.java:389) [nacos-client-2.1.0.jar:na]
	at com.alibaba.nacos.client.config.impl.ClientWorker$ConfigRpcTransportClient.ensureRpcClient(ClientWorker.java:885) [nacos-client-2.1.0.jar:na]
	at com.alibaba.nacos.client.config.impl.ClientWorker$ConfigRpcTransportClient.getOneRunningClient(ClientWorker.java:1032) [nacos-client-2.1.0.jar:na]
	at com.alibaba.nacos.client.config.impl.ClientWorker$ConfigRpcTransportClient.queryConfig(ClientWorker.java:940) [nacos-client-2.1.0.jar:na]
	at com.alibaba.nacos.client.config.impl.ClientWorker.getServerConfig(ClientWorker.java:396) [nacos-client-2.1.0.jar:na]
	at com.alibaba.nacos.client.config.NacosConfigService.getConfigInner(NacosConfigService.java:166) [nacos-client-2.1.0.jar:na]
	at com.alibaba.nacos.client.config.NacosConfigService.getConfig(NacosConfigService.java:94) [nacos-client-2.1.0.jar:na]
	at org.apache.dubbo.configcenter.support.nacos.NacosConfigServiceWrapper.getConfig(NacosConfigServiceWrapper.java:53) [dubbo-3.0.9.jar:3.0.9]
	at org.apache.dubbo.configcenter.support.nacos.NacosDynamicConfiguration.getConfig(NacosDynamicConfiguration.java:195) [dubbo-3.0.9.jar:3.0.9]
	at org.apache.dubbo.common.config.configcenter.DynamicConfiguration.getProperties(DynamicConfiguration.java:133) [dubbo-3.0.9.jar:3.0.9]
	at org.apache.dubbo.common.config.configcenter.DynamicConfiguration.getProperties(DynamicConfiguration.java:124) [dubbo-3.0.9.jar:3.0.9]
	at org.apache.dubbo.config.deploy.DefaultApplicationDeployer.prepareEnvironment(DefaultApplicationDeployer.java:683) [dubbo-3.0.9.jar:3.0.9]
	at org.apache.dubbo.config.deploy.DefaultApplicationDeployer.startConfigCenter(DefaultApplicationDeployer.java:261) [dubbo-3.0.9.jar:3.0.9]
	at org.apache.dubbo.config.deploy.DefaultApplicationDeployer.initialize(DefaultApplicationDeployer.java:185) [dubbo-3.0.9.jar:3.0.9]
	at org.apache.dubbo.config.deploy.DefaultModuleDeployer.prepare(DefaultModuleDeployer.java:470) [dubbo-3.0.9.jar:3.0.9]
	at org.apache.dubbo.config.spring.context.DubboConfigApplicationListener.initDubboConfigBeans(DubboConfigApplicationListener.java:71) [dubbo-3.0.9.jar:3.0.9]
	at org.apache.dubbo.config.spring.context.DubboConfigApplicationListener.onApplicationEvent(DubboConfigApplicationListener.java:57) [dubbo-3.0.9.jar:3.0.9]
	at org.apache.dubbo.config.spring.context.DubboConfigApplicationListener.onApplicationEvent(DubboConfigApplicationListener.java:35) [dubbo-3.0.9.jar:3.0.9]
	at org.springframework.context.event.SimpleApplicationEventMulticaster.doInvokeListener(SimpleApplicationEventMulticaster.java:176) [spring-context-5.3.20.jar:5.3.20]
	at org.springframework.context.event.SimpleApplicationEventMulticaster.invokeListener(SimpleApplicationEventMulticaster.java:169) [spring-context-5.3.20.jar:5.3.20]
	at org.springframework.context.event.SimpleApplicationEventMulticaster.multicastEvent(SimpleApplicationEventMulticaster.java:143) [spring-context-5.3.20.jar:5.3.20]
	at org.springframework.context.event.SimpleApplicationEventMulticaster.multicastEvent(SimpleApplicationEventMulticaster.java:131) [spring-context-5.3.20.jar:5.3.20]
	at org.springframework.context.support.AbstractApplicationContext.registerListeners(AbstractApplicationContext.java:881) [spring-context-5.3.20.jar:5.3.20]
	at org.springframework.context.support.AbstractApplicationContext.refresh(AbstractApplicationContext.java:580) [spring-context-5.3.20.jar:5.3.20]
	at org.springframework.boot.SpringApplication.refresh(SpringApplication.java:734) [spring-boot-2.7.0.jar:2.7.0]
	at org.springframework.boot.SpringApplication.refreshContext(SpringApplication.java:408) [spring-boot-2.7.0.jar:2.7.0]
	at org.springframework.boot.SpringApplication.run(SpringApplication.java:308) [spring-boot-2.7.0.jar:2.7.0]
	at org.springframework.boot.test.context.SpringBootContextLoader.loadContext(SpringBootContextLoader.java:132) [spring-boot-test-2.7.0.jar:2.7.0]
	at org.springframework.test.context.cache.DefaultCacheAwareContextLoaderDelegate.loadContextInternal(DefaultCacheAwareContextLoaderDelegate.java:99) [spring-test-5.3.20.jar:5.3.20]
	at org.springframework.test.context.cache.DefaultCacheAwareContextLoaderDelegate.loadContext(DefaultCacheAwareContextLoaderDelegate.java:124) [spring-test-5.3.20.jar:5.3.20]
	at org.springframework.test.context.support.DefaultTestContext.getApplicationContext(DefaultTestContext.java:124) [spring-test-5.3.20.jar:5.3.20]
	at org.springframework.boot.test.autoconfigure.SpringBootDependencyInjectionTestExecutionListener.outputConditionEvaluationReport(SpringBootDependencyInjectionTestExecutionListener.java:53) [spring-boot-test-autoconfigure-2.7.0.jar:2.7.0]
	at org.springframework.boot.test.autoconfigure.SpringBootDependencyInjectionTestExecutionListener.prepareTestInstance(SpringBootDependencyInjectionTestExecutionListener.java:46) [spring-boot-test-autoconfigure-2.7.0.jar:2.7.0]
	at org.springframework.test.context.TestContextManager.prepareTestInstance(TestContextManager.java:248) [spring-test-5.3.20.jar:5.3.20]
	at org.springframework.test.context.junit.jupiter.SpringExtension.postProcessTestInstance(SpringExtension.java:138) [spring-test-5.3.20.jar:5.3.20]
	at org.junit.jupiter.engine.descriptor.ClassBasedTestDescriptor.lambda$invokeTestInstancePostProcessors$8(ClassBasedTestDescriptor.java:363) [junit-jupiter-engine-5.8.2.jar:5.8.2]
	at org.junit.jupiter.engine.descriptor.ClassBasedTestDescriptor.executeAndMaskThrowable(ClassBasedTestDescriptor.java:368) [junit-jupiter-engine-5.8.2.jar:5.8.2]
	at org.junit.jupiter.engine.descriptor.ClassBasedTestDescriptor.lambda$invokeTestInstancePostProcessors$9(ClassBasedTestDescriptor.java:363) [junit-jupiter-engine-5.8.2.jar:5.8.2]
	at java.util.stream.ReferencePipeline$3$1.accept(ReferencePipeline.java:193) ~[na:1.8.0_202]
	at java.util.stream.ReferencePipeline$2$1.accept(ReferencePipeline.java:175) ~[na:1.8.0_202]
	at java.util.ArrayList$ArrayListSpliterator.forEachRemaining(ArrayList.java:1382) ~[na:1.8.0_202]
	at java.util.stream.AbstractPipeline.copyInto(AbstractPipeline.java:481) ~[na:1.8.0_202]
	at java.util.stream.AbstractPipeline.wrapAndCopyInto(AbstractPipeline.java:471) ~[na:1.8.0_202]
	at java.util.stream.StreamSpliterators$WrappingSpliterator.forEachRemaining(StreamSpliterators.java:312) ~[na:1.8.0_202]
	at java.util.stream.Streams$ConcatSpliterator.forEachRemaining(Streams.java:743) ~[na:1.8.0_202]
	at java.util.stream.Streams$ConcatSpliterator.forEachRemaining(Streams.java:742) ~[na:1.8.0_202]
	at java.util.stream.ReferencePipeline$Head.forEach(ReferencePipeline.java:580) ~[na:1.8.0_202]
	at org.junit.jupiter.engine.descriptor.ClassBasedTestDescriptor.invokeTestInstancePostProcessors(ClassBasedTestDescriptor.java:362) [junit-jupiter-engine-5.8.2.jar:5.8.2]
	at org.junit.jupiter.engine.descriptor.ClassBasedTestDescriptor.lambda$instantiateAndPostProcessTestInstance$6(ClassBasedTestDescriptor.java:283) [junit-jupiter-engine-5.8.2.jar:5.8.2]
	at org.junit.platform.engine.support.hierarchical.ThrowableCollector.execute(ThrowableCollector.java:73) ~[junit-platform-engine-1.8.2.jar:1.8.2]
	at org.junit.jupiter.engine.descriptor.ClassBasedTestDescriptor.instantiateAndPostProcessTestInstance(ClassBasedTestDescriptor.java:282) [junit-jupiter-engine-5.8.2.jar:5.8.2]
	at org.junit.jupiter.engine.descriptor.ClassBasedTestDescriptor.lambda$testInstancesProvider$4(ClassBasedTestDescriptor.java:272) [junit-jupiter-engine-5.8.2.jar:5.8.2]
	at java.util.Optional.orElseGet(Optional.java:267) ~[na:1.8.0_202]
	at org.junit.jupiter.engine.descriptor.ClassBasedTestDescriptor.lambda$testInstancesProvider$5(ClassBasedTestDescriptor.java:271) [junit-jupiter-engine-5.8.2.jar:5.8.2]
	at org.junit.jupiter.engine.execution.TestInstancesProvider.getTestInstances(TestInstancesProvider.java:31) ~[junit-jupiter-engine-5.8.2.jar:5.8.2]
	at org.junit.jupiter.engine.descriptor.TestMethodTestDescriptor.lambda$prepare$0(TestMethodTestDescriptor.java:102) ~[junit-jupiter-engine-5.8.2.jar:5.8.2]
	at org.junit.platform.engine.support.hierarchical.ThrowableCollector.execute(ThrowableCollector.java:73) ~[junit-platform-engine-1.8.2.jar:1.8.2]
	at org.junit.jupiter.engine.descriptor.TestMethodTestDescriptor.prepare(TestMethodTestDescriptor.java:101) ~[junit-jupiter-engine-5.8.2.jar:5.8.2]
	at org.junit.jupiter.engine.descriptor.TestMethodTestDescriptor.prepare(TestMethodTestDescriptor.java:66) ~[junit-jupiter-engine-5.8.2.jar:5.8.2]
	at org.junit.platform.engine.support.hierarchical.NodeTestTask.lambda$prepare$2(NodeTestTask.java:123) ~[junit-platform-engine-1.8.2.jar:1.8.2]
	at org.junit.platform.engine.support.hierarchical.ThrowableCollector.execute(ThrowableCollector.java:73) ~[junit-platform-engine-1.8.2.jar:1.8.2]
	at org.junit.platform.engine.support.hierarchical.NodeTestTask.prepare(NodeTestTask.java:123) ~[junit-platform-engine-1.8.2.jar:1.8.2]
	at org.junit.platform.engine.support.hierarchical.NodeTestTask.execute(NodeTestTask.java:90) ~[junit-platform-engine-1.8.2.jar:1.8.2]
	at java.util.ArrayList.forEach(ArrayList.java:1257) ~[na:1.8.0_202]
	at org.junit.platform.engine.support.hierarchical.SameThreadHierarchicalTestExecutorService.invokeAll(SameThreadHierarchicalTestExecutorService.java:41) ~[junit-platform-engine-1.8.2.jar:1.8.2]
	at org.junit.platform.engine.support.hierarchical.NodeTestTask.lambda$executeRecursively$6(NodeTestTask.java:155) ~[junit-platform-engine-1.8.2.jar:1.8.2]
	at org.junit.platform.engine.support.hierarchical.ThrowableCollector.execute(ThrowableCollector.java:73) ~[junit-platform-engine-1.8.2.jar:1.8.2]
	at org.junit.platform.engine.support.hierarchical.NodeTestTask.lambda$executeRecursively$8(NodeTestTask.java:141) ~[junit-platform-engine-1.8.2.jar:1.8.2]
	at org.junit.platform.engine.support.hierarchical.Node.around(Node.java:137) ~[junit-platform-engine-1.8.2.jar:1.8.2]
	at org.junit.platform.engine.support.hierarchical.NodeTestTask.lambda$executeRecursively$9(NodeTestTask.java:139) ~[junit-platform-engine-1.8.2.jar:1.8.2]
	at org.junit.platform.engine.support.hierarchical.ThrowableCollector.execute(ThrowableCollector.java:73) ~[junit-platform-engine-1.8.2.jar:1.8.2]
	at org.junit.platform.engine.support.hierarchical.NodeTestTask.executeRecursively(NodeTestTask.java:138) ~[junit-platform-engine-1.8.2.jar:1.8.2]
	at org.junit.platform.engine.support.hierarchical.NodeTestTask.execute(NodeTestTask.java:95) ~[junit-platform-engine-1.8.2.jar:1.8.2]
	at java.util.ArrayList.forEach(ArrayList.java:1257) ~[na:1.8.0_202]
	at org.junit.platform.engine.support.hierarchical.SameThreadHierarchicalTestExecutorService.invokeAll(SameThreadHierarchicalTestExecutorService.java:41) ~[junit-platform-engine-1.8.2.jar:1.8.2]
	at org.junit.platform.engine.support.hierarchical.NodeTestTask.lambda$executeRecursively$6(NodeTestTask.java:155) ~[junit-platform-engine-1.8.2.jar:1.8.2]
	at org.junit.platform.engine.support.hierarchical.ThrowableCollector.execute(ThrowableCollector.java:73) ~[junit-platform-engine-1.8.2.jar:1.8.2]
	at org.junit.platform.engine.support.hierarchical.NodeTestTask.lambda$executeRecursively$8(NodeTestTask.java:141) ~[junit-platform-engine-1.8.2.jar:1.8.2]
	at org.junit.platform.engine.support.hierarchical.Node.around(Node.java:137) ~[junit-platform-engine-1.8.2.jar:1.8.2]
	at org.junit.platform.engine.support.hierarchical.NodeTestTask.lambda$executeRecursively$9(NodeTestTask.java:139) ~[junit-platform-engine-1.8.2.jar:1.8.2]
	at org.junit.platform.engine.support.hierarchical.ThrowableCollector.execute(ThrowableCollector.java:73) ~[junit-platform-engine-1.8.2.jar:1.8.2]
	at org.junit.platform.engine.support.hierarchical.NodeTestTask.executeRecursively(NodeTestTask.java:138) ~[junit-platform-engine-1.8.2.jar:1.8.2]
	at org.junit.platform.engine.support.hierarchical.NodeTestTask.execute(NodeTestTask.java:95) ~[junit-platform-engine-1.8.2.jar:1.8.2]
	at org.junit.platform.engine.support.hierarchical.SameThreadHierarchicalTestExecutorService.submit(SameThreadHierarchicalTestExecutorService.java:35) ~[junit-platform-engine-1.8.2.jar:1.8.2]
	at org.junit.platform.engine.support.hierarchical.HierarchicalTestExecutor.execute(HierarchicalTestExecutor.java:57) ~[junit-platform-engine-1.8.2.jar:1.8.2]
	at org.junit.platform.engine.support.hierarchical.HierarchicalTestEngine.execute(HierarchicalTestEngine.java:54) ~[junit-platform-engine-1.8.2.jar:1.8.2]
	at org.junit.platform.launcher.core.DefaultLauncher.execute(DefaultLauncher.java:220) ~[junit-platform-launcher-1.3.1.jar:1.3.1]
	at org.junit.platform.launcher.core.DefaultLauncher.lambda$execute$6(DefaultLauncher.java:188) ~[junit-platform-launcher-1.3.1.jar:1.3.1]
	at org.junit.platform.launcher.core.DefaultLauncher.withInterceptedStreams(DefaultLauncher.java:202) ~[junit-platform-launcher-1.3.1.jar:1.3.1]
	at org.junit.platform.launcher.core.DefaultLauncher.execute(DefaultLauncher.java:181) ~[junit-platform-launcher-1.3.1.jar:1.3.1]
	at org.junit.platform.launcher.core.DefaultLauncher.execute(DefaultLauncher.java:128) ~[junit-platform-launcher-1.3.1.jar:1.3.1]
	at org.apache.maven.surefire.junitplatform.JUnitPlatformProvider.invokeAllTests(JUnitPlatformProvider.java:150) ~[surefire-junit-platform-2.22.2.jar:2.22.2]
	at org.apache.maven.surefire.junitplatform.JUnitPlatformProvider.invoke(JUnitPlatformProvider.java:124) ~[surefire-junit-platform-2.22.2.jar:2.22.2]
	at org.apache.maven.surefire.booter.ForkedBooter.invokeProviderInSameClassLoader(ForkedBooter.java:384) ~[surefire-booter-2.22.2.jar:2.22.2]
	at org.apache.maven.surefire.booter.ForkedBooter.runSuitesInProcess(ForkedBooter.java:345) ~[surefire-booter-2.22.2.jar:2.22.2]
	at org.apache.maven.surefire.booter.ForkedBooter.execute(ForkedBooter.java:126) ~[surefire-booter-2.22.2.jar:2.22.2]
	at org.apache.maven.surefire.booter.ForkedBooter.main(ForkedBooter.java:418) ~[surefire-booter-2.22.2.jar:2.22.2]

2023-10-15 16:18:58.222  INFO 19020 --- [           main] com.alibaba.nacos.common.remote.client   : [3f090fb1-55c6-4fe3-8377-8b3ac52cd4b0_config-0] Register server push request handler:com.alibaba.nacos.common.remote.client.RpcClient$ConnectResetRequestHandler
2023-10-15 16:18:58.222  INFO 19020 --- [           main] com.alibaba.nacos.common.remote.client   : [3f090fb1-55c6-4fe3-8377-8b3ac52cd4b0_config-0] Register server push request handler:com.alibaba.nacos.common.remote.client.RpcClient$$Lambda$776/1519396442
2023-10-15 16:18:58.222  INFO 19020 --- [t.remote.worker] com.alibaba.nacos.common.remote.client   : [3f090fb1-55c6-4fe3-8377-8b3ac52cd4b0_config-0] Try to reconnect to a new server, server is  not appointed, will choose a random server.
2023-10-15 16:18:58.330 ERROR 19020 --- [           main] com.alibaba.nacos.common.remote.client   : Send request fail, request = ConfigQueryRequest{headers={charset=UTF-8, Client-AppName=unknown, Client-RequestToken=05c1210879c9dc254b34494d7be2f6e6, Client-RequestTS=1697357938222, exConfigInfo=true, notify=false}, requestId='null'}, retryTimes = 0, errorMessage = Client not connected, current status:STARTING
2023-10-15 16:18:58.440 ERROR 19020 --- [           main] com.alibaba.nacos.common.remote.client   : Send request fail, request = ConfigQueryRequest{headers={charset=UTF-8, Client-AppName=unknown, Client-RequestToken=05c1210879c9dc254b34494d7be2f6e6, Client-RequestTS=1697357938222, exConfigInfo=true, notify=false}, requestId='null'}, retryTimes = 1, errorMessage = Client not connected, current status:STARTING
2023-10-15 16:18:58.552 ERROR 19020 --- [           main] com.alibaba.nacos.common.remote.client   : Send request fail, request = ConfigQueryRequest{headers={charset=UTF-8, Client-AppName=unknown, Client-RequestToken=05c1210879c9dc254b34494d7be2f6e6, Client-RequestTS=1697357938222, exConfigInfo=true, notify=false}, requestId='null'}, retryTimes = 2, errorMessage = Client not connected, current status:STARTING
2023-10-15 16:18:58.552  WARN 19020 --- [           main] c.a.n.client.config.NacosConfigService   : [fixed-localhost_8848] [get-config] get from server error, dataId=dubbo.properties, group=dubbo, tenant=, msg=ErrCode:-401, ErrMsg:Client not connected, current status:STARTING
2023-10-15 16:18:58.552  WARN 19020 --- [           main] c.a.n.client.config.NacosConfigService   : [fixed-localhost_8848] [get-config] get snapshot ok, dataId=dubbo.properties, group=dubbo, tenant=, config=
2023-10-15 16:18:58.663 ERROR 19020 --- [           main] com.alibaba.nacos.common.remote.client   : Send request fail, request = ConfigQueryRequest{headers={charset=UTF-8, Client-AppName=unknown, Client-RequestToken=1dd4dc9e257a1f02206db8ad771c5a7f, Client-RequestTS=1697357938552, exConfigInfo=true, notify=false}, requestId='null'}, retryTimes = 0, errorMessage = Client not connected, current status:STARTING
2023-10-15 16:18:58.774 ERROR 19020 --- [           main] com.alibaba.nacos.common.remote.client   : Send request fail, request = ConfigQueryRequest{headers={charset=UTF-8, Client-AppName=unknown, Client-RequestToken=1dd4dc9e257a1f02206db8ad771c5a7f, Client-RequestTS=1697357938552, exConfigInfo=true, notify=false}, requestId='null'}, retryTimes = 1, errorMessage = Client not connected, current status:STARTING
2023-10-15 16:18:58.884 ERROR 19020 --- [           main] com.alibaba.nacos.common.remote.client   : Send request fail, request = ConfigQueryRequest{headers={charset=UTF-8, Client-AppName=unknown, Client-RequestToken=1dd4dc9e257a1f02206db8ad771c5a7f, Client-RequestTS=1697357938552, exConfigInfo=true, notify=false}, requestId='null'}, retryTimes = 2, errorMessage = Client not connected, current status:STARTING
2023-10-15 16:18:58.884  WARN 19020 --- [           main] c.a.n.client.config.NacosConfigService   : [fixed-localhost_8848] [get-config] get from server error, dataId=dubbo.properties, group=dubbo-springboot-demo-provider, tenant=, msg=ErrCode:-401, ErrMsg:Client not connected, current status:STARTING
2023-10-15 16:18:58.884  WARN 19020 --- [           main] c.a.n.client.config.NacosConfigService   : [fixed-localhost_8848] [get-config] get snapshot ok, dataId=dubbo.properties, group=dubbo-springboot-demo-provider, tenant=, config=
2023-10-15 16:18:58.884  WARN 19020 --- [           main] o.a.d.common.config.ConfigurationUtils   :  [DUBBO] Config center was specified, but no config item found., dubbo version: 3.0.9, current host: 192.168.1.107
2023-10-15 16:18:58.884  WARN 19020 --- [           main] o.a.d.common.config.ConfigurationUtils   :  [DUBBO] Config center was specified, but no config item found., dubbo version: 3.0.9, current host: 192.168.1.107
2023-10-15 16:18:58.890  INFO 19020 --- [           main] o.a.d.c.deploy.DefaultModuleDeployer     :  [DUBBO] Dubbo Module[2.1.0] has been initialized!, dubbo version: 3.0.9, current host: 192.168.1.107
2023-10-15 16:18:58.892  INFO 19020 --- [           main] o.a.d.c.deploy.DefaultModuleDeployer     :  [DUBBO] Dubbo Module[2.1.1] has been initialized!, dubbo version: 3.0.9, current host: 192.168.1.107
2023-10-15 16:18:58.893  INFO 19020 --- [           main] o.a.d.c.d.DefaultApplicationDeployer     :  [DUBBO] No value is configured in the registry, the MetadataReportFactory extension[name : nacos] supports as the metadata center, dubbo version: 3.0.9, current host: 192.168.1.107
2023-10-15 16:18:58.893  INFO 19020 --- [           main] o.a.d.c.d.DefaultApplicationDeployer     :  [DUBBO] The registry[<dubbo:registry id="nacos-registry" address="nacos://localhost:8848" protocol="nacos" port="8848" />] will be used as the metadata center, dubbo version: 3.0.9, current host: 192.168.1.107
2023-10-15 16:18:58.893  INFO 19020 --- [           main] o.a.d.c.d.DefaultApplicationDeployer     :  [DUBBO] use registry as metadata-center: <dubbo:metadata-report id="nacos-registry" address="nacos://localhost:8848" protocol="nacos" port="8848" />, dubbo version: 3.0.9, current host: 192.168.1.107
2023-10-15 16:18:58.896  INFO 19020 --- [           main] c.a.n.p.a.s.c.ClientAuthPluginManager    : [ClientAuthPluginManager] Load ClientAuthService com.alibaba.nacos.client.auth.impl.NacosClientAuthServiceImpl success.
2023-10-15 16:18:58.896  INFO 19020 --- [           main] c.a.n.p.a.s.c.ClientAuthPluginManager    : [ClientAuthPluginManager] Load ClientAuthService com.alibaba.nacos.client.auth.ram.RamClientAuthServiceImpl success.
2023-10-15 16:18:58.897  INFO 19020 --- [           main] o.a.d.c.d.DefaultApplicationDeployer     :  [DUBBO] Dubbo Application[2.1](dubbo-springboot-demo-provider) has been initialized!, dubbo version: 3.0.9, current host: 192.168.1.107
2023-10-15 16:18:58.913  INFO 19020 --- [           main] o.a.d.c.s.reference.ReferenceCreator     : The configBean[type:ReferenceConfig] has been built.
2023-10-15 16:18:58.914  INFO 19020 --- [           main] o.a.d.c.s.reference.ReferenceCreator     : The configBean[type:ReferenceConfig] has been built.
2023-10-15 16:18:58.915  INFO 19020 --- [           main] o.a.d.c.s.reference.ReferenceCreator     : The configBean[type:ReferenceConfig] has been built.
2023-10-15 16:18:58.964 ERROR 19020 --- [t.remote.worker] c.a.n.c.remote.client.grpc.GrpcClient    : Server check fail, please check server localhost ,port 9848 is available , error ={}

java.util.concurrent.TimeoutException: Waited 3000 milliseconds (plus 7 milliseconds, 420000 nanoseconds delay) for com.alibaba.nacos.shaded.io.grpc.stub.ClientCalls$GrpcFuture@deda070[status=PENDING, info=[GrpcFuture{clientCall={delegate={delegate=ClientCallImpl{method=MethodDescriptor{fullMethodName=Request/request, type=UNARY, idempotent=false, safe=false, sampledToLocalTracing=true, requestMarshaller=com.alibaba.nacos.shaded.io.grpc.protobuf.lite.ProtoLiteUtils$MessageMarshaller@25a94b55, responseMarshaller=com.alibaba.nacos.shaded.io.grpc.protobuf.lite.ProtoLiteUtils$MessageMarshaller@6adc5b9c, schemaDescriptor=com.alibaba.nacos.api.grpc.auto.RequestGrpc$RequestMethodDescriptorSupplier@19c1820d}}}}}]]
	at com.alibaba.nacos.shaded.com.google.common.util.concurrent.AbstractFuture.get(AbstractFuture.java:508) ~[nacos-client-2.1.0.jar:na]
	at com.alibaba.nacos.common.remote.client.grpc.GrpcClient.serverCheck(GrpcClient.java:192) [nacos-client-2.1.0.jar:na]
	at com.alibaba.nacos.common.remote.client.grpc.GrpcClient.connectToServer(GrpcClient.java:302) [nacos-client-2.1.0.jar:na]
	at com.alibaba.nacos.common.remote.client.RpcClient.reconnect(RpcClient.java:521) [nacos-client-2.1.0.jar:na]
	at com.alibaba.nacos.common.remote.client.RpcClient.lambda$start$2(RpcClient.java:369) [nacos-client-2.1.0.jar:na]
	at java.util.concurrent.Executors$RunnableAdapter.call(Executors.java:511) ~[na:1.8.0_202]
	at java.util.concurrent.FutureTask.run(FutureTask.java:266) ~[na:1.8.0_202]
	at java.util.concurrent.ScheduledThreadPoolExecutor$ScheduledFutureTask.access$201(ScheduledThreadPoolExecutor.java:180) ~[na:1.8.0_202]
	at java.util.concurrent.ScheduledThreadPoolExecutor$ScheduledFutureTask.run(ScheduledThreadPoolExecutor.java:293) ~[na:1.8.0_202]
	at java.util.concurrent.ThreadPoolExecutor.runWorker(ThreadPoolExecutor.java:1149) ~[na:1.8.0_202]
	at java.util.concurrent.ThreadPoolExecutor$Worker.run(ThreadPoolExecutor.java:624) ~[na:1.8.0_202]
	at java.lang.Thread.run(Thread.java:748) ~[na:1.8.0_202]

2023-10-15 16:18:58.965  INFO 19020 --- [t.remote.worker] com.alibaba.nacos.common.remote.client   : [fe9b996a-7e47-43fe-ad06-6dbc78424a39_config-0] Fail to connect server, after trying 5 times, last try server is {serverIp = 'localhost', server main port = 8848}, error = unknown
2023-10-15 16:18:59.324  INFO 19020 --- [           main] o.s.c.g.r.RouteDefinitionRouteLocator    : Loaded RoutePredicateFactory [After]
2023-10-15 16:18:59.324  INFO 19020 --- [           main] o.s.c.g.r.RouteDefinitionRouteLocator    : Loaded RoutePredicateFactory [Before]
2023-10-15 16:18:59.324  INFO 19020 --- [           main] o.s.c.g.r.RouteDefinitionRouteLocator    : Loaded RoutePredicateFactory [Between]
2023-10-15 16:18:59.324  INFO 19020 --- [           main] o.s.c.g.r.RouteDefinitionRouteLocator    : Loaded RoutePredicateFactory [Cookie]
2023-10-15 16:18:59.324  INFO 19020 --- [           main] o.s.c.g.r.RouteDefinitionRouteLocator    : Loaded RoutePredicateFactory [Header]
2023-10-15 16:18:59.324  INFO 19020 --- [           main] o.s.c.g.r.RouteDefinitionRouteLocator    : Loaded RoutePredicateFactory [Host]
2023-10-15 16:18:59.324  INFO 19020 --- [           main] o.s.c.g.r.RouteDefinitionRouteLocator    : Loaded RoutePredicateFactory [Method]
2023-10-15 16:18:59.324  INFO 19020 --- [           main] o.s.c.g.r.RouteDefinitionRouteLocator    : Loaded RoutePredicateFactory [Path]
2023-10-15 16:18:59.324  INFO 19020 --- [           main] o.s.c.g.r.RouteDefinitionRouteLocator    : Loaded RoutePredicateFactory [Query]
2023-10-15 16:18:59.324  INFO 19020 --- [           main] o.s.c.g.r.RouteDefinitionRouteLocator    : Loaded RoutePredicateFactory [ReadBody]
2023-10-15 16:18:59.325  INFO 19020 --- [           main] o.s.c.g.r.RouteDefinitionRouteLocator    : Loaded RoutePredicateFactory [RemoteAddr]
2023-10-15 16:18:59.325  INFO 19020 --- [           main] o.s.c.g.r.RouteDefinitionRouteLocator    : Loaded RoutePredicateFactory [XForwardedRemoteAddr]
2023-10-15 16:18:59.325  INFO 19020 --- [           main] o.s.c.g.r.RouteDefinitionRouteLocator    : Loaded RoutePredicateFactory [Weight]
2023-10-15 16:18:59.325  INFO 19020 --- [           main] o.s.c.g.r.RouteDefinitionRouteLocator    : Loaded RoutePredicateFactory [CloudFoundryRouteService]
2023-10-15 16:18:59.840  INFO 19020 --- [           main] o.a.d.c.deploy.DefaultModuleDeployer     :  [DUBBO] Dubbo Module[2.1.1] is starting., dubbo version: 3.0.9, current host: 192.168.1.107
2023-10-15 16:18:59.840  INFO 19020 --- [           main] o.a.d.c.d.DefaultApplicationDeployer     :  [DUBBO] Dubbo Application[2.1](dubbo-springboot-demo-provider) is starting., dubbo version: 3.0.9, current host: 192.168.1.107
2023-10-15 16:18:59.840  INFO 19020 --- [           main] o.a.d.c.deploy.DefaultModuleDeployer     :  [DUBBO] Dubbo Module[2.1.0] is starting., dubbo version: 3.0.9, current host: 192.168.1.107
2023-10-15 16:18:59.840  INFO 19020 --- [           main] o.a.d.c.deploy.DefaultModuleDeployer     :  [DUBBO] Dubbo Module[2.1.0] has started., dubbo version: 3.0.9, current host: 192.168.1.107
2023-10-15 16:18:59.846  INFO 19020 --- [           main] o.a.dubbo.metadata.MappingCacheManager   :  [DUBBO] Successfully loaded mapping cache from file .mapping, entries 3, dubbo version: 3.0.9, current host: 192.168.1.107
2023-10-15 16:18:59.846  INFO 19020 --- [           main] o.a.d.r.c.m.MetadataServiceNameMapping   :  [DUBBO] com.yupi.service.InnerUserService mapping to null instructed by local cache., dubbo version: 3.0.9, current host: 192.168.1.107
2023-10-15 16:18:59.852  INFO 19020 --- [           main] org.apache.dubbo.qos.server.Server       :  [DUBBO] qos-server bind localhost:22222, dubbo version: 3.0.9, current host: 192.168.1.107
2023-10-15 16:18:59.854  INFO 19020 --- [           main] com.alibaba.nacos.client.naming          : initializer namespace from System Property : null
2023-10-15 16:18:59.855  INFO 19020 --- [           main] com.alibaba.nacos.client.naming          : initializer namespace from System Environment :null
2023-10-15 16:18:59.855  INFO 19020 --- [           main] com.alibaba.nacos.client.naming          : initializer namespace from System Property :null
2023-10-15 16:18:59.860  INFO 19020 --- [           main] c.a.n.p.a.s.c.ClientAuthPluginManager    : [ClientAuthPluginManager] Load ClientAuthService com.alibaba.nacos.client.auth.impl.NacosClientAuthServiceImpl success.
2023-10-15 16:18:59.860  INFO 19020 --- [           main] c.a.n.p.a.s.c.ClientAuthPluginManager    : [ClientAuthPluginManager] Load ClientAuthService com.alibaba.nacos.client.auth.ram.RamClientAuthServiceImpl success.
2023-10-15 16:18:59.860  INFO 19020 --- [           main] com.alibaba.nacos.common.remote.client   : [RpcClientFactory] create a new rpc client of 45c1d4e9-7c56-47f4-ae88-3b4fba725ea0
2023-10-15 16:18:59.860  INFO 19020 --- [           main] com.alibaba.nacos.common.remote.client   : [45c1d4e9-7c56-47f4-ae88-3b4fba725ea0] RpcClient init label, labels = {module=naming, source=sdk}
2023-10-15 16:18:59.861  INFO 19020 --- [           main] com.alibaba.nacos.common.remote.client   : [45c1d4e9-7c56-47f4-ae88-3b4fba725ea0] RpcClient init, ServerListFactory = com.alibaba.nacos.client.naming.core.ServerListManager
2023-10-15 16:18:59.861  INFO 19020 --- [           main] com.alibaba.nacos.common.remote.client   : [45c1d4e9-7c56-47f4-ae88-3b4fba725ea0] Registry connection listener to current client:com.alibaba.nacos.client.naming.remote.gprc.redo.NamingGrpcRedoService
2023-10-15 16:18:59.861  INFO 19020 --- [           main] com.alibaba.nacos.common.remote.client   : [45c1d4e9-7c56-47f4-ae88-3b4fba725ea0] Register server push request handler:com.alibaba.nacos.client.naming.remote.gprc.NamingPushRequestHandler
2023-10-15 16:18:59.861  INFO 19020 --- [           main] com.alibaba.nacos.common.remote.client   : [45c1d4e9-7c56-47f4-ae88-3b4fba725ea0] Try to connect to server on start up, server: {serverIp = 'localhost', server main port = 8848}
2023-10-15 16:19:00.189  WARN 19020 --- [ing.grpc.redo.0] com.alibaba.nacos.client.naming          : Grpc Connection is disconnect, skip current redo task
2023-10-15 16:19:01.092 ERROR 19020 --- [s.client.Worker] com.alibaba.nacos.common.remote.client   : Send request fail, request = ConfigBatchListenRequest{headers={charset=UTF-8, Client-AppName=unknown, Client-RequestToken=ba84e6da7c55cb9eebffc9d4cc35bb2f, Client-RequestTS=1697357940980, exConfigInfo=true}, requestId='null'}, retryTimes = 0, errorMessage = Client not connected, current status:STARTING
2023-10-15 16:19:01.203 ERROR 19020 --- [s.client.Worker] com.alibaba.nacos.common.remote.client   : Send request fail, request = ConfigBatchListenRequest{headers={charset=UTF-8, Client-AppName=unknown, Client-RequestToken=ba84e6da7c55cb9eebffc9d4cc35bb2f, Client-RequestTS=1697357940980, exConfigInfo=true}, requestId='null'}, retryTimes = 1, errorMessage = Client not connected, current status:STARTING
2023-10-15 16:19:01.235 ERROR 19020 --- [t.remote.worker] c.a.n.c.remote.client.grpc.GrpcClient    : Server check fail, please check server localhost ,port 9848 is available , error ={}

java.util.concurrent.TimeoutException: Waited 3000 milliseconds (plus 11 milliseconds, 597200 nanoseconds delay) for com.alibaba.nacos.shaded.io.grpc.stub.ClientCalls$GrpcFuture@29e0a60a[status=PENDING, info=[GrpcFuture{clientCall={delegate={delegate=ClientCallImpl{method=MethodDescriptor{fullMethodName=Request/request, type=UNARY, idempotent=false, safe=false, sampledToLocalTracing=true, requestMarshaller=com.alibaba.nacos.shaded.io.grpc.protobuf.lite.ProtoLiteUtils$MessageMarshaller@25a94b55, responseMarshaller=com.alibaba.nacos.shaded.io.grpc.protobuf.lite.ProtoLiteUtils$MessageMarshaller@6adc5b9c, schemaDescriptor=com.alibaba.nacos.api.grpc.auto.RequestGrpc$RequestMethodDescriptorSupplier@19c1820d}}}}}]]
	at com.alibaba.nacos.shaded.com.google.common.util.concurrent.AbstractFuture.get(AbstractFuture.java:508) ~[nacos-client-2.1.0.jar:na]
	at com.alibaba.nacos.common.remote.client.grpc.GrpcClient.serverCheck(GrpcClient.java:192) [nacos-client-2.1.0.jar:na]
	at com.alibaba.nacos.common.remote.client.grpc.GrpcClient.connectToServer(GrpcClient.java:302) [nacos-client-2.1.0.jar:na]
	at com.alibaba.nacos.common.remote.client.RpcClient.reconnect(RpcClient.java:521) [nacos-client-2.1.0.jar:na]
	at com.alibaba.nacos.common.remote.client.RpcClient.lambda$start$2(RpcClient.java:369) [nacos-client-2.1.0.jar:na]
	at java.util.concurrent.Executors$RunnableAdapter.call(Executors.java:511) ~[na:1.8.0_202]
	at java.util.concurrent.FutureTask.run(FutureTask.java:266) ~[na:1.8.0_202]
	at java.util.concurrent.ScheduledThreadPoolExecutor$ScheduledFutureTask.access$201(ScheduledThreadPoolExecutor.java:180) ~[na:1.8.0_202]
	at java.util.concurrent.ScheduledThreadPoolExecutor$ScheduledFutureTask.run(ScheduledThreadPoolExecutor.java:293) ~[na:1.8.0_202]
	at java.util.concurrent.ThreadPoolExecutor.runWorker(ThreadPoolExecutor.java:1149) ~[na:1.8.0_202]
	at java.util.concurrent.ThreadPoolExecutor$Worker.run(ThreadPoolExecutor.java:624) ~[na:1.8.0_202]
	at java.lang.Thread.run(Thread.java:748) ~[na:1.8.0_202]

2023-10-15 16:19:01.314 ERROR 19020 --- [s.client.Worker] com.alibaba.nacos.common.remote.client   : Send request fail, request = ConfigBatchListenRequest{headers={charset=UTF-8, Client-AppName=unknown, Client-RequestToken=ba84e6da7c55cb9eebffc9d4cc35bb2f, Client-RequestTS=1697357940980, exConfigInfo=true}, requestId='null'}, retryTimes = 2, errorMessage = Client not connected, current status:STARTING
2023-10-15 16:19:01.314 ERROR 19020 --- [s.client.Worker] c.a.n.client.config.impl.ClientWorker    : Async listen config change error 

com.alibaba.nacos.api.exception.NacosException: Client not connected, current status:STARTING
	at com.alibaba.nacos.common.remote.client.RpcClient.request(RpcClient.java:651) ~[nacos-client-2.1.0.jar:na]
	at com.alibaba.nacos.client.config.impl.ClientWorker$ConfigRpcTransportClient.requestProxy(ClientWorker.java:1005) [nacos-client-2.1.0.jar:na]
	at com.alibaba.nacos.client.config.impl.ClientWorker$ConfigRpcTransportClient.requestProxy(ClientWorker.java:986) [nacos-client-2.1.0.jar:na]
	at com.alibaba.nacos.client.config.impl.ClientWorker$ConfigRpcTransportClient.executeConfigListen(ClientWorker.java:777) [nacos-client-2.1.0.jar:na]
	at com.alibaba.nacos.client.config.impl.ClientWorker$ConfigRpcTransportClient.lambda$startInternal$2(ClientWorker.java:695) [nacos-client-2.1.0.jar:na]
	at java.util.concurrent.Executors$RunnableAdapter.call(Executors.java:511) ~[na:1.8.0_202]
	at java.util.concurrent.FutureTask.run(FutureTask.java:266) ~[na:1.8.0_202]
	at java.util.concurrent.ScheduledThreadPoolExecutor$ScheduledFutureTask.access$201(ScheduledThreadPoolExecutor.java:180) ~[na:1.8.0_202]
	at java.util.concurrent.ScheduledThreadPoolExecutor$ScheduledFutureTask.run(ScheduledThreadPoolExecutor.java:293) ~[na:1.8.0_202]
	at java.util.concurrent.ThreadPoolExecutor.runWorker(ThreadPoolExecutor.java:1149) ~[na:1.8.0_202]
	at java.util.concurrent.ThreadPoolExecutor$Worker.run(ThreadPoolExecutor.java:624) ~[na:1.8.0_202]
	at java.lang.Thread.run(Thread.java:748) ~[na:1.8.0_202]

2023-10-15 16:19:01.693 ERROR 19020 --- [aming.updater.2] com.alibaba.nacos.common.remote.client   : Send request fail, request = ServiceQueryRequest{headers={app=unknown}, requestId='null'}, retryTimes = 0, errorMessage = Client not connected, current status:STARTING
2023-10-15 16:19:01.804 ERROR 19020 --- [aming.updater.2] com.alibaba.nacos.common.remote.client   : Send request fail, request = ServiceQueryRequest{headers={app=unknown}, requestId='null'}, retryTimes = 1, errorMessage = Client not connected, current status:STARTING
2023-10-15 16:19:01.915 ERROR 19020 --- [aming.updater.2] com.alibaba.nacos.common.remote.client   : Send request fail, request = ServiceQueryRequest{headers={app=unknown}, requestId='null'}, retryTimes = 2, errorMessage = Client not connected, current status:STARTING
2023-10-15 16:19:01.915  WARN 19020 --- [aming.updater.2] com.alibaba.nacos.client.naming          : [NA] failed to update serviceName: DEFAULT_GROUP@@providers:org.apache.dubbo.metadata.MetadataService:1.0.0:dubbo-springboot-demo-provider

com.alibaba.nacos.api.exception.NacosException: Request nacos server failed: 
	at com.alibaba.nacos.client.naming.remote.gprc.NamingGrpcClientProxy.requestToServer(NamingGrpcClientProxy.java:288) ~[nacos-client-2.1.0.jar:na]
	at com.alibaba.nacos.client.naming.remote.gprc.NamingGrpcClientProxy.queryInstancesOfService(NamingGrpcClientProxy.java:168) ~[nacos-client-2.1.0.jar:na]
	at com.alibaba.nacos.client.naming.remote.NamingClientProxyDelegate.queryInstancesOfService(NamingClientProxyDelegate.java:110) ~[nacos-client-2.1.0.jar:na]
	at com.alibaba.nacos.client.naming.core.ServiceInfoUpdateService$UpdateTask.run(ServiceInfoUpdateService.java:178) ~[nacos-client-2.1.0.jar:na]
	at java.util.concurrent.Executors$RunnableAdapter.call(Executors.java:511) [na:1.8.0_202]
	at java.util.concurrent.FutureTask.run(FutureTask.java:266) [na:1.8.0_202]
	at java.util.concurrent.ScheduledThreadPoolExecutor$ScheduledFutureTask.access$201(ScheduledThreadPoolExecutor.java:180) [na:1.8.0_202]
	at java.util.concurrent.ScheduledThreadPoolExecutor$ScheduledFutureTask.run(ScheduledThreadPoolExecutor.java:293) [na:1.8.0_202]
	at java.util.concurrent.ThreadPoolExecutor.runWorker(ThreadPoolExecutor.java:1149) [na:1.8.0_202]
	at java.util.concurrent.ThreadPoolExecutor$Worker.run(ThreadPoolExecutor.java:624) [na:1.8.0_202]
	at java.lang.Thread.run(Thread.java:748) [na:1.8.0_202]
Caused by: com.alibaba.nacos.api.exception.NacosException: Client not connected, current status:STARTING
	at com.alibaba.nacos.common.remote.client.RpcClient.request(RpcClient.java:651) ~[nacos-client-2.1.0.jar:na]
	at com.alibaba.nacos.common.remote.client.RpcClient.request(RpcClient.java:631) ~[nacos-client-2.1.0.jar:na]
	at com.alibaba.nacos.client.naming.remote.gprc.NamingGrpcClientProxy.requestToServer(NamingGrpcClientProxy.java:278) ~[nacos-client-2.1.0.jar:na]
	... 10 common frames omitted

2023-10-15 16:19:02.087 ERROR 19020 --- [t.remote.worker] c.a.n.c.remote.client.grpc.GrpcClient    : Server check fail, please check server localhost ,port 9848 is available , error ={}

java.util.concurrent.TimeoutException: Waited 3000 milliseconds (plus 10 milliseconds, 695200 nanoseconds delay) for com.alibaba.nacos.shaded.io.grpc.stub.ClientCalls$GrpcFuture@70d85427[status=PENDING, info=[GrpcFuture{clientCall={delegate={delegate=ClientCallImpl{method=MethodDescriptor{fullMethodName=Request/request, type=UNARY, idempotent=false, safe=false, sampledToLocalTracing=true, requestMarshaller=com.alibaba.nacos.shaded.io.grpc.protobuf.lite.ProtoLiteUtils$MessageMarshaller@25a94b55, responseMarshaller=com.alibaba.nacos.shaded.io.grpc.protobuf.lite.ProtoLiteUtils$MessageMarshaller@6adc5b9c, schemaDescriptor=com.alibaba.nacos.api.grpc.auto.RequestGrpc$RequestMethodDescriptorSupplier@19c1820d}}}}}]]
	at com.alibaba.nacos.shaded.com.google.common.util.concurrent.AbstractFuture.get(AbstractFuture.java:508) ~[nacos-client-2.1.0.jar:na]
	at com.alibaba.nacos.common.remote.client.grpc.GrpcClient.serverCheck(GrpcClient.java:192) [nacos-client-2.1.0.jar:na]
	at com.alibaba.nacos.common.remote.client.grpc.GrpcClient.connectToServer(GrpcClient.java:302) [nacos-client-2.1.0.jar:na]
	at com.alibaba.nacos.common.remote.client.RpcClient.reconnect(RpcClient.java:521) [nacos-client-2.1.0.jar:na]
	at com.alibaba.nacos.common.remote.client.RpcClient.lambda$start$2(RpcClient.java:369) [nacos-client-2.1.0.jar:na]
	at java.util.concurrent.Executors$RunnableAdapter.call(Executors.java:511) ~[na:1.8.0_202]
	at java.util.concurrent.FutureTask.run(FutureTask.java:266) ~[na:1.8.0_202]
	at java.util.concurrent.ScheduledThreadPoolExecutor$ScheduledFutureTask.access$201(ScheduledThreadPoolExecutor.java:180) ~[na:1.8.0_202]
	at java.util.concurrent.ScheduledThreadPoolExecutor$ScheduledFutureTask.run(ScheduledThreadPoolExecutor.java:293) ~[na:1.8.0_202]
	at java.util.concurrent.ThreadPoolExecutor.runWorker(ThreadPoolExecutor.java:1149) ~[na:1.8.0_202]
	at java.util.concurrent.ThreadPoolExecutor$Worker.run(ThreadPoolExecutor.java:624) ~[na:1.8.0_202]
	at java.lang.Thread.run(Thread.java:748) ~[na:1.8.0_202]

2023-10-15 16:19:02.087  INFO 19020 --- [t.remote.worker] com.alibaba.nacos.common.remote.client   : [1a62660d-ae49-4a8f-8c45-670f650afaa8] Fail to connect server, after trying 12 times, last try server is {serverIp = 'localhost', server main port = 8848}, error = unknown
2023-10-15 16:19:02.574 ERROR 19020 --- [t.remote.worker] c.a.n.c.remote.client.grpc.GrpcClient    : Server check fail, please check server localhost ,port 9848 is available , error ={}

java.util.concurrent.TimeoutException: Waited 3000 milliseconds (plus 2 milliseconds, 325500 nanoseconds delay) for com.alibaba.nacos.shaded.io.grpc.stub.ClientCalls$GrpcFuture@4c75cb20[status=PENDING, info=[GrpcFuture{clientCall={delegate={delegate=ClientCallImpl{method=MethodDescriptor{fullMethodName=Request/request, type=UNARY, idempotent=false, safe=false, sampledToLocalTracing=true, requestMarshaller=com.alibaba.nacos.shaded.io.grpc.protobuf.lite.ProtoLiteUtils$MessageMarshaller@25a94b55, responseMarshaller=com.alibaba.nacos.shaded.io.grpc.protobuf.lite.ProtoLiteUtils$MessageMarshaller@6adc5b9c, schemaDescriptor=com.alibaba.nacos.api.grpc.auto.RequestGrpc$RequestMethodDescriptorSupplier@19c1820d}}}}}]]
	at com.alibaba.nacos.shaded.com.google.common.util.concurrent.AbstractFuture.get(AbstractFuture.java:508) ~[nacos-client-2.1.0.jar:na]
	at com.alibaba.nacos.common.remote.client.grpc.GrpcClient.serverCheck(GrpcClient.java:192) [nacos-client-2.1.0.jar:na]
	at com.alibaba.nacos.common.remote.client.grpc.GrpcClient.connectToServer(GrpcClient.java:302) [nacos-client-2.1.0.jar:na]
	at com.alibaba.nacos.common.remote.client.RpcClient.reconnect(RpcClient.java:521) [nacos-client-2.1.0.jar:na]
	at com.alibaba.nacos.common.remote.client.RpcClient.lambda$start$2(RpcClient.java:369) [nacos-client-2.1.0.jar:na]
	at java.util.concurrent.Executors$RunnableAdapter.call(Executors.java:511) ~[na:1.8.0_202]
	at java.util.concurrent.FutureTask.run(FutureTask.java:266) ~[na:1.8.0_202]
	at java.util.concurrent.ScheduledThreadPoolExecutor$ScheduledFutureTask.access$201(ScheduledThreadPoolExecutor.java:180) ~[na:1.8.0_202]
	at java.util.concurrent.ScheduledThreadPoolExecutor$ScheduledFutureTask.run(ScheduledThreadPoolExecutor.java:293) ~[na:1.8.0_202]
	at java.util.concurrent.ThreadPoolExecutor.runWorker(ThreadPoolExecutor.java:1149) ~[na:1.8.0_202]
	at java.util.concurrent.ThreadPoolExecutor$Worker.run(ThreadPoolExecutor.java:624) ~[na:1.8.0_202]
	at java.lang.Thread.run(Thread.java:748) ~[na:1.8.0_202]

2023-10-15 16:19:02.574  INFO 19020 --- [t.remote.worker] com.alibaba.nacos.common.remote.client   : [fe9b996a-7e47-43fe-ad06-6dbc78424a39_config-0] Fail to connect server, after trying 6 times, last try server is {serverIp = 'localhost', server main port = 8848}, error = unknown
2023-10-15 16:19:02.876  WARN 19020 --- [ing.grpc.redo.0] com.alibaba.nacos.client.naming          : Grpc Connection is disconnect, skip current redo task
2023-10-15 16:19:02.877 ERROR 19020 --- [           main] c.a.n.c.remote.client.grpc.GrpcClient    : Server check fail, please check server localhost ,port 9848 is available , error ={}

java.util.concurrent.TimeoutException: Waited 3000 milliseconds (plus 14 milliseconds, 205800 nanoseconds delay) for com.alibaba.nacos.shaded.io.grpc.stub.ClientCalls$GrpcFuture@64688978[status=PENDING, info=[GrpcFuture{clientCall={delegate={delegate=ClientCallImpl{method=MethodDescriptor{fullMethodName=Request/request, type=UNARY, idempotent=false, safe=false, sampledToLocalTracing=true, requestMarshaller=com.alibaba.nacos.shaded.io.grpc.protobuf.lite.ProtoLiteUtils$MessageMarshaller@25a94b55, responseMarshaller=com.alibaba.nacos.shaded.io.grpc.protobuf.lite.ProtoLiteUtils$MessageMarshaller@6adc5b9c, schemaDescriptor=com.alibaba.nacos.api.grpc.auto.RequestGrpc$RequestMethodDescriptorSupplier@19c1820d}}}}}]]
	at com.alibaba.nacos.shaded.com.google.common.util.concurrent.AbstractFuture.get(AbstractFuture.java:508) ~[nacos-client-2.1.0.jar:na]
	at com.alibaba.nacos.common.remote.client.grpc.GrpcClient.serverCheck(GrpcClient.java:192) [nacos-client-2.1.0.jar:na]
	at com.alibaba.nacos.common.remote.client.grpc.GrpcClient.connectToServer(GrpcClient.java:302) [nacos-client-2.1.0.jar:na]
	at com.alibaba.nacos.common.remote.client.RpcClient.start(RpcClient.java:389) [nacos-client-2.1.0.jar:na]
	at com.alibaba.nacos.client.naming.remote.gprc.NamingGrpcClientProxy.start(NamingGrpcClientProxy.java:95) [nacos-client-2.1.0.jar:na]
	at com.alibaba.nacos.client.naming.remote.gprc.NamingGrpcClientProxy.<init>(NamingGrpcClientProxy.java:88) [nacos-client-2.1.0.jar:na]
	at com.alibaba.nacos.client.naming.remote.NamingClientProxyDelegate.<init>(NamingClientProxyDelegate.java:76) [nacos-client-2.1.0.jar:na]
	at com.alibaba.nacos.client.naming.NacosNamingService.init(NacosNamingService.java:95) [nacos-client-2.1.0.jar:na]
	at com.alibaba.nacos.client.naming.NacosNamingService.<init>(NacosNamingService.java:81) [nacos-client-2.1.0.jar:na]
	at sun.reflect.NativeConstructorAccessorImpl.newInstance0(Native Method) [na:1.8.0_202]
	at sun.reflect.NativeConstructorAccessorImpl.newInstance(NativeConstructorAccessorImpl.java:62) [na:1.8.0_202]
	at sun.reflect.DelegatingConstructorAccessorImpl.newInstance(DelegatingConstructorAccessorImpl.java:45) [na:1.8.0_202]
	at java.lang.reflect.Constructor.newInstance(Constructor.java:423) [na:1.8.0_202]
	at com.alibaba.nacos.api.naming.NamingFactory.createNamingService(NamingFactory.java:59) [nacos-client-2.1.0.jar:na]
	at com.alibaba.nacos.api.NacosFactory.createNamingService(NacosFactory.java:77) [nacos-client-2.1.0.jar:na]
	at org.apache.dubbo.registry.nacos.util.NacosNamingServiceUtils.createNamingService(NacosNamingServiceUtils.java:104) [dubbo-3.0.9.jar:3.0.9]
	at org.apache.dubbo.registry.nacos.NacosRegistryFactory.createRegistry(NacosRegistryFactory.java:48) [dubbo-3.0.9.jar:3.0.9]
	at org.apache.dubbo.registry.support.AbstractRegistryFactory.getRegistry(AbstractRegistryFactory.java:89) [dubbo-3.0.9.jar:3.0.9]
	at org.apache.dubbo.registry.RegistryFactoryWrapper.getRegistry(RegistryFactoryWrapper.java:33) [dubbo-3.0.9.jar:3.0.9]
	at org.apache.dubbo.registry.RegistryFactory$Adaptive.getRegistry(RegistryFactory$Adaptive.java) [dubbo-3.0.9.jar:3.0.9]
	at org.apache.dubbo.registry.integration.RegistryProtocol.getRegistry(RegistryProtocol.java:393) [dubbo-3.0.9.jar:3.0.9]
	at org.apache.dubbo.registry.integration.RegistryProtocol.refer(RegistryProtocol.java:472) [dubbo-3.0.9.jar:3.0.9]
	at org.apache.dubbo.qos.protocol.QosProtocolWrapper.refer(QosProtocolWrapper.java:83) [dubbo-3.0.9.jar:3.0.9]
	at org.apache.dubbo.rpc.protocol.ProtocolListenerWrapper.refer(ProtocolListenerWrapper.java:74) [dubbo-3.0.9.jar:3.0.9]
	at org.apache.dubbo.rpc.cluster.filter.ProtocolFilterWrapper.refer(ProtocolFilterWrapper.java:71) [dubbo-3.0.9.jar:3.0.9]
	at org.apache.dubbo.rpc.protocol.ProtocolSerializationWrapper.refer(ProtocolSerializationWrapper.java:52) [dubbo-3.0.9.jar:3.0.9]
	at org.apache.dubbo.rpc.Protocol$Adaptive.refer(Protocol$Adaptive.java) [dubbo-3.0.9.jar:3.0.9]
	at org.apache.dubbo.config.ReferenceConfig.createInvokerForRemote(ReferenceConfig.java:494) [dubbo-3.0.9.jar:3.0.9]
	at org.apache.dubbo.config.ReferenceConfig.createProxy(ReferenceConfig.java:397) [dubbo-3.0.9.jar:3.0.9]
	at org.apache.dubbo.config.ReferenceConfig.init(ReferenceConfig.java:285) [dubbo-3.0.9.jar:3.0.9]
	at org.apache.dubbo.config.ReferenceConfig.get(ReferenceConfig.java:219) [dubbo-3.0.9.jar:3.0.9]
	at org.apache.dubbo.config.utils.SimpleReferenceCache.get(SimpleReferenceCache.java:129) [dubbo-3.0.9.jar:3.0.9]
	at org.apache.dubbo.config.deploy.DefaultModuleDeployer.lambda$referServices$6(DefaultModuleDeployer.java:387) [dubbo-3.0.9.jar:3.0.9]
	at java.util.concurrent.ConcurrentHashMap$ValuesView.forEach(ConcurrentHashMap.java:4707) ~[na:1.8.0_202]
	at org.apache.dubbo.config.deploy.DefaultModuleDeployer.referServices(DefaultModuleDeployer.java:367) [dubbo-3.0.9.jar:3.0.9]
	at org.apache.dubbo.config.deploy.DefaultModuleDeployer.start(DefaultModuleDeployer.java:154) [dubbo-3.0.9.jar:3.0.9]
	at org.apache.dubbo.config.spring.context.DubboDeployApplicationListener.onContextRefreshedEvent(DubboDeployApplicationListener.java:111) ~[dubbo-3.0.9.jar:3.0.9]
	at org.apache.dubbo.config.spring.context.DubboDeployApplicationListener.onApplicationEvent(DubboDeployApplicationListener.java:100) ~[dubbo-3.0.9.jar:3.0.9]
	at org.apache.dubbo.config.spring.context.DubboDeployApplicationListener.onApplicationEvent(DubboDeployApplicationListener.java:45) ~[dubbo-3.0.9.jar:3.0.9]
	at org.springframework.context.event.SimpleApplicationEventMulticaster.doInvokeListener(SimpleApplicationEventMulticaster.java:176) ~[spring-context-5.3.20.jar:5.3.20]
	at org.springframework.context.event.SimpleApplicationEventMulticaster.invokeListener(SimpleApplicationEventMulticaster.java:169) ~[spring-context-5.3.20.jar:5.3.20]
	at org.springframework.context.event.SimpleApplicationEventMulticaster.multicastEvent(SimpleApplicationEventMulticaster.java:143) ~[spring-context-5.3.20.jar:5.3.20]
	at org.springframework.context.support.AbstractApplicationContext.publishEvent(AbstractApplicationContext.java:421) ~[spring-context-5.3.20.jar:5.3.20]
	at org.springframework.context.support.AbstractApplicationContext.publishEvent(AbstractApplicationContext.java:378) ~[spring-context-5.3.20.jar:5.3.20]
	at org.springframework.context.support.AbstractApplicationContext.finishRefresh(AbstractApplicationContext.java:938) ~[spring-context-5.3.20.jar:5.3.20]
	at org.springframework.context.support.AbstractApplicationContext.refresh(AbstractApplicationContext.java:586) ~[spring-context-5.3.20.jar:5.3.20]
	at org.springframework.boot.SpringApplication.refresh(SpringApplication.java:734) ~[spring-boot-2.7.0.jar:2.7.0]
	at org.springframework.boot.SpringApplication.refreshContext(SpringApplication.java:408) ~[spring-boot-2.7.0.jar:2.7.0]
	at org.springframework.boot.SpringApplication.run(SpringApplication.java:308) ~[spring-boot-2.7.0.jar:2.7.0]
	at org.springframework.boot.test.context.SpringBootContextLoader.loadContext(SpringBootContextLoader.java:132) ~[spring-boot-test-2.7.0.jar:2.7.0]
	at org.springframework.test.context.cache.DefaultCacheAwareContextLoaderDelegate.loadContextInternal(DefaultCacheAwareContextLoaderDelegate.java:99) ~[spring-test-5.3.20.jar:5.3.20]
	at org.springframework.test.context.cache.DefaultCacheAwareContextLoaderDelegate.loadContext(DefaultCacheAwareContextLoaderDelegate.java:124) ~[spring-test-5.3.20.jar:5.3.20]
	at org.springframework.test.context.support.DefaultTestContext.getApplicationContext(DefaultTestContext.java:124) ~[spring-test-5.3.20.jar:5.3.20]
	at org.springframework.boot.test.autoconfigure.SpringBootDependencyInjectionTestExecutionListener.outputConditionEvaluationReport(SpringBootDependencyInjectionTestExecutionListener.java:53) ~[spring-boot-test-autoconfigure-2.7.0.jar:2.7.0]
	at org.springframework.boot.test.autoconfigure.SpringBootDependencyInjectionTestExecutionListener.prepareTestInstance(SpringBootDependencyInjectionTestExecutionListener.java:46) ~[spring-boot-test-autoconfigure-2.7.0.jar:2.7.0]
	at org.springframework.test.context.TestContextManager.prepareTestInstance(TestContextManager.java:248) ~[spring-test-5.3.20.jar:5.3.20]
	at org.springframework.test.context.junit.jupiter.SpringExtension.postProcessTestInstance(SpringExtension.java:138) ~[spring-test-5.3.20.jar:5.3.20]
	at org.junit.jupiter.engine.descriptor.ClassBasedTestDescriptor.lambda$invokeTestInstancePostProcessors$8(ClassBasedTestDescriptor.java:363) ~[junit-jupiter-engine-5.8.2.jar:5.8.2]
	at org.junit.jupiter.engine.descriptor.ClassBasedTestDescriptor.executeAndMaskThrowable(ClassBasedTestDescriptor.java:368) ~[junit-jupiter-engine-5.8.2.jar:5.8.2]
	at org.junit.jupiter.engine.descriptor.ClassBasedTestDescriptor.lambda$invokeTestInstancePostProcessors$9(ClassBasedTestDescriptor.java:363) ~[junit-jupiter-engine-5.8.2.jar:5.8.2]
	at java.util.stream.ReferencePipeline$3$1.accept(ReferencePipeline.java:193) ~[na:1.8.0_202]
	at java.util.stream.ReferencePipeline$2$1.accept(ReferencePipeline.java:175) ~[na:1.8.0_202]
	at java.util.ArrayList$ArrayListSpliterator.forEachRemaining(ArrayList.java:1382) ~[na:1.8.0_202]
	at java.util.stream.AbstractPipeline.copyInto(AbstractPipeline.java:481) ~[na:1.8.0_202]
	at java.util.stream.AbstractPipeline.wrapAndCopyInto(AbstractPipeline.java:471) ~[na:1.8.0_202]
	at java.util.stream.StreamSpliterators$WrappingSpliterator.forEachRemaining(StreamSpliterators.java:312) ~[na:1.8.0_202]
	at java.util.stream.Streams$ConcatSpliterator.forEachRemaining(Streams.java:743) ~[na:1.8.0_202]
	at java.util.stream.Streams$ConcatSpliterator.forEachRemaining(Streams.java:742) ~[na:1.8.0_202]
	at java.util.stream.ReferencePipeline$Head.forEach(ReferencePipeline.java:580) ~[na:1.8.0_202]
	at org.junit.jupiter.engine.descriptor.ClassBasedTestDescriptor.invokeTestInstancePostProcessors(ClassBasedTestDescriptor.java:362) ~[junit-jupiter-engine-5.8.2.jar:5.8.2]
	at org.junit.jupiter.engine.descriptor.ClassBasedTestDescriptor.lambda$instantiateAndPostProcessTestInstance$6(ClassBasedTestDescriptor.java:283) ~[junit-jupiter-engine-5.8.2.jar:5.8.2]
	at org.junit.platform.engine.support.hierarchical.ThrowableCollector.execute(ThrowableCollector.java:73) ~[junit-platform-engine-1.8.2.jar:1.8.2]
	at org.junit.jupiter.engine.descriptor.ClassBasedTestDescriptor.instantiateAndPostProcessTestInstance(ClassBasedTestDescriptor.java:282) ~[junit-jupiter-engine-5.8.2.jar:5.8.2]
	at org.junit.jupiter.engine.descriptor.ClassBasedTestDescriptor.lambda$testInstancesProvider$4(ClassBasedTestDescriptor.java:272) ~[junit-jupiter-engine-5.8.2.jar:5.8.2]
	at java.util.Optional.orElseGet(Optional.java:267) ~[na:1.8.0_202]
	at org.junit.jupiter.engine.descriptor.ClassBasedTestDescriptor.lambda$testInstancesProvider$5(ClassBasedTestDescriptor.java:271) ~[junit-jupiter-engine-5.8.2.jar:5.8.2]
	at org.junit.jupiter.engine.execution.TestInstancesProvider.getTestInstances(TestInstancesProvider.java:31) ~[junit-jupiter-engine-5.8.2.jar:5.8.2]
	at org.junit.jupiter.engine.descriptor.TestMethodTestDescriptor.lambda$prepare$0(TestMethodTestDescriptor.java:102) ~[junit-jupiter-engine-5.8.2.jar:5.8.2]
	at org.junit.platform.engine.support.hierarchical.ThrowableCollector.execute(ThrowableCollector.java:73) ~[junit-platform-engine-1.8.2.jar:1.8.2]
	at org.junit.jupiter.engine.descriptor.TestMethodTestDescriptor.prepare(TestMethodTestDescriptor.java:101) ~[junit-jupiter-engine-5.8.2.jar:5.8.2]
	at org.junit.jupiter.engine.descriptor.TestMethodTestDescriptor.prepare(TestMethodTestDescriptor.java:66) ~[junit-jupiter-engine-5.8.2.jar:5.8.2]
	at org.junit.platform.engine.support.hierarchical.NodeTestTask.lambda$prepare$2(NodeTestTask.java:123) ~[junit-platform-engine-1.8.2.jar:1.8.2]
	at org.junit.platform.engine.support.hierarchical.ThrowableCollector.execute(ThrowableCollector.java:73) ~[junit-platform-engine-1.8.2.jar:1.8.2]
	at org.junit.platform.engine.support.hierarchical.NodeTestTask.prepare(NodeTestTask.java:123) ~[junit-platform-engine-1.8.2.jar:1.8.2]
	at org.junit.platform.engine.support.hierarchical.NodeTestTask.execute(NodeTestTask.java:90) ~[junit-platform-engine-1.8.2.jar:1.8.2]
	at java.util.ArrayList.forEach(ArrayList.java:1257) ~[na:1.8.0_202]
	at org.junit.platform.engine.support.hierarchical.SameThreadHierarchicalTestExecutorService.invokeAll(SameThreadHierarchicalTestExecutorService.java:41) ~[junit-platform-engine-1.8.2.jar:1.8.2]
	at org.junit.platform.engine.support.hierarchical.NodeTestTask.lambda$executeRecursively$6(NodeTestTask.java:155) ~[junit-platform-engine-1.8.2.jar:1.8.2]
	at org.junit.platform.engine.support.hierarchical.ThrowableCollector.execute(ThrowableCollector.java:73) ~[junit-platform-engine-1.8.2.jar:1.8.2]
	at org.junit.platform.engine.support.hierarchical.NodeTestTask.lambda$executeRecursively$8(NodeTestTask.java:141) ~[junit-platform-engine-1.8.2.jar:1.8.2]
	at org.junit.platform.engine.support.hierarchical.Node.around(Node.java:137) ~[junit-platform-engine-1.8.2.jar:1.8.2]
	at org.junit.platform.engine.support.hierarchical.NodeTestTask.lambda$executeRecursively$9(NodeTestTask.java:139) ~[junit-platform-engine-1.8.2.jar:1.8.2]
	at org.junit.platform.engine.support.hierarchical.ThrowableCollector.execute(ThrowableCollector.java:73) ~[junit-platform-engine-1.8.2.jar:1.8.2]
	at org.junit.platform.engine.support.hierarchical.NodeTestTask.executeRecursively(NodeTestTask.java:138) ~[junit-platform-engine-1.8.2.jar:1.8.2]
	at org.junit.platform.engine.support.hierarchical.NodeTestTask.execute(NodeTestTask.java:95) ~[junit-platform-engine-1.8.2.jar:1.8.2]
	at java.util.ArrayList.forEach(ArrayList.java:1257) ~[na:1.8.0_202]
	at org.junit.platform.engine.support.hierarchical.SameThreadHierarchicalTestExecutorService.invokeAll(SameThreadHierarchicalTestExecutorService.java:41) ~[junit-platform-engine-1.8.2.jar:1.8.2]
	at org.junit.platform.engine.support.hierarchical.NodeTestTask.lambda$executeRecursively$6(NodeTestTask.java:155) ~[junit-platform-engine-1.8.2.jar:1.8.2]
	at org.junit.platform.engine.support.hierarchical.ThrowableCollector.execute(ThrowableCollector.java:73) ~[junit-platform-engine-1.8.2.jar:1.8.2]
	at org.junit.platform.engine.support.hierarchical.NodeTestTask.lambda$executeRecursively$8(NodeTestTask.java:141) ~[junit-platform-engine-1.8.2.jar:1.8.2]
	at org.junit.platform.engine.support.hierarchical.Node.around(Node.java:137) ~[junit-platform-engine-1.8.2.jar:1.8.2]
	at org.junit.platform.engine.support.hierarchical.NodeTestTask.lambda$executeRecursively$9(NodeTestTask.java:139) ~[junit-platform-engine-1.8.2.jar:1.8.2]
	at org.junit.platform.engine.support.hierarchical.ThrowableCollector.execute(ThrowableCollector.java:73) ~[junit-platform-engine-1.8.2.jar:1.8.2]
	at org.junit.platform.engine.support.hierarchical.NodeTestTask.executeRecursively(NodeTestTask.java:138) ~[junit-platform-engine-1.8.2.jar:1.8.2]
	at org.junit.platform.engine.support.hierarchical.NodeTestTask.execute(NodeTestTask.java:95) ~[junit-platform-engine-1.8.2.jar:1.8.2]
	at org.junit.platform.engine.support.hierarchical.SameThreadHierarchicalTestExecutorService.submit(SameThreadHierarchicalTestExecutorService.java:35) ~[junit-platform-engine-1.8.2.jar:1.8.2]
	at org.junit.platform.engine.support.hierarchical.HierarchicalTestExecutor.execute(HierarchicalTestExecutor.java:57) ~[junit-platform-engine-1.8.2.jar:1.8.2]
	at org.junit.platform.engine.support.hierarchical.HierarchicalTestEngine.execute(HierarchicalTestEngine.java:54) ~[junit-platform-engine-1.8.2.jar:1.8.2]
	at org.junit.platform.launcher.core.DefaultLauncher.execute(DefaultLauncher.java:220) ~[junit-platform-launcher-1.3.1.jar:1.3.1]
	at org.junit.platform.launcher.core.DefaultLauncher.lambda$execute$6(DefaultLauncher.java:188) ~[junit-platform-launcher-1.3.1.jar:1.3.1]
	at org.junit.platform.launcher.core.DefaultLauncher.withInterceptedStreams(DefaultLauncher.java:202) ~[junit-platform-launcher-1.3.1.jar:1.3.1]
	at org.junit.platform.launcher.core.DefaultLauncher.execute(DefaultLauncher.java:181) ~[junit-platform-launcher-1.3.1.jar:1.3.1]
	at org.junit.platform.launcher.core.DefaultLauncher.execute(DefaultLauncher.java:128) ~[junit-platform-launcher-1.3.1.jar:1.3.1]
	at org.apache.maven.surefire.junitplatform.JUnitPlatformProvider.invokeAllTests(JUnitPlatformProvider.java:150) ~[surefire-junit-platform-2.22.2.jar:2.22.2]
	at org.apache.maven.surefire.junitplatform.JUnitPlatformProvider.invoke(JUnitPlatformProvider.java:124) ~[surefire-junit-platform-2.22.2.jar:2.22.2]
	at org.apache.maven.surefire.booter.ForkedBooter.invokeProviderInSameClassLoader(ForkedBooter.java:384) ~[surefire-booter-2.22.2.jar:2.22.2]
	at org.apache.maven.surefire.booter.ForkedBooter.runSuitesInProcess(ForkedBooter.java:345) ~[surefire-booter-2.22.2.jar:2.22.2]
	at org.apache.maven.surefire.booter.ForkedBooter.execute(ForkedBooter.java:126) ~[surefire-booter-2.22.2.jar:2.22.2]
	at org.apache.maven.surefire.booter.ForkedBooter.main(ForkedBooter.java:418) ~[surefire-booter-2.22.2.jar:2.22.2]

2023-10-15 16:19:02.877  INFO 19020 --- [           main] com.alibaba.nacos.common.remote.client   : [45c1d4e9-7c56-47f4-ae88-3b4fba725ea0] Try to connect to server on start up, server: {serverIp = 'localhost', server main port = 8848}
2023-10-15 16:19:03.192  WARN 19020 --- [ing.grpc.redo.0] com.alibaba.nacos.client.naming          : Grpc Connection is disconnect, skip current redo task
2023-10-15 16:19:04.361 ERROR 19020 --- [t.remote.worker] c.a.n.c.remote.client.grpc.GrpcClient    : Server check fail, please check server localhost ,port 9848 is available , error ={}

java.util.concurrent.TimeoutException: Waited 3000 milliseconds (plus 14 milliseconds, 162800 nanoseconds delay) for com.alibaba.nacos.shaded.io.grpc.stub.ClientCalls$GrpcFuture@20478c33[status=PENDING, info=[GrpcFuture{clientCall={delegate={delegate=ClientCallImpl{method=MethodDescriptor{fullMethodName=Request/request, type=UNARY, idempotent=false, safe=false, sampledToLocalTracing=true, requestMarshaller=com.alibaba.nacos.shaded.io.grpc.protobuf.lite.ProtoLiteUtils$MessageMarshaller@25a94b55, responseMarshaller=com.alibaba.nacos.shaded.io.grpc.protobuf.lite.ProtoLiteUtils$MessageMarshaller@6adc5b9c, schemaDescriptor=com.alibaba.nacos.api.grpc.auto.RequestGrpc$RequestMethodDescriptorSupplier@19c1820d}}}}}]]
	at com.alibaba.nacos.shaded.com.google.common.util.concurrent.AbstractFuture.get(AbstractFuture.java:508) ~[nacos-client-2.1.0.jar:na]
	at com.alibaba.nacos.common.remote.client.grpc.GrpcClient.serverCheck(GrpcClient.java:192) [nacos-client-2.1.0.jar:na]
	at com.alibaba.nacos.common.remote.client.grpc.GrpcClient.connectToServer(GrpcClient.java:302) [nacos-client-2.1.0.jar:na]
	at com.alibaba.nacos.common.remote.client.RpcClient.reconnect(RpcClient.java:521) [nacos-client-2.1.0.jar:na]
	at com.alibaba.nacos.common.remote.client.RpcClient.lambda$start$2(RpcClient.java:369) [nacos-client-2.1.0.jar:na]
	at java.util.concurrent.Executors$RunnableAdapter.call(Executors.java:511) ~[na:1.8.0_202]
	at java.util.concurrent.FutureTask.run(FutureTask.java:266) ~[na:1.8.0_202]
	at java.util.concurrent.ScheduledThreadPoolExecutor$ScheduledFutureTask.access$201(ScheduledThreadPoolExecutor.java:180) ~[na:1.8.0_202]
	at java.util.concurrent.ScheduledThreadPoolExecutor$ScheduledFutureTask.run(ScheduledThreadPoolExecutor.java:293) ~[na:1.8.0_202]
	at java.util.concurrent.ThreadPoolExecutor.runWorker(ThreadPoolExecutor.java:1149) ~[na:1.8.0_202]
	at java.util.concurrent.ThreadPoolExecutor$Worker.run(ThreadPoolExecutor.java:624) ~[na:1.8.0_202]
	at java.lang.Thread.run(Thread.java:748) ~[na:1.8.0_202]

2023-10-15 16:19:04.361  INFO 19020 --- [t.remote.worker] com.alibaba.nacos.common.remote.client   : [3f090fb1-55c6-4fe3-8377-8b3ac52cd4b0_config-0] Fail to connect server, after trying 1 times, last try server is {serverIp = 'localhost', server main port = 8848}, error = unknown
2023-10-15 16:19:05.882  WARN 19020 --- [ing.grpc.redo.0] com.alibaba.nacos.client.naming          : Grpc Connection is disconnect, skip current redo task
2023-10-15 16:19:05.882 ERROR 19020 --- [           main] c.a.n.c.remote.client.grpc.GrpcClient    : Server check fail, please check server localhost ,port 9848 is available , error ={}

java.util.concurrent.TimeoutException: Waited 3000 milliseconds (plus 3 milliseconds, 212200 nanoseconds delay) for com.alibaba.nacos.shaded.io.grpc.stub.ClientCalls$GrpcFuture@4a6facb0[status=PENDING, info=[GrpcFuture{clientCall={delegate={delegate=ClientCallImpl{method=MethodDescriptor{fullMethodName=Request/request, type=UNARY, idempotent=false, safe=false, sampledToLocalTracing=true, requestMarshaller=com.alibaba.nacos.shaded.io.grpc.protobuf.lite.ProtoLiteUtils$MessageMarshaller@25a94b55, responseMarshaller=com.alibaba.nacos.shaded.io.grpc.protobuf.lite.ProtoLiteUtils$MessageMarshaller@6adc5b9c, schemaDescriptor=com.alibaba.nacos.api.grpc.auto.RequestGrpc$RequestMethodDescriptorSupplier@19c1820d}}}}}]]
	at com.alibaba.nacos.shaded.com.google.common.util.concurrent.AbstractFuture.get(AbstractFuture.java:508) ~[nacos-client-2.1.0.jar:na]
	at com.alibaba.nacos.common.remote.client.grpc.GrpcClient.serverCheck(GrpcClient.java:192) [nacos-client-2.1.0.jar:na]
	at com.alibaba.nacos.common.remote.client.grpc.GrpcClient.connectToServer(GrpcClient.java:302) [nacos-client-2.1.0.jar:na]
	at com.alibaba.nacos.common.remote.client.RpcClient.start(RpcClient.java:389) [nacos-client-2.1.0.jar:na]
	at com.alibaba.nacos.client.naming.remote.gprc.NamingGrpcClientProxy.start(NamingGrpcClientProxy.java:95) [nacos-client-2.1.0.jar:na]
	at com.alibaba.nacos.client.naming.remote.gprc.NamingGrpcClientProxy.<init>(NamingGrpcClientProxy.java:88) [nacos-client-2.1.0.jar:na]
	at com.alibaba.nacos.client.naming.remote.NamingClientProxyDelegate.<init>(NamingClientProxyDelegate.java:76) [nacos-client-2.1.0.jar:na]
	at com.alibaba.nacos.client.naming.NacosNamingService.init(NacosNamingService.java:95) [nacos-client-2.1.0.jar:na]
	at com.alibaba.nacos.client.naming.NacosNamingService.<init>(NacosNamingService.java:81) [nacos-client-2.1.0.jar:na]
	at sun.reflect.NativeConstructorAccessorImpl.newInstance0(Native Method) [na:1.8.0_202]
	at sun.reflect.NativeConstructorAccessorImpl.newInstance(NativeConstructorAccessorImpl.java:62) [na:1.8.0_202]
	at sun.reflect.DelegatingConstructorAccessorImpl.newInstance(DelegatingConstructorAccessorImpl.java:45) [na:1.8.0_202]
	at java.lang.reflect.Constructor.newInstance(Constructor.java:423) [na:1.8.0_202]
	at com.alibaba.nacos.api.naming.NamingFactory.createNamingService(NamingFactory.java:59) [nacos-client-2.1.0.jar:na]
	at com.alibaba.nacos.api.NacosFactory.createNamingService(NacosFactory.java:77) [nacos-client-2.1.0.jar:na]
	at org.apache.dubbo.registry.nacos.util.NacosNamingServiceUtils.createNamingService(NacosNamingServiceUtils.java:104) [dubbo-3.0.9.jar:3.0.9]
	at org.apache.dubbo.registry.nacos.NacosRegistryFactory.createRegistry(NacosRegistryFactory.java:48) [dubbo-3.0.9.jar:3.0.9]
	at org.apache.dubbo.registry.support.AbstractRegistryFactory.getRegistry(AbstractRegistryFactory.java:89) [dubbo-3.0.9.jar:3.0.9]
	at org.apache.dubbo.registry.RegistryFactoryWrapper.getRegistry(RegistryFactoryWrapper.java:33) [dubbo-3.0.9.jar:3.0.9]
	at org.apache.dubbo.registry.RegistryFactory$Adaptive.getRegistry(RegistryFactory$Adaptive.java) [dubbo-3.0.9.jar:3.0.9]
	at org.apache.dubbo.registry.integration.RegistryProtocol.getRegistry(RegistryProtocol.java:393) [dubbo-3.0.9.jar:3.0.9]
	at org.apache.dubbo.registry.integration.RegistryProtocol.refer(RegistryProtocol.java:472) [dubbo-3.0.9.jar:3.0.9]
	at org.apache.dubbo.qos.protocol.QosProtocolWrapper.refer(QosProtocolWrapper.java:83) [dubbo-3.0.9.jar:3.0.9]
	at org.apache.dubbo.rpc.protocol.ProtocolListenerWrapper.refer(ProtocolListenerWrapper.java:74) [dubbo-3.0.9.jar:3.0.9]
	at org.apache.dubbo.rpc.cluster.filter.ProtocolFilterWrapper.refer(ProtocolFilterWrapper.java:71) [dubbo-3.0.9.jar:3.0.9]
	at org.apache.dubbo.rpc.protocol.ProtocolSerializationWrapper.refer(ProtocolSerializationWrapper.java:52) [dubbo-3.0.9.jar:3.0.9]
	at org.apache.dubbo.rpc.Protocol$Adaptive.refer(Protocol$Adaptive.java) [dubbo-3.0.9.jar:3.0.9]
	at org.apache.dubbo.config.ReferenceConfig.createInvokerForRemote(ReferenceConfig.java:494) [dubbo-3.0.9.jar:3.0.9]
	at org.apache.dubbo.config.ReferenceConfig.createProxy(ReferenceConfig.java:397) [dubbo-3.0.9.jar:3.0.9]
	at org.apache.dubbo.config.ReferenceConfig.init(ReferenceConfig.java:285) [dubbo-3.0.9.jar:3.0.9]
	at org.apache.dubbo.config.ReferenceConfig.get(ReferenceConfig.java:219) [dubbo-3.0.9.jar:3.0.9]
	at org.apache.dubbo.config.utils.SimpleReferenceCache.get(SimpleReferenceCache.java:129) [dubbo-3.0.9.jar:3.0.9]
	at org.apache.dubbo.config.deploy.DefaultModuleDeployer.lambda$referServices$6(DefaultModuleDeployer.java:387) [dubbo-3.0.9.jar:3.0.9]
	at java.util.concurrent.ConcurrentHashMap$ValuesView.forEach(ConcurrentHashMap.java:4707) ~[na:1.8.0_202]
	at org.apache.dubbo.config.deploy.DefaultModuleDeployer.referServices(DefaultModuleDeployer.java:367) [dubbo-3.0.9.jar:3.0.9]
	at org.apache.dubbo.config.deploy.DefaultModuleDeployer.start(DefaultModuleDeployer.java:154) [dubbo-3.0.9.jar:3.0.9]
	at org.apache.dubbo.config.spring.context.DubboDeployApplicationListener.onContextRefreshedEvent(DubboDeployApplicationListener.java:111) ~[dubbo-3.0.9.jar:3.0.9]
	at org.apache.dubbo.config.spring.context.DubboDeployApplicationListener.onApplicationEvent(DubboDeployApplicationListener.java:100) ~[dubbo-3.0.9.jar:3.0.9]
	at org.apache.dubbo.config.spring.context.DubboDeployApplicationListener.onApplicationEvent(DubboDeployApplicationListener.java:45) ~[dubbo-3.0.9.jar:3.0.9]
	at org.springframework.context.event.SimpleApplicationEventMulticaster.doInvokeListener(SimpleApplicationEventMulticaster.java:176) ~[spring-context-5.3.20.jar:5.3.20]
	at org.springframework.context.event.SimpleApplicationEventMulticaster.invokeListener(SimpleApplicationEventMulticaster.java:169) ~[spring-context-5.3.20.jar:5.3.20]
	at org.springframework.context.event.SimpleApplicationEventMulticaster.multicastEvent(SimpleApplicationEventMulticaster.java:143) ~[spring-context-5.3.20.jar:5.3.20]
	at org.springframework.context.support.AbstractApplicationContext.publishEvent(AbstractApplicationContext.java:421) ~[spring-context-5.3.20.jar:5.3.20]
	at org.springframework.context.support.AbstractApplicationContext.publishEvent(AbstractApplicationContext.java:378) ~[spring-context-5.3.20.jar:5.3.20]
	at org.springframework.context.support.AbstractApplicationContext.finishRefresh(AbstractApplicationContext.java:938) ~[spring-context-5.3.20.jar:5.3.20]
	at org.springframework.context.support.AbstractApplicationContext.refresh(AbstractApplicationContext.java:586) ~[spring-context-5.3.20.jar:5.3.20]
	at org.springframework.boot.SpringApplication.refresh(SpringApplication.java:734) ~[spring-boot-2.7.0.jar:2.7.0]
	at org.springframework.boot.SpringApplication.refreshContext(SpringApplication.java:408) ~[spring-boot-2.7.0.jar:2.7.0]
	at org.springframework.boot.SpringApplication.run(SpringApplication.java:308) ~[spring-boot-2.7.0.jar:2.7.0]
	at org.springframework.boot.test.context.SpringBootContextLoader.loadContext(SpringBootContextLoader.java:132) ~[spring-boot-test-2.7.0.jar:2.7.0]
	at org.springframework.test.context.cache.DefaultCacheAwareContextLoaderDelegate.loadContextInternal(DefaultCacheAwareContextLoaderDelegate.java:99) ~[spring-test-5.3.20.jar:5.3.20]
	at org.springframework.test.context.cache.DefaultCacheAwareContextLoaderDelegate.loadContext(DefaultCacheAwareContextLoaderDelegate.java:124) ~[spring-test-5.3.20.jar:5.3.20]
	at org.springframework.test.context.support.DefaultTestContext.getApplicationContext(DefaultTestContext.java:124) ~[spring-test-5.3.20.jar:5.3.20]
	at org.springframework.boot.test.autoconfigure.SpringBootDependencyInjectionTestExecutionListener.outputConditionEvaluationReport(SpringBootDependencyInjectionTestExecutionListener.java:53) ~[spring-boot-test-autoconfigure-2.7.0.jar:2.7.0]
	at org.springframework.boot.test.autoconfigure.SpringBootDependencyInjectionTestExecutionListener.prepareTestInstance(SpringBootDependencyInjectionTestExecutionListener.java:46) ~[spring-boot-test-autoconfigure-2.7.0.jar:2.7.0]
	at org.springframework.test.context.TestContextManager.prepareTestInstance(TestContextManager.java:248) ~[spring-test-5.3.20.jar:5.3.20]
	at org.springframework.test.context.junit.jupiter.SpringExtension.postProcessTestInstance(SpringExtension.java:138) ~[spring-test-5.3.20.jar:5.3.20]
	at org.junit.jupiter.engine.descriptor.ClassBasedTestDescriptor.lambda$invokeTestInstancePostProcessors$8(ClassBasedTestDescriptor.java:363) ~[junit-jupiter-engine-5.8.2.jar:5.8.2]
	at org.junit.jupiter.engine.descriptor.ClassBasedTestDescriptor.executeAndMaskThrowable(ClassBasedTestDescriptor.java:368) ~[junit-jupiter-engine-5.8.2.jar:5.8.2]
	at org.junit.jupiter.engine.descriptor.ClassBasedTestDescriptor.lambda$invokeTestInstancePostProcessors$9(ClassBasedTestDescriptor.java:363) ~[junit-jupiter-engine-5.8.2.jar:5.8.2]
	at java.util.stream.ReferencePipeline$3$1.accept(ReferencePipeline.java:193) ~[na:1.8.0_202]
	at java.util.stream.ReferencePipeline$2$1.accept(ReferencePipeline.java:175) ~[na:1.8.0_202]
	at java.util.ArrayList$ArrayListSpliterator.forEachRemaining(ArrayList.java:1382) ~[na:1.8.0_202]
	at java.util.stream.AbstractPipeline.copyInto(AbstractPipeline.java:481) ~[na:1.8.0_202]
	at java.util.stream.AbstractPipeline.wrapAndCopyInto(AbstractPipeline.java:471) ~[na:1.8.0_202]
	at java.util.stream.StreamSpliterators$WrappingSpliterator.forEachRemaining(StreamSpliterators.java:312) ~[na:1.8.0_202]
	at java.util.stream.Streams$ConcatSpliterator.forEachRemaining(Streams.java:743) ~[na:1.8.0_202]
	at java.util.stream.Streams$ConcatSpliterator.forEachRemaining(Streams.java:742) ~[na:1.8.0_202]
	at java.util.stream.ReferencePipeline$Head.forEach(ReferencePipeline.java:580) ~[na:1.8.0_202]
	at org.junit.jupiter.engine.descriptor.ClassBasedTestDescriptor.invokeTestInstancePostProcessors(ClassBasedTestDescriptor.java:362) ~[junit-jupiter-engine-5.8.2.jar:5.8.2]
	at org.junit.jupiter.engine.descriptor.ClassBasedTestDescriptor.lambda$instantiateAndPostProcessTestInstance$6(ClassBasedTestDescriptor.java:283) ~[junit-jupiter-engine-5.8.2.jar:5.8.2]
	at org.junit.platform.engine.support.hierarchical.ThrowableCollector.execute(ThrowableCollector.java:73) ~[junit-platform-engine-1.8.2.jar:1.8.2]
	at org.junit.jupiter.engine.descriptor.ClassBasedTestDescriptor.instantiateAndPostProcessTestInstance(ClassBasedTestDescriptor.java:282) ~[junit-jupiter-engine-5.8.2.jar:5.8.2]
	at org.junit.jupiter.engine.descriptor.ClassBasedTestDescriptor.lambda$testInstancesProvider$4(ClassBasedTestDescriptor.java:272) ~[junit-jupiter-engine-5.8.2.jar:5.8.2]
	at java.util.Optional.orElseGet(Optional.java:267) ~[na:1.8.0_202]
	at org.junit.jupiter.engine.descriptor.ClassBasedTestDescriptor.lambda$testInstancesProvider$5(ClassBasedTestDescriptor.java:271) ~[junit-jupiter-engine-5.8.2.jar:5.8.2]
	at org.junit.jupiter.engine.execution.TestInstancesProvider.getTestInstances(TestInstancesProvider.java:31) ~[junit-jupiter-engine-5.8.2.jar:5.8.2]
	at org.junit.jupiter.engine.descriptor.TestMethodTestDescriptor.lambda$prepare$0(TestMethodTestDescriptor.java:102) ~[junit-jupiter-engine-5.8.2.jar:5.8.2]
	at org.junit.platform.engine.support.hierarchical.ThrowableCollector.execute(ThrowableCollector.java:73) ~[junit-platform-engine-1.8.2.jar:1.8.2]
	at org.junit.jupiter.engine.descriptor.TestMethodTestDescriptor.prepare(TestMethodTestDescriptor.java:101) ~[junit-jupiter-engine-5.8.2.jar:5.8.2]
	at org.junit.jupiter.engine.descriptor.TestMethodTestDescriptor.prepare(TestMethodTestDescriptor.java:66) ~[junit-jupiter-engine-5.8.2.jar:5.8.2]
	at org.junit.platform.engine.support.hierarchical.NodeTestTask.lambda$prepare$2(NodeTestTask.java:123) ~[junit-platform-engine-1.8.2.jar:1.8.2]
	at org.junit.platform.engine.support.hierarchical.ThrowableCollector.execute(ThrowableCollector.java:73) ~[junit-platform-engine-1.8.2.jar:1.8.2]
	at org.junit.platform.engine.support.hierarchical.NodeTestTask.prepare(NodeTestTask.java:123) ~[junit-platform-engine-1.8.2.jar:1.8.2]
	at org.junit.platform.engine.support.hierarchical.NodeTestTask.execute(NodeTestTask.java:90) ~[junit-platform-engine-1.8.2.jar:1.8.2]
	at java.util.ArrayList.forEach(ArrayList.java:1257) ~[na:1.8.0_202]
	at org.junit.platform.engine.support.hierarchical.SameThreadHierarchicalTestExecutorService.invokeAll(SameThreadHierarchicalTestExecutorService.java:41) ~[junit-platform-engine-1.8.2.jar:1.8.2]
	at org.junit.platform.engine.support.hierarchical.NodeTestTask.lambda$executeRecursively$6(NodeTestTask.java:155) ~[junit-platform-engine-1.8.2.jar:1.8.2]
	at org.junit.platform.engine.support.hierarchical.ThrowableCollector.execute(ThrowableCollector.java:73) ~[junit-platform-engine-1.8.2.jar:1.8.2]
	at org.junit.platform.engine.support.hierarchical.NodeTestTask.lambda$executeRecursively$8(NodeTestTask.java:141) ~[junit-platform-engine-1.8.2.jar:1.8.2]
	at org.junit.platform.engine.support.hierarchical.Node.around(Node.java:137) ~[junit-platform-engine-1.8.2.jar:1.8.2]
	at org.junit.platform.engine.support.hierarchical.NodeTestTask.lambda$executeRecursively$9(NodeTestTask.java:139) ~[junit-platform-engine-1.8.2.jar:1.8.2]
	at org.junit.platform.engine.support.hierarchical.ThrowableCollector.execute(ThrowableCollector.java:73) ~[junit-platform-engine-1.8.2.jar:1.8.2]
	at org.junit.platform.engine.support.hierarchical.NodeTestTask.executeRecursively(NodeTestTask.java:138) ~[junit-platform-engine-1.8.2.jar:1.8.2]
	at org.junit.platform.engine.support.hierarchical.NodeTestTask.execute(NodeTestTask.java:95) ~[junit-platform-engine-1.8.2.jar:1.8.2]
	at java.util.ArrayList.forEach(ArrayList.java:1257) ~[na:1.8.0_202]
	at org.junit.platform.engine.support.hierarchical.SameThreadHierarchicalTestExecutorService.invokeAll(SameThreadHierarchicalTestExecutorService.java:41) ~[junit-platform-engine-1.8.2.jar:1.8.2]
	at org.junit.platform.engine.support.hierarchical.NodeTestTask.lambda$executeRecursively$6(NodeTestTask.java:155) ~[junit-platform-engine-1.8.2.jar:1.8.2]
	at org.junit.platform.engine.support.hierarchical.ThrowableCollector.execute(ThrowableCollector.java:73) ~[junit-platform-engine-1.8.2.jar:1.8.2]
	at org.junit.platform.engine.support.hierarchical.NodeTestTask.lambda$executeRecursively$8(NodeTestTask.java:141) ~[junit-platform-engine-1.8.2.jar:1.8.2]
	at org.junit.platform.engine.support.hierarchical.Node.around(Node.java:137) ~[junit-platform-engine-1.8.2.jar:1.8.2]
	at org.junit.platform.engine.support.hierarchical.NodeTestTask.lambda$executeRecursively$9(NodeTestTask.java:139) ~[junit-platform-engine-1.8.2.jar:1.8.2]
	at org.junit.platform.engine.support.hierarchical.ThrowableCollector.execute(ThrowableCollector.java:73) ~[junit-platform-engine-1.8.2.jar:1.8.2]
	at org.junit.platform.engine.support.hierarchical.NodeTestTask.executeRecursively(NodeTestTask.java:138) ~[junit-platform-engine-1.8.2.jar:1.8.2]
	at org.junit.platform.engine.support.hierarchical.NodeTestTask.execute(NodeTestTask.java:95) ~[junit-platform-engine-1.8.2.jar:1.8.2]
	at org.junit.platform.engine.support.hierarchical.SameThreadHierarchicalTestExecutorService.submit(SameThreadHierarchicalTestExecutorService.java:35) ~[junit-platform-engine-1.8.2.jar:1.8.2]
	at org.junit.platform.engine.support.hierarchical.HierarchicalTestExecutor.execute(HierarchicalTestExecutor.java:57) ~[junit-platform-engine-1.8.2.jar:1.8.2]
	at org.junit.platform.engine.support.hierarchical.HierarchicalTestEngine.execute(HierarchicalTestEngine.java:54) ~[junit-platform-engine-1.8.2.jar:1.8.2]
	at org.junit.platform.launcher.core.DefaultLauncher.execute(DefaultLauncher.java:220) ~[junit-platform-launcher-1.3.1.jar:1.3.1]
	at org.junit.platform.launcher.core.DefaultLauncher.lambda$execute$6(DefaultLauncher.java:188) ~[junit-platform-launcher-1.3.1.jar:1.3.1]
	at org.junit.platform.launcher.core.DefaultLauncher.withInterceptedStreams(DefaultLauncher.java:202) ~[junit-platform-launcher-1.3.1.jar:1.3.1]
	at org.junit.platform.launcher.core.DefaultLauncher.execute(DefaultLauncher.java:181) ~[junit-platform-launcher-1.3.1.jar:1.3.1]
	at org.junit.platform.launcher.core.DefaultLauncher.execute(DefaultLauncher.java:128) ~[junit-platform-launcher-1.3.1.jar:1.3.1]
	at org.apache.maven.surefire.junitplatform.JUnitPlatformProvider.invokeAllTests(JUnitPlatformProvider.java:150) ~[surefire-junit-platform-2.22.2.jar:2.22.2]
	at org.apache.maven.surefire.junitplatform.JUnitPlatformProvider.invoke(JUnitPlatformProvider.java:124) ~[surefire-junit-platform-2.22.2.jar:2.22.2]
	at org.apache.maven.surefire.booter.ForkedBooter.invokeProviderInSameClassLoader(ForkedBooter.java:384) ~[surefire-booter-2.22.2.jar:2.22.2]
	at org.apache.maven.surefire.booter.ForkedBooter.runSuitesInProcess(ForkedBooter.java:345) ~[surefire-booter-2.22.2.jar:2.22.2]
	at org.apache.maven.surefire.booter.ForkedBooter.execute(ForkedBooter.java:126) ~[surefire-booter-2.22.2.jar:2.22.2]
	at org.apache.maven.surefire.booter.ForkedBooter.main(ForkedBooter.java:418) ~[surefire-booter-2.22.2.jar:2.22.2]

2023-10-15 16:19:05.883  INFO 19020 --- [           main] com.alibaba.nacos.common.remote.client   : [45c1d4e9-7c56-47f4-ae88-3b4fba725ea0] Try to connect to server on start up, server: {serverIp = 'localhost', server main port = 8848}
2023-10-15 16:19:06.199  WARN 19020 --- [ing.grpc.redo.0] com.alibaba.nacos.client.naming          : Grpc Connection is disconnect, skip current redo task
2023-10-15 16:19:06.294 ERROR 19020 --- [t.remote.worker] c.a.n.c.remote.client.grpc.GrpcClient    : Server check fail, please check server localhost ,port 9848 is available , error ={}

java.util.concurrent.TimeoutException: Waited 3000 milliseconds (plus 6 milliseconds, 259800 nanoseconds delay) for com.alibaba.nacos.shaded.io.grpc.stub.ClientCalls$GrpcFuture@498dfbd1[status=PENDING, info=[GrpcFuture{clientCall={delegate={delegate=ClientCallImpl{method=MethodDescriptor{fullMethodName=Request/request, type=UNARY, idempotent=false, safe=false, sampledToLocalTracing=true, requestMarshaller=com.alibaba.nacos.shaded.io.grpc.protobuf.lite.ProtoLiteUtils$MessageMarshaller@25a94b55, responseMarshaller=com.alibaba.nacos.shaded.io.grpc.protobuf.lite.ProtoLiteUtils$MessageMarshaller@6adc5b9c, schemaDescriptor=com.alibaba.nacos.api.grpc.auto.RequestGrpc$RequestMethodDescriptorSupplier@19c1820d}}}}}]]
	at com.alibaba.nacos.shaded.com.google.common.util.concurrent.AbstractFuture.get(AbstractFuture.java:508) ~[nacos-client-2.1.0.jar:na]
	at com.alibaba.nacos.common.remote.client.grpc.GrpcClient.serverCheck(GrpcClient.java:192) [nacos-client-2.1.0.jar:na]
	at com.alibaba.nacos.common.remote.client.grpc.GrpcClient.connectToServer(GrpcClient.java:302) [nacos-client-2.1.0.jar:na]
	at com.alibaba.nacos.common.remote.client.RpcClient.reconnect(RpcClient.java:521) [nacos-client-2.1.0.jar:na]
	at com.alibaba.nacos.common.remote.client.RpcClient.lambda$start$2(RpcClient.java:369) [nacos-client-2.1.0.jar:na]
	at java.util.concurrent.Executors$RunnableAdapter.call(Executors.java:511) ~[na:1.8.0_202]
	at java.util.concurrent.FutureTask.run(FutureTask.java:266) ~[na:1.8.0_202]
	at java.util.concurrent.ScheduledThreadPoolExecutor$ScheduledFutureTask.access$201(ScheduledThreadPoolExecutor.java:180) ~[na:1.8.0_202]
	at java.util.concurrent.ScheduledThreadPoolExecutor$ScheduledFutureTask.run(ScheduledThreadPoolExecutor.java:293) ~[na:1.8.0_202]
	at java.util.concurrent.ThreadPoolExecutor.runWorker(ThreadPoolExecutor.java:1149) ~[na:1.8.0_202]
	at java.util.concurrent.ThreadPoolExecutor$Worker.run(ThreadPoolExecutor.java:624) ~[na:1.8.0_202]
	at java.lang.Thread.run(Thread.java:748) ~[na:1.8.0_202]

2023-10-15 16:19:06.294  INFO 19020 --- [t.remote.worker] com.alibaba.nacos.common.remote.client   : [fe9b996a-7e47-43fe-ad06-6dbc78424a39_config-0] Fail to connect server, after trying 7 times, last try server is {serverIp = 'localhost', server main port = 8848}, error = unknown
2023-10-15 16:19:06.405 ERROR 19020 --- [t.remote.worker] c.a.n.c.remote.client.grpc.GrpcClient    : Server check fail, please check server localhost ,port 9848 is available , error ={}

java.util.concurrent.TimeoutException: Waited 3000 milliseconds (plus 7 milliseconds, 368400 nanoseconds delay) for com.alibaba.nacos.shaded.io.grpc.stub.ClientCalls$GrpcFuture@2363336d[status=PENDING, info=[GrpcFuture{clientCall={delegate={delegate=ClientCallImpl{method=MethodDescriptor{fullMethodName=Request/request, type=UNARY, idempotent=false, safe=false, sampledToLocalTracing=true, requestMarshaller=com.alibaba.nacos.shaded.io.grpc.protobuf.lite.ProtoLiteUtils$MessageMarshaller@25a94b55, responseMarshaller=com.alibaba.nacos.shaded.io.grpc.protobuf.lite.ProtoLiteUtils$MessageMarshaller@6adc5b9c, schemaDescriptor=com.alibaba.nacos.api.grpc.auto.RequestGrpc$RequestMethodDescriptorSupplier@19c1820d}}}}}]]
	at com.alibaba.nacos.shaded.com.google.common.util.concurrent.AbstractFuture.get(AbstractFuture.java:508) ~[nacos-client-2.1.0.jar:na]
	at com.alibaba.nacos.common.remote.client.grpc.GrpcClient.serverCheck(GrpcClient.java:192) [nacos-client-2.1.0.jar:na]
	at com.alibaba.nacos.common.remote.client.grpc.GrpcClient.connectToServer(GrpcClient.java:302) [nacos-client-2.1.0.jar:na]
	at com.alibaba.nacos.common.remote.client.RpcClient.reconnect(RpcClient.java:521) [nacos-client-2.1.0.jar:na]
	at com.alibaba.nacos.common.remote.client.RpcClient.lambda$start$2(RpcClient.java:369) [nacos-client-2.1.0.jar:na]
	at java.util.concurrent.Executors$RunnableAdapter.call(Executors.java:511) ~[na:1.8.0_202]
	at java.util.concurrent.FutureTask.run(FutureTask.java:266) ~[na:1.8.0_202]
	at java.util.concurrent.ScheduledThreadPoolExecutor$ScheduledFutureTask.access$201(ScheduledThreadPoolExecutor.java:180) ~[na:1.8.0_202]
	at java.util.concurrent.ScheduledThreadPoolExecutor$ScheduledFutureTask.run(ScheduledThreadPoolExecutor.java:293) ~[na:1.8.0_202]
	at java.util.concurrent.ThreadPoolExecutor.runWorker(ThreadPoolExecutor.java:1149) ~[na:1.8.0_202]
	at java.util.concurrent.ThreadPoolExecutor$Worker.run(ThreadPoolExecutor.java:624) ~[na:1.8.0_202]
	at java.lang.Thread.run(Thread.java:748) ~[na:1.8.0_202]

2023-10-15 16:19:06.405  INFO 19020 --- [t.remote.worker] com.alibaba.nacos.common.remote.client   : [1a62660d-ae49-4a8f-8c45-670f650afaa8] Fail to connect server, after trying 13 times, last try server is {serverIp = 'localhost', server main port = 8848}, error = unknown
2023-10-15 16:19:06.499 ERROR 19020 --- [s.client.Worker] com.alibaba.nacos.common.remote.client   : Send request fail, request = ConfigBatchListenRequest{headers={charset=UTF-8, Client-AppName=unknown, Client-RequestToken=68af7bcd0953058f9dcfeca1494887b3, Client-RequestTS=1697357946390, exConfigInfo=true}, requestId='null'}, retryTimes = 0, errorMessage = Client not connected, current status:STARTING
2023-10-15 16:19:06.609 ERROR 19020 --- [s.client.Worker] com.alibaba.nacos.common.remote.client   : Send request fail, request = ConfigBatchListenRequest{headers={charset=UTF-8, Client-AppName=unknown, Client-RequestToken=68af7bcd0953058f9dcfeca1494887b3, Client-RequestTS=1697357946390, exConfigInfo=true}, requestId='null'}, retryTimes = 1, errorMessage = Client not connected, current status:STARTING
2023-10-15 16:19:06.719 ERROR 19020 --- [s.client.Worker] com.alibaba.nacos.common.remote.client   : Send request fail, request = ConfigBatchListenRequest{headers={charset=UTF-8, Client-AppName=unknown, Client-RequestToken=68af7bcd0953058f9dcfeca1494887b3, Client-RequestTS=1697357946390, exConfigInfo=true}, requestId='null'}, retryTimes = 2, errorMessage = Client not connected, current status:STARTING
2023-10-15 16:19:06.719 ERROR 19020 --- [s.client.Worker] c.a.n.client.config.impl.ClientWorker    : Async listen config change error 

com.alibaba.nacos.api.exception.NacosException: Client not connected, current status:STARTING
	at com.alibaba.nacos.common.remote.client.RpcClient.request(RpcClient.java:651) ~[nacos-client-2.1.0.jar:na]
	at com.alibaba.nacos.client.config.impl.ClientWorker$ConfigRpcTransportClient.requestProxy(ClientWorker.java:1005) [nacos-client-2.1.0.jar:na]
	at com.alibaba.nacos.client.config.impl.ClientWorker$ConfigRpcTransportClient.requestProxy(ClientWorker.java:986) [nacos-client-2.1.0.jar:na]
	at com.alibaba.nacos.client.config.impl.ClientWorker$ConfigRpcTransportClient.executeConfigListen(ClientWorker.java:777) [nacos-client-2.1.0.jar:na]
	at com.alibaba.nacos.client.config.impl.ClientWorker$ConfigRpcTransportClient.lambda$startInternal$2(ClientWorker.java:695) [nacos-client-2.1.0.jar:na]
	at java.util.concurrent.Executors$RunnableAdapter.call(Executors.java:511) ~[na:1.8.0_202]
	at java.util.concurrent.FutureTask.run(FutureTask.java:266) ~[na:1.8.0_202]
	at java.util.concurrent.ScheduledThreadPoolExecutor$ScheduledFutureTask.access$201(ScheduledThreadPoolExecutor.java:180) ~[na:1.8.0_202]
	at java.util.concurrent.ScheduledThreadPoolExecutor$ScheduledFutureTask.run(ScheduledThreadPoolExecutor.java:293) ~[na:1.8.0_202]
	at java.util.concurrent.ThreadPoolExecutor.runWorker(ThreadPoolExecutor.java:1149) ~[na:1.8.0_202]
	at java.util.concurrent.ThreadPoolExecutor$Worker.run(ThreadPoolExecutor.java:624) ~[na:1.8.0_202]
	at java.lang.Thread.run(Thread.java:748) ~[na:1.8.0_202]

2023-10-15 16:19:07.575 ERROR 19020 --- [t.remote.worker] c.a.n.c.remote.client.grpc.GrpcClient    : Server check fail, please check server localhost ,port 9848 is available , error ={}

java.util.concurrent.TimeoutException: Waited 3000 milliseconds (plus 5 milliseconds, 224800 nanoseconds delay) for com.alibaba.nacos.shaded.io.grpc.stub.ClientCalls$GrpcFuture@d4a1293[status=PENDING, info=[GrpcFuture{clientCall={delegate={delegate=ClientCallImpl{method=MethodDescriptor{fullMethodName=Request/request, type=UNARY, idempotent=false, safe=false, sampledToLocalTracing=true, requestMarshaller=com.alibaba.nacos.shaded.io.grpc.protobuf.lite.ProtoLiteUtils$MessageMarshaller@25a94b55, responseMarshaller=com.alibaba.nacos.shaded.io.grpc.protobuf.lite.ProtoLiteUtils$MessageMarshaller@6adc5b9c, schemaDescriptor=com.alibaba.nacos.api.grpc.auto.RequestGrpc$RequestMethodDescriptorSupplier@19c1820d}}}}}]]
	at com.alibaba.nacos.shaded.com.google.common.util.concurrent.AbstractFuture.get(AbstractFuture.java:508) ~[nacos-client-2.1.0.jar:na]
	at com.alibaba.nacos.common.remote.client.grpc.GrpcClient.serverCheck(GrpcClient.java:192) [nacos-client-2.1.0.jar:na]
	at com.alibaba.nacos.common.remote.client.grpc.GrpcClient.connectToServer(GrpcClient.java:302) [nacos-client-2.1.0.jar:na]
	at com.alibaba.nacos.common.remote.client.RpcClient.reconnect(RpcClient.java:521) [nacos-client-2.1.0.jar:na]
	at com.alibaba.nacos.common.remote.client.RpcClient.lambda$start$2(RpcClient.java:369) [nacos-client-2.1.0.jar:na]
	at java.util.concurrent.Executors$RunnableAdapter.call(Executors.java:511) ~[na:1.8.0_202]
	at java.util.concurrent.FutureTask.run(FutureTask.java:266) ~[na:1.8.0_202]
	at java.util.concurrent.ScheduledThreadPoolExecutor$ScheduledFutureTask.access$201(ScheduledThreadPoolExecutor.java:180) ~[na:1.8.0_202]
	at java.util.concurrent.ScheduledThreadPoolExecutor$ScheduledFutureTask.run(ScheduledThreadPoolExecutor.java:293) ~[na:1.8.0_202]
	at java.util.concurrent.ThreadPoolExecutor.runWorker(ThreadPoolExecutor.java:1149) ~[na:1.8.0_202]
	at java.util.concurrent.ThreadPoolExecutor$Worker.run(ThreadPoolExecutor.java:624) ~[na:1.8.0_202]
	at java.lang.Thread.run(Thread.java:748) ~[na:1.8.0_202]

2023-10-15 16:19:07.575  INFO 19020 --- [t.remote.worker] com.alibaba.nacos.common.remote.client   : [3f090fb1-55c6-4fe3-8377-8b3ac52cd4b0_config-0] Fail to connect server, after trying 2 times, last try server is {serverIp = 'localhost', server main port = 8848}, error = unknown
2023-10-15 16:19:08.887  WARN 19020 --- [ing.grpc.redo.0] com.alibaba.nacos.client.naming          : Grpc Connection is disconnect, skip current redo task
2023-10-15 16:19:08.887 ERROR 19020 --- [           main] c.a.n.c.remote.client.grpc.GrpcClient    : Server check fail, please check server localhost ,port 9848 is available , error ={}

java.util.concurrent.TimeoutException: Waited 3000 milliseconds (plus 3 milliseconds, 136500 nanoseconds delay) for com.alibaba.nacos.shaded.io.grpc.stub.ClientCalls$GrpcFuture@3c8758d1[status=PENDING, info=[GrpcFuture{clientCall={delegate={delegate=ClientCallImpl{method=MethodDescriptor{fullMethodName=Request/request, type=UNARY, idempotent=false, safe=false, sampledToLocalTracing=true, requestMarshaller=com.alibaba.nacos.shaded.io.grpc.protobuf.lite.ProtoLiteUtils$MessageMarshaller@25a94b55, responseMarshaller=com.alibaba.nacos.shaded.io.grpc.protobuf.lite.ProtoLiteUtils$MessageMarshaller@6adc5b9c, schemaDescriptor=com.alibaba.nacos.api.grpc.auto.RequestGrpc$RequestMethodDescriptorSupplier@19c1820d}}}}}]]
	at com.alibaba.nacos.shaded.com.google.common.util.concurrent.AbstractFuture.get(AbstractFuture.java:508) ~[nacos-client-2.1.0.jar:na]
	at com.alibaba.nacos.common.remote.client.grpc.GrpcClient.serverCheck(GrpcClient.java:192) [nacos-client-2.1.0.jar:na]
	at com.alibaba.nacos.common.remote.client.grpc.GrpcClient.connectToServer(GrpcClient.java:302) [nacos-client-2.1.0.jar:na]
	at com.alibaba.nacos.common.remote.client.RpcClient.start(RpcClient.java:389) [nacos-client-2.1.0.jar:na]
	at com.alibaba.nacos.client.naming.remote.gprc.NamingGrpcClientProxy.start(NamingGrpcClientProxy.java:95) [nacos-client-2.1.0.jar:na]
	at com.alibaba.nacos.client.naming.remote.gprc.NamingGrpcClientProxy.<init>(NamingGrpcClientProxy.java:88) [nacos-client-2.1.0.jar:na]
	at com.alibaba.nacos.client.naming.remote.NamingClientProxyDelegate.<init>(NamingClientProxyDelegate.java:76) [nacos-client-2.1.0.jar:na]
	at com.alibaba.nacos.client.naming.NacosNamingService.init(NacosNamingService.java:95) [nacos-client-2.1.0.jar:na]
	at com.alibaba.nacos.client.naming.NacosNamingService.<init>(NacosNamingService.java:81) [nacos-client-2.1.0.jar:na]
	at sun.reflect.NativeConstructorAccessorImpl.newInstance0(Native Method) [na:1.8.0_202]
	at sun.reflect.NativeConstructorAccessorImpl.newInstance(NativeConstructorAccessorImpl.java:62) [na:1.8.0_202]
	at sun.reflect.DelegatingConstructorAccessorImpl.newInstance(DelegatingConstructorAccessorImpl.java:45) [na:1.8.0_202]
	at java.lang.reflect.Constructor.newInstance(Constructor.java:423) [na:1.8.0_202]
	at com.alibaba.nacos.api.naming.NamingFactory.createNamingService(NamingFactory.java:59) [nacos-client-2.1.0.jar:na]
	at com.alibaba.nacos.api.NacosFactory.createNamingService(NacosFactory.java:77) [nacos-client-2.1.0.jar:na]
	at org.apache.dubbo.registry.nacos.util.NacosNamingServiceUtils.createNamingService(NacosNamingServiceUtils.java:104) [dubbo-3.0.9.jar:3.0.9]
	at org.apache.dubbo.registry.nacos.NacosRegistryFactory.createRegistry(NacosRegistryFactory.java:48) [dubbo-3.0.9.jar:3.0.9]
	at org.apache.dubbo.registry.support.AbstractRegistryFactory.getRegistry(AbstractRegistryFactory.java:89) [dubbo-3.0.9.jar:3.0.9]
	at org.apache.dubbo.registry.RegistryFactoryWrapper.getRegistry(RegistryFactoryWrapper.java:33) [dubbo-3.0.9.jar:3.0.9]
	at org.apache.dubbo.registry.RegistryFactory$Adaptive.getRegistry(RegistryFactory$Adaptive.java) [dubbo-3.0.9.jar:3.0.9]
	at org.apache.dubbo.registry.integration.RegistryProtocol.getRegistry(RegistryProtocol.java:393) [dubbo-3.0.9.jar:3.0.9]
	at org.apache.dubbo.registry.integration.RegistryProtocol.refer(RegistryProtocol.java:472) [dubbo-3.0.9.jar:3.0.9]
	at org.apache.dubbo.qos.protocol.QosProtocolWrapper.refer(QosProtocolWrapper.java:83) [dubbo-3.0.9.jar:3.0.9]
	at org.apache.dubbo.rpc.protocol.ProtocolListenerWrapper.refer(ProtocolListenerWrapper.java:74) [dubbo-3.0.9.jar:3.0.9]
	at org.apache.dubbo.rpc.cluster.filter.ProtocolFilterWrapper.refer(ProtocolFilterWrapper.java:71) [dubbo-3.0.9.jar:3.0.9]
	at org.apache.dubbo.rpc.protocol.ProtocolSerializationWrapper.refer(ProtocolSerializationWrapper.java:52) [dubbo-3.0.9.jar:3.0.9]
	at org.apache.dubbo.rpc.Protocol$Adaptive.refer(Protocol$Adaptive.java) [dubbo-3.0.9.jar:3.0.9]
	at org.apache.dubbo.config.ReferenceConfig.createInvokerForRemote(ReferenceConfig.java:494) [dubbo-3.0.9.jar:3.0.9]
	at org.apache.dubbo.config.ReferenceConfig.createProxy(ReferenceConfig.java:397) [dubbo-3.0.9.jar:3.0.9]
	at org.apache.dubbo.config.ReferenceConfig.init(ReferenceConfig.java:285) [dubbo-3.0.9.jar:3.0.9]
	at org.apache.dubbo.config.ReferenceConfig.get(ReferenceConfig.java:219) [dubbo-3.0.9.jar:3.0.9]
	at org.apache.dubbo.config.utils.SimpleReferenceCache.get(SimpleReferenceCache.java:129) [dubbo-3.0.9.jar:3.0.9]
	at org.apache.dubbo.config.deploy.DefaultModuleDeployer.lambda$referServices$6(DefaultModuleDeployer.java:387) [dubbo-3.0.9.jar:3.0.9]
	at java.util.concurrent.ConcurrentHashMap$ValuesView.forEach(ConcurrentHashMap.java:4707) ~[na:1.8.0_202]
	at org.apache.dubbo.config.deploy.DefaultModuleDeployer.referServices(DefaultModuleDeployer.java:367) [dubbo-3.0.9.jar:3.0.9]
	at org.apache.dubbo.config.deploy.DefaultModuleDeployer.start(DefaultModuleDeployer.java:154) [dubbo-3.0.9.jar:3.0.9]
	at org.apache.dubbo.config.spring.context.DubboDeployApplicationListener.onContextRefreshedEvent(DubboDeployApplicationListener.java:111) ~[dubbo-3.0.9.jar:3.0.9]
	at org.apache.dubbo.config.spring.context.DubboDeployApplicationListener.onApplicationEvent(DubboDeployApplicationListener.java:100) ~[dubbo-3.0.9.jar:3.0.9]
	at org.apache.dubbo.config.spring.context.DubboDeployApplicationListener.onApplicationEvent(DubboDeployApplicationListener.java:45) ~[dubbo-3.0.9.jar:3.0.9]
	at org.springframework.context.event.SimpleApplicationEventMulticaster.doInvokeListener(SimpleApplicationEventMulticaster.java:176) ~[spring-context-5.3.20.jar:5.3.20]
	at org.springframework.context.event.SimpleApplicationEventMulticaster.invokeListener(SimpleApplicationEventMulticaster.java:169) ~[spring-context-5.3.20.jar:5.3.20]
	at org.springframework.context.event.SimpleApplicationEventMulticaster.multicastEvent(SimpleApplicationEventMulticaster.java:143) ~[spring-context-5.3.20.jar:5.3.20]
	at org.springframework.context.support.AbstractApplicationContext.publishEvent(AbstractApplicationContext.java:421) ~[spring-context-5.3.20.jar:5.3.20]
	at org.springframework.context.support.AbstractApplicationContext.publishEvent(AbstractApplicationContext.java:378) ~[spring-context-5.3.20.jar:5.3.20]
	at org.springframework.context.support.AbstractApplicationContext.finishRefresh(AbstractApplicationContext.java:938) ~[spring-context-5.3.20.jar:5.3.20]
	at org.springframework.context.support.AbstractApplicationContext.refresh(AbstractApplicationContext.java:586) ~[spring-context-5.3.20.jar:5.3.20]
	at org.springframework.boot.SpringApplication.refresh(SpringApplication.java:734) ~[spring-boot-2.7.0.jar:2.7.0]
	at org.springframework.boot.SpringApplication.refreshContext(SpringApplication.java:408) ~[spring-boot-2.7.0.jar:2.7.0]
	at org.springframework.boot.SpringApplication.run(SpringApplication.java:308) ~[spring-boot-2.7.0.jar:2.7.0]
	at org.springframework.boot.test.context.SpringBootContextLoader.loadContext(SpringBootContextLoader.java:132) ~[spring-boot-test-2.7.0.jar:2.7.0]
	at org.springframework.test.context.cache.DefaultCacheAwareContextLoaderDelegate.loadContextInternal(DefaultCacheAwareContextLoaderDelegate.java:99) ~[spring-test-5.3.20.jar:5.3.20]
	at org.springframework.test.context.cache.DefaultCacheAwareContextLoaderDelegate.loadContext(DefaultCacheAwareContextLoaderDelegate.java:124) ~[spring-test-5.3.20.jar:5.3.20]
	at org.springframework.test.context.support.DefaultTestContext.getApplicationContext(DefaultTestContext.java:124) ~[spring-test-5.3.20.jar:5.3.20]
	at org.springframework.boot.test.autoconfigure.SpringBootDependencyInjectionTestExecutionListener.outputConditionEvaluationReport(SpringBootDependencyInjectionTestExecutionListener.java:53) ~[spring-boot-test-autoconfigure-2.7.0.jar:2.7.0]
	at org.springframework.boot.test.autoconfigure.SpringBootDependencyInjectionTestExecutionListener.prepareTestInstance(SpringBootDependencyInjectionTestExecutionListener.java:46) ~[spring-boot-test-autoconfigure-2.7.0.jar:2.7.0]
	at org.springframework.test.context.TestContextManager.prepareTestInstance(TestContextManager.java:248) ~[spring-test-5.3.20.jar:5.3.20]
	at org.springframework.test.context.junit.jupiter.SpringExtension.postProcessTestInstance(SpringExtension.java:138) ~[spring-test-5.3.20.jar:5.3.20]
	at org.junit.jupiter.engine.descriptor.ClassBasedTestDescriptor.lambda$invokeTestInstancePostProcessors$8(ClassBasedTestDescriptor.java:363) ~[junit-jupiter-engine-5.8.2.jar:5.8.2]
	at org.junit.jupiter.engine.descriptor.ClassBasedTestDescriptor.executeAndMaskThrowable(ClassBasedTestDescriptor.java:368) ~[junit-jupiter-engine-5.8.2.jar:5.8.2]
	at org.junit.jupiter.engine.descriptor.ClassBasedTestDescriptor.lambda$invokeTestInstancePostProcessors$9(ClassBasedTestDescriptor.java:363) ~[junit-jupiter-engine-5.8.2.jar:5.8.2]
	at java.util.stream.ReferencePipeline$3$1.accept(ReferencePipeline.java:193) ~[na:1.8.0_202]
	at java.util.stream.ReferencePipeline$2$1.accept(ReferencePipeline.java:175) ~[na:1.8.0_202]
	at java.util.ArrayList$ArrayListSpliterator.forEachRemaining(ArrayList.java:1382) ~[na:1.8.0_202]
	at java.util.stream.AbstractPipeline.copyInto(AbstractPipeline.java:481) ~[na:1.8.0_202]
	at java.util.stream.AbstractPipeline.wrapAndCopyInto(AbstractPipeline.java:471) ~[na:1.8.0_202]
	at java.util.stream.StreamSpliterators$WrappingSpliterator.forEachRemaining(StreamSpliterators.java:312) ~[na:1.8.0_202]
	at java.util.stream.Streams$ConcatSpliterator.forEachRemaining(Streams.java:743) ~[na:1.8.0_202]
	at java.util.stream.Streams$ConcatSpliterator.forEachRemaining(Streams.java:742) ~[na:1.8.0_202]
	at java.util.stream.ReferencePipeline$Head.forEach(ReferencePipeline.java:580) ~[na:1.8.0_202]
	at org.junit.jupiter.engine.descriptor.ClassBasedTestDescriptor.invokeTestInstancePostProcessors(ClassBasedTestDescriptor.java:362) ~[junit-jupiter-engine-5.8.2.jar:5.8.2]
	at org.junit.jupiter.engine.descriptor.ClassBasedTestDescriptor.lambda$instantiateAndPostProcessTestInstance$6(ClassBasedTestDescriptor.java:283) ~[junit-jupiter-engine-5.8.2.jar:5.8.2]
	at org.junit.platform.engine.support.hierarchical.ThrowableCollector.execute(ThrowableCollector.java:73) ~[junit-platform-engine-1.8.2.jar:1.8.2]
	at org.junit.jupiter.engine.descriptor.ClassBasedTestDescriptor.instantiateAndPostProcessTestInstance(ClassBasedTestDescriptor.java:282) ~[junit-jupiter-engine-5.8.2.jar:5.8.2]
	at org.junit.jupiter.engine.descriptor.ClassBasedTestDescriptor.lambda$testInstancesProvider$4(ClassBasedTestDescriptor.java:272) ~[junit-jupiter-engine-5.8.2.jar:5.8.2]
	at java.util.Optional.orElseGet(Optional.java:267) ~[na:1.8.0_202]
	at org.junit.jupiter.engine.descriptor.ClassBasedTestDescriptor.lambda$testInstancesProvider$5(ClassBasedTestDescriptor.java:271) ~[junit-jupiter-engine-5.8.2.jar:5.8.2]
	at org.junit.jupiter.engine.execution.TestInstancesProvider.getTestInstances(TestInstancesProvider.java:31) ~[junit-jupiter-engine-5.8.2.jar:5.8.2]
	at org.junit.jupiter.engine.descriptor.TestMethodTestDescriptor.lambda$prepare$0(TestMethodTestDescriptor.java:102) ~[junit-jupiter-engine-5.8.2.jar:5.8.2]
	at org.junit.platform.engine.support.hierarchical.ThrowableCollector.execute(ThrowableCollector.java:73) ~[junit-platform-engine-1.8.2.jar:1.8.2]
	at org.junit.jupiter.engine.descriptor.TestMethodTestDescriptor.prepare(TestMethodTestDescriptor.java:101) ~[junit-jupiter-engine-5.8.2.jar:5.8.2]
	at org.junit.jupiter.engine.descriptor.TestMethodTestDescriptor.prepare(TestMethodTestDescriptor.java:66) ~[junit-jupiter-engine-5.8.2.jar:5.8.2]
	at org.junit.platform.engine.support.hierarchical.NodeTestTask.lambda$prepare$2(NodeTestTask.java:123) ~[junit-platform-engine-1.8.2.jar:1.8.2]
	at org.junit.platform.engine.support.hierarchical.ThrowableCollector.execute(ThrowableCollector.java:73) ~[junit-platform-engine-1.8.2.jar:1.8.2]
	at org.junit.platform.engine.support.hierarchical.NodeTestTask.prepare(NodeTestTask.java:123) ~[junit-platform-engine-1.8.2.jar:1.8.2]
	at org.junit.platform.engine.support.hierarchical.NodeTestTask.execute(NodeTestTask.java:90) ~[junit-platform-engine-1.8.2.jar:1.8.2]
	at java.util.ArrayList.forEach(ArrayList.java:1257) ~[na:1.8.0_202]
	at org.junit.platform.engine.support.hierarchical.SameThreadHierarchicalTestExecutorService.invokeAll(SameThreadHierarchicalTestExecutorService.java:41) ~[junit-platform-engine-1.8.2.jar:1.8.2]
	at org.junit.platform.engine.support.hierarchical.NodeTestTask.lambda$executeRecursively$6(NodeTestTask.java:155) ~[junit-platform-engine-1.8.2.jar:1.8.2]
	at org.junit.platform.engine.support.hierarchical.ThrowableCollector.execute(ThrowableCollector.java:73) ~[junit-platform-engine-1.8.2.jar:1.8.2]
	at org.junit.platform.engine.support.hierarchical.NodeTestTask.lambda$executeRecursively$8(NodeTestTask.java:141) ~[junit-platform-engine-1.8.2.jar:1.8.2]
	at org.junit.platform.engine.support.hierarchical.Node.around(Node.java:137) ~[junit-platform-engine-1.8.2.jar:1.8.2]
	at org.junit.platform.engine.support.hierarchical.NodeTestTask.lambda$executeRecursively$9(NodeTestTask.java:139) ~[junit-platform-engine-1.8.2.jar:1.8.2]
	at org.junit.platform.engine.support.hierarchical.ThrowableCollector.execute(ThrowableCollector.java:73) ~[junit-platform-engine-1.8.2.jar:1.8.2]
	at org.junit.platform.engine.support.hierarchical.NodeTestTask.executeRecursively(NodeTestTask.java:138) ~[junit-platform-engine-1.8.2.jar:1.8.2]
	at org.junit.platform.engine.support.hierarchical.NodeTestTask.execute(NodeTestTask.java:95) ~[junit-platform-engine-1.8.2.jar:1.8.2]
	at java.util.ArrayList.forEach(ArrayList.java:1257) ~[na:1.8.0_202]
	at org.junit.platform.engine.support.hierarchical.SameThreadHierarchicalTestExecutorService.invokeAll(SameThreadHierarchicalTestExecutorService.java:41) ~[junit-platform-engine-1.8.2.jar:1.8.2]
	at org.junit.platform.engine.support.hierarchical.NodeTestTask.lambda$executeRecursively$6(NodeTestTask.java:155) ~[junit-platform-engine-1.8.2.jar:1.8.2]
	at org.junit.platform.engine.support.hierarchical.ThrowableCollector.execute(ThrowableCollector.java:73) ~[junit-platform-engine-1.8.2.jar:1.8.2]
	at org.junit.platform.engine.support.hierarchical.NodeTestTask.lambda$executeRecursively$8(NodeTestTask.java:141) ~[junit-platform-engine-1.8.2.jar:1.8.2]
	at org.junit.platform.engine.support.hierarchical.Node.around(Node.java:137) ~[junit-platform-engine-1.8.2.jar:1.8.2]
	at org.junit.platform.engine.support.hierarchical.NodeTestTask.lambda$executeRecursively$9(NodeTestTask.java:139) ~[junit-platform-engine-1.8.2.jar:1.8.2]
	at org.junit.platform.engine.support.hierarchical.ThrowableCollector.execute(ThrowableCollector.java:73) ~[junit-platform-engine-1.8.2.jar:1.8.2]
	at org.junit.platform.engine.support.hierarchical.NodeTestTask.executeRecursively(NodeTestTask.java:138) ~[junit-platform-engine-1.8.2.jar:1.8.2]
	at org.junit.platform.engine.support.hierarchical.NodeTestTask.execute(NodeTestTask.java:95) ~[junit-platform-engine-1.8.2.jar:1.8.2]
	at org.junit.platform.engine.support.hierarchical.SameThreadHierarchicalTestExecutorService.submit(SameThreadHierarchicalTestExecutorService.java:35) ~[junit-platform-engine-1.8.2.jar:1.8.2]
	at org.junit.platform.engine.support.hierarchical.HierarchicalTestExecutor.execute(HierarchicalTestExecutor.java:57) ~[junit-platform-engine-1.8.2.jar:1.8.2]
	at org.junit.platform.engine.support.hierarchical.HierarchicalTestEngine.execute(HierarchicalTestEngine.java:54) ~[junit-platform-engine-1.8.2.jar:1.8.2]
	at org.junit.platform.launcher.core.DefaultLauncher.execute(DefaultLauncher.java:220) ~[junit-platform-launcher-1.3.1.jar:1.3.1]
	at org.junit.platform.launcher.core.DefaultLauncher.lambda$execute$6(DefaultLauncher.java:188) ~[junit-platform-launcher-1.3.1.jar:1.3.1]
	at org.junit.platform.launcher.core.DefaultLauncher.withInterceptedStreams(DefaultLauncher.java:202) ~[junit-platform-launcher-1.3.1.jar:1.3.1]
	at org.junit.platform.launcher.core.DefaultLauncher.execute(DefaultLauncher.java:181) ~[junit-platform-launcher-1.3.1.jar:1.3.1]
	at org.junit.platform.launcher.core.DefaultLauncher.execute(DefaultLauncher.java:128) ~[junit-platform-launcher-1.3.1.jar:1.3.1]
	at org.apache.maven.surefire.junitplatform.JUnitPlatformProvider.invokeAllTests(JUnitPlatformProvider.java:150) ~[surefire-junit-platform-2.22.2.jar:2.22.2]
	at org.apache.maven.surefire.junitplatform.JUnitPlatformProvider.invoke(JUnitPlatformProvider.java:124) ~[surefire-junit-platform-2.22.2.jar:2.22.2]
	at org.apache.maven.surefire.booter.ForkedBooter.invokeProviderInSameClassLoader(ForkedBooter.java:384) ~[surefire-booter-2.22.2.jar:2.22.2]
	at org.apache.maven.surefire.booter.ForkedBooter.runSuitesInProcess(ForkedBooter.java:345) ~[surefire-booter-2.22.2.jar:2.22.2]
	at org.apache.maven.surefire.booter.ForkedBooter.execute(ForkedBooter.java:126) ~[surefire-booter-2.22.2.jar:2.22.2]
	at org.apache.maven.surefire.booter.ForkedBooter.main(ForkedBooter.java:418) ~[surefire-booter-2.22.2.jar:2.22.2]

2023-10-15 16:19:08.888  INFO 19020 --- [           main] com.alibaba.nacos.common.remote.client   : [45c1d4e9-7c56-47f4-ae88-3b4fba725ea0] Register server push request handler:com.alibaba.nacos.common.remote.client.RpcClient$ConnectResetRequestHandler
2023-10-15 16:19:08.888  INFO 19020 --- [           main] com.alibaba.nacos.common.remote.client   : [45c1d4e9-7c56-47f4-ae88-3b4fba725ea0] Register server push request handler:com.alibaba.nacos.common.remote.client.RpcClient$$Lambda$776/1519396442
2023-10-15 16:19:08.888  INFO 19020 --- [t.remote.worker] com.alibaba.nacos.common.remote.client   : [45c1d4e9-7c56-47f4-ae88-3b4fba725ea0] Try to reconnect to a new server, server is  not appointed, will choose a random server.
2023-10-15 16:19:08.888  INFO 19020 --- [           main] o.a.dubbo.registry.nacos.NacosRegistry   :  [DUBBO] Loaded registry cache file C:\Users\chenmoys\.dubbo\dubbo-registry-dubbo-springboot-demo-provider-localhost-8848.cache, dubbo version: 3.0.9, current host: 192.168.1.107
2023-10-15 16:19:08.892  INFO 19020 --- [           main] o.a.d.r.c.m.MigrationRuleListener        :  [DUBBO] Listening for migration rules on dataId dubbo-springboot-demo-provider.migration, group DUBBO_SERVICEDISCOVERY_MIGRATION, dubbo version: 3.0.9, current host: 192.168.1.107
2023-10-15 16:19:08.892  INFO 19020 --- [           main] c.a.n.client.config.impl.ClientWorker    : [fixed-localhost_8848] [subscribe] dubbo-springboot-demo-provider.migration+DUBBO_SERVICEDISCOVERY_MIGRATION
2023-10-15 16:19:08.892  INFO 19020 --- [           main] c.a.nacos.client.config.impl.CacheData   : [fixed-localhost_8848] [add-listener] ok, tenant=, dataId=dubbo-springboot-demo-provider.migration, group=DUBBO_SERVICEDISCOVERY_MIGRATION, cnt=1
2023-10-15 16:19:08.997 ERROR 19020 --- [s.client.Worker] com.alibaba.nacos.common.remote.client   : Send request fail, request = ConfigBatchListenRequest{headers={charset=UTF-8, Client-AppName=unknown, Client-RequestToken=a4bcdc93a0bb9bee691def5b2ad8bd64, Client-RequestTS=1697357948893, exConfigInfo=true}, requestId='null'}, retryTimes = 0, errorMessage = Client not connected, current status:STARTING
2023-10-15 16:19:08.997 ERROR 19020 --- [           main] com.alibaba.nacos.common.remote.client   : Send request fail, request = ConfigQueryRequest{headers={charset=UTF-8, Client-AppName=unknown, Client-RequestToken=a4bcdc93a0bb9bee691def5b2ad8bd64, Client-RequestTS=1697357948893, exConfigInfo=true, notify=false}, requestId='null'}, retryTimes = 0, errorMessage = Client not connected, current status:STARTING
2023-10-15 16:19:09.107 ERROR 19020 --- [           main] com.alibaba.nacos.common.remote.client   : Send request fail, request = ConfigQueryRequest{headers={charset=UTF-8, Client-AppName=unknown, Client-RequestToken=a4bcdc93a0bb9bee691def5b2ad8bd64, Client-RequestTS=1697357948893, exConfigInfo=true, notify=false}, requestId='null'}, retryTimes = 1, errorMessage = Client not connected, current status:STARTING
2023-10-15 16:19:09.107 ERROR 19020 --- [s.client.Worker] com.alibaba.nacos.common.remote.client   : Send request fail, request = ConfigBatchListenRequest{headers={charset=UTF-8, Client-AppName=unknown, Client-RequestToken=a4bcdc93a0bb9bee691def5b2ad8bd64, Client-RequestTS=1697357948893, exConfigInfo=true}, requestId='null'}, retryTimes = 1, errorMessage = Client not connected, current status:STARTING
2023-10-15 16:19:09.203  WARN 19020 --- [ing.grpc.redo.0] com.alibaba.nacos.client.naming          : Grpc Connection is disconnect, skip current redo task
2023-10-15 16:19:09.218 ERROR 19020 --- [s.client.Worker] com.alibaba.nacos.common.remote.client   : Send request fail, request = ConfigBatchListenRequest{headers={charset=UTF-8, Client-AppName=unknown, Client-RequestToken=a4bcdc93a0bb9bee691def5b2ad8bd64, Client-RequestTS=1697357948893, exConfigInfo=true}, requestId='null'}, retryTimes = 2, errorMessage = Client not connected, current status:STARTING
2023-10-15 16:19:09.218 ERROR 19020 --- [           main] com.alibaba.nacos.common.remote.client   : Send request fail, request = ConfigQueryRequest{headers={charset=UTF-8, Client-AppName=unknown, Client-RequestToken=a4bcdc93a0bb9bee691def5b2ad8bd64, Client-RequestTS=1697357948893, exConfigInfo=true, notify=false}, requestId='null'}, retryTimes = 2, errorMessage = Client not connected, current status:STARTING
2023-10-15 16:19:09.218  WARN 19020 --- [           main] c.a.n.client.config.NacosConfigService   : [fixed-localhost_8848] [get-config] get from server error, dataId=dubbo-springboot-demo-provider.migration, group=DUBBO_SERVICEDISCOVERY_MIGRATION, tenant=, msg=ErrCode:-401, ErrMsg:Client not connected, current status:STARTING
2023-10-15 16:19:09.218  WARN 19020 --- [           main] c.a.n.client.config.NacosConfigService   : [fixed-localhost_8848] [get-config] get snapshot ok, dataId=dubbo-springboot-demo-provider.migration, group=DUBBO_SERVICEDISCOVERY_MIGRATION, tenant=, config=
2023-10-15 16:19:09.218 ERROR 19020 --- [s.client.Worker] c.a.n.client.config.impl.ClientWorker    : Async listen config change error 

com.alibaba.nacos.api.exception.NacosException: Client not connected, current status:STARTING
	at com.alibaba.nacos.common.remote.client.RpcClient.request(RpcClient.java:651) ~[nacos-client-2.1.0.jar:na]
	at com.alibaba.nacos.client.config.impl.ClientWorker$ConfigRpcTransportClient.requestProxy(ClientWorker.java:1005) [nacos-client-2.1.0.jar:na]
	at com.alibaba.nacos.client.config.impl.ClientWorker$ConfigRpcTransportClient.requestProxy(ClientWorker.java:986) [nacos-client-2.1.0.jar:na]
	at com.alibaba.nacos.client.config.impl.ClientWorker$ConfigRpcTransportClient.executeConfigListen(ClientWorker.java:777) [nacos-client-2.1.0.jar:na]
	at com.alibaba.nacos.client.config.impl.ClientWorker$ConfigRpcTransportClient.lambda$startInternal$2(ClientWorker.java:695) [nacos-client-2.1.0.jar:na]
	at java.util.concurrent.Executors$RunnableAdapter.call(Executors.java:511) ~[na:1.8.0_202]
	at java.util.concurrent.FutureTask.run(FutureTask.java:266) ~[na:1.8.0_202]
	at java.util.concurrent.ScheduledThreadPoolExecutor$ScheduledFutureTask.access$201(ScheduledThreadPoolExecutor.java:180) ~[na:1.8.0_202]
	at java.util.concurrent.ScheduledThreadPoolExecutor$ScheduledFutureTask.run(ScheduledThreadPoolExecutor.java:293) ~[na:1.8.0_202]
	at java.util.concurrent.ThreadPoolExecutor.runWorker(ThreadPoolExecutor.java:1149) ~[na:1.8.0_202]
	at java.util.concurrent.ThreadPoolExecutor$Worker.run(ThreadPoolExecutor.java:624) ~[na:1.8.0_202]
	at java.lang.Thread.run(Thread.java:748) ~[na:1.8.0_202]

2023-10-15 16:19:09.328 ERROR 19020 --- [           main] com.alibaba.nacos.common.remote.client   : Send request fail, request = ConfigQueryRequest{headers={charset=UTF-8, Client-AppName=unknown, Client-RequestToken=1bb8db345610fe5a8f96f22ea9de4448, Client-RequestTS=1697357949218, exConfigInfo=true, notify=false}, requestId='null'}, retryTimes = 0, errorMessage = Client not connected, current status:STARTING
2023-10-15 16:19:09.438 ERROR 19020 --- [           main] com.alibaba.nacos.common.remote.client   : Send request fail, request = ConfigQueryRequest{headers={charset=UTF-8, Client-AppName=unknown, Client-RequestToken=1bb8db345610fe5a8f96f22ea9de4448, Client-RequestTS=1697357949218, exConfigInfo=true, notify=false}, requestId='null'}, retryTimes = 1, errorMessage = Client not connected, current status:STARTING
2023-10-15 16:19:09.548 ERROR 19020 --- [           main] com.alibaba.nacos.common.remote.client   : Send request fail, request = ConfigQueryRequest{headers={charset=UTF-8, Client-AppName=unknown, Client-RequestToken=1bb8db345610fe5a8f96f22ea9de4448, Client-RequestTS=1697357949218, exConfigInfo=true, notify=false}, requestId='null'}, retryTimes = 2, errorMessage = Client not connected, current status:STARTING
2023-10-15 16:19:09.548  WARN 19020 --- [           main] c.a.n.client.config.NacosConfigService   : [fixed-localhost_8848] [get-config] get from server error, dataId=dubbo.application.migration.step, group=dubbo, tenant=, msg=ErrCode:-401, ErrMsg:Client not connected, current status:STARTING
2023-10-15 16:19:09.548  WARN 19020 --- [           main] c.a.n.client.config.NacosConfigService   : [fixed-localhost_8848] [get-config] get snapshot ok, dataId=dubbo.application.migration.step, group=dubbo, tenant=, config=
2023-10-15 16:19:09.661 ERROR 19020 --- [           main] com.alibaba.nacos.common.remote.client   : Send request fail, request = ConfigQueryRequest{headers={charset=UTF-8, Client-AppName=unknown, Client-RequestToken=48c717391bec493fcc888a35a5476c16, Client-RequestTS=1697357949548, exConfigInfo=true, notify=false}, requestId='null'}, retryTimes = 0, errorMessage = Client not connected, current status:STARTING
2023-10-15 16:19:09.772 ERROR 19020 --- [           main] com.alibaba.nacos.common.remote.client   : Send request fail, request = ConfigQueryRequest{headers={charset=UTF-8, Client-AppName=unknown, Client-RequestToken=48c717391bec493fcc888a35a5476c16, Client-RequestTS=1697357949548, exConfigInfo=true, notify=false}, requestId='null'}, retryTimes = 1, errorMessage = Client not connected, current status:STARTING
2023-10-15 16:19:09.883 ERROR 19020 --- [           main] com.alibaba.nacos.common.remote.client   : Send request fail, request = ConfigQueryRequest{headers={charset=UTF-8, Client-AppName=unknown, Client-RequestToken=48c717391bec493fcc888a35a5476c16, Client-RequestTS=1697357949548, exConfigInfo=true, notify=false}, requestId='null'}, retryTimes = 2, errorMessage = Client not connected, current status:STARTING
2023-10-15 16:19:09.883  WARN 19020 --- [           main] c.a.n.client.config.NacosConfigService   : [fixed-localhost_8848] [get-config] get from server error, dataId=dubbo.application.service-discovery.migration, group=dubbo, tenant=, msg=ErrCode:-401, ErrMsg:Client not connected, current status:STARTING
2023-10-15 16:19:09.883  WARN 19020 --- [           main] c.a.n.client.config.NacosConfigService   : [fixed-localhost_8848] [get-config] get snapshot ok, dataId=dubbo.application.service-discovery.migration, group=dubbo, tenant=, config=
2023-10-15 16:19:09.886  INFO 19020 --- [           main] c.a.n.client.config.impl.ClientWorker    : [fixed-localhost_8848] [subscribe] dubbo-springboot-demo-provider.configurators+dubbo
2023-10-15 16:19:09.886  INFO 19020 --- [           main] c.a.nacos.client.config.impl.CacheData   : [fixed-localhost_8848] [add-listener] ok, tenant=, dataId=dubbo-springboot-demo-provider.configurators, group=dubbo, cnt=1
2023-10-15 16:19:09.994 ERROR 19020 --- [           main] com.alibaba.nacos.common.remote.client   : Send request fail, request = ConfigQueryRequest{headers={charset=UTF-8, Client-AppName=unknown, Client-RequestToken=4bfaab827cee412bf813dc0e2c6091f2, Client-RequestTS=1697357949886, exConfigInfo=true, notify=false}, requestId='null'}, retryTimes = 0, errorMessage = Client not connected, current status:STARTING
2023-10-15 16:19:09.994 ERROR 19020 --- [s.client.Worker] com.alibaba.nacos.common.remote.client   : Send request fail, request = ConfigBatchListenRequest{headers={charset=UTF-8, Client-AppName=unknown, Client-RequestToken=4bfaab827cee412bf813dc0e2c6091f2, Client-RequestTS=1697357949886, exConfigInfo=true}, requestId='null'}, retryTimes = 0, errorMessage = Client not connected, current status:STARTING
2023-10-15 16:19:10.105 ERROR 19020 --- [           main] com.alibaba.nacos.common.remote.client   : Send request fail, request = ConfigQueryRequest{headers={charset=UTF-8, Client-AppName=unknown, Client-RequestToken=4bfaab827cee412bf813dc0e2c6091f2, Client-RequestTS=1697357949886, exConfigInfo=true, notify=false}, requestId='null'}, retryTimes = 1, errorMessage = Client not connected, current status:STARTING
2023-10-15 16:19:10.105 ERROR 19020 --- [s.client.Worker] com.alibaba.nacos.common.remote.client   : Send request fail, request = ConfigBatchListenRequest{headers={charset=UTF-8, Client-AppName=unknown, Client-RequestToken=4bfaab827cee412bf813dc0e2c6091f2, Client-RequestTS=1697357949886, exConfigInfo=true}, requestId='null'}, retryTimes = 1, errorMessage = Client not connected, current status:STARTING
2023-10-15 16:19:10.105 ERROR 19020 --- [t.remote.worker] c.a.n.c.remote.client.grpc.GrpcClient    : Server check fail, please check server localhost ,port 9848 is available , error ={}

java.util.concurrent.TimeoutException: Waited 3000 milliseconds (plus 4 milliseconds, 499200 nanoseconds delay) for com.alibaba.nacos.shaded.io.grpc.stub.ClientCalls$GrpcFuture@4accc6f4[status=PENDING, info=[GrpcFuture{clientCall={delegate={delegate=ClientCallImpl{method=MethodDescriptor{fullMethodName=Request/request, type=UNARY, idempotent=false, safe=false, sampledToLocalTracing=true, requestMarshaller=com.alibaba.nacos.shaded.io.grpc.protobuf.lite.ProtoLiteUtils$MessageMarshaller@25a94b55, responseMarshaller=com.alibaba.nacos.shaded.io.grpc.protobuf.lite.ProtoLiteUtils$MessageMarshaller@6adc5b9c, schemaDescriptor=com.alibaba.nacos.api.grpc.auto.RequestGrpc$RequestMethodDescriptorSupplier@19c1820d}}}}}]]
	at com.alibaba.nacos.shaded.com.google.common.util.concurrent.AbstractFuture.get(AbstractFuture.java:508) ~[nacos-client-2.1.0.jar:na]
	at com.alibaba.nacos.common.remote.client.grpc.GrpcClient.serverCheck(GrpcClient.java:192) [nacos-client-2.1.0.jar:na]
	at com.alibaba.nacos.common.remote.client.grpc.GrpcClient.connectToServer(GrpcClient.java:302) [nacos-client-2.1.0.jar:na]
	at com.alibaba.nacos.common.remote.client.RpcClient.reconnect(RpcClient.java:521) [nacos-client-2.1.0.jar:na]
	at com.alibaba.nacos.common.remote.client.RpcClient.lambda$start$2(RpcClient.java:369) [nacos-client-2.1.0.jar:na]
	at java.util.concurrent.Executors$RunnableAdapter.call(Executors.java:511) ~[na:1.8.0_202]
	at java.util.concurrent.FutureTask.run(FutureTask.java:266) ~[na:1.8.0_202]
	at java.util.concurrent.ScheduledThreadPoolExecutor$ScheduledFutureTask.access$201(ScheduledThreadPoolExecutor.java:180) ~[na:1.8.0_202]
	at java.util.concurrent.ScheduledThreadPoolExecutor$ScheduledFutureTask.run(ScheduledThreadPoolExecutor.java:293) ~[na:1.8.0_202]
	at java.util.concurrent.ThreadPoolExecutor.runWorker(ThreadPoolExecutor.java:1149) ~[na:1.8.0_202]
	at java.util.concurrent.ThreadPoolExecutor$Worker.run(ThreadPoolExecutor.java:624) ~[na:1.8.0_202]
	at java.lang.Thread.run(Thread.java:748) ~[na:1.8.0_202]

2023-10-15 16:19:10.105  INFO 19020 --- [t.remote.worker] com.alibaba.nacos.common.remote.client   : [fe9b996a-7e47-43fe-ad06-6dbc78424a39_config-0] Fail to connect server, after trying 8 times, last try server is {serverIp = 'localhost', server main port = 8848}, error = unknown
2023-10-15 16:19:10.214 ERROR 19020 --- [           main] com.alibaba.nacos.common.remote.client   : Send request fail, request = ConfigQueryRequest{headers={charset=UTF-8, Client-AppName=unknown, Client-RequestToken=4bfaab827cee412bf813dc0e2c6091f2, Client-RequestTS=1697357949886, exConfigInfo=true, notify=false}, requestId='null'}, retryTimes = 2, errorMessage = Client not connected, current status:STARTING
2023-10-15 16:19:10.214 ERROR 19020 --- [s.client.Worker] com.alibaba.nacos.common.remote.client   : Send request fail, request = ConfigBatchListenRequest{headers={charset=UTF-8, Client-AppName=unknown, Client-RequestToken=4bfaab827cee412bf813dc0e2c6091f2, Client-RequestTS=1697357949886, exConfigInfo=true}, requestId='null'}, retryTimes = 2, errorMessage = Client not connected, current status:STARTING
2023-10-15 16:19:10.214  WARN 19020 --- [           main] c.a.n.client.config.NacosConfigService   : [fixed-localhost_8848] [get-config] get from server error, dataId=dubbo-springboot-demo-provider.configurators, group=dubbo, tenant=, msg=ErrCode:-401, ErrMsg:Client not connected, current status:STARTING
2023-10-15 16:19:10.214  WARN 19020 --- [           main] c.a.n.client.config.NacosConfigService   : [fixed-localhost_8848] [get-config] get snapshot ok, dataId=dubbo-springboot-demo-provider.configurators, group=dubbo, tenant=, config=
2023-10-15 16:19:10.214 ERROR 19020 --- [s.client.Worker] c.a.n.client.config.impl.ClientWorker    : Async listen config change error 

com.alibaba.nacos.api.exception.NacosException: Client not connected, current status:STARTING
	at com.alibaba.nacos.common.remote.client.RpcClient.request(RpcClient.java:651) ~[nacos-client-2.1.0.jar:na]
	at com.alibaba.nacos.client.config.impl.ClientWorker$ConfigRpcTransportClient.requestProxy(ClientWorker.java:1005) [nacos-client-2.1.0.jar:na]
	at com.alibaba.nacos.client.config.impl.ClientWorker$ConfigRpcTransportClient.requestProxy(ClientWorker.java:986) [nacos-client-2.1.0.jar:na]
	at com.alibaba.nacos.client.config.impl.ClientWorker$ConfigRpcTransportClient.executeConfigListen(ClientWorker.java:777) [nacos-client-2.1.0.jar:na]
	at com.alibaba.nacos.client.config.impl.ClientWorker$ConfigRpcTransportClient.lambda$startInternal$2(ClientWorker.java:695) [nacos-client-2.1.0.jar:na]
	at java.util.concurrent.Executors$RunnableAdapter.call(Executors.java:511) ~[na:1.8.0_202]
	at java.util.concurrent.FutureTask.run(FutureTask.java:266) ~[na:1.8.0_202]
	at java.util.concurrent.ScheduledThreadPoolExecutor$ScheduledFutureTask.access$201(ScheduledThreadPoolExecutor.java:180) ~[na:1.8.0_202]
	at java.util.concurrent.ScheduledThreadPoolExecutor$ScheduledFutureTask.run(ScheduledThreadPoolExecutor.java:293) ~[na:1.8.0_202]
	at java.util.concurrent.ThreadPoolExecutor.runWorker(ThreadPoolExecutor.java:1149) ~[na:1.8.0_202]
	at java.util.concurrent.ThreadPoolExecutor$Worker.run(ThreadPoolExecutor.java:624) ~[na:1.8.0_202]
	at java.lang.Thread.run(Thread.java:748) ~[na:1.8.0_202]

2023-10-15 16:19:10.214  INFO 19020 --- [           main] o.a.dubbo.registry.nacos.NacosRegistry   :  [DUBBO] Please set 'dubbo.registry.parameters.register-consumer-url=true' to turn on consumer url registration., dubbo version: 3.0.9, current host: 192.168.1.107
2023-10-15 16:19:10.218  INFO 19020 --- [           main] c.a.n.client.config.impl.ClientWorker    : [fixed-localhost_8848] [subscribe] com.yupi.service.InnerUserService::.condition-router+dubbo
2023-10-15 16:19:10.218  INFO 19020 --- [           main] c.a.nacos.client.config.impl.CacheData   : [fixed-localhost_8848] [add-listener] ok, tenant=, dataId=com.yupi.service.InnerUserService::.condition-router, group=dubbo, cnt=1
2023-10-15 16:19:10.323 ERROR 19020 --- [           main] com.alibaba.nacos.common.remote.client   : Send request fail, request = ConfigQueryRequest{headers={charset=UTF-8, Client-AppName=unknown, Client-RequestToken=6670817260d381dbe7c5d4cd02bd7da5, Client-RequestTS=1697357950218, exConfigInfo=true, notify=false}, requestId='null'}, retryTimes = 0, errorMessage = Client not connected, current status:STARTING
2023-10-15 16:19:10.386 ERROR 19020 --- [s.client.Worker] com.alibaba.nacos.common.remote.client   : Send request fail, request = ConfigBatchListenRequest{headers={charset=UTF-8, Client-AppName=unknown, Client-RequestToken=cfedcd2822b9e4916f0d9e43f221be65, Client-RequestTS=1697357950276, exConfigInfo=true}, requestId='null'}, retryTimes = 0, errorMessage = Client not connected, current status:STARTING
2023-10-15 16:19:10.433 ERROR 19020 --- [           main] com.alibaba.nacos.common.remote.client   : Send request fail, request = ConfigQueryRequest{headers={charset=UTF-8, Client-AppName=unknown, Client-RequestToken=6670817260d381dbe7c5d4cd02bd7da5, Client-RequestTS=1697357950218, exConfigInfo=true, notify=false}, requestId='null'}, retryTimes = 1, errorMessage = Client not connected, current status:STARTING
2023-10-15 16:19:10.496 ERROR 19020 --- [s.client.Worker] com.alibaba.nacos.common.remote.client   : Send request fail, request = ConfigBatchListenRequest{headers={charset=UTF-8, Client-AppName=unknown, Client-RequestToken=cfedcd2822b9e4916f0d9e43f221be65, Client-RequestTS=1697357950276, exConfigInfo=true}, requestId='null'}, retryTimes = 1, errorMessage = Client not connected, current status:STARTING
2023-10-15 16:19:10.544 ERROR 19020 --- [           main] com.alibaba.nacos.common.remote.client   : Send request fail, request = ConfigQueryRequest{headers={charset=UTF-8, Client-AppName=unknown, Client-RequestToken=6670817260d381dbe7c5d4cd02bd7da5, Client-RequestTS=1697357950218, exConfigInfo=true, notify=false}, requestId='null'}, retryTimes = 2, errorMessage = Client not connected, current status:STARTING
2023-10-15 16:19:10.544  WARN 19020 --- [           main] c.a.n.client.config.NacosConfigService   : [fixed-localhost_8848] [get-config] get from server error, dataId=com.yupi.service.InnerUserService::.condition-router, group=dubbo, tenant=, msg=ErrCode:-401, ErrMsg:Client not connected, current status:STARTING
2023-10-15 16:19:10.544  WARN 19020 --- [           main] c.a.n.client.config.NacosConfigService   : [fixed-localhost_8848] [get-config] get snapshot ok, dataId=com.yupi.service.InnerUserService::.condition-router, group=dubbo, tenant=, config=
2023-10-15 16:19:10.544  INFO 19020 --- [           main] c.a.n.client.config.impl.ClientWorker    : [fixed-localhost_8848] [subscribe] dubbo-springboot-demo-provider.condition-router+dubbo
2023-10-15 16:19:10.544  INFO 19020 --- [           main] c.a.nacos.client.config.impl.CacheData   : [fixed-localhost_8848] [add-listener] ok, tenant=, dataId=dubbo-springboot-demo-provider.condition-router, group=dubbo, cnt=1
2023-10-15 16:19:10.608 ERROR 19020 --- [s.client.Worker] com.alibaba.nacos.common.remote.client   : Send request fail, request = ConfigBatchListenRequest{headers={charset=UTF-8, Client-AppName=unknown, Client-RequestToken=cfedcd2822b9e4916f0d9e43f221be65, Client-RequestTS=1697357950276, exConfigInfo=true}, requestId='null'}, retryTimes = 2, errorMessage = Client not connected, current status:STARTING
2023-10-15 16:19:10.608 ERROR 19020 --- [s.client.Worker] c.a.n.client.config.impl.ClientWorker    : Async listen config change error 

com.alibaba.nacos.api.exception.NacosException: Client not connected, current status:STARTING
	at com.alibaba.nacos.common.remote.client.RpcClient.request(RpcClient.java:651) ~[nacos-client-2.1.0.jar:na]
	at com.alibaba.nacos.client.config.impl.ClientWorker$ConfigRpcTransportClient.requestProxy(ClientWorker.java:1005) [nacos-client-2.1.0.jar:na]
	at com.alibaba.nacos.client.config.impl.ClientWorker$ConfigRpcTransportClient.requestProxy(ClientWorker.java:986) [nacos-client-2.1.0.jar:na]
	at com.alibaba.nacos.client.config.impl.ClientWorker$ConfigRpcTransportClient.executeConfigListen(ClientWorker.java:777) [nacos-client-2.1.0.jar:na]
	at com.alibaba.nacos.client.config.impl.ClientWorker$ConfigRpcTransportClient.lambda$startInternal$2(ClientWorker.java:695) [nacos-client-2.1.0.jar:na]
	at java.util.concurrent.Executors$RunnableAdapter.call(Executors.java:511) ~[na:1.8.0_202]
	at java.util.concurrent.FutureTask.run(FutureTask.java:266) ~[na:1.8.0_202]
	at java.util.concurrent.ScheduledThreadPoolExecutor$ScheduledFutureTask.access$201(ScheduledThreadPoolExecutor.java:180) ~[na:1.8.0_202]
	at java.util.concurrent.ScheduledThreadPoolExecutor$ScheduledFutureTask.run(ScheduledThreadPoolExecutor.java:293) ~[na:1.8.0_202]
	at java.util.concurrent.ThreadPoolExecutor.runWorker(ThreadPoolExecutor.java:1149) ~[na:1.8.0_202]
	at java.util.concurrent.ThreadPoolExecutor$Worker.run(ThreadPoolExecutor.java:624) ~[na:1.8.0_202]
	at java.lang.Thread.run(Thread.java:748) ~[na:1.8.0_202]

2023-10-15 16:19:10.655 ERROR 19020 --- [           main] com.alibaba.nacos.common.remote.client   : Send request fail, request = ConfigQueryRequest{headers={charset=UTF-8, Client-AppName=unknown, Client-RequestToken=6bc9da874fcc3581111d293331eca9d0, Client-RequestTS=1697357950544, exConfigInfo=true, notify=false}, requestId='null'}, retryTimes = 0, errorMessage = Client not connected, current status:STARTING
2023-10-15 16:19:10.767 ERROR 19020 --- [           main] com.alibaba.nacos.common.remote.client   : Send request fail, request = ConfigQueryRequest{headers={charset=UTF-8, Client-AppName=unknown, Client-RequestToken=6bc9da874fcc3581111d293331eca9d0, Client-RequestTS=1697357950544, exConfigInfo=true, notify=false}, requestId='null'}, retryTimes = 1, errorMessage = Client not connected, current status:STARTING
2023-10-15 16:19:10.783 ERROR 19020 --- [s.client.Worker] com.alibaba.nacos.common.remote.client   : Send request fail, request = ConfigBatchListenRequest{headers={charset=UTF-8, Client-AppName=unknown, Client-RequestToken=6e1a572343f258a89b9cc9e83e3896c7, Client-RequestTS=1697357950671, exConfigInfo=true}, requestId='null'}, retryTimes = 0, errorMessage = Client not connected, current status:STARTING
2023-10-15 16:19:10.814 ERROR 19020 --- [t.remote.worker] c.a.n.c.remote.client.grpc.GrpcClient    : Server check fail, please check server localhost ,port 9848 is available , error ={}

java.util.concurrent.TimeoutException: Waited 3000 milliseconds (plus 3 milliseconds, 557800 nanoseconds delay) for com.alibaba.nacos.shaded.io.grpc.stub.ClientCalls$GrpcFuture@67a3b8f4[status=PENDING, info=[GrpcFuture{clientCall={delegate={delegate=ClientCallImpl{method=MethodDescriptor{fullMethodName=Request/request, type=UNARY, idempotent=false, safe=false, sampledToLocalTracing=true, requestMarshaller=com.alibaba.nacos.shaded.io.grpc.protobuf.lite.ProtoLiteUtils$MessageMarshaller@25a94b55, responseMarshaller=com.alibaba.nacos.shaded.io.grpc.protobuf.lite.ProtoLiteUtils$MessageMarshaller@6adc5b9c, schemaDescriptor=com.alibaba.nacos.api.grpc.auto.RequestGrpc$RequestMethodDescriptorSupplier@19c1820d}}}}}]]
	at com.alibaba.nacos.shaded.com.google.common.util.concurrent.AbstractFuture.get(AbstractFuture.java:508) ~[nacos-client-2.1.0.jar:na]
	at com.alibaba.nacos.common.remote.client.grpc.GrpcClient.serverCheck(GrpcClient.java:192) [nacos-client-2.1.0.jar:na]
	at com.alibaba.nacos.common.remote.client.grpc.GrpcClient.connectToServer(GrpcClient.java:302) [nacos-client-2.1.0.jar:na]
	at com.alibaba.nacos.common.remote.client.RpcClient.reconnect(RpcClient.java:521) [nacos-client-2.1.0.jar:na]
	at com.alibaba.nacos.common.remote.client.RpcClient.lambda$start$2(RpcClient.java:369) [nacos-client-2.1.0.jar:na]
	at java.util.concurrent.Executors$RunnableAdapter.call(Executors.java:511) ~[na:1.8.0_202]
	at java.util.concurrent.FutureTask.run(FutureTask.java:266) ~[na:1.8.0_202]
	at java.util.concurrent.ScheduledThreadPoolExecutor$ScheduledFutureTask.access$201(ScheduledThreadPoolExecutor.java:180) ~[na:1.8.0_202]
	at java.util.concurrent.ScheduledThreadPoolExecutor$ScheduledFutureTask.run(ScheduledThreadPoolExecutor.java:293) ~[na:1.8.0_202]
	at java.util.concurrent.ThreadPoolExecutor.runWorker(ThreadPoolExecutor.java:1149) ~[na:1.8.0_202]
	at java.util.concurrent.ThreadPoolExecutor$Worker.run(ThreadPoolExecutor.java:624) ~[na:1.8.0_202]
	at java.lang.Thread.run(Thread.java:748) ~[na:1.8.0_202]

2023-10-15 16:19:10.815  INFO 19020 --- [t.remote.worker] com.alibaba.nacos.common.remote.client   : [1a62660d-ae49-4a8f-8c45-670f650afaa8] Fail to connect server, after trying 14 times, last try server is {serverIp = 'localhost', server main port = 8848}, error = unknown
2023-10-15 16:19:10.878 ERROR 19020 --- [           main] com.alibaba.nacos.common.remote.client   : Send request fail, request = ConfigQueryRequest{headers={charset=UTF-8, Client-AppName=unknown, Client-RequestToken=6bc9da874fcc3581111d293331eca9d0, Client-RequestTS=1697357950544, exConfigInfo=true, notify=false}, requestId='null'}, retryTimes = 2, errorMessage = Client not connected, current status:STARTING
2023-10-15 16:19:10.878  WARN 19020 --- [           main] c.a.n.client.config.NacosConfigService   : [fixed-localhost_8848] [get-config] get from server error, dataId=dubbo-springboot-demo-provider.condition-router, group=dubbo, tenant=, msg=ErrCode:-401, ErrMsg:Client not connected, current status:STARTING
2023-10-15 16:19:10.878  WARN 19020 --- [           main] c.a.n.client.config.NacosConfigService   : [fixed-localhost_8848] [get-config] get snapshot ok, dataId=dubbo-springboot-demo-provider.condition-router, group=dubbo, tenant=, config=
2023-10-15 16:19:10.878  INFO 19020 --- [           main] o.a.dubbo.registry.nacos.NacosRegistry   :  [DUBBO] Subscribe: consumer://192.168.1.107/com.yupi.service.InnerUserService?application=dubbo-springboot-demo-provider&background=false&category=providers,configurators,routers&dubbo=2.0.2&interface=com.yupi.service.InnerUserService&methods=getUser&pid=19020&release=3.0.9&revision=0.0.1-SNAPSHOT&side=consumer&sticky=false&timestamp=1697357939843, dubbo version: 3.0.9, current host: 192.168.1.107
2023-10-15 16:19:10.879  INFO 19020 --- [           main] com.alibaba.nacos.client.naming          : [SUBSCRIBE-SERVICE] service:providers:com.yupi.service.InnerUserService::, group:DEFAULT_GROUP, clusters: 
2023-10-15 16:19:10.894 ERROR 19020 --- [s.client.Worker] com.alibaba.nacos.common.remote.client   : Send request fail, request = ConfigBatchListenRequest{headers={charset=UTF-8, Client-AppName=unknown, Client-RequestToken=6e1a572343f258a89b9cc9e83e3896c7, Client-RequestTS=1697357950671, exConfigInfo=true}, requestId='null'}, retryTimes = 1, errorMessage = Client not connected, current status:STARTING
2023-10-15 16:19:10.894 ERROR 19020 --- [t.remote.worker] c.a.n.c.remote.client.grpc.GrpcClient    : Server check fail, please check server localhost ,port 9848 is available , error ={}

java.util.concurrent.TimeoutException: Waited 3000 milliseconds (plus 4 milliseconds, 684400 nanoseconds delay) for com.alibaba.nacos.shaded.io.grpc.stub.ClientCalls$GrpcFuture@1f07d5f3[status=PENDING, info=[GrpcFuture{clientCall={delegate={delegate=ClientCallImpl{method=MethodDescriptor{fullMethodName=Request/request, type=UNARY, idempotent=false, safe=false, sampledToLocalTracing=true, requestMarshaller=com.alibaba.nacos.shaded.io.grpc.protobuf.lite.ProtoLiteUtils$MessageMarshaller@25a94b55, responseMarshaller=com.alibaba.nacos.shaded.io.grpc.protobuf.lite.ProtoLiteUtils$MessageMarshaller@6adc5b9c, schemaDescriptor=com.alibaba.nacos.api.grpc.auto.RequestGrpc$RequestMethodDescriptorSupplier@19c1820d}}}}}]]
	at com.alibaba.nacos.shaded.com.google.common.util.concurrent.AbstractFuture.get(AbstractFuture.java:508) ~[nacos-client-2.1.0.jar:na]
	at com.alibaba.nacos.common.remote.client.grpc.GrpcClient.serverCheck(GrpcClient.java:192) [nacos-client-2.1.0.jar:na]
	at com.alibaba.nacos.common.remote.client.grpc.GrpcClient.connectToServer(GrpcClient.java:302) [nacos-client-2.1.0.jar:na]
	at com.alibaba.nacos.common.remote.client.RpcClient.reconnect(RpcClient.java:521) [nacos-client-2.1.0.jar:na]
	at com.alibaba.nacos.common.remote.client.RpcClient.lambda$start$2(RpcClient.java:369) [nacos-client-2.1.0.jar:na]
	at java.util.concurrent.Executors$RunnableAdapter.call(Executors.java:511) ~[na:1.8.0_202]
	at java.util.concurrent.FutureTask.run(FutureTask.java:266) ~[na:1.8.0_202]
	at java.util.concurrent.ScheduledThreadPoolExecutor$ScheduledFutureTask.access$201(ScheduledThreadPoolExecutor.java:180) ~[na:1.8.0_202]
	at java.util.concurrent.ScheduledThreadPoolExecutor$ScheduledFutureTask.run(ScheduledThreadPoolExecutor.java:293) ~[na:1.8.0_202]
	at java.util.concurrent.ThreadPoolExecutor.runWorker(ThreadPoolExecutor.java:1149) ~[na:1.8.0_202]
	at java.util.concurrent.ThreadPoolExecutor$Worker.run(ThreadPoolExecutor.java:624) ~[na:1.8.0_202]
	at java.lang.Thread.run(Thread.java:748) ~[na:1.8.0_202]

2023-10-15 16:19:10.895  INFO 19020 --- [t.remote.worker] com.alibaba.nacos.common.remote.client   : [3f090fb1-55c6-4fe3-8377-8b3ac52cd4b0_config-0] Fail to connect server, after trying 3 times, last try server is {serverIp = 'localhost', server main port = 8848}, error = unknown
2023-10-15 16:19:10.990 ERROR 19020 --- [           main] com.alibaba.nacos.common.remote.client   : Send request fail, request = SubscribeServiceRequest{headers={app=unknown}, requestId='null'}, retryTimes = 0, errorMessage = Client not connected, current status:STARTING
2023-10-15 16:19:11.005 ERROR 19020 --- [s.client.Worker] com.alibaba.nacos.common.remote.client   : Send request fail, request = ConfigBatchListenRequest{headers={charset=UTF-8, Client-AppName=unknown, Client-RequestToken=6e1a572343f258a89b9cc9e83e3896c7, Client-RequestTS=1697357950671, exConfigInfo=true}, requestId='null'}, retryTimes = 2, errorMessage = Client not connected, current status:STARTING
2023-10-15 16:19:11.005 ERROR 19020 --- [s.client.Worker] c.a.n.client.config.impl.ClientWorker    : Async listen config change error 

com.alibaba.nacos.api.exception.NacosException: Client not connected, current status:STARTING
	at com.alibaba.nacos.common.remote.client.RpcClient.request(RpcClient.java:651) ~[nacos-client-2.1.0.jar:na]
	at com.alibaba.nacos.client.config.impl.ClientWorker$ConfigRpcTransportClient.requestProxy(ClientWorker.java:1005) [nacos-client-2.1.0.jar:na]
	at com.alibaba.nacos.client.config.impl.ClientWorker$ConfigRpcTransportClient.requestProxy(ClientWorker.java:986) [nacos-client-2.1.0.jar:na]
	at com.alibaba.nacos.client.config.impl.ClientWorker$ConfigRpcTransportClient.executeConfigListen(ClientWorker.java:777) [nacos-client-2.1.0.jar:na]
	at com.alibaba.nacos.client.config.impl.ClientWorker$ConfigRpcTransportClient.lambda$startInternal$2(ClientWorker.java:695) [nacos-client-2.1.0.jar:na]
	at java.util.concurrent.Executors$RunnableAdapter.call(Executors.java:511) ~[na:1.8.0_202]
	at java.util.concurrent.FutureTask.run(FutureTask.java:266) ~[na:1.8.0_202]
	at java.util.concurrent.ScheduledThreadPoolExecutor$ScheduledFutureTask.access$201(ScheduledThreadPoolExecutor.java:180) ~[na:1.8.0_202]
	at java.util.concurrent.ScheduledThreadPoolExecutor$ScheduledFutureTask.run(ScheduledThreadPoolExecutor.java:293) ~[na:1.8.0_202]
	at java.util.concurrent.ThreadPoolExecutor.runWorker(ThreadPoolExecutor.java:1149) ~[na:1.8.0_202]
	at java.util.concurrent.ThreadPoolExecutor$Worker.run(ThreadPoolExecutor.java:624) ~[na:1.8.0_202]
	at java.lang.Thread.run(Thread.java:748) ~[na:1.8.0_202]

2023-10-15 16:19:11.097 ERROR 19020 --- [           main] com.alibaba.nacos.common.remote.client   : Send request fail, request = SubscribeServiceRequest{headers={app=unknown}, requestId='null'}, retryTimes = 1, errorMessage = Client not connected, current status:STARTING
2023-10-15 16:19:11.208 ERROR 19020 --- [           main] com.alibaba.nacos.common.remote.client   : Send request fail, request = SubscribeServiceRequest{headers={app=unknown}, requestId='null'}, retryTimes = 2, errorMessage = Client not connected, current status:STARTING
2023-10-15 16:19:11.208  INFO 19020 --- [           main] o.a.dubbo.registry.nacos.NacosRegistry   :  [DUBBO] Notify urls for subscribe url consumer://192.168.1.107/com.yupi.service.InnerUserService?application=dubbo-springboot-demo-provider&background=false&category=providers,configurators,routers&dubbo=2.0.2&interface=com.yupi.service.InnerUserService&methods=getUser&pid=19020&release=3.0.9&revision=0.0.1-SNAPSHOT&side=consumer&sticky=false&timestamp=1697357939843, url size: 1, dubbo version: 3.0.9, current host: 192.168.1.107
2023-10-15 16:19:11.895 ERROR 19020 --- [s.client.Worker] com.alibaba.nacos.common.remote.client   : Send request fail, request = ConfigBatchListenRequest{headers={charset=UTF-8, Client-AppName=unknown, Client-RequestToken=2d3f55c8c61d6f561d09ab12dc227532, Client-RequestTS=1697357951787, exConfigInfo=true}, requestId='null'}, retryTimes = 0, errorMessage = Client not connected, current status:STARTING
2023-10-15 16:19:11.895  WARN 19020 --- [ing.grpc.redo.0] com.alibaba.nacos.client.naming          : Grpc Connection is disconnect, skip current redo task
2023-10-15 16:19:11.895 ERROR 19020 --- [t.remote.worker] c.a.n.c.remote.client.grpc.GrpcClient    : Server check fail, please check server localhost ,port 9848 is available , error ={}

java.util.concurrent.TimeoutException: Waited 3000 milliseconds (plus 5 milliseconds, 307400 nanoseconds delay) for com.alibaba.nacos.shaded.io.grpc.stub.ClientCalls$GrpcFuture@ab42b13[status=PENDING, info=[GrpcFuture{clientCall={delegate={delegate=ClientCallImpl{method=MethodDescriptor{fullMethodName=Request/request, type=UNARY, idempotent=false, safe=false, sampledToLocalTracing=true, requestMarshaller=com.alibaba.nacos.shaded.io.grpc.protobuf.lite.ProtoLiteUtils$MessageMarshaller@25a94b55, responseMarshaller=com.alibaba.nacos.shaded.io.grpc.protobuf.lite.ProtoLiteUtils$MessageMarshaller@6adc5b9c, schemaDescriptor=com.alibaba.nacos.api.grpc.auto.RequestGrpc$RequestMethodDescriptorSupplier@19c1820d}}}}}]]
	at com.alibaba.nacos.shaded.com.google.common.util.concurrent.AbstractFuture.get(AbstractFuture.java:508) ~[nacos-client-2.1.0.jar:na]
	at com.alibaba.nacos.common.remote.client.grpc.GrpcClient.serverCheck(GrpcClient.java:192) [nacos-client-2.1.0.jar:na]
	at com.alibaba.nacos.common.remote.client.grpc.GrpcClient.connectToServer(GrpcClient.java:302) [nacos-client-2.1.0.jar:na]
	at com.alibaba.nacos.common.remote.client.RpcClient.reconnect(RpcClient.java:521) [nacos-client-2.1.0.jar:na]
	at com.alibaba.nacos.common.remote.client.RpcClient.lambda$start$2(RpcClient.java:369) [nacos-client-2.1.0.jar:na]
	at java.util.concurrent.Executors$RunnableAdapter.call(Executors.java:511) ~[na:1.8.0_202]
	at java.util.concurrent.FutureTask.run(FutureTask.java:266) ~[na:1.8.0_202]
	at java.util.concurrent.ScheduledThreadPoolExecutor$ScheduledFutureTask.access$201(ScheduledThreadPoolExecutor.java:180) ~[na:1.8.0_202]
	at java.util.concurrent.ScheduledThreadPoolExecutor$ScheduledFutureTask.run(ScheduledThreadPoolExecutor.java:293) ~[na:1.8.0_202]
	at java.util.concurrent.ThreadPoolExecutor.runWorker(ThreadPoolExecutor.java:1149) ~[na:1.8.0_202]
	at java.util.concurrent.ThreadPoolExecutor$Worker.run(ThreadPoolExecutor.java:624) ~[na:1.8.0_202]
	at java.lang.Thread.run(Thread.java:748) ~[na:1.8.0_202]

2023-10-15 16:19:11.988 ERROR 19020 --- [aming.updater.0] com.alibaba.nacos.common.remote.client   : Send request fail, request = ServiceQueryRequest{headers={app=unknown}, requestId='null'}, retryTimes = 0, errorMessage = Client not connected, current status:STARTING
2023-10-15 16:19:12.004 ERROR 19020 --- [s.client.Worker] com.alibaba.nacos.common.remote.client   : Send request fail, request = ConfigBatchListenRequest{headers={charset=UTF-8, Client-AppName=unknown, Client-RequestToken=2d3f55c8c61d6f561d09ab12dc227532, Client-RequestTS=1697357951787, exConfigInfo=true}, requestId='null'}, retryTimes = 1, errorMessage = Client not connected, current status:STARTING
2023-10-15 16:19:12.098 ERROR 19020 --- [aming.updater.0] com.alibaba.nacos.common.remote.client   : Send request fail, request = ServiceQueryRequest{headers={app=unknown}, requestId='null'}, retryTimes = 1, errorMessage = Client not connected, current status:STARTING
2023-10-15 16:19:12.114 ERROR 19020 --- [s.client.Worker] com.alibaba.nacos.common.remote.client   : Send request fail, request = ConfigBatchListenRequest{headers={charset=UTF-8, Client-AppName=unknown, Client-RequestToken=2d3f55c8c61d6f561d09ab12dc227532, Client-RequestTS=1697357951787, exConfigInfo=true}, requestId='null'}, retryTimes = 2, errorMessage = Client not connected, current status:STARTING
2023-10-15 16:19:12.114 ERROR 19020 --- [s.client.Worker] c.a.n.client.config.impl.ClientWorker    : Async listen config change error 

com.alibaba.nacos.api.exception.NacosException: Client not connected, current status:STARTING
	at com.alibaba.nacos.common.remote.client.RpcClient.request(RpcClient.java:651) ~[nacos-client-2.1.0.jar:na]
	at com.alibaba.nacos.client.config.impl.ClientWorker$ConfigRpcTransportClient.requestProxy(ClientWorker.java:1005) [nacos-client-2.1.0.jar:na]
	at com.alibaba.nacos.client.config.impl.ClientWorker$ConfigRpcTransportClient.requestProxy(ClientWorker.java:986) [nacos-client-2.1.0.jar:na]
	at com.alibaba.nacos.client.config.impl.ClientWorker$ConfigRpcTransportClient.executeConfigListen(ClientWorker.java:777) [nacos-client-2.1.0.jar:na]
	at com.alibaba.nacos.client.config.impl.ClientWorker$ConfigRpcTransportClient.lambda$startInternal$2(ClientWorker.java:695) [nacos-client-2.1.0.jar:na]
	at java.util.concurrent.Executors$RunnableAdapter.call(Executors.java:511) ~[na:1.8.0_202]
	at java.util.concurrent.FutureTask.run(FutureTask.java:266) ~[na:1.8.0_202]
	at java.util.concurrent.ScheduledThreadPoolExecutor$ScheduledFutureTask.access$201(ScheduledThreadPoolExecutor.java:180) ~[na:1.8.0_202]
	at java.util.concurrent.ScheduledThreadPoolExecutor$ScheduledFutureTask.run(ScheduledThreadPoolExecutor.java:293) ~[na:1.8.0_202]
	at java.util.concurrent.ThreadPoolExecutor.runWorker(ThreadPoolExecutor.java:1149) ~[na:1.8.0_202]
	at java.util.concurrent.ThreadPoolExecutor$Worker.run(ThreadPoolExecutor.java:624) ~[na:1.8.0_202]
	at java.lang.Thread.run(Thread.java:748) ~[na:1.8.0_202]

2023-10-15 16:19:12.210  WARN 19020 --- [ing.grpc.redo.0] com.alibaba.nacos.client.naming          : Grpc Connection is disconnect, skip current redo task
2023-10-15 16:19:12.210 ERROR 19020 --- [aming.updater.0] com.alibaba.nacos.common.remote.client   : Send request fail, request = ServiceQueryRequest{headers={app=unknown}, requestId='null'}, retryTimes = 2, errorMessage = Client not connected, current status:STARTING
2023-10-15 16:19:12.210  WARN 19020 --- [aming.updater.0] com.alibaba.nacos.client.naming          : [NA] failed to update serviceName: DEFAULT_GROUP@@providers:com.yupi.service.InnerUserService::

com.alibaba.nacos.api.exception.NacosException: Request nacos server failed: 
	at com.alibaba.nacos.client.naming.remote.gprc.NamingGrpcClientProxy.requestToServer(NamingGrpcClientProxy.java:288) ~[nacos-client-2.1.0.jar:na]
	at com.alibaba.nacos.client.naming.remote.gprc.NamingGrpcClientProxy.queryInstancesOfService(NamingGrpcClientProxy.java:168) ~[nacos-client-2.1.0.jar:na]
	at com.alibaba.nacos.client.naming.remote.NamingClientProxyDelegate.queryInstancesOfService(NamingClientProxyDelegate.java:110) ~[nacos-client-2.1.0.jar:na]
	at com.alibaba.nacos.client.naming.core.ServiceInfoUpdateService$UpdateTask.run(ServiceInfoUpdateService.java:178) ~[nacos-client-2.1.0.jar:na]
	at java.util.concurrent.Executors$RunnableAdapter.call(Executors.java:511) [na:1.8.0_202]
	at java.util.concurrent.FutureTask.run(FutureTask.java:266) [na:1.8.0_202]
	at java.util.concurrent.ScheduledThreadPoolExecutor$ScheduledFutureTask.access$201(ScheduledThreadPoolExecutor.java:180) [na:1.8.0_202]
	at java.util.concurrent.ScheduledThreadPoolExecutor$ScheduledFutureTask.run(ScheduledThreadPoolExecutor.java:293) [na:1.8.0_202]
	at java.util.concurrent.ThreadPoolExecutor.runWorker(ThreadPoolExecutor.java:1149) [na:1.8.0_202]
	at java.util.concurrent.ThreadPoolExecutor$Worker.run(ThreadPoolExecutor.java:624) [na:1.8.0_202]
	at java.lang.Thread.run(Thread.java:748) [na:1.8.0_202]
Caused by: com.alibaba.nacos.api.exception.NacosException: Client not connected, current status:STARTING
	at com.alibaba.nacos.common.remote.client.RpcClient.request(RpcClient.java:651) ~[nacos-client-2.1.0.jar:na]
	at com.alibaba.nacos.common.remote.client.RpcClient.request(RpcClient.java:631) ~[nacos-client-2.1.0.jar:na]
	at com.alibaba.nacos.client.naming.remote.gprc.NamingGrpcClientProxy.requestToServer(NamingGrpcClientProxy.java:278) ~[nacos-client-2.1.0.jar:na]
	... 10 common frames omitted

2023-10-15 16:19:13.256  WARN 19020 --- [           main] o.a.d.remoting.transport.AbstractClient  :  [DUBBO] Failed to start NettyClient /192.168.1.107 connect to the server /192.168.1.107:20880 (check == false, ignore and retry later!), cause: client(url: dubbo://192.168.1.107:20880/com.yupi.service.InnerUserService?anyhost=true&application=dubbo-springboot-demo-provider&background=false&category=providers&check=false&codec=dubbo&deprecated=false&dubbo=2.0.2&dynamic=true&generic=false&heartbeat=60000&interface=com.yupi.service.InnerUserService&methods=getUser&path=com.yupi.service.InnerUserService&pid=19020&protocol=dubbo&register.ip=192.168.1.107&release=3.0.9&remote.application=dubbo-springboot-demo-provider&revision=0.0.1-SNAPSHOT&service-name-mapping=true&side=consumer&sticky=false&timestamp=1697108257296) failed to connect to server /192.168.1.107:20880, error message is:Connection refused: no further information: /192.168.1.107:20880, dubbo version: 3.0.9, current host: 192.168.1.107

org.apache.dubbo.remoting.RemotingException: client(url: dubbo://192.168.1.107:20880/com.yupi.service.InnerUserService?anyhost=true&application=dubbo-springboot-demo-provider&background=false&category=providers&check=false&codec=dubbo&deprecated=false&dubbo=2.0.2&dynamic=true&generic=false&heartbeat=60000&interface=com.yupi.service.InnerUserService&methods=getUser&path=com.yupi.service.InnerUserService&pid=19020&protocol=dubbo&register.ip=192.168.1.107&release=3.0.9&remote.application=dubbo-springboot-demo-provider&revision=0.0.1-SNAPSHOT&service-name-mapping=true&side=consumer&sticky=false&timestamp=1697108257296) failed to connect to server /192.168.1.107:20880, error message is:Connection refused: no further information: /192.168.1.107:20880
	at org.apache.dubbo.remoting.transport.netty4.NettyClient.doConnect(NettyClient.java:192) [dubbo-3.0.9.jar:3.0.9]
	at org.apache.dubbo.remoting.transport.AbstractClient.connect(AbstractClient.java:214) ~[dubbo-3.0.9.jar:3.0.9]
	at org.apache.dubbo.remoting.transport.AbstractClient.<init>(AbstractClient.java:74) ~[dubbo-3.0.9.jar:3.0.9]
	at org.apache.dubbo.remoting.transport.netty4.NettyClient.<init>(NettyClient.java:89) [dubbo-3.0.9.jar:3.0.9]
	at org.apache.dubbo.remoting.transport.netty4.NettyTransporter.connect(NettyTransporter.java:40) [dubbo-3.0.9.jar:3.0.9]
	at org.apache.dubbo.remoting.Transporter$Adaptive.connect(Transporter$Adaptive.java) [dubbo-3.0.9.jar:3.0.9]
	at org.apache.dubbo.remoting.Transporters.connect(Transporters.java:74) [dubbo-3.0.9.jar:3.0.9]
	at org.apache.dubbo.remoting.exchange.support.header.HeaderExchanger.connect(HeaderExchanger.java:39) [dubbo-3.0.9.jar:3.0.9]
	at org.apache.dubbo.remoting.exchange.Exchangers.connect(Exchangers.java:107) [dubbo-3.0.9.jar:3.0.9]
	at org.apache.dubbo.rpc.protocol.dubbo.DubboProtocol.initClient(DubboProtocol.java:628) [dubbo-3.0.9.jar:3.0.9]
	at org.apache.dubbo.rpc.protocol.dubbo.DubboProtocol.buildReferenceCountExchangeClient(DubboProtocol.java:589) [dubbo-3.0.9.jar:3.0.9]
	at org.apache.dubbo.rpc.protocol.dubbo.DubboProtocol.buildReferenceCountExchangeClientList(DubboProtocol.java:576) [dubbo-3.0.9.jar:3.0.9]
	at org.apache.dubbo.rpc.protocol.dubbo.DubboProtocol.getSharedClient(DubboProtocol.java:501) [dubbo-3.0.9.jar:3.0.9]
	at org.apache.dubbo.rpc.protocol.dubbo.DubboProtocol.getClients(DubboProtocol.java:433) [dubbo-3.0.9.jar:3.0.9]
	at org.apache.dubbo.rpc.protocol.dubbo.DubboProtocol.protocolBindingRefer(DubboProtocol.java:410) [dubbo-3.0.9.jar:3.0.9]
	at org.apache.dubbo.rpc.protocol.dubbo.DubboProtocol.refer(DubboProtocol.java:401) [dubbo-3.0.9.jar:3.0.9]
	at org.apache.dubbo.qos.protocol.QosProtocolWrapper.refer(QosProtocolWrapper.java:85) [dubbo-3.0.9.jar:3.0.9]
	at org.apache.dubbo.rpc.protocol.ProtocolListenerWrapper.refer(ProtocolListenerWrapper.java:77) [dubbo-3.0.9.jar:3.0.9]
	at org.apache.dubbo.rpc.cluster.filter.ProtocolFilterWrapper.refer(ProtocolFilterWrapper.java:74) [dubbo-3.0.9.jar:3.0.9]
	at org.apache.dubbo.rpc.protocol.ProtocolSerializationWrapper.refer(ProtocolSerializationWrapper.java:52) [dubbo-3.0.9.jar:3.0.9]
	at org.apache.dubbo.rpc.Protocol$Adaptive.refer(Protocol$Adaptive.java) [dubbo-3.0.9.jar:3.0.9]
	at org.apache.dubbo.registry.integration.RegistryDirectory.toInvokers(RegistryDirectory.java:371) [dubbo-3.0.9.jar:3.0.9]
	at org.apache.dubbo.registry.integration.RegistryDirectory.refreshInvoker(RegistryDirectory.java:231) [dubbo-3.0.9.jar:3.0.9]
	at org.apache.dubbo.registry.integration.RegistryDirectory.refreshOverrideAndInvoker(RegistryDirectory.java:178) [dubbo-3.0.9.jar:3.0.9]
	at org.apache.dubbo.registry.integration.RegistryDirectory.notify(RegistryDirectory.java:156) [dubbo-3.0.9.jar:3.0.9]
	at org.apache.dubbo.registry.support.AbstractRegistry.notify(AbstractRegistry.java:473) [dubbo-3.0.9.jar:3.0.9]
	at org.apache.dubbo.registry.support.FailbackRegistry.doNotify(FailbackRegistry.java:370) [dubbo-3.0.9.jar:3.0.9]
	at org.apache.dubbo.registry.support.FailbackRegistry.notify(FailbackRegistry.java:362) [dubbo-3.0.9.jar:3.0.9]
	at org.apache.dubbo.registry.support.FailbackRegistry.subscribe(FailbackRegistry.java:303) [dubbo-3.0.9.jar:3.0.9]
	at org.apache.dubbo.registry.ListenerRegistryWrapper.subscribe(ListenerRegistryWrapper.java:111) [dubbo-3.0.9.jar:3.0.9]
	at org.apache.dubbo.registry.integration.DynamicDirectory.subscribe(DynamicDirectory.java:180) [dubbo-3.0.9.jar:3.0.9]
	at org.apache.dubbo.registry.integration.RegistryDirectory.subscribe(RegistryDirectory.java:110) [dubbo-3.0.9.jar:3.0.9]
	at org.apache.dubbo.registry.integration.RegistryProtocol.doCreateInvoker(RegistryProtocol.java:570) [dubbo-3.0.9.jar:3.0.9]
	at org.apache.dubbo.registry.integration.InterfaceCompatibleRegistryProtocol.getInvoker(InterfaceCompatibleRegistryProtocol.java:58) [dubbo-3.0.9.jar:3.0.9]
	at org.apache.dubbo.registry.client.migration.MigrationInvoker.refreshInterfaceInvoker(MigrationInvoker.java:460) [dubbo-3.0.9.jar:3.0.9]
	at org.apache.dubbo.registry.client.migration.MigrationInvoker.migrateToApplicationFirstInvoker(MigrationInvoker.java:243) [dubbo-3.0.9.jar:3.0.9]
	at org.apache.dubbo.registry.client.migration.MigrationRuleHandler.refreshInvoker(MigrationRuleHandler.java:73) [dubbo-3.0.9.jar:3.0.9]
	at org.apache.dubbo.registry.client.migration.MigrationRuleHandler.doMigrate(MigrationRuleHandler.java:57) [dubbo-3.0.9.jar:3.0.9]
	at org.apache.dubbo.registry.client.migration.MigrationRuleListener.onRefer(MigrationRuleListener.java:243) [dubbo-3.0.9.jar:3.0.9]
	at org.apache.dubbo.registry.integration.RegistryProtocol.interceptInvoker(RegistryProtocol.java:535) [dubbo-3.0.9.jar:3.0.9]
	at org.apache.dubbo.registry.integration.RegistryProtocol.doRefer(RegistryProtocol.java:505) [dubbo-3.0.9.jar:3.0.9]
	at org.apache.dubbo.registry.integration.RegistryProtocol.refer(RegistryProtocol.java:487) [dubbo-3.0.9.jar:3.0.9]
	at org.apache.dubbo.qos.protocol.QosProtocolWrapper.refer(QosProtocolWrapper.java:83) [dubbo-3.0.9.jar:3.0.9]
	at org.apache.dubbo.rpc.protocol.ProtocolListenerWrapper.refer(ProtocolListenerWrapper.java:74) [dubbo-3.0.9.jar:3.0.9]
	at org.apache.dubbo.rpc.cluster.filter.ProtocolFilterWrapper.refer(ProtocolFilterWrapper.java:71) [dubbo-3.0.9.jar:3.0.9]
	at org.apache.dubbo.rpc.protocol.ProtocolSerializationWrapper.refer(ProtocolSerializationWrapper.java:52) [dubbo-3.0.9.jar:3.0.9]
	at org.apache.dubbo.rpc.Protocol$Adaptive.refer(Protocol$Adaptive.java) [dubbo-3.0.9.jar:3.0.9]
	at org.apache.dubbo.config.ReferenceConfig.createInvokerForRemote(ReferenceConfig.java:494) [dubbo-3.0.9.jar:3.0.9]
	at org.apache.dubbo.config.ReferenceConfig.createProxy(ReferenceConfig.java:397) [dubbo-3.0.9.jar:3.0.9]
	at org.apache.dubbo.config.ReferenceConfig.init(ReferenceConfig.java:285) [dubbo-3.0.9.jar:3.0.9]
	at org.apache.dubbo.config.ReferenceConfig.get(ReferenceConfig.java:219) [dubbo-3.0.9.jar:3.0.9]
	at org.apache.dubbo.config.utils.SimpleReferenceCache.get(SimpleReferenceCache.java:129) [dubbo-3.0.9.jar:3.0.9]
	at org.apache.dubbo.config.deploy.DefaultModuleDeployer.lambda$referServices$6(DefaultModuleDeployer.java:387) [dubbo-3.0.9.jar:3.0.9]
	at java.util.concurrent.ConcurrentHashMap$ValuesView.forEach(ConcurrentHashMap.java:4707) ~[na:1.8.0_202]
	at org.apache.dubbo.config.deploy.DefaultModuleDeployer.referServices(DefaultModuleDeployer.java:367) [dubbo-3.0.9.jar:3.0.9]
	at org.apache.dubbo.config.deploy.DefaultModuleDeployer.start(DefaultModuleDeployer.java:154) [dubbo-3.0.9.jar:3.0.9]
	at org.apache.dubbo.config.spring.context.DubboDeployApplicationListener.onContextRefreshedEvent(DubboDeployApplicationListener.java:111) ~[dubbo-3.0.9.jar:3.0.9]
	at org.apache.dubbo.config.spring.context.DubboDeployApplicationListener.onApplicationEvent(DubboDeployApplicationListener.java:100) ~[dubbo-3.0.9.jar:3.0.9]
	at org.apache.dubbo.config.spring.context.DubboDeployApplicationListener.onApplicationEvent(DubboDeployApplicationListener.java:45) ~[dubbo-3.0.9.jar:3.0.9]
	at org.springframework.context.event.SimpleApplicationEventMulticaster.doInvokeListener(SimpleApplicationEventMulticaster.java:176) ~[spring-context-5.3.20.jar:5.3.20]
	at org.springframework.context.event.SimpleApplicationEventMulticaster.invokeListener(SimpleApplicationEventMulticaster.java:169) ~[spring-context-5.3.20.jar:5.3.20]
	at org.springframework.context.event.SimpleApplicationEventMulticaster.multicastEvent(SimpleApplicationEventMulticaster.java:143) ~[spring-context-5.3.20.jar:5.3.20]
	at org.springframework.context.support.AbstractApplicationContext.publishEvent(AbstractApplicationContext.java:421) ~[spring-context-5.3.20.jar:5.3.20]
	at org.springframework.context.support.AbstractApplicationContext.publishEvent(AbstractApplicationContext.java:378) ~[spring-context-5.3.20.jar:5.3.20]
	at org.springframework.context.support.AbstractApplicationContext.finishRefresh(AbstractApplicationContext.java:938) ~[spring-context-5.3.20.jar:5.3.20]
	at org.springframework.context.support.AbstractApplicationContext.refresh(AbstractApplicationContext.java:586) ~[spring-context-5.3.20.jar:5.3.20]
	at org.springframework.boot.SpringApplication.refresh(SpringApplication.java:734) ~[spring-boot-2.7.0.jar:2.7.0]
	at org.springframework.boot.SpringApplication.refreshContext(SpringApplication.java:408) ~[spring-boot-2.7.0.jar:2.7.0]
	at org.springframework.boot.SpringApplication.run(SpringApplication.java:308) ~[spring-boot-2.7.0.jar:2.7.0]
	at org.springframework.boot.test.context.SpringBootContextLoader.loadContext(SpringBootContextLoader.java:132) ~[spring-boot-test-2.7.0.jar:2.7.0]
	at org.springframework.test.context.cache.DefaultCacheAwareContextLoaderDelegate.loadContextInternal(DefaultCacheAwareContextLoaderDelegate.java:99) ~[spring-test-5.3.20.jar:5.3.20]
	at org.springframework.test.context.cache.DefaultCacheAwareContextLoaderDelegate.loadContext(DefaultCacheAwareContextLoaderDelegate.java:124) ~[spring-test-5.3.20.jar:5.3.20]
	at org.springframework.test.context.support.DefaultTestContext.getApplicationContext(DefaultTestContext.java:124) ~[spring-test-5.3.20.jar:5.3.20]
	at org.springframework.boot.test.autoconfigure.SpringBootDependencyInjectionTestExecutionListener.outputConditionEvaluationReport(SpringBootDependencyInjectionTestExecutionListener.java:53) ~[spring-boot-test-autoconfigure-2.7.0.jar:2.7.0]
	at org.springframework.boot.test.autoconfigure.SpringBootDependencyInjectionTestExecutionListener.prepareTestInstance(SpringBootDependencyInjectionTestExecutionListener.java:46) ~[spring-boot-test-autoconfigure-2.7.0.jar:2.7.0]
	at org.springframework.test.context.TestContextManager.prepareTestInstance(TestContextManager.java:248) ~[spring-test-5.3.20.jar:5.3.20]
	at org.springframework.test.context.junit.jupiter.SpringExtension.postProcessTestInstance(SpringExtension.java:138) ~[spring-test-5.3.20.jar:5.3.20]
	at org.junit.jupiter.engine.descriptor.ClassBasedTestDescriptor.lambda$invokeTestInstancePostProcessors$8(ClassBasedTestDescriptor.java:363) ~[junit-jupiter-engine-5.8.2.jar:5.8.2]
	at org.junit.jupiter.engine.descriptor.ClassBasedTestDescriptor.executeAndMaskThrowable(ClassBasedTestDescriptor.java:368) ~[junit-jupiter-engine-5.8.2.jar:5.8.2]
	at org.junit.jupiter.engine.descriptor.ClassBasedTestDescriptor.lambda$invokeTestInstancePostProcessors$9(ClassBasedTestDescriptor.java:363) ~[junit-jupiter-engine-5.8.2.jar:5.8.2]
	at java.util.stream.ReferencePipeline$3$1.accept(ReferencePipeline.java:193) ~[na:1.8.0_202]
	at java.util.stream.ReferencePipeline$2$1.accept(ReferencePipeline.java:175) ~[na:1.8.0_202]
	at java.util.ArrayList$ArrayListSpliterator.forEachRemaining(ArrayList.java:1382) ~[na:1.8.0_202]
	at java.util.stream.AbstractPipeline.copyInto(AbstractPipeline.java:481) ~[na:1.8.0_202]
	at java.util.stream.AbstractPipeline.wrapAndCopyInto(AbstractPipeline.java:471) ~[na:1.8.0_202]
	at java.util.stream.StreamSpliterators$WrappingSpliterator.forEachRemaining(StreamSpliterators.java:312) ~[na:1.8.0_202]
	at java.util.stream.Streams$ConcatSpliterator.forEachRemaining(Streams.java:743) ~[na:1.8.0_202]
	at java.util.stream.Streams$ConcatSpliterator.forEachRemaining(Streams.java:742) ~[na:1.8.0_202]
	at java.util.stream.ReferencePipeline$Head.forEach(ReferencePipeline.java:580) ~[na:1.8.0_202]
	at org.junit.jupiter.engine.descriptor.ClassBasedTestDescriptor.invokeTestInstancePostProcessors(ClassBasedTestDescriptor.java:362) ~[junit-jupiter-engine-5.8.2.jar:5.8.2]
	at org.junit.jupiter.engine.descriptor.ClassBasedTestDescriptor.lambda$instantiateAndPostProcessTestInstance$6(ClassBasedTestDescriptor.java:283) ~[junit-jupiter-engine-5.8.2.jar:5.8.2]
	at org.junit.platform.engine.support.hierarchical.ThrowableCollector.execute(ThrowableCollector.java:73) ~[junit-platform-engine-1.8.2.jar:1.8.2]
	at org.junit.jupiter.engine.descriptor.ClassBasedTestDescriptor.instantiateAndPostProcessTestInstance(ClassBasedTestDescriptor.java:282) ~[junit-jupiter-engine-5.8.2.jar:5.8.2]
	at org.junit.jupiter.engine.descriptor.ClassBasedTestDescriptor.lambda$testInstancesProvider$4(ClassBasedTestDescriptor.java:272) ~[junit-jupiter-engine-5.8.2.jar:5.8.2]
	at java.util.Optional.orElseGet(Optional.java:267) ~[na:1.8.0_202]
	at org.junit.jupiter.engine.descriptor.ClassBasedTestDescriptor.lambda$testInstancesProvider$5(ClassBasedTestDescriptor.java:271) ~[junit-jupiter-engine-5.8.2.jar:5.8.2]
	at org.junit.jupiter.engine.execution.TestInstancesProvider.getTestInstances(TestInstancesProvider.java:31) ~[junit-jupiter-engine-5.8.2.jar:5.8.2]
	at org.junit.jupiter.engine.descriptor.TestMethodTestDescriptor.lambda$prepare$0(TestMethodTestDescriptor.java:102) ~[junit-jupiter-engine-5.8.2.jar:5.8.2]
	at org.junit.platform.engine.support.hierarchical.ThrowableCollector.execute(ThrowableCollector.java:73) ~[junit-platform-engine-1.8.2.jar:1.8.2]
	at org.junit.jupiter.engine.descriptor.TestMethodTestDescriptor.prepare(TestMethodTestDescriptor.java:101) ~[junit-jupiter-engine-5.8.2.jar:5.8.2]
	at org.junit.jupiter.engine.descriptor.TestMethodTestDescriptor.prepare(TestMethodTestDescriptor.java:66) ~[junit-jupiter-engine-5.8.2.jar:5.8.2]
	at org.junit.platform.engine.support.hierarchical.NodeTestTask.lambda$prepare$2(NodeTestTask.java:123) ~[junit-platform-engine-1.8.2.jar:1.8.2]
	at org.junit.platform.engine.support.hierarchical.ThrowableCollector.execute(ThrowableCollector.java:73) ~[junit-platform-engine-1.8.2.jar:1.8.2]
	at org.junit.platform.engine.support.hierarchical.NodeTestTask.prepare(NodeTestTask.java:123) ~[junit-platform-engine-1.8.2.jar:1.8.2]
	at org.junit.platform.engine.support.hierarchical.NodeTestTask.execute(NodeTestTask.java:90) ~[junit-platform-engine-1.8.2.jar:1.8.2]
	at java.util.ArrayList.forEach(ArrayList.java:1257) ~[na:1.8.0_202]
	at org.junit.platform.engine.support.hierarchical.SameThreadHierarchicalTestExecutorService.invokeAll(SameThreadHierarchicalTestExecutorService.java:41) ~[junit-platform-engine-1.8.2.jar:1.8.2]
	at org.junit.platform.engine.support.hierarchical.NodeTestTask.lambda$executeRecursively$6(NodeTestTask.java:155) ~[junit-platform-engine-1.8.2.jar:1.8.2]
	at org.junit.platform.engine.support.hierarchical.ThrowableCollector.execute(ThrowableCollector.java:73) ~[junit-platform-engine-1.8.2.jar:1.8.2]
	at org.junit.platform.engine.support.hierarchical.NodeTestTask.lambda$executeRecursively$8(NodeTestTask.java:141) ~[junit-platform-engine-1.8.2.jar:1.8.2]
	at org.junit.platform.engine.support.hierarchical.Node.around(Node.java:137) ~[junit-platform-engine-1.8.2.jar:1.8.2]
	at org.junit.platform.engine.support.hierarchical.NodeTestTask.lambda$executeRecursively$9(NodeTestTask.java:139) ~[junit-platform-engine-1.8.2.jar:1.8.2]
	at org.junit.platform.engine.support.hierarchical.ThrowableCollector.execute(ThrowableCollector.java:73) ~[junit-platform-engine-1.8.2.jar:1.8.2]
	at org.junit.platform.engine.support.hierarchical.NodeTestTask.executeRecursively(NodeTestTask.java:138) ~[junit-platform-engine-1.8.2.jar:1.8.2]
	at org.junit.platform.engine.support.hierarchical.NodeTestTask.execute(NodeTestTask.java:95) ~[junit-platform-engine-1.8.2.jar:1.8.2]
	at java.util.ArrayList.forEach(ArrayList.java:1257) ~[na:1.8.0_202]
	at org.junit.platform.engine.support.hierarchical.SameThreadHierarchicalTestExecutorService.invokeAll(SameThreadHierarchicalTestExecutorService.java:41) ~[junit-platform-engine-1.8.2.jar:1.8.2]
	at org.junit.platform.engine.support.hierarchical.NodeTestTask.lambda$executeRecursively$6(NodeTestTask.java:155) ~[junit-platform-engine-1.8.2.jar:1.8.2]
	at org.junit.platform.engine.support.hierarchical.ThrowableCollector.execute(ThrowableCollector.java:73) ~[junit-platform-engine-1.8.2.jar:1.8.2]
	at org.junit.platform.engine.support.hierarchical.NodeTestTask.lambda$executeRecursively$8(NodeTestTask.java:141) ~[junit-platform-engine-1.8.2.jar:1.8.2]
	at org.junit.platform.engine.support.hierarchical.Node.around(Node.java:137) ~[junit-platform-engine-1.8.2.jar:1.8.2]
	at org.junit.platform.engine.support.hierarchical.NodeTestTask.lambda$executeRecursively$9(NodeTestTask.java:139) ~[junit-platform-engine-1.8.2.jar:1.8.2]
	at org.junit.platform.engine.support.hierarchical.ThrowableCollector.execute(ThrowableCollector.java:73) ~[junit-platform-engine-1.8.2.jar:1.8.2]
	at org.junit.platform.engine.support.hierarchical.NodeTestTask.executeRecursively(NodeTestTask.java:138) ~[junit-platform-engine-1.8.2.jar:1.8.2]
	at org.junit.platform.engine.support.hierarchical.NodeTestTask.execute(NodeTestTask.java:95) ~[junit-platform-engine-1.8.2.jar:1.8.2]
	at org.junit.platform.engine.support.hierarchical.SameThreadHierarchicalTestExecutorService.submit(SameThreadHierarchicalTestExecutorService.java:35) ~[junit-platform-engine-1.8.2.jar:1.8.2]
	at org.junit.platform.engine.support.hierarchical.HierarchicalTestExecutor.execute(HierarchicalTestExecutor.java:57) ~[junit-platform-engine-1.8.2.jar:1.8.2]
	at org.junit.platform.engine.support.hierarchical.HierarchicalTestEngine.execute(HierarchicalTestEngine.java:54) ~[junit-platform-engine-1.8.2.jar:1.8.2]
	at org.junit.platform.launcher.core.DefaultLauncher.execute(DefaultLauncher.java:220) ~[junit-platform-launcher-1.3.1.jar:1.3.1]
	at org.junit.platform.launcher.core.DefaultLauncher.lambda$execute$6(DefaultLauncher.java:188) ~[junit-platform-launcher-1.3.1.jar:1.3.1]
	at org.junit.platform.launcher.core.DefaultLauncher.withInterceptedStreams(DefaultLauncher.java:202) ~[junit-platform-launcher-1.3.1.jar:1.3.1]
	at org.junit.platform.launcher.core.DefaultLauncher.execute(DefaultLauncher.java:181) ~[junit-platform-launcher-1.3.1.jar:1.3.1]
	at org.junit.platform.launcher.core.DefaultLauncher.execute(DefaultLauncher.java:128) ~[junit-platform-launcher-1.3.1.jar:1.3.1]
	at org.apache.maven.surefire.junitplatform.JUnitPlatformProvider.invokeAllTests(JUnitPlatformProvider.java:150) ~[surefire-junit-platform-2.22.2.jar:2.22.2]
	at org.apache.maven.surefire.junitplatform.JUnitPlatformProvider.invoke(JUnitPlatformProvider.java:124) ~[surefire-junit-platform-2.22.2.jar:2.22.2]
	at org.apache.maven.surefire.booter.ForkedBooter.invokeProviderInSameClassLoader(ForkedBooter.java:384) ~[surefire-booter-2.22.2.jar:2.22.2]
	at org.apache.maven.surefire.booter.ForkedBooter.runSuitesInProcess(ForkedBooter.java:345) ~[surefire-booter-2.22.2.jar:2.22.2]
	at org.apache.maven.surefire.booter.ForkedBooter.execute(ForkedBooter.java:126) ~[surefire-booter-2.22.2.jar:2.22.2]
	at org.apache.maven.surefire.booter.ForkedBooter.main(ForkedBooter.java:418) ~[surefire-booter-2.22.2.jar:2.22.2]
Caused by: io.netty.channel.AbstractChannel$AnnotatedConnectException: Connection refused: no further information: /192.168.1.107:20880
Caused by: java.net.ConnectException: Connection refused: no further information
	at sun.nio.ch.SocketChannelImpl.checkConnect(Native Method) ~[na:1.8.0_202]
	at sun.nio.ch.SocketChannelImpl.finishConnect(SocketChannelImpl.java:717) ~[na:1.8.0_202]
	at io.netty.channel.socket.nio.NioSocketChannel.doFinishConnect(NioSocketChannel.java:337) ~[netty-transport-4.1.77.Final.jar:4.1.77.Final]
	at io.netty.channel.nio.AbstractNioChannel$AbstractNioUnsafe.finishConnect(AbstractNioChannel.java:334) ~[netty-transport-4.1.77.Final.jar:4.1.77.Final]
	at io.netty.channel.nio.NioEventLoop.processSelectedKey(NioEventLoop.java:710) ~[netty-transport-4.1.77.Final.jar:4.1.77.Final]
	at io.netty.channel.nio.NioEventLoop.processSelectedKeysOptimized(NioEventLoop.java:658) ~[netty-transport-4.1.77.Final.jar:4.1.77.Final]
	at io.netty.channel.nio.NioEventLoop.processSelectedKeys(NioEventLoop.java:584) ~[netty-transport-4.1.77.Final.jar:4.1.77.Final]
	at io.netty.channel.nio.NioEventLoop.run(NioEventLoop.java:496) ~[netty-transport-4.1.77.Final.jar:4.1.77.Final]
	at io.netty.util.concurrent.SingleThreadEventExecutor$4.run(SingleThreadEventExecutor.java:995) ~[netty-common-4.1.77.Final.jar:4.1.77.Final]
	at io.netty.util.internal.ThreadExecutorMap$2.run(ThreadExecutorMap.java:74) ~[netty-common-4.1.77.Final.jar:4.1.77.Final]
	at io.netty.util.concurrent.FastThreadLocalRunnable.run(FastThreadLocalRunnable.java:30) ~[netty-common-4.1.77.Final.jar:4.1.77.Final]
	at java.lang.Thread.run(Thread.java:748) ~[na:1.8.0_202]

2023-10-15 16:19:13.364 ERROR 19020 --- [           main] com.alibaba.nacos.common.remote.client   : Send request fail, request = ConfigQueryRequest{headers={charset=UTF-8, Client-AppName=unknown, Client-RequestToken=0a7f525e3b0ed6f11468f599420caed0, Client-RequestTS=1697357953260, exConfigInfo=true, notify=false}, requestId='null'}, retryTimes = 0, errorMessage = Client not connected, current status:STARTING
2023-10-15 16:19:13.472 ERROR 19020 --- [           main] com.alibaba.nacos.common.remote.client   : Send request fail, request = ConfigQueryRequest{headers={charset=UTF-8, Client-AppName=unknown, Client-RequestToken=0a7f525e3b0ed6f11468f599420caed0, Client-RequestTS=1697357953260, exConfigInfo=true, notify=false}, requestId='null'}, retryTimes = 1, errorMessage = Client not connected, current status:STARTING
2023-10-15 16:19:13.583 ERROR 19020 --- [           main] com.alibaba.nacos.common.remote.client   : Send request fail, request = ConfigQueryRequest{headers={charset=UTF-8, Client-AppName=unknown, Client-RequestToken=0a7f525e3b0ed6f11468f599420caed0, Client-RequestTS=1697357953260, exConfigInfo=true, notify=false}, requestId='null'}, retryTimes = 2, errorMessage = Client not connected, current status:STARTING
2023-10-15 16:19:13.583  WARN 19020 --- [           main] c.a.n.client.config.NacosConfigService   : [fixed-localhost_8848] [get-config] get from server error, dataId=dubbo-springboot-demo-provider.MESHAPPRULE, group=dubbo, tenant=, msg=ErrCode:-401, ErrMsg:Client not connected, current status:STARTING
2023-10-15 16:19:13.583  WARN 19020 --- [           main] c.a.n.client.config.NacosConfigService   : [fixed-localhost_8848] [get-config] get snapshot ok, dataId=dubbo-springboot-demo-provider.MESHAPPRULE, group=dubbo, tenant=, config=
2023-10-15 16:19:13.583  INFO 19020 --- [           main] c.a.n.client.config.impl.ClientWorker    : [fixed-localhost_8848] [subscribe] dubbo-springboot-demo-provider.MESHAPPRULE+dubbo
2023-10-15 16:19:13.583  INFO 19020 --- [           main] c.a.nacos.client.config.impl.CacheData   : [fixed-localhost_8848] [add-listener] ok, tenant=, dataId=dubbo-springboot-demo-provider.MESHAPPRULE, group=dubbo, cnt=1
2023-10-15 16:19:13.584  INFO 19020 --- [           main] c.a.n.client.config.impl.ClientWorker    : [fixed-localhost_8848] [subscribe] dubbo-springboot-demo-provider.tag-router+dubbo
2023-10-15 16:19:13.584  INFO 19020 --- [           main] c.a.nacos.client.config.impl.CacheData   : [fixed-localhost_8848] [add-listener] ok, tenant=, dataId=dubbo-springboot-demo-provider.tag-router, group=dubbo, cnt=1
2023-10-15 16:19:13.692 ERROR 19020 --- [s.client.Worker] com.alibaba.nacos.common.remote.client   : Send request fail, request = ConfigBatchListenRequest{headers={charset=UTF-8, Client-AppName=unknown, Client-RequestToken=03cc3bdc7afda14138ec5db1995d8e95, Client-RequestTS=1697357953584, exConfigInfo=true}, requestId='null'}, retryTimes = 0, errorMessage = Client not connected, current status:STARTING
2023-10-15 16:19:13.692 ERROR 19020 --- [           main] com.alibaba.nacos.common.remote.client   : Send request fail, request = ConfigQueryRequest{headers={charset=UTF-8, Client-AppName=unknown, Client-RequestToken=03cc3bdc7afda14138ec5db1995d8e95, Client-RequestTS=1697357953584, exConfigInfo=true, notify=false}, requestId='null'}, retryTimes = 0, errorMessage = Client not connected, current status:STARTING
2023-10-15 16:19:13.803 ERROR 19020 --- [           main] com.alibaba.nacos.common.remote.client   : Send request fail, request = ConfigQueryRequest{headers={charset=UTF-8, Client-AppName=unknown, Client-RequestToken=03cc3bdc7afda14138ec5db1995d8e95, Client-RequestTS=1697357953584, exConfigInfo=true, notify=false}, requestId='null'}, retryTimes = 1, errorMessage = Client not connected, current status:STARTING
2023-10-15 16:19:13.803 ERROR 19020 --- [s.client.Worker] com.alibaba.nacos.common.remote.client   : Send request fail, request = ConfigBatchListenRequest{headers={charset=UTF-8, Client-AppName=unknown, Client-RequestToken=03cc3bdc7afda14138ec5db1995d8e95, Client-RequestTS=1697357953584, exConfigInfo=true}, requestId='null'}, retryTimes = 1, errorMessage = Client not connected, current status:STARTING
2023-10-15 16:19:13.914 ERROR 19020 --- [s.client.Worker] com.alibaba.nacos.common.remote.client   : Send request fail, request = ConfigBatchListenRequest{headers={charset=UTF-8, Client-AppName=unknown, Client-RequestToken=03cc3bdc7afda14138ec5db1995d8e95, Client-RequestTS=1697357953584, exConfigInfo=true}, requestId='null'}, retryTimes = 2, errorMessage = Client not connected, current status:STARTING
2023-10-15 16:19:13.914 ERROR 19020 --- [           main] com.alibaba.nacos.common.remote.client   : Send request fail, request = ConfigQueryRequest{headers={charset=UTF-8, Client-AppName=unknown, Client-RequestToken=03cc3bdc7afda14138ec5db1995d8e95, Client-RequestTS=1697357953584, exConfigInfo=true, notify=false}, requestId='null'}, retryTimes = 2, errorMessage = Client not connected, current status:STARTING
2023-10-15 16:19:13.914  WARN 19020 --- [           main] c.a.n.client.config.NacosConfigService   : [fixed-localhost_8848] [get-config] get from server error, dataId=dubbo-springboot-demo-provider.tag-router, group=dubbo, tenant=, msg=ErrCode:-401, ErrMsg:Client not connected, current status:STARTING
2023-10-15 16:19:13.914  WARN 19020 --- [           main] c.a.n.client.config.NacosConfigService   : [fixed-localhost_8848] [get-config] get snapshot ok, dataId=dubbo-springboot-demo-provider.tag-router, group=dubbo, tenant=, config=
2023-10-15 16:19:13.914 ERROR 19020 --- [s.client.Worker] c.a.n.client.config.impl.ClientWorker    : Async listen config change error 

com.alibaba.nacos.api.exception.NacosException: Client not connected, current status:STARTING
	at com.alibaba.nacos.common.remote.client.RpcClient.request(RpcClient.java:651) ~[nacos-client-2.1.0.jar:na]
	at com.alibaba.nacos.client.config.impl.ClientWorker$ConfigRpcTransportClient.requestProxy(ClientWorker.java:1005) [nacos-client-2.1.0.jar:na]
	at com.alibaba.nacos.client.config.impl.ClientWorker$ConfigRpcTransportClient.requestProxy(ClientWorker.java:986) [nacos-client-2.1.0.jar:na]
	at com.alibaba.nacos.client.config.impl.ClientWorker$ConfigRpcTransportClient.executeConfigListen(ClientWorker.java:777) [nacos-client-2.1.0.jar:na]
	at com.alibaba.nacos.client.config.impl.ClientWorker$ConfigRpcTransportClient.lambda$startInternal$2(ClientWorker.java:695) [nacos-client-2.1.0.jar:na]
	at java.util.concurrent.Executors$RunnableAdapter.call(Executors.java:511) ~[na:1.8.0_202]
	at java.util.concurrent.FutureTask.run(FutureTask.java:266) ~[na:1.8.0_202]
	at java.util.concurrent.ScheduledThreadPoolExecutor$ScheduledFutureTask.access$201(ScheduledThreadPoolExecutor.java:180) ~[na:1.8.0_202]
	at java.util.concurrent.ScheduledThreadPoolExecutor$ScheduledFutureTask.run(ScheduledThreadPoolExecutor.java:293) ~[na:1.8.0_202]
	at java.util.concurrent.ThreadPoolExecutor.runWorker(ThreadPoolExecutor.java:1149) ~[na:1.8.0_202]
	at java.util.concurrent.ThreadPoolExecutor$Worker.run(ThreadPoolExecutor.java:624) ~[na:1.8.0_202]
	at java.lang.Thread.run(Thread.java:748) ~[na:1.8.0_202]

2023-10-15 16:19:13.916 ERROR 19020 --- [           main] o.a.dubbo.registry.nacos.NacosRegistry   :  [DUBBO] Failed to subscribe consumer://192.168.1.107/com.yupi.service.InnerUserService?application=dubbo-springboot-demo-provider&background=false&category=providers,configurators,routers&dubbo=2.0.2&interface=com.yupi.service.InnerUserService&methods=getUser&pid=19020&release=3.0.9&revision=0.0.1-SNAPSHOT&side=consumer&sticky=false&timestamp=1697357939843, Using cached list: [dubbo://192.168.1.107:20880/com.yupi.service.InnerUserService?anyhost=true&application=dubbo-springboot-demo-provider&background=false&category=providers&deprecated=false&dubbo=2.0.2&dynamic=true&generic=false&interface=com.yupi.service.InnerUserService&methods=getUser&path=com.yupi.service.InnerUserService&pid=28424&protocol=dubbo&release=3.0.9&revision=0.0.1-SNAPSHOT&service-name-mapping=true&side=provider&timestamp=1697108257296] from cache file: dubbo-registry-dubbo-springboot-demo-provider-localhost-8848.cache, cause: Failed to subscribe consumer://192.168.1.107/com.yupi.service.InnerUserService?application=dubbo-springboot-demo-provider&background=false&category=providers,configurators,routers&dubbo=2.0.2&interface=com.yupi.service.InnerUserService&methods=getUser&pid=19020&release=3.0.9&revision=0.0.1-SNAPSHOT&side=consumer&sticky=false&timestamp=1697357939843 to nacos nacos://localhost:8848/org.apache.dubbo.registry.RegistryService?REGISTRY_CLUSTER=nacos-registry&application=dubbo-springboot-demo-provider&dubbo=2.0.2&interface=org.apache.dubbo.registry.RegistryService&pid=19020&release=3.0.9, cause: Request nacos server failed: , dubbo version: 3.0.9, current host: 192.168.1.107

org.apache.dubbo.rpc.RpcException: Failed to subscribe consumer://192.168.1.107/com.yupi.service.InnerUserService?application=dubbo-springboot-demo-provider&background=false&category=providers,configurators,routers&dubbo=2.0.2&interface=com.yupi.service.InnerUserService&methods=getUser&pid=19020&release=3.0.9&revision=0.0.1-SNAPSHOT&side=consumer&sticky=false&timestamp=1697357939843 to nacos nacos://localhost:8848/org.apache.dubbo.registry.RegistryService?REGISTRY_CLUSTER=nacos-registry&application=dubbo-springboot-demo-provider&dubbo=2.0.2&interface=org.apache.dubbo.registry.RegistryService&pid=19020&release=3.0.9, cause: Request nacos server failed: 
	at org.apache.dubbo.registry.nacos.NacosRegistry.doSubscribe(NacosRegistry.java:259) ~[dubbo-3.0.9.jar:3.0.9]
	at org.apache.dubbo.registry.nacos.NacosRegistry.doSubscribe(NacosRegistry.java:215) ~[dubbo-3.0.9.jar:3.0.9]
	at org.apache.dubbo.registry.support.FailbackRegistry.subscribe(FailbackRegistry.java:297) ~[dubbo-3.0.9.jar:3.0.9]
	at org.apache.dubbo.registry.ListenerRegistryWrapper.subscribe(ListenerRegistryWrapper.java:111) [dubbo-3.0.9.jar:3.0.9]
	at org.apache.dubbo.registry.integration.DynamicDirectory.subscribe(DynamicDirectory.java:180) [dubbo-3.0.9.jar:3.0.9]
	at org.apache.dubbo.registry.integration.RegistryDirectory.subscribe(RegistryDirectory.java:110) [dubbo-3.0.9.jar:3.0.9]
	at org.apache.dubbo.registry.integration.RegistryProtocol.doCreateInvoker(RegistryProtocol.java:570) [dubbo-3.0.9.jar:3.0.9]
	at org.apache.dubbo.registry.integration.InterfaceCompatibleRegistryProtocol.getInvoker(InterfaceCompatibleRegistryProtocol.java:58) [dubbo-3.0.9.jar:3.0.9]
	at org.apache.dubbo.registry.client.migration.MigrationInvoker.refreshInterfaceInvoker(MigrationInvoker.java:460) [dubbo-3.0.9.jar:3.0.9]
	at org.apache.dubbo.registry.client.migration.MigrationInvoker.migrateToApplicationFirstInvoker(MigrationInvoker.java:243) [dubbo-3.0.9.jar:3.0.9]
	at org.apache.dubbo.registry.client.migration.MigrationRuleHandler.refreshInvoker(MigrationRuleHandler.java:73) [dubbo-3.0.9.jar:3.0.9]
	at org.apache.dubbo.registry.client.migration.MigrationRuleHandler.doMigrate(MigrationRuleHandler.java:57) [dubbo-3.0.9.jar:3.0.9]
	at org.apache.dubbo.registry.client.migration.MigrationRuleListener.onRefer(MigrationRuleListener.java:243) [dubbo-3.0.9.jar:3.0.9]
	at org.apache.dubbo.registry.integration.RegistryProtocol.interceptInvoker(RegistryProtocol.java:535) [dubbo-3.0.9.jar:3.0.9]
	at org.apache.dubbo.registry.integration.RegistryProtocol.doRefer(RegistryProtocol.java:505) [dubbo-3.0.9.jar:3.0.9]
	at org.apache.dubbo.registry.integration.RegistryProtocol.refer(RegistryProtocol.java:487) [dubbo-3.0.9.jar:3.0.9]
	at org.apache.dubbo.qos.protocol.QosProtocolWrapper.refer(QosProtocolWrapper.java:83) [dubbo-3.0.9.jar:3.0.9]
	at org.apache.dubbo.rpc.protocol.ProtocolListenerWrapper.refer(ProtocolListenerWrapper.java:74) [dubbo-3.0.9.jar:3.0.9]
	at org.apache.dubbo.rpc.cluster.filter.ProtocolFilterWrapper.refer(ProtocolFilterWrapper.java:71) [dubbo-3.0.9.jar:3.0.9]
	at org.apache.dubbo.rpc.protocol.ProtocolSerializationWrapper.refer(ProtocolSerializationWrapper.java:52) [dubbo-3.0.9.jar:3.0.9]
	at org.apache.dubbo.rpc.Protocol$Adaptive.refer(Protocol$Adaptive.java) [dubbo-3.0.9.jar:3.0.9]
	at org.apache.dubbo.config.ReferenceConfig.createInvokerForRemote(ReferenceConfig.java:494) [dubbo-3.0.9.jar:3.0.9]
	at org.apache.dubbo.config.ReferenceConfig.createProxy(ReferenceConfig.java:397) [dubbo-3.0.9.jar:3.0.9]
	at org.apache.dubbo.config.ReferenceConfig.init(ReferenceConfig.java:285) [dubbo-3.0.9.jar:3.0.9]
	at org.apache.dubbo.config.ReferenceConfig.get(ReferenceConfig.java:219) [dubbo-3.0.9.jar:3.0.9]
	at org.apache.dubbo.config.utils.SimpleReferenceCache.get(SimpleReferenceCache.java:129) [dubbo-3.0.9.jar:3.0.9]
	at org.apache.dubbo.config.deploy.DefaultModuleDeployer.lambda$referServices$6(DefaultModuleDeployer.java:387) [dubbo-3.0.9.jar:3.0.9]
	at java.util.concurrent.ConcurrentHashMap$ValuesView.forEach(ConcurrentHashMap.java:4707) ~[na:1.8.0_202]
	at org.apache.dubbo.config.deploy.DefaultModuleDeployer.referServices(DefaultModuleDeployer.java:367) [dubbo-3.0.9.jar:3.0.9]
	at org.apache.dubbo.config.deploy.DefaultModuleDeployer.start(DefaultModuleDeployer.java:154) [dubbo-3.0.9.jar:3.0.9]
	at org.apache.dubbo.config.spring.context.DubboDeployApplicationListener.onContextRefreshedEvent(DubboDeployApplicationListener.java:111) ~[dubbo-3.0.9.jar:3.0.9]
	at org.apache.dubbo.config.spring.context.DubboDeployApplicationListener.onApplicationEvent(DubboDeployApplicationListener.java:100) ~[dubbo-3.0.9.jar:3.0.9]
	at org.apache.dubbo.config.spring.context.DubboDeployApplicationListener.onApplicationEvent(DubboDeployApplicationListener.java:45) ~[dubbo-3.0.9.jar:3.0.9]
	at org.springframework.context.event.SimpleApplicationEventMulticaster.doInvokeListener(SimpleApplicationEventMulticaster.java:176) ~[spring-context-5.3.20.jar:5.3.20]
	at org.springframework.context.event.SimpleApplicationEventMulticaster.invokeListener(SimpleApplicationEventMulticaster.java:169) ~[spring-context-5.3.20.jar:5.3.20]
	at org.springframework.context.event.SimpleApplicationEventMulticaster.multicastEvent(SimpleApplicationEventMulticaster.java:143) ~[spring-context-5.3.20.jar:5.3.20]
	at org.springframework.context.support.AbstractApplicationContext.publishEvent(AbstractApplicationContext.java:421) ~[spring-context-5.3.20.jar:5.3.20]
	at org.springframework.context.support.AbstractApplicationContext.publishEvent(AbstractApplicationContext.java:378) ~[spring-context-5.3.20.jar:5.3.20]
	at org.springframework.context.support.AbstractApplicationContext.finishRefresh(AbstractApplicationContext.java:938) ~[spring-context-5.3.20.jar:5.3.20]
	at org.springframework.context.support.AbstractApplicationContext.refresh(AbstractApplicationContext.java:586) ~[spring-context-5.3.20.jar:5.3.20]
	at org.springframework.boot.SpringApplication.refresh(SpringApplication.java:734) ~[spring-boot-2.7.0.jar:2.7.0]
	at org.springframework.boot.SpringApplication.refreshContext(SpringApplication.java:408) ~[spring-boot-2.7.0.jar:2.7.0]
	at org.springframework.boot.SpringApplication.run(SpringApplication.java:308) ~[spring-boot-2.7.0.jar:2.7.0]
	at org.springframework.boot.test.context.SpringBootContextLoader.loadContext(SpringBootContextLoader.java:132) ~[spring-boot-test-2.7.0.jar:2.7.0]
	at org.springframework.test.context.cache.DefaultCacheAwareContextLoaderDelegate.loadContextInternal(DefaultCacheAwareContextLoaderDelegate.java:99) ~[spring-test-5.3.20.jar:5.3.20]
	at org.springframework.test.context.cache.DefaultCacheAwareContextLoaderDelegate.loadContext(DefaultCacheAwareContextLoaderDelegate.java:124) ~[spring-test-5.3.20.jar:5.3.20]
	at org.springframework.test.context.support.DefaultTestContext.getApplicationContext(DefaultTestContext.java:124) ~[spring-test-5.3.20.jar:5.3.20]
	at org.springframework.boot.test.autoconfigure.SpringBootDependencyInjectionTestExecutionListener.outputConditionEvaluationReport(SpringBootDependencyInjectionTestExecutionListener.java:53) ~[spring-boot-test-autoconfigure-2.7.0.jar:2.7.0]
	at org.springframework.boot.test.autoconfigure.SpringBootDependencyInjectionTestExecutionListener.prepareTestInstance(SpringBootDependencyInjectionTestExecutionListener.java:46) ~[spring-boot-test-autoconfigure-2.7.0.jar:2.7.0]
	at org.springframework.test.context.TestContextManager.prepareTestInstance(TestContextManager.java:248) ~[spring-test-5.3.20.jar:5.3.20]
	at org.springframework.test.context.junit.jupiter.SpringExtension.postProcessTestInstance(SpringExtension.java:138) ~[spring-test-5.3.20.jar:5.3.20]
	at org.junit.jupiter.engine.descriptor.ClassBasedTestDescriptor.lambda$invokeTestInstancePostProcessors$8(ClassBasedTestDescriptor.java:363) ~[junit-jupiter-engine-5.8.2.jar:5.8.2]
	at org.junit.jupiter.engine.descriptor.ClassBasedTestDescriptor.executeAndMaskThrowable(ClassBasedTestDescriptor.java:368) ~[junit-jupiter-engine-5.8.2.jar:5.8.2]
	at org.junit.jupiter.engine.descriptor.ClassBasedTestDescriptor.lambda$invokeTestInstancePostProcessors$9(ClassBasedTestDescriptor.java:363) ~[junit-jupiter-engine-5.8.2.jar:5.8.2]
	at java.util.stream.ReferencePipeline$3$1.accept(ReferencePipeline.java:193) ~[na:1.8.0_202]
	at java.util.stream.ReferencePipeline$2$1.accept(ReferencePipeline.java:175) ~[na:1.8.0_202]
	at java.util.ArrayList$ArrayListSpliterator.forEachRemaining(ArrayList.java:1382) ~[na:1.8.0_202]
	at java.util.stream.AbstractPipeline.copyInto(AbstractPipeline.java:481) ~[na:1.8.0_202]
	at java.util.stream.AbstractPipeline.wrapAndCopyInto(AbstractPipeline.java:471) ~[na:1.8.0_202]
	at java.util.stream.StreamSpliterators$WrappingSpliterator.forEachRemaining(StreamSpliterators.java:312) ~[na:1.8.0_202]
	at java.util.stream.Streams$ConcatSpliterator.forEachRemaining(Streams.java:743) ~[na:1.8.0_202]
	at java.util.stream.Streams$ConcatSpliterator.forEachRemaining(Streams.java:742) ~[na:1.8.0_202]
	at java.util.stream.ReferencePipeline$Head.forEach(ReferencePipeline.java:580) ~[na:1.8.0_202]
	at org.junit.jupiter.engine.descriptor.ClassBasedTestDescriptor.invokeTestInstancePostProcessors(ClassBasedTestDescriptor.java:362) ~[junit-jupiter-engine-5.8.2.jar:5.8.2]
	at org.junit.jupiter.engine.descriptor.ClassBasedTestDescriptor.lambda$instantiateAndPostProcessTestInstance$6(ClassBasedTestDescriptor.java:283) ~[junit-jupiter-engine-5.8.2.jar:5.8.2]
	at org.junit.platform.engine.support.hierarchical.ThrowableCollector.execute(ThrowableCollector.java:73) ~[junit-platform-engine-1.8.2.jar:1.8.2]
	at org.junit.jupiter.engine.descriptor.ClassBasedTestDescriptor.instantiateAndPostProcessTestInstance(ClassBasedTestDescriptor.java:282) ~[junit-jupiter-engine-5.8.2.jar:5.8.2]
	at org.junit.jupiter.engine.descriptor.ClassBasedTestDescriptor.lambda$testInstancesProvider$4(ClassBasedTestDescriptor.java:272) ~[junit-jupiter-engine-5.8.2.jar:5.8.2]
	at java.util.Optional.orElseGet(Optional.java:267) ~[na:1.8.0_202]
	at org.junit.jupiter.engine.descriptor.ClassBasedTestDescriptor.lambda$testInstancesProvider$5(ClassBasedTestDescriptor.java:271) ~[junit-jupiter-engine-5.8.2.jar:5.8.2]
	at org.junit.jupiter.engine.execution.TestInstancesProvider.getTestInstances(TestInstancesProvider.java:31) ~[junit-jupiter-engine-5.8.2.jar:5.8.2]
	at org.junit.jupiter.engine.descriptor.TestMethodTestDescriptor.lambda$prepare$0(TestMethodTestDescriptor.java:102) ~[junit-jupiter-engine-5.8.2.jar:5.8.2]
	at org.junit.platform.engine.support.hierarchical.ThrowableCollector.execute(ThrowableCollector.java:73) ~[junit-platform-engine-1.8.2.jar:1.8.2]
	at org.junit.jupiter.engine.descriptor.TestMethodTestDescriptor.prepare(TestMethodTestDescriptor.java:101) ~[junit-jupiter-engine-5.8.2.jar:5.8.2]
	at org.junit.jupiter.engine.descriptor.TestMethodTestDescriptor.prepare(TestMethodTestDescriptor.java:66) ~[junit-jupiter-engine-5.8.2.jar:5.8.2]
	at org.junit.platform.engine.support.hierarchical.NodeTestTask.lambda$prepare$2(NodeTestTask.java:123) ~[junit-platform-engine-1.8.2.jar:1.8.2]
	at org.junit.platform.engine.support.hierarchical.ThrowableCollector.execute(ThrowableCollector.java:73) ~[junit-platform-engine-1.8.2.jar:1.8.2]
	at org.junit.platform.engine.support.hierarchical.NodeTestTask.prepare(NodeTestTask.java:123) ~[junit-platform-engine-1.8.2.jar:1.8.2]
	at org.junit.platform.engine.support.hierarchical.NodeTestTask.execute(NodeTestTask.java:90) ~[junit-platform-engine-1.8.2.jar:1.8.2]
	at java.util.ArrayList.forEach(ArrayList.java:1257) ~[na:1.8.0_202]
	at org.junit.platform.engine.support.hierarchical.SameThreadHierarchicalTestExecutorService.invokeAll(SameThreadHierarchicalTestExecutorService.java:41) ~[junit-platform-engine-1.8.2.jar:1.8.2]
	at org.junit.platform.engine.support.hierarchical.NodeTestTask.lambda$executeRecursively$6(NodeTestTask.java:155) ~[junit-platform-engine-1.8.2.jar:1.8.2]
	at org.junit.platform.engine.support.hierarchical.ThrowableCollector.execute(ThrowableCollector.java:73) ~[junit-platform-engine-1.8.2.jar:1.8.2]
	at org.junit.platform.engine.support.hierarchical.NodeTestTask.lambda$executeRecursively$8(NodeTestTask.java:141) ~[junit-platform-engine-1.8.2.jar:1.8.2]
	at org.junit.platform.engine.support.hierarchical.Node.around(Node.java:137) ~[junit-platform-engine-1.8.2.jar:1.8.2]
	at org.junit.platform.engine.support.hierarchical.NodeTestTask.lambda$executeRecursively$9(NodeTestTask.java:139) ~[junit-platform-engine-1.8.2.jar:1.8.2]
	at org.junit.platform.engine.support.hierarchical.ThrowableCollector.execute(ThrowableCollector.java:73) ~[junit-platform-engine-1.8.2.jar:1.8.2]
	at org.junit.platform.engine.support.hierarchical.NodeTestTask.executeRecursively(NodeTestTask.java:138) ~[junit-platform-engine-1.8.2.jar:1.8.2]
	at org.junit.platform.engine.support.hierarchical.NodeTestTask.execute(NodeTestTask.java:95) ~[junit-platform-engine-1.8.2.jar:1.8.2]
	at java.util.ArrayList.forEach(ArrayList.java:1257) ~[na:1.8.0_202]
	at org.junit.platform.engine.support.hierarchical.SameThreadHierarchicalTestExecutorService.invokeAll(SameThreadHierarchicalTestExecutorService.java:41) ~[junit-platform-engine-1.8.2.jar:1.8.2]
	at org.junit.platform.engine.support.hierarchical.NodeTestTask.lambda$executeRecursively$6(NodeTestTask.java:155) ~[junit-platform-engine-1.8.2.jar:1.8.2]
	at org.junit.platform.engine.support.hierarchical.ThrowableCollector.execute(ThrowableCollector.java:73) ~[junit-platform-engine-1.8.2.jar:1.8.2]
	at org.junit.platform.engine.support.hierarchical.NodeTestTask.lambda$executeRecursively$8(NodeTestTask.java:141) ~[junit-platform-engine-1.8.2.jar:1.8.2]
	at org.junit.platform.engine.support.hierarchical.Node.around(Node.java:137) ~[junit-platform-engine-1.8.2.jar:1.8.2]
	at org.junit.platform.engine.support.hierarchical.NodeTestTask.lambda$executeRecursively$9(NodeTestTask.java:139) ~[junit-platform-engine-1.8.2.jar:1.8.2]
	at org.junit.platform.engine.support.hierarchical.ThrowableCollector.execute(ThrowableCollector.java:73) ~[junit-platform-engine-1.8.2.jar:1.8.2]
	at org.junit.platform.engine.support.hierarchical.NodeTestTask.executeRecursively(NodeTestTask.java:138) ~[junit-platform-engine-1.8.2.jar:1.8.2]
	at org.junit.platform.engine.support.hierarchical.NodeTestTask.execute(NodeTestTask.java:95) ~[junit-platform-engine-1.8.2.jar:1.8.2]
	at org.junit.platform.engine.support.hierarchical.SameThreadHierarchicalTestExecutorService.submit(SameThreadHierarchicalTestExecutorService.java:35) ~[junit-platform-engine-1.8.2.jar:1.8.2]
	at org.junit.platform.engine.support.hierarchical.HierarchicalTestExecutor.execute(HierarchicalTestExecutor.java:57) ~[junit-platform-engine-1.8.2.jar:1.8.2]
	at org.junit.platform.engine.support.hierarchical.HierarchicalTestEngine.execute(HierarchicalTestEngine.java:54) ~[junit-platform-engine-1.8.2.jar:1.8.2]
	at org.junit.platform.launcher.core.DefaultLauncher.execute(DefaultLauncher.java:220) ~[junit-platform-launcher-1.3.1.jar:1.3.1]
	at org.junit.platform.launcher.core.DefaultLauncher.lambda$execute$6(DefaultLauncher.java:188) ~[junit-platform-launcher-1.3.1.jar:1.3.1]
	at org.junit.platform.launcher.core.DefaultLauncher.withInterceptedStreams(DefaultLauncher.java:202) ~[junit-platform-launcher-1.3.1.jar:1.3.1]
	at org.junit.platform.launcher.core.DefaultLauncher.execute(DefaultLauncher.java:181) ~[junit-platform-launcher-1.3.1.jar:1.3.1]
	at org.junit.platform.launcher.core.DefaultLauncher.execute(DefaultLauncher.java:128) ~[junit-platform-launcher-1.3.1.jar:1.3.1]
	at org.apache.maven.surefire.junitplatform.JUnitPlatformProvider.invokeAllTests(JUnitPlatformProvider.java:150) ~[surefire-junit-platform-2.22.2.jar:2.22.2]
	at org.apache.maven.surefire.junitplatform.JUnitPlatformProvider.invoke(JUnitPlatformProvider.java:124) ~[surefire-junit-platform-2.22.2.jar:2.22.2]
	at org.apache.maven.surefire.booter.ForkedBooter.invokeProviderInSameClassLoader(ForkedBooter.java:384) ~[surefire-booter-2.22.2.jar:2.22.2]
	at org.apache.maven.surefire.booter.ForkedBooter.runSuitesInProcess(ForkedBooter.java:345) ~[surefire-booter-2.22.2.jar:2.22.2]
	at org.apache.maven.surefire.booter.ForkedBooter.execute(ForkedBooter.java:126) ~[surefire-booter-2.22.2.jar:2.22.2]
	at org.apache.maven.surefire.booter.ForkedBooter.main(ForkedBooter.java:418) ~[surefire-booter-2.22.2.jar:2.22.2]
Caused by: com.alibaba.nacos.api.exception.NacosException: Request nacos server failed: 
	at com.alibaba.nacos.client.naming.remote.gprc.NamingGrpcClientProxy.requestToServer(NamingGrpcClientProxy.java:288) ~[nacos-client-2.1.0.jar:na]
	at com.alibaba.nacos.client.naming.remote.gprc.NamingGrpcClientProxy.doSubscribe(NamingGrpcClientProxy.java:229) ~[nacos-client-2.1.0.jar:na]
	at com.alibaba.nacos.client.naming.remote.gprc.NamingGrpcClientProxy.subscribe(NamingGrpcClientProxy.java:214) ~[nacos-client-2.1.0.jar:na]
	at com.alibaba.nacos.client.naming.remote.NamingClientProxyDelegate.subscribe(NamingClientProxyDelegate.java:147) ~[nacos-client-2.1.0.jar:na]
	at com.alibaba.nacos.client.naming.NacosNamingService.getAllInstances(NacosNamingService.java:229) ~[nacos-client-2.1.0.jar:na]
	at com.alibaba.nacos.client.naming.NacosNamingService.getAllInstances(NacosNamingService.java:212) ~[nacos-client-2.1.0.jar:na]
	at com.alibaba.nacos.client.naming.NacosNamingService.getAllInstances(NacosNamingService.java:190) ~[nacos-client-2.1.0.jar:na]
	at org.apache.dubbo.registry.nacos.NacosNamingServiceWrapper.getAllInstances(NacosNamingServiceWrapper.java:55) ~[dubbo-3.0.9.jar:3.0.9]
	at org.apache.dubbo.registry.nacos.NacosRegistry.doSubscribe(NacosRegistry.java:233) ~[dubbo-3.0.9.jar:3.0.9]
	... 112 common frames omitted
Caused by: com.alibaba.nacos.api.exception.NacosException: Client not connected, current status:STARTING
	at com.alibaba.nacos.common.remote.client.RpcClient.request(RpcClient.java:651) ~[nacos-client-2.1.0.jar:na]
	at com.alibaba.nacos.common.remote.client.RpcClient.request(RpcClient.java:631) ~[nacos-client-2.1.0.jar:na]
	at com.alibaba.nacos.client.naming.remote.gprc.NamingGrpcClientProxy.requestToServer(NamingGrpcClientProxy.java:278) ~[nacos-client-2.1.0.jar:na]
	... 120 common frames omitted

2023-10-15 16:19:13.916  INFO 19020 --- [           main] c.a.n.client.config.impl.ClientWorker    : [fixed-localhost_8848] [subscribe] com.yupi.service.InnerUserService::.configurators+dubbo
2023-10-15 16:19:13.916  INFO 19020 --- [           main] c.a.nacos.client.config.impl.CacheData   : [fixed-localhost_8848] [add-listener] ok, tenant=, dataId=com.yupi.service.InnerUserService::.configurators, group=dubbo, cnt=1
2023-10-15 16:19:14.009 ERROR 19020 --- [t.remote.worker] c.a.n.c.remote.client.grpc.GrpcClient    : Server check fail, please check server localhost ,port 9848 is available , error ={}

java.util.concurrent.TimeoutException: Waited 3000 milliseconds (plus 2 milliseconds, 938200 nanoseconds delay) for com.alibaba.nacos.shaded.io.grpc.stub.ClientCalls$GrpcFuture@42b303f5[status=PENDING, info=[GrpcFuture{clientCall={delegate={delegate=ClientCallImpl{method=MethodDescriptor{fullMethodName=Request/request, type=UNARY, idempotent=false, safe=false, sampledToLocalTracing=true, requestMarshaller=com.alibaba.nacos.shaded.io.grpc.protobuf.lite.ProtoLiteUtils$MessageMarshaller@25a94b55, responseMarshaller=com.alibaba.nacos.shaded.io.grpc.protobuf.lite.ProtoLiteUtils$MessageMarshaller@6adc5b9c, schemaDescriptor=com.alibaba.nacos.api.grpc.auto.RequestGrpc$RequestMethodDescriptorSupplier@19c1820d}}}}}]]
	at com.alibaba.nacos.shaded.com.google.common.util.concurrent.AbstractFuture.get(AbstractFuture.java:508) ~[nacos-client-2.1.0.jar:na]
	at com.alibaba.nacos.common.remote.client.grpc.GrpcClient.serverCheck(GrpcClient.java:192) [nacos-client-2.1.0.jar:na]
	at com.alibaba.nacos.common.remote.client.grpc.GrpcClient.connectToServer(GrpcClient.java:302) [nacos-client-2.1.0.jar:na]
	at com.alibaba.nacos.common.remote.client.RpcClient.reconnect(RpcClient.java:521) [nacos-client-2.1.0.jar:na]
	at com.alibaba.nacos.common.remote.client.RpcClient.lambda$start$2(RpcClient.java:369) [nacos-client-2.1.0.jar:na]
	at java.util.concurrent.Executors$RunnableAdapter.call(Executors.java:511) ~[na:1.8.0_202]
	at java.util.concurrent.FutureTask.run(FutureTask.java:266) ~[na:1.8.0_202]
	at java.util.concurrent.ScheduledThreadPoolExecutor$ScheduledFutureTask.access$201(ScheduledThreadPoolExecutor.java:180) ~[na:1.8.0_202]
	at java.util.concurrent.ScheduledThreadPoolExecutor$ScheduledFutureTask.run(ScheduledThreadPoolExecutor.java:293) ~[na:1.8.0_202]
	at java.util.concurrent.ThreadPoolExecutor.runWorker(ThreadPoolExecutor.java:1149) ~[na:1.8.0_202]
	at java.util.concurrent.ThreadPoolExecutor$Worker.run(ThreadPoolExecutor.java:624) ~[na:1.8.0_202]
	at java.lang.Thread.run(Thread.java:748) ~[na:1.8.0_202]

2023-10-15 16:19:14.009  INFO 19020 --- [t.remote.worker] com.alibaba.nacos.common.remote.client   : [fe9b996a-7e47-43fe-ad06-6dbc78424a39_config-0] Fail to connect server, after trying 9 times, last try server is {serverIp = 'localhost', server main port = 8848}, error = unknown
2023-10-15 16:19:14.025 ERROR 19020 --- [           main] com.alibaba.nacos.common.remote.client   : Send request fail, request = ConfigQueryRequest{headers={charset=UTF-8, Client-AppName=unknown, Client-RequestToken=864870149958120a5f65efdcb80bd49c, Client-RequestTS=1697357953917, exConfigInfo=true, notify=false}, requestId='null'}, retryTimes = 0, errorMessage = Client not connected, current status:STARTING
2023-10-15 16:19:14.088 ERROR 19020 --- [s.client.Worker] com.alibaba.nacos.common.remote.client   : Send request fail, request = ConfigBatchListenRequest{headers={charset=UTF-8, Client-AppName=unknown, Client-RequestToken=84a12f14563ffb7a456efb4d606e7956, Client-RequestTS=1697357953977, exConfigInfo=true}, requestId='null'}, retryTimes = 0, errorMessage = Client not connected, current status:STARTING
2023-10-15 16:19:14.135 ERROR 19020 --- [           main] com.alibaba.nacos.common.remote.client   : Send request fail, request = ConfigQueryRequest{headers={charset=UTF-8, Client-AppName=unknown, Client-RequestToken=864870149958120a5f65efdcb80bd49c, Client-RequestTS=1697357953917, exConfigInfo=true, notify=false}, requestId='null'}, retryTimes = 1, errorMessage = Client not connected, current status:STARTING
2023-10-15 16:19:14.198 ERROR 19020 --- [s.client.Worker] com.alibaba.nacos.common.remote.client   : Send request fail, request = ConfigBatchListenRequest{headers={charset=UTF-8, Client-AppName=unknown, Client-RequestToken=84a12f14563ffb7a456efb4d606e7956, Client-RequestTS=1697357953977, exConfigInfo=true}, requestId='null'}, retryTimes = 1, errorMessage = Client not connected, current status:STARTING
2023-10-15 16:19:14.246 ERROR 19020 --- [           main] com.alibaba.nacos.common.remote.client   : Send request fail, request = ConfigQueryRequest{headers={charset=UTF-8, Client-AppName=unknown, Client-RequestToken=864870149958120a5f65efdcb80bd49c, Client-RequestTS=1697357953917, exConfigInfo=true, notify=false}, requestId='null'}, retryTimes = 2, errorMessage = Client not connected, current status:STARTING
2023-10-15 16:19:14.246  WARN 19020 --- [           main] c.a.n.client.config.NacosConfigService   : [fixed-localhost_8848] [get-config] get from server error, dataId=com.yupi.service.InnerUserService::.configurators, group=dubbo, tenant=, msg=ErrCode:-401, ErrMsg:Client not connected, current status:STARTING
2023-10-15 16:19:14.246  WARN 19020 --- [           main] c.a.n.client.config.NacosConfigService   : [fixed-localhost_8848] [get-config] get snapshot ok, dataId=com.yupi.service.InnerUserService::.configurators, group=dubbo, tenant=, config=
2023-10-15 16:19:14.257  INFO 19020 --- [           main] o.a.d.r.client.ServiceDiscoveryRegistry  :  [DUBBO] Loaded registry cache file C:\Users\chenmoys\.dubbo\dubbo-registry-dubbo-springboot-demo-provider-localhost-8848.cache, dubbo version: 3.0.9, current host: 192.168.1.107
2023-10-15 16:19:14.259  INFO 19020 --- [           main] o.a.d.r.c.m.store.MetaCacheManager       :  [DUBBO] Successfully loaded mapping cache from file .metadata.nacoslocalhost:8848, entries 1, dubbo version: 3.0.9, current host: 192.168.1.107
2023-10-15 16:19:14.259  INFO 19020 --- [           main] com.alibaba.nacos.client.naming          : initializer namespace from System Property : null
2023-10-15 16:19:14.259  INFO 19020 --- [           main] com.alibaba.nacos.client.naming          : initializer namespace from System Environment :null
2023-10-15 16:19:14.259  INFO 19020 --- [           main] com.alibaba.nacos.client.naming          : initializer namespace from System Property :null
2023-10-15 16:19:14.264  INFO 19020 --- [           main] c.a.n.p.a.s.c.ClientAuthPluginManager    : [ClientAuthPluginManager] Load ClientAuthService com.alibaba.nacos.client.auth.impl.NacosClientAuthServiceImpl success.
2023-10-15 16:19:14.264  INFO 19020 --- [           main] c.a.n.p.a.s.c.ClientAuthPluginManager    : [ClientAuthPluginManager] Load ClientAuthService com.alibaba.nacos.client.auth.ram.RamClientAuthServiceImpl success.
2023-10-15 16:19:14.264  INFO 19020 --- [           main] com.alibaba.nacos.common.remote.client   : [RpcClientFactory] create a new rpc client of 3b7876bc-3d8f-4bce-b2f6-42ad5540381f
2023-10-15 16:19:14.264  INFO 19020 --- [           main] com.alibaba.nacos.common.remote.client   : [3b7876bc-3d8f-4bce-b2f6-42ad5540381f] RpcClient init label, labels = {module=naming, source=sdk}
2023-10-15 16:19:14.265  INFO 19020 --- [           main] com.alibaba.nacos.common.remote.client   : [3b7876bc-3d8f-4bce-b2f6-42ad5540381f] RpcClient init, ServerListFactory = com.alibaba.nacos.client.naming.core.ServerListManager
2023-10-15 16:19:14.265  INFO 19020 --- [           main] com.alibaba.nacos.common.remote.client   : [3b7876bc-3d8f-4bce-b2f6-42ad5540381f] Registry connection listener to current client:com.alibaba.nacos.client.naming.remote.gprc.redo.NamingGrpcRedoService
2023-10-15 16:19:14.265  INFO 19020 --- [           main] com.alibaba.nacos.common.remote.client   : [3b7876bc-3d8f-4bce-b2f6-42ad5540381f] Register server push request handler:com.alibaba.nacos.client.naming.remote.gprc.NamingPushRequestHandler
2023-10-15 16:19:14.265  INFO 19020 --- [           main] com.alibaba.nacos.common.remote.client   : [3b7876bc-3d8f-4bce-b2f6-42ad5540381f] Try to connect to server on start up, server: {serverIp = 'localhost', server main port = 8848}
2023-10-15 16:19:14.310 ERROR 19020 --- [s.client.Worker] com.alibaba.nacos.common.remote.client   : Send request fail, request = ConfigBatchListenRequest{headers={charset=UTF-8, Client-AppName=unknown, Client-RequestToken=84a12f14563ffb7a456efb4d606e7956, Client-RequestTS=1697357953977, exConfigInfo=true}, requestId='null'}, retryTimes = 2, errorMessage = Client not connected, current status:STARTING
2023-10-15 16:19:14.310 ERROR 19020 --- [s.client.Worker] c.a.n.client.config.impl.ClientWorker    : Async listen config change error 

com.alibaba.nacos.api.exception.NacosException: Client not connected, current status:STARTING
	at com.alibaba.nacos.common.remote.client.RpcClient.request(RpcClient.java:651) ~[nacos-client-2.1.0.jar:na]
	at com.alibaba.nacos.client.config.impl.ClientWorker$ConfigRpcTransportClient.requestProxy(ClientWorker.java:1005) [nacos-client-2.1.0.jar:na]
	at com.alibaba.nacos.client.config.impl.ClientWorker$ConfigRpcTransportClient.requestProxy(ClientWorker.java:986) [nacos-client-2.1.0.jar:na]
	at com.alibaba.nacos.client.config.impl.ClientWorker$ConfigRpcTransportClient.executeConfigListen(ClientWorker.java:777) [nacos-client-2.1.0.jar:na]
	at com.alibaba.nacos.client.config.impl.ClientWorker$ConfigRpcTransportClient.lambda$startInternal$2(ClientWorker.java:695) [nacos-client-2.1.0.jar:na]
	at java.util.concurrent.Executors$RunnableAdapter.call(Executors.java:511) ~[na:1.8.0_202]
	at java.util.concurrent.FutureTask.run(FutureTask.java:266) ~[na:1.8.0_202]
	at java.util.concurrent.ScheduledThreadPoolExecutor$ScheduledFutureTask.access$201(ScheduledThreadPoolExecutor.java:180) ~[na:1.8.0_202]
	at java.util.concurrent.ScheduledThreadPoolExecutor$ScheduledFutureTask.run(ScheduledThreadPoolExecutor.java:293) ~[na:1.8.0_202]
	at java.util.concurrent.ThreadPoolExecutor.runWorker(ThreadPoolExecutor.java:1149) ~[na:1.8.0_202]
	at java.util.concurrent.ThreadPoolExecutor$Worker.run(ThreadPoolExecutor.java:624) ~[na:1.8.0_202]
	at java.lang.Thread.run(Thread.java:748) ~[na:1.8.0_202]

2023-10-15 16:19:14.310 ERROR 19020 --- [t.remote.worker] c.a.n.c.remote.client.grpc.GrpcClient    : Server check fail, please check server localhost ,port 9848 is available , error ={}

java.util.concurrent.TimeoutException: Waited 3000 milliseconds (plus 7 milliseconds, 599800 nanoseconds delay) for com.alibaba.nacos.shaded.io.grpc.stub.ClientCalls$GrpcFuture@4bc56ed7[status=PENDING, info=[GrpcFuture{clientCall={delegate={delegate=ClientCallImpl{method=MethodDescriptor{fullMethodName=Request/request, type=UNARY, idempotent=false, safe=false, sampledToLocalTracing=true, requestMarshaller=com.alibaba.nacos.shaded.io.grpc.protobuf.lite.ProtoLiteUtils$MessageMarshaller@25a94b55, responseMarshaller=com.alibaba.nacos.shaded.io.grpc.protobuf.lite.ProtoLiteUtils$MessageMarshaller@6adc5b9c, schemaDescriptor=com.alibaba.nacos.api.grpc.auto.RequestGrpc$RequestMethodDescriptorSupplier@19c1820d}}}}}]]
	at com.alibaba.nacos.shaded.com.google.common.util.concurrent.AbstractFuture.get(AbstractFuture.java:508) ~[nacos-client-2.1.0.jar:na]
	at com.alibaba.nacos.common.remote.client.grpc.GrpcClient.serverCheck(GrpcClient.java:192) [nacos-client-2.1.0.jar:na]
	at com.alibaba.nacos.common.remote.client.grpc.GrpcClient.connectToServer(GrpcClient.java:302) [nacos-client-2.1.0.jar:na]
	at com.alibaba.nacos.common.remote.client.RpcClient.reconnect(RpcClient.java:521) [nacos-client-2.1.0.jar:na]
	at com.alibaba.nacos.common.remote.client.RpcClient.lambda$start$2(RpcClient.java:369) [nacos-client-2.1.0.jar:na]
	at java.util.concurrent.Executors$RunnableAdapter.call(Executors.java:511) ~[na:1.8.0_202]
	at java.util.concurrent.FutureTask.run(FutureTask.java:266) ~[na:1.8.0_202]
	at java.util.concurrent.ScheduledThreadPoolExecutor$ScheduledFutureTask.access$201(ScheduledThreadPoolExecutor.java:180) ~[na:1.8.0_202]
	at java.util.concurrent.ScheduledThreadPoolExecutor$ScheduledFutureTask.run(ScheduledThreadPoolExecutor.java:293) ~[na:1.8.0_202]
	at java.util.concurrent.ThreadPoolExecutor.runWorker(ThreadPoolExecutor.java:1149) ~[na:1.8.0_202]
	at java.util.concurrent.ThreadPoolExecutor$Worker.run(ThreadPoolExecutor.java:624) ~[na:1.8.0_202]
	at java.lang.Thread.run(Thread.java:748) ~[na:1.8.0_202]

2023-10-15 16:19:14.310  INFO 19020 --- [t.remote.worker] com.alibaba.nacos.common.remote.client   : [3f090fb1-55c6-4fe3-8377-8b3ac52cd4b0_config-0] Fail to connect server, after trying 4 times, last try server is {serverIp = 'localhost', server main port = 8848}, error = unknown
2023-10-15 16:19:14.325 ERROR 19020 --- [aming.updater.0] com.alibaba.nacos.common.remote.client   : Send request fail, request = ServiceQueryRequest{headers={app=unknown}, requestId='null'}, retryTimes = 0, errorMessage = Client not connected, current status:STARTING
2023-10-15 16:19:14.437 ERROR 19020 --- [aming.updater.0] com.alibaba.nacos.common.remote.client   : Send request fail, request = ServiceQueryRequest{headers={app=unknown}, requestId='null'}, retryTimes = 1, errorMessage = Client not connected, current status:STARTING
2023-10-15 16:19:14.546 ERROR 19020 --- [aming.updater.0] com.alibaba.nacos.common.remote.client   : Send request fail, request = ServiceQueryRequest{headers={app=unknown}, requestId='null'}, retryTimes = 2, errorMessage = Client not connected, current status:STARTING
2023-10-15 16:19:14.546  WARN 19020 --- [aming.updater.0] com.alibaba.nacos.client.naming          : [NA] failed to update serviceName: DEFAULT_GROUP@@providers:com.yupi.service.InnerUserService::

com.alibaba.nacos.api.exception.NacosException: Request nacos server failed: 
	at com.alibaba.nacos.client.naming.remote.gprc.NamingGrpcClientProxy.requestToServer(NamingGrpcClientProxy.java:288) ~[nacos-client-2.1.0.jar:na]
	at com.alibaba.nacos.client.naming.remote.gprc.NamingGrpcClientProxy.queryInstancesOfService(NamingGrpcClientProxy.java:168) ~[nacos-client-2.1.0.jar:na]
	at com.alibaba.nacos.client.naming.remote.NamingClientProxyDelegate.queryInstancesOfService(NamingClientProxyDelegate.java:110) ~[nacos-client-2.1.0.jar:na]
	at com.alibaba.nacos.client.naming.core.ServiceInfoUpdateService$UpdateTask.run(ServiceInfoUpdateService.java:178) ~[nacos-client-2.1.0.jar:na]
	at java.util.concurrent.Executors$RunnableAdapter.call(Executors.java:511) [na:1.8.0_202]
	at java.util.concurrent.FutureTask.run(FutureTask.java:266) [na:1.8.0_202]
	at java.util.concurrent.ScheduledThreadPoolExecutor$ScheduledFutureTask.access$201(ScheduledThreadPoolExecutor.java:180) [na:1.8.0_202]
	at java.util.concurrent.ScheduledThreadPoolExecutor$ScheduledFutureTask.run(ScheduledThreadPoolExecutor.java:293) [na:1.8.0_202]
	at java.util.concurrent.ThreadPoolExecutor.runWorker(ThreadPoolExecutor.java:1149) [na:1.8.0_202]
	at java.util.concurrent.ThreadPoolExecutor$Worker.run(ThreadPoolExecutor.java:624) [na:1.8.0_202]
	at java.lang.Thread.run(Thread.java:748) [na:1.8.0_202]
Caused by: com.alibaba.nacos.api.exception.NacosException: Client not connected, current status:STARTING
	at com.alibaba.nacos.common.remote.client.RpcClient.request(RpcClient.java:651) ~[nacos-client-2.1.0.jar:na]
	at com.alibaba.nacos.common.remote.client.RpcClient.request(RpcClient.java:631) ~[nacos-client-2.1.0.jar:na]
	at com.alibaba.nacos.client.naming.remote.gprc.NamingGrpcClientProxy.requestToServer(NamingGrpcClientProxy.java:278) ~[nacos-client-2.1.0.jar:na]
	... 10 common frames omitted

2023-10-15 16:19:14.909  WARN 19020 --- [ing.grpc.redo.0] com.alibaba.nacos.client.naming          : Grpc Connection is disconnect, skip current redo task
2023-10-15 16:19:15.021 ERROR 19020 --- [t.remote.worker] c.a.n.c.remote.client.grpc.GrpcClient    : Server check fail, please check server localhost ,port 9848 is available , error ={}

java.util.concurrent.TimeoutException: Waited 3000 milliseconds (plus 15 milliseconds, 485500 nanoseconds delay) for com.alibaba.nacos.shaded.io.grpc.stub.ClientCalls$GrpcFuture@1ef35477[status=PENDING, info=[GrpcFuture{clientCall={delegate={delegate=ClientCallImpl{method=MethodDescriptor{fullMethodName=Request/request, type=UNARY, idempotent=false, safe=false, sampledToLocalTracing=true, requestMarshaller=com.alibaba.nacos.shaded.io.grpc.protobuf.lite.ProtoLiteUtils$MessageMarshaller@25a94b55, responseMarshaller=com.alibaba.nacos.shaded.io.grpc.protobuf.lite.ProtoLiteUtils$MessageMarshaller@6adc5b9c, schemaDescriptor=com.alibaba.nacos.api.grpc.auto.RequestGrpc$RequestMethodDescriptorSupplier@19c1820d}}}}}]]
	at com.alibaba.nacos.shaded.com.google.common.util.concurrent.AbstractFuture.get(AbstractFuture.java:508) ~[nacos-client-2.1.0.jar:na]
	at com.alibaba.nacos.common.remote.client.grpc.GrpcClient.serverCheck(GrpcClient.java:192) [nacos-client-2.1.0.jar:na]
	at com.alibaba.nacos.common.remote.client.grpc.GrpcClient.connectToServer(GrpcClient.java:302) [nacos-client-2.1.0.jar:na]
	at com.alibaba.nacos.common.remote.client.RpcClient.reconnect(RpcClient.java:521) [nacos-client-2.1.0.jar:na]
	at com.alibaba.nacos.common.remote.client.RpcClient.lambda$start$2(RpcClient.java:369) [nacos-client-2.1.0.jar:na]
	at java.util.concurrent.Executors$RunnableAdapter.call(Executors.java:511) ~[na:1.8.0_202]
	at java.util.concurrent.FutureTask.run(FutureTask.java:266) ~[na:1.8.0_202]
	at java.util.concurrent.ScheduledThreadPoolExecutor$ScheduledFutureTask.access$201(ScheduledThreadPoolExecutor.java:180) ~[na:1.8.0_202]
	at java.util.concurrent.ScheduledThreadPoolExecutor$ScheduledFutureTask.run(ScheduledThreadPoolExecutor.java:293) ~[na:1.8.0_202]
	at java.util.concurrent.ThreadPoolExecutor.runWorker(ThreadPoolExecutor.java:1149) ~[na:1.8.0_202]
	at java.util.concurrent.ThreadPoolExecutor$Worker.run(ThreadPoolExecutor.java:624) ~[na:1.8.0_202]
	at java.lang.Thread.run(Thread.java:748) ~[na:1.8.0_202]

2023-10-15 16:19:15.021  INFO 19020 --- [t.remote.worker] com.alibaba.nacos.common.remote.client   : [45c1d4e9-7c56-47f4-ae88-3b4fba725ea0] Fail to connect server, after trying 1 times, last try server is {serverIp = 'localhost', server main port = 8848}, error = unknown
2023-10-15 16:19:15.211  WARN 19020 --- [ing.grpc.redo.0] com.alibaba.nacos.client.naming          : Grpc Connection is disconnect, skip current redo task
2023-10-15 16:19:15.323 ERROR 19020 --- [t.remote.worker] c.a.n.c.remote.client.grpc.GrpcClient    : Server check fail, please check server localhost ,port 9848 is available , error ={}

java.util.concurrent.TimeoutException: Waited 3000 milliseconds (plus 107000 nanoseconds delay) for com.alibaba.nacos.shaded.io.grpc.stub.ClientCalls$GrpcFuture@7d416998[status=PENDING, info=[GrpcFuture{clientCall={delegate={delegate=ClientCallImpl{method=MethodDescriptor{fullMethodName=Request/request, type=UNARY, idempotent=false, safe=false, sampledToLocalTracing=true, requestMarshaller=com.alibaba.nacos.shaded.io.grpc.protobuf.lite.ProtoLiteUtils$MessageMarshaller@25a94b55, responseMarshaller=com.alibaba.nacos.shaded.io.grpc.protobuf.lite.ProtoLiteUtils$MessageMarshaller@6adc5b9c, schemaDescriptor=com.alibaba.nacos.api.grpc.auto.RequestGrpc$RequestMethodDescriptorSupplier@19c1820d}}}}}]]
	at com.alibaba.nacos.shaded.com.google.common.util.concurrent.AbstractFuture.get(AbstractFuture.java:508) ~[nacos-client-2.1.0.jar:na]
	at com.alibaba.nacos.common.remote.client.grpc.GrpcClient.serverCheck(GrpcClient.java:192) [nacos-client-2.1.0.jar:na]
	at com.alibaba.nacos.common.remote.client.grpc.GrpcClient.connectToServer(GrpcClient.java:302) [nacos-client-2.1.0.jar:na]
	at com.alibaba.nacos.common.remote.client.RpcClient.reconnect(RpcClient.java:521) [nacos-client-2.1.0.jar:na]
	at com.alibaba.nacos.common.remote.client.RpcClient.lambda$start$2(RpcClient.java:369) [nacos-client-2.1.0.jar:na]
	at java.util.concurrent.Executors$RunnableAdapter.call(Executors.java:511) ~[na:1.8.0_202]
	at java.util.concurrent.FutureTask.run(FutureTask.java:266) ~[na:1.8.0_202]
	at java.util.concurrent.ScheduledThreadPoolExecutor$ScheduledFutureTask.access$201(ScheduledThreadPoolExecutor.java:180) ~[na:1.8.0_202]
	at java.util.concurrent.ScheduledThreadPoolExecutor$ScheduledFutureTask.run(ScheduledThreadPoolExecutor.java:293) ~[na:1.8.0_202]
	at java.util.concurrent.ThreadPoolExecutor.runWorker(ThreadPoolExecutor.java:1149) ~[na:1.8.0_202]
	at java.util.concurrent.ThreadPoolExecutor$Worker.run(ThreadPoolExecutor.java:624) ~[na:1.8.0_202]
	at java.lang.Thread.run(Thread.java:748) ~[na:1.8.0_202]

2023-10-15 16:19:15.323  INFO 19020 --- [t.remote.worker] com.alibaba.nacos.common.remote.client   : [1a62660d-ae49-4a8f-8c45-670f650afaa8] Fail to connect server, after trying 15 times, last try server is {serverIp = 'localhost', server main port = 8848}, error = unknown
2023-10-15 16:19:17.271  WARN 19020 --- [ing.grpc.redo.0] com.alibaba.nacos.client.naming          : Grpc Connection is disconnect, skip current redo task
2023-10-15 16:19:17.272 ERROR 19020 --- [           main] c.a.n.c.remote.client.grpc.GrpcClient    : Server check fail, please check server localhost ,port 9848 is available , error ={}

java.util.concurrent.TimeoutException: Waited 3000 milliseconds (plus 5 milliseconds, 512900 nanoseconds delay) for com.alibaba.nacos.shaded.io.grpc.stub.ClientCalls$GrpcFuture@3a3bc0da[status=PENDING, info=[GrpcFuture{clientCall={delegate={delegate=ClientCallImpl{method=MethodDescriptor{fullMethodName=Request/request, type=UNARY, idempotent=false, safe=false, sampledToLocalTracing=true, requestMarshaller=com.alibaba.nacos.shaded.io.grpc.protobuf.lite.ProtoLiteUtils$MessageMarshaller@25a94b55, responseMarshaller=com.alibaba.nacos.shaded.io.grpc.protobuf.lite.ProtoLiteUtils$MessageMarshaller@6adc5b9c, schemaDescriptor=com.alibaba.nacos.api.grpc.auto.RequestGrpc$RequestMethodDescriptorSupplier@19c1820d}}}}}]]
	at com.alibaba.nacos.shaded.com.google.common.util.concurrent.AbstractFuture.get(AbstractFuture.java:508) ~[nacos-client-2.1.0.jar:na]
	at com.alibaba.nacos.common.remote.client.grpc.GrpcClient.serverCheck(GrpcClient.java:192) [nacos-client-2.1.0.jar:na]
	at com.alibaba.nacos.common.remote.client.grpc.GrpcClient.connectToServer(GrpcClient.java:302) [nacos-client-2.1.0.jar:na]
	at com.alibaba.nacos.common.remote.client.RpcClient.start(RpcClient.java:389) [nacos-client-2.1.0.jar:na]
	at com.alibaba.nacos.client.naming.remote.gprc.NamingGrpcClientProxy.start(NamingGrpcClientProxy.java:95) [nacos-client-2.1.0.jar:na]
	at com.alibaba.nacos.client.naming.remote.gprc.NamingGrpcClientProxy.<init>(NamingGrpcClientProxy.java:88) [nacos-client-2.1.0.jar:na]
	at com.alibaba.nacos.client.naming.remote.NamingClientProxyDelegate.<init>(NamingClientProxyDelegate.java:76) [nacos-client-2.1.0.jar:na]
	at com.alibaba.nacos.client.naming.NacosNamingService.init(NacosNamingService.java:95) [nacos-client-2.1.0.jar:na]
	at com.alibaba.nacos.client.naming.NacosNamingService.<init>(NacosNamingService.java:81) [nacos-client-2.1.0.jar:na]
	at sun.reflect.NativeConstructorAccessorImpl.newInstance0(Native Method) [na:1.8.0_202]
	at sun.reflect.NativeConstructorAccessorImpl.newInstance(NativeConstructorAccessorImpl.java:62) [na:1.8.0_202]
	at sun.reflect.DelegatingConstructorAccessorImpl.newInstance(DelegatingConstructorAccessorImpl.java:45) [na:1.8.0_202]
	at java.lang.reflect.Constructor.newInstance(Constructor.java:423) [na:1.8.0_202]
	at com.alibaba.nacos.api.naming.NamingFactory.createNamingService(NamingFactory.java:59) [nacos-client-2.1.0.jar:na]
	at com.alibaba.nacos.api.NacosFactory.createNamingService(NacosFactory.java:77) [nacos-client-2.1.0.jar:na]
	at org.apache.dubbo.registry.nacos.util.NacosNamingServiceUtils.createNamingService(NacosNamingServiceUtils.java:104) [dubbo-3.0.9.jar:3.0.9]
	at org.apache.dubbo.registry.nacos.NacosServiceDiscovery.<init>(NacosServiceDiscovery.java:60) [dubbo-3.0.9.jar:3.0.9]
	at org.apache.dubbo.registry.nacos.NacosServiceDiscoveryFactory.createDiscovery(NacosServiceDiscoveryFactory.java:27) [dubbo-3.0.9.jar:3.0.9]
	at org.apache.dubbo.registry.client.AbstractServiceDiscoveryFactory.lambda$getServiceDiscovery$0(AbstractServiceDiscoveryFactory.java:53) [dubbo-3.0.9.jar:3.0.9]
	at java.util.concurrent.ConcurrentHashMap.computeIfAbsent(ConcurrentHashMap.java:1660) ~[na:1.8.0_202]
	at org.apache.dubbo.registry.client.AbstractServiceDiscoveryFactory.getServiceDiscovery(AbstractServiceDiscoveryFactory.java:53) [dubbo-3.0.9.jar:3.0.9]
	at org.apache.dubbo.registry.client.ServiceDiscoveryRegistry.getServiceDiscovery(ServiceDiscoveryRegistry.java:122) ~[dubbo-3.0.9.jar:3.0.9]
	at org.apache.dubbo.registry.client.ServiceDiscoveryRegistry.createServiceDiscovery(ServiceDiscoveryRegistry.java:109) ~[dubbo-3.0.9.jar:3.0.9]
	at org.apache.dubbo.registry.client.ServiceDiscoveryRegistry.<init>(ServiceDiscoveryRegistry.java:86) ~[dubbo-3.0.9.jar:3.0.9]
	at org.apache.dubbo.registry.client.ServiceDiscoveryRegistryFactory.createRegistry(ServiceDiscoveryRegistryFactory.java:35) ~[dubbo-3.0.9.jar:3.0.9]
	at org.apache.dubbo.registry.support.AbstractRegistryFactory.getRegistry(AbstractRegistryFactory.java:89) ~[dubbo-3.0.9.jar:3.0.9]
	at org.apache.dubbo.registry.RegistryFactoryWrapper.getRegistry(RegistryFactoryWrapper.java:33) ~[dubbo-3.0.9.jar:3.0.9]
	at org.apache.dubbo.registry.RegistryFactory$Adaptive.getRegistry(RegistryFactory$Adaptive.java) ~[dubbo-3.0.9.jar:3.0.9]
	at org.apache.dubbo.registry.integration.RegistryProtocol.getRegistry(RegistryProtocol.java:393) ~[dubbo-3.0.9.jar:3.0.9]
	at org.apache.dubbo.registry.integration.InterfaceCompatibleRegistryProtocol.getServiceDiscoveryInvoker(InterfaceCompatibleRegistryProtocol.java:63) ~[dubbo-3.0.9.jar:3.0.9]
	at org.apache.dubbo.registry.client.migration.MigrationInvoker.refreshServiceDiscoveryInvoker(MigrationInvoker.java:436) ~[dubbo-3.0.9.jar:3.0.9]
	at org.apache.dubbo.registry.client.migration.MigrationInvoker.migrateToApplicationFirstInvoker(MigrationInvoker.java:244) ~[dubbo-3.0.9.jar:3.0.9]
	at org.apache.dubbo.registry.client.migration.MigrationRuleHandler.refreshInvoker(MigrationRuleHandler.java:73) ~[dubbo-3.0.9.jar:3.0.9]
	at org.apache.dubbo.registry.client.migration.MigrationRuleHandler.doMigrate(MigrationRuleHandler.java:57) ~[dubbo-3.0.9.jar:3.0.9]
	at org.apache.dubbo.registry.client.migration.MigrationRuleListener.onRefer(MigrationRuleListener.java:243) ~[dubbo-3.0.9.jar:3.0.9]
	at org.apache.dubbo.registry.integration.RegistryProtocol.interceptInvoker(RegistryProtocol.java:535) ~[dubbo-3.0.9.jar:3.0.9]
	at org.apache.dubbo.registry.integration.RegistryProtocol.doRefer(RegistryProtocol.java:505) ~[dubbo-3.0.9.jar:3.0.9]
	at org.apache.dubbo.registry.integration.RegistryProtocol.refer(RegistryProtocol.java:487) ~[dubbo-3.0.9.jar:3.0.9]
	at org.apache.dubbo.qos.protocol.QosProtocolWrapper.refer(QosProtocolWrapper.java:83) ~[dubbo-3.0.9.jar:3.0.9]
	at org.apache.dubbo.rpc.protocol.ProtocolListenerWrapper.refer(ProtocolListenerWrapper.java:74) ~[dubbo-3.0.9.jar:3.0.9]
	at org.apache.dubbo.rpc.cluster.filter.ProtocolFilterWrapper.refer(ProtocolFilterWrapper.java:71) ~[dubbo-3.0.9.jar:3.0.9]
	at org.apache.dubbo.rpc.protocol.ProtocolSerializationWrapper.refer(ProtocolSerializationWrapper.java:52) ~[dubbo-3.0.9.jar:3.0.9]
	at org.apache.dubbo.rpc.Protocol$Adaptive.refer(Protocol$Adaptive.java) ~[dubbo-3.0.9.jar:3.0.9]
	at org.apache.dubbo.config.ReferenceConfig.createInvokerForRemote(ReferenceConfig.java:494) ~[dubbo-3.0.9.jar:3.0.9]
	at org.apache.dubbo.config.ReferenceConfig.createProxy(ReferenceConfig.java:397) ~[dubbo-3.0.9.jar:3.0.9]
	at org.apache.dubbo.config.ReferenceConfig.init(ReferenceConfig.java:285) ~[dubbo-3.0.9.jar:3.0.9]
	at org.apache.dubbo.config.ReferenceConfig.get(ReferenceConfig.java:219) ~[dubbo-3.0.9.jar:3.0.9]
	at org.apache.dubbo.config.utils.SimpleReferenceCache.get(SimpleReferenceCache.java:129) ~[dubbo-3.0.9.jar:3.0.9]
	at org.apache.dubbo.config.deploy.DefaultModuleDeployer.lambda$referServices$6(DefaultModuleDeployer.java:387) ~[dubbo-3.0.9.jar:3.0.9]
	at java.util.concurrent.ConcurrentHashMap$ValuesView.forEach(ConcurrentHashMap.java:4707) ~[na:1.8.0_202]
	at org.apache.dubbo.config.deploy.DefaultModuleDeployer.referServices(DefaultModuleDeployer.java:367) ~[dubbo-3.0.9.jar:3.0.9]
	at org.apache.dubbo.config.deploy.DefaultModuleDeployer.start(DefaultModuleDeployer.java:154) ~[dubbo-3.0.9.jar:3.0.9]
	at org.apache.dubbo.config.spring.context.DubboDeployApplicationListener.onContextRefreshedEvent(DubboDeployApplicationListener.java:111) ~[dubbo-3.0.9.jar:3.0.9]
	at org.apache.dubbo.config.spring.context.DubboDeployApplicationListener.onApplicationEvent(DubboDeployApplicationListener.java:100) ~[dubbo-3.0.9.jar:3.0.9]
	at org.apache.dubbo.config.spring.context.DubboDeployApplicationListener.onApplicationEvent(DubboDeployApplicationListener.java:45) ~[dubbo-3.0.9.jar:3.0.9]
	at org.springframework.context.event.SimpleApplicationEventMulticaster.doInvokeListener(SimpleApplicationEventMulticaster.java:176) ~[spring-context-5.3.20.jar:5.3.20]
	at org.springframework.context.event.SimpleApplicationEventMulticaster.invokeListener(SimpleApplicationEventMulticaster.java:169) ~[spring-context-5.3.20.jar:5.3.20]
	at org.springframework.context.event.SimpleApplicationEventMulticaster.multicastEvent(SimpleApplicationEventMulticaster.java:143) ~[spring-context-5.3.20.jar:5.3.20]
	at org.springframework.context.support.AbstractApplicationContext.publishEvent(AbstractApplicationContext.java:421) ~[spring-context-5.3.20.jar:5.3.20]
	at org.springframework.context.support.AbstractApplicationContext.publishEvent(AbstractApplicationContext.java:378) ~[spring-context-5.3.20.jar:5.3.20]
	at org.springframework.context.support.AbstractApplicationContext.finishRefresh(AbstractApplicationContext.java:938) ~[spring-context-5.3.20.jar:5.3.20]
	at org.springframework.context.support.AbstractApplicationContext.refresh(AbstractApplicationContext.java:586) ~[spring-context-5.3.20.jar:5.3.20]
	at org.springframework.boot.SpringApplication.refresh(SpringApplication.java:734) ~[spring-boot-2.7.0.jar:2.7.0]
	at org.springframework.boot.SpringApplication.refreshContext(SpringApplication.java:408) ~[spring-boot-2.7.0.jar:2.7.0]
	at org.springframework.boot.SpringApplication.run(SpringApplication.java:308) ~[spring-boot-2.7.0.jar:2.7.0]
	at org.springframework.boot.test.context.SpringBootContextLoader.loadContext(SpringBootContextLoader.java:132) ~[spring-boot-test-2.7.0.jar:2.7.0]
	at org.springframework.test.context.cache.DefaultCacheAwareContextLoaderDelegate.loadContextInternal(DefaultCacheAwareContextLoaderDelegate.java:99) ~[spring-test-5.3.20.jar:5.3.20]
	at org.springframework.test.context.cache.DefaultCacheAwareContextLoaderDelegate.loadContext(DefaultCacheAwareContextLoaderDelegate.java:124) ~[spring-test-5.3.20.jar:5.3.20]
	at org.springframework.test.context.support.DefaultTestContext.getApplicationContext(DefaultTestContext.java:124) ~[spring-test-5.3.20.jar:5.3.20]
	at org.springframework.boot.test.autoconfigure.SpringBootDependencyInjectionTestExecutionListener.outputConditionEvaluationReport(SpringBootDependencyInjectionTestExecutionListener.java:53) ~[spring-boot-test-autoconfigure-2.7.0.jar:2.7.0]
	at org.springframework.boot.test.autoconfigure.SpringBootDependencyInjectionTestExecutionListener.prepareTestInstance(SpringBootDependencyInjectionTestExecutionListener.java:46) ~[spring-boot-test-autoconfigure-2.7.0.jar:2.7.0]
	at org.springframework.test.context.TestContextManager.prepareTestInstance(TestContextManager.java:248) ~[spring-test-5.3.20.jar:5.3.20]
	at org.springframework.test.context.junit.jupiter.SpringExtension.postProcessTestInstance(SpringExtension.java:138) ~[spring-test-5.3.20.jar:5.3.20]
	at org.junit.jupiter.engine.descriptor.ClassBasedTestDescriptor.lambda$invokeTestInstancePostProcessors$8(ClassBasedTestDescriptor.java:363) ~[junit-jupiter-engine-5.8.2.jar:5.8.2]
	at org.junit.jupiter.engine.descriptor.ClassBasedTestDescriptor.executeAndMaskThrowable(ClassBasedTestDescriptor.java:368) ~[junit-jupiter-engine-5.8.2.jar:5.8.2]
	at org.junit.jupiter.engine.descriptor.ClassBasedTestDescriptor.lambda$invokeTestInstancePostProcessors$9(ClassBasedTestDescriptor.java:363) ~[junit-jupiter-engine-5.8.2.jar:5.8.2]
	at java.util.stream.ReferencePipeline$3$1.accept(ReferencePipeline.java:193) ~[na:1.8.0_202]
	at java.util.stream.ReferencePipeline$2$1.accept(ReferencePipeline.java:175) ~[na:1.8.0_202]
	at java.util.ArrayList$ArrayListSpliterator.forEachRemaining(ArrayList.java:1382) ~[na:1.8.0_202]
	at java.util.stream.AbstractPipeline.copyInto(AbstractPipeline.java:481) ~[na:1.8.0_202]
	at java.util.stream.AbstractPipeline.wrapAndCopyInto(AbstractPipeline.java:471) ~[na:1.8.0_202]
	at java.util.stream.StreamSpliterators$WrappingSpliterator.forEachRemaining(StreamSpliterators.java:312) ~[na:1.8.0_202]
	at java.util.stream.Streams$ConcatSpliterator.forEachRemaining(Streams.java:743) ~[na:1.8.0_202]
	at java.util.stream.Streams$ConcatSpliterator.forEachRemaining(Streams.java:742) ~[na:1.8.0_202]
	at java.util.stream.ReferencePipeline$Head.forEach(ReferencePipeline.java:580) ~[na:1.8.0_202]
	at org.junit.jupiter.engine.descriptor.ClassBasedTestDescriptor.invokeTestInstancePostProcessors(ClassBasedTestDescriptor.java:362) ~[junit-jupiter-engine-5.8.2.jar:5.8.2]
	at org.junit.jupiter.engine.descriptor.ClassBasedTestDescriptor.lambda$instantiateAndPostProcessTestInstance$6(ClassBasedTestDescriptor.java:283) ~[junit-jupiter-engine-5.8.2.jar:5.8.2]
	at org.junit.platform.engine.support.hierarchical.ThrowableCollector.execute(ThrowableCollector.java:73) ~[junit-platform-engine-1.8.2.jar:1.8.2]
	at org.junit.jupiter.engine.descriptor.ClassBasedTestDescriptor.instantiateAndPostProcessTestInstance(ClassBasedTestDescriptor.java:282) ~[junit-jupiter-engine-5.8.2.jar:5.8.2]
	at org.junit.jupiter.engine.descriptor.ClassBasedTestDescriptor.lambda$testInstancesProvider$4(ClassBasedTestDescriptor.java:272) ~[junit-jupiter-engine-5.8.2.jar:5.8.2]
	at java.util.Optional.orElseGet(Optional.java:267) ~[na:1.8.0_202]
	at org.junit.jupiter.engine.descriptor.ClassBasedTestDescriptor.lambda$testInstancesProvider$5(ClassBasedTestDescriptor.java:271) ~[junit-jupiter-engine-5.8.2.jar:5.8.2]
	at org.junit.jupiter.engine.execution.TestInstancesProvider.getTestInstances(TestInstancesProvider.java:31) ~[junit-jupiter-engine-5.8.2.jar:5.8.2]
	at org.junit.jupiter.engine.descriptor.TestMethodTestDescriptor.lambda$prepare$0(TestMethodTestDescriptor.java:102) ~[junit-jupiter-engine-5.8.2.jar:5.8.2]
	at org.junit.platform.engine.support.hierarchical.ThrowableCollector.execute(ThrowableCollector.java:73) ~[junit-platform-engine-1.8.2.jar:1.8.2]
	at org.junit.jupiter.engine.descriptor.TestMethodTestDescriptor.prepare(TestMethodTestDescriptor.java:101) ~[junit-jupiter-engine-5.8.2.jar:5.8.2]
	at org.junit.jupiter.engine.descriptor.TestMethodTestDescriptor.prepare(TestMethodTestDescriptor.java:66) ~[junit-jupiter-engine-5.8.2.jar:5.8.2]
	at org.junit.platform.engine.support.hierarchical.NodeTestTask.lambda$prepare$2(NodeTestTask.java:123) ~[junit-platform-engine-1.8.2.jar:1.8.2]
	at org.junit.platform.engine.support.hierarchical.ThrowableCollector.execute(ThrowableCollector.java:73) ~[junit-platform-engine-1.8.2.jar:1.8.2]
	at org.junit.platform.engine.support.hierarchical.NodeTestTask.prepare(NodeTestTask.java:123) ~[junit-platform-engine-1.8.2.jar:1.8.2]
	at org.junit.platform.engine.support.hierarchical.NodeTestTask.execute(NodeTestTask.java:90) ~[junit-platform-engine-1.8.2.jar:1.8.2]
	at java.util.ArrayList.forEach(ArrayList.java:1257) ~[na:1.8.0_202]
	at org.junit.platform.engine.support.hierarchical.SameThreadHierarchicalTestExecutorService.invokeAll(SameThreadHierarchicalTestExecutorService.java:41) ~[junit-platform-engine-1.8.2.jar:1.8.2]
	at org.junit.platform.engine.support.hierarchical.NodeTestTask.lambda$executeRecursively$6(NodeTestTask.java:155) ~[junit-platform-engine-1.8.2.jar:1.8.2]
	at org.junit.platform.engine.support.hierarchical.ThrowableCollector.execute(ThrowableCollector.java:73) ~[junit-platform-engine-1.8.2.jar:1.8.2]
	at org.junit.platform.engine.support.hierarchical.NodeTestTask.lambda$executeRecursively$8(NodeTestTask.java:141) ~[junit-platform-engine-1.8.2.jar:1.8.2]
	at org.junit.platform.engine.support.hierarchical.Node.around(Node.java:137) ~[junit-platform-engine-1.8.2.jar:1.8.2]
	at org.junit.platform.engine.support.hierarchical.NodeTestTask.lambda$executeRecursively$9(NodeTestTask.java:139) ~[junit-platform-engine-1.8.2.jar:1.8.2]
	at org.junit.platform.engine.support.hierarchical.ThrowableCollector.execute(ThrowableCollector.java:73) ~[junit-platform-engine-1.8.2.jar:1.8.2]
	at org.junit.platform.engine.support.hierarchical.NodeTestTask.executeRecursively(NodeTestTask.java:138) ~[junit-platform-engine-1.8.2.jar:1.8.2]
	at org.junit.platform.engine.support.hierarchical.NodeTestTask.execute(NodeTestTask.java:95) ~[junit-platform-engine-1.8.2.jar:1.8.2]
	at java.util.ArrayList.forEach(ArrayList.java:1257) ~[na:1.8.0_202]
	at org.junit.platform.engine.support.hierarchical.SameThreadHierarchicalTestExecutorService.invokeAll(SameThreadHierarchicalTestExecutorService.java:41) ~[junit-platform-engine-1.8.2.jar:1.8.2]
	at org.junit.platform.engine.support.hierarchical.NodeTestTask.lambda$executeRecursively$6(NodeTestTask.java:155) ~[junit-platform-engine-1.8.2.jar:1.8.2]
	at org.junit.platform.engine.support.hierarchical.ThrowableCollector.execute(ThrowableCollector.java:73) ~[junit-platform-engine-1.8.2.jar:1.8.2]
	at org.junit.platform.engine.support.hierarchical.NodeTestTask.lambda$executeRecursively$8(NodeTestTask.java:141) ~[junit-platform-engine-1.8.2.jar:1.8.2]
	at org.junit.platform.engine.support.hierarchical.Node.around(Node.java:137) ~[junit-platform-engine-1.8.2.jar:1.8.2]
	at org.junit.platform.engine.support.hierarchical.NodeTestTask.lambda$executeRecursively$9(NodeTestTask.java:139) ~[junit-platform-engine-1.8.2.jar:1.8.2]
	at org.junit.platform.engine.support.hierarchical.ThrowableCollector.execute(ThrowableCollector.java:73) ~[junit-platform-engine-1.8.2.jar:1.8.2]
	at org.junit.platform.engine.support.hierarchical.NodeTestTask.executeRecursively(NodeTestTask.java:138) ~[junit-platform-engine-1.8.2.jar:1.8.2]
	at org.junit.platform.engine.support.hierarchical.NodeTestTask.execute(NodeTestTask.java:95) ~[junit-platform-engine-1.8.2.jar:1.8.2]
	at org.junit.platform.engine.support.hierarchical.SameThreadHierarchicalTestExecutorService.submit(SameThreadHierarchicalTestExecutorService.java:35) ~[junit-platform-engine-1.8.2.jar:1.8.2]
	at org.junit.platform.engine.support.hierarchical.HierarchicalTestExecutor.execute(HierarchicalTestExecutor.java:57) ~[junit-platform-engine-1.8.2.jar:1.8.2]
	at org.junit.platform.engine.support.hierarchical.HierarchicalTestEngine.execute(HierarchicalTestEngine.java:54) ~[junit-platform-engine-1.8.2.jar:1.8.2]
	at org.junit.platform.launcher.core.DefaultLauncher.execute(DefaultLauncher.java:220) ~[junit-platform-launcher-1.3.1.jar:1.3.1]
	at org.junit.platform.launcher.core.DefaultLauncher.lambda$execute$6(DefaultLauncher.java:188) ~[junit-platform-launcher-1.3.1.jar:1.3.1]
	at org.junit.platform.launcher.core.DefaultLauncher.withInterceptedStreams(DefaultLauncher.java:202) ~[junit-platform-launcher-1.3.1.jar:1.3.1]
	at org.junit.platform.launcher.core.DefaultLauncher.execute(DefaultLauncher.java:181) ~[junit-platform-launcher-1.3.1.jar:1.3.1]
	at org.junit.platform.launcher.core.DefaultLauncher.execute(DefaultLauncher.java:128) ~[junit-platform-launcher-1.3.1.jar:1.3.1]
	at org.apache.maven.surefire.junitplatform.JUnitPlatformProvider.invokeAllTests(JUnitPlatformProvider.java:150) ~[surefire-junit-platform-2.22.2.jar:2.22.2]
	at org.apache.maven.surefire.junitplatform.JUnitPlatformProvider.invoke(JUnitPlatformProvider.java:124) ~[surefire-junit-platform-2.22.2.jar:2.22.2]
	at org.apache.maven.surefire.booter.ForkedBooter.invokeProviderInSameClassLoader(ForkedBooter.java:384) ~[surefire-booter-2.22.2.jar:2.22.2]
	at org.apache.maven.surefire.booter.ForkedBooter.runSuitesInProcess(ForkedBooter.java:345) ~[surefire-booter-2.22.2.jar:2.22.2]
	at org.apache.maven.surefire.booter.ForkedBooter.execute(ForkedBooter.java:126) ~[surefire-booter-2.22.2.jar:2.22.2]
	at org.apache.maven.surefire.booter.ForkedBooter.main(ForkedBooter.java:418) ~[surefire-booter-2.22.2.jar:2.22.2]

2023-10-15 16:19:17.272  INFO 19020 --- [           main] com.alibaba.nacos.common.remote.client   : [3b7876bc-3d8f-4bce-b2f6-42ad5540381f] Try to connect to server on start up, server: {serverIp = 'localhost', server main port = 8848}
2023-10-15 16:19:17.303 ERROR 19020 --- [s.client.Worker] com.alibaba.nacos.common.remote.client   : Send request fail, request = ConfigBatchListenRequest{headers={charset=UTF-8, Client-AppName=unknown, Client-RequestToken=178cf68dd88e019b779d48bf6272b799, Client-RequestTS=1697357957193, exConfigInfo=true}, requestId='null'}, retryTimes = 0, errorMessage = Client not connected, current status:STARTING
2023-10-15 16:19:17.413 ERROR 19020 --- [s.client.Worker] com.alibaba.nacos.common.remote.client   : Send request fail, request = ConfigBatchListenRequest{headers={charset=UTF-8, Client-AppName=unknown, Client-RequestToken=178cf68dd88e019b779d48bf6272b799, Client-RequestTS=1697357957193, exConfigInfo=true}, requestId='null'}, retryTimes = 1, errorMessage = Client not connected, current status:STARTING
2023-10-15 16:19:17.524 ERROR 19020 --- [s.client.Worker] com.alibaba.nacos.common.remote.client   : Send request fail, request = ConfigBatchListenRequest{headers={charset=UTF-8, Client-AppName=unknown, Client-RequestToken=178cf68dd88e019b779d48bf6272b799, Client-RequestTS=1697357957193, exConfigInfo=true}, requestId='null'}, retryTimes = 2, errorMessage = Client not connected, current status:STARTING
2023-10-15 16:19:17.524 ERROR 19020 --- [s.client.Worker] c.a.n.client.config.impl.ClientWorker    : Async listen config change error 

com.alibaba.nacos.api.exception.NacosException: Client not connected, current status:STARTING
	at com.alibaba.nacos.common.remote.client.RpcClient.request(RpcClient.java:651) ~[nacos-client-2.1.0.jar:na]
	at com.alibaba.nacos.client.config.impl.ClientWorker$ConfigRpcTransportClient.requestProxy(ClientWorker.java:1005) [nacos-client-2.1.0.jar:na]
	at com.alibaba.nacos.client.config.impl.ClientWorker$ConfigRpcTransportClient.requestProxy(ClientWorker.java:986) [nacos-client-2.1.0.jar:na]
	at com.alibaba.nacos.client.config.impl.ClientWorker$ConfigRpcTransportClient.executeConfigListen(ClientWorker.java:777) [nacos-client-2.1.0.jar:na]
	at com.alibaba.nacos.client.config.impl.ClientWorker$ConfigRpcTransportClient.lambda$startInternal$2(ClientWorker.java:695) [nacos-client-2.1.0.jar:na]
	at java.util.concurrent.Executors$RunnableAdapter.call(Executors.java:511) ~[na:1.8.0_202]
	at java.util.concurrent.FutureTask.run(FutureTask.java:266) ~[na:1.8.0_202]
	at java.util.concurrent.ScheduledThreadPoolExecutor$ScheduledFutureTask.access$201(ScheduledThreadPoolExecutor.java:180) ~[na:1.8.0_202]
	at java.util.concurrent.ScheduledThreadPoolExecutor$ScheduledFutureTask.run(ScheduledThreadPoolExecutor.java:293) ~[na:1.8.0_202]
	at java.util.concurrent.ThreadPoolExecutor.runWorker(ThreadPoolExecutor.java:1149) ~[na:1.8.0_202]
	at java.util.concurrent.ThreadPoolExecutor$Worker.run(ThreadPoolExecutor.java:624) ~[na:1.8.0_202]
	at java.lang.Thread.run(Thread.java:748) ~[na:1.8.0_202]

2023-10-15 16:19:17.827 ERROR 19020 --- [t.remote.worker] c.a.n.c.remote.client.grpc.GrpcClient    : Server check fail, please check server localhost ,port 9848 is available , error ={}

java.util.concurrent.TimeoutException: Waited 3000 milliseconds (plus 12 milliseconds, 231900 nanoseconds delay) for com.alibaba.nacos.shaded.io.grpc.stub.ClientCalls$GrpcFuture@7d890159[status=PENDING, info=[GrpcFuture{clientCall={delegate={delegate=ClientCallImpl{method=MethodDescriptor{fullMethodName=Request/request, type=UNARY, idempotent=false, safe=false, sampledToLocalTracing=true, requestMarshaller=com.alibaba.nacos.shaded.io.grpc.protobuf.lite.ProtoLiteUtils$MessageMarshaller@25a94b55, responseMarshaller=com.alibaba.nacos.shaded.io.grpc.protobuf.lite.ProtoLiteUtils$MessageMarshaller@6adc5b9c, schemaDescriptor=com.alibaba.nacos.api.grpc.auto.RequestGrpc$RequestMethodDescriptorSupplier@19c1820d}}}}}]]
	at com.alibaba.nacos.shaded.com.google.common.util.concurrent.AbstractFuture.get(AbstractFuture.java:508) ~[nacos-client-2.1.0.jar:na]
	at com.alibaba.nacos.common.remote.client.grpc.GrpcClient.serverCheck(GrpcClient.java:192) [nacos-client-2.1.0.jar:na]
	at com.alibaba.nacos.common.remote.client.grpc.GrpcClient.connectToServer(GrpcClient.java:302) [nacos-client-2.1.0.jar:na]
	at com.alibaba.nacos.common.remote.client.RpcClient.reconnect(RpcClient.java:521) [nacos-client-2.1.0.jar:na]
	at com.alibaba.nacos.common.remote.client.RpcClient.lambda$start$2(RpcClient.java:369) [nacos-client-2.1.0.jar:na]
	at java.util.concurrent.Executors$RunnableAdapter.call(Executors.java:511) ~[na:1.8.0_202]
	at java.util.concurrent.FutureTask.run(FutureTask.java:266) ~[na:1.8.0_202]
	at java.util.concurrent.ScheduledThreadPoolExecutor$ScheduledFutureTask.access$201(ScheduledThreadPoolExecutor.java:180) ~[na:1.8.0_202]
	at java.util.concurrent.ScheduledThreadPoolExecutor$ScheduledFutureTask.run(ScheduledThreadPoolExecutor.java:293) ~[na:1.8.0_202]
	at java.util.concurrent.ThreadPoolExecutor.runWorker(ThreadPoolExecutor.java:1149) ~[na:1.8.0_202]
	at java.util.concurrent.ThreadPoolExecutor$Worker.run(ThreadPoolExecutor.java:624) ~[na:1.8.0_202]
	at java.lang.Thread.run(Thread.java:748) ~[na:1.8.0_202]

2023-10-15 16:19:17.827  INFO 19020 --- [t.remote.worker] com.alibaba.nacos.common.remote.client   : [3f090fb1-55c6-4fe3-8377-8b3ac52cd4b0_config-0] Fail to connect server, after trying 5 times, last try server is {serverIp = 'localhost', server main port = 8848}, error = unknown
2023-10-15 16:19:17.920  WARN 19020 --- [ing.grpc.redo.0] com.alibaba.nacos.client.naming          : Grpc Connection is disconnect, skip current redo task
2023-10-15 16:19:18.029 ERROR 19020 --- [aming.updater.2] com.alibaba.nacos.common.remote.client   : Send request fail, request = ServiceQueryRequest{headers={app=unknown}, requestId='null'}, retryTimes = 0, errorMessage = Client not connected, current status:STARTING
2023-10-15 16:19:18.029 ERROR 19020 --- [t.remote.worker] c.a.n.c.remote.client.grpc.GrpcClient    : Server check fail, please check server localhost ,port 9848 is available , error ={}

java.util.concurrent.TimeoutException: Waited 3000 milliseconds (plus 6 milliseconds, 980100 nanoseconds delay) for com.alibaba.nacos.shaded.io.grpc.stub.ClientCalls$GrpcFuture@571186d1[status=PENDING, info=[GrpcFuture{clientCall={delegate={delegate=ClientCallImpl{method=MethodDescriptor{fullMethodName=Request/request, type=UNARY, idempotent=false, safe=false, sampledToLocalTracing=true, requestMarshaller=com.alibaba.nacos.shaded.io.grpc.protobuf.lite.ProtoLiteUtils$MessageMarshaller@25a94b55, responseMarshaller=com.alibaba.nacos.shaded.io.grpc.protobuf.lite.ProtoLiteUtils$MessageMarshaller@6adc5b9c, schemaDescriptor=com.alibaba.nacos.api.grpc.auto.RequestGrpc$RequestMethodDescriptorSupplier@19c1820d}}}}}]]
	at com.alibaba.nacos.shaded.com.google.common.util.concurrent.AbstractFuture.get(AbstractFuture.java:508) ~[nacos-client-2.1.0.jar:na]
	at com.alibaba.nacos.common.remote.client.grpc.GrpcClient.serverCheck(GrpcClient.java:192) [nacos-client-2.1.0.jar:na]
	at com.alibaba.nacos.common.remote.client.grpc.GrpcClient.connectToServer(GrpcClient.java:302) [nacos-client-2.1.0.jar:na]
	at com.alibaba.nacos.common.remote.client.RpcClient.reconnect(RpcClient.java:521) [nacos-client-2.1.0.jar:na]
	at com.alibaba.nacos.common.remote.client.RpcClient.lambda$start$2(RpcClient.java:369) [nacos-client-2.1.0.jar:na]
	at java.util.concurrent.Executors$RunnableAdapter.call(Executors.java:511) ~[na:1.8.0_202]
	at java.util.concurrent.FutureTask.run(FutureTask.java:266) ~[na:1.8.0_202]
	at java.util.concurrent.ScheduledThreadPoolExecutor$ScheduledFutureTask.access$201(ScheduledThreadPoolExecutor.java:180) ~[na:1.8.0_202]
	at java.util.concurrent.ScheduledThreadPoolExecutor$ScheduledFutureTask.run(ScheduledThreadPoolExecutor.java:293) ~[na:1.8.0_202]
	at java.util.concurrent.ThreadPoolExecutor.runWorker(ThreadPoolExecutor.java:1149) ~[na:1.8.0_202]
	at java.util.concurrent.ThreadPoolExecutor$Worker.run(ThreadPoolExecutor.java:624) ~[na:1.8.0_202]
	at java.lang.Thread.run(Thread.java:748) ~[na:1.8.0_202]

2023-10-15 16:19:18.029  INFO 19020 --- [t.remote.worker] com.alibaba.nacos.common.remote.client   : [fe9b996a-7e47-43fe-ad06-6dbc78424a39_config-0] Fail to connect server, after trying 10 times, last try server is {serverIp = 'localhost', server main port = 8848}, error = unknown
2023-10-15 16:19:18.140 ERROR 19020 --- [aming.updater.2] com.alibaba.nacos.common.remote.client   : Send request fail, request = ServiceQueryRequest{headers={app=unknown}, requestId='null'}, retryTimes = 1, errorMessage = Client not connected, current status:STARTING
2023-10-15 16:19:18.219  WARN 19020 --- [ing.grpc.redo.0] com.alibaba.nacos.client.naming          : Grpc Connection is disconnect, skip current redo task
2023-10-15 16:19:18.234 ERROR 19020 --- [t.remote.worker] c.a.n.c.remote.client.grpc.GrpcClient    : Server check fail, please check server localhost ,port 9848 is available , error ={}

java.util.concurrent.TimeoutException: Waited 3000 milliseconds (plus 7 milliseconds, 68200 nanoseconds delay) for com.alibaba.nacos.shaded.io.grpc.stub.ClientCalls$GrpcFuture@5993a68f[status=PENDING, info=[GrpcFuture{clientCall={delegate={delegate=ClientCallImpl{method=MethodDescriptor{fullMethodName=Request/request, type=UNARY, idempotent=false, safe=false, sampledToLocalTracing=true, requestMarshaller=com.alibaba.nacos.shaded.io.grpc.protobuf.lite.ProtoLiteUtils$MessageMarshaller@25a94b55, responseMarshaller=com.alibaba.nacos.shaded.io.grpc.protobuf.lite.ProtoLiteUtils$MessageMarshaller@6adc5b9c, schemaDescriptor=com.alibaba.nacos.api.grpc.auto.RequestGrpc$RequestMethodDescriptorSupplier@19c1820d}}}}}]]
	at com.alibaba.nacos.shaded.com.google.common.util.concurrent.AbstractFuture.get(AbstractFuture.java:508) ~[nacos-client-2.1.0.jar:na]
	at com.alibaba.nacos.common.remote.client.grpc.GrpcClient.serverCheck(GrpcClient.java:192) [nacos-client-2.1.0.jar:na]
	at com.alibaba.nacos.common.remote.client.grpc.GrpcClient.connectToServer(GrpcClient.java:302) [nacos-client-2.1.0.jar:na]
	at com.alibaba.nacos.common.remote.client.RpcClient.reconnect(RpcClient.java:521) [nacos-client-2.1.0.jar:na]
	at com.alibaba.nacos.common.remote.client.RpcClient.lambda$start$2(RpcClient.java:369) [nacos-client-2.1.0.jar:na]
	at java.util.concurrent.Executors$RunnableAdapter.call(Executors.java:511) ~[na:1.8.0_202]
	at java.util.concurrent.FutureTask.run(FutureTask.java:266) ~[na:1.8.0_202]
	at java.util.concurrent.ScheduledThreadPoolExecutor$ScheduledFutureTask.access$201(ScheduledThreadPoolExecutor.java:180) ~[na:1.8.0_202]
	at java.util.concurrent.ScheduledThreadPoolExecutor$ScheduledFutureTask.run(ScheduledThreadPoolExecutor.java:293) ~[na:1.8.0_202]
	at java.util.concurrent.ThreadPoolExecutor.runWorker(ThreadPoolExecutor.java:1149) ~[na:1.8.0_202]
	at java.util.concurrent.ThreadPoolExecutor$Worker.run(ThreadPoolExecutor.java:624) ~[na:1.8.0_202]
	at java.lang.Thread.run(Thread.java:748) ~[na:1.8.0_202]

2023-10-15 16:19:18.234  INFO 19020 --- [t.remote.worker] com.alibaba.nacos.common.remote.client   : [45c1d4e9-7c56-47f4-ae88-3b4fba725ea0] Fail to connect server, after trying 2 times, last try server is {serverIp = 'localhost', server main port = 8848}, error = unknown
2023-10-15 16:19:18.250 ERROR 19020 --- [aming.updater.2] com.alibaba.nacos.common.remote.client   : Send request fail, request = ServiceQueryRequest{headers={app=unknown}, requestId='null'}, retryTimes = 2, errorMessage = Client not connected, current status:STARTING
2023-10-15 16:19:18.250  WARN 19020 --- [aming.updater.2] com.alibaba.nacos.client.naming          : [NA] failed to update serviceName: DEFAULT_GROUP@@providers:org.apache.dubbo.metadata.MetadataService:1.0.0:dubbo-springboot-demo-provider

com.alibaba.nacos.api.exception.NacosException: Request nacos server failed: 
	at com.alibaba.nacos.client.naming.remote.gprc.NamingGrpcClientProxy.requestToServer(NamingGrpcClientProxy.java:288) ~[nacos-client-2.1.0.jar:na]
	at com.alibaba.nacos.client.naming.remote.gprc.NamingGrpcClientProxy.queryInstancesOfService(NamingGrpcClientProxy.java:168) ~[nacos-client-2.1.0.jar:na]
	at com.alibaba.nacos.client.naming.remote.NamingClientProxyDelegate.queryInstancesOfService(NamingClientProxyDelegate.java:110) ~[nacos-client-2.1.0.jar:na]
	at com.alibaba.nacos.client.naming.core.ServiceInfoUpdateService$UpdateTask.run(ServiceInfoUpdateService.java:178) ~[nacos-client-2.1.0.jar:na]
	at java.util.concurrent.Executors$RunnableAdapter.call(Executors.java:511) [na:1.8.0_202]
	at java.util.concurrent.FutureTask.run(FutureTask.java:266) [na:1.8.0_202]
	at java.util.concurrent.ScheduledThreadPoolExecutor$ScheduledFutureTask.access$201(ScheduledThreadPoolExecutor.java:180) [na:1.8.0_202]
	at java.util.concurrent.ScheduledThreadPoolExecutor$ScheduledFutureTask.run(ScheduledThreadPoolExecutor.java:293) [na:1.8.0_202]
	at java.util.concurrent.ThreadPoolExecutor.runWorker(ThreadPoolExecutor.java:1149) [na:1.8.0_202]
	at java.util.concurrent.ThreadPoolExecutor$Worker.run(ThreadPoolExecutor.java:624) [na:1.8.0_202]
	at java.lang.Thread.run(Thread.java:748) [na:1.8.0_202]
Caused by: com.alibaba.nacos.api.exception.NacosException: Client not connected, current status:STARTING
	at com.alibaba.nacos.common.remote.client.RpcClient.request(RpcClient.java:651) ~[nacos-client-2.1.0.jar:na]
	at com.alibaba.nacos.common.remote.client.RpcClient.request(RpcClient.java:631) ~[nacos-client-2.1.0.jar:na]
	at com.alibaba.nacos.client.naming.remote.gprc.NamingGrpcClientProxy.requestToServer(NamingGrpcClientProxy.java:278) ~[nacos-client-2.1.0.jar:na]
	... 10 common frames omitted

2023-10-15 16:19:18.663 ERROR 19020 --- [aming.updater.1] com.alibaba.nacos.common.remote.client   : Send request fail, request = ServiceQueryRequest{headers={app=unknown}, requestId='null'}, retryTimes = 0, errorMessage = Client not connected, current status:STARTING
2023-10-15 16:19:18.773 ERROR 19020 --- [aming.updater.1] com.alibaba.nacos.common.remote.client   : Send request fail, request = ServiceQueryRequest{headers={app=unknown}, requestId='null'}, retryTimes = 1, errorMessage = Client not connected, current status:STARTING
2023-10-15 16:19:18.884 ERROR 19020 --- [aming.updater.1] com.alibaba.nacos.common.remote.client   : Send request fail, request = ServiceQueryRequest{headers={app=unknown}, requestId='null'}, retryTimes = 2, errorMessage = Client not connected, current status:STARTING
2023-10-15 16:19:18.884  WARN 19020 --- [aming.updater.1] com.alibaba.nacos.client.naming          : [NA] failed to update serviceName: DEFAULT_GROUP@@providers:com.yupi.service.InnerUserService::

com.alibaba.nacos.api.exception.NacosException: Request nacos server failed: 
	at com.alibaba.nacos.client.naming.remote.gprc.NamingGrpcClientProxy.requestToServer(NamingGrpcClientProxy.java:288) ~[nacos-client-2.1.0.jar:na]
	at com.alibaba.nacos.client.naming.remote.gprc.NamingGrpcClientProxy.queryInstancesOfService(NamingGrpcClientProxy.java:168) ~[nacos-client-2.1.0.jar:na]
	at com.alibaba.nacos.client.naming.remote.NamingClientProxyDelegate.queryInstancesOfService(NamingClientProxyDelegate.java:110) ~[nacos-client-2.1.0.jar:na]
	at com.alibaba.nacos.client.naming.core.ServiceInfoUpdateService$UpdateTask.run(ServiceInfoUpdateService.java:178) ~[nacos-client-2.1.0.jar:na]
	at java.util.concurrent.Executors$RunnableAdapter.call(Executors.java:511) [na:1.8.0_202]
	at java.util.concurrent.FutureTask.run(FutureTask.java:266) [na:1.8.0_202]
	at java.util.concurrent.ScheduledThreadPoolExecutor$ScheduledFutureTask.access$201(ScheduledThreadPoolExecutor.java:180) [na:1.8.0_202]
	at java.util.concurrent.ScheduledThreadPoolExecutor$ScheduledFutureTask.run(ScheduledThreadPoolExecutor.java:293) [na:1.8.0_202]
	at java.util.concurrent.ThreadPoolExecutor.runWorker(ThreadPoolExecutor.java:1149) [na:1.8.0_202]
	at java.util.concurrent.ThreadPoolExecutor$Worker.run(ThreadPoolExecutor.java:624) [na:1.8.0_202]
	at java.lang.Thread.run(Thread.java:748) [na:1.8.0_202]
Caused by: com.alibaba.nacos.api.exception.NacosException: Client not connected, current status:STARTING
	at com.alibaba.nacos.common.remote.client.RpcClient.request(RpcClient.java:651) ~[nacos-client-2.1.0.jar:na]
	at com.alibaba.nacos.common.remote.client.RpcClient.request(RpcClient.java:631) ~[nacos-client-2.1.0.jar:na]
	at com.alibaba.nacos.client.naming.remote.gprc.NamingGrpcClientProxy.requestToServer(NamingGrpcClientProxy.java:278) ~[nacos-client-2.1.0.jar:na]
	... 10 common frames omitted

2023-10-15 16:19:19.487 ERROR 19020 --- [s.client.Worker] com.alibaba.nacos.common.remote.client   : Send request fail, request = ConfigBatchListenRequest{headers={charset=UTF-8, Client-AppName=unknown, Client-RequestToken=1b8b5d2d8ac6368598d06423ce3acc22, Client-RequestTS=1697357959375, exConfigInfo=true}, requestId='null'}, retryTimes = 0, errorMessage = Client not connected, current status:STARTING
2023-10-15 16:19:19.599 ERROR 19020 --- [s.client.Worker] com.alibaba.nacos.common.remote.client   : Send request fail, request = ConfigBatchListenRequest{headers={charset=UTF-8, Client-AppName=unknown, Client-RequestToken=1b8b5d2d8ac6368598d06423ce3acc22, Client-RequestTS=1697357959375, exConfigInfo=true}, requestId='null'}, retryTimes = 1, errorMessage = Client not connected, current status:STARTING
2023-10-15 16:19:19.711 ERROR 19020 --- [s.client.Worker] com.alibaba.nacos.common.remote.client   : Send request fail, request = ConfigBatchListenRequest{headers={charset=UTF-8, Client-AppName=unknown, Client-RequestToken=1b8b5d2d8ac6368598d06423ce3acc22, Client-RequestTS=1697357959375, exConfigInfo=true}, requestId='null'}, retryTimes = 2, errorMessage = Client not connected, current status:STARTING
2023-10-15 16:19:19.711 ERROR 19020 --- [s.client.Worker] c.a.n.client.config.impl.ClientWorker    : Async listen config change error 

com.alibaba.nacos.api.exception.NacosException: Client not connected, current status:STARTING
	at com.alibaba.nacos.common.remote.client.RpcClient.request(RpcClient.java:651) ~[nacos-client-2.1.0.jar:na]
	at com.alibaba.nacos.client.config.impl.ClientWorker$ConfigRpcTransportClient.requestProxy(ClientWorker.java:1005) [nacos-client-2.1.0.jar:na]
	at com.alibaba.nacos.client.config.impl.ClientWorker$ConfigRpcTransportClient.requestProxy(ClientWorker.java:986) [nacos-client-2.1.0.jar:na]
	at com.alibaba.nacos.client.config.impl.ClientWorker$ConfigRpcTransportClient.executeConfigListen(ClientWorker.java:777) [nacos-client-2.1.0.jar:na]
	at com.alibaba.nacos.client.config.impl.ClientWorker$ConfigRpcTransportClient.lambda$startInternal$2(ClientWorker.java:695) [nacos-client-2.1.0.jar:na]
	at java.util.concurrent.Executors$RunnableAdapter.call(Executors.java:511) ~[na:1.8.0_202]
	at java.util.concurrent.FutureTask.run(FutureTask.java:266) ~[na:1.8.0_202]
	at java.util.concurrent.ScheduledThreadPoolExecutor$ScheduledFutureTask.access$201(ScheduledThreadPoolExecutor.java:180) ~[na:1.8.0_202]
	at java.util.concurrent.ScheduledThreadPoolExecutor$ScheduledFutureTask.run(ScheduledThreadPoolExecutor.java:293) ~[na:1.8.0_202]
	at java.util.concurrent.ThreadPoolExecutor.runWorker(ThreadPoolExecutor.java:1149) ~[na:1.8.0_202]
	at java.util.concurrent.ThreadPoolExecutor$Worker.run(ThreadPoolExecutor.java:624) ~[na:1.8.0_202]
	at java.lang.Thread.run(Thread.java:748) ~[na:1.8.0_202]

2023-10-15 16:19:19.951 ERROR 19020 --- [t.remote.worker] c.a.n.c.remote.client.grpc.GrpcClient    : Server check fail, please check server localhost ,port 9848 is available , error ={}

java.util.concurrent.TimeoutException: Waited 3000 milliseconds (plus 12 milliseconds, 559100 nanoseconds delay) for com.alibaba.nacos.shaded.io.grpc.stub.ClientCalls$GrpcFuture@2084431f[status=PENDING, info=[GrpcFuture{clientCall={delegate={delegate=ClientCallImpl{method=MethodDescriptor{fullMethodName=Request/request, type=UNARY, idempotent=false, safe=false, sampledToLocalTracing=true, requestMarshaller=com.alibaba.nacos.shaded.io.grpc.protobuf.lite.ProtoLiteUtils$MessageMarshaller@25a94b55, responseMarshaller=com.alibaba.nacos.shaded.io.grpc.protobuf.lite.ProtoLiteUtils$MessageMarshaller@6adc5b9c, schemaDescriptor=com.alibaba.nacos.api.grpc.auto.RequestGrpc$RequestMethodDescriptorSupplier@19c1820d}}}}}]]
	at com.alibaba.nacos.shaded.com.google.common.util.concurrent.AbstractFuture.get(AbstractFuture.java:508) ~[nacos-client-2.1.0.jar:na]
	at com.alibaba.nacos.common.remote.client.grpc.GrpcClient.serverCheck(GrpcClient.java:192) [nacos-client-2.1.0.jar:na]
	at com.alibaba.nacos.common.remote.client.grpc.GrpcClient.connectToServer(GrpcClient.java:302) [nacos-client-2.1.0.jar:na]
	at com.alibaba.nacos.common.remote.client.RpcClient.reconnect(RpcClient.java:521) [nacos-client-2.1.0.jar:na]
	at com.alibaba.nacos.common.remote.client.RpcClient.lambda$start$2(RpcClient.java:369) [nacos-client-2.1.0.jar:na]
	at java.util.concurrent.Executors$RunnableAdapter.call(Executors.java:511) ~[na:1.8.0_202]
	at java.util.concurrent.FutureTask.run(FutureTask.java:266) ~[na:1.8.0_202]
	at java.util.concurrent.ScheduledThreadPoolExecutor$ScheduledFutureTask.access$201(ScheduledThreadPoolExecutor.java:180) ~[na:1.8.0_202]
	at java.util.concurrent.ScheduledThreadPoolExecutor$ScheduledFutureTask.run(ScheduledThreadPoolExecutor.java:293) ~[na:1.8.0_202]
	at java.util.concurrent.ThreadPoolExecutor.runWorker(ThreadPoolExecutor.java:1149) ~[na:1.8.0_202]
	at java.util.concurrent.ThreadPoolExecutor$Worker.run(ThreadPoolExecutor.java:624) ~[na:1.8.0_202]
	at java.lang.Thread.run(Thread.java:748) ~[na:1.8.0_202]

2023-10-15 16:19:19.952  INFO 19020 --- [t.remote.worker] com.alibaba.nacos.common.remote.client   : [1a62660d-ae49-4a8f-8c45-670f650afaa8] Fail to connect server, after trying 16 times, last try server is {serverIp = 'localhost', server main port = 8848}, error = unknown
2023-10-15 16:19:20.286  WARN 19020 --- [ing.grpc.redo.0] com.alibaba.nacos.client.naming          : Grpc Connection is disconnect, skip current redo task
2023-10-15 16:19:20.286 ERROR 19020 --- [           main] c.a.n.c.remote.client.grpc.GrpcClient    : Server check fail, please check server localhost ,port 9848 is available , error ={}

java.util.concurrent.TimeoutException: Waited 3000 milliseconds (plus 11 milliseconds, 805500 nanoseconds delay) for com.alibaba.nacos.shaded.io.grpc.stub.ClientCalls$GrpcFuture@56b704ea[status=PENDING, info=[GrpcFuture{clientCall={delegate={delegate=ClientCallImpl{method=MethodDescriptor{fullMethodName=Request/request, type=UNARY, idempotent=false, safe=false, sampledToLocalTracing=true, requestMarshaller=com.alibaba.nacos.shaded.io.grpc.protobuf.lite.ProtoLiteUtils$MessageMarshaller@25a94b55, responseMarshaller=com.alibaba.nacos.shaded.io.grpc.protobuf.lite.ProtoLiteUtils$MessageMarshaller@6adc5b9c, schemaDescriptor=com.alibaba.nacos.api.grpc.auto.RequestGrpc$RequestMethodDescriptorSupplier@19c1820d}}}}}]]
	at com.alibaba.nacos.shaded.com.google.common.util.concurrent.AbstractFuture.get(AbstractFuture.java:508) ~[nacos-client-2.1.0.jar:na]
	at com.alibaba.nacos.common.remote.client.grpc.GrpcClient.serverCheck(GrpcClient.java:192) [nacos-client-2.1.0.jar:na]
	at com.alibaba.nacos.common.remote.client.grpc.GrpcClient.connectToServer(GrpcClient.java:302) [nacos-client-2.1.0.jar:na]
	at com.alibaba.nacos.common.remote.client.RpcClient.start(RpcClient.java:389) [nacos-client-2.1.0.jar:na]
	at com.alibaba.nacos.client.naming.remote.gprc.NamingGrpcClientProxy.start(NamingGrpcClientProxy.java:95) [nacos-client-2.1.0.jar:na]
	at com.alibaba.nacos.client.naming.remote.gprc.NamingGrpcClientProxy.<init>(NamingGrpcClientProxy.java:88) [nacos-client-2.1.0.jar:na]
	at com.alibaba.nacos.client.naming.remote.NamingClientProxyDelegate.<init>(NamingClientProxyDelegate.java:76) [nacos-client-2.1.0.jar:na]
	at com.alibaba.nacos.client.naming.NacosNamingService.init(NacosNamingService.java:95) [nacos-client-2.1.0.jar:na]
	at com.alibaba.nacos.client.naming.NacosNamingService.<init>(NacosNamingService.java:81) [nacos-client-2.1.0.jar:na]
	at sun.reflect.NativeConstructorAccessorImpl.newInstance0(Native Method) [na:1.8.0_202]
	at sun.reflect.NativeConstructorAccessorImpl.newInstance(NativeConstructorAccessorImpl.java:62) [na:1.8.0_202]
	at sun.reflect.DelegatingConstructorAccessorImpl.newInstance(DelegatingConstructorAccessorImpl.java:45) [na:1.8.0_202]
	at java.lang.reflect.Constructor.newInstance(Constructor.java:423) [na:1.8.0_202]
	at com.alibaba.nacos.api.naming.NamingFactory.createNamingService(NamingFactory.java:59) [nacos-client-2.1.0.jar:na]
	at com.alibaba.nacos.api.NacosFactory.createNamingService(NacosFactory.java:77) [nacos-client-2.1.0.jar:na]
	at org.apache.dubbo.registry.nacos.util.NacosNamingServiceUtils.createNamingService(NacosNamingServiceUtils.java:104) [dubbo-3.0.9.jar:3.0.9]
	at org.apache.dubbo.registry.nacos.NacosServiceDiscovery.<init>(NacosServiceDiscovery.java:60) [dubbo-3.0.9.jar:3.0.9]
	at org.apache.dubbo.registry.nacos.NacosServiceDiscoveryFactory.createDiscovery(NacosServiceDiscoveryFactory.java:27) [dubbo-3.0.9.jar:3.0.9]
	at org.apache.dubbo.registry.client.AbstractServiceDiscoveryFactory.lambda$getServiceDiscovery$0(AbstractServiceDiscoveryFactory.java:53) [dubbo-3.0.9.jar:3.0.9]
	at java.util.concurrent.ConcurrentHashMap.computeIfAbsent(ConcurrentHashMap.java:1660) ~[na:1.8.0_202]
	at org.apache.dubbo.registry.client.AbstractServiceDiscoveryFactory.getServiceDiscovery(AbstractServiceDiscoveryFactory.java:53) [dubbo-3.0.9.jar:3.0.9]
	at org.apache.dubbo.registry.client.ServiceDiscoveryRegistry.getServiceDiscovery(ServiceDiscoveryRegistry.java:122) ~[dubbo-3.0.9.jar:3.0.9]
	at org.apache.dubbo.registry.client.ServiceDiscoveryRegistry.createServiceDiscovery(ServiceDiscoveryRegistry.java:109) ~[dubbo-3.0.9.jar:3.0.9]
	at org.apache.dubbo.registry.client.ServiceDiscoveryRegistry.<init>(ServiceDiscoveryRegistry.java:86) ~[dubbo-3.0.9.jar:3.0.9]
	at org.apache.dubbo.registry.client.ServiceDiscoveryRegistryFactory.createRegistry(ServiceDiscoveryRegistryFactory.java:35) ~[dubbo-3.0.9.jar:3.0.9]
	at org.apache.dubbo.registry.support.AbstractRegistryFactory.getRegistry(AbstractRegistryFactory.java:89) ~[dubbo-3.0.9.jar:3.0.9]
	at org.apache.dubbo.registry.RegistryFactoryWrapper.getRegistry(RegistryFactoryWrapper.java:33) ~[dubbo-3.0.9.jar:3.0.9]
	at org.apache.dubbo.registry.RegistryFactory$Adaptive.getRegistry(RegistryFactory$Adaptive.java) ~[dubbo-3.0.9.jar:3.0.9]
	at org.apache.dubbo.registry.integration.RegistryProtocol.getRegistry(RegistryProtocol.java:393) ~[dubbo-3.0.9.jar:3.0.9]
	at org.apache.dubbo.registry.integration.InterfaceCompatibleRegistryProtocol.getServiceDiscoveryInvoker(InterfaceCompatibleRegistryProtocol.java:63) ~[dubbo-3.0.9.jar:3.0.9]
	at org.apache.dubbo.registry.client.migration.MigrationInvoker.refreshServiceDiscoveryInvoker(MigrationInvoker.java:436) ~[dubbo-3.0.9.jar:3.0.9]
	at org.apache.dubbo.registry.client.migration.MigrationInvoker.migrateToApplicationFirstInvoker(MigrationInvoker.java:244) ~[dubbo-3.0.9.jar:3.0.9]
	at org.apache.dubbo.registry.client.migration.MigrationRuleHandler.refreshInvoker(MigrationRuleHandler.java:73) ~[dubbo-3.0.9.jar:3.0.9]
	at org.apache.dubbo.registry.client.migration.MigrationRuleHandler.doMigrate(MigrationRuleHandler.java:57) ~[dubbo-3.0.9.jar:3.0.9]
	at org.apache.dubbo.registry.client.migration.MigrationRuleListener.onRefer(MigrationRuleListener.java:243) ~[dubbo-3.0.9.jar:3.0.9]
	at org.apache.dubbo.registry.integration.RegistryProtocol.interceptInvoker(RegistryProtocol.java:535) ~[dubbo-3.0.9.jar:3.0.9]
	at org.apache.dubbo.registry.integration.RegistryProtocol.doRefer(RegistryProtocol.java:505) ~[dubbo-3.0.9.jar:3.0.9]
	at org.apache.dubbo.registry.integration.RegistryProtocol.refer(RegistryProtocol.java:487) ~[dubbo-3.0.9.jar:3.0.9]
	at org.apache.dubbo.qos.protocol.QosProtocolWrapper.refer(QosProtocolWrapper.java:83) ~[dubbo-3.0.9.jar:3.0.9]
	at org.apache.dubbo.rpc.protocol.ProtocolListenerWrapper.refer(ProtocolListenerWrapper.java:74) ~[dubbo-3.0.9.jar:3.0.9]
	at org.apache.dubbo.rpc.cluster.filter.ProtocolFilterWrapper.refer(ProtocolFilterWrapper.java:71) ~[dubbo-3.0.9.jar:3.0.9]
	at org.apache.dubbo.rpc.protocol.ProtocolSerializationWrapper.refer(ProtocolSerializationWrapper.java:52) ~[dubbo-3.0.9.jar:3.0.9]
	at org.apache.dubbo.rpc.Protocol$Adaptive.refer(Protocol$Adaptive.java) ~[dubbo-3.0.9.jar:3.0.9]
	at org.apache.dubbo.config.ReferenceConfig.createInvokerForRemote(ReferenceConfig.java:494) ~[dubbo-3.0.9.jar:3.0.9]
	at org.apache.dubbo.config.ReferenceConfig.createProxy(ReferenceConfig.java:397) ~[dubbo-3.0.9.jar:3.0.9]
	at org.apache.dubbo.config.ReferenceConfig.init(ReferenceConfig.java:285) ~[dubbo-3.0.9.jar:3.0.9]
	at org.apache.dubbo.config.ReferenceConfig.get(ReferenceConfig.java:219) ~[dubbo-3.0.9.jar:3.0.9]
	at org.apache.dubbo.config.utils.SimpleReferenceCache.get(SimpleReferenceCache.java:129) ~[dubbo-3.0.9.jar:3.0.9]
	at org.apache.dubbo.config.deploy.DefaultModuleDeployer.lambda$referServices$6(DefaultModuleDeployer.java:387) ~[dubbo-3.0.9.jar:3.0.9]
	at java.util.concurrent.ConcurrentHashMap$ValuesView.forEach(ConcurrentHashMap.java:4707) ~[na:1.8.0_202]
	at org.apache.dubbo.config.deploy.DefaultModuleDeployer.referServices(DefaultModuleDeployer.java:367) ~[dubbo-3.0.9.jar:3.0.9]
	at org.apache.dubbo.config.deploy.DefaultModuleDeployer.start(DefaultModuleDeployer.java:154) ~[dubbo-3.0.9.jar:3.0.9]
	at org.apache.dubbo.config.spring.context.DubboDeployApplicationListener.onContextRefreshedEvent(DubboDeployApplicationListener.java:111) ~[dubbo-3.0.9.jar:3.0.9]
	at org.apache.dubbo.config.spring.context.DubboDeployApplicationListener.onApplicationEvent(DubboDeployApplicationListener.java:100) ~[dubbo-3.0.9.jar:3.0.9]
	at org.apache.dubbo.config.spring.context.DubboDeployApplicationListener.onApplicationEvent(DubboDeployApplicationListener.java:45) ~[dubbo-3.0.9.jar:3.0.9]
	at org.springframework.context.event.SimpleApplicationEventMulticaster.doInvokeListener(SimpleApplicationEventMulticaster.java:176) ~[spring-context-5.3.20.jar:5.3.20]
	at org.springframework.context.event.SimpleApplicationEventMulticaster.invokeListener(SimpleApplicationEventMulticaster.java:169) ~[spring-context-5.3.20.jar:5.3.20]
	at org.springframework.context.event.SimpleApplicationEventMulticaster.multicastEvent(SimpleApplicationEventMulticaster.java:143) ~[spring-context-5.3.20.jar:5.3.20]
	at org.springframework.context.support.AbstractApplicationContext.publishEvent(AbstractApplicationContext.java:421) ~[spring-context-5.3.20.jar:5.3.20]
	at org.springframework.context.support.AbstractApplicationContext.publishEvent(AbstractApplicationContext.java:378) ~[spring-context-5.3.20.jar:5.3.20]
	at org.springframework.context.support.AbstractApplicationContext.finishRefresh(AbstractApplicationContext.java:938) ~[spring-context-5.3.20.jar:5.3.20]
	at org.springframework.context.support.AbstractApplicationContext.refresh(AbstractApplicationContext.java:586) ~[spring-context-5.3.20.jar:5.3.20]
	at org.springframework.boot.SpringApplication.refresh(SpringApplication.java:734) ~[spring-boot-2.7.0.jar:2.7.0]
	at org.springframework.boot.SpringApplication.refreshContext(SpringApplication.java:408) ~[spring-boot-2.7.0.jar:2.7.0]
	at org.springframework.boot.SpringApplication.run(SpringApplication.java:308) ~[spring-boot-2.7.0.jar:2.7.0]
	at org.springframework.boot.test.context.SpringBootContextLoader.loadContext(SpringBootContextLoader.java:132) ~[spring-boot-test-2.7.0.jar:2.7.0]
	at org.springframework.test.context.cache.DefaultCacheAwareContextLoaderDelegate.loadContextInternal(DefaultCacheAwareContextLoaderDelegate.java:99) ~[spring-test-5.3.20.jar:5.3.20]
	at org.springframework.test.context.cache.DefaultCacheAwareContextLoaderDelegate.loadContext(DefaultCacheAwareContextLoaderDelegate.java:124) ~[spring-test-5.3.20.jar:5.3.20]
	at org.springframework.test.context.support.DefaultTestContext.getApplicationContext(DefaultTestContext.java:124) ~[spring-test-5.3.20.jar:5.3.20]
	at org.springframework.boot.test.autoconfigure.SpringBootDependencyInjectionTestExecutionListener.outputConditionEvaluationReport(SpringBootDependencyInjectionTestExecutionListener.java:53) ~[spring-boot-test-autoconfigure-2.7.0.jar:2.7.0]
	at org.springframework.boot.test.autoconfigure.SpringBootDependencyInjectionTestExecutionListener.prepareTestInstance(SpringBootDependencyInjectionTestExecutionListener.java:46) ~[spring-boot-test-autoconfigure-2.7.0.jar:2.7.0]
	at org.springframework.test.context.TestContextManager.prepareTestInstance(TestContextManager.java:248) ~[spring-test-5.3.20.jar:5.3.20]
	at org.springframework.test.context.junit.jupiter.SpringExtension.postProcessTestInstance(SpringExtension.java:138) ~[spring-test-5.3.20.jar:5.3.20]
	at org.junit.jupiter.engine.descriptor.ClassBasedTestDescriptor.lambda$invokeTestInstancePostProcessors$8(ClassBasedTestDescriptor.java:363) ~[junit-jupiter-engine-5.8.2.jar:5.8.2]
	at org.junit.jupiter.engine.descriptor.ClassBasedTestDescriptor.executeAndMaskThrowable(ClassBasedTestDescriptor.java:368) ~[junit-jupiter-engine-5.8.2.jar:5.8.2]
	at org.junit.jupiter.engine.descriptor.ClassBasedTestDescriptor.lambda$invokeTestInstancePostProcessors$9(ClassBasedTestDescriptor.java:363) ~[junit-jupiter-engine-5.8.2.jar:5.8.2]
	at java.util.stream.ReferencePipeline$3$1.accept(ReferencePipeline.java:193) ~[na:1.8.0_202]
	at java.util.stream.ReferencePipeline$2$1.accept(ReferencePipeline.java:175) ~[na:1.8.0_202]
	at java.util.ArrayList$ArrayListSpliterator.forEachRemaining(ArrayList.java:1382) ~[na:1.8.0_202]
	at java.util.stream.AbstractPipeline.copyInto(AbstractPipeline.java:481) ~[na:1.8.0_202]
	at java.util.stream.AbstractPipeline.wrapAndCopyInto(AbstractPipeline.java:471) ~[na:1.8.0_202]
	at java.util.stream.StreamSpliterators$WrappingSpliterator.forEachRemaining(StreamSpliterators.java:312) ~[na:1.8.0_202]
	at java.util.stream.Streams$ConcatSpliterator.forEachRemaining(Streams.java:743) ~[na:1.8.0_202]
	at java.util.stream.Streams$ConcatSpliterator.forEachRemaining(Streams.java:742) ~[na:1.8.0_202]
	at java.util.stream.ReferencePipeline$Head.forEach(ReferencePipeline.java:580) ~[na:1.8.0_202]
	at org.junit.jupiter.engine.descriptor.ClassBasedTestDescriptor.invokeTestInstancePostProcessors(ClassBasedTestDescriptor.java:362) ~[junit-jupiter-engine-5.8.2.jar:5.8.2]
	at org.junit.jupiter.engine.descriptor.ClassBasedTestDescriptor.lambda$instantiateAndPostProcessTestInstance$6(ClassBasedTestDescriptor.java:283) ~[junit-jupiter-engine-5.8.2.jar:5.8.2]
	at org.junit.platform.engine.support.hierarchical.ThrowableCollector.execute(ThrowableCollector.java:73) ~[junit-platform-engine-1.8.2.jar:1.8.2]
	at org.junit.jupiter.engine.descriptor.ClassBasedTestDescriptor.instantiateAndPostProcessTestInstance(ClassBasedTestDescriptor.java:282) ~[junit-jupiter-engine-5.8.2.jar:5.8.2]
	at org.junit.jupiter.engine.descriptor.ClassBasedTestDescriptor.lambda$testInstancesProvider$4(ClassBasedTestDescriptor.java:272) ~[junit-jupiter-engine-5.8.2.jar:5.8.2]
	at java.util.Optional.orElseGet(Optional.java:267) ~[na:1.8.0_202]
	at org.junit.jupiter.engine.descriptor.ClassBasedTestDescriptor.lambda$testInstancesProvider$5(ClassBasedTestDescriptor.java:271) ~[junit-jupiter-engine-5.8.2.jar:5.8.2]
	at org.junit.jupiter.engine.execution.TestInstancesProvider.getTestInstances(TestInstancesProvider.java:31) ~[junit-jupiter-engine-5.8.2.jar:5.8.2]
	at org.junit.jupiter.engine.descriptor.TestMethodTestDescriptor.lambda$prepare$0(TestMethodTestDescriptor.java:102) ~[junit-jupiter-engine-5.8.2.jar:5.8.2]
	at org.junit.platform.engine.support.hierarchical.ThrowableCollector.execute(ThrowableCollector.java:73) ~[junit-platform-engine-1.8.2.jar:1.8.2]
	at org.junit.jupiter.engine.descriptor.TestMethodTestDescriptor.prepare(TestMethodTestDescriptor.java:101) ~[junit-jupiter-engine-5.8.2.jar:5.8.2]
	at org.junit.jupiter.engine.descriptor.TestMethodTestDescriptor.prepare(TestMethodTestDescriptor.java:66) ~[junit-jupiter-engine-5.8.2.jar:5.8.2]
	at org.junit.platform.engine.support.hierarchical.NodeTestTask.lambda$prepare$2(NodeTestTask.java:123) ~[junit-platform-engine-1.8.2.jar:1.8.2]
	at org.junit.platform.engine.support.hierarchical.ThrowableCollector.execute(ThrowableCollector.java:73) ~[junit-platform-engine-1.8.2.jar:1.8.2]
	at org.junit.platform.engine.support.hierarchical.NodeTestTask.prepare(NodeTestTask.java:123) ~[junit-platform-engine-1.8.2.jar:1.8.2]
	at org.junit.platform.engine.support.hierarchical.NodeTestTask.execute(NodeTestTask.java:90) ~[junit-platform-engine-1.8.2.jar:1.8.2]
	at java.util.ArrayList.forEach(ArrayList.java:1257) ~[na:1.8.0_202]
	at org.junit.platform.engine.support.hierarchical.SameThreadHierarchicalTestExecutorService.invokeAll(SameThreadHierarchicalTestExecutorService.java:41) ~[junit-platform-engine-1.8.2.jar:1.8.2]
	at org.junit.platform.engine.support.hierarchical.NodeTestTask.lambda$executeRecursively$6(NodeTestTask.java:155) ~[junit-platform-engine-1.8.2.jar:1.8.2]
	at org.junit.platform.engine.support.hierarchical.ThrowableCollector.execute(ThrowableCollector.java:73) ~[junit-platform-engine-1.8.2.jar:1.8.2]
	at org.junit.platform.engine.support.hierarchical.NodeTestTask.lambda$executeRecursively$8(NodeTestTask.java:141) ~[junit-platform-engine-1.8.2.jar:1.8.2]
	at org.junit.platform.engine.support.hierarchical.Node.around(Node.java:137) ~[junit-platform-engine-1.8.2.jar:1.8.2]
	at org.junit.platform.engine.support.hierarchical.NodeTestTask.lambda$executeRecursively$9(NodeTestTask.java:139) ~[junit-platform-engine-1.8.2.jar:1.8.2]
	at org.junit.platform.engine.support.hierarchical.ThrowableCollector.execute(ThrowableCollector.java:73) ~[junit-platform-engine-1.8.2.jar:1.8.2]
	at org.junit.platform.engine.support.hierarchical.NodeTestTask.executeRecursively(NodeTestTask.java:138) ~[junit-platform-engine-1.8.2.jar:1.8.2]
	at org.junit.platform.engine.support.hierarchical.NodeTestTask.execute(NodeTestTask.java:95) ~[junit-platform-engine-1.8.2.jar:1.8.2]
	at java.util.ArrayList.forEach(ArrayList.java:1257) ~[na:1.8.0_202]
	at org.junit.platform.engine.support.hierarchical.SameThreadHierarchicalTestExecutorService.invokeAll(SameThreadHierarchicalTestExecutorService.java:41) ~[junit-platform-engine-1.8.2.jar:1.8.2]
	at org.junit.platform.engine.support.hierarchical.NodeTestTask.lambda$executeRecursively$6(NodeTestTask.java:155) ~[junit-platform-engine-1.8.2.jar:1.8.2]
	at org.junit.platform.engine.support.hierarchical.ThrowableCollector.execute(ThrowableCollector.java:73) ~[junit-platform-engine-1.8.2.jar:1.8.2]
	at org.junit.platform.engine.support.hierarchical.NodeTestTask.lambda$executeRecursively$8(NodeTestTask.java:141) ~[junit-platform-engine-1.8.2.jar:1.8.2]
	at org.junit.platform.engine.support.hierarchical.Node.around(Node.java:137) ~[junit-platform-engine-1.8.2.jar:1.8.2]
	at org.junit.platform.engine.support.hierarchical.NodeTestTask.lambda$executeRecursively$9(NodeTestTask.java:139) ~[junit-platform-engine-1.8.2.jar:1.8.2]
	at org.junit.platform.engine.support.hierarchical.ThrowableCollector.execute(ThrowableCollector.java:73) ~[junit-platform-engine-1.8.2.jar:1.8.2]
	at org.junit.platform.engine.support.hierarchical.NodeTestTask.executeRecursively(NodeTestTask.java:138) ~[junit-platform-engine-1.8.2.jar:1.8.2]
	at org.junit.platform.engine.support.hierarchical.NodeTestTask.execute(NodeTestTask.java:95) ~[junit-platform-engine-1.8.2.jar:1.8.2]
	at org.junit.platform.engine.support.hierarchical.SameThreadHierarchicalTestExecutorService.submit(SameThreadHierarchicalTestExecutorService.java:35) ~[junit-platform-engine-1.8.2.jar:1.8.2]
	at org.junit.platform.engine.support.hierarchical.HierarchicalTestExecutor.execute(HierarchicalTestExecutor.java:57) ~[junit-platform-engine-1.8.2.jar:1.8.2]
	at org.junit.platform.engine.support.hierarchical.HierarchicalTestEngine.execute(HierarchicalTestEngine.java:54) ~[junit-platform-engine-1.8.2.jar:1.8.2]
	at org.junit.platform.launcher.core.DefaultLauncher.execute(DefaultLauncher.java:220) ~[junit-platform-launcher-1.3.1.jar:1.3.1]
	at org.junit.platform.launcher.core.DefaultLauncher.lambda$execute$6(DefaultLauncher.java:188) ~[junit-platform-launcher-1.3.1.jar:1.3.1]
	at org.junit.platform.launcher.core.DefaultLauncher.withInterceptedStreams(DefaultLauncher.java:202) ~[junit-platform-launcher-1.3.1.jar:1.3.1]
	at org.junit.platform.launcher.core.DefaultLauncher.execute(DefaultLauncher.java:181) ~[junit-platform-launcher-1.3.1.jar:1.3.1]
	at org.junit.platform.launcher.core.DefaultLauncher.execute(DefaultLauncher.java:128) ~[junit-platform-launcher-1.3.1.jar:1.3.1]
	at org.apache.maven.surefire.junitplatform.JUnitPlatformProvider.invokeAllTests(JUnitPlatformProvider.java:150) ~[surefire-junit-platform-2.22.2.jar:2.22.2]
	at org.apache.maven.surefire.junitplatform.JUnitPlatformProvider.invoke(JUnitPlatformProvider.java:124) ~[surefire-junit-platform-2.22.2.jar:2.22.2]
	at org.apache.maven.surefire.booter.ForkedBooter.invokeProviderInSameClassLoader(ForkedBooter.java:384) ~[surefire-booter-2.22.2.jar:2.22.2]
	at org.apache.maven.surefire.booter.ForkedBooter.runSuitesInProcess(ForkedBooter.java:345) ~[surefire-booter-2.22.2.jar:2.22.2]
	at org.apache.maven.surefire.booter.ForkedBooter.execute(ForkedBooter.java:126) ~[surefire-booter-2.22.2.jar:2.22.2]
	at org.apache.maven.surefire.booter.ForkedBooter.main(ForkedBooter.java:418) ~[surefire-booter-2.22.2.jar:2.22.2]

2023-10-15 16:19:20.287  INFO 19020 --- [           main] com.alibaba.nacos.common.remote.client   : [3b7876bc-3d8f-4bce-b2f6-42ad5540381f] Try to connect to server on start up, server: {serverIp = 'localhost', server main port = 8848}
2023-10-15 16:19:20.923  WARN 19020 --- [ing.grpc.redo.0] com.alibaba.nacos.client.naming          : Grpc Connection is disconnect, skip current redo task
2023-10-15 16:19:21.227  WARN 19020 --- [ing.grpc.redo.0] com.alibaba.nacos.client.naming          : Grpc Connection is disconnect, skip current redo task
2023-10-15 16:19:21.452 ERROR 19020 --- [t.remote.worker] c.a.n.c.remote.client.grpc.GrpcClient    : Server check fail, please check server localhost ,port 9848 is available , error ={}

java.util.concurrent.TimeoutException: Waited 3000 milliseconds (plus 12 milliseconds, 850400 nanoseconds delay) for com.alibaba.nacos.shaded.io.grpc.stub.ClientCalls$GrpcFuture@296dc4f4[status=PENDING, info=[GrpcFuture{clientCall={delegate={delegate=ClientCallImpl{method=MethodDescriptor{fullMethodName=Request/request, type=UNARY, idempotent=false, safe=false, sampledToLocalTracing=true, requestMarshaller=com.alibaba.nacos.shaded.io.grpc.protobuf.lite.ProtoLiteUtils$MessageMarshaller@25a94b55, responseMarshaller=com.alibaba.nacos.shaded.io.grpc.protobuf.lite.ProtoLiteUtils$MessageMarshaller@6adc5b9c, schemaDescriptor=com.alibaba.nacos.api.grpc.auto.RequestGrpc$RequestMethodDescriptorSupplier@19c1820d}}}}}]]
	at com.alibaba.nacos.shaded.com.google.common.util.concurrent.AbstractFuture.get(AbstractFuture.java:508) ~[nacos-client-2.1.0.jar:na]
	at com.alibaba.nacos.common.remote.client.grpc.GrpcClient.serverCheck(GrpcClient.java:192) [nacos-client-2.1.0.jar:na]
	at com.alibaba.nacos.common.remote.client.grpc.GrpcClient.connectToServer(GrpcClient.java:302) [nacos-client-2.1.0.jar:na]
	at com.alibaba.nacos.common.remote.client.RpcClient.reconnect(RpcClient.java:521) [nacos-client-2.1.0.jar:na]
	at com.alibaba.nacos.common.remote.client.RpcClient.lambda$start$2(RpcClient.java:369) [nacos-client-2.1.0.jar:na]
	at java.util.concurrent.Executors$RunnableAdapter.call(Executors.java:511) ~[na:1.8.0_202]
	at java.util.concurrent.FutureTask.run(FutureTask.java:266) ~[na:1.8.0_202]
	at java.util.concurrent.ScheduledThreadPoolExecutor$ScheduledFutureTask.access$201(ScheduledThreadPoolExecutor.java:180) ~[na:1.8.0_202]
	at java.util.concurrent.ScheduledThreadPoolExecutor$ScheduledFutureTask.run(ScheduledThreadPoolExecutor.java:293) ~[na:1.8.0_202]
	at java.util.concurrent.ThreadPoolExecutor.runWorker(ThreadPoolExecutor.java:1149) ~[na:1.8.0_202]
	at java.util.concurrent.ThreadPoolExecutor$Worker.run(ThreadPoolExecutor.java:624) ~[na:1.8.0_202]
	at java.lang.Thread.run(Thread.java:748) ~[na:1.8.0_202]

2023-10-15 16:19:21.453  INFO 19020 --- [t.remote.worker] com.alibaba.nacos.common.remote.client   : [3f090fb1-55c6-4fe3-8377-8b3ac52cd4b0_config-0] Fail to connect server, after trying 6 times, last try server is {serverIp = 'localhost', server main port = 8848}, error = unknown
2023-10-15 16:19:21.561 ERROR 19020 --- [t.remote.worker] c.a.n.c.remote.client.grpc.GrpcClient    : Server check fail, please check server localhost ,port 9848 is available , error ={}

java.util.concurrent.TimeoutException: Waited 3000 milliseconds (plus 9 milliseconds, 893400 nanoseconds delay) for com.alibaba.nacos.shaded.io.grpc.stub.ClientCalls$GrpcFuture@77e27c94[status=PENDING, info=[GrpcFuture{clientCall={delegate={delegate=ClientCallImpl{method=MethodDescriptor{fullMethodName=Request/request, type=UNARY, idempotent=false, safe=false, sampledToLocalTracing=true, requestMarshaller=com.alibaba.nacos.shaded.io.grpc.protobuf.lite.ProtoLiteUtils$MessageMarshaller@25a94b55, responseMarshaller=com.alibaba.nacos.shaded.io.grpc.protobuf.lite.ProtoLiteUtils$MessageMarshaller@6adc5b9c, schemaDescriptor=com.alibaba.nacos.api.grpc.auto.RequestGrpc$RequestMethodDescriptorSupplier@19c1820d}}}}}]]
	at com.alibaba.nacos.shaded.com.google.common.util.concurrent.AbstractFuture.get(AbstractFuture.java:508) ~[nacos-client-2.1.0.jar:na]
	at com.alibaba.nacos.common.remote.client.grpc.GrpcClient.serverCheck(GrpcClient.java:192) [nacos-client-2.1.0.jar:na]
	at com.alibaba.nacos.common.remote.client.grpc.GrpcClient.connectToServer(GrpcClient.java:302) [nacos-client-2.1.0.jar:na]
	at com.alibaba.nacos.common.remote.client.RpcClient.reconnect(RpcClient.java:521) [nacos-client-2.1.0.jar:na]
	at com.alibaba.nacos.common.remote.client.RpcClient.lambda$start$2(RpcClient.java:369) [nacos-client-2.1.0.jar:na]
	at java.util.concurrent.Executors$RunnableAdapter.call(Executors.java:511) ~[na:1.8.0_202]
	at java.util.concurrent.FutureTask.run(FutureTask.java:266) ~[na:1.8.0_202]
	at java.util.concurrent.ScheduledThreadPoolExecutor$ScheduledFutureTask.access$201(ScheduledThreadPoolExecutor.java:180) ~[na:1.8.0_202]
	at java.util.concurrent.ScheduledThreadPoolExecutor$ScheduledFutureTask.run(ScheduledThreadPoolExecutor.java:293) ~[na:1.8.0_202]
	at java.util.concurrent.ThreadPoolExecutor.runWorker(ThreadPoolExecutor.java:1149) ~[na:1.8.0_202]
	at java.util.concurrent.ThreadPoolExecutor$Worker.run(ThreadPoolExecutor.java:624) ~[na:1.8.0_202]
	at java.lang.Thread.run(Thread.java:748) ~[na:1.8.0_202]

2023-10-15 16:19:21.562  INFO 19020 --- [t.remote.worker] com.alibaba.nacos.common.remote.client   : [45c1d4e9-7c56-47f4-ae88-3b4fba725ea0] Fail to connect server, after trying 3 times, last try server is {serverIp = 'localhost', server main port = 8848}, error = unknown
2023-10-15 16:19:21.959 ERROR 19020 --- [aming.updater.1] com.alibaba.nacos.common.remote.client   : Send request fail, request = ServiceQueryRequest{headers={app=unknown}, requestId='null'}, retryTimes = 0, errorMessage = Client not connected, current status:STARTING
2023-10-15 16:19:22.071 ERROR 19020 --- [aming.updater.1] com.alibaba.nacos.common.remote.client   : Send request fail, request = ServiceQueryRequest{headers={app=unknown}, requestId='null'}, retryTimes = 1, errorMessage = Client not connected, current status:STARTING
2023-10-15 16:19:22.151 ERROR 19020 --- [t.remote.worker] c.a.n.c.remote.client.grpc.GrpcClient    : Server check fail, please check server localhost ,port 9848 is available , error ={}

java.util.concurrent.TimeoutException: Waited 3000 milliseconds (plus 12 milliseconds, 894200 nanoseconds delay) for com.alibaba.nacos.shaded.io.grpc.stub.ClientCalls$GrpcFuture@1022aa46[status=PENDING, info=[GrpcFuture{clientCall={delegate={delegate=ClientCallImpl{method=MethodDescriptor{fullMethodName=Request/request, type=UNARY, idempotent=false, safe=false, sampledToLocalTracing=true, requestMarshaller=com.alibaba.nacos.shaded.io.grpc.protobuf.lite.ProtoLiteUtils$MessageMarshaller@25a94b55, responseMarshaller=com.alibaba.nacos.shaded.io.grpc.protobuf.lite.ProtoLiteUtils$MessageMarshaller@6adc5b9c, schemaDescriptor=com.alibaba.nacos.api.grpc.auto.RequestGrpc$RequestMethodDescriptorSupplier@19c1820d}}}}}]]
	at com.alibaba.nacos.shaded.com.google.common.util.concurrent.AbstractFuture.get(AbstractFuture.java:508) ~[nacos-client-2.1.0.jar:na]
	at com.alibaba.nacos.common.remote.client.grpc.GrpcClient.serverCheck(GrpcClient.java:192) [nacos-client-2.1.0.jar:na]
	at com.alibaba.nacos.common.remote.client.grpc.GrpcClient.connectToServer(GrpcClient.java:302) [nacos-client-2.1.0.jar:na]
	at com.alibaba.nacos.common.remote.client.RpcClient.reconnect(RpcClient.java:521) [nacos-client-2.1.0.jar:na]
	at com.alibaba.nacos.common.remote.client.RpcClient.lambda$start$2(RpcClient.java:369) [nacos-client-2.1.0.jar:na]
	at java.util.concurrent.Executors$RunnableAdapter.call(Executors.java:511) ~[na:1.8.0_202]
	at java.util.concurrent.FutureTask.run(FutureTask.java:266) ~[na:1.8.0_202]
	at java.util.concurrent.ScheduledThreadPoolExecutor$ScheduledFutureTask.access$201(ScheduledThreadPoolExecutor.java:180) ~[na:1.8.0_202]
	at java.util.concurrent.ScheduledThreadPoolExecutor$ScheduledFutureTask.run(ScheduledThreadPoolExecutor.java:293) ~[na:1.8.0_202]
	at java.util.concurrent.ThreadPoolExecutor.runWorker(ThreadPoolExecutor.java:1149) ~[na:1.8.0_202]
	at java.util.concurrent.ThreadPoolExecutor$Worker.run(ThreadPoolExecutor.java:624) ~[na:1.8.0_202]
	at java.lang.Thread.run(Thread.java:748) ~[na:1.8.0_202]

2023-10-15 16:19:22.152  INFO 19020 --- [t.remote.worker] com.alibaba.nacos.common.remote.client   : [fe9b996a-7e47-43fe-ad06-6dbc78424a39_config-0] Fail to connect server, after trying 11 times, last try server is {serverIp = 'localhost', server main port = 8848}, error = unknown
2023-10-15 16:19:22.183 ERROR 19020 --- [aming.updater.1] com.alibaba.nacos.common.remote.client   : Send request fail, request = ServiceQueryRequest{headers={app=unknown}, requestId='null'}, retryTimes = 2, errorMessage = Client not connected, current status:STARTING
2023-10-15 16:19:22.183  WARN 19020 --- [aming.updater.1] com.alibaba.nacos.client.naming          : [NA] failed to update serviceName: DEFAULT_GROUP@@providers:com.yupi.service.InnerUserService::

com.alibaba.nacos.api.exception.NacosException: Request nacos server failed: 
	at com.alibaba.nacos.client.naming.remote.gprc.NamingGrpcClientProxy.requestToServer(NamingGrpcClientProxy.java:288) ~[nacos-client-2.1.0.jar:na]
	at com.alibaba.nacos.client.naming.remote.gprc.NamingGrpcClientProxy.queryInstancesOfService(NamingGrpcClientProxy.java:168) ~[nacos-client-2.1.0.jar:na]
	at com.alibaba.nacos.client.naming.remote.NamingClientProxyDelegate.queryInstancesOfService(NamingClientProxyDelegate.java:110) ~[nacos-client-2.1.0.jar:na]
	at com.alibaba.nacos.client.naming.core.ServiceInfoUpdateService$UpdateTask.run(ServiceInfoUpdateService.java:178) ~[nacos-client-2.1.0.jar:na]
	at java.util.concurrent.Executors$RunnableAdapter.call(Executors.java:511) [na:1.8.0_202]
	at java.util.concurrent.FutureTask.run(FutureTask.java:266) [na:1.8.0_202]
	at java.util.concurrent.ScheduledThreadPoolExecutor$ScheduledFutureTask.access$201(ScheduledThreadPoolExecutor.java:180) [na:1.8.0_202]
	at java.util.concurrent.ScheduledThreadPoolExecutor$ScheduledFutureTask.run(ScheduledThreadPoolExecutor.java:293) [na:1.8.0_202]
	at java.util.concurrent.ThreadPoolExecutor.runWorker(ThreadPoolExecutor.java:1149) [na:1.8.0_202]
	at java.util.concurrent.ThreadPoolExecutor$Worker.run(ThreadPoolExecutor.java:624) [na:1.8.0_202]
	at java.lang.Thread.run(Thread.java:748) [na:1.8.0_202]
Caused by: com.alibaba.nacos.api.exception.NacosException: Client not connected, current status:STARTING
	at com.alibaba.nacos.common.remote.client.RpcClient.request(RpcClient.java:651) ~[nacos-client-2.1.0.jar:na]
	at com.alibaba.nacos.common.remote.client.RpcClient.request(RpcClient.java:631) ~[nacos-client-2.1.0.jar:na]
	at com.alibaba.nacos.client.naming.remote.gprc.NamingGrpcClientProxy.requestToServer(NamingGrpcClientProxy.java:278) ~[nacos-client-2.1.0.jar:na]
	... 10 common frames omitted

2023-10-15 16:19:22.699 ERROR 19020 --- [s.client.Worker] com.alibaba.nacos.common.remote.client   : Send request fail, request = ConfigBatchListenRequest{headers={charset=UTF-8, Client-AppName=unknown, Client-RequestToken=1a1464f36a698b4a8669a6d790abe653, Client-RequestTS=1697357962591, exConfigInfo=true}, requestId='null'}, retryTimes = 0, errorMessage = Client not connected, current status:STARTING
2023-10-15 16:19:22.811 ERROR 19020 --- [s.client.Worker] com.alibaba.nacos.common.remote.client   : Send request fail, request = ConfigBatchListenRequest{headers={charset=UTF-8, Client-AppName=unknown, Client-RequestToken=1a1464f36a698b4a8669a6d790abe653, Client-RequestTS=1697357962591, exConfigInfo=true}, requestId='null'}, retryTimes = 1, errorMessage = Client not connected, current status:STARTING
2023-10-15 16:19:22.919 ERROR 19020 --- [s.client.Worker] com.alibaba.nacos.common.remote.client   : Send request fail, request = ConfigBatchListenRequest{headers={charset=UTF-8, Client-AppName=unknown, Client-RequestToken=1a1464f36a698b4a8669a6d790abe653, Client-RequestTS=1697357962591, exConfigInfo=true}, requestId='null'}, retryTimes = 2, errorMessage = Client not connected, current status:STARTING
2023-10-15 16:19:22.919 ERROR 19020 --- [s.client.Worker] c.a.n.client.config.impl.ClientWorker    : Async listen config change error 

com.alibaba.nacos.api.exception.NacosException: Client not connected, current status:STARTING
	at com.alibaba.nacos.common.remote.client.RpcClient.request(RpcClient.java:651) ~[nacos-client-2.1.0.jar:na]
	at com.alibaba.nacos.client.config.impl.ClientWorker$ConfigRpcTransportClient.requestProxy(ClientWorker.java:1005) [nacos-client-2.1.0.jar:na]
	at com.alibaba.nacos.client.config.impl.ClientWorker$ConfigRpcTransportClient.requestProxy(ClientWorker.java:986) [nacos-client-2.1.0.jar:na]
	at com.alibaba.nacos.client.config.impl.ClientWorker$ConfigRpcTransportClient.executeConfigListen(ClientWorker.java:777) [nacos-client-2.1.0.jar:na]
	at com.alibaba.nacos.client.config.impl.ClientWorker$ConfigRpcTransportClient.lambda$startInternal$2(ClientWorker.java:695) [nacos-client-2.1.0.jar:na]
	at java.util.concurrent.Executors$RunnableAdapter.call(Executors.java:511) ~[na:1.8.0_202]
	at java.util.concurrent.FutureTask.run(FutureTask.java:266) ~[na:1.8.0_202]
	at java.util.concurrent.ScheduledThreadPoolExecutor$ScheduledFutureTask.access$201(ScheduledThreadPoolExecutor.java:180) ~[na:1.8.0_202]
	at java.util.concurrent.ScheduledThreadPoolExecutor$ScheduledFutureTask.run(ScheduledThreadPoolExecutor.java:293) ~[na:1.8.0_202]
	at java.util.concurrent.ThreadPoolExecutor.runWorker(ThreadPoolExecutor.java:1149) ~[na:1.8.0_202]
	at java.util.concurrent.ThreadPoolExecutor$Worker.run(ThreadPoolExecutor.java:624) ~[na:1.8.0_202]
	at java.lang.Thread.run(Thread.java:748) ~[na:1.8.0_202]

2023-10-15 16:19:23.296  WARN 19020 --- [ing.grpc.redo.0] com.alibaba.nacos.client.naming          : Grpc Connection is disconnect, skip current redo task
2023-10-15 16:19:23.297 ERROR 19020 --- [           main] c.a.n.c.remote.client.grpc.GrpcClient    : Server check fail, please check server localhost ,port 9848 is available , error ={}

java.util.concurrent.TimeoutException: Waited 3000 milliseconds (plus 7 milliseconds, 970400 nanoseconds delay) for com.alibaba.nacos.shaded.io.grpc.stub.ClientCalls$GrpcFuture@351c6341[status=PENDING, info=[GrpcFuture{clientCall={delegate={delegate=ClientCallImpl{method=MethodDescriptor{fullMethodName=Request/request, type=UNARY, idempotent=false, safe=false, sampledToLocalTracing=true, requestMarshaller=com.alibaba.nacos.shaded.io.grpc.protobuf.lite.ProtoLiteUtils$MessageMarshaller@25a94b55, responseMarshaller=com.alibaba.nacos.shaded.io.grpc.protobuf.lite.ProtoLiteUtils$MessageMarshaller@6adc5b9c, schemaDescriptor=com.alibaba.nacos.api.grpc.auto.RequestGrpc$RequestMethodDescriptorSupplier@19c1820d}}}}}]]
	at com.alibaba.nacos.shaded.com.google.common.util.concurrent.AbstractFuture.get(AbstractFuture.java:508) ~[nacos-client-2.1.0.jar:na]
	at com.alibaba.nacos.common.remote.client.grpc.GrpcClient.serverCheck(GrpcClient.java:192) [nacos-client-2.1.0.jar:na]
	at com.alibaba.nacos.common.remote.client.grpc.GrpcClient.connectToServer(GrpcClient.java:302) [nacos-client-2.1.0.jar:na]
	at com.alibaba.nacos.common.remote.client.RpcClient.start(RpcClient.java:389) [nacos-client-2.1.0.jar:na]
	at com.alibaba.nacos.client.naming.remote.gprc.NamingGrpcClientProxy.start(NamingGrpcClientProxy.java:95) [nacos-client-2.1.0.jar:na]
	at com.alibaba.nacos.client.naming.remote.gprc.NamingGrpcClientProxy.<init>(NamingGrpcClientProxy.java:88) [nacos-client-2.1.0.jar:na]
	at com.alibaba.nacos.client.naming.remote.NamingClientProxyDelegate.<init>(NamingClientProxyDelegate.java:76) [nacos-client-2.1.0.jar:na]
	at com.alibaba.nacos.client.naming.NacosNamingService.init(NacosNamingService.java:95) [nacos-client-2.1.0.jar:na]
	at com.alibaba.nacos.client.naming.NacosNamingService.<init>(NacosNamingService.java:81) [nacos-client-2.1.0.jar:na]
	at sun.reflect.NativeConstructorAccessorImpl.newInstance0(Native Method) [na:1.8.0_202]
	at sun.reflect.NativeConstructorAccessorImpl.newInstance(NativeConstructorAccessorImpl.java:62) [na:1.8.0_202]
	at sun.reflect.DelegatingConstructorAccessorImpl.newInstance(DelegatingConstructorAccessorImpl.java:45) [na:1.8.0_202]
	at java.lang.reflect.Constructor.newInstance(Constructor.java:423) [na:1.8.0_202]
	at com.alibaba.nacos.api.naming.NamingFactory.createNamingService(NamingFactory.java:59) [nacos-client-2.1.0.jar:na]
	at com.alibaba.nacos.api.NacosFactory.createNamingService(NacosFactory.java:77) [nacos-client-2.1.0.jar:na]
	at org.apache.dubbo.registry.nacos.util.NacosNamingServiceUtils.createNamingService(NacosNamingServiceUtils.java:104) [dubbo-3.0.9.jar:3.0.9]
	at org.apache.dubbo.registry.nacos.NacosServiceDiscovery.<init>(NacosServiceDiscovery.java:60) [dubbo-3.0.9.jar:3.0.9]
	at org.apache.dubbo.registry.nacos.NacosServiceDiscoveryFactory.createDiscovery(NacosServiceDiscoveryFactory.java:27) [dubbo-3.0.9.jar:3.0.9]
	at org.apache.dubbo.registry.client.AbstractServiceDiscoveryFactory.lambda$getServiceDiscovery$0(AbstractServiceDiscoveryFactory.java:53) [dubbo-3.0.9.jar:3.0.9]
	at java.util.concurrent.ConcurrentHashMap.computeIfAbsent(ConcurrentHashMap.java:1660) ~[na:1.8.0_202]
	at org.apache.dubbo.registry.client.AbstractServiceDiscoveryFactory.getServiceDiscovery(AbstractServiceDiscoveryFactory.java:53) [dubbo-3.0.9.jar:3.0.9]
	at org.apache.dubbo.registry.client.ServiceDiscoveryRegistry.getServiceDiscovery(ServiceDiscoveryRegistry.java:122) ~[dubbo-3.0.9.jar:3.0.9]
	at org.apache.dubbo.registry.client.ServiceDiscoveryRegistry.createServiceDiscovery(ServiceDiscoveryRegistry.java:109) ~[dubbo-3.0.9.jar:3.0.9]
	at org.apache.dubbo.registry.client.ServiceDiscoveryRegistry.<init>(ServiceDiscoveryRegistry.java:86) ~[dubbo-3.0.9.jar:3.0.9]
	at org.apache.dubbo.registry.client.ServiceDiscoveryRegistryFactory.createRegistry(ServiceDiscoveryRegistryFactory.java:35) ~[dubbo-3.0.9.jar:3.0.9]
	at org.apache.dubbo.registry.support.AbstractRegistryFactory.getRegistry(AbstractRegistryFactory.java:89) ~[dubbo-3.0.9.jar:3.0.9]
	at org.apache.dubbo.registry.RegistryFactoryWrapper.getRegistry(RegistryFactoryWrapper.java:33) ~[dubbo-3.0.9.jar:3.0.9]
	at org.apache.dubbo.registry.RegistryFactory$Adaptive.getRegistry(RegistryFactory$Adaptive.java) ~[dubbo-3.0.9.jar:3.0.9]
	at org.apache.dubbo.registry.integration.RegistryProtocol.getRegistry(RegistryProtocol.java:393) ~[dubbo-3.0.9.jar:3.0.9]
	at org.apache.dubbo.registry.integration.InterfaceCompatibleRegistryProtocol.getServiceDiscoveryInvoker(InterfaceCompatibleRegistryProtocol.java:63) ~[dubbo-3.0.9.jar:3.0.9]
	at org.apache.dubbo.registry.client.migration.MigrationInvoker.refreshServiceDiscoveryInvoker(MigrationInvoker.java:436) ~[dubbo-3.0.9.jar:3.0.9]
	at org.apache.dubbo.registry.client.migration.MigrationInvoker.migrateToApplicationFirstInvoker(MigrationInvoker.java:244) ~[dubbo-3.0.9.jar:3.0.9]
	at org.apache.dubbo.registry.client.migration.MigrationRuleHandler.refreshInvoker(MigrationRuleHandler.java:73) ~[dubbo-3.0.9.jar:3.0.9]
	at org.apache.dubbo.registry.client.migration.MigrationRuleHandler.doMigrate(MigrationRuleHandler.java:57) ~[dubbo-3.0.9.jar:3.0.9]
	at org.apache.dubbo.registry.client.migration.MigrationRuleListener.onRefer(MigrationRuleListener.java:243) ~[dubbo-3.0.9.jar:3.0.9]
	at org.apache.dubbo.registry.integration.RegistryProtocol.interceptInvoker(RegistryProtocol.java:535) ~[dubbo-3.0.9.jar:3.0.9]
	at org.apache.dubbo.registry.integration.RegistryProtocol.doRefer(RegistryProtocol.java:505) ~[dubbo-3.0.9.jar:3.0.9]
	at org.apache.dubbo.registry.integration.RegistryProtocol.refer(RegistryProtocol.java:487) ~[dubbo-3.0.9.jar:3.0.9]
	at org.apache.dubbo.qos.protocol.QosProtocolWrapper.refer(QosProtocolWrapper.java:83) ~[dubbo-3.0.9.jar:3.0.9]
	at org.apache.dubbo.rpc.protocol.ProtocolListenerWrapper.refer(ProtocolListenerWrapper.java:74) ~[dubbo-3.0.9.jar:3.0.9]
	at org.apache.dubbo.rpc.cluster.filter.ProtocolFilterWrapper.refer(ProtocolFilterWrapper.java:71) ~[dubbo-3.0.9.jar:3.0.9]
	at org.apache.dubbo.rpc.protocol.ProtocolSerializationWrapper.refer(ProtocolSerializationWrapper.java:52) ~[dubbo-3.0.9.jar:3.0.9]
	at org.apache.dubbo.rpc.Protocol$Adaptive.refer(Protocol$Adaptive.java) ~[dubbo-3.0.9.jar:3.0.9]
	at org.apache.dubbo.config.ReferenceConfig.createInvokerForRemote(ReferenceConfig.java:494) ~[dubbo-3.0.9.jar:3.0.9]
	at org.apache.dubbo.config.ReferenceConfig.createProxy(ReferenceConfig.java:397) ~[dubbo-3.0.9.jar:3.0.9]
	at org.apache.dubbo.config.ReferenceConfig.init(ReferenceConfig.java:285) ~[dubbo-3.0.9.jar:3.0.9]
	at org.apache.dubbo.config.ReferenceConfig.get(ReferenceConfig.java:219) ~[dubbo-3.0.9.jar:3.0.9]
	at org.apache.dubbo.config.utils.SimpleReferenceCache.get(SimpleReferenceCache.java:129) ~[dubbo-3.0.9.jar:3.0.9]
	at org.apache.dubbo.config.deploy.DefaultModuleDeployer.lambda$referServices$6(DefaultModuleDeployer.java:387) ~[dubbo-3.0.9.jar:3.0.9]
	at java.util.concurrent.ConcurrentHashMap$ValuesView.forEach(ConcurrentHashMap.java:4707) ~[na:1.8.0_202]
	at org.apache.dubbo.config.deploy.DefaultModuleDeployer.referServices(DefaultModuleDeployer.java:367) ~[dubbo-3.0.9.jar:3.0.9]
	at org.apache.dubbo.config.deploy.DefaultModuleDeployer.start(DefaultModuleDeployer.java:154) ~[dubbo-3.0.9.jar:3.0.9]
	at org.apache.dubbo.config.spring.context.DubboDeployApplicationListener.onContextRefreshedEvent(DubboDeployApplicationListener.java:111) ~[dubbo-3.0.9.jar:3.0.9]
	at org.apache.dubbo.config.spring.context.DubboDeployApplicationListener.onApplicationEvent(DubboDeployApplicationListener.java:100) ~[dubbo-3.0.9.jar:3.0.9]
	at org.apache.dubbo.config.spring.context.DubboDeployApplicationListener.onApplicationEvent(DubboDeployApplicationListener.java:45) ~[dubbo-3.0.9.jar:3.0.9]
	at org.springframework.context.event.SimpleApplicationEventMulticaster.doInvokeListener(SimpleApplicationEventMulticaster.java:176) ~[spring-context-5.3.20.jar:5.3.20]
	at org.springframework.context.event.SimpleApplicationEventMulticaster.invokeListener(SimpleApplicationEventMulticaster.java:169) ~[spring-context-5.3.20.jar:5.3.20]
	at org.springframework.context.event.SimpleApplicationEventMulticaster.multicastEvent(SimpleApplicationEventMulticaster.java:143) ~[spring-context-5.3.20.jar:5.3.20]
	at org.springframework.context.support.AbstractApplicationContext.publishEvent(AbstractApplicationContext.java:421) ~[spring-context-5.3.20.jar:5.3.20]
	at org.springframework.context.support.AbstractApplicationContext.publishEvent(AbstractApplicationContext.java:378) ~[spring-context-5.3.20.jar:5.3.20]
	at org.springframework.context.support.AbstractApplicationContext.finishRefresh(AbstractApplicationContext.java:938) ~[spring-context-5.3.20.jar:5.3.20]
	at org.springframework.context.support.AbstractApplicationContext.refresh(AbstractApplicationContext.java:586) ~[spring-context-5.3.20.jar:5.3.20]
	at org.springframework.boot.SpringApplication.refresh(SpringApplication.java:734) ~[spring-boot-2.7.0.jar:2.7.0]
	at org.springframework.boot.SpringApplication.refreshContext(SpringApplication.java:408) ~[spring-boot-2.7.0.jar:2.7.0]
	at org.springframework.boot.SpringApplication.run(SpringApplication.java:308) ~[spring-boot-2.7.0.jar:2.7.0]
	at org.springframework.boot.test.context.SpringBootContextLoader.loadContext(SpringBootContextLoader.java:132) ~[spring-boot-test-2.7.0.jar:2.7.0]
	at org.springframework.test.context.cache.DefaultCacheAwareContextLoaderDelegate.loadContextInternal(DefaultCacheAwareContextLoaderDelegate.java:99) ~[spring-test-5.3.20.jar:5.3.20]
	at org.springframework.test.context.cache.DefaultCacheAwareContextLoaderDelegate.loadContext(DefaultCacheAwareContextLoaderDelegate.java:124) ~[spring-test-5.3.20.jar:5.3.20]
	at org.springframework.test.context.support.DefaultTestContext.getApplicationContext(DefaultTestContext.java:124) ~[spring-test-5.3.20.jar:5.3.20]
	at org.springframework.boot.test.autoconfigure.SpringBootDependencyInjectionTestExecutionListener.outputConditionEvaluationReport(SpringBootDependencyInjectionTestExecutionListener.java:53) ~[spring-boot-test-autoconfigure-2.7.0.jar:2.7.0]
	at org.springframework.boot.test.autoconfigure.SpringBootDependencyInjectionTestExecutionListener.prepareTestInstance(SpringBootDependencyInjectionTestExecutionListener.java:46) ~[spring-boot-test-autoconfigure-2.7.0.jar:2.7.0]
	at org.springframework.test.context.TestContextManager.prepareTestInstance(TestContextManager.java:248) ~[spring-test-5.3.20.jar:5.3.20]
	at org.springframework.test.context.junit.jupiter.SpringExtension.postProcessTestInstance(SpringExtension.java:138) ~[spring-test-5.3.20.jar:5.3.20]
	at org.junit.jupiter.engine.descriptor.ClassBasedTestDescriptor.lambda$invokeTestInstancePostProcessors$8(ClassBasedTestDescriptor.java:363) ~[junit-jupiter-engine-5.8.2.jar:5.8.2]
	at org.junit.jupiter.engine.descriptor.ClassBasedTestDescriptor.executeAndMaskThrowable(ClassBasedTestDescriptor.java:368) ~[junit-jupiter-engine-5.8.2.jar:5.8.2]
	at org.junit.jupiter.engine.descriptor.ClassBasedTestDescriptor.lambda$invokeTestInstancePostProcessors$9(ClassBasedTestDescriptor.java:363) ~[junit-jupiter-engine-5.8.2.jar:5.8.2]
	at java.util.stream.ReferencePipeline$3$1.accept(ReferencePipeline.java:193) ~[na:1.8.0_202]
	at java.util.stream.ReferencePipeline$2$1.accept(ReferencePipeline.java:175) ~[na:1.8.0_202]
	at java.util.ArrayList$ArrayListSpliterator.forEachRemaining(ArrayList.java:1382) ~[na:1.8.0_202]
	at java.util.stream.AbstractPipeline.copyInto(AbstractPipeline.java:481) ~[na:1.8.0_202]
	at java.util.stream.AbstractPipeline.wrapAndCopyInto(AbstractPipeline.java:471) ~[na:1.8.0_202]
	at java.util.stream.StreamSpliterators$WrappingSpliterator.forEachRemaining(StreamSpliterators.java:312) ~[na:1.8.0_202]
	at java.util.stream.Streams$ConcatSpliterator.forEachRemaining(Streams.java:743) ~[na:1.8.0_202]
	at java.util.stream.Streams$ConcatSpliterator.forEachRemaining(Streams.java:742) ~[na:1.8.0_202]
	at java.util.stream.ReferencePipeline$Head.forEach(ReferencePipeline.java:580) ~[na:1.8.0_202]
	at org.junit.jupiter.engine.descriptor.ClassBasedTestDescriptor.invokeTestInstancePostProcessors(ClassBasedTestDescriptor.java:362) ~[junit-jupiter-engine-5.8.2.jar:5.8.2]
	at org.junit.jupiter.engine.descriptor.ClassBasedTestDescriptor.lambda$instantiateAndPostProcessTestInstance$6(ClassBasedTestDescriptor.java:283) ~[junit-jupiter-engine-5.8.2.jar:5.8.2]
	at org.junit.platform.engine.support.hierarchical.ThrowableCollector.execute(ThrowableCollector.java:73) ~[junit-platform-engine-1.8.2.jar:1.8.2]
	at org.junit.jupiter.engine.descriptor.ClassBasedTestDescriptor.instantiateAndPostProcessTestInstance(ClassBasedTestDescriptor.java:282) ~[junit-jupiter-engine-5.8.2.jar:5.8.2]
	at org.junit.jupiter.engine.descriptor.ClassBasedTestDescriptor.lambda$testInstancesProvider$4(ClassBasedTestDescriptor.java:272) ~[junit-jupiter-engine-5.8.2.jar:5.8.2]
	at java.util.Optional.orElseGet(Optional.java:267) ~[na:1.8.0_202]
	at org.junit.jupiter.engine.descriptor.ClassBasedTestDescriptor.lambda$testInstancesProvider$5(ClassBasedTestDescriptor.java:271) ~[junit-jupiter-engine-5.8.2.jar:5.8.2]
	at org.junit.jupiter.engine.execution.TestInstancesProvider.getTestInstances(TestInstancesProvider.java:31) ~[junit-jupiter-engine-5.8.2.jar:5.8.2]
	at org.junit.jupiter.engine.descriptor.TestMethodTestDescriptor.lambda$prepare$0(TestMethodTestDescriptor.java:102) ~[junit-jupiter-engine-5.8.2.jar:5.8.2]
	at org.junit.platform.engine.support.hierarchical.ThrowableCollector.execute(ThrowableCollector.java:73) ~[junit-platform-engine-1.8.2.jar:1.8.2]
	at org.junit.jupiter.engine.descriptor.TestMethodTestDescriptor.prepare(TestMethodTestDescriptor.java:101) ~[junit-jupiter-engine-5.8.2.jar:5.8.2]
	at org.junit.jupiter.engine.descriptor.TestMethodTestDescriptor.prepare(TestMethodTestDescriptor.java:66) ~[junit-jupiter-engine-5.8.2.jar:5.8.2]
	at org.junit.platform.engine.support.hierarchical.NodeTestTask.lambda$prepare$2(NodeTestTask.java:123) ~[junit-platform-engine-1.8.2.jar:1.8.2]
	at org.junit.platform.engine.support.hierarchical.ThrowableCollector.execute(ThrowableCollector.java:73) ~[junit-platform-engine-1.8.2.jar:1.8.2]
	at org.junit.platform.engine.support.hierarchical.NodeTestTask.prepare(NodeTestTask.java:123) ~[junit-platform-engine-1.8.2.jar:1.8.2]
	at org.junit.platform.engine.support.hierarchical.NodeTestTask.execute(NodeTestTask.java:90) ~[junit-platform-engine-1.8.2.jar:1.8.2]
	at java.util.ArrayList.forEach(ArrayList.java:1257) ~[na:1.8.0_202]
	at org.junit.platform.engine.support.hierarchical.SameThreadHierarchicalTestExecutorService.invokeAll(SameThreadHierarchicalTestExecutorService.java:41) ~[junit-platform-engine-1.8.2.jar:1.8.2]
	at org.junit.platform.engine.support.hierarchical.NodeTestTask.lambda$executeRecursively$6(NodeTestTask.java:155) ~[junit-platform-engine-1.8.2.jar:1.8.2]
	at org.junit.platform.engine.support.hierarchical.ThrowableCollector.execute(ThrowableCollector.java:73) ~[junit-platform-engine-1.8.2.jar:1.8.2]
	at org.junit.platform.engine.support.hierarchical.NodeTestTask.lambda$executeRecursively$8(NodeTestTask.java:141) ~[junit-platform-engine-1.8.2.jar:1.8.2]
	at org.junit.platform.engine.support.hierarchical.Node.around(Node.java:137) ~[junit-platform-engine-1.8.2.jar:1.8.2]
	at org.junit.platform.engine.support.hierarchical.NodeTestTask.lambda$executeRecursively$9(NodeTestTask.java:139) ~[junit-platform-engine-1.8.2.jar:1.8.2]
	at org.junit.platform.engine.support.hierarchical.ThrowableCollector.execute(ThrowableCollector.java:73) ~[junit-platform-engine-1.8.2.jar:1.8.2]
	at org.junit.platform.engine.support.hierarchical.NodeTestTask.executeRecursively(NodeTestTask.java:138) ~[junit-platform-engine-1.8.2.jar:1.8.2]
	at org.junit.platform.engine.support.hierarchical.NodeTestTask.execute(NodeTestTask.java:95) ~[junit-platform-engine-1.8.2.jar:1.8.2]
	at java.util.ArrayList.forEach(ArrayList.java:1257) ~[na:1.8.0_202]
	at org.junit.platform.engine.support.hierarchical.SameThreadHierarchicalTestExecutorService.invokeAll(SameThreadHierarchicalTestExecutorService.java:41) ~[junit-platform-engine-1.8.2.jar:1.8.2]
	at org.junit.platform.engine.support.hierarchical.NodeTestTask.lambda$executeRecursively$6(NodeTestTask.java:155) ~[junit-platform-engine-1.8.2.jar:1.8.2]
	at org.junit.platform.engine.support.hierarchical.ThrowableCollector.execute(ThrowableCollector.java:73) ~[junit-platform-engine-1.8.2.jar:1.8.2]
	at org.junit.platform.engine.support.hierarchical.NodeTestTask.lambda$executeRecursively$8(NodeTestTask.java:141) ~[junit-platform-engine-1.8.2.jar:1.8.2]
	at org.junit.platform.engine.support.hierarchical.Node.around(Node.java:137) ~[junit-platform-engine-1.8.2.jar:1.8.2]
	at org.junit.platform.engine.support.hierarchical.NodeTestTask.lambda$executeRecursively$9(NodeTestTask.java:139) ~[junit-platform-engine-1.8.2.jar:1.8.2]
	at org.junit.platform.engine.support.hierarchical.ThrowableCollector.execute(ThrowableCollector.java:73) ~[junit-platform-engine-1.8.2.jar:1.8.2]
	at org.junit.platform.engine.support.hierarchical.NodeTestTask.executeRecursively(NodeTestTask.java:138) ~[junit-platform-engine-1.8.2.jar:1.8.2]
	at org.junit.platform.engine.support.hierarchical.NodeTestTask.execute(NodeTestTask.java:95) ~[junit-platform-engine-1.8.2.jar:1.8.2]
	at org.junit.platform.engine.support.hierarchical.SameThreadHierarchicalTestExecutorService.submit(SameThreadHierarchicalTestExecutorService.java:35) ~[junit-platform-engine-1.8.2.jar:1.8.2]
	at org.junit.platform.engine.support.hierarchical.HierarchicalTestExecutor.execute(HierarchicalTestExecutor.java:57) ~[junit-platform-engine-1.8.2.jar:1.8.2]
	at org.junit.platform.engine.support.hierarchical.HierarchicalTestEngine.execute(HierarchicalTestEngine.java:54) ~[junit-platform-engine-1.8.2.jar:1.8.2]
	at org.junit.platform.launcher.core.DefaultLauncher.execute(DefaultLauncher.java:220) ~[junit-platform-launcher-1.3.1.jar:1.3.1]
	at org.junit.platform.launcher.core.DefaultLauncher.lambda$execute$6(DefaultLauncher.java:188) ~[junit-platform-launcher-1.3.1.jar:1.3.1]
	at org.junit.platform.launcher.core.DefaultLauncher.withInterceptedStreams(DefaultLauncher.java:202) ~[junit-platform-launcher-1.3.1.jar:1.3.1]
	at org.junit.platform.launcher.core.DefaultLauncher.execute(DefaultLauncher.java:181) ~[junit-platform-launcher-1.3.1.jar:1.3.1]
	at org.junit.platform.launcher.core.DefaultLauncher.execute(DefaultLauncher.java:128) ~[junit-platform-launcher-1.3.1.jar:1.3.1]
	at org.apache.maven.surefire.junitplatform.JUnitPlatformProvider.invokeAllTests(JUnitPlatformProvider.java:150) ~[surefire-junit-platform-2.22.2.jar:2.22.2]
	at org.apache.maven.surefire.junitplatform.JUnitPlatformProvider.invoke(JUnitPlatformProvider.java:124) ~[surefire-junit-platform-2.22.2.jar:2.22.2]
	at org.apache.maven.surefire.booter.ForkedBooter.invokeProviderInSameClassLoader(ForkedBooter.java:384) ~[surefire-booter-2.22.2.jar:2.22.2]
	at org.apache.maven.surefire.booter.ForkedBooter.runSuitesInProcess(ForkedBooter.java:345) ~[surefire-booter-2.22.2.jar:2.22.2]
	at org.apache.maven.surefire.booter.ForkedBooter.execute(ForkedBooter.java:126) ~[surefire-booter-2.22.2.jar:2.22.2]
	at org.apache.maven.surefire.booter.ForkedBooter.main(ForkedBooter.java:418) ~[surefire-booter-2.22.2.jar:2.22.2]

2023-10-15 16:19:23.297  INFO 19020 --- [           main] com.alibaba.nacos.common.remote.client   : [3b7876bc-3d8f-4bce-b2f6-42ad5540381f] Register server push request handler:com.alibaba.nacos.common.remote.client.RpcClient$ConnectResetRequestHandler
2023-10-15 16:19:23.297  INFO 19020 --- [           main] com.alibaba.nacos.common.remote.client   : [3b7876bc-3d8f-4bce-b2f6-42ad5540381f] Register server push request handler:com.alibaba.nacos.common.remote.client.RpcClient$$Lambda$776/1519396442
2023-10-15 16:19:23.298  INFO 19020 --- [t.remote.worker] com.alibaba.nacos.common.remote.client   : [3b7876bc-3d8f-4bce-b2f6-42ad5540381f] Try to reconnect to a new server, server is  not appointed, will choose a random server.
2023-10-15 16:19:23.422 ERROR 19020 --- [           main] com.alibaba.nacos.common.remote.client   : Send request fail, request = ConfigQueryRequest{headers={charset=UTF-8, Client-AppName=unknown, Client-RequestToken=bbfa806c635cad2e98e29070804e4fbb, Client-RequestTS=1697357963313, exConfigInfo=true, notify=false}, requestId='null'}, retryTimes = 0, errorMessage = Client not connected, current status:STARTING
2023-10-15 16:19:23.422 ERROR 19020 --- [s.client.Worker] com.alibaba.nacos.common.remote.client   : Send request fail, request = ConfigBatchListenRequest{headers={charset=UTF-8, Client-AppName=unknown, Client-RequestToken=206d67b6f5176df429cd5a15ece22442, Client-RequestTS=1697357963315, exConfigInfo=true}, requestId='null'}, retryTimes = 0, errorMessage = Client not connected, current status:STARTING
2023-10-15 16:19:23.533 ERROR 19020 --- [s.client.Worker] com.alibaba.nacos.common.remote.client   : Send request fail, request = ConfigBatchListenRequest{headers={charset=UTF-8, Client-AppName=unknown, Client-RequestToken=206d67b6f5176df429cd5a15ece22442, Client-RequestTS=1697357963315, exConfigInfo=true}, requestId='null'}, retryTimes = 1, errorMessage = Client not connected, current status:STARTING
2023-10-15 16:19:23.534 ERROR 19020 --- [           main] com.alibaba.nacos.common.remote.client   : Send request fail, request = ConfigQueryRequest{headers={charset=UTF-8, Client-AppName=unknown, Client-RequestToken=bbfa806c635cad2e98e29070804e4fbb, Client-RequestTS=1697357963313, exConfigInfo=true, notify=false}, requestId='null'}, retryTimes = 1, errorMessage = Client not connected, current status:STARTING
2023-10-15 16:19:23.643 ERROR 19020 --- [           main] com.alibaba.nacos.common.remote.client   : Send request fail, request = ConfigQueryRequest{headers={charset=UTF-8, Client-AppName=unknown, Client-RequestToken=bbfa806c635cad2e98e29070804e4fbb, Client-RequestTS=1697357963313, exConfigInfo=true, notify=false}, requestId='null'}, retryTimes = 2, errorMessage = Client not connected, current status:STARTING
2023-10-15 16:19:23.644  WARN 19020 --- [           main] c.a.n.client.config.NacosConfigService   : [fixed-localhost_8848] [get-config] get from server error, dataId=dubbo-springboot-demo-provider.configurators, group=dubbo, tenant=, msg=ErrCode:-401, ErrMsg:Client not connected, current status:STARTING
2023-10-15 16:19:23.644  WARN 19020 --- [           main] c.a.n.client.config.NacosConfigService   : [fixed-localhost_8848] [get-config] get snapshot ok, dataId=dubbo-springboot-demo-provider.configurators, group=dubbo, tenant=, config=
2023-10-15 16:19:23.645 ERROR 19020 --- [s.client.Worker] com.alibaba.nacos.common.remote.client   : Send request fail, request = ConfigBatchListenRequest{headers={charset=UTF-8, Client-AppName=unknown, Client-RequestToken=206d67b6f5176df429cd5a15ece22442, Client-RequestTS=1697357963315, exConfigInfo=true}, requestId='null'}, retryTimes = 2, errorMessage = Client not connected, current status:STARTING
2023-10-15 16:19:23.645 ERROR 19020 --- [s.client.Worker] c.a.n.client.config.impl.ClientWorker    : Async listen config change error 

com.alibaba.nacos.api.exception.NacosException: Client not connected, current status:STARTING
	at com.alibaba.nacos.common.remote.client.RpcClient.request(RpcClient.java:651) ~[nacos-client-2.1.0.jar:na]
	at com.alibaba.nacos.client.config.impl.ClientWorker$ConfigRpcTransportClient.requestProxy(ClientWorker.java:1005) [nacos-client-2.1.0.jar:na]
	at com.alibaba.nacos.client.config.impl.ClientWorker$ConfigRpcTransportClient.requestProxy(ClientWorker.java:986) [nacos-client-2.1.0.jar:na]
	at com.alibaba.nacos.client.config.impl.ClientWorker$ConfigRpcTransportClient.executeConfigListen(ClientWorker.java:777) [nacos-client-2.1.0.jar:na]
	at com.alibaba.nacos.client.config.impl.ClientWorker$ConfigRpcTransportClient.lambda$startInternal$2(ClientWorker.java:695) [nacos-client-2.1.0.jar:na]
	at java.util.concurrent.Executors$RunnableAdapter.call(Executors.java:511) ~[na:1.8.0_202]
	at java.util.concurrent.FutureTask.run(FutureTask.java:266) ~[na:1.8.0_202]
	at java.util.concurrent.ScheduledThreadPoolExecutor$ScheduledFutureTask.access$201(ScheduledThreadPoolExecutor.java:180) ~[na:1.8.0_202]
	at java.util.concurrent.ScheduledThreadPoolExecutor$ScheduledFutureTask.run(ScheduledThreadPoolExecutor.java:293) ~[na:1.8.0_202]
	at java.util.concurrent.ThreadPoolExecutor.runWorker(ThreadPoolExecutor.java:1149) ~[na:1.8.0_202]
	at java.util.concurrent.ThreadPoolExecutor$Worker.run(ThreadPoolExecutor.java:624) ~[na:1.8.0_202]
	at java.lang.Thread.run(Thread.java:748) ~[na:1.8.0_202]

2023-10-15 16:19:23.765 ERROR 19020 --- [           main] com.alibaba.nacos.common.remote.client   : Send request fail, request = ConfigQueryRequest{headers={charset=UTF-8, Client-AppName=unknown, Client-RequestToken=ec7f1d5353ace90195ec8914a60776fd, Client-RequestTS=1697357963644, exConfigInfo=true, notify=false}, requestId='null'}, retryTimes = 0, errorMessage = Client not connected, current status:STARTING
2023-10-15 16:19:23.836 ERROR 19020 --- [s.client.Worker] com.alibaba.nacos.common.remote.client   : Send request fail, request = ConfigBatchListenRequest{headers={charset=UTF-8, Client-AppName=unknown, Client-RequestToken=cfe8478806fc73210d61a7eef1518774, Client-RequestTS=1697357963710, exConfigInfo=true}, requestId='null'}, retryTimes = 0, errorMessage = Client not connected, current status:STARTING
2023-10-15 16:19:23.865 ERROR 19020 --- [           main] com.alibaba.nacos.common.remote.client   : Send request fail, request = ConfigQueryRequest{headers={charset=UTF-8, Client-AppName=unknown, Client-RequestToken=ec7f1d5353ace90195ec8914a60776fd, Client-RequestTS=1697357963644, exConfigInfo=true, notify=false}, requestId='null'}, retryTimes = 1, errorMessage = Client not connected, current status:STARTING
2023-10-15 16:19:23.916  INFO 19020 --- [yTimer-thread-1] o.a.d.r.retry.FailedSubscribedTask       :  [DUBBO] retry subscribe : consumer://192.168.1.107/com.yupi.service.InnerUserService?application=dubbo-springboot-demo-provider&background=false&category=providers,configurators,routers&dubbo=2.0.2&interface=com.yupi.service.InnerUserService&methods=getUser&pid=19020&release=3.0.9&revision=0.0.1-SNAPSHOT&side=consumer&sticky=false&timestamp=1697357939843, dubbo version: 3.0.9, current host: 192.168.1.107
2023-10-15 16:19:23.916  INFO 19020 --- [yTimer-thread-1] com.alibaba.nacos.client.naming          : [SUBSCRIBE-SERVICE] service:providers:com.yupi.service.InnerUserService::, group:DEFAULT_GROUP, clusters: 
2023-10-15 16:19:23.928  WARN 19020 --- [ing.grpc.redo.0] com.alibaba.nacos.client.naming          : Grpc Connection is disconnect, skip current redo task
2023-10-15 16:19:23.944 ERROR 19020 --- [s.client.Worker] com.alibaba.nacos.common.remote.client   : Send request fail, request = ConfigBatchListenRequest{headers={charset=UTF-8, Client-AppName=unknown, Client-RequestToken=cfe8478806fc73210d61a7eef1518774, Client-RequestTS=1697357963710, exConfigInfo=true}, requestId='null'}, retryTimes = 1, errorMessage = Client not connected, current status:STARTING
2023-10-15 16:19:23.975 ERROR 19020 --- [           main] com.alibaba.nacos.common.remote.client   : Send request fail, request = ConfigQueryRequest{headers={charset=UTF-8, Client-AppName=unknown, Client-RequestToken=ec7f1d5353ace90195ec8914a60776fd, Client-RequestTS=1697357963644, exConfigInfo=true, notify=false}, requestId='null'}, retryTimes = 2, errorMessage = Client not connected, current status:STARTING
2023-10-15 16:19:23.975  WARN 19020 --- [           main] c.a.n.client.config.NacosConfigService   : [fixed-localhost_8848] [get-config] get from server error, dataId=com.yupi.service.InnerUserService::.configurators, group=dubbo, tenant=, msg=ErrCode:-401, ErrMsg:Client not connected, current status:STARTING
2023-10-15 16:19:23.975  WARN 19020 --- [           main] c.a.n.client.config.NacosConfigService   : [fixed-localhost_8848] [get-config] get snapshot ok, dataId=com.yupi.service.InnerUserService::.configurators, group=dubbo, tenant=, config=
2023-10-15 16:19:23.975  INFO 19020 --- [           main] o.a.d.r.client.ServiceDiscoveryRegistry  :  [DUBBO] Trying to subscribe from apps dubbo-springboot-demo-provider for service key com.yupi.service.InnerUserService, , dubbo version: 3.0.9, current host: 192.168.1.107
2023-10-15 16:19:23.975  INFO 19020 --- [           main] .r.c.e.l.ServiceInstancesChangedListener :  [DUBBO] Received instance notification, serviceName: dubbo-springboot-demo-provider, instances: 1, dubbo version: 3.0.9, current host: 192.168.1.107
2023-10-15 16:19:23.976  INFO 19020 --- [           main] .r.c.e.l.ServiceInstancesChangedListener :  [DUBBO] 1 unique working revisions: cdebef2c6e8b06c767cb56147c94db19 , dubbo version: 3.0.9, current host: 192.168.1.107
2023-10-15 16:19:23.976  INFO 19020 --- [           main] .r.c.e.l.ServiceInstancesChangedListener :  [DUBBO] Found 1 urls of protocol service key com.yupi.service.InnerUserService:dubbo , dubbo version: 3.0.9, current host: 192.168.1.107
2023-10-15 16:19:23.976  INFO 19020 --- [           main] .r.c.e.l.ServiceInstancesChangedListener :  [DUBBO] Notify serviceKey: com.yupi.service.InnerUserService, listener: org.apache.dubbo.registry.client.ServiceDiscoveryRegistryDirectory@6d842877 with 1 urls on subscription, dubbo version: 3.0.9, current host: 192.168.1.107
2023-10-15 16:19:23.976  INFO 19020 --- [           main] .d.r.c.ServiceDiscoveryRegistryDirectory :  [DUBBO] Refreshed invoker size 1, dubbo version: 3.0.9, current host: 192.168.1.107
2023-10-15 16:19:23.977  INFO 19020 --- [           main] com.alibaba.nacos.client.naming          : [SUBSCRIBE-SERVICE] service:dubbo-springboot-demo-provider, group:DEFAULT_GROUP, clusters: 
2023-10-15 16:19:23.978  INFO 19020 --- [eduler-thread-1] c.a.n.client.config.impl.ClientWorker    : [fixed-localhost_8848] [subscribe] com.yupi.service.InnerUserService+mapping
2023-10-15 16:19:23.978  INFO 19020 --- [eduler-thread-1] c.a.nacos.client.config.impl.CacheData   : [fixed-localhost_8848] [add-listener] ok, tenant=, dataId=com.yupi.service.InnerUserService, group=mapping, cnt=1
2023-10-15 16:19:23.978  INFO 19020 --- [s.client.Worker] com.alibaba.nacos.common.remote.client   : [RpcClientFactory] create a new rpc client of 2e82097d-839e-4c47-b0ae-93ab445c6d13_config-0
2023-10-15 16:19:23.978  INFO 19020 --- [s.client.Worker] com.alibaba.nacos.common.remote.client   : [2e82097d-839e-4c47-b0ae-93ab445c6d13_config-0] RpcClient init label, labels = {module=config, Vipserver-Tag=null, source=sdk, Amory-Tag=null, Location-Tag=null, taskId=0, AppName=unknown}
2023-10-15 16:19:23.978  INFO 19020 --- [s.client.Worker] com.alibaba.nacos.common.remote.client   : [2e82097d-839e-4c47-b0ae-93ab445c6d13_config-0] Register server push request handler:com.alibaba.nacos.client.config.impl.ClientWorker$ConfigRpcTransportClient$$Lambda$766/1579140143
2023-10-15 16:19:23.978  INFO 19020 --- [s.client.Worker] com.alibaba.nacos.common.remote.client   : [2e82097d-839e-4c47-b0ae-93ab445c6d13_config-0] Register server push request handler:com.alibaba.nacos.client.config.impl.ClientWorker$ConfigRpcTransportClient$$Lambda$767/1152524191
2023-10-15 16:19:23.978  INFO 19020 --- [s.client.Worker] com.alibaba.nacos.common.remote.client   : [2e82097d-839e-4c47-b0ae-93ab445c6d13_config-0] Registry connection listener to current client:com.alibaba.nacos.client.config.impl.ClientWorker$ConfigRpcTransportClient$1
2023-10-15 16:19:23.978  INFO 19020 --- [s.client.Worker] com.alibaba.nacos.common.remote.client   : [2e82097d-839e-4c47-b0ae-93ab445c6d13_config-0] RpcClient init, ServerListFactory = com.alibaba.nacos.client.config.impl.ClientWorker$ConfigRpcTransportClient$2
2023-10-15 16:19:23.978  INFO 19020 --- [s.client.Worker] com.alibaba.nacos.common.remote.client   : [2e82097d-839e-4c47-b0ae-93ab445c6d13_config-0] Try to connect to server on start up, server: {serverIp = 'localhost', server main port = 8848}
2023-10-15 16:19:24.022 ERROR 19020 --- [yTimer-thread-1] com.alibaba.nacos.common.remote.client   : Send request fail, request = SubscribeServiceRequest{headers={app=unknown}, requestId='null'}, retryTimes = 0, errorMessage = Client not connected, current status:STARTING
2023-10-15 16:19:24.054 ERROR 19020 --- [s.client.Worker] com.alibaba.nacos.common.remote.client   : Send request fail, request = ConfigBatchListenRequest{headers={charset=UTF-8, Client-AppName=unknown, Client-RequestToken=cfe8478806fc73210d61a7eef1518774, Client-RequestTS=1697357963710, exConfigInfo=true}, requestId='null'}, retryTimes = 2, errorMessage = Client not connected, current status:STARTING
2023-10-15 16:19:24.054 ERROR 19020 --- [s.client.Worker] c.a.n.client.config.impl.ClientWorker    : Async listen config change error 

com.alibaba.nacos.api.exception.NacosException: Client not connected, current status:STARTING
	at com.alibaba.nacos.common.remote.client.RpcClient.request(RpcClient.java:651) ~[nacos-client-2.1.0.jar:na]
	at com.alibaba.nacos.client.config.impl.ClientWorker$ConfigRpcTransportClient.requestProxy(ClientWorker.java:1005) [nacos-client-2.1.0.jar:na]
	at com.alibaba.nacos.client.config.impl.ClientWorker$ConfigRpcTransportClient.requestProxy(ClientWorker.java:986) [nacos-client-2.1.0.jar:na]
	at com.alibaba.nacos.client.config.impl.ClientWorker$ConfigRpcTransportClient.executeConfigListen(ClientWorker.java:777) [nacos-client-2.1.0.jar:na]
	at com.alibaba.nacos.client.config.impl.ClientWorker$ConfigRpcTransportClient.lambda$startInternal$2(ClientWorker.java:695) [nacos-client-2.1.0.jar:na]
	at java.util.concurrent.Executors$RunnableAdapter.call(Executors.java:511) ~[na:1.8.0_202]
	at java.util.concurrent.FutureTask.run(FutureTask.java:266) ~[na:1.8.0_202]
	at java.util.concurrent.ScheduledThreadPoolExecutor$ScheduledFutureTask.access$201(ScheduledThreadPoolExecutor.java:180) ~[na:1.8.0_202]
	at java.util.concurrent.ScheduledThreadPoolExecutor$ScheduledFutureTask.run(ScheduledThreadPoolExecutor.java:293) ~[na:1.8.0_202]
	at java.util.concurrent.ThreadPoolExecutor.runWorker(ThreadPoolExecutor.java:1149) ~[na:1.8.0_202]
	at java.util.concurrent.ThreadPoolExecutor$Worker.run(ThreadPoolExecutor.java:624) ~[na:1.8.0_202]
	at java.lang.Thread.run(Thread.java:748) ~[na:1.8.0_202]

2023-10-15 16:19:24.086 ERROR 19020 --- [           main] com.alibaba.nacos.common.remote.client   : Send request fail, request = SubscribeServiceRequest{headers={app=unknown}, requestId='null'}, retryTimes = 0, errorMessage = Client not connected, current status:STARTING
2023-10-15 16:19:24.133 ERROR 19020 --- [yTimer-thread-1] com.alibaba.nacos.common.remote.client   : Send request fail, request = SubscribeServiceRequest{headers={app=unknown}, requestId='null'}, retryTimes = 1, errorMessage = Client not connected, current status:STARTING
2023-10-15 16:19:24.196 ERROR 19020 --- [           main] com.alibaba.nacos.common.remote.client   : Send request fail, request = SubscribeServiceRequest{headers={app=unknown}, requestId='null'}, retryTimes = 1, errorMessage = Client not connected, current status:STARTING
2023-10-15 16:19:24.243 ERROR 19020 --- [yTimer-thread-1] com.alibaba.nacos.common.remote.client   : Send request fail, request = SubscribeServiceRequest{headers={app=unknown}, requestId='null'}, retryTimes = 2, errorMessage = Client not connected, current status:STARTING
2023-10-15 16:19:24.243  WARN 19020 --- [ing.grpc.redo.0] com.alibaba.nacos.client.naming          : Grpc Connection is disconnect, skip current redo task
2023-10-15 16:19:24.243  WARN 19020 --- [yTimer-thread-1] o.a.d.r.retry.FailedSubscribedTask       :  [DUBBO] Failed to execute task retry subscribe, url: consumer://192.168.1.107/com.yupi.service.InnerUserService?application=dubbo-springboot-demo-provider&background=false&category=providers,configurators,routers&dubbo=2.0.2&interface=com.yupi.service.InnerUserService&methods=getUser&pid=19020&release=3.0.9&revision=0.0.1-SNAPSHOT&side=consumer&sticky=false&timestamp=1697357939843, waiting for again, cause:Failed to subscribe consumer://192.168.1.107/com.yupi.service.InnerUserService?application=dubbo-springboot-demo-provider&background=false&category=providers,configurators,routers&dubbo=2.0.2&interface=com.yupi.service.InnerUserService&methods=getUser&pid=19020&release=3.0.9&revision=0.0.1-SNAPSHOT&side=consumer&sticky=false&timestamp=1697357939843 to nacos nacos://localhost:8848/org.apache.dubbo.registry.RegistryService?REGISTRY_CLUSTER=nacos-registry&application=dubbo-springboot-demo-provider&dubbo=2.0.2&interface=org.apache.dubbo.registry.RegistryService&pid=19020&release=3.0.9, cause: Request nacos server failed: , dubbo version: 3.0.9, current host: 192.168.1.107

org.apache.dubbo.rpc.RpcException: Failed to subscribe consumer://192.168.1.107/com.yupi.service.InnerUserService?application=dubbo-springboot-demo-provider&background=false&category=providers,configurators,routers&dubbo=2.0.2&interface=com.yupi.service.InnerUserService&methods=getUser&pid=19020&release=3.0.9&revision=0.0.1-SNAPSHOT&side=consumer&sticky=false&timestamp=1697357939843 to nacos nacos://localhost:8848/org.apache.dubbo.registry.RegistryService?REGISTRY_CLUSTER=nacos-registry&application=dubbo-springboot-demo-provider&dubbo=2.0.2&interface=org.apache.dubbo.registry.RegistryService&pid=19020&release=3.0.9, cause: Request nacos server failed: 
	at org.apache.dubbo.registry.nacos.NacosRegistry.doSubscribe(NacosRegistry.java:259) ~[dubbo-3.0.9.jar:3.0.9]
	at org.apache.dubbo.registry.nacos.NacosRegistry.doSubscribe(NacosRegistry.java:215) ~[dubbo-3.0.9.jar:3.0.9]
	at org.apache.dubbo.registry.retry.FailedSubscribedTask.doRetry(FailedSubscribedTask.java:44) ~[dubbo-3.0.9.jar:3.0.9]
	at org.apache.dubbo.registry.retry.AbstractRetryTask.run(AbstractRetryTask.java:124) ~[dubbo-3.0.9.jar:3.0.9]
	at org.apache.dubbo.common.timer.HashedWheelTimer$HashedWheelTimeout.expire(HashedWheelTimer.java:651) [dubbo-3.0.9.jar:3.0.9]
	at org.apache.dubbo.common.timer.HashedWheelTimer$HashedWheelBucket.expireTimeouts(HashedWheelTimer.java:730) [dubbo-3.0.9.jar:3.0.9]
	at org.apache.dubbo.common.timer.HashedWheelTimer$Worker.run(HashedWheelTimer.java:452) [dubbo-3.0.9.jar:3.0.9]
	at java.lang.Thread.run(Thread.java:748) [na:1.8.0_202]
Caused by: com.alibaba.nacos.api.exception.NacosException: Request nacos server failed: 
	at com.alibaba.nacos.client.naming.remote.gprc.NamingGrpcClientProxy.requestToServer(NamingGrpcClientProxy.java:288) ~[nacos-client-2.1.0.jar:na]
	at com.alibaba.nacos.client.naming.remote.gprc.NamingGrpcClientProxy.doSubscribe(NamingGrpcClientProxy.java:229) ~[nacos-client-2.1.0.jar:na]
	at com.alibaba.nacos.client.naming.remote.gprc.NamingGrpcClientProxy.subscribe(NamingGrpcClientProxy.java:214) ~[nacos-client-2.1.0.jar:na]
	at com.alibaba.nacos.client.naming.remote.NamingClientProxyDelegate.subscribe(NamingClientProxyDelegate.java:147) ~[nacos-client-2.1.0.jar:na]
	at com.alibaba.nacos.client.naming.NacosNamingService.getAllInstances(NacosNamingService.java:229) ~[nacos-client-2.1.0.jar:na]
	at com.alibaba.nacos.client.naming.NacosNamingService.getAllInstances(NacosNamingService.java:212) ~[nacos-client-2.1.0.jar:na]
	at com.alibaba.nacos.client.naming.NacosNamingService.getAllInstances(NacosNamingService.java:190) ~[nacos-client-2.1.0.jar:na]
	at org.apache.dubbo.registry.nacos.NacosNamingServiceWrapper.getAllInstances(NacosNamingServiceWrapper.java:55) ~[dubbo-3.0.9.jar:3.0.9]
	at org.apache.dubbo.registry.nacos.NacosRegistry.doSubscribe(NacosRegistry.java:233) ~[dubbo-3.0.9.jar:3.0.9]
	... 7 common frames omitted
Caused by: com.alibaba.nacos.api.exception.NacosException: Client not connected, current status:STARTING
	at com.alibaba.nacos.common.remote.client.RpcClient.request(RpcClient.java:651) ~[nacos-client-2.1.0.jar:na]
	at com.alibaba.nacos.common.remote.client.RpcClient.request(RpcClient.java:631) ~[nacos-client-2.1.0.jar:na]
	at com.alibaba.nacos.client.naming.remote.gprc.NamingGrpcClientProxy.requestToServer(NamingGrpcClientProxy.java:278) ~[nacos-client-2.1.0.jar:na]
	... 15 common frames omitted

2023-10-15 16:19:24.307 ERROR 19020 --- [           main] com.alibaba.nacos.common.remote.client   : Send request fail, request = SubscribeServiceRequest{headers={app=unknown}, requestId='null'}, retryTimes = 2, errorMessage = Client not connected, current status:STARTING
2023-10-15 16:19:24.308 ERROR 19020 --- [           main] o.a.d.r.nacos.NacosServiceDiscovery      :  [DUBBO] add nacos service instances changed listener fail , dubbo version: 3.0.9, current host: 192.168.1.107

com.alibaba.nacos.api.exception.NacosException: Request nacos server failed: 
	at com.alibaba.nacos.client.naming.remote.gprc.NamingGrpcClientProxy.requestToServer(NamingGrpcClientProxy.java:288) ~[nacos-client-2.1.0.jar:na]
	at com.alibaba.nacos.client.naming.remote.gprc.NamingGrpcClientProxy.doSubscribe(NamingGrpcClientProxy.java:229) ~[nacos-client-2.1.0.jar:na]
	at com.alibaba.nacos.client.naming.remote.gprc.NamingGrpcClientProxy.subscribe(NamingGrpcClientProxy.java:214) ~[nacos-client-2.1.0.jar:na]
	at com.alibaba.nacos.client.naming.remote.NamingClientProxyDelegate.subscribe(NamingClientProxyDelegate.java:147) ~[nacos-client-2.1.0.jar:na]
	at com.alibaba.nacos.client.naming.NacosNamingService.subscribe(NacosNamingService.java:393) ~[nacos-client-2.1.0.jar:na]
	at com.alibaba.nacos.client.naming.NacosNamingService.subscribe(NacosNamingService.java:377) ~[nacos-client-2.1.0.jar:na]
	at org.apache.dubbo.registry.nacos.NacosNamingServiceWrapper.subscribe(NacosNamingServiceWrapper.java:51) ~[dubbo-3.0.9.jar:3.0.9]
	at org.apache.dubbo.registry.nacos.NacosServiceDiscovery.lambda$addServiceInstancesChangedListener$6(NacosServiceDiscovery.java:119) ~[dubbo-3.0.9.jar:3.0.9]
	at java.lang.Iterable.forEach(Iterable.java:75) ~[na:1.8.0_202]
	at org.apache.dubbo.registry.nacos.NacosServiceDiscovery.lambda$addServiceInstancesChangedListener$7(NacosServiceDiscovery.java:117) ~[dubbo-3.0.9.jar:3.0.9]
	at org.apache.dubbo.common.function.ThrowableConsumer.execute(ThrowableConsumer.java:49) ~[dubbo-3.0.9.jar:3.0.9]
	at org.apache.dubbo.common.function.ThrowableConsumer.execute(ThrowableConsumer.java:64) ~[dubbo-3.0.9.jar:3.0.9]
	at org.apache.dubbo.registry.nacos.NacosServiceDiscovery.addServiceInstancesChangedListener(NacosServiceDiscovery.java:117) ~[dubbo-3.0.9.jar:3.0.9]
	at org.apache.dubbo.registry.client.ServiceDiscoveryRegistry.subscribeURLs(ServiceDiscoveryRegistry.java:322) ~[dubbo-3.0.9.jar:3.0.9]
	at org.apache.dubbo.registry.client.ServiceDiscoveryRegistry.doSubscribe(ServiceDiscoveryRegistry.java:216) ~[dubbo-3.0.9.jar:3.0.9]
	at org.apache.dubbo.registry.client.ServiceDiscoveryRegistry.subscribe(ServiceDiscoveryRegistry.java:184) ~[dubbo-3.0.9.jar:3.0.9]
	at org.apache.dubbo.registry.ListenerRegistryWrapper.subscribe(ListenerRegistryWrapper.java:111) ~[dubbo-3.0.9.jar:3.0.9]
	at org.apache.dubbo.registry.integration.DynamicDirectory.subscribe(DynamicDirectory.java:180) ~[dubbo-3.0.9.jar:3.0.9]
	at org.apache.dubbo.registry.client.ServiceDiscoveryRegistryDirectory.subscribe(ServiceDiscoveryRegistryDirectory.java:107) ~[dubbo-3.0.9.jar:3.0.9]
	at org.apache.dubbo.registry.integration.RegistryProtocol.doCreateInvoker(RegistryProtocol.java:570) ~[dubbo-3.0.9.jar:3.0.9]
	at org.apache.dubbo.registry.integration.InterfaceCompatibleRegistryProtocol.getServiceDiscoveryInvoker(InterfaceCompatibleRegistryProtocol.java:65) ~[dubbo-3.0.9.jar:3.0.9]
	at org.apache.dubbo.registry.client.migration.MigrationInvoker.refreshServiceDiscoveryInvoker(MigrationInvoker.java:436) ~[dubbo-3.0.9.jar:3.0.9]
	at org.apache.dubbo.registry.client.migration.MigrationInvoker.migrateToApplicationFirstInvoker(MigrationInvoker.java:244) ~[dubbo-3.0.9.jar:3.0.9]
	at org.apache.dubbo.registry.client.migration.MigrationRuleHandler.refreshInvoker(MigrationRuleHandler.java:73) ~[dubbo-3.0.9.jar:3.0.9]
	at org.apache.dubbo.registry.client.migration.MigrationRuleHandler.doMigrate(MigrationRuleHandler.java:57) ~[dubbo-3.0.9.jar:3.0.9]
	at org.apache.dubbo.registry.client.migration.MigrationRuleListener.onRefer(MigrationRuleListener.java:243) ~[dubbo-3.0.9.jar:3.0.9]
	at org.apache.dubbo.registry.integration.RegistryProtocol.interceptInvoker(RegistryProtocol.java:535) ~[dubbo-3.0.9.jar:3.0.9]
	at org.apache.dubbo.registry.integration.RegistryProtocol.doRefer(RegistryProtocol.java:505) ~[dubbo-3.0.9.jar:3.0.9]
	at org.apache.dubbo.registry.integration.RegistryProtocol.refer(RegistryProtocol.java:487) ~[dubbo-3.0.9.jar:3.0.9]
	at org.apache.dubbo.qos.protocol.QosProtocolWrapper.refer(QosProtocolWrapper.java:83) ~[dubbo-3.0.9.jar:3.0.9]
	at org.apache.dubbo.rpc.protocol.ProtocolListenerWrapper.refer(ProtocolListenerWrapper.java:74) ~[dubbo-3.0.9.jar:3.0.9]
	at org.apache.dubbo.rpc.cluster.filter.ProtocolFilterWrapper.refer(ProtocolFilterWrapper.java:71) ~[dubbo-3.0.9.jar:3.0.9]
	at org.apache.dubbo.rpc.protocol.ProtocolSerializationWrapper.refer(ProtocolSerializationWrapper.java:52) ~[dubbo-3.0.9.jar:3.0.9]
	at org.apache.dubbo.rpc.Protocol$Adaptive.refer(Protocol$Adaptive.java) ~[dubbo-3.0.9.jar:3.0.9]
	at org.apache.dubbo.config.ReferenceConfig.createInvokerForRemote(ReferenceConfig.java:494) ~[dubbo-3.0.9.jar:3.0.9]
	at org.apache.dubbo.config.ReferenceConfig.createProxy(ReferenceConfig.java:397) ~[dubbo-3.0.9.jar:3.0.9]
	at org.apache.dubbo.config.ReferenceConfig.init(ReferenceConfig.java:285) ~[dubbo-3.0.9.jar:3.0.9]
	at org.apache.dubbo.config.ReferenceConfig.get(ReferenceConfig.java:219) ~[dubbo-3.0.9.jar:3.0.9]
	at org.apache.dubbo.config.utils.SimpleReferenceCache.get(SimpleReferenceCache.java:129) ~[dubbo-3.0.9.jar:3.0.9]
	at org.apache.dubbo.config.deploy.DefaultModuleDeployer.lambda$referServices$6(DefaultModuleDeployer.java:387) ~[dubbo-3.0.9.jar:3.0.9]
	at java.util.concurrent.ConcurrentHashMap$ValuesView.forEach(ConcurrentHashMap.java:4707) ~[na:1.8.0_202]
	at org.apache.dubbo.config.deploy.DefaultModuleDeployer.referServices(DefaultModuleDeployer.java:367) ~[dubbo-3.0.9.jar:3.0.9]
	at org.apache.dubbo.config.deploy.DefaultModuleDeployer.start(DefaultModuleDeployer.java:154) ~[dubbo-3.0.9.jar:3.0.9]
	at org.apache.dubbo.config.spring.context.DubboDeployApplicationListener.onContextRefreshedEvent(DubboDeployApplicationListener.java:111) ~[dubbo-3.0.9.jar:3.0.9]
	at org.apache.dubbo.config.spring.context.DubboDeployApplicationListener.onApplicationEvent(DubboDeployApplicationListener.java:100) ~[dubbo-3.0.9.jar:3.0.9]
	at org.apache.dubbo.config.spring.context.DubboDeployApplicationListener.onApplicationEvent(DubboDeployApplicationListener.java:45) ~[dubbo-3.0.9.jar:3.0.9]
	at org.springframework.context.event.SimpleApplicationEventMulticaster.doInvokeListener(SimpleApplicationEventMulticaster.java:176) ~[spring-context-5.3.20.jar:5.3.20]
	at org.springframework.context.event.SimpleApplicationEventMulticaster.invokeListener(SimpleApplicationEventMulticaster.java:169) ~[spring-context-5.3.20.jar:5.3.20]
	at org.springframework.context.event.SimpleApplicationEventMulticaster.multicastEvent(SimpleApplicationEventMulticaster.java:143) ~[spring-context-5.3.20.jar:5.3.20]
	at org.springframework.context.support.AbstractApplicationContext.publishEvent(AbstractApplicationContext.java:421) ~[spring-context-5.3.20.jar:5.3.20]
	at org.springframework.context.support.AbstractApplicationContext.publishEvent(AbstractApplicationContext.java:378) ~[spring-context-5.3.20.jar:5.3.20]
	at org.springframework.context.support.AbstractApplicationContext.finishRefresh(AbstractApplicationContext.java:938) ~[spring-context-5.3.20.jar:5.3.20]
	at org.springframework.context.support.AbstractApplicationContext.refresh(AbstractApplicationContext.java:586) ~[spring-context-5.3.20.jar:5.3.20]
	at org.springframework.boot.SpringApplication.refresh(SpringApplication.java:734) ~[spring-boot-2.7.0.jar:2.7.0]
	at org.springframework.boot.SpringApplication.refreshContext(SpringApplication.java:408) ~[spring-boot-2.7.0.jar:2.7.0]
	at org.springframework.boot.SpringApplication.run(SpringApplication.java:308) ~[spring-boot-2.7.0.jar:2.7.0]
	at org.springframework.boot.test.context.SpringBootContextLoader.loadContext(SpringBootContextLoader.java:132) ~[spring-boot-test-2.7.0.jar:2.7.0]
	at org.springframework.test.context.cache.DefaultCacheAwareContextLoaderDelegate.loadContextInternal(DefaultCacheAwareContextLoaderDelegate.java:99) ~[spring-test-5.3.20.jar:5.3.20]
	at org.springframework.test.context.cache.DefaultCacheAwareContextLoaderDelegate.loadContext(DefaultCacheAwareContextLoaderDelegate.java:124) ~[spring-test-5.3.20.jar:5.3.20]
	at org.springframework.test.context.support.DefaultTestContext.getApplicationContext(DefaultTestContext.java:124) ~[spring-test-5.3.20.jar:5.3.20]
	at org.springframework.boot.test.autoconfigure.SpringBootDependencyInjectionTestExecutionListener.outputConditionEvaluationReport(SpringBootDependencyInjectionTestExecutionListener.java:53) ~[spring-boot-test-autoconfigure-2.7.0.jar:2.7.0]
	at org.springframework.boot.test.autoconfigure.SpringBootDependencyInjectionTestExecutionListener.prepareTestInstance(SpringBootDependencyInjectionTestExecutionListener.java:46) ~[spring-boot-test-autoconfigure-2.7.0.jar:2.7.0]
	at org.springframework.test.context.TestContextManager.prepareTestInstance(TestContextManager.java:248) ~[spring-test-5.3.20.jar:5.3.20]
	at org.springframework.test.context.junit.jupiter.SpringExtension.postProcessTestInstance(SpringExtension.java:138) ~[spring-test-5.3.20.jar:5.3.20]
	at org.junit.jupiter.engine.descriptor.ClassBasedTestDescriptor.lambda$invokeTestInstancePostProcessors$8(ClassBasedTestDescriptor.java:363) ~[junit-jupiter-engine-5.8.2.jar:5.8.2]
	at org.junit.jupiter.engine.descriptor.ClassBasedTestDescriptor.executeAndMaskThrowable(ClassBasedTestDescriptor.java:368) ~[junit-jupiter-engine-5.8.2.jar:5.8.2]
	at org.junit.jupiter.engine.descriptor.ClassBasedTestDescriptor.lambda$invokeTestInstancePostProcessors$9(ClassBasedTestDescriptor.java:363) ~[junit-jupiter-engine-5.8.2.jar:5.8.2]
	at java.util.stream.ReferencePipeline$3$1.accept(ReferencePipeline.java:193) ~[na:1.8.0_202]
	at java.util.stream.ReferencePipeline$2$1.accept(ReferencePipeline.java:175) ~[na:1.8.0_202]
	at java.util.ArrayList$ArrayListSpliterator.forEachRemaining(ArrayList.java:1382) ~[na:1.8.0_202]
	at java.util.stream.AbstractPipeline.copyInto(AbstractPipeline.java:481) ~[na:1.8.0_202]
	at java.util.stream.AbstractPipeline.wrapAndCopyInto(AbstractPipeline.java:471) ~[na:1.8.0_202]
	at java.util.stream.StreamSpliterators$WrappingSpliterator.forEachRemaining(StreamSpliterators.java:312) ~[na:1.8.0_202]
	at java.util.stream.Streams$ConcatSpliterator.forEachRemaining(Streams.java:743) ~[na:1.8.0_202]
	at java.util.stream.Streams$ConcatSpliterator.forEachRemaining(Streams.java:742) ~[na:1.8.0_202]
	at java.util.stream.ReferencePipeline$Head.forEach(ReferencePipeline.java:580) ~[na:1.8.0_202]
	at org.junit.jupiter.engine.descriptor.ClassBasedTestDescriptor.invokeTestInstancePostProcessors(ClassBasedTestDescriptor.java:362) ~[junit-jupiter-engine-5.8.2.jar:5.8.2]
	at org.junit.jupiter.engine.descriptor.ClassBasedTestDescriptor.lambda$instantiateAndPostProcessTestInstance$6(ClassBasedTestDescriptor.java:283) ~[junit-jupiter-engine-5.8.2.jar:5.8.2]
	at org.junit.platform.engine.support.hierarchical.ThrowableCollector.execute(ThrowableCollector.java:73) ~[junit-platform-engine-1.8.2.jar:1.8.2]
	at org.junit.jupiter.engine.descriptor.ClassBasedTestDescriptor.instantiateAndPostProcessTestInstance(ClassBasedTestDescriptor.java:282) ~[junit-jupiter-engine-5.8.2.jar:5.8.2]
	at org.junit.jupiter.engine.descriptor.ClassBasedTestDescriptor.lambda$testInstancesProvider$4(ClassBasedTestDescriptor.java:272) ~[junit-jupiter-engine-5.8.2.jar:5.8.2]
	at java.util.Optional.orElseGet(Optional.java:267) ~[na:1.8.0_202]
	at org.junit.jupiter.engine.descriptor.ClassBasedTestDescriptor.lambda$testInstancesProvider$5(ClassBasedTestDescriptor.java:271) ~[junit-jupiter-engine-5.8.2.jar:5.8.2]
	at org.junit.jupiter.engine.execution.TestInstancesProvider.getTestInstances(TestInstancesProvider.java:31) ~[junit-jupiter-engine-5.8.2.jar:5.8.2]
	at org.junit.jupiter.engine.descriptor.TestMethodTestDescriptor.lambda$prepare$0(TestMethodTestDescriptor.java:102) ~[junit-jupiter-engine-5.8.2.jar:5.8.2]
	at org.junit.platform.engine.support.hierarchical.ThrowableCollector.execute(ThrowableCollector.java:73) ~[junit-platform-engine-1.8.2.jar:1.8.2]
	at org.junit.jupiter.engine.descriptor.TestMethodTestDescriptor.prepare(TestMethodTestDescriptor.java:101) ~[junit-jupiter-engine-5.8.2.jar:5.8.2]
	at org.junit.jupiter.engine.descriptor.TestMethodTestDescriptor.prepare(TestMethodTestDescriptor.java:66) ~[junit-jupiter-engine-5.8.2.jar:5.8.2]
	at org.junit.platform.engine.support.hierarchical.NodeTestTask.lambda$prepare$2(NodeTestTask.java:123) ~[junit-platform-engine-1.8.2.jar:1.8.2]
	at org.junit.platform.engine.support.hierarchical.ThrowableCollector.execute(ThrowableCollector.java:73) ~[junit-platform-engine-1.8.2.jar:1.8.2]
	at org.junit.platform.engine.support.hierarchical.NodeTestTask.prepare(NodeTestTask.java:123) ~[junit-platform-engine-1.8.2.jar:1.8.2]
	at org.junit.platform.engine.support.hierarchical.NodeTestTask.execute(NodeTestTask.java:90) ~[junit-platform-engine-1.8.2.jar:1.8.2]
	at java.util.ArrayList.forEach(ArrayList.java:1257) ~[na:1.8.0_202]
	at org.junit.platform.engine.support.hierarchical.SameThreadHierarchicalTestExecutorService.invokeAll(SameThreadHierarchicalTestExecutorService.java:41) ~[junit-platform-engine-1.8.2.jar:1.8.2]
	at org.junit.platform.engine.support.hierarchical.NodeTestTask.lambda$executeRecursively$6(NodeTestTask.java:155) ~[junit-platform-engine-1.8.2.jar:1.8.2]
	at org.junit.platform.engine.support.hierarchical.ThrowableCollector.execute(ThrowableCollector.java:73) ~[junit-platform-engine-1.8.2.jar:1.8.2]
	at org.junit.platform.engine.support.hierarchical.NodeTestTask.lambda$executeRecursively$8(NodeTestTask.java:141) ~[junit-platform-engine-1.8.2.jar:1.8.2]
	at org.junit.platform.engine.support.hierarchical.Node.around(Node.java:137) ~[junit-platform-engine-1.8.2.jar:1.8.2]
	at org.junit.platform.engine.support.hierarchical.NodeTestTask.lambda$executeRecursively$9(NodeTestTask.java:139) ~[junit-platform-engine-1.8.2.jar:1.8.2]
	at org.junit.platform.engine.support.hierarchical.ThrowableCollector.execute(ThrowableCollector.java:73) ~[junit-platform-engine-1.8.2.jar:1.8.2]
	at org.junit.platform.engine.support.hierarchical.NodeTestTask.executeRecursively(NodeTestTask.java:138) ~[junit-platform-engine-1.8.2.jar:1.8.2]
	at org.junit.platform.engine.support.hierarchical.NodeTestTask.execute(NodeTestTask.java:95) ~[junit-platform-engine-1.8.2.jar:1.8.2]
	at java.util.ArrayList.forEach(ArrayList.java:1257) ~[na:1.8.0_202]
	at org.junit.platform.engine.support.hierarchical.SameThreadHierarchicalTestExecutorService.invokeAll(SameThreadHierarchicalTestExecutorService.java:41) ~[junit-platform-engine-1.8.2.jar:1.8.2]
	at org.junit.platform.engine.support.hierarchical.NodeTestTask.lambda$executeRecursively$6(NodeTestTask.java:155) ~[junit-platform-engine-1.8.2.jar:1.8.2]
	at org.junit.platform.engine.support.hierarchical.ThrowableCollector.execute(ThrowableCollector.java:73) ~[junit-platform-engine-1.8.2.jar:1.8.2]
	at org.junit.platform.engine.support.hierarchical.NodeTestTask.lambda$executeRecursively$8(NodeTestTask.java:141) ~[junit-platform-engine-1.8.2.jar:1.8.2]
	at org.junit.platform.engine.support.hierarchical.Node.around(Node.java:137) ~[junit-platform-engine-1.8.2.jar:1.8.2]
	at org.junit.platform.engine.support.hierarchical.NodeTestTask.lambda$executeRecursively$9(NodeTestTask.java:139) ~[junit-platform-engine-1.8.2.jar:1.8.2]
	at org.junit.platform.engine.support.hierarchical.ThrowableCollector.execute(ThrowableCollector.java:73) ~[junit-platform-engine-1.8.2.jar:1.8.2]
	at org.junit.platform.engine.support.hierarchical.NodeTestTask.executeRecursively(NodeTestTask.java:138) ~[junit-platform-engine-1.8.2.jar:1.8.2]
	at org.junit.platform.engine.support.hierarchical.NodeTestTask.execute(NodeTestTask.java:95) ~[junit-platform-engine-1.8.2.jar:1.8.2]
	at org.junit.platform.engine.support.hierarchical.SameThreadHierarchicalTestExecutorService.submit(SameThreadHierarchicalTestExecutorService.java:35) ~[junit-platform-engine-1.8.2.jar:1.8.2]
	at org.junit.platform.engine.support.hierarchical.HierarchicalTestExecutor.execute(HierarchicalTestExecutor.java:57) ~[junit-platform-engine-1.8.2.jar:1.8.2]
	at org.junit.platform.engine.support.hierarchical.HierarchicalTestEngine.execute(HierarchicalTestEngine.java:54) ~[junit-platform-engine-1.8.2.jar:1.8.2]
	at org.junit.platform.launcher.core.DefaultLauncher.execute(DefaultLauncher.java:220) ~[junit-platform-launcher-1.3.1.jar:1.3.1]
	at org.junit.platform.launcher.core.DefaultLauncher.lambda$execute$6(DefaultLauncher.java:188) ~[junit-platform-launcher-1.3.1.jar:1.3.1]
	at org.junit.platform.launcher.core.DefaultLauncher.withInterceptedStreams(DefaultLauncher.java:202) ~[junit-platform-launcher-1.3.1.jar:1.3.1]
	at org.junit.platform.launcher.core.DefaultLauncher.execute(DefaultLauncher.java:181) ~[junit-platform-launcher-1.3.1.jar:1.3.1]
	at org.junit.platform.launcher.core.DefaultLauncher.execute(DefaultLauncher.java:128) ~[junit-platform-launcher-1.3.1.jar:1.3.1]
	at org.apache.maven.surefire.junitplatform.JUnitPlatformProvider.invokeAllTests(JUnitPlatformProvider.java:150) ~[surefire-junit-platform-2.22.2.jar:2.22.2]
	at org.apache.maven.surefire.junitplatform.JUnitPlatformProvider.invoke(JUnitPlatformProvider.java:124) ~[surefire-junit-platform-2.22.2.jar:2.22.2]
	at org.apache.maven.surefire.booter.ForkedBooter.invokeProviderInSameClassLoader(ForkedBooter.java:384) ~[surefire-booter-2.22.2.jar:2.22.2]
	at org.apache.maven.surefire.booter.ForkedBooter.runSuitesInProcess(ForkedBooter.java:345) ~[surefire-booter-2.22.2.jar:2.22.2]
	at org.apache.maven.surefire.booter.ForkedBooter.execute(ForkedBooter.java:126) ~[surefire-booter-2.22.2.jar:2.22.2]
	at org.apache.maven.surefire.booter.ForkedBooter.main(ForkedBooter.java:418) ~[surefire-booter-2.22.2.jar:2.22.2]
Caused by: com.alibaba.nacos.api.exception.NacosException: Client not connected, current status:STARTING
	at com.alibaba.nacos.common.remote.client.RpcClient.request(RpcClient.java:651) ~[nacos-client-2.1.0.jar:na]
	at com.alibaba.nacos.common.remote.client.RpcClient.request(RpcClient.java:631) ~[nacos-client-2.1.0.jar:na]
	at com.alibaba.nacos.client.naming.remote.gprc.NamingGrpcClientProxy.requestToServer(NamingGrpcClientProxy.java:278) ~[nacos-client-2.1.0.jar:na]
	... 125 common frames omitted

2023-10-15 16:19:24.416 ERROR 19020 --- [           main] com.alibaba.nacos.common.remote.client   : Send request fail, request = ConfigQueryRequest{headers={charset=UTF-8, Client-AppName=unknown, Client-RequestToken=ef4dd743beed34c997a2020e69ad355b, Client-RequestTS=1697357964310, exConfigInfo=true, notify=false}, requestId='null'}, retryTimes = 0, errorMessage = Client not connected, current status:STARTING
2023-10-15 16:19:24.527 ERROR 19020 --- [           main] com.alibaba.nacos.common.remote.client   : Send request fail, request = ConfigQueryRequest{headers={charset=UTF-8, Client-AppName=unknown, Client-RequestToken=ef4dd743beed34c997a2020e69ad355b, Client-RequestTS=1697357964310, exConfigInfo=true, notify=false}, requestId='null'}, retryTimes = 1, errorMessage = Client not connected, current status:STARTING
2023-10-15 16:19:24.638 ERROR 19020 --- [           main] com.alibaba.nacos.common.remote.client   : Send request fail, request = ConfigQueryRequest{headers={charset=UTF-8, Client-AppName=unknown, Client-RequestToken=ef4dd743beed34c997a2020e69ad355b, Client-RequestTS=1697357964310, exConfigInfo=true, notify=false}, requestId='null'}, retryTimes = 2, errorMessage = Client not connected, current status:STARTING
2023-10-15 16:19:24.638  WARN 19020 --- [           main] c.a.n.client.config.NacosConfigService   : [fixed-localhost_8848] [get-config] get from server error, dataId=dubbo.application.migration.threshold, group=dubbo, tenant=, msg=ErrCode:-401, ErrMsg:Client not connected, current status:STARTING
2023-10-15 16:19:24.638  WARN 19020 --- [           main] c.a.n.client.config.NacosConfigService   : [fixed-localhost_8848] [get-config] get snapshot ok, dataId=dubbo.application.migration.threshold, group=dubbo, tenant=, config=
2023-10-15 16:19:24.638  INFO 19020 --- [           main] .r.c.m.DefaultMigrationAddressComparator :  [DUBBO] serviceKey:com.yupi.service.InnerUserService Instance address size 1, interface address size 1, threshold 0.0, dubbo version: 3.0.9, current host: 192.168.1.107
2023-10-15 16:19:24.638  INFO 19020 --- [           main] o.a.d.r.c.m.MigrationRuleHandler         :  [DUBBO] Succeed Migrated to APPLICATION_FIRST mode. Service Name: com.yupi.service.InnerUserService, dubbo version: 3.0.9, current host: 192.168.1.107
2023-10-15 16:19:24.638  INFO 19020 --- [           main] org.apache.dubbo.config.ReferenceConfig  :  [DUBBO] Referred dubbo service: [com.yupi.service.InnerUserService]. it's not GenericService reference, dubbo version: 3.0.9, current host: 192.168.1.107
2023-10-15 16:19:24.638  INFO 19020 --- [Report-thread-1] o.a.d.m.store.nacos.NacosMetadataReport  :  [DUBBO] store consumer metadata. Identifier : org.apache.dubbo.metadata.report.identifier.MetadataIdentifier@3ef62252; definition: org.apache.dubbo.common.url.component.URLParam$URLParamMap@ceb7a507, dubbo version: 3.0.9, current host: 192.168.1.107
2023-10-15 16:19:24.670 ERROR 19020 --- [t.remote.worker] c.a.n.c.remote.client.grpc.GrpcClient    : Server check fail, please check server localhost ,port 9848 is available , error ={}

java.util.concurrent.TimeoutException: Waited 3000 milliseconds (plus 12 milliseconds, 278300 nanoseconds delay) for com.alibaba.nacos.shaded.io.grpc.stub.ClientCalls$GrpcFuture@7d406b5b[status=PENDING, info=[GrpcFuture{clientCall={delegate={delegate=ClientCallImpl{method=MethodDescriptor{fullMethodName=Request/request, type=UNARY, idempotent=false, safe=false, sampledToLocalTracing=true, requestMarshaller=com.alibaba.nacos.shaded.io.grpc.protobuf.lite.ProtoLiteUtils$MessageMarshaller@25a94b55, responseMarshaller=com.alibaba.nacos.shaded.io.grpc.protobuf.lite.ProtoLiteUtils$MessageMarshaller@6adc5b9c, schemaDescriptor=com.alibaba.nacos.api.grpc.auto.RequestGrpc$RequestMethodDescriptorSupplier@19c1820d}}}}}]]
	at com.alibaba.nacos.shaded.com.google.common.util.concurrent.AbstractFuture.get(AbstractFuture.java:508) ~[nacos-client-2.1.0.jar:na]
	at com.alibaba.nacos.common.remote.client.grpc.GrpcClient.serverCheck(GrpcClient.java:192) [nacos-client-2.1.0.jar:na]
	at com.alibaba.nacos.common.remote.client.grpc.GrpcClient.connectToServer(GrpcClient.java:302) [nacos-client-2.1.0.jar:na]
	at com.alibaba.nacos.common.remote.client.RpcClient.reconnect(RpcClient.java:521) [nacos-client-2.1.0.jar:na]
	at com.alibaba.nacos.common.remote.client.RpcClient.lambda$start$2(RpcClient.java:369) [nacos-client-2.1.0.jar:na]
	at java.util.concurrent.Executors$RunnableAdapter.call(Executors.java:511) ~[na:1.8.0_202]
	at java.util.concurrent.FutureTask.run(FutureTask.java:266) ~[na:1.8.0_202]
	at java.util.concurrent.ScheduledThreadPoolExecutor$ScheduledFutureTask.access$201(ScheduledThreadPoolExecutor.java:180) ~[na:1.8.0_202]
	at java.util.concurrent.ScheduledThreadPoolExecutor$ScheduledFutureTask.run(ScheduledThreadPoolExecutor.java:293) ~[na:1.8.0_202]
	at java.util.concurrent.ThreadPoolExecutor.runWorker(ThreadPoolExecutor.java:1149) ~[na:1.8.0_202]
	at java.util.concurrent.ThreadPoolExecutor$Worker.run(ThreadPoolExecutor.java:624) ~[na:1.8.0_202]
	at java.lang.Thread.run(Thread.java:748) ~[na:1.8.0_202]

2023-10-15 16:19:24.670  INFO 19020 --- [t.remote.worker] com.alibaba.nacos.common.remote.client   : [1a62660d-ae49-4a8f-8c45-670f650afaa8] Fail to connect server, after trying 17 times, last try server is {serverIp = 'localhost', server main port = 8848}, error = unknown
2023-10-15 16:19:24.987 ERROR 19020 --- [t.remote.worker] c.a.n.c.remote.client.grpc.GrpcClient    : Server check fail, please check server localhost ,port 9848 is available , error ={}

java.util.concurrent.TimeoutException: Waited 3000 milliseconds (plus 3 milliseconds, 991500 nanoseconds delay) for com.alibaba.nacos.shaded.io.grpc.stub.ClientCalls$GrpcFuture@45f9e32b[status=PENDING, info=[GrpcFuture{clientCall={delegate={delegate=ClientCallImpl{method=MethodDescriptor{fullMethodName=Request/request, type=UNARY, idempotent=false, safe=false, sampledToLocalTracing=true, requestMarshaller=com.alibaba.nacos.shaded.io.grpc.protobuf.lite.ProtoLiteUtils$MessageMarshaller@25a94b55, responseMarshaller=com.alibaba.nacos.shaded.io.grpc.protobuf.lite.ProtoLiteUtils$MessageMarshaller@6adc5b9c, schemaDescriptor=com.alibaba.nacos.api.grpc.auto.RequestGrpc$RequestMethodDescriptorSupplier@19c1820d}}}}}]]
	at com.alibaba.nacos.shaded.com.google.common.util.concurrent.AbstractFuture.get(AbstractFuture.java:508) ~[nacos-client-2.1.0.jar:na]
	at com.alibaba.nacos.common.remote.client.grpc.GrpcClient.serverCheck(GrpcClient.java:192) [nacos-client-2.1.0.jar:na]
	at com.alibaba.nacos.common.remote.client.grpc.GrpcClient.connectToServer(GrpcClient.java:302) [nacos-client-2.1.0.jar:na]
	at com.alibaba.nacos.common.remote.client.RpcClient.reconnect(RpcClient.java:521) [nacos-client-2.1.0.jar:na]
	at com.alibaba.nacos.common.remote.client.RpcClient.lambda$start$2(RpcClient.java:369) [nacos-client-2.1.0.jar:na]
	at java.util.concurrent.Executors$RunnableAdapter.call(Executors.java:511) ~[na:1.8.0_202]
	at java.util.concurrent.FutureTask.run(FutureTask.java:266) ~[na:1.8.0_202]
	at java.util.concurrent.ScheduledThreadPoolExecutor$ScheduledFutureTask.access$201(ScheduledThreadPoolExecutor.java:180) ~[na:1.8.0_202]
	at java.util.concurrent.ScheduledThreadPoolExecutor$ScheduledFutureTask.run(ScheduledThreadPoolExecutor.java:293) ~[na:1.8.0_202]
	at java.util.concurrent.ThreadPoolExecutor.runWorker(ThreadPoolExecutor.java:1149) ~[na:1.8.0_202]
	at java.util.concurrent.ThreadPoolExecutor$Worker.run(ThreadPoolExecutor.java:624) ~[na:1.8.0_202]
	at java.lang.Thread.run(Thread.java:748) ~[na:1.8.0_202]

2023-10-15 16:19:24.987  INFO 19020 --- [t.remote.worker] com.alibaba.nacos.common.remote.client   : [45c1d4e9-7c56-47f4-ae88-3b4fba725ea0] Fail to connect server, after trying 4 times, last try server is {serverIp = 'localhost', server main port = 8848}, error = unknown
2023-10-15 16:19:25.094 ERROR 19020 --- [aming.updater.0] com.alibaba.nacos.common.remote.client   : Send request fail, request = ServiceQueryRequest{headers={app=unknown}, requestId='null'}, retryTimes = 0, errorMessage = Client not connected, current status:STARTING
2023-10-15 16:19:25.174 ERROR 19020 --- [t.remote.worker] c.a.n.c.remote.client.grpc.GrpcClient    : Server check fail, please check server localhost ,port 9848 is available , error ={}

java.util.concurrent.TimeoutException: Waited 3000 milliseconds (plus 6 milliseconds, 365500 nanoseconds delay) for com.alibaba.nacos.shaded.io.grpc.stub.ClientCalls$GrpcFuture@588817f[status=PENDING, info=[GrpcFuture{clientCall={delegate={delegate=ClientCallImpl{method=MethodDescriptor{fullMethodName=Request/request, type=UNARY, idempotent=false, safe=false, sampledToLocalTracing=true, requestMarshaller=com.alibaba.nacos.shaded.io.grpc.protobuf.lite.ProtoLiteUtils$MessageMarshaller@25a94b55, responseMarshaller=com.alibaba.nacos.shaded.io.grpc.protobuf.lite.ProtoLiteUtils$MessageMarshaller@6adc5b9c, schemaDescriptor=com.alibaba.nacos.api.grpc.auto.RequestGrpc$RequestMethodDescriptorSupplier@19c1820d}}}}}]]
	at com.alibaba.nacos.shaded.com.google.common.util.concurrent.AbstractFuture.get(AbstractFuture.java:508) ~[nacos-client-2.1.0.jar:na]
	at com.alibaba.nacos.common.remote.client.grpc.GrpcClient.serverCheck(GrpcClient.java:192) [nacos-client-2.1.0.jar:na]
	at com.alibaba.nacos.common.remote.client.grpc.GrpcClient.connectToServer(GrpcClient.java:302) [nacos-client-2.1.0.jar:na]
	at com.alibaba.nacos.common.remote.client.RpcClient.reconnect(RpcClient.java:521) [nacos-client-2.1.0.jar:na]
	at com.alibaba.nacos.common.remote.client.RpcClient.lambda$start$2(RpcClient.java:369) [nacos-client-2.1.0.jar:na]
	at java.util.concurrent.Executors$RunnableAdapter.call(Executors.java:511) ~[na:1.8.0_202]
	at java.util.concurrent.FutureTask.run(FutureTask.java:266) ~[na:1.8.0_202]
	at java.util.concurrent.ScheduledThreadPoolExecutor$ScheduledFutureTask.access$201(ScheduledThreadPoolExecutor.java:180) ~[na:1.8.0_202]
	at java.util.concurrent.ScheduledThreadPoolExecutor$ScheduledFutureTask.run(ScheduledThreadPoolExecutor.java:293) ~[na:1.8.0_202]
	at java.util.concurrent.ThreadPoolExecutor.runWorker(ThreadPoolExecutor.java:1149) ~[na:1.8.0_202]
	at java.util.concurrent.ThreadPoolExecutor$Worker.run(ThreadPoolExecutor.java:624) ~[na:1.8.0_202]
	at java.lang.Thread.run(Thread.java:748) ~[na:1.8.0_202]

2023-10-15 16:19:25.174  INFO 19020 --- [t.remote.worker] com.alibaba.nacos.common.remote.client   : [3f090fb1-55c6-4fe3-8377-8b3ac52cd4b0_config-0] Fail to connect server, after trying 7 times, last try server is {serverIp = 'localhost', server main port = 8848}, error = unknown
2023-10-15 16:19:25.205 ERROR 19020 --- [aming.updater.0] com.alibaba.nacos.common.remote.client   : Send request fail, request = ServiceQueryRequest{headers={app=unknown}, requestId='null'}, retryTimes = 1, errorMessage = Client not connected, current status:STARTING
2023-10-15 16:19:25.316 ERROR 19020 --- [aming.updater.0] com.alibaba.nacos.common.remote.client   : Send request fail, request = ServiceQueryRequest{headers={app=unknown}, requestId='null'}, retryTimes = 2, errorMessage = Client not connected, current status:STARTING
2023-10-15 16:19:25.316  WARN 19020 --- [aming.updater.0] com.alibaba.nacos.client.naming          : [NA] failed to update serviceName: DEFAULT_GROUP@@dubbo-springboot-demo-provider

com.alibaba.nacos.api.exception.NacosException: Request nacos server failed: 
	at com.alibaba.nacos.client.naming.remote.gprc.NamingGrpcClientProxy.requestToServer(NamingGrpcClientProxy.java:288) ~[nacos-client-2.1.0.jar:na]
	at com.alibaba.nacos.client.naming.remote.gprc.NamingGrpcClientProxy.queryInstancesOfService(NamingGrpcClientProxy.java:168) ~[nacos-client-2.1.0.jar:na]
	at com.alibaba.nacos.client.naming.remote.NamingClientProxyDelegate.queryInstancesOfService(NamingClientProxyDelegate.java:110) ~[nacos-client-2.1.0.jar:na]
	at com.alibaba.nacos.client.naming.core.ServiceInfoUpdateService$UpdateTask.run(ServiceInfoUpdateService.java:185) ~[nacos-client-2.1.0.jar:na]
	at java.util.concurrent.Executors$RunnableAdapter.call(Executors.java:511) [na:1.8.0_202]
	at java.util.concurrent.FutureTask.run(FutureTask.java:266) [na:1.8.0_202]
	at java.util.concurrent.ScheduledThreadPoolExecutor$ScheduledFutureTask.access$201(ScheduledThreadPoolExecutor.java:180) [na:1.8.0_202]
	at java.util.concurrent.ScheduledThreadPoolExecutor$ScheduledFutureTask.run(ScheduledThreadPoolExecutor.java:293) [na:1.8.0_202]
	at java.util.concurrent.ThreadPoolExecutor.runWorker(ThreadPoolExecutor.java:1149) [na:1.8.0_202]
	at java.util.concurrent.ThreadPoolExecutor$Worker.run(ThreadPoolExecutor.java:624) [na:1.8.0_202]
	at java.lang.Thread.run(Thread.java:748) [na:1.8.0_202]
Caused by: com.alibaba.nacos.api.exception.NacosException: Client not connected, current status:STARTING
	at com.alibaba.nacos.common.remote.client.RpcClient.request(RpcClient.java:651) ~[nacos-client-2.1.0.jar:na]
	at com.alibaba.nacos.common.remote.client.RpcClient.request(RpcClient.java:631) ~[nacos-client-2.1.0.jar:na]
	at com.alibaba.nacos.client.naming.remote.gprc.NamingGrpcClientProxy.requestToServer(NamingGrpcClientProxy.java:278) ~[nacos-client-2.1.0.jar:na]
	... 10 common frames omitted

2023-10-15 16:19:26.307  WARN 19020 --- [ing.grpc.redo.0] com.alibaba.nacos.client.naming          : Grpc Connection is disconnect, skip current redo task
2023-10-15 16:19:26.322 ERROR 19020 --- [t.remote.worker] c.a.n.c.remote.client.grpc.GrpcClient    : Server check fail, please check server localhost ,port 9848 is available , error ={}

java.util.concurrent.TimeoutException: Waited 3000 milliseconds (plus 8 milliseconds, 203200 nanoseconds delay) for com.alibaba.nacos.shaded.io.grpc.stub.ClientCalls$GrpcFuture@6813dbea[status=PENDING, info=[GrpcFuture{clientCall={delegate={delegate=ClientCallImpl{method=MethodDescriptor{fullMethodName=Request/request, type=UNARY, idempotent=false, safe=false, sampledToLocalTracing=true, requestMarshaller=com.alibaba.nacos.shaded.io.grpc.protobuf.lite.ProtoLiteUtils$MessageMarshaller@25a94b55, responseMarshaller=com.alibaba.nacos.shaded.io.grpc.protobuf.lite.ProtoLiteUtils$MessageMarshaller@6adc5b9c, schemaDescriptor=com.alibaba.nacos.api.grpc.auto.RequestGrpc$RequestMethodDescriptorSupplier@19c1820d}}}}}]]
	at com.alibaba.nacos.shaded.com.google.common.util.concurrent.AbstractFuture.get(AbstractFuture.java:508) ~[nacos-client-2.1.0.jar:na]
	at com.alibaba.nacos.common.remote.client.grpc.GrpcClient.serverCheck(GrpcClient.java:192) [nacos-client-2.1.0.jar:na]
	at com.alibaba.nacos.common.remote.client.grpc.GrpcClient.connectToServer(GrpcClient.java:302) [nacos-client-2.1.0.jar:na]
	at com.alibaba.nacos.common.remote.client.RpcClient.reconnect(RpcClient.java:521) [nacos-client-2.1.0.jar:na]
	at com.alibaba.nacos.common.remote.client.RpcClient.lambda$start$2(RpcClient.java:369) [nacos-client-2.1.0.jar:na]
	at java.util.concurrent.Executors$RunnableAdapter.call(Executors.java:511) ~[na:1.8.0_202]
	at java.util.concurrent.FutureTask.run(FutureTask.java:266) ~[na:1.8.0_202]
	at java.util.concurrent.ScheduledThreadPoolExecutor$ScheduledFutureTask.access$201(ScheduledThreadPoolExecutor.java:180) ~[na:1.8.0_202]
	at java.util.concurrent.ScheduledThreadPoolExecutor$ScheduledFutureTask.run(ScheduledThreadPoolExecutor.java:293) ~[na:1.8.0_202]
	at java.util.concurrent.ThreadPoolExecutor.runWorker(ThreadPoolExecutor.java:1149) ~[na:1.8.0_202]
	at java.util.concurrent.ThreadPoolExecutor$Worker.run(ThreadPoolExecutor.java:624) ~[na:1.8.0_202]
	at java.lang.Thread.run(Thread.java:748) ~[na:1.8.0_202]

2023-10-15 16:19:26.369 ERROR 19020 --- [t.remote.worker] c.a.n.c.remote.client.grpc.GrpcClient    : Server check fail, please check server localhost ,port 9848 is available , error ={}

java.util.concurrent.TimeoutException: Waited 3000 milliseconds (plus 9 milliseconds, 375200 nanoseconds delay) for com.alibaba.nacos.shaded.io.grpc.stub.ClientCalls$GrpcFuture@192ec4ee[status=PENDING, info=[GrpcFuture{clientCall={delegate={delegate=ClientCallImpl{method=MethodDescriptor{fullMethodName=Request/request, type=UNARY, idempotent=false, safe=false, sampledToLocalTracing=true, requestMarshaller=com.alibaba.nacos.shaded.io.grpc.protobuf.lite.ProtoLiteUtils$MessageMarshaller@25a94b55, responseMarshaller=com.alibaba.nacos.shaded.io.grpc.protobuf.lite.ProtoLiteUtils$MessageMarshaller@6adc5b9c, schemaDescriptor=com.alibaba.nacos.api.grpc.auto.RequestGrpc$RequestMethodDescriptorSupplier@19c1820d}}}}}]]
	at com.alibaba.nacos.shaded.com.google.common.util.concurrent.AbstractFuture.get(AbstractFuture.java:508) ~[nacos-client-2.1.0.jar:na]
	at com.alibaba.nacos.common.remote.client.grpc.GrpcClient.serverCheck(GrpcClient.java:192) [nacos-client-2.1.0.jar:na]
	at com.alibaba.nacos.common.remote.client.grpc.GrpcClient.connectToServer(GrpcClient.java:302) [nacos-client-2.1.0.jar:na]
	at com.alibaba.nacos.common.remote.client.RpcClient.reconnect(RpcClient.java:521) [nacos-client-2.1.0.jar:na]
	at com.alibaba.nacos.common.remote.client.RpcClient.lambda$start$2(RpcClient.java:369) [nacos-client-2.1.0.jar:na]
	at java.util.concurrent.Executors$RunnableAdapter.call(Executors.java:511) ~[na:1.8.0_202]
	at java.util.concurrent.FutureTask.run(FutureTask.java:266) ~[na:1.8.0_202]
	at java.util.concurrent.ScheduledThreadPoolExecutor$ScheduledFutureTask.access$201(ScheduledThreadPoolExecutor.java:180) ~[na:1.8.0_202]
	at java.util.concurrent.ScheduledThreadPoolExecutor$ScheduledFutureTask.run(ScheduledThreadPoolExecutor.java:293) ~[na:1.8.0_202]
	at java.util.concurrent.ThreadPoolExecutor.runWorker(ThreadPoolExecutor.java:1149) ~[na:1.8.0_202]
	at java.util.concurrent.ThreadPoolExecutor$Worker.run(ThreadPoolExecutor.java:624) ~[na:1.8.0_202]
	at java.lang.Thread.run(Thread.java:748) ~[na:1.8.0_202]

2023-10-15 16:19:26.370  INFO 19020 --- [t.remote.worker] com.alibaba.nacos.common.remote.client   : [fe9b996a-7e47-43fe-ad06-6dbc78424a39_config-0] Fail to connect server, after trying 12 times, last try server is {serverIp = 'localhost', server main port = 8848}, error = unknown
2023-10-15 16:19:26.655 ERROR 19020 --- [           main] com.alibaba.nacos.client.naming          : [NA] failed to request

java.net.ConnectException: Connection refused: connect
	at java.net.DualStackPlainSocketImpl.waitForConnect(Native Method) ~[na:1.8.0_202]
	at java.net.DualStackPlainSocketImpl.socketConnect(DualStackPlainSocketImpl.java:85) ~[na:1.8.0_202]
	at java.net.AbstractPlainSocketImpl.doConnect(AbstractPlainSocketImpl.java:350) ~[na:1.8.0_202]
	at java.net.AbstractPlainSocketImpl.connectToAddress(AbstractPlainSocketImpl.java:206) ~[na:1.8.0_202]
	at java.net.AbstractPlainSocketImpl.connect(AbstractPlainSocketImpl.java:188) ~[na:1.8.0_202]
	at java.net.PlainSocketImpl.connect(PlainSocketImpl.java:172) ~[na:1.8.0_202]
	at java.net.SocksSocketImpl.connect(SocksSocketImpl.java:392) ~[na:1.8.0_202]
	at java.net.Socket.connect(Socket.java:589) ~[na:1.8.0_202]
	at sun.net.NetworkClient.doConnect(NetworkClient.java:175) ~[na:1.8.0_202]
	at sun.net.www.http.HttpClient.openServer(HttpClient.java:463) ~[na:1.8.0_202]
	at sun.net.www.http.HttpClient.openServer(HttpClient.java:558) ~[na:1.8.0_202]
	at sun.net.www.http.HttpClient.<init>(HttpClient.java:242) ~[na:1.8.0_202]
	at sun.net.www.http.HttpClient.New(HttpClient.java:339) ~[na:1.8.0_202]
	at sun.net.www.http.HttpClient.New(HttpClient.java:357) ~[na:1.8.0_202]
	at sun.net.www.protocol.http.HttpURLConnection.getNewHttpClient(HttpURLConnection.java:1220) ~[na:1.8.0_202]
	at sun.net.www.protocol.http.HttpURLConnection.plainConnect0(HttpURLConnection.java:1156) ~[na:1.8.0_202]
	at sun.net.www.protocol.http.HttpURLConnection.plainConnect(HttpURLConnection.java:1050) ~[na:1.8.0_202]
	at sun.net.www.protocol.http.HttpURLConnection.connect(HttpURLConnection.java:984) ~[na:1.8.0_202]
	at com.alibaba.nacos.common.http.client.request.JdkHttpClientRequest.execute(JdkHttpClientRequest.java:114) ~[nacos-client-2.1.0.jar:na]
	at com.alibaba.nacos.common.http.client.NacosRestTemplate.execute(NacosRestTemplate.java:482) ~[nacos-client-2.1.0.jar:na]
	at com.alibaba.nacos.common.http.client.NacosRestTemplate.exchangeForm(NacosRestTemplate.java:427) ~[nacos-client-2.1.0.jar:na]
	at com.alibaba.nacos.client.naming.remote.http.NamingHttpClientProxy.callServer(NamingHttpClientProxy.java:488) [nacos-client-2.1.0.jar:na]
	at com.alibaba.nacos.client.naming.remote.http.NamingHttpClientProxy.reqApi(NamingHttpClientProxy.java:421) [nacos-client-2.1.0.jar:na]
	at com.alibaba.nacos.client.naming.remote.http.NamingHttpClientProxy.reqApi(NamingHttpClientProxy.java:392) [nacos-client-2.1.0.jar:na]
	at com.alibaba.nacos.client.naming.remote.http.NamingHttpClientProxy.reqApi(NamingHttpClientProxy.java:387) [nacos-client-2.1.0.jar:na]
	at com.alibaba.nacos.client.naming.remote.http.NamingHttpClientProxy.serverHealthy(NamingHttpClientProxy.java:317) [nacos-client-2.1.0.jar:na]
	at com.alibaba.nacos.client.naming.remote.NamingClientProxyDelegate.serverHealthy(NamingClientProxyDelegate.java:172) [nacos-client-2.1.0.jar:na]
	at com.alibaba.nacos.client.naming.NacosNamingService.getServerStatus(NacosNamingService.java:450) [nacos-client-2.1.0.jar:na]
	at org.apache.dubbo.registry.nacos.NacosNamingServiceWrapper.getServerStatus(NacosNamingServiceWrapper.java:43) [dubbo-3.0.9.jar:3.0.9]
	at org.apache.dubbo.registry.nacos.NacosRegistry.isAvailable(NacosRegistry.java:146) [dubbo-3.0.9.jar:3.0.9]
	at org.apache.dubbo.registry.ListenerRegistryWrapper.isAvailable(ListenerRegistryWrapper.java:47) [dubbo-3.0.9.jar:3.0.9]
	at org.apache.dubbo.registry.integration.DynamicDirectory.destroy(DynamicDirectory.java:294) [dubbo-3.0.9.jar:3.0.9]
	at org.apache.dubbo.rpc.cluster.support.AbstractClusterInvoker.destroy(AbstractClusterInvoker.java:128) [dubbo-3.0.9.jar:3.0.9]
	at org.apache.dubbo.rpc.cluster.support.wrapper.MockClusterInvoker.destroy(MockClusterInvoker.java:82) [dubbo-3.0.9.jar:3.0.9]
	at org.apache.dubbo.registry.client.migration.MigrationInvoker.destroy(MigrationInvoker.java:325) [dubbo-3.0.9.jar:3.0.9]
	at org.apache.dubbo.config.ReferenceConfig.checkInvokerAvailable(ReferenceConfig.java:535) [dubbo-3.0.9.jar:3.0.9]
	at org.apache.dubbo.config.ReferenceConfig.init(ReferenceConfig.java:293) [dubbo-3.0.9.jar:3.0.9]
	at org.apache.dubbo.config.ReferenceConfig.get(ReferenceConfig.java:219) [dubbo-3.0.9.jar:3.0.9]
	at org.apache.dubbo.config.utils.SimpleReferenceCache.get(SimpleReferenceCache.java:129) [dubbo-3.0.9.jar:3.0.9]
	at org.apache.dubbo.config.deploy.DefaultModuleDeployer.lambda$referServices$6(DefaultModuleDeployer.java:387) [dubbo-3.0.9.jar:3.0.9]
	at java.util.concurrent.ConcurrentHashMap$ValuesView.forEach(ConcurrentHashMap.java:4707) ~[na:1.8.0_202]
	at org.apache.dubbo.config.deploy.DefaultModuleDeployer.referServices(DefaultModuleDeployer.java:367) [dubbo-3.0.9.jar:3.0.9]
	at org.apache.dubbo.config.deploy.DefaultModuleDeployer.start(DefaultModuleDeployer.java:154) [dubbo-3.0.9.jar:3.0.9]
	at org.apache.dubbo.config.spring.context.DubboDeployApplicationListener.onContextRefreshedEvent(DubboDeployApplicationListener.java:111) ~[dubbo-3.0.9.jar:3.0.9]
	at org.apache.dubbo.config.spring.context.DubboDeployApplicationListener.onApplicationEvent(DubboDeployApplicationListener.java:100) ~[dubbo-3.0.9.jar:3.0.9]
	at org.apache.dubbo.config.spring.context.DubboDeployApplicationListener.onApplicationEvent(DubboDeployApplicationListener.java:45) ~[dubbo-3.0.9.jar:3.0.9]
	at org.springframework.context.event.SimpleApplicationEventMulticaster.doInvokeListener(SimpleApplicationEventMulticaster.java:176) ~[spring-context-5.3.20.jar:5.3.20]
	at org.springframework.context.event.SimpleApplicationEventMulticaster.invokeListener(SimpleApplicationEventMulticaster.java:169) ~[spring-context-5.3.20.jar:5.3.20]
	at org.springframework.context.event.SimpleApplicationEventMulticaster.multicastEvent(SimpleApplicationEventMulticaster.java:143) ~[spring-context-5.3.20.jar:5.3.20]
	at org.springframework.context.support.AbstractApplicationContext.publishEvent(AbstractApplicationContext.java:421) ~[spring-context-5.3.20.jar:5.3.20]
	at org.springframework.context.support.AbstractApplicationContext.publishEvent(AbstractApplicationContext.java:378) ~[spring-context-5.3.20.jar:5.3.20]
	at org.springframework.context.support.AbstractApplicationContext.finishRefresh(AbstractApplicationContext.java:938) ~[spring-context-5.3.20.jar:5.3.20]
	at org.springframework.context.support.AbstractApplicationContext.refresh(AbstractApplicationContext.java:586) ~[spring-context-5.3.20.jar:5.3.20]
	at org.springframework.boot.SpringApplication.refresh(SpringApplication.java:734) ~[spring-boot-2.7.0.jar:2.7.0]
	at org.springframework.boot.SpringApplication.refreshContext(SpringApplication.java:408) ~[spring-boot-2.7.0.jar:2.7.0]
	at org.springframework.boot.SpringApplication.run(SpringApplication.java:308) ~[spring-boot-2.7.0.jar:2.7.0]
	at org.springframework.boot.test.context.SpringBootContextLoader.loadContext(SpringBootContextLoader.java:132) ~[spring-boot-test-2.7.0.jar:2.7.0]
	at org.springframework.test.context.cache.DefaultCacheAwareContextLoaderDelegate.loadContextInternal(DefaultCacheAwareContextLoaderDelegate.java:99) ~[spring-test-5.3.20.jar:5.3.20]
	at org.springframework.test.context.cache.DefaultCacheAwareContextLoaderDelegate.loadContext(DefaultCacheAwareContextLoaderDelegate.java:124) ~[spring-test-5.3.20.jar:5.3.20]
	at org.springframework.test.context.support.DefaultTestContext.getApplicationContext(DefaultTestContext.java:124) ~[spring-test-5.3.20.jar:5.3.20]
	at org.springframework.boot.test.autoconfigure.SpringBootDependencyInjectionTestExecutionListener.outputConditionEvaluationReport(SpringBootDependencyInjectionTestExecutionListener.java:53) ~[spring-boot-test-autoconfigure-2.7.0.jar:2.7.0]
	at org.springframework.boot.test.autoconfigure.SpringBootDependencyInjectionTestExecutionListener.prepareTestInstance(SpringBootDependencyInjectionTestExecutionListener.java:46) ~[spring-boot-test-autoconfigure-2.7.0.jar:2.7.0]
	at org.springframework.test.context.TestContextManager.prepareTestInstance(TestContextManager.java:248) ~[spring-test-5.3.20.jar:5.3.20]
	at org.springframework.test.context.junit.jupiter.SpringExtension.postProcessTestInstance(SpringExtension.java:138) ~[spring-test-5.3.20.jar:5.3.20]
	at org.junit.jupiter.engine.descriptor.ClassBasedTestDescriptor.lambda$invokeTestInstancePostProcessors$8(ClassBasedTestDescriptor.java:363) ~[junit-jupiter-engine-5.8.2.jar:5.8.2]
	at org.junit.jupiter.engine.descriptor.ClassBasedTestDescriptor.executeAndMaskThrowable(ClassBasedTestDescriptor.java:368) ~[junit-jupiter-engine-5.8.2.jar:5.8.2]
	at org.junit.jupiter.engine.descriptor.ClassBasedTestDescriptor.lambda$invokeTestInstancePostProcessors$9(ClassBasedTestDescriptor.java:363) ~[junit-jupiter-engine-5.8.2.jar:5.8.2]
	at java.util.stream.ReferencePipeline$3$1.accept(ReferencePipeline.java:193) ~[na:1.8.0_202]
	at java.util.stream.ReferencePipeline$2$1.accept(ReferencePipeline.java:175) ~[na:1.8.0_202]
	at java.util.ArrayList$ArrayListSpliterator.forEachRemaining(ArrayList.java:1382) ~[na:1.8.0_202]
	at java.util.stream.AbstractPipeline.copyInto(AbstractPipeline.java:481) ~[na:1.8.0_202]
	at java.util.stream.AbstractPipeline.wrapAndCopyInto(AbstractPipeline.java:471) ~[na:1.8.0_202]
	at java.util.stream.StreamSpliterators$WrappingSpliterator.forEachRemaining(StreamSpliterators.java:312) ~[na:1.8.0_202]
	at java.util.stream.Streams$ConcatSpliterator.forEachRemaining(Streams.java:743) ~[na:1.8.0_202]
	at java.util.stream.Streams$ConcatSpliterator.forEachRemaining(Streams.java:742) ~[na:1.8.0_202]
	at java.util.stream.ReferencePipeline$Head.forEach(ReferencePipeline.java:580) ~[na:1.8.0_202]
	at org.junit.jupiter.engine.descriptor.ClassBasedTestDescriptor.invokeTestInstancePostProcessors(ClassBasedTestDescriptor.java:362) ~[junit-jupiter-engine-5.8.2.jar:5.8.2]
	at org.junit.jupiter.engine.descriptor.ClassBasedTestDescriptor.lambda$instantiateAndPostProcessTestInstance$6(ClassBasedTestDescriptor.java:283) ~[junit-jupiter-engine-5.8.2.jar:5.8.2]
	at org.junit.platform.engine.support.hierarchical.ThrowableCollector.execute(ThrowableCollector.java:73) ~[junit-platform-engine-1.8.2.jar:1.8.2]
	at org.junit.jupiter.engine.descriptor.ClassBasedTestDescriptor.instantiateAndPostProcessTestInstance(ClassBasedTestDescriptor.java:282) ~[junit-jupiter-engine-5.8.2.jar:5.8.2]
	at org.junit.jupiter.engine.descriptor.ClassBasedTestDescriptor.lambda$testInstancesProvider$4(ClassBasedTestDescriptor.java:272) ~[junit-jupiter-engine-5.8.2.jar:5.8.2]
	at java.util.Optional.orElseGet(Optional.java:267) ~[na:1.8.0_202]
	at org.junit.jupiter.engine.descriptor.ClassBasedTestDescriptor.lambda$testInstancesProvider$5(ClassBasedTestDescriptor.java:271) ~[junit-jupiter-engine-5.8.2.jar:5.8.2]
	at org.junit.jupiter.engine.execution.TestInstancesProvider.getTestInstances(TestInstancesProvider.java:31) ~[junit-jupiter-engine-5.8.2.jar:5.8.2]
	at org.junit.jupiter.engine.descriptor.TestMethodTestDescriptor.lambda$prepare$0(TestMethodTestDescriptor.java:102) ~[junit-jupiter-engine-5.8.2.jar:5.8.2]
	at org.junit.platform.engine.support.hierarchical.ThrowableCollector.execute(ThrowableCollector.java:73) ~[junit-platform-engine-1.8.2.jar:1.8.2]
	at org.junit.jupiter.engine.descriptor.TestMethodTestDescriptor.prepare(TestMethodTestDescriptor.java:101) ~[junit-jupiter-engine-5.8.2.jar:5.8.2]
	at org.junit.jupiter.engine.descriptor.TestMethodTestDescriptor.prepare(TestMethodTestDescriptor.java:66) ~[junit-jupiter-engine-5.8.2.jar:5.8.2]
	at org.junit.platform.engine.support.hierarchical.NodeTestTask.lambda$prepare$2(NodeTestTask.java:123) ~[junit-platform-engine-1.8.2.jar:1.8.2]
	at org.junit.platform.engine.support.hierarchical.ThrowableCollector.execute(ThrowableCollector.java:73) ~[junit-platform-engine-1.8.2.jar:1.8.2]
	at org.junit.platform.engine.support.hierarchical.NodeTestTask.prepare(NodeTestTask.java:123) ~[junit-platform-engine-1.8.2.jar:1.8.2]
	at org.junit.platform.engine.support.hierarchical.NodeTestTask.execute(NodeTestTask.java:90) ~[junit-platform-engine-1.8.2.jar:1.8.2]
	at java.util.ArrayList.forEach(ArrayList.java:1257) ~[na:1.8.0_202]
	at org.junit.platform.engine.support.hierarchical.SameThreadHierarchicalTestExecutorService.invokeAll(SameThreadHierarchicalTestExecutorService.java:41) ~[junit-platform-engine-1.8.2.jar:1.8.2]
	at org.junit.platform.engine.support.hierarchical.NodeTestTask.lambda$executeRecursively$6(NodeTestTask.java:155) ~[junit-platform-engine-1.8.2.jar:1.8.2]
	at org.junit.platform.engine.support.hierarchical.ThrowableCollector.execute(ThrowableCollector.java:73) ~[junit-platform-engine-1.8.2.jar:1.8.2]
	at org.junit.platform.engine.support.hierarchical.NodeTestTask.lambda$executeRecursively$8(NodeTestTask.java:141) ~[junit-platform-engine-1.8.2.jar:1.8.2]
	at org.junit.platform.engine.support.hierarchical.Node.around(Node.java:137) ~[junit-platform-engine-1.8.2.jar:1.8.2]
	at org.junit.platform.engine.support.hierarchical.NodeTestTask.lambda$executeRecursively$9(NodeTestTask.java:139) ~[junit-platform-engine-1.8.2.jar:1.8.2]
	at org.junit.platform.engine.support.hierarchical.ThrowableCollector.execute(ThrowableCollector.java:73) ~[junit-platform-engine-1.8.2.jar:1.8.2]
	at org.junit.platform.engine.support.hierarchical.NodeTestTask.executeRecursively(NodeTestTask.java:138) ~[junit-platform-engine-1.8.2.jar:1.8.2]
	at org.junit.platform.engine.support.hierarchical.NodeTestTask.execute(NodeTestTask.java:95) ~[junit-platform-engine-1.8.2.jar:1.8.2]
	at java.util.ArrayList.forEach(ArrayList.java:1257) ~[na:1.8.0_202]
	at org.junit.platform.engine.support.hierarchical.SameThreadHierarchicalTestExecutorService.invokeAll(SameThreadHierarchicalTestExecutorService.java:41) ~[junit-platform-engine-1.8.2.jar:1.8.2]
	at org.junit.platform.engine.support.hierarchical.NodeTestTask.lambda$executeRecursively$6(NodeTestTask.java:155) ~[junit-platform-engine-1.8.2.jar:1.8.2]
	at org.junit.platform.engine.support.hierarchical.ThrowableCollector.execute(ThrowableCollector.java:73) ~[junit-platform-engine-1.8.2.jar:1.8.2]
	at org.junit.platform.engine.support.hierarchical.NodeTestTask.lambda$executeRecursively$8(NodeTestTask.java:141) ~[junit-platform-engine-1.8.2.jar:1.8.2]
	at org.junit.platform.engine.support.hierarchical.Node.around(Node.java:137) ~[junit-platform-engine-1.8.2.jar:1.8.2]
	at org.junit.platform.engine.support.hierarchical.NodeTestTask.lambda$executeRecursively$9(NodeTestTask.java:139) ~[junit-platform-engine-1.8.2.jar:1.8.2]
	at org.junit.platform.engine.support.hierarchical.ThrowableCollector.execute(ThrowableCollector.java:73) ~[junit-platform-engine-1.8.2.jar:1.8.2]
	at org.junit.platform.engine.support.hierarchical.NodeTestTask.executeRecursively(NodeTestTask.java:138) ~[junit-platform-engine-1.8.2.jar:1.8.2]
	at org.junit.platform.engine.support.hierarchical.NodeTestTask.execute(NodeTestTask.java:95) ~[junit-platform-engine-1.8.2.jar:1.8.2]
	at org.junit.platform.engine.support.hierarchical.SameThreadHierarchicalTestExecutorService.submit(SameThreadHierarchicalTestExecutorService.java:35) ~[junit-platform-engine-1.8.2.jar:1.8.2]
	at org.junit.platform.engine.support.hierarchical.HierarchicalTestExecutor.execute(HierarchicalTestExecutor.java:57) ~[junit-platform-engine-1.8.2.jar:1.8.2]
	at org.junit.platform.engine.support.hierarchical.HierarchicalTestEngine.execute(HierarchicalTestEngine.java:54) ~[junit-platform-engine-1.8.2.jar:1.8.2]
	at org.junit.platform.launcher.core.DefaultLauncher.execute(DefaultLauncher.java:220) ~[junit-platform-launcher-1.3.1.jar:1.3.1]
	at org.junit.platform.launcher.core.DefaultLauncher.lambda$execute$6(DefaultLauncher.java:188) ~[junit-platform-launcher-1.3.1.jar:1.3.1]
	at org.junit.platform.launcher.core.DefaultLauncher.withInterceptedStreams(DefaultLauncher.java:202) ~[junit-platform-launcher-1.3.1.jar:1.3.1]
	at org.junit.platform.launcher.core.DefaultLauncher.execute(DefaultLauncher.java:181) ~[junit-platform-launcher-1.3.1.jar:1.3.1]
	at org.junit.platform.launcher.core.DefaultLauncher.execute(DefaultLauncher.java:128) ~[junit-platform-launcher-1.3.1.jar:1.3.1]
	at org.apache.maven.surefire.junitplatform.JUnitPlatformProvider.invokeAllTests(JUnitPlatformProvider.java:150) ~[surefire-junit-platform-2.22.2.jar:2.22.2]
	at org.apache.maven.surefire.junitplatform.JUnitPlatformProvider.invoke(JUnitPlatformProvider.java:124) ~[surefire-junit-platform-2.22.2.jar:2.22.2]
	at org.apache.maven.surefire.booter.ForkedBooter.invokeProviderInSameClassLoader(ForkedBooter.java:384) ~[surefire-booter-2.22.2.jar:2.22.2]
	at org.apache.maven.surefire.booter.ForkedBooter.runSuitesInProcess(ForkedBooter.java:345) ~[surefire-booter-2.22.2.jar:2.22.2]
	at org.apache.maven.surefire.booter.ForkedBooter.execute(ForkedBooter.java:126) ~[surefire-booter-2.22.2.jar:2.22.2]
	at org.apache.maven.surefire.booter.ForkedBooter.main(ForkedBooter.java:418) ~[surefire-booter-2.22.2.jar:2.22.2]

2023-10-15 16:19:26.940  WARN 19020 --- [ing.grpc.redo.0] com.alibaba.nacos.client.naming          : Grpc Connection is disconnect, skip current redo task
2023-10-15 16:19:26.988 ERROR 19020 --- [s.client.Worker] c.a.n.c.remote.client.grpc.GrpcClient    : Server check fail, please check server localhost ,port 9848 is available , error ={}

java.util.concurrent.TimeoutException: Waited 3000 milliseconds (plus 8 milliseconds, 195100 nanoseconds delay) for com.alibaba.nacos.shaded.io.grpc.stub.ClientCalls$GrpcFuture@705b25b4[status=PENDING, info=[GrpcFuture{clientCall={delegate={delegate=ClientCallImpl{method=MethodDescriptor{fullMethodName=Request/request, type=UNARY, idempotent=false, safe=false, sampledToLocalTracing=true, requestMarshaller=com.alibaba.nacos.shaded.io.grpc.protobuf.lite.ProtoLiteUtils$MessageMarshaller@25a94b55, responseMarshaller=com.alibaba.nacos.shaded.io.grpc.protobuf.lite.ProtoLiteUtils$MessageMarshaller@6adc5b9c, schemaDescriptor=com.alibaba.nacos.api.grpc.auto.RequestGrpc$RequestMethodDescriptorSupplier@19c1820d}}}}}]]
	at com.alibaba.nacos.shaded.com.google.common.util.concurrent.AbstractFuture.get(AbstractFuture.java:508) ~[nacos-client-2.1.0.jar:na]
	at com.alibaba.nacos.common.remote.client.grpc.GrpcClient.serverCheck(GrpcClient.java:192) [nacos-client-2.1.0.jar:na]
	at com.alibaba.nacos.common.remote.client.grpc.GrpcClient.connectToServer(GrpcClient.java:302) [nacos-client-2.1.0.jar:na]
	at com.alibaba.nacos.common.remote.client.RpcClient.start(RpcClient.java:389) [nacos-client-2.1.0.jar:na]
	at com.alibaba.nacos.client.config.impl.ClientWorker$ConfigRpcTransportClient.ensureRpcClient(ClientWorker.java:885) [nacos-client-2.1.0.jar:na]
	at com.alibaba.nacos.client.config.impl.ClientWorker$ConfigRpcTransportClient.executeConfigListen(ClientWorker.java:776) [nacos-client-2.1.0.jar:na]
	at com.alibaba.nacos.client.config.impl.ClientWorker$ConfigRpcTransportClient.lambda$startInternal$2(ClientWorker.java:695) [nacos-client-2.1.0.jar:na]
	at java.util.concurrent.Executors$RunnableAdapter.call(Executors.java:511) ~[na:1.8.0_202]
	at java.util.concurrent.FutureTask.run(FutureTask.java:266) ~[na:1.8.0_202]
	at java.util.concurrent.ScheduledThreadPoolExecutor$ScheduledFutureTask.access$201(ScheduledThreadPoolExecutor.java:180) ~[na:1.8.0_202]
	at java.util.concurrent.ScheduledThreadPoolExecutor$ScheduledFutureTask.run(ScheduledThreadPoolExecutor.java:293) ~[na:1.8.0_202]
	at java.util.concurrent.ThreadPoolExecutor.runWorker(ThreadPoolExecutor.java:1149) ~[na:1.8.0_202]
	at java.util.concurrent.ThreadPoolExecutor$Worker.run(ThreadPoolExecutor.java:624) ~[na:1.8.0_202]
	at java.lang.Thread.run(Thread.java:748) ~[na:1.8.0_202]

2023-10-15 16:19:26.988  INFO 19020 --- [s.client.Worker] com.alibaba.nacos.common.remote.client   : [2e82097d-839e-4c47-b0ae-93ab445c6d13_config-0] Try to connect to server on start up, server: {serverIp = 'localhost', server main port = 8848}
2023-10-15 16:19:27.003 ERROR 19020 --- [aming.updater.0] com.alibaba.nacos.common.remote.client   : Send request fail, request = ServiceQueryRequest{headers={app=unknown}, requestId='null'}, retryTimes = 0, errorMessage = Client not connected, current status:STARTING
2023-10-15 16:19:27.111 ERROR 19020 --- [aming.updater.0] com.alibaba.nacos.common.remote.client   : Send request fail, request = ServiceQueryRequest{headers={app=unknown}, requestId='null'}, retryTimes = 1, errorMessage = Client not connected, current status:STARTING
2023-10-15 16:19:27.221 ERROR 19020 --- [aming.updater.0] com.alibaba.nacos.common.remote.client   : Send request fail, request = ServiceQueryRequest{headers={app=unknown}, requestId='null'}, retryTimes = 2, errorMessage = Client not connected, current status:STARTING
2023-10-15 16:19:27.221  WARN 19020 --- [aming.updater.0] com.alibaba.nacos.client.naming          : [NA] failed to update serviceName: DEFAULT_GROUP@@providers:com.yupi.service.InnerUserService::

com.alibaba.nacos.api.exception.NacosException: Request nacos server failed: 
	at com.alibaba.nacos.client.naming.remote.gprc.NamingGrpcClientProxy.requestToServer(NamingGrpcClientProxy.java:288) ~[nacos-client-2.1.0.jar:na]
	at com.alibaba.nacos.client.naming.remote.gprc.NamingGrpcClientProxy.queryInstancesOfService(NamingGrpcClientProxy.java:168) ~[nacos-client-2.1.0.jar:na]
	at com.alibaba.nacos.client.naming.remote.NamingClientProxyDelegate.queryInstancesOfService(NamingClientProxyDelegate.java:110) ~[nacos-client-2.1.0.jar:na]
	at com.alibaba.nacos.client.naming.core.ServiceInfoUpdateService$UpdateTask.run(ServiceInfoUpdateService.java:178) ~[nacos-client-2.1.0.jar:na]
	at java.util.concurrent.Executors$RunnableAdapter.call(Executors.java:511) [na:1.8.0_202]
	at java.util.concurrent.FutureTask.run(FutureTask.java:266) [na:1.8.0_202]
	at java.util.concurrent.ScheduledThreadPoolExecutor$ScheduledFutureTask.access$201(ScheduledThreadPoolExecutor.java:180) [na:1.8.0_202]
	at java.util.concurrent.ScheduledThreadPoolExecutor$ScheduledFutureTask.run(ScheduledThreadPoolExecutor.java:293) [na:1.8.0_202]
	at java.util.concurrent.ThreadPoolExecutor.runWorker(ThreadPoolExecutor.java:1149) [na:1.8.0_202]
	at java.util.concurrent.ThreadPoolExecutor$Worker.run(ThreadPoolExecutor.java:624) [na:1.8.0_202]
	at java.lang.Thread.run(Thread.java:748) [na:1.8.0_202]
Caused by: com.alibaba.nacos.api.exception.NacosException: Client not connected, current status:STARTING
	at com.alibaba.nacos.common.remote.client.RpcClient.request(RpcClient.java:651) ~[nacos-client-2.1.0.jar:na]
	at com.alibaba.nacos.common.remote.client.RpcClient.request(RpcClient.java:631) ~[nacos-client-2.1.0.jar:na]
	at com.alibaba.nacos.client.naming.remote.gprc.NamingGrpcClientProxy.requestToServer(NamingGrpcClientProxy.java:278) ~[nacos-client-2.1.0.jar:na]
	... 10 common frames omitted

2023-10-15 16:19:27.252  WARN 19020 --- [ing.grpc.redo.0] com.alibaba.nacos.client.naming          : Grpc Connection is disconnect, skip current redo task
2023-10-15 16:19:27.439 ERROR 19020 --- [aming.updater.0] com.alibaba.nacos.common.remote.client   : Send request fail, request = ServiceQueryRequest{headers={app=unknown}, requestId='null'}, retryTimes = 0, errorMessage = Client not connected, current status:STARTING
2023-10-15 16:19:27.548 ERROR 19020 --- [aming.updater.0] com.alibaba.nacos.common.remote.client   : Send request fail, request = ServiceQueryRequest{headers={app=unknown}, requestId='null'}, retryTimes = 1, errorMessage = Client not connected, current status:STARTING
2023-10-15 16:19:27.660 ERROR 19020 --- [aming.updater.0] com.alibaba.nacos.common.remote.client   : Send request fail, request = ServiceQueryRequest{headers={app=unknown}, requestId='null'}, retryTimes = 2, errorMessage = Client not connected, current status:STARTING
2023-10-15 16:19:27.660  WARN 19020 --- [aming.updater.0] com.alibaba.nacos.client.naming          : [NA] failed to update serviceName: DEFAULT_GROUP@@dubbo-springboot-demo-provider

com.alibaba.nacos.api.exception.NacosException: Request nacos server failed: 
	at com.alibaba.nacos.client.naming.remote.gprc.NamingGrpcClientProxy.requestToServer(NamingGrpcClientProxy.java:288) ~[nacos-client-2.1.0.jar:na]
	at com.alibaba.nacos.client.naming.remote.gprc.NamingGrpcClientProxy.queryInstancesOfService(NamingGrpcClientProxy.java:168) ~[nacos-client-2.1.0.jar:na]
	at com.alibaba.nacos.client.naming.remote.NamingClientProxyDelegate.queryInstancesOfService(NamingClientProxyDelegate.java:110) ~[nacos-client-2.1.0.jar:na]
	at com.alibaba.nacos.client.naming.core.ServiceInfoUpdateService$UpdateTask.run(ServiceInfoUpdateService.java:185) ~[nacos-client-2.1.0.jar:na]
	at java.util.concurrent.Executors$RunnableAdapter.call(Executors.java:511) [na:1.8.0_202]
	at java.util.concurrent.FutureTask.run(FutureTask.java:266) [na:1.8.0_202]
	at java.util.concurrent.ScheduledThreadPoolExecutor$ScheduledFutureTask.access$201(ScheduledThreadPoolExecutor.java:180) [na:1.8.0_202]
	at java.util.concurrent.ScheduledThreadPoolExecutor$ScheduledFutureTask.run(ScheduledThreadPoolExecutor.java:293) [na:1.8.0_202]
	at java.util.concurrent.ThreadPoolExecutor.runWorker(ThreadPoolExecutor.java:1149) [na:1.8.0_202]
	at java.util.concurrent.ThreadPoolExecutor$Worker.run(ThreadPoolExecutor.java:624) [na:1.8.0_202]
	at java.lang.Thread.run(Thread.java:748) [na:1.8.0_202]
Caused by: com.alibaba.nacos.api.exception.NacosException: Client not connected, current status:STARTING
	at com.alibaba.nacos.common.remote.client.RpcClient.request(RpcClient.java:651) ~[nacos-client-2.1.0.jar:na]
	at com.alibaba.nacos.common.remote.client.RpcClient.request(RpcClient.java:631) ~[nacos-client-2.1.0.jar:na]
	at com.alibaba.nacos.client.naming.remote.gprc.NamingGrpcClientProxy.requestToServer(NamingGrpcClientProxy.java:278) ~[nacos-client-2.1.0.jar:na]
	... 10 common frames omitted

2023-10-15 16:19:28.100 ERROR 19020 --- [s.client.Worker] com.alibaba.nacos.common.remote.client   : Send request fail, request = ConfigBatchListenRequest{headers={charset=UTF-8, Client-AppName=unknown, Client-RequestToken=7d7fc44b7956bbb0b2fcd0fe9239be50, Client-RequestTS=1697357967990, exConfigInfo=true}, requestId='null'}, retryTimes = 0, errorMessage = Client not connected, current status:STARTING
2023-10-15 16:19:28.211 ERROR 19020 --- [s.client.Worker] com.alibaba.nacos.common.remote.client   : Send request fail, request = ConfigBatchListenRequest{headers={charset=UTF-8, Client-AppName=unknown, Client-RequestToken=7d7fc44b7956bbb0b2fcd0fe9239be50, Client-RequestTS=1697357967990, exConfigInfo=true}, requestId='null'}, retryTimes = 1, errorMessage = Client not connected, current status:STARTING
2023-10-15 16:19:28.322 ERROR 19020 --- [s.client.Worker] com.alibaba.nacos.common.remote.client   : Send request fail, request = ConfigBatchListenRequest{headers={charset=UTF-8, Client-AppName=unknown, Client-RequestToken=7d7fc44b7956bbb0b2fcd0fe9239be50, Client-RequestTS=1697357967990, exConfigInfo=true}, requestId='null'}, retryTimes = 2, errorMessage = Client not connected, current status:STARTING
2023-10-15 16:19:28.322 ERROR 19020 --- [s.client.Worker] c.a.n.client.config.impl.ClientWorker    : Async listen config change error 

com.alibaba.nacos.api.exception.NacosException: Client not connected, current status:STARTING
	at com.alibaba.nacos.common.remote.client.RpcClient.request(RpcClient.java:651) ~[nacos-client-2.1.0.jar:na]
	at com.alibaba.nacos.client.config.impl.ClientWorker$ConfigRpcTransportClient.requestProxy(ClientWorker.java:1005) [nacos-client-2.1.0.jar:na]
	at com.alibaba.nacos.client.config.impl.ClientWorker$ConfigRpcTransportClient.requestProxy(ClientWorker.java:986) [nacos-client-2.1.0.jar:na]
	at com.alibaba.nacos.client.config.impl.ClientWorker$ConfigRpcTransportClient.executeConfigListen(ClientWorker.java:777) [nacos-client-2.1.0.jar:na]
	at com.alibaba.nacos.client.config.impl.ClientWorker$ConfigRpcTransportClient.lambda$startInternal$2(ClientWorker.java:695) [nacos-client-2.1.0.jar:na]
	at java.util.concurrent.Executors$RunnableAdapter.call(Executors.java:511) ~[na:1.8.0_202]
	at java.util.concurrent.FutureTask.run(FutureTask.java:266) ~[na:1.8.0_202]
	at java.util.concurrent.ScheduledThreadPoolExecutor$ScheduledFutureTask.access$201(ScheduledThreadPoolExecutor.java:180) ~[na:1.8.0_202]
	at java.util.concurrent.ScheduledThreadPoolExecutor$ScheduledFutureTask.run(ScheduledThreadPoolExecutor.java:293) ~[na:1.8.0_202]
	at java.util.concurrent.ThreadPoolExecutor.runWorker(ThreadPoolExecutor.java:1149) ~[na:1.8.0_202]
	at java.util.concurrent.ThreadPoolExecutor$Worker.run(ThreadPoolExecutor.java:624) ~[na:1.8.0_202]
	at java.lang.Thread.run(Thread.java:748) ~[na:1.8.0_202]

2023-10-15 16:19:28.496 ERROR 19020 --- [t.remote.worker] c.a.n.c.remote.client.grpc.GrpcClient    : Server check fail, please check server localhost ,port 9848 is available , error ={}

java.util.concurrent.TimeoutException: Waited 3000 milliseconds (plus 3 milliseconds, 129400 nanoseconds delay) for com.alibaba.nacos.shaded.io.grpc.stub.ClientCalls$GrpcFuture@25d5f898[status=PENDING, info=[GrpcFuture{clientCall={delegate={delegate=ClientCallImpl{method=MethodDescriptor{fullMethodName=Request/request, type=UNARY, idempotent=false, safe=false, sampledToLocalTracing=true, requestMarshaller=com.alibaba.nacos.shaded.io.grpc.protobuf.lite.ProtoLiteUtils$MessageMarshaller@25a94b55, responseMarshaller=com.alibaba.nacos.shaded.io.grpc.protobuf.lite.ProtoLiteUtils$MessageMarshaller@6adc5b9c, schemaDescriptor=com.alibaba.nacos.api.grpc.auto.RequestGrpc$RequestMethodDescriptorSupplier@19c1820d}}}}}]]
	at com.alibaba.nacos.shaded.com.google.common.util.concurrent.AbstractFuture.get(AbstractFuture.java:508) ~[nacos-client-2.1.0.jar:na]
	at com.alibaba.nacos.common.remote.client.grpc.GrpcClient.serverCheck(GrpcClient.java:192) [nacos-client-2.1.0.jar:na]
	at com.alibaba.nacos.common.remote.client.grpc.GrpcClient.connectToServer(GrpcClient.java:302) [nacos-client-2.1.0.jar:na]
	at com.alibaba.nacos.common.remote.client.RpcClient.reconnect(RpcClient.java:521) [nacos-client-2.1.0.jar:na]
	at com.alibaba.nacos.common.remote.client.RpcClient.lambda$start$2(RpcClient.java:369) [nacos-client-2.1.0.jar:na]
	at java.util.concurrent.Executors$RunnableAdapter.call(Executors.java:511) ~[na:1.8.0_202]
	at java.util.concurrent.FutureTask.run(FutureTask.java:266) ~[na:1.8.0_202]
	at java.util.concurrent.ScheduledThreadPoolExecutor$ScheduledFutureTask.access$201(ScheduledThreadPoolExecutor.java:180) ~[na:1.8.0_202]
	at java.util.concurrent.ScheduledThreadPoolExecutor$ScheduledFutureTask.run(ScheduledThreadPoolExecutor.java:293) ~[na:1.8.0_202]
	at java.util.concurrent.ThreadPoolExecutor.runWorker(ThreadPoolExecutor.java:1149) ~[na:1.8.0_202]
	at java.util.concurrent.ThreadPoolExecutor$Worker.run(ThreadPoolExecutor.java:624) ~[na:1.8.0_202]
	at java.lang.Thread.run(Thread.java:748) ~[na:1.8.0_202]

2023-10-15 16:19:28.496  INFO 19020 --- [t.remote.worker] com.alibaba.nacos.common.remote.client   : [45c1d4e9-7c56-47f4-ae88-3b4fba725ea0] Fail to connect server, after trying 5 times, last try server is {serverIp = 'localhost', server main port = 8848}, error = unknown
2023-10-15 16:19:28.671 ERROR 19020 --- [           main] com.alibaba.nacos.client.naming          : [NA] failed to request

java.net.ConnectException: Connection refused: connect
	at java.net.DualStackPlainSocketImpl.waitForConnect(Native Method) ~[na:1.8.0_202]
	at java.net.DualStackPlainSocketImpl.socketConnect(DualStackPlainSocketImpl.java:85) ~[na:1.8.0_202]
	at java.net.AbstractPlainSocketImpl.doConnect(AbstractPlainSocketImpl.java:350) ~[na:1.8.0_202]
	at java.net.AbstractPlainSocketImpl.connectToAddress(AbstractPlainSocketImpl.java:206) ~[na:1.8.0_202]
	at java.net.AbstractPlainSocketImpl.connect(AbstractPlainSocketImpl.java:188) ~[na:1.8.0_202]
	at java.net.PlainSocketImpl.connect(PlainSocketImpl.java:172) ~[na:1.8.0_202]
	at java.net.SocksSocketImpl.connect(SocksSocketImpl.java:392) ~[na:1.8.0_202]
	at java.net.Socket.connect(Socket.java:589) ~[na:1.8.0_202]
	at sun.net.NetworkClient.doConnect(NetworkClient.java:175) ~[na:1.8.0_202]
	at sun.net.www.http.HttpClient.openServer(HttpClient.java:463) ~[na:1.8.0_202]
	at sun.net.www.http.HttpClient.openServer(HttpClient.java:558) ~[na:1.8.0_202]
	at sun.net.www.http.HttpClient.<init>(HttpClient.java:242) ~[na:1.8.0_202]
	at sun.net.www.http.HttpClient.New(HttpClient.java:339) ~[na:1.8.0_202]
	at sun.net.www.http.HttpClient.New(HttpClient.java:357) ~[na:1.8.0_202]
	at sun.net.www.protocol.http.HttpURLConnection.getNewHttpClient(HttpURLConnection.java:1220) ~[na:1.8.0_202]
	at sun.net.www.protocol.http.HttpURLConnection.plainConnect0(HttpURLConnection.java:1156) ~[na:1.8.0_202]
	at sun.net.www.protocol.http.HttpURLConnection.plainConnect(HttpURLConnection.java:1050) ~[na:1.8.0_202]
	at sun.net.www.protocol.http.HttpURLConnection.connect(HttpURLConnection.java:984) ~[na:1.8.0_202]
	at com.alibaba.nacos.common.http.client.request.JdkHttpClientRequest.execute(JdkHttpClientRequest.java:114) ~[nacos-client-2.1.0.jar:na]
	at com.alibaba.nacos.common.http.client.NacosRestTemplate.execute(NacosRestTemplate.java:482) ~[nacos-client-2.1.0.jar:na]
	at com.alibaba.nacos.common.http.client.NacosRestTemplate.exchangeForm(NacosRestTemplate.java:427) ~[nacos-client-2.1.0.jar:na]
	at com.alibaba.nacos.client.naming.remote.http.NamingHttpClientProxy.callServer(NamingHttpClientProxy.java:488) [nacos-client-2.1.0.jar:na]
	at com.alibaba.nacos.client.naming.remote.http.NamingHttpClientProxy.reqApi(NamingHttpClientProxy.java:421) [nacos-client-2.1.0.jar:na]
	at com.alibaba.nacos.client.naming.remote.http.NamingHttpClientProxy.reqApi(NamingHttpClientProxy.java:392) [nacos-client-2.1.0.jar:na]
	at com.alibaba.nacos.client.naming.remote.http.NamingHttpClientProxy.reqApi(NamingHttpClientProxy.java:387) [nacos-client-2.1.0.jar:na]
	at com.alibaba.nacos.client.naming.remote.http.NamingHttpClientProxy.serverHealthy(NamingHttpClientProxy.java:317) [nacos-client-2.1.0.jar:na]
	at com.alibaba.nacos.client.naming.remote.NamingClientProxyDelegate.serverHealthy(NamingClientProxyDelegate.java:172) [nacos-client-2.1.0.jar:na]
	at com.alibaba.nacos.client.naming.NacosNamingService.getServerStatus(NacosNamingService.java:450) [nacos-client-2.1.0.jar:na]
	at org.apache.dubbo.registry.nacos.NacosNamingServiceWrapper.getServerStatus(NacosNamingServiceWrapper.java:43) [dubbo-3.0.9.jar:3.0.9]
	at org.apache.dubbo.registry.nacos.NacosRegistry.isAvailable(NacosRegistry.java:146) [dubbo-3.0.9.jar:3.0.9]
	at org.apache.dubbo.registry.ListenerRegistryWrapper.isAvailable(ListenerRegistryWrapper.java:47) [dubbo-3.0.9.jar:3.0.9]
	at org.apache.dubbo.registry.integration.DynamicDirectory.destroy(DynamicDirectory.java:294) [dubbo-3.0.9.jar:3.0.9]
	at org.apache.dubbo.rpc.cluster.support.AbstractClusterInvoker.destroy(AbstractClusterInvoker.java:128) [dubbo-3.0.9.jar:3.0.9]
	at org.apache.dubbo.rpc.cluster.support.wrapper.MockClusterInvoker.destroy(MockClusterInvoker.java:82) [dubbo-3.0.9.jar:3.0.9]
	at org.apache.dubbo.registry.client.migration.MigrationInvoker.destroy(MigrationInvoker.java:325) [dubbo-3.0.9.jar:3.0.9]
	at org.apache.dubbo.config.ReferenceConfig.checkInvokerAvailable(ReferenceConfig.java:535) [dubbo-3.0.9.jar:3.0.9]
	at org.apache.dubbo.config.ReferenceConfig.init(ReferenceConfig.java:293) [dubbo-3.0.9.jar:3.0.9]
	at org.apache.dubbo.config.ReferenceConfig.get(ReferenceConfig.java:219) [dubbo-3.0.9.jar:3.0.9]
	at org.apache.dubbo.config.utils.SimpleReferenceCache.get(SimpleReferenceCache.java:129) [dubbo-3.0.9.jar:3.0.9]
	at org.apache.dubbo.config.deploy.DefaultModuleDeployer.lambda$referServices$6(DefaultModuleDeployer.java:387) [dubbo-3.0.9.jar:3.0.9]
	at java.util.concurrent.ConcurrentHashMap$ValuesView.forEach(ConcurrentHashMap.java:4707) ~[na:1.8.0_202]
	at org.apache.dubbo.config.deploy.DefaultModuleDeployer.referServices(DefaultModuleDeployer.java:367) [dubbo-3.0.9.jar:3.0.9]
	at org.apache.dubbo.config.deploy.DefaultModuleDeployer.start(DefaultModuleDeployer.java:154) [dubbo-3.0.9.jar:3.0.9]
	at org.apache.dubbo.config.spring.context.DubboDeployApplicationListener.onContextRefreshedEvent(DubboDeployApplicationListener.java:111) ~[dubbo-3.0.9.jar:3.0.9]
	at org.apache.dubbo.config.spring.context.DubboDeployApplicationListener.onApplicationEvent(DubboDeployApplicationListener.java:100) ~[dubbo-3.0.9.jar:3.0.9]
	at org.apache.dubbo.config.spring.context.DubboDeployApplicationListener.onApplicationEvent(DubboDeployApplicationListener.java:45) ~[dubbo-3.0.9.jar:3.0.9]
	at org.springframework.context.event.SimpleApplicationEventMulticaster.doInvokeListener(SimpleApplicationEventMulticaster.java:176) ~[spring-context-5.3.20.jar:5.3.20]
	at org.springframework.context.event.SimpleApplicationEventMulticaster.invokeListener(SimpleApplicationEventMulticaster.java:169) ~[spring-context-5.3.20.jar:5.3.20]
	at org.springframework.context.event.SimpleApplicationEventMulticaster.multicastEvent(SimpleApplicationEventMulticaster.java:143) ~[spring-context-5.3.20.jar:5.3.20]
	at org.springframework.context.support.AbstractApplicationContext.publishEvent(AbstractApplicationContext.java:421) ~[spring-context-5.3.20.jar:5.3.20]
	at org.springframework.context.support.AbstractApplicationContext.publishEvent(AbstractApplicationContext.java:378) ~[spring-context-5.3.20.jar:5.3.20]
	at org.springframework.context.support.AbstractApplicationContext.finishRefresh(AbstractApplicationContext.java:938) ~[spring-context-5.3.20.jar:5.3.20]
	at org.springframework.context.support.AbstractApplicationContext.refresh(AbstractApplicationContext.java:586) ~[spring-context-5.3.20.jar:5.3.20]
	at org.springframework.boot.SpringApplication.refresh(SpringApplication.java:734) ~[spring-boot-2.7.0.jar:2.7.0]
	at org.springframework.boot.SpringApplication.refreshContext(SpringApplication.java:408) ~[spring-boot-2.7.0.jar:2.7.0]
	at org.springframework.boot.SpringApplication.run(SpringApplication.java:308) ~[spring-boot-2.7.0.jar:2.7.0]
	at org.springframework.boot.test.context.SpringBootContextLoader.loadContext(SpringBootContextLoader.java:132) ~[spring-boot-test-2.7.0.jar:2.7.0]
	at org.springframework.test.context.cache.DefaultCacheAwareContextLoaderDelegate.loadContextInternal(DefaultCacheAwareContextLoaderDelegate.java:99) ~[spring-test-5.3.20.jar:5.3.20]
	at org.springframework.test.context.cache.DefaultCacheAwareContextLoaderDelegate.loadContext(DefaultCacheAwareContextLoaderDelegate.java:124) ~[spring-test-5.3.20.jar:5.3.20]
	at org.springframework.test.context.support.DefaultTestContext.getApplicationContext(DefaultTestContext.java:124) ~[spring-test-5.3.20.jar:5.3.20]
	at org.springframework.boot.test.autoconfigure.SpringBootDependencyInjectionTestExecutionListener.outputConditionEvaluationReport(SpringBootDependencyInjectionTestExecutionListener.java:53) ~[spring-boot-test-autoconfigure-2.7.0.jar:2.7.0]
	at org.springframework.boot.test.autoconfigure.SpringBootDependencyInjectionTestExecutionListener.prepareTestInstance(SpringBootDependencyInjectionTestExecutionListener.java:46) ~[spring-boot-test-autoconfigure-2.7.0.jar:2.7.0]
	at org.springframework.test.context.TestContextManager.prepareTestInstance(TestContextManager.java:248) ~[spring-test-5.3.20.jar:5.3.20]
	at org.springframework.test.context.junit.jupiter.SpringExtension.postProcessTestInstance(SpringExtension.java:138) ~[spring-test-5.3.20.jar:5.3.20]
	at org.junit.jupiter.engine.descriptor.ClassBasedTestDescriptor.lambda$invokeTestInstancePostProcessors$8(ClassBasedTestDescriptor.java:363) ~[junit-jupiter-engine-5.8.2.jar:5.8.2]
	at org.junit.jupiter.engine.descriptor.ClassBasedTestDescriptor.executeAndMaskThrowable(ClassBasedTestDescriptor.java:368) ~[junit-jupiter-engine-5.8.2.jar:5.8.2]
	at org.junit.jupiter.engine.descriptor.ClassBasedTestDescriptor.lambda$invokeTestInstancePostProcessors$9(ClassBasedTestDescriptor.java:363) ~[junit-jupiter-engine-5.8.2.jar:5.8.2]
	at java.util.stream.ReferencePipeline$3$1.accept(ReferencePipeline.java:193) ~[na:1.8.0_202]
	at java.util.stream.ReferencePipeline$2$1.accept(ReferencePipeline.java:175) ~[na:1.8.0_202]
	at java.util.ArrayList$ArrayListSpliterator.forEachRemaining(ArrayList.java:1382) ~[na:1.8.0_202]
	at java.util.stream.AbstractPipeline.copyInto(AbstractPipeline.java:481) ~[na:1.8.0_202]
	at java.util.stream.AbstractPipeline.wrapAndCopyInto(AbstractPipeline.java:471) ~[na:1.8.0_202]
	at java.util.stream.StreamSpliterators$WrappingSpliterator.forEachRemaining(StreamSpliterators.java:312) ~[na:1.8.0_202]
	at java.util.stream.Streams$ConcatSpliterator.forEachRemaining(Streams.java:743) ~[na:1.8.0_202]
	at java.util.stream.Streams$ConcatSpliterator.forEachRemaining(Streams.java:742) ~[na:1.8.0_202]
	at java.util.stream.ReferencePipeline$Head.forEach(ReferencePipeline.java:580) ~[na:1.8.0_202]
	at org.junit.jupiter.engine.descriptor.ClassBasedTestDescriptor.invokeTestInstancePostProcessors(ClassBasedTestDescriptor.java:362) ~[junit-jupiter-engine-5.8.2.jar:5.8.2]
	at org.junit.jupiter.engine.descriptor.ClassBasedTestDescriptor.lambda$instantiateAndPostProcessTestInstance$6(ClassBasedTestDescriptor.java:283) ~[junit-jupiter-engine-5.8.2.jar:5.8.2]
	at org.junit.platform.engine.support.hierarchical.ThrowableCollector.execute(ThrowableCollector.java:73) ~[junit-platform-engine-1.8.2.jar:1.8.2]
	at org.junit.jupiter.engine.descriptor.ClassBasedTestDescriptor.instantiateAndPostProcessTestInstance(ClassBasedTestDescriptor.java:282) ~[junit-jupiter-engine-5.8.2.jar:5.8.2]
	at org.junit.jupiter.engine.descriptor.ClassBasedTestDescriptor.lambda$testInstancesProvider$4(ClassBasedTestDescriptor.java:272) ~[junit-jupiter-engine-5.8.2.jar:5.8.2]
	at java.util.Optional.orElseGet(Optional.java:267) ~[na:1.8.0_202]
	at org.junit.jupiter.engine.descriptor.ClassBasedTestDescriptor.lambda$testInstancesProvider$5(ClassBasedTestDescriptor.java:271) ~[junit-jupiter-engine-5.8.2.jar:5.8.2]
	at org.junit.jupiter.engine.execution.TestInstancesProvider.getTestInstances(TestInstancesProvider.java:31) ~[junit-jupiter-engine-5.8.2.jar:5.8.2]
	at org.junit.jupiter.engine.descriptor.TestMethodTestDescriptor.lambda$prepare$0(TestMethodTestDescriptor.java:102) ~[junit-jupiter-engine-5.8.2.jar:5.8.2]
	at org.junit.platform.engine.support.hierarchical.ThrowableCollector.execute(ThrowableCollector.java:73) ~[junit-platform-engine-1.8.2.jar:1.8.2]
	at org.junit.jupiter.engine.descriptor.TestMethodTestDescriptor.prepare(TestMethodTestDescriptor.java:101) ~[junit-jupiter-engine-5.8.2.jar:5.8.2]
	at org.junit.jupiter.engine.descriptor.TestMethodTestDescriptor.prepare(TestMethodTestDescriptor.java:66) ~[junit-jupiter-engine-5.8.2.jar:5.8.2]
	at org.junit.platform.engine.support.hierarchical.NodeTestTask.lambda$prepare$2(NodeTestTask.java:123) ~[junit-platform-engine-1.8.2.jar:1.8.2]
	at org.junit.platform.engine.support.hierarchical.ThrowableCollector.execute(ThrowableCollector.java:73) ~[junit-platform-engine-1.8.2.jar:1.8.2]
	at org.junit.platform.engine.support.hierarchical.NodeTestTask.prepare(NodeTestTask.java:123) ~[junit-platform-engine-1.8.2.jar:1.8.2]
	at org.junit.platform.engine.support.hierarchical.NodeTestTask.execute(NodeTestTask.java:90) ~[junit-platform-engine-1.8.2.jar:1.8.2]
	at java.util.ArrayList.forEach(ArrayList.java:1257) ~[na:1.8.0_202]
	at org.junit.platform.engine.support.hierarchical.SameThreadHierarchicalTestExecutorService.invokeAll(SameThreadHierarchicalTestExecutorService.java:41) ~[junit-platform-engine-1.8.2.jar:1.8.2]
	at org.junit.platform.engine.support.hierarchical.NodeTestTask.lambda$executeRecursively$6(NodeTestTask.java:155) ~[junit-platform-engine-1.8.2.jar:1.8.2]
	at org.junit.platform.engine.support.hierarchical.ThrowableCollector.execute(ThrowableCollector.java:73) ~[junit-platform-engine-1.8.2.jar:1.8.2]
	at org.junit.platform.engine.support.hierarchical.NodeTestTask.lambda$executeRecursively$8(NodeTestTask.java:141) ~[junit-platform-engine-1.8.2.jar:1.8.2]
	at org.junit.platform.engine.support.hierarchical.Node.around(Node.java:137) ~[junit-platform-engine-1.8.2.jar:1.8.2]
	at org.junit.platform.engine.support.hierarchical.NodeTestTask.lambda$executeRecursively$9(NodeTestTask.java:139) ~[junit-platform-engine-1.8.2.jar:1.8.2]
	at org.junit.platform.engine.support.hierarchical.ThrowableCollector.execute(ThrowableCollector.java:73) ~[junit-platform-engine-1.8.2.jar:1.8.2]
	at org.junit.platform.engine.support.hierarchical.NodeTestTask.executeRecursively(NodeTestTask.java:138) ~[junit-platform-engine-1.8.2.jar:1.8.2]
	at org.junit.platform.engine.support.hierarchical.NodeTestTask.execute(NodeTestTask.java:95) ~[junit-platform-engine-1.8.2.jar:1.8.2]
	at java.util.ArrayList.forEach(ArrayList.java:1257) ~[na:1.8.0_202]
	at org.junit.platform.engine.support.hierarchical.SameThreadHierarchicalTestExecutorService.invokeAll(SameThreadHierarchicalTestExecutorService.java:41) ~[junit-platform-engine-1.8.2.jar:1.8.2]
	at org.junit.platform.engine.support.hierarchical.NodeTestTask.lambda$executeRecursively$6(NodeTestTask.java:155) ~[junit-platform-engine-1.8.2.jar:1.8.2]
	at org.junit.platform.engine.support.hierarchical.ThrowableCollector.execute(ThrowableCollector.java:73) ~[junit-platform-engine-1.8.2.jar:1.8.2]
	at org.junit.platform.engine.support.hierarchical.NodeTestTask.lambda$executeRecursively$8(NodeTestTask.java:141) ~[junit-platform-engine-1.8.2.jar:1.8.2]
	at org.junit.platform.engine.support.hierarchical.Node.around(Node.java:137) ~[junit-platform-engine-1.8.2.jar:1.8.2]
	at org.junit.platform.engine.support.hierarchical.NodeTestTask.lambda$executeRecursively$9(NodeTestTask.java:139) ~[junit-platform-engine-1.8.2.jar:1.8.2]
	at org.junit.platform.engine.support.hierarchical.ThrowableCollector.execute(ThrowableCollector.java:73) ~[junit-platform-engine-1.8.2.jar:1.8.2]
	at org.junit.platform.engine.support.hierarchical.NodeTestTask.executeRecursively(NodeTestTask.java:138) ~[junit-platform-engine-1.8.2.jar:1.8.2]
	at org.junit.platform.engine.support.hierarchical.NodeTestTask.execute(NodeTestTask.java:95) ~[junit-platform-engine-1.8.2.jar:1.8.2]
	at org.junit.platform.engine.support.hierarchical.SameThreadHierarchicalTestExecutorService.submit(SameThreadHierarchicalTestExecutorService.java:35) ~[junit-platform-engine-1.8.2.jar:1.8.2]
	at org.junit.platform.engine.support.hierarchical.HierarchicalTestExecutor.execute(HierarchicalTestExecutor.java:57) ~[junit-platform-engine-1.8.2.jar:1.8.2]
	at org.junit.platform.engine.support.hierarchical.HierarchicalTestEngine.execute(HierarchicalTestEngine.java:54) ~[junit-platform-engine-1.8.2.jar:1.8.2]
	at org.junit.platform.launcher.core.DefaultLauncher.execute(DefaultLauncher.java:220) ~[junit-platform-launcher-1.3.1.jar:1.3.1]
	at org.junit.platform.launcher.core.DefaultLauncher.lambda$execute$6(DefaultLauncher.java:188) ~[junit-platform-launcher-1.3.1.jar:1.3.1]
	at org.junit.platform.launcher.core.DefaultLauncher.withInterceptedStreams(DefaultLauncher.java:202) ~[junit-platform-launcher-1.3.1.jar:1.3.1]
	at org.junit.platform.launcher.core.DefaultLauncher.execute(DefaultLauncher.java:181) ~[junit-platform-launcher-1.3.1.jar:1.3.1]
	at org.junit.platform.launcher.core.DefaultLauncher.execute(DefaultLauncher.java:128) ~[junit-platform-launcher-1.3.1.jar:1.3.1]
	at org.apache.maven.surefire.junitplatform.JUnitPlatformProvider.invokeAllTests(JUnitPlatformProvider.java:150) ~[surefire-junit-platform-2.22.2.jar:2.22.2]
	at org.apache.maven.surefire.junitplatform.JUnitPlatformProvider.invoke(JUnitPlatformProvider.java:124) ~[surefire-junit-platform-2.22.2.jar:2.22.2]
	at org.apache.maven.surefire.booter.ForkedBooter.invokeProviderInSameClassLoader(ForkedBooter.java:384) ~[surefire-booter-2.22.2.jar:2.22.2]
	at org.apache.maven.surefire.booter.ForkedBooter.runSuitesInProcess(ForkedBooter.java:345) ~[surefire-booter-2.22.2.jar:2.22.2]
	at org.apache.maven.surefire.booter.ForkedBooter.execute(ForkedBooter.java:126) ~[surefire-booter-2.22.2.jar:2.22.2]
	at org.apache.maven.surefire.booter.ForkedBooter.main(ForkedBooter.java:418) ~[surefire-booter-2.22.2.jar:2.22.2]

2023-10-15 16:19:28.985 ERROR 19020 --- [t.remote.worker] c.a.n.c.remote.client.grpc.GrpcClient    : Server check fail, please check server localhost ,port 9848 is available , error ={}

java.util.concurrent.TimeoutException: Waited 3000 milliseconds (plus 10 milliseconds, 71800 nanoseconds delay) for com.alibaba.nacos.shaded.io.grpc.stub.ClientCalls$GrpcFuture@4922a59b[status=PENDING, info=[GrpcFuture{clientCall={delegate={delegate=ClientCallImpl{method=MethodDescriptor{fullMethodName=Request/request, type=UNARY, idempotent=false, safe=false, sampledToLocalTracing=true, requestMarshaller=com.alibaba.nacos.shaded.io.grpc.protobuf.lite.ProtoLiteUtils$MessageMarshaller@25a94b55, responseMarshaller=com.alibaba.nacos.shaded.io.grpc.protobuf.lite.ProtoLiteUtils$MessageMarshaller@6adc5b9c, schemaDescriptor=com.alibaba.nacos.api.grpc.auto.RequestGrpc$RequestMethodDescriptorSupplier@19c1820d}}}}}]]
	at com.alibaba.nacos.shaded.com.google.common.util.concurrent.AbstractFuture.get(AbstractFuture.java:508) ~[nacos-client-2.1.0.jar:na]
	at com.alibaba.nacos.common.remote.client.grpc.GrpcClient.serverCheck(GrpcClient.java:192) [nacos-client-2.1.0.jar:na]
	at com.alibaba.nacos.common.remote.client.grpc.GrpcClient.connectToServer(GrpcClient.java:302) [nacos-client-2.1.0.jar:na]
	at com.alibaba.nacos.common.remote.client.RpcClient.reconnect(RpcClient.java:521) [nacos-client-2.1.0.jar:na]
	at com.alibaba.nacos.common.remote.client.RpcClient.lambda$start$2(RpcClient.java:369) [nacos-client-2.1.0.jar:na]
	at java.util.concurrent.Executors$RunnableAdapter.call(Executors.java:511) ~[na:1.8.0_202]
	at java.util.concurrent.FutureTask.run(FutureTask.java:266) ~[na:1.8.0_202]
	at java.util.concurrent.ScheduledThreadPoolExecutor$ScheduledFutureTask.access$201(ScheduledThreadPoolExecutor.java:180) ~[na:1.8.0_202]
	at java.util.concurrent.ScheduledThreadPoolExecutor$ScheduledFutureTask.run(ScheduledThreadPoolExecutor.java:293) ~[na:1.8.0_202]
	at java.util.concurrent.ThreadPoolExecutor.runWorker(ThreadPoolExecutor.java:1149) ~[na:1.8.0_202]
	at java.util.concurrent.ThreadPoolExecutor$Worker.run(ThreadPoolExecutor.java:624) ~[na:1.8.0_202]
	at java.lang.Thread.run(Thread.java:748) ~[na:1.8.0_202]

2023-10-15 16:19:28.985  INFO 19020 --- [t.remote.worker] com.alibaba.nacos.common.remote.client   : [3f090fb1-55c6-4fe3-8377-8b3ac52cd4b0_config-0] Fail to connect server, after trying 8 times, last try server is {serverIp = 'localhost', server main port = 8848}, error = unknown
2023-10-15 16:19:29.235 ERROR 19020 --- [s.client.Worker] com.alibaba.nacos.common.remote.client   : Send request fail, request = ConfigBatchListenRequest{headers={charset=UTF-8, Client-AppName=unknown, Client-RequestToken=5b5a4bd3b339e00b0f13f88f249a821d, Client-RequestTS=1697357969126, exConfigInfo=true}, requestId='null'}, retryTimes = 0, errorMessage = Client not connected, current status:STARTING
2023-10-15 16:19:29.311  WARN 19020 --- [ing.grpc.redo.0] com.alibaba.nacos.client.naming          : Grpc Connection is disconnect, skip current redo task
2023-10-15 16:19:29.342 ERROR 19020 --- [s.client.Worker] com.alibaba.nacos.common.remote.client   : Send request fail, request = ConfigBatchListenRequest{headers={charset=UTF-8, Client-AppName=unknown, Client-RequestToken=5b5a4bd3b339e00b0f13f88f249a821d, Client-RequestTS=1697357969126, exConfigInfo=true}, requestId='null'}, retryTimes = 1, errorMessage = Client not connected, current status:STARTING
2023-10-15 16:19:29.435 ERROR 19020 --- [t.remote.worker] c.a.n.c.remote.client.grpc.GrpcClient    : Server check fail, please check server localhost ,port 9848 is available , error ={}

java.util.concurrent.TimeoutException: Waited 3000 milliseconds (plus 1 milliseconds, 190800 nanoseconds delay) for com.alibaba.nacos.shaded.io.grpc.stub.ClientCalls$GrpcFuture@176f9d5c[status=PENDING, info=[GrpcFuture{clientCall={delegate={delegate=ClientCallImpl{method=MethodDescriptor{fullMethodName=Request/request, type=UNARY, idempotent=false, safe=false, sampledToLocalTracing=true, requestMarshaller=com.alibaba.nacos.shaded.io.grpc.protobuf.lite.ProtoLiteUtils$MessageMarshaller@25a94b55, responseMarshaller=com.alibaba.nacos.shaded.io.grpc.protobuf.lite.ProtoLiteUtils$MessageMarshaller@6adc5b9c, schemaDescriptor=com.alibaba.nacos.api.grpc.auto.RequestGrpc$RequestMethodDescriptorSupplier@19c1820d}}}}}]]
	at com.alibaba.nacos.shaded.com.google.common.util.concurrent.AbstractFuture.get(AbstractFuture.java:508) ~[nacos-client-2.1.0.jar:na]
	at com.alibaba.nacos.common.remote.client.grpc.GrpcClient.serverCheck(GrpcClient.java:192) [nacos-client-2.1.0.jar:na]
	at com.alibaba.nacos.common.remote.client.grpc.GrpcClient.connectToServer(GrpcClient.java:302) [nacos-client-2.1.0.jar:na]
	at com.alibaba.nacos.common.remote.client.RpcClient.reconnect(RpcClient.java:521) [nacos-client-2.1.0.jar:na]
	at com.alibaba.nacos.common.remote.client.RpcClient.lambda$start$2(RpcClient.java:369) [nacos-client-2.1.0.jar:na]
	at java.util.concurrent.Executors$RunnableAdapter.call(Executors.java:511) ~[na:1.8.0_202]
	at java.util.concurrent.FutureTask.run(FutureTask.java:266) ~[na:1.8.0_202]
	at java.util.concurrent.ScheduledThreadPoolExecutor$ScheduledFutureTask.access$201(ScheduledThreadPoolExecutor.java:180) ~[na:1.8.0_202]
	at java.util.concurrent.ScheduledThreadPoolExecutor$ScheduledFutureTask.run(ScheduledThreadPoolExecutor.java:293) ~[na:1.8.0_202]
	at java.util.concurrent.ThreadPoolExecutor.runWorker(ThreadPoolExecutor.java:1149) ~[na:1.8.0_202]
	at java.util.concurrent.ThreadPoolExecutor$Worker.run(ThreadPoolExecutor.java:624) ~[na:1.8.0_202]
	at java.lang.Thread.run(Thread.java:748) ~[na:1.8.0_202]

2023-10-15 16:19:29.435  INFO 19020 --- [t.remote.worker] com.alibaba.nacos.common.remote.client   : [3b7876bc-3d8f-4bce-b2f6-42ad5540381f] Fail to connect server, after trying 1 times, last try server is {serverIp = 'localhost', server main port = 8848}, error = unknown
2023-10-15 16:19:29.451 ERROR 19020 --- [s.client.Worker] com.alibaba.nacos.common.remote.client   : Send request fail, request = ConfigBatchListenRequest{headers={charset=UTF-8, Client-AppName=unknown, Client-RequestToken=5b5a4bd3b339e00b0f13f88f249a821d, Client-RequestTS=1697357969126, exConfigInfo=true}, requestId='null'}, retryTimes = 2, errorMessage = Client not connected, current status:STARTING
2023-10-15 16:19:29.451 ERROR 19020 --- [s.client.Worker] c.a.n.client.config.impl.ClientWorker    : Async listen config change error 

com.alibaba.nacos.api.exception.NacosException: Client not connected, current status:STARTING
	at com.alibaba.nacos.common.remote.client.RpcClient.request(RpcClient.java:651) ~[nacos-client-2.1.0.jar:na]
	at com.alibaba.nacos.client.config.impl.ClientWorker$ConfigRpcTransportClient.requestProxy(ClientWorker.java:1005) [nacos-client-2.1.0.jar:na]
	at com.alibaba.nacos.client.config.impl.ClientWorker$ConfigRpcTransportClient.requestProxy(ClientWorker.java:986) [nacos-client-2.1.0.jar:na]
	at com.alibaba.nacos.client.config.impl.ClientWorker$ConfigRpcTransportClient.executeConfigListen(ClientWorker.java:777) [nacos-client-2.1.0.jar:na]
	at com.alibaba.nacos.client.config.impl.ClientWorker$ConfigRpcTransportClient.lambda$startInternal$2(ClientWorker.java:695) [nacos-client-2.1.0.jar:na]
	at java.util.concurrent.Executors$RunnableAdapter.call(Executors.java:511) ~[na:1.8.0_202]
	at java.util.concurrent.FutureTask.run(FutureTask.java:266) ~[na:1.8.0_202]
	at java.util.concurrent.ScheduledThreadPoolExecutor$ScheduledFutureTask.access$201(ScheduledThreadPoolExecutor.java:180) ~[na:1.8.0_202]
	at java.util.concurrent.ScheduledThreadPoolExecutor$ScheduledFutureTask.run(ScheduledThreadPoolExecutor.java:293) ~[na:1.8.0_202]
	at java.util.concurrent.ThreadPoolExecutor.runWorker(ThreadPoolExecutor.java:1149) ~[na:1.8.0_202]
	at java.util.concurrent.ThreadPoolExecutor$Worker.run(ThreadPoolExecutor.java:624) ~[na:1.8.0_202]
	at java.lang.Thread.run(Thread.java:748) ~[na:1.8.0_202]

2023-10-15 16:19:29.483 ERROR 19020 --- [t.remote.worker] c.a.n.c.remote.client.grpc.GrpcClient    : Server check fail, please check server localhost ,port 9848 is available , error ={}

java.util.concurrent.TimeoutException: Waited 3000 milliseconds (plus 2 milliseconds, 101900 nanoseconds delay) for com.alibaba.nacos.shaded.io.grpc.stub.ClientCalls$GrpcFuture@6013dc74[status=PENDING, info=[GrpcFuture{clientCall={delegate={delegate=ClientCallImpl{method=MethodDescriptor{fullMethodName=Request/request, type=UNARY, idempotent=false, safe=false, sampledToLocalTracing=true, requestMarshaller=com.alibaba.nacos.shaded.io.grpc.protobuf.lite.ProtoLiteUtils$MessageMarshaller@25a94b55, responseMarshaller=com.alibaba.nacos.shaded.io.grpc.protobuf.lite.ProtoLiteUtils$MessageMarshaller@6adc5b9c, schemaDescriptor=com.alibaba.nacos.api.grpc.auto.RequestGrpc$RequestMethodDescriptorSupplier@19c1820d}}}}}]]
	at com.alibaba.nacos.shaded.com.google.common.util.concurrent.AbstractFuture.get(AbstractFuture.java:508) ~[nacos-client-2.1.0.jar:na]
	at com.alibaba.nacos.common.remote.client.grpc.GrpcClient.serverCheck(GrpcClient.java:192) [nacos-client-2.1.0.jar:na]
	at com.alibaba.nacos.common.remote.client.grpc.GrpcClient.connectToServer(GrpcClient.java:302) [nacos-client-2.1.0.jar:na]
	at com.alibaba.nacos.common.remote.client.RpcClient.reconnect(RpcClient.java:521) [nacos-client-2.1.0.jar:na]
	at com.alibaba.nacos.common.remote.client.RpcClient.lambda$start$2(RpcClient.java:369) [nacos-client-2.1.0.jar:na]
	at java.util.concurrent.Executors$RunnableAdapter.call(Executors.java:511) ~[na:1.8.0_202]
	at java.util.concurrent.FutureTask.run(FutureTask.java:266) ~[na:1.8.0_202]
	at java.util.concurrent.ScheduledThreadPoolExecutor$ScheduledFutureTask.access$201(ScheduledThreadPoolExecutor.java:180) ~[na:1.8.0_202]
	at java.util.concurrent.ScheduledThreadPoolExecutor$ScheduledFutureTask.run(ScheduledThreadPoolExecutor.java:293) ~[na:1.8.0_202]
	at java.util.concurrent.ThreadPoolExecutor.runWorker(ThreadPoolExecutor.java:1149) ~[na:1.8.0_202]
	at java.util.concurrent.ThreadPoolExecutor$Worker.run(ThreadPoolExecutor.java:624) ~[na:1.8.0_202]
	at java.lang.Thread.run(Thread.java:748) ~[na:1.8.0_202]

2023-10-15 16:19:29.483  INFO 19020 --- [t.remote.worker] com.alibaba.nacos.common.remote.client   : [1a62660d-ae49-4a8f-8c45-670f650afaa8] Fail to connect server, after trying 18 times, last try server is {serverIp = 'localhost', server main port = 8848}, error = unknown
2023-10-15 16:19:29.952  WARN 19020 --- [ing.grpc.redo.0] com.alibaba.nacos.client.naming          : Grpc Connection is disconnect, skip current redo task
2023-10-15 16:19:29.998 ERROR 19020 --- [s.client.Worker] c.a.n.c.remote.client.grpc.GrpcClient    : Server check fail, please check server localhost ,port 9848 is available , error ={}

java.util.concurrent.TimeoutException: Waited 3000 milliseconds (plus 8 milliseconds, 721400 nanoseconds delay) for com.alibaba.nacos.shaded.io.grpc.stub.ClientCalls$GrpcFuture@1457a9b5[status=PENDING, info=[GrpcFuture{clientCall={delegate={delegate=ClientCallImpl{method=MethodDescriptor{fullMethodName=Request/request, type=UNARY, idempotent=false, safe=false, sampledToLocalTracing=true, requestMarshaller=com.alibaba.nacos.shaded.io.grpc.protobuf.lite.ProtoLiteUtils$MessageMarshaller@25a94b55, responseMarshaller=com.alibaba.nacos.shaded.io.grpc.protobuf.lite.ProtoLiteUtils$MessageMarshaller@6adc5b9c, schemaDescriptor=com.alibaba.nacos.api.grpc.auto.RequestGrpc$RequestMethodDescriptorSupplier@19c1820d}}}}}]]
	at com.alibaba.nacos.shaded.com.google.common.util.concurrent.AbstractFuture.get(AbstractFuture.java:508) ~[nacos-client-2.1.0.jar:na]
	at com.alibaba.nacos.common.remote.client.grpc.GrpcClient.serverCheck(GrpcClient.java:192) [nacos-client-2.1.0.jar:na]
	at com.alibaba.nacos.common.remote.client.grpc.GrpcClient.connectToServer(GrpcClient.java:302) [nacos-client-2.1.0.jar:na]
	at com.alibaba.nacos.common.remote.client.RpcClient.start(RpcClient.java:389) [nacos-client-2.1.0.jar:na]
	at com.alibaba.nacos.client.config.impl.ClientWorker$ConfigRpcTransportClient.ensureRpcClient(ClientWorker.java:885) [nacos-client-2.1.0.jar:na]
	at com.alibaba.nacos.client.config.impl.ClientWorker$ConfigRpcTransportClient.executeConfigListen(ClientWorker.java:776) [nacos-client-2.1.0.jar:na]
	at com.alibaba.nacos.client.config.impl.ClientWorker$ConfigRpcTransportClient.lambda$startInternal$2(ClientWorker.java:695) [nacos-client-2.1.0.jar:na]
	at java.util.concurrent.Executors$RunnableAdapter.call(Executors.java:511) ~[na:1.8.0_202]
	at java.util.concurrent.FutureTask.run(FutureTask.java:266) ~[na:1.8.0_202]
	at java.util.concurrent.ScheduledThreadPoolExecutor$ScheduledFutureTask.access$201(ScheduledThreadPoolExecutor.java:180) ~[na:1.8.0_202]
	at java.util.concurrent.ScheduledThreadPoolExecutor$ScheduledFutureTask.run(ScheduledThreadPoolExecutor.java:293) ~[na:1.8.0_202]
	at java.util.concurrent.ThreadPoolExecutor.runWorker(ThreadPoolExecutor.java:1149) ~[na:1.8.0_202]
	at java.util.concurrent.ThreadPoolExecutor$Worker.run(ThreadPoolExecutor.java:624) ~[na:1.8.0_202]
	at java.lang.Thread.run(Thread.java:748) ~[na:1.8.0_202]

2023-10-15 16:19:29.998  INFO 19020 --- [s.client.Worker] com.alibaba.nacos.common.remote.client   : [2e82097d-839e-4c47-b0ae-93ab445c6d13_config-0] Try to connect to server on start up, server: {serverIp = 'localhost', server main port = 8848}
2023-10-15 16:19:30.263  WARN 19020 --- [ing.grpc.redo.0] com.alibaba.nacos.client.naming          : Grpc Connection is disconnect, skip current redo task
2023-10-15 16:19:30.691 ERROR 19020 --- [t.remote.worker] c.a.n.c.remote.client.grpc.GrpcClient    : Server check fail, please check server localhost ,port 9848 is available , error ={}

java.util.concurrent.TimeoutException: Waited 3000 milliseconds (plus 13 milliseconds, 990000 nanoseconds delay) for com.alibaba.nacos.shaded.io.grpc.stub.ClientCalls$GrpcFuture@4dc6ece[status=PENDING, info=[GrpcFuture{clientCall={delegate={delegate=ClientCallImpl{method=MethodDescriptor{fullMethodName=Request/request, type=UNARY, idempotent=false, safe=false, sampledToLocalTracing=true, requestMarshaller=com.alibaba.nacos.shaded.io.grpc.protobuf.lite.ProtoLiteUtils$MessageMarshaller@25a94b55, responseMarshaller=com.alibaba.nacos.shaded.io.grpc.protobuf.lite.ProtoLiteUtils$MessageMarshaller@6adc5b9c, schemaDescriptor=com.alibaba.nacos.api.grpc.auto.RequestGrpc$RequestMethodDescriptorSupplier@19c1820d}}}}}]]
	at com.alibaba.nacos.shaded.com.google.common.util.concurrent.AbstractFuture.get(AbstractFuture.java:508) ~[nacos-client-2.1.0.jar:na]
	at com.alibaba.nacos.common.remote.client.grpc.GrpcClient.serverCheck(GrpcClient.java:192) [nacos-client-2.1.0.jar:na]
	at com.alibaba.nacos.common.remote.client.grpc.GrpcClient.connectToServer(GrpcClient.java:302) [nacos-client-2.1.0.jar:na]
	at com.alibaba.nacos.common.remote.client.RpcClient.reconnect(RpcClient.java:521) [nacos-client-2.1.0.jar:na]
	at com.alibaba.nacos.common.remote.client.RpcClient.lambda$start$2(RpcClient.java:369) [nacos-client-2.1.0.jar:na]
	at java.util.concurrent.Executors$RunnableAdapter.call(Executors.java:511) ~[na:1.8.0_202]
	at java.util.concurrent.FutureTask.run(FutureTask.java:266) ~[na:1.8.0_202]
	at java.util.concurrent.ScheduledThreadPoolExecutor$ScheduledFutureTask.access$201(ScheduledThreadPoolExecutor.java:180) ~[na:1.8.0_202]
	at java.util.concurrent.ScheduledThreadPoolExecutor$ScheduledFutureTask.run(ScheduledThreadPoolExecutor.java:293) ~[na:1.8.0_202]
	at java.util.concurrent.ThreadPoolExecutor.runWorker(ThreadPoolExecutor.java:1149) ~[na:1.8.0_202]
	at java.util.concurrent.ThreadPoolExecutor$Worker.run(ThreadPoolExecutor.java:624) ~[na:1.8.0_202]
	at java.lang.Thread.run(Thread.java:748) ~[na:1.8.0_202]

2023-10-15 16:19:30.691  INFO 19020 --- [t.remote.worker] com.alibaba.nacos.common.remote.client   : [fe9b996a-7e47-43fe-ad06-6dbc78424a39_config-0] Fail to connect server, after trying 13 times, last try server is {serverIp = 'localhost', server main port = 8848}, error = unknown
2023-10-15 16:19:30.707 ERROR 19020 --- [           main] com.alibaba.nacos.client.naming          : [NA] failed to request

java.net.ConnectException: Connection refused: connect
	at java.net.DualStackPlainSocketImpl.waitForConnect(Native Method) ~[na:1.8.0_202]
	at java.net.DualStackPlainSocketImpl.socketConnect(DualStackPlainSocketImpl.java:85) ~[na:1.8.0_202]
	at java.net.AbstractPlainSocketImpl.doConnect(AbstractPlainSocketImpl.java:350) ~[na:1.8.0_202]
	at java.net.AbstractPlainSocketImpl.connectToAddress(AbstractPlainSocketImpl.java:206) ~[na:1.8.0_202]
	at java.net.AbstractPlainSocketImpl.connect(AbstractPlainSocketImpl.java:188) ~[na:1.8.0_202]
	at java.net.PlainSocketImpl.connect(PlainSocketImpl.java:172) ~[na:1.8.0_202]
	at java.net.SocksSocketImpl.connect(SocksSocketImpl.java:392) ~[na:1.8.0_202]
	at java.net.Socket.connect(Socket.java:589) ~[na:1.8.0_202]
	at sun.net.NetworkClient.doConnect(NetworkClient.java:175) ~[na:1.8.0_202]
	at sun.net.www.http.HttpClient.openServer(HttpClient.java:463) ~[na:1.8.0_202]
	at sun.net.www.http.HttpClient.openServer(HttpClient.java:558) ~[na:1.8.0_202]
	at sun.net.www.http.HttpClient.<init>(HttpClient.java:242) ~[na:1.8.0_202]
	at sun.net.www.http.HttpClient.New(HttpClient.java:339) ~[na:1.8.0_202]
	at sun.net.www.http.HttpClient.New(HttpClient.java:357) ~[na:1.8.0_202]
	at sun.net.www.protocol.http.HttpURLConnection.getNewHttpClient(HttpURLConnection.java:1220) ~[na:1.8.0_202]
	at sun.net.www.protocol.http.HttpURLConnection.plainConnect0(HttpURLConnection.java:1156) ~[na:1.8.0_202]
	at sun.net.www.protocol.http.HttpURLConnection.plainConnect(HttpURLConnection.java:1050) ~[na:1.8.0_202]
	at sun.net.www.protocol.http.HttpURLConnection.connect(HttpURLConnection.java:984) ~[na:1.8.0_202]
	at com.alibaba.nacos.common.http.client.request.JdkHttpClientRequest.execute(JdkHttpClientRequest.java:114) ~[nacos-client-2.1.0.jar:na]
	at com.alibaba.nacos.common.http.client.NacosRestTemplate.execute(NacosRestTemplate.java:482) ~[nacos-client-2.1.0.jar:na]
	at com.alibaba.nacos.common.http.client.NacosRestTemplate.exchangeForm(NacosRestTemplate.java:427) ~[nacos-client-2.1.0.jar:na]
	at com.alibaba.nacos.client.naming.remote.http.NamingHttpClientProxy.callServer(NamingHttpClientProxy.java:488) [nacos-client-2.1.0.jar:na]
	at com.alibaba.nacos.client.naming.remote.http.NamingHttpClientProxy.reqApi(NamingHttpClientProxy.java:421) [nacos-client-2.1.0.jar:na]
	at com.alibaba.nacos.client.naming.remote.http.NamingHttpClientProxy.reqApi(NamingHttpClientProxy.java:392) [nacos-client-2.1.0.jar:na]
	at com.alibaba.nacos.client.naming.remote.http.NamingHttpClientProxy.reqApi(NamingHttpClientProxy.java:387) [nacos-client-2.1.0.jar:na]
	at com.alibaba.nacos.client.naming.remote.http.NamingHttpClientProxy.serverHealthy(NamingHttpClientProxy.java:317) [nacos-client-2.1.0.jar:na]
	at com.alibaba.nacos.client.naming.remote.NamingClientProxyDelegate.serverHealthy(NamingClientProxyDelegate.java:172) [nacos-client-2.1.0.jar:na]
	at com.alibaba.nacos.client.naming.NacosNamingService.getServerStatus(NacosNamingService.java:450) [nacos-client-2.1.0.jar:na]
	at org.apache.dubbo.registry.nacos.NacosNamingServiceWrapper.getServerStatus(NacosNamingServiceWrapper.java:43) [dubbo-3.0.9.jar:3.0.9]
	at org.apache.dubbo.registry.nacos.NacosRegistry.isAvailable(NacosRegistry.java:146) [dubbo-3.0.9.jar:3.0.9]
	at org.apache.dubbo.registry.ListenerRegistryWrapper.isAvailable(ListenerRegistryWrapper.java:47) [dubbo-3.0.9.jar:3.0.9]
	at org.apache.dubbo.registry.integration.DynamicDirectory.destroy(DynamicDirectory.java:294) [dubbo-3.0.9.jar:3.0.9]
	at org.apache.dubbo.rpc.cluster.support.AbstractClusterInvoker.destroy(AbstractClusterInvoker.java:128) [dubbo-3.0.9.jar:3.0.9]
	at org.apache.dubbo.rpc.cluster.support.wrapper.MockClusterInvoker.destroy(MockClusterInvoker.java:82) [dubbo-3.0.9.jar:3.0.9]
	at org.apache.dubbo.registry.client.migration.MigrationInvoker.destroy(MigrationInvoker.java:325) [dubbo-3.0.9.jar:3.0.9]
	at org.apache.dubbo.config.ReferenceConfig.checkInvokerAvailable(ReferenceConfig.java:535) [dubbo-3.0.9.jar:3.0.9]
	at org.apache.dubbo.config.ReferenceConfig.init(ReferenceConfig.java:293) [dubbo-3.0.9.jar:3.0.9]
	at org.apache.dubbo.config.ReferenceConfig.get(ReferenceConfig.java:219) [dubbo-3.0.9.jar:3.0.9]
	at org.apache.dubbo.config.utils.SimpleReferenceCache.get(SimpleReferenceCache.java:129) [dubbo-3.0.9.jar:3.0.9]
	at org.apache.dubbo.config.deploy.DefaultModuleDeployer.lambda$referServices$6(DefaultModuleDeployer.java:387) [dubbo-3.0.9.jar:3.0.9]
	at java.util.concurrent.ConcurrentHashMap$ValuesView.forEach(ConcurrentHashMap.java:4707) ~[na:1.8.0_202]
	at org.apache.dubbo.config.deploy.DefaultModuleDeployer.referServices(DefaultModuleDeployer.java:367) [dubbo-3.0.9.jar:3.0.9]
	at org.apache.dubbo.config.deploy.DefaultModuleDeployer.start(DefaultModuleDeployer.java:154) [dubbo-3.0.9.jar:3.0.9]
	at org.apache.dubbo.config.spring.context.DubboDeployApplicationListener.onContextRefreshedEvent(DubboDeployApplicationListener.java:111) ~[dubbo-3.0.9.jar:3.0.9]
	at org.apache.dubbo.config.spring.context.DubboDeployApplicationListener.onApplicationEvent(DubboDeployApplicationListener.java:100) ~[dubbo-3.0.9.jar:3.0.9]
	at org.apache.dubbo.config.spring.context.DubboDeployApplicationListener.onApplicationEvent(DubboDeployApplicationListener.java:45) ~[dubbo-3.0.9.jar:3.0.9]
	at org.springframework.context.event.SimpleApplicationEventMulticaster.doInvokeListener(SimpleApplicationEventMulticaster.java:176) ~[spring-context-5.3.20.jar:5.3.20]
	at org.springframework.context.event.SimpleApplicationEventMulticaster.invokeListener(SimpleApplicationEventMulticaster.java:169) ~[spring-context-5.3.20.jar:5.3.20]
	at org.springframework.context.event.SimpleApplicationEventMulticaster.multicastEvent(SimpleApplicationEventMulticaster.java:143) ~[spring-context-5.3.20.jar:5.3.20]
	at org.springframework.context.support.AbstractApplicationContext.publishEvent(AbstractApplicationContext.java:421) ~[spring-context-5.3.20.jar:5.3.20]
	at org.springframework.context.support.AbstractApplicationContext.publishEvent(AbstractApplicationContext.java:378) ~[spring-context-5.3.20.jar:5.3.20]
	at org.springframework.context.support.AbstractApplicationContext.finishRefresh(AbstractApplicationContext.java:938) ~[spring-context-5.3.20.jar:5.3.20]
	at org.springframework.context.support.AbstractApplicationContext.refresh(AbstractApplicationContext.java:586) ~[spring-context-5.3.20.jar:5.3.20]
	at org.springframework.boot.SpringApplication.refresh(SpringApplication.java:734) ~[spring-boot-2.7.0.jar:2.7.0]
	at org.springframework.boot.SpringApplication.refreshContext(SpringApplication.java:408) ~[spring-boot-2.7.0.jar:2.7.0]
	at org.springframework.boot.SpringApplication.run(SpringApplication.java:308) ~[spring-boot-2.7.0.jar:2.7.0]
	at org.springframework.boot.test.context.SpringBootContextLoader.loadContext(SpringBootContextLoader.java:132) ~[spring-boot-test-2.7.0.jar:2.7.0]
	at org.springframework.test.context.cache.DefaultCacheAwareContextLoaderDelegate.loadContextInternal(DefaultCacheAwareContextLoaderDelegate.java:99) ~[spring-test-5.3.20.jar:5.3.20]
	at org.springframework.test.context.cache.DefaultCacheAwareContextLoaderDelegate.loadContext(DefaultCacheAwareContextLoaderDelegate.java:124) ~[spring-test-5.3.20.jar:5.3.20]
	at org.springframework.test.context.support.DefaultTestContext.getApplicationContext(DefaultTestContext.java:124) ~[spring-test-5.3.20.jar:5.3.20]
	at org.springframework.boot.test.autoconfigure.SpringBootDependencyInjectionTestExecutionListener.outputConditionEvaluationReport(SpringBootDependencyInjectionTestExecutionListener.java:53) ~[spring-boot-test-autoconfigure-2.7.0.jar:2.7.0]
	at org.springframework.boot.test.autoconfigure.SpringBootDependencyInjectionTestExecutionListener.prepareTestInstance(SpringBootDependencyInjectionTestExecutionListener.java:46) ~[spring-boot-test-autoconfigure-2.7.0.jar:2.7.0]
	at org.springframework.test.context.TestContextManager.prepareTestInstance(TestContextManager.java:248) ~[spring-test-5.3.20.jar:5.3.20]
	at org.springframework.test.context.junit.jupiter.SpringExtension.postProcessTestInstance(SpringExtension.java:138) ~[spring-test-5.3.20.jar:5.3.20]
	at org.junit.jupiter.engine.descriptor.ClassBasedTestDescriptor.lambda$invokeTestInstancePostProcessors$8(ClassBasedTestDescriptor.java:363) ~[junit-jupiter-engine-5.8.2.jar:5.8.2]
	at org.junit.jupiter.engine.descriptor.ClassBasedTestDescriptor.executeAndMaskThrowable(ClassBasedTestDescriptor.java:368) ~[junit-jupiter-engine-5.8.2.jar:5.8.2]
	at org.junit.jupiter.engine.descriptor.ClassBasedTestDescriptor.lambda$invokeTestInstancePostProcessors$9(ClassBasedTestDescriptor.java:363) ~[junit-jupiter-engine-5.8.2.jar:5.8.2]
	at java.util.stream.ReferencePipeline$3$1.accept(ReferencePipeline.java:193) ~[na:1.8.0_202]
	at java.util.stream.ReferencePipeline$2$1.accept(ReferencePipeline.java:175) ~[na:1.8.0_202]
	at java.util.ArrayList$ArrayListSpliterator.forEachRemaining(ArrayList.java:1382) ~[na:1.8.0_202]
	at java.util.stream.AbstractPipeline.copyInto(AbstractPipeline.java:481) ~[na:1.8.0_202]
	at java.util.stream.AbstractPipeline.wrapAndCopyInto(AbstractPipeline.java:471) ~[na:1.8.0_202]
	at java.util.stream.StreamSpliterators$WrappingSpliterator.forEachRemaining(StreamSpliterators.java:312) ~[na:1.8.0_202]
	at java.util.stream.Streams$ConcatSpliterator.forEachRemaining(Streams.java:743) ~[na:1.8.0_202]
	at java.util.stream.Streams$ConcatSpliterator.forEachRemaining(Streams.java:742) ~[na:1.8.0_202]
	at java.util.stream.ReferencePipeline$Head.forEach(ReferencePipeline.java:580) ~[na:1.8.0_202]
	at org.junit.jupiter.engine.descriptor.ClassBasedTestDescriptor.invokeTestInstancePostProcessors(ClassBasedTestDescriptor.java:362) ~[junit-jupiter-engine-5.8.2.jar:5.8.2]
	at org.junit.jupiter.engine.descriptor.ClassBasedTestDescriptor.lambda$instantiateAndPostProcessTestInstance$6(ClassBasedTestDescriptor.java:283) ~[junit-jupiter-engine-5.8.2.jar:5.8.2]
	at org.junit.platform.engine.support.hierarchical.ThrowableCollector.execute(ThrowableCollector.java:73) ~[junit-platform-engine-1.8.2.jar:1.8.2]
	at org.junit.jupiter.engine.descriptor.ClassBasedTestDescriptor.instantiateAndPostProcessTestInstance(ClassBasedTestDescriptor.java:282) ~[junit-jupiter-engine-5.8.2.jar:5.8.2]
	at org.junit.jupiter.engine.descriptor.ClassBasedTestDescriptor.lambda$testInstancesProvider$4(ClassBasedTestDescriptor.java:272) ~[junit-jupiter-engine-5.8.2.jar:5.8.2]
	at java.util.Optional.orElseGet(Optional.java:267) ~[na:1.8.0_202]
	at org.junit.jupiter.engine.descriptor.ClassBasedTestDescriptor.lambda$testInstancesProvider$5(ClassBasedTestDescriptor.java:271) ~[junit-jupiter-engine-5.8.2.jar:5.8.2]
	at org.junit.jupiter.engine.execution.TestInstancesProvider.getTestInstances(TestInstancesProvider.java:31) ~[junit-jupiter-engine-5.8.2.jar:5.8.2]
	at org.junit.jupiter.engine.descriptor.TestMethodTestDescriptor.lambda$prepare$0(TestMethodTestDescriptor.java:102) ~[junit-jupiter-engine-5.8.2.jar:5.8.2]
	at org.junit.platform.engine.support.hierarchical.ThrowableCollector.execute(ThrowableCollector.java:73) ~[junit-platform-engine-1.8.2.jar:1.8.2]
	at org.junit.jupiter.engine.descriptor.TestMethodTestDescriptor.prepare(TestMethodTestDescriptor.java:101) ~[junit-jupiter-engine-5.8.2.jar:5.8.2]
	at org.junit.jupiter.engine.descriptor.TestMethodTestDescriptor.prepare(TestMethodTestDescriptor.java:66) ~[junit-jupiter-engine-5.8.2.jar:5.8.2]
	at org.junit.platform.engine.support.hierarchical.NodeTestTask.lambda$prepare$2(NodeTestTask.java:123) ~[junit-platform-engine-1.8.2.jar:1.8.2]
	at org.junit.platform.engine.support.hierarchical.ThrowableCollector.execute(ThrowableCollector.java:73) ~[junit-platform-engine-1.8.2.jar:1.8.2]
	at org.junit.platform.engine.support.hierarchical.NodeTestTask.prepare(NodeTestTask.java:123) ~[junit-platform-engine-1.8.2.jar:1.8.2]
	at org.junit.platform.engine.support.hierarchical.NodeTestTask.execute(NodeTestTask.java:90) ~[junit-platform-engine-1.8.2.jar:1.8.2]
	at java.util.ArrayList.forEach(ArrayList.java:1257) ~[na:1.8.0_202]
	at org.junit.platform.engine.support.hierarchical.SameThreadHierarchicalTestExecutorService.invokeAll(SameThreadHierarchicalTestExecutorService.java:41) ~[junit-platform-engine-1.8.2.jar:1.8.2]
	at org.junit.platform.engine.support.hierarchical.NodeTestTask.lambda$executeRecursively$6(NodeTestTask.java:155) ~[junit-platform-engine-1.8.2.jar:1.8.2]
	at org.junit.platform.engine.support.hierarchical.ThrowableCollector.execute(ThrowableCollector.java:73) ~[junit-platform-engine-1.8.2.jar:1.8.2]
	at org.junit.platform.engine.support.hierarchical.NodeTestTask.lambda$executeRecursively$8(NodeTestTask.java:141) ~[junit-platform-engine-1.8.2.jar:1.8.2]
	at org.junit.platform.engine.support.hierarchical.Node.around(Node.java:137) ~[junit-platform-engine-1.8.2.jar:1.8.2]
	at org.junit.platform.engine.support.hierarchical.NodeTestTask.lambda$executeRecursively$9(NodeTestTask.java:139) ~[junit-platform-engine-1.8.2.jar:1.8.2]
	at org.junit.platform.engine.support.hierarchical.ThrowableCollector.execute(ThrowableCollector.java:73) ~[junit-platform-engine-1.8.2.jar:1.8.2]
	at org.junit.platform.engine.support.hierarchical.NodeTestTask.executeRecursively(NodeTestTask.java:138) ~[junit-platform-engine-1.8.2.jar:1.8.2]
	at org.junit.platform.engine.support.hierarchical.NodeTestTask.execute(NodeTestTask.java:95) ~[junit-platform-engine-1.8.2.jar:1.8.2]
	at java.util.ArrayList.forEach(ArrayList.java:1257) ~[na:1.8.0_202]
	at org.junit.platform.engine.support.hierarchical.SameThreadHierarchicalTestExecutorService.invokeAll(SameThreadHierarchicalTestExecutorService.java:41) ~[junit-platform-engine-1.8.2.jar:1.8.2]
	at org.junit.platform.engine.support.hierarchical.NodeTestTask.lambda$executeRecursively$6(NodeTestTask.java:155) ~[junit-platform-engine-1.8.2.jar:1.8.2]
	at org.junit.platform.engine.support.hierarchical.ThrowableCollector.execute(ThrowableCollector.java:73) ~[junit-platform-engine-1.8.2.jar:1.8.2]
	at org.junit.platform.engine.support.hierarchical.NodeTestTask.lambda$executeRecursively$8(NodeTestTask.java:141) ~[junit-platform-engine-1.8.2.jar:1.8.2]
	at org.junit.platform.engine.support.hierarchical.Node.around(Node.java:137) ~[junit-platform-engine-1.8.2.jar:1.8.2]
	at org.junit.platform.engine.support.hierarchical.NodeTestTask.lambda$executeRecursively$9(NodeTestTask.java:139) ~[junit-platform-engine-1.8.2.jar:1.8.2]
	at org.junit.platform.engine.support.hierarchical.ThrowableCollector.execute(ThrowableCollector.java:73) ~[junit-platform-engine-1.8.2.jar:1.8.2]
	at org.junit.platform.engine.support.hierarchical.NodeTestTask.executeRecursively(NodeTestTask.java:138) ~[junit-platform-engine-1.8.2.jar:1.8.2]
	at org.junit.platform.engine.support.hierarchical.NodeTestTask.execute(NodeTestTask.java:95) ~[junit-platform-engine-1.8.2.jar:1.8.2]
	at org.junit.platform.engine.support.hierarchical.SameThreadHierarchicalTestExecutorService.submit(SameThreadHierarchicalTestExecutorService.java:35) ~[junit-platform-engine-1.8.2.jar:1.8.2]
	at org.junit.platform.engine.support.hierarchical.HierarchicalTestExecutor.execute(HierarchicalTestExecutor.java:57) ~[junit-platform-engine-1.8.2.jar:1.8.2]
	at org.junit.platform.engine.support.hierarchical.HierarchicalTestEngine.execute(HierarchicalTestEngine.java:54) ~[junit-platform-engine-1.8.2.jar:1.8.2]
	at org.junit.platform.launcher.core.DefaultLauncher.execute(DefaultLauncher.java:220) ~[junit-platform-launcher-1.3.1.jar:1.3.1]
	at org.junit.platform.launcher.core.DefaultLauncher.lambda$execute$6(DefaultLauncher.java:188) ~[junit-platform-launcher-1.3.1.jar:1.3.1]
	at org.junit.platform.launcher.core.DefaultLauncher.withInterceptedStreams(DefaultLauncher.java:202) ~[junit-platform-launcher-1.3.1.jar:1.3.1]
	at org.junit.platform.launcher.core.DefaultLauncher.execute(DefaultLauncher.java:181) ~[junit-platform-launcher-1.3.1.jar:1.3.1]
	at org.junit.platform.launcher.core.DefaultLauncher.execute(DefaultLauncher.java:128) ~[junit-platform-launcher-1.3.1.jar:1.3.1]
	at org.apache.maven.surefire.junitplatform.JUnitPlatformProvider.invokeAllTests(JUnitPlatformProvider.java:150) ~[surefire-junit-platform-2.22.2.jar:2.22.2]
	at org.apache.maven.surefire.junitplatform.JUnitPlatformProvider.invoke(JUnitPlatformProvider.java:124) ~[surefire-junit-platform-2.22.2.jar:2.22.2]
	at org.apache.maven.surefire.booter.ForkedBooter.invokeProviderInSameClassLoader(ForkedBooter.java:384) ~[surefire-booter-2.22.2.jar:2.22.2]
	at org.apache.maven.surefire.booter.ForkedBooter.runSuitesInProcess(ForkedBooter.java:345) ~[surefire-booter-2.22.2.jar:2.22.2]
	at org.apache.maven.surefire.booter.ForkedBooter.execute(ForkedBooter.java:126) ~[surefire-booter-2.22.2.jar:2.22.2]
	at org.apache.maven.surefire.booter.ForkedBooter.main(ForkedBooter.java:418) ~[surefire-booter-2.22.2.jar:2.22.2]

2023-10-15 16:19:30.708 ERROR 19020 --- [           main] com.alibaba.nacos.client.naming          : request: /nacos/v1/ns/operator/metrics failed, servers: [localhost:8848], code: 500, msg: Connection refused: connect
2023-10-15 16:19:31.787 ERROR 19020 --- [aming.updater.1] com.alibaba.nacos.common.remote.client   : Send request fail, request = ServiceQueryRequest{headers={app=unknown}, requestId='null'}, retryTimes = 0, errorMessage = Client not connected, current status:STARTING
2023-10-15 16:19:31.896 ERROR 19020 --- [aming.updater.1] com.alibaba.nacos.common.remote.client   : Send request fail, request = ServiceQueryRequest{headers={app=unknown}, requestId='null'}, retryTimes = 1, errorMessage = Client not connected, current status:STARTING
2023-10-15 16:19:32.008 ERROR 19020 --- [aming.updater.1] com.alibaba.nacos.common.remote.client   : Send request fail, request = ServiceQueryRequest{headers={app=unknown}, requestId='null'}, retryTimes = 2, errorMessage = Client not connected, current status:STARTING
2023-10-15 16:19:32.008  WARN 19020 --- [aming.updater.1] com.alibaba.nacos.client.naming          : [NA] failed to update serviceName: DEFAULT_GROUP@@dubbo-springboot-demo-provider

com.alibaba.nacos.api.exception.NacosException: Request nacos server failed: 
	at com.alibaba.nacos.client.naming.remote.gprc.NamingGrpcClientProxy.requestToServer(NamingGrpcClientProxy.java:288) ~[nacos-client-2.1.0.jar:na]
	at com.alibaba.nacos.client.naming.remote.gprc.NamingGrpcClientProxy.queryInstancesOfService(NamingGrpcClientProxy.java:168) ~[nacos-client-2.1.0.jar:na]
	at com.alibaba.nacos.client.naming.remote.NamingClientProxyDelegate.queryInstancesOfService(NamingClientProxyDelegate.java:110) ~[nacos-client-2.1.0.jar:na]
	at com.alibaba.nacos.client.naming.core.ServiceInfoUpdateService$UpdateTask.run(ServiceInfoUpdateService.java:185) ~[nacos-client-2.1.0.jar:na]
	at java.util.concurrent.Executors$RunnableAdapter.call(Executors.java:511) [na:1.8.0_202]
	at java.util.concurrent.FutureTask.run(FutureTask.java:266) [na:1.8.0_202]
	at java.util.concurrent.ScheduledThreadPoolExecutor$ScheduledFutureTask.access$201(ScheduledThreadPoolExecutor.java:180) [na:1.8.0_202]
	at java.util.concurrent.ScheduledThreadPoolExecutor$ScheduledFutureTask.run(ScheduledThreadPoolExecutor.java:293) [na:1.8.0_202]
	at java.util.concurrent.ThreadPoolExecutor.runWorker(ThreadPoolExecutor.java:1149) [na:1.8.0_202]
	at java.util.concurrent.ThreadPoolExecutor$Worker.run(ThreadPoolExecutor.java:624) [na:1.8.0_202]
	at java.lang.Thread.run(Thread.java:748) [na:1.8.0_202]
Caused by: com.alibaba.nacos.api.exception.NacosException: Client not connected, current status:STARTING
	at com.alibaba.nacos.common.remote.client.RpcClient.request(RpcClient.java:651) ~[nacos-client-2.1.0.jar:na]
	at com.alibaba.nacos.common.remote.client.RpcClient.request(RpcClient.java:631) ~[nacos-client-2.1.0.jar:na]
	at com.alibaba.nacos.client.naming.remote.gprc.NamingGrpcClientProxy.requestToServer(NamingGrpcClientProxy.java:278) ~[nacos-client-2.1.0.jar:na]
	... 10 common frames omitted

2023-10-15 16:19:32.118 ERROR 19020 --- [t.remote.worker] c.a.n.c.remote.client.grpc.GrpcClient    : Server check fail, please check server localhost ,port 9848 is available , error ={}

java.util.concurrent.TimeoutException: Waited 3000 milliseconds (plus 5 milliseconds, 771600 nanoseconds delay) for com.alibaba.nacos.shaded.io.grpc.stub.ClientCalls$GrpcFuture@1191a498[status=PENDING, info=[GrpcFuture{clientCall={delegate={delegate=ClientCallImpl{method=MethodDescriptor{fullMethodName=Request/request, type=UNARY, idempotent=false, safe=false, sampledToLocalTracing=true, requestMarshaller=com.alibaba.nacos.shaded.io.grpc.protobuf.lite.ProtoLiteUtils$MessageMarshaller@25a94b55, responseMarshaller=com.alibaba.nacos.shaded.io.grpc.protobuf.lite.ProtoLiteUtils$MessageMarshaller@6adc5b9c, schemaDescriptor=com.alibaba.nacos.api.grpc.auto.RequestGrpc$RequestMethodDescriptorSupplier@19c1820d}}}}}]]
	at com.alibaba.nacos.shaded.com.google.common.util.concurrent.AbstractFuture.get(AbstractFuture.java:508) ~[nacos-client-2.1.0.jar:na]
	at com.alibaba.nacos.common.remote.client.grpc.GrpcClient.serverCheck(GrpcClient.java:192) [nacos-client-2.1.0.jar:na]
	at com.alibaba.nacos.common.remote.client.grpc.GrpcClient.connectToServer(GrpcClient.java:302) [nacos-client-2.1.0.jar:na]
	at com.alibaba.nacos.common.remote.client.RpcClient.reconnect(RpcClient.java:521) [nacos-client-2.1.0.jar:na]
	at com.alibaba.nacos.common.remote.client.RpcClient.lambda$start$2(RpcClient.java:369) [nacos-client-2.1.0.jar:na]
	at java.util.concurrent.Executors$RunnableAdapter.call(Executors.java:511) ~[na:1.8.0_202]
	at java.util.concurrent.FutureTask.run(FutureTask.java:266) ~[na:1.8.0_202]
	at java.util.concurrent.ScheduledThreadPoolExecutor$ScheduledFutureTask.access$201(ScheduledThreadPoolExecutor.java:180) ~[na:1.8.0_202]
	at java.util.concurrent.ScheduledThreadPoolExecutor$ScheduledFutureTask.run(ScheduledThreadPoolExecutor.java:293) ~[na:1.8.0_202]
	at java.util.concurrent.ThreadPoolExecutor.runWorker(ThreadPoolExecutor.java:1149) ~[na:1.8.0_202]
	at java.util.concurrent.ThreadPoolExecutor$Worker.run(ThreadPoolExecutor.java:624) ~[na:1.8.0_202]
	at java.lang.Thread.run(Thread.java:748) ~[na:1.8.0_202]

2023-10-15 16:19:32.118  INFO 19020 --- [t.remote.worker] com.alibaba.nacos.common.remote.client   : [45c1d4e9-7c56-47f4-ae88-3b4fba725ea0] Fail to connect server, after trying 6 times, last try server is {serverIp = 'localhost', server main port = 8848}, error = unknown
2023-10-15 16:19:32.325  WARN 19020 --- [ing.grpc.redo.0] com.alibaba.nacos.client.naming          : Grpc Connection is disconnect, skip current redo task
2023-10-15 16:19:32.642 ERROR 19020 --- [t.remote.worker] c.a.n.c.remote.client.grpc.GrpcClient    : Server check fail, please check server localhost ,port 9848 is available , error ={}

java.util.concurrent.TimeoutException: Waited 3000 milliseconds (plus 3 milliseconds, 613300 nanoseconds delay) for com.alibaba.nacos.shaded.io.grpc.stub.ClientCalls$GrpcFuture@3f7145fd[status=PENDING, info=[GrpcFuture{clientCall={delegate={delegate=ClientCallImpl{method=MethodDescriptor{fullMethodName=Request/request, type=UNARY, idempotent=false, safe=false, sampledToLocalTracing=true, requestMarshaller=com.alibaba.nacos.shaded.io.grpc.protobuf.lite.ProtoLiteUtils$MessageMarshaller@25a94b55, responseMarshaller=com.alibaba.nacos.shaded.io.grpc.protobuf.lite.ProtoLiteUtils$MessageMarshaller@6adc5b9c, schemaDescriptor=com.alibaba.nacos.api.grpc.auto.RequestGrpc$RequestMethodDescriptorSupplier@19c1820d}}}}}]]
	at com.alibaba.nacos.shaded.com.google.common.util.concurrent.AbstractFuture.get(AbstractFuture.java:508) ~[nacos-client-2.1.0.jar:na]
	at com.alibaba.nacos.common.remote.client.grpc.GrpcClient.serverCheck(GrpcClient.java:192) [nacos-client-2.1.0.jar:na]
	at com.alibaba.nacos.common.remote.client.grpc.GrpcClient.connectToServer(GrpcClient.java:302) [nacos-client-2.1.0.jar:na]
	at com.alibaba.nacos.common.remote.client.RpcClient.reconnect(RpcClient.java:521) [nacos-client-2.1.0.jar:na]
	at com.alibaba.nacos.common.remote.client.RpcClient.lambda$start$2(RpcClient.java:369) [nacos-client-2.1.0.jar:na]
	at java.util.concurrent.Executors$RunnableAdapter.call(Executors.java:511) ~[na:1.8.0_202]
	at java.util.concurrent.FutureTask.run(FutureTask.java:266) ~[na:1.8.0_202]
	at java.util.concurrent.ScheduledThreadPoolExecutor$ScheduledFutureTask.access$201(ScheduledThreadPoolExecutor.java:180) ~[na:1.8.0_202]
	at java.util.concurrent.ScheduledThreadPoolExecutor$ScheduledFutureTask.run(ScheduledThreadPoolExecutor.java:293) ~[na:1.8.0_202]
	at java.util.concurrent.ThreadPoolExecutor.runWorker(ThreadPoolExecutor.java:1149) ~[na:1.8.0_202]
	at java.util.concurrent.ThreadPoolExecutor$Worker.run(ThreadPoolExecutor.java:624) ~[na:1.8.0_202]
	at java.lang.Thread.run(Thread.java:748) ~[na:1.8.0_202]

2023-10-15 16:19:32.642  INFO 19020 --- [t.remote.worker] com.alibaba.nacos.common.remote.client   : [3b7876bc-3d8f-4bce-b2f6-42ad5540381f] Fail to connect server, after trying 2 times, last try server is {serverIp = 'localhost', server main port = 8848}, error = unknown
2023-10-15 16:19:32.737 ERROR 19020 --- [           main] com.alibaba.nacos.client.naming          : [NA] failed to request

java.net.ConnectException: Connection refused: connect
	at java.net.DualStackPlainSocketImpl.waitForConnect(Native Method) ~[na:1.8.0_202]
	at java.net.DualStackPlainSocketImpl.socketConnect(DualStackPlainSocketImpl.java:85) ~[na:1.8.0_202]
	at java.net.AbstractPlainSocketImpl.doConnect(AbstractPlainSocketImpl.java:350) ~[na:1.8.0_202]
	at java.net.AbstractPlainSocketImpl.connectToAddress(AbstractPlainSocketImpl.java:206) ~[na:1.8.0_202]
	at java.net.AbstractPlainSocketImpl.connect(AbstractPlainSocketImpl.java:188) ~[na:1.8.0_202]
	at java.net.PlainSocketImpl.connect(PlainSocketImpl.java:172) ~[na:1.8.0_202]
	at java.net.SocksSocketImpl.connect(SocksSocketImpl.java:392) ~[na:1.8.0_202]
	at java.net.Socket.connect(Socket.java:589) ~[na:1.8.0_202]
	at sun.net.NetworkClient.doConnect(NetworkClient.java:175) ~[na:1.8.0_202]
	at sun.net.www.http.HttpClient.openServer(HttpClient.java:463) ~[na:1.8.0_202]
	at sun.net.www.http.HttpClient.openServer(HttpClient.java:558) ~[na:1.8.0_202]
	at sun.net.www.http.HttpClient.<init>(HttpClient.java:242) ~[na:1.8.0_202]
	at sun.net.www.http.HttpClient.New(HttpClient.java:339) ~[na:1.8.0_202]
	at sun.net.www.http.HttpClient.New(HttpClient.java:357) ~[na:1.8.0_202]
	at sun.net.www.protocol.http.HttpURLConnection.getNewHttpClient(HttpURLConnection.java:1220) ~[na:1.8.0_202]
	at sun.net.www.protocol.http.HttpURLConnection.plainConnect0(HttpURLConnection.java:1156) ~[na:1.8.0_202]
	at sun.net.www.protocol.http.HttpURLConnection.plainConnect(HttpURLConnection.java:1050) ~[na:1.8.0_202]
	at sun.net.www.protocol.http.HttpURLConnection.connect(HttpURLConnection.java:984) ~[na:1.8.0_202]
	at com.alibaba.nacos.common.http.client.request.JdkHttpClientRequest.execute(JdkHttpClientRequest.java:114) ~[nacos-client-2.1.0.jar:na]
	at com.alibaba.nacos.common.http.client.NacosRestTemplate.execute(NacosRestTemplate.java:482) ~[nacos-client-2.1.0.jar:na]
	at com.alibaba.nacos.common.http.client.NacosRestTemplate.exchangeForm(NacosRestTemplate.java:427) ~[nacos-client-2.1.0.jar:na]
	at com.alibaba.nacos.client.naming.remote.http.NamingHttpClientProxy.callServer(NamingHttpClientProxy.java:488) [nacos-client-2.1.0.jar:na]
	at com.alibaba.nacos.client.naming.remote.http.NamingHttpClientProxy.reqApi(NamingHttpClientProxy.java:421) [nacos-client-2.1.0.jar:na]
	at com.alibaba.nacos.client.naming.remote.http.NamingHttpClientProxy.reqApi(NamingHttpClientProxy.java:392) [nacos-client-2.1.0.jar:na]
	at com.alibaba.nacos.client.naming.remote.http.NamingHttpClientProxy.reqApi(NamingHttpClientProxy.java:387) [nacos-client-2.1.0.jar:na]
	at com.alibaba.nacos.client.naming.remote.http.NamingHttpClientProxy.serverHealthy(NamingHttpClientProxy.java:317) [nacos-client-2.1.0.jar:na]
	at com.alibaba.nacos.client.naming.remote.NamingClientProxyDelegate.serverHealthy(NamingClientProxyDelegate.java:172) [nacos-client-2.1.0.jar:na]
	at com.alibaba.nacos.client.naming.NacosNamingService.getServerStatus(NacosNamingService.java:450) [nacos-client-2.1.0.jar:na]
	at org.apache.dubbo.registry.nacos.NacosNamingServiceWrapper.getServerStatus(NacosNamingServiceWrapper.java:43) [dubbo-3.0.9.jar:3.0.9]
	at org.apache.dubbo.registry.nacos.NacosRegistry.isAvailable(NacosRegistry.java:146) [dubbo-3.0.9.jar:3.0.9]
	at org.apache.dubbo.registry.ListenerRegistryWrapper.isAvailable(ListenerRegistryWrapper.java:47) [dubbo-3.0.9.jar:3.0.9]
	at org.apache.dubbo.registry.integration.DynamicDirectory.destroy(DynamicDirectory.java:302) [dubbo-3.0.9.jar:3.0.9]
	at org.apache.dubbo.rpc.cluster.support.AbstractClusterInvoker.destroy(AbstractClusterInvoker.java:128) [dubbo-3.0.9.jar:3.0.9]
	at org.apache.dubbo.rpc.cluster.support.wrapper.MockClusterInvoker.destroy(MockClusterInvoker.java:82) [dubbo-3.0.9.jar:3.0.9]
	at org.apache.dubbo.registry.client.migration.MigrationInvoker.destroy(MigrationInvoker.java:325) [dubbo-3.0.9.jar:3.0.9]
	at org.apache.dubbo.config.ReferenceConfig.checkInvokerAvailable(ReferenceConfig.java:535) [dubbo-3.0.9.jar:3.0.9]
	at org.apache.dubbo.config.ReferenceConfig.init(ReferenceConfig.java:293) [dubbo-3.0.9.jar:3.0.9]
	at org.apache.dubbo.config.ReferenceConfig.get(ReferenceConfig.java:219) [dubbo-3.0.9.jar:3.0.9]
	at org.apache.dubbo.config.utils.SimpleReferenceCache.get(SimpleReferenceCache.java:129) [dubbo-3.0.9.jar:3.0.9]
	at org.apache.dubbo.config.deploy.DefaultModuleDeployer.lambda$referServices$6(DefaultModuleDeployer.java:387) [dubbo-3.0.9.jar:3.0.9]
	at java.util.concurrent.ConcurrentHashMap$ValuesView.forEach(ConcurrentHashMap.java:4707) ~[na:1.8.0_202]
	at org.apache.dubbo.config.deploy.DefaultModuleDeployer.referServices(DefaultModuleDeployer.java:367) [dubbo-3.0.9.jar:3.0.9]
	at org.apache.dubbo.config.deploy.DefaultModuleDeployer.start(DefaultModuleDeployer.java:154) [dubbo-3.0.9.jar:3.0.9]
	at org.apache.dubbo.config.spring.context.DubboDeployApplicationListener.onContextRefreshedEvent(DubboDeployApplicationListener.java:111) ~[dubbo-3.0.9.jar:3.0.9]
	at org.apache.dubbo.config.spring.context.DubboDeployApplicationListener.onApplicationEvent(DubboDeployApplicationListener.java:100) ~[dubbo-3.0.9.jar:3.0.9]
	at org.apache.dubbo.config.spring.context.DubboDeployApplicationListener.onApplicationEvent(DubboDeployApplicationListener.java:45) ~[dubbo-3.0.9.jar:3.0.9]
	at org.springframework.context.event.SimpleApplicationEventMulticaster.doInvokeListener(SimpleApplicationEventMulticaster.java:176) ~[spring-context-5.3.20.jar:5.3.20]
	at org.springframework.context.event.SimpleApplicationEventMulticaster.invokeListener(SimpleApplicationEventMulticaster.java:169) ~[spring-context-5.3.20.jar:5.3.20]
	at org.springframework.context.event.SimpleApplicationEventMulticaster.multicastEvent(SimpleApplicationEventMulticaster.java:143) ~[spring-context-5.3.20.jar:5.3.20]
	at org.springframework.context.support.AbstractApplicationContext.publishEvent(AbstractApplicationContext.java:421) ~[spring-context-5.3.20.jar:5.3.20]
	at org.springframework.context.support.AbstractApplicationContext.publishEvent(AbstractApplicationContext.java:378) ~[spring-context-5.3.20.jar:5.3.20]
	at org.springframework.context.support.AbstractApplicationContext.finishRefresh(AbstractApplicationContext.java:938) ~[spring-context-5.3.20.jar:5.3.20]
	at org.springframework.context.support.AbstractApplicationContext.refresh(AbstractApplicationContext.java:586) ~[spring-context-5.3.20.jar:5.3.20]
	at org.springframework.boot.SpringApplication.refresh(SpringApplication.java:734) ~[spring-boot-2.7.0.jar:2.7.0]
	at org.springframework.boot.SpringApplication.refreshContext(SpringApplication.java:408) ~[spring-boot-2.7.0.jar:2.7.0]
	at org.springframework.boot.SpringApplication.run(SpringApplication.java:308) ~[spring-boot-2.7.0.jar:2.7.0]
	at org.springframework.boot.test.context.SpringBootContextLoader.loadContext(SpringBootContextLoader.java:132) ~[spring-boot-test-2.7.0.jar:2.7.0]
	at org.springframework.test.context.cache.DefaultCacheAwareContextLoaderDelegate.loadContextInternal(DefaultCacheAwareContextLoaderDelegate.java:99) ~[spring-test-5.3.20.jar:5.3.20]
	at org.springframework.test.context.cache.DefaultCacheAwareContextLoaderDelegate.loadContext(DefaultCacheAwareContextLoaderDelegate.java:124) ~[spring-test-5.3.20.jar:5.3.20]
	at org.springframework.test.context.support.DefaultTestContext.getApplicationContext(DefaultTestContext.java:124) ~[spring-test-5.3.20.jar:5.3.20]
	at org.springframework.boot.test.autoconfigure.SpringBootDependencyInjectionTestExecutionListener.outputConditionEvaluationReport(SpringBootDependencyInjectionTestExecutionListener.java:53) ~[spring-boot-test-autoconfigure-2.7.0.jar:2.7.0]
	at org.springframework.boot.test.autoconfigure.SpringBootDependencyInjectionTestExecutionListener.prepareTestInstance(SpringBootDependencyInjectionTestExecutionListener.java:46) ~[spring-boot-test-autoconfigure-2.7.0.jar:2.7.0]
	at org.springframework.test.context.TestContextManager.prepareTestInstance(TestContextManager.java:248) ~[spring-test-5.3.20.jar:5.3.20]
	at org.springframework.test.context.junit.jupiter.SpringExtension.postProcessTestInstance(SpringExtension.java:138) ~[spring-test-5.3.20.jar:5.3.20]
	at org.junit.jupiter.engine.descriptor.ClassBasedTestDescriptor.lambda$invokeTestInstancePostProcessors$8(ClassBasedTestDescriptor.java:363) ~[junit-jupiter-engine-5.8.2.jar:5.8.2]
	at org.junit.jupiter.engine.descriptor.ClassBasedTestDescriptor.executeAndMaskThrowable(ClassBasedTestDescriptor.java:368) ~[junit-jupiter-engine-5.8.2.jar:5.8.2]
	at org.junit.jupiter.engine.descriptor.ClassBasedTestDescriptor.lambda$invokeTestInstancePostProcessors$9(ClassBasedTestDescriptor.java:363) ~[junit-jupiter-engine-5.8.2.jar:5.8.2]
	at java.util.stream.ReferencePipeline$3$1.accept(ReferencePipeline.java:193) ~[na:1.8.0_202]
	at java.util.stream.ReferencePipeline$2$1.accept(ReferencePipeline.java:175) ~[na:1.8.0_202]
	at java.util.ArrayList$ArrayListSpliterator.forEachRemaining(ArrayList.java:1382) ~[na:1.8.0_202]
	at java.util.stream.AbstractPipeline.copyInto(AbstractPipeline.java:481) ~[na:1.8.0_202]
	at java.util.stream.AbstractPipeline.wrapAndCopyInto(AbstractPipeline.java:471) ~[na:1.8.0_202]
	at java.util.stream.StreamSpliterators$WrappingSpliterator.forEachRemaining(StreamSpliterators.java:312) ~[na:1.8.0_202]
	at java.util.stream.Streams$ConcatSpliterator.forEachRemaining(Streams.java:743) ~[na:1.8.0_202]
	at java.util.stream.Streams$ConcatSpliterator.forEachRemaining(Streams.java:742) ~[na:1.8.0_202]
	at java.util.stream.ReferencePipeline$Head.forEach(ReferencePipeline.java:580) ~[na:1.8.0_202]
	at org.junit.jupiter.engine.descriptor.ClassBasedTestDescriptor.invokeTestInstancePostProcessors(ClassBasedTestDescriptor.java:362) ~[junit-jupiter-engine-5.8.2.jar:5.8.2]
	at org.junit.jupiter.engine.descriptor.ClassBasedTestDescriptor.lambda$instantiateAndPostProcessTestInstance$6(ClassBasedTestDescriptor.java:283) ~[junit-jupiter-engine-5.8.2.jar:5.8.2]
	at org.junit.platform.engine.support.hierarchical.ThrowableCollector.execute(ThrowableCollector.java:73) ~[junit-platform-engine-1.8.2.jar:1.8.2]
	at org.junit.jupiter.engine.descriptor.ClassBasedTestDescriptor.instantiateAndPostProcessTestInstance(ClassBasedTestDescriptor.java:282) ~[junit-jupiter-engine-5.8.2.jar:5.8.2]
	at org.junit.jupiter.engine.descriptor.ClassBasedTestDescriptor.lambda$testInstancesProvider$4(ClassBasedTestDescriptor.java:272) ~[junit-jupiter-engine-5.8.2.jar:5.8.2]
	at java.util.Optional.orElseGet(Optional.java:267) ~[na:1.8.0_202]
	at org.junit.jupiter.engine.descriptor.ClassBasedTestDescriptor.lambda$testInstancesProvider$5(ClassBasedTestDescriptor.java:271) ~[junit-jupiter-engine-5.8.2.jar:5.8.2]
	at org.junit.jupiter.engine.execution.TestInstancesProvider.getTestInstances(TestInstancesProvider.java:31) ~[junit-jupiter-engine-5.8.2.jar:5.8.2]
	at org.junit.jupiter.engine.descriptor.TestMethodTestDescriptor.lambda$prepare$0(TestMethodTestDescriptor.java:102) ~[junit-jupiter-engine-5.8.2.jar:5.8.2]
	at org.junit.platform.engine.support.hierarchical.ThrowableCollector.execute(ThrowableCollector.java:73) ~[junit-platform-engine-1.8.2.jar:1.8.2]
	at org.junit.jupiter.engine.descriptor.TestMethodTestDescriptor.prepare(TestMethodTestDescriptor.java:101) ~[junit-jupiter-engine-5.8.2.jar:5.8.2]
	at org.junit.jupiter.engine.descriptor.TestMethodTestDescriptor.prepare(TestMethodTestDescriptor.java:66) ~[junit-jupiter-engine-5.8.2.jar:5.8.2]
	at org.junit.platform.engine.support.hierarchical.NodeTestTask.lambda$prepare$2(NodeTestTask.java:123) ~[junit-platform-engine-1.8.2.jar:1.8.2]
	at org.junit.platform.engine.support.hierarchical.ThrowableCollector.execute(ThrowableCollector.java:73) ~[junit-platform-engine-1.8.2.jar:1.8.2]
	at org.junit.platform.engine.support.hierarchical.NodeTestTask.prepare(NodeTestTask.java:123) ~[junit-platform-engine-1.8.2.jar:1.8.2]
	at org.junit.platform.engine.support.hierarchical.NodeTestTask.execute(NodeTestTask.java:90) ~[junit-platform-engine-1.8.2.jar:1.8.2]
	at java.util.ArrayList.forEach(ArrayList.java:1257) ~[na:1.8.0_202]
	at org.junit.platform.engine.support.hierarchical.SameThreadHierarchicalTestExecutorService.invokeAll(SameThreadHierarchicalTestExecutorService.java:41) ~[junit-platform-engine-1.8.2.jar:1.8.2]
	at org.junit.platform.engine.support.hierarchical.NodeTestTask.lambda$executeRecursively$6(NodeTestTask.java:155) ~[junit-platform-engine-1.8.2.jar:1.8.2]
	at org.junit.platform.engine.support.hierarchical.ThrowableCollector.execute(ThrowableCollector.java:73) ~[junit-platform-engine-1.8.2.jar:1.8.2]
	at org.junit.platform.engine.support.hierarchical.NodeTestTask.lambda$executeRecursively$8(NodeTestTask.java:141) ~[junit-platform-engine-1.8.2.jar:1.8.2]
	at org.junit.platform.engine.support.hierarchical.Node.around(Node.java:137) ~[junit-platform-engine-1.8.2.jar:1.8.2]
	at org.junit.platform.engine.support.hierarchical.NodeTestTask.lambda$executeRecursively$9(NodeTestTask.java:139) ~[junit-platform-engine-1.8.2.jar:1.8.2]
	at org.junit.platform.engine.support.hierarchical.ThrowableCollector.execute(ThrowableCollector.java:73) ~[junit-platform-engine-1.8.2.jar:1.8.2]
	at org.junit.platform.engine.support.hierarchical.NodeTestTask.executeRecursively(NodeTestTask.java:138) ~[junit-platform-engine-1.8.2.jar:1.8.2]
	at org.junit.platform.engine.support.hierarchical.NodeTestTask.execute(NodeTestTask.java:95) ~[junit-platform-engine-1.8.2.jar:1.8.2]
	at java.util.ArrayList.forEach(ArrayList.java:1257) ~[na:1.8.0_202]
	at org.junit.platform.engine.support.hierarchical.SameThreadHierarchicalTestExecutorService.invokeAll(SameThreadHierarchicalTestExecutorService.java:41) ~[junit-platform-engine-1.8.2.jar:1.8.2]
	at org.junit.platform.engine.support.hierarchical.NodeTestTask.lambda$executeRecursively$6(NodeTestTask.java:155) ~[junit-platform-engine-1.8.2.jar:1.8.2]
	at org.junit.platform.engine.support.hierarchical.ThrowableCollector.execute(ThrowableCollector.java:73) ~[junit-platform-engine-1.8.2.jar:1.8.2]
	at org.junit.platform.engine.support.hierarchical.NodeTestTask.lambda$executeRecursively$8(NodeTestTask.java:141) ~[junit-platform-engine-1.8.2.jar:1.8.2]
	at org.junit.platform.engine.support.hierarchical.Node.around(Node.java:137) ~[junit-platform-engine-1.8.2.jar:1.8.2]
	at org.junit.platform.engine.support.hierarchical.NodeTestTask.lambda$executeRecursively$9(NodeTestTask.java:139) ~[junit-platform-engine-1.8.2.jar:1.8.2]
	at org.junit.platform.engine.support.hierarchical.ThrowableCollector.execute(ThrowableCollector.java:73) ~[junit-platform-engine-1.8.2.jar:1.8.2]
	at org.junit.platform.engine.support.hierarchical.NodeTestTask.executeRecursively(NodeTestTask.java:138) ~[junit-platform-engine-1.8.2.jar:1.8.2]
	at org.junit.platform.engine.support.hierarchical.NodeTestTask.execute(NodeTestTask.java:95) ~[junit-platform-engine-1.8.2.jar:1.8.2]
	at org.junit.platform.engine.support.hierarchical.SameThreadHierarchicalTestExecutorService.submit(SameThreadHierarchicalTestExecutorService.java:35) ~[junit-platform-engine-1.8.2.jar:1.8.2]
	at org.junit.platform.engine.support.hierarchical.HierarchicalTestExecutor.execute(HierarchicalTestExecutor.java:57) ~[junit-platform-engine-1.8.2.jar:1.8.2]
	at org.junit.platform.engine.support.hierarchical.HierarchicalTestEngine.execute(HierarchicalTestEngine.java:54) ~[junit-platform-engine-1.8.2.jar:1.8.2]
	at org.junit.platform.launcher.core.DefaultLauncher.execute(DefaultLauncher.java:220) ~[junit-platform-launcher-1.3.1.jar:1.3.1]
	at org.junit.platform.launcher.core.DefaultLauncher.lambda$execute$6(DefaultLauncher.java:188) ~[junit-platform-launcher-1.3.1.jar:1.3.1]
	at org.junit.platform.launcher.core.DefaultLauncher.withInterceptedStreams(DefaultLauncher.java:202) ~[junit-platform-launcher-1.3.1.jar:1.3.1]
	at org.junit.platform.launcher.core.DefaultLauncher.execute(DefaultLauncher.java:181) ~[junit-platform-launcher-1.3.1.jar:1.3.1]
	at org.junit.platform.launcher.core.DefaultLauncher.execute(DefaultLauncher.java:128) ~[junit-platform-launcher-1.3.1.jar:1.3.1]
	at org.apache.maven.surefire.junitplatform.JUnitPlatformProvider.invokeAllTests(JUnitPlatformProvider.java:150) ~[surefire-junit-platform-2.22.2.jar:2.22.2]
	at org.apache.maven.surefire.junitplatform.JUnitPlatformProvider.invoke(JUnitPlatformProvider.java:124) ~[surefire-junit-platform-2.22.2.jar:2.22.2]
	at org.apache.maven.surefire.booter.ForkedBooter.invokeProviderInSameClassLoader(ForkedBooter.java:384) ~[surefire-booter-2.22.2.jar:2.22.2]
	at org.apache.maven.surefire.booter.ForkedBooter.runSuitesInProcess(ForkedBooter.java:345) ~[surefire-booter-2.22.2.jar:2.22.2]
	at org.apache.maven.surefire.booter.ForkedBooter.execute(ForkedBooter.java:126) ~[surefire-booter-2.22.2.jar:2.22.2]
	at org.apache.maven.surefire.booter.ForkedBooter.main(ForkedBooter.java:418) ~[surefire-booter-2.22.2.jar:2.22.2]

2023-10-15 16:19:32.894 ERROR 19020 --- [t.remote.worker] c.a.n.c.remote.client.grpc.GrpcClient    : Server check fail, please check server localhost ,port 9848 is available , error ={}

java.util.concurrent.TimeoutException: Waited 3000 milliseconds (plus 5 milliseconds, 399600 nanoseconds delay) for com.alibaba.nacos.shaded.io.grpc.stub.ClientCalls$GrpcFuture@5ecdeea0[status=PENDING, info=[GrpcFuture{clientCall={delegate={delegate=ClientCallImpl{method=MethodDescriptor{fullMethodName=Request/request, type=UNARY, idempotent=false, safe=false, sampledToLocalTracing=true, requestMarshaller=com.alibaba.nacos.shaded.io.grpc.protobuf.lite.ProtoLiteUtils$MessageMarshaller@25a94b55, responseMarshaller=com.alibaba.nacos.shaded.io.grpc.protobuf.lite.ProtoLiteUtils$MessageMarshaller@6adc5b9c, schemaDescriptor=com.alibaba.nacos.api.grpc.auto.RequestGrpc$RequestMethodDescriptorSupplier@19c1820d}}}}}]]
	at com.alibaba.nacos.shaded.com.google.common.util.concurrent.AbstractFuture.get(AbstractFuture.java:508) ~[nacos-client-2.1.0.jar:na]
	at com.alibaba.nacos.common.remote.client.grpc.GrpcClient.serverCheck(GrpcClient.java:192) [nacos-client-2.1.0.jar:na]
	at com.alibaba.nacos.common.remote.client.grpc.GrpcClient.connectToServer(GrpcClient.java:302) [nacos-client-2.1.0.jar:na]
	at com.alibaba.nacos.common.remote.client.RpcClient.reconnect(RpcClient.java:521) [nacos-client-2.1.0.jar:na]
	at com.alibaba.nacos.common.remote.client.RpcClient.lambda$start$2(RpcClient.java:369) [nacos-client-2.1.0.jar:na]
	at java.util.concurrent.Executors$RunnableAdapter.call(Executors.java:511) ~[na:1.8.0_202]
	at java.util.concurrent.FutureTask.run(FutureTask.java:266) ~[na:1.8.0_202]
	at java.util.concurrent.ScheduledThreadPoolExecutor$ScheduledFutureTask.access$201(ScheduledThreadPoolExecutor.java:180) ~[na:1.8.0_202]
	at java.util.concurrent.ScheduledThreadPoolExecutor$ScheduledFutureTask.run(ScheduledThreadPoolExecutor.java:293) ~[na:1.8.0_202]
	at java.util.concurrent.ThreadPoolExecutor.runWorker(ThreadPoolExecutor.java:1149) ~[na:1.8.0_202]
	at java.util.concurrent.ThreadPoolExecutor$Worker.run(ThreadPoolExecutor.java:624) ~[na:1.8.0_202]
	at java.lang.Thread.run(Thread.java:748) ~[na:1.8.0_202]

2023-10-15 16:19:32.894  INFO 19020 --- [t.remote.worker] com.alibaba.nacos.common.remote.client   : [3f090fb1-55c6-4fe3-8377-8b3ac52cd4b0_config-0] Fail to connect server, after trying 9 times, last try server is {serverIp = 'localhost', server main port = 8848}, error = unknown
2023-10-15 16:19:32.958  WARN 19020 --- [ing.grpc.redo.0] com.alibaba.nacos.client.naming          : Grpc Connection is disconnect, skip current redo task
2023-10-15 16:19:33.004 ERROR 19020 --- [s.client.Worker] c.a.n.c.remote.client.grpc.GrpcClient    : Server check fail, please check server localhost ,port 9848 is available , error ={}

java.util.concurrent.TimeoutException: Waited 3000 milliseconds (plus 4 milliseconds, 930100 nanoseconds delay) for com.alibaba.nacos.shaded.io.grpc.stub.ClientCalls$GrpcFuture@38412d4e[status=PENDING, info=[GrpcFuture{clientCall={delegate={delegate=ClientCallImpl{method=MethodDescriptor{fullMethodName=Request/request, type=UNARY, idempotent=false, safe=false, sampledToLocalTracing=true, requestMarshaller=com.alibaba.nacos.shaded.io.grpc.protobuf.lite.ProtoLiteUtils$MessageMarshaller@25a94b55, responseMarshaller=com.alibaba.nacos.shaded.io.grpc.protobuf.lite.ProtoLiteUtils$MessageMarshaller@6adc5b9c, schemaDescriptor=com.alibaba.nacos.api.grpc.auto.RequestGrpc$RequestMethodDescriptorSupplier@19c1820d}}}}}]]
	at com.alibaba.nacos.shaded.com.google.common.util.concurrent.AbstractFuture.get(AbstractFuture.java:508) ~[nacos-client-2.1.0.jar:na]
	at com.alibaba.nacos.common.remote.client.grpc.GrpcClient.serverCheck(GrpcClient.java:192) [nacos-client-2.1.0.jar:na]
	at com.alibaba.nacos.common.remote.client.grpc.GrpcClient.connectToServer(GrpcClient.java:302) [nacos-client-2.1.0.jar:na]
	at com.alibaba.nacos.common.remote.client.RpcClient.start(RpcClient.java:389) [nacos-client-2.1.0.jar:na]
	at com.alibaba.nacos.client.config.impl.ClientWorker$ConfigRpcTransportClient.ensureRpcClient(ClientWorker.java:885) [nacos-client-2.1.0.jar:na]
	at com.alibaba.nacos.client.config.impl.ClientWorker$ConfigRpcTransportClient.executeConfigListen(ClientWorker.java:776) [nacos-client-2.1.0.jar:na]
	at com.alibaba.nacos.client.config.impl.ClientWorker$ConfigRpcTransportClient.lambda$startInternal$2(ClientWorker.java:695) [nacos-client-2.1.0.jar:na]
	at java.util.concurrent.Executors$RunnableAdapter.call(Executors.java:511) ~[na:1.8.0_202]
	at java.util.concurrent.FutureTask.run(FutureTask.java:266) ~[na:1.8.0_202]
	at java.util.concurrent.ScheduledThreadPoolExecutor$ScheduledFutureTask.access$201(ScheduledThreadPoolExecutor.java:180) ~[na:1.8.0_202]
	at java.util.concurrent.ScheduledThreadPoolExecutor$ScheduledFutureTask.run(ScheduledThreadPoolExecutor.java:293) ~[na:1.8.0_202]
	at java.util.concurrent.ThreadPoolExecutor.runWorker(ThreadPoolExecutor.java:1149) ~[na:1.8.0_202]
	at java.util.concurrent.ThreadPoolExecutor$Worker.run(ThreadPoolExecutor.java:624) ~[na:1.8.0_202]
	at java.lang.Thread.run(Thread.java:748) ~[na:1.8.0_202]

2023-10-15 16:19:33.004  INFO 19020 --- [s.client.Worker] com.alibaba.nacos.common.remote.client   : [2e82097d-839e-4c47-b0ae-93ab445c6d13_config-0] Register server push request handler:com.alibaba.nacos.common.remote.client.RpcClient$ConnectResetRequestHandler
2023-10-15 16:19:33.004  INFO 19020 --- [t.remote.worker] com.alibaba.nacos.common.remote.client   : [2e82097d-839e-4c47-b0ae-93ab445c6d13_config-0] Try to reconnect to a new server, server is  not appointed, will choose a random server.
2023-10-15 16:19:33.004  INFO 19020 --- [s.client.Worker] com.alibaba.nacos.common.remote.client   : [2e82097d-839e-4c47-b0ae-93ab445c6d13_config-0] Register server push request handler:com.alibaba.nacos.common.remote.client.RpcClient$$Lambda$776/1519396442
2023-10-15 16:19:33.115 ERROR 19020 --- [s.client.Worker] com.alibaba.nacos.common.remote.client   : Send request fail, request = ConfigBatchListenRequest{headers={charset=UTF-8, Client-AppName=unknown, Client-RequestToken=8bde0b5f3df38bf15c5ecb09e582cada, Client-RequestTS=1697357973005, exConfigInfo=true}, requestId='null'}, retryTimes = 0, errorMessage = Client not connected, current status:STARTING
2023-10-15 16:19:33.115 ERROR 19020 --- [eduler-thread-1] com.alibaba.nacos.common.remote.client   : Send request fail, request = ConfigQueryRequest{headers={charset=UTF-8, Client-AppName=unknown, Client-RequestToken=8bde0b5f3df38bf15c5ecb09e582cada, Client-RequestTS=1697357973005, exConfigInfo=true, notify=false}, requestId='null'}, retryTimes = 0, errorMessage = Client not connected, current status:STARTING
2023-10-15 16:19:33.225 ERROR 19020 --- [s.client.Worker] com.alibaba.nacos.common.remote.client   : Send request fail, request = ConfigBatchListenRequest{headers={charset=UTF-8, Client-AppName=unknown, Client-RequestToken=8bde0b5f3df38bf15c5ecb09e582cada, Client-RequestTS=1697357973005, exConfigInfo=true}, requestId='null'}, retryTimes = 1, errorMessage = Client not connected, current status:STARTING
2023-10-15 16:19:33.225 ERROR 19020 --- [eduler-thread-1] com.alibaba.nacos.common.remote.client   : Send request fail, request = ConfigQueryRequest{headers={charset=UTF-8, Client-AppName=unknown, Client-RequestToken=8bde0b5f3df38bf15c5ecb09e582cada, Client-RequestTS=1697357973005, exConfigInfo=true, notify=false}, requestId='null'}, retryTimes = 1, errorMessage = Client not connected, current status:STARTING
2023-10-15 16:19:33.273  WARN 19020 --- [ing.grpc.redo.0] com.alibaba.nacos.client.naming          : Grpc Connection is disconnect, skip current redo task
2023-10-15 16:19:33.337 ERROR 19020 --- [eduler-thread-1] com.alibaba.nacos.common.remote.client   : Send request fail, request = ConfigQueryRequest{headers={charset=UTF-8, Client-AppName=unknown, Client-RequestToken=8bde0b5f3df38bf15c5ecb09e582cada, Client-RequestTS=1697357973005, exConfigInfo=true, notify=false}, requestId='null'}, retryTimes = 2, errorMessage = Client not connected, current status:STARTING
2023-10-15 16:19:33.337 ERROR 19020 --- [s.client.Worker] com.alibaba.nacos.common.remote.client   : Send request fail, request = ConfigBatchListenRequest{headers={charset=UTF-8, Client-AppName=unknown, Client-RequestToken=8bde0b5f3df38bf15c5ecb09e582cada, Client-RequestTS=1697357973005, exConfigInfo=true}, requestId='null'}, retryTimes = 2, errorMessage = Client not connected, current status:STARTING
2023-10-15 16:19:33.337  WARN 19020 --- [eduler-thread-1] c.a.n.client.config.NacosConfigService   : [fixed-localhost_8848] [get-config] get from server error, dataId=com.yupi.service.InnerUserService, group=mapping, tenant=, msg=ErrCode:-401, ErrMsg:Client not connected, current status:STARTING
2023-10-15 16:19:33.337  WARN 19020 --- [eduler-thread-1] c.a.n.client.config.NacosConfigService   : [fixed-localhost_8848] [get-config] get snapshot ok, dataId=com.yupi.service.InnerUserService, group=mapping, tenant=, config=
2023-10-15 16:19:33.337 ERROR 19020 --- [s.client.Worker] c.a.n.client.config.impl.ClientWorker    : Async listen config change error 

com.alibaba.nacos.api.exception.NacosException: Client not connected, current status:STARTING
	at com.alibaba.nacos.common.remote.client.RpcClient.request(RpcClient.java:651) ~[nacos-client-2.1.0.jar:na]
	at com.alibaba.nacos.client.config.impl.ClientWorker$ConfigRpcTransportClient.requestProxy(ClientWorker.java:1005) [nacos-client-2.1.0.jar:na]
	at com.alibaba.nacos.client.config.impl.ClientWorker$ConfigRpcTransportClient.requestProxy(ClientWorker.java:986) [nacos-client-2.1.0.jar:na]
	at com.alibaba.nacos.client.config.impl.ClientWorker$ConfigRpcTransportClient.executeConfigListen(ClientWorker.java:777) [nacos-client-2.1.0.jar:na]
	at com.alibaba.nacos.client.config.impl.ClientWorker$ConfigRpcTransportClient.lambda$startInternal$2(ClientWorker.java:695) [nacos-client-2.1.0.jar:na]
	at java.util.concurrent.Executors$RunnableAdapter.call(Executors.java:511) ~[na:1.8.0_202]
	at java.util.concurrent.FutureTask.run(FutureTask.java:266) ~[na:1.8.0_202]
	at java.util.concurrent.ScheduledThreadPoolExecutor$ScheduledFutureTask.access$201(ScheduledThreadPoolExecutor.java:180) ~[na:1.8.0_202]
	at java.util.concurrent.ScheduledThreadPoolExecutor$ScheduledFutureTask.run(ScheduledThreadPoolExecutor.java:293) ~[na:1.8.0_202]
	at java.util.concurrent.ThreadPoolExecutor.runWorker(ThreadPoolExecutor.java:1149) ~[na:1.8.0_202]
	at java.util.concurrent.ThreadPoolExecutor$Worker.run(ThreadPoolExecutor.java:624) ~[na:1.8.0_202]
	at java.lang.Thread.run(Thread.java:748) ~[na:1.8.0_202]

2023-10-15 16:19:33.337  INFO 19020 --- [eduler-thread-1] DiscoveryRegistry$DefaultMappingListener :  [DUBBO] Received mapping notification from meta server, {serviceKey: com.yupi.service.InnerUserService, apps: [dubbo-springboot-demo-provider]}, dubbo version: 3.0.9, current host: 192.168.1.107
2023-10-15 16:19:33.497 ERROR 19020 --- [s.client.Worker] com.alibaba.nacos.common.remote.client   : Send request fail, request = ConfigBatchListenRequest{headers={charset=UTF-8, Client-AppName=unknown, Client-RequestToken=35d35888ac3300b0fade9eb098470134, Client-RequestTS=1697357973385, exConfigInfo=true}, requestId='null'}, retryTimes = 0, errorMessage = Client not connected, current status:STARTING
2023-10-15 16:19:33.608 ERROR 19020 --- [s.client.Worker] com.alibaba.nacos.common.remote.client   : Send request fail, request = ConfigBatchListenRequest{headers={charset=UTF-8, Client-AppName=unknown, Client-RequestToken=35d35888ac3300b0fade9eb098470134, Client-RequestTS=1697357973385, exConfigInfo=true}, requestId='null'}, retryTimes = 1, errorMessage = Client not connected, current status:STARTING
2023-10-15 16:19:33.721 ERROR 19020 --- [s.client.Worker] com.alibaba.nacos.common.remote.client   : Send request fail, request = ConfigBatchListenRequest{headers={charset=UTF-8, Client-AppName=unknown, Client-RequestToken=35d35888ac3300b0fade9eb098470134, Client-RequestTS=1697357973385, exConfigInfo=true}, requestId='null'}, retryTimes = 2, errorMessage = Client not connected, current status:STARTING
2023-10-15 16:19:33.721 ERROR 19020 --- [s.client.Worker] c.a.n.client.config.impl.ClientWorker    : Async listen config change error 

com.alibaba.nacos.api.exception.NacosException: Client not connected, current status:STARTING
	at com.alibaba.nacos.common.remote.client.RpcClient.request(RpcClient.java:651) ~[nacos-client-2.1.0.jar:na]
	at com.alibaba.nacos.client.config.impl.ClientWorker$ConfigRpcTransportClient.requestProxy(ClientWorker.java:1005) [nacos-client-2.1.0.jar:na]
	at com.alibaba.nacos.client.config.impl.ClientWorker$ConfigRpcTransportClient.requestProxy(ClientWorker.java:986) [nacos-client-2.1.0.jar:na]
	at com.alibaba.nacos.client.config.impl.ClientWorker$ConfigRpcTransportClient.executeConfigListen(ClientWorker.java:777) [nacos-client-2.1.0.jar:na]
	at com.alibaba.nacos.client.config.impl.ClientWorker$ConfigRpcTransportClient.lambda$startInternal$2(ClientWorker.java:695) [nacos-client-2.1.0.jar:na]
	at java.util.concurrent.Executors$RunnableAdapter.call(Executors.java:511) ~[na:1.8.0_202]
	at java.util.concurrent.FutureTask.run(FutureTask.java:266) ~[na:1.8.0_202]
	at java.util.concurrent.ScheduledThreadPoolExecutor$ScheduledFutureTask.access$201(ScheduledThreadPoolExecutor.java:180) ~[na:1.8.0_202]
	at java.util.concurrent.ScheduledThreadPoolExecutor$ScheduledFutureTask.run(ScheduledThreadPoolExecutor.java:293) ~[na:1.8.0_202]
	at java.util.concurrent.ThreadPoolExecutor.runWorker(ThreadPoolExecutor.java:1149) ~[na:1.8.0_202]
	at java.util.concurrent.ThreadPoolExecutor$Worker.run(ThreadPoolExecutor.java:624) ~[na:1.8.0_202]
	at java.lang.Thread.run(Thread.java:748) ~[na:1.8.0_202]

2023-10-15 16:19:33.927  INFO 19020 --- [yTimer-thread-1] o.a.d.r.retry.FailedSubscribedTask       :  [DUBBO] retry subscribe : consumer://192.168.1.107/com.yupi.service.InnerUserService?application=dubbo-springboot-demo-provider&background=false&category=providers,configurators,routers&dubbo=2.0.2&interface=com.yupi.service.InnerUserService&methods=getUser&pid=19020&release=3.0.9&revision=0.0.1-SNAPSHOT&side=consumer&sticky=false&timestamp=1697357939843, dubbo version: 3.0.9, current host: 192.168.1.107
2023-10-15 16:19:33.927  INFO 19020 --- [yTimer-thread-1] com.alibaba.nacos.client.naming          : [SUBSCRIBE-SERVICE] service:providers:com.yupi.service.InnerUserService::, group:DEFAULT_GROUP, clusters: 
2023-10-15 16:19:34.037 ERROR 19020 --- [yTimer-thread-1] com.alibaba.nacos.common.remote.client   : Send request fail, request = SubscribeServiceRequest{headers={app=unknown}, requestId='null'}, retryTimes = 0, errorMessage = Client not connected, current status:STARTING
2023-10-15 16:19:34.148 ERROR 19020 --- [yTimer-thread-1] com.alibaba.nacos.common.remote.client   : Send request fail, request = SubscribeServiceRequest{headers={app=unknown}, requestId='null'}, retryTimes = 1, errorMessage = Client not connected, current status:STARTING
2023-10-15 16:19:34.259 ERROR 19020 --- [yTimer-thread-1] com.alibaba.nacos.common.remote.client   : Send request fail, request = SubscribeServiceRequest{headers={app=unknown}, requestId='null'}, retryTimes = 2, errorMessage = Client not connected, current status:STARTING
2023-10-15 16:19:34.259  WARN 19020 --- [yTimer-thread-1] o.a.d.r.retry.FailedSubscribedTask       :  [DUBBO] Failed to execute task retry subscribe, url: consumer://192.168.1.107/com.yupi.service.InnerUserService?application=dubbo-springboot-demo-provider&background=false&category=providers,configurators,routers&dubbo=2.0.2&interface=com.yupi.service.InnerUserService&methods=getUser&pid=19020&release=3.0.9&revision=0.0.1-SNAPSHOT&side=consumer&sticky=false&timestamp=1697357939843, waiting for again, cause:Failed to subscribe consumer://192.168.1.107/com.yupi.service.InnerUserService?application=dubbo-springboot-demo-provider&background=false&category=providers,configurators,routers&dubbo=2.0.2&interface=com.yupi.service.InnerUserService&methods=getUser&pid=19020&release=3.0.9&revision=0.0.1-SNAPSHOT&side=consumer&sticky=false&timestamp=1697357939843 to nacos nacos://localhost:8848/org.apache.dubbo.registry.RegistryService?REGISTRY_CLUSTER=nacos-registry&application=dubbo-springboot-demo-provider&dubbo=2.0.2&interface=org.apache.dubbo.registry.RegistryService&pid=19020&release=3.0.9, cause: Request nacos server failed: , dubbo version: 3.0.9, current host: 192.168.1.107

org.apache.dubbo.rpc.RpcException: Failed to subscribe consumer://192.168.1.107/com.yupi.service.InnerUserService?application=dubbo-springboot-demo-provider&background=false&category=providers,configurators,routers&dubbo=2.0.2&interface=com.yupi.service.InnerUserService&methods=getUser&pid=19020&release=3.0.9&revision=0.0.1-SNAPSHOT&side=consumer&sticky=false&timestamp=1697357939843 to nacos nacos://localhost:8848/org.apache.dubbo.registry.RegistryService?REGISTRY_CLUSTER=nacos-registry&application=dubbo-springboot-demo-provider&dubbo=2.0.2&interface=org.apache.dubbo.registry.RegistryService&pid=19020&release=3.0.9, cause: Request nacos server failed: 
	at org.apache.dubbo.registry.nacos.NacosRegistry.doSubscribe(NacosRegistry.java:259) ~[dubbo-3.0.9.jar:3.0.9]
	at org.apache.dubbo.registry.nacos.NacosRegistry.doSubscribe(NacosRegistry.java:215) ~[dubbo-3.0.9.jar:3.0.9]
	at org.apache.dubbo.registry.retry.FailedSubscribedTask.doRetry(FailedSubscribedTask.java:44) ~[dubbo-3.0.9.jar:3.0.9]
	at org.apache.dubbo.registry.retry.AbstractRetryTask.run(AbstractRetryTask.java:124) ~[dubbo-3.0.9.jar:3.0.9]
	at org.apache.dubbo.common.timer.HashedWheelTimer$HashedWheelTimeout.expire(HashedWheelTimer.java:651) [dubbo-3.0.9.jar:3.0.9]
	at org.apache.dubbo.common.timer.HashedWheelTimer$HashedWheelBucket.expireTimeouts(HashedWheelTimer.java:730) [dubbo-3.0.9.jar:3.0.9]
	at org.apache.dubbo.common.timer.HashedWheelTimer$Worker.run(HashedWheelTimer.java:452) [dubbo-3.0.9.jar:3.0.9]
	at java.lang.Thread.run(Thread.java:748) [na:1.8.0_202]
Caused by: com.alibaba.nacos.api.exception.NacosException: Request nacos server failed: 
	at com.alibaba.nacos.client.naming.remote.gprc.NamingGrpcClientProxy.requestToServer(NamingGrpcClientProxy.java:288) ~[nacos-client-2.1.0.jar:na]
	at com.alibaba.nacos.client.naming.remote.gprc.NamingGrpcClientProxy.doSubscribe(NamingGrpcClientProxy.java:229) ~[nacos-client-2.1.0.jar:na]
	at com.alibaba.nacos.client.naming.remote.gprc.NamingGrpcClientProxy.subscribe(NamingGrpcClientProxy.java:214) ~[nacos-client-2.1.0.jar:na]
	at com.alibaba.nacos.client.naming.remote.NamingClientProxyDelegate.subscribe(NamingClientProxyDelegate.java:147) ~[nacos-client-2.1.0.jar:na]
	at com.alibaba.nacos.client.naming.NacosNamingService.getAllInstances(NacosNamingService.java:229) ~[nacos-client-2.1.0.jar:na]
	at com.alibaba.nacos.client.naming.NacosNamingService.getAllInstances(NacosNamingService.java:212) ~[nacos-client-2.1.0.jar:na]
	at com.alibaba.nacos.client.naming.NacosNamingService.getAllInstances(NacosNamingService.java:190) ~[nacos-client-2.1.0.jar:na]
	at org.apache.dubbo.registry.nacos.NacosNamingServiceWrapper.getAllInstances(NacosNamingServiceWrapper.java:55) ~[dubbo-3.0.9.jar:3.0.9]
	at org.apache.dubbo.registry.nacos.NacosRegistry.doSubscribe(NacosRegistry.java:233) ~[dubbo-3.0.9.jar:3.0.9]
	... 7 common frames omitted
Caused by: com.alibaba.nacos.api.exception.NacosException: Client not connected, current status:STARTING
	at com.alibaba.nacos.common.remote.client.RpcClient.request(RpcClient.java:651) ~[nacos-client-2.1.0.jar:na]
	at com.alibaba.nacos.common.remote.client.RpcClient.request(RpcClient.java:631) ~[nacos-client-2.1.0.jar:na]
	at com.alibaba.nacos.client.naming.remote.gprc.NamingGrpcClientProxy.requestToServer(NamingGrpcClientProxy.java:278) ~[nacos-client-2.1.0.jar:na]
	... 15 common frames omitted

2023-10-15 16:19:34.404 ERROR 19020 --- [t.remote.worker] c.a.n.c.remote.client.grpc.GrpcClient    : Server check fail, please check server localhost ,port 9848 is available , error ={}

java.util.concurrent.TimeoutException: Waited 3000 milliseconds (plus 14 milliseconds, 43400 nanoseconds delay) for com.alibaba.nacos.shaded.io.grpc.stub.ClientCalls$GrpcFuture@7a7f3a23[status=PENDING, info=[GrpcFuture{clientCall={delegate={delegate=ClientCallImpl{method=MethodDescriptor{fullMethodName=Request/request, type=UNARY, idempotent=false, safe=false, sampledToLocalTracing=true, requestMarshaller=com.alibaba.nacos.shaded.io.grpc.protobuf.lite.ProtoLiteUtils$MessageMarshaller@25a94b55, responseMarshaller=com.alibaba.nacos.shaded.io.grpc.protobuf.lite.ProtoLiteUtils$MessageMarshaller@6adc5b9c, schemaDescriptor=com.alibaba.nacos.api.grpc.auto.RequestGrpc$RequestMethodDescriptorSupplier@19c1820d}}}}}]]
	at com.alibaba.nacos.shaded.com.google.common.util.concurrent.AbstractFuture.get(AbstractFuture.java:508) ~[nacos-client-2.1.0.jar:na]
	at com.alibaba.nacos.common.remote.client.grpc.GrpcClient.serverCheck(GrpcClient.java:192) [nacos-client-2.1.0.jar:na]
	at com.alibaba.nacos.common.remote.client.grpc.GrpcClient.connectToServer(GrpcClient.java:302) [nacos-client-2.1.0.jar:na]
	at com.alibaba.nacos.common.remote.client.RpcClient.reconnect(RpcClient.java:521) [nacos-client-2.1.0.jar:na]
	at com.alibaba.nacos.common.remote.client.RpcClient.lambda$start$2(RpcClient.java:369) [nacos-client-2.1.0.jar:na]
	at java.util.concurrent.Executors$RunnableAdapter.call(Executors.java:511) ~[na:1.8.0_202]
	at java.util.concurrent.FutureTask.run(FutureTask.java:266) ~[na:1.8.0_202]
	at java.util.concurrent.ScheduledThreadPoolExecutor$ScheduledFutureTask.access$201(ScheduledThreadPoolExecutor.java:180) ~[na:1.8.0_202]
	at java.util.concurrent.ScheduledThreadPoolExecutor$ScheduledFutureTask.run(ScheduledThreadPoolExecutor.java:293) ~[na:1.8.0_202]
	at java.util.concurrent.ThreadPoolExecutor.runWorker(ThreadPoolExecutor.java:1149) ~[na:1.8.0_202]
	at java.util.concurrent.ThreadPoolExecutor$Worker.run(ThreadPoolExecutor.java:624) ~[na:1.8.0_202]
	at java.lang.Thread.run(Thread.java:748) ~[na:1.8.0_202]

2023-10-15 16:19:34.404  INFO 19020 --- [t.remote.worker] com.alibaba.nacos.common.remote.client   : [1a62660d-ae49-4a8f-8c45-670f650afaa8] Fail to connect server, after trying 19 times, last try server is {serverIp = 'localhost', server main port = 8848}, error = unknown
2023-10-15 16:19:34.624 ERROR 19020 --- [s.client.Worker] com.alibaba.nacos.common.remote.client   : Send request fail, request = ConfigBatchListenRequest{headers={charset=UTF-8, Client-AppName=unknown, Client-RequestToken=d226c1c735a47f4a4bb2df5b99552a7b, Client-RequestTS=1697357974515, exConfigInfo=true}, requestId='null'}, retryTimes = 0, errorMessage = Client not connected, current status:STARTING
2023-10-15 16:19:34.732 ERROR 19020 --- [s.client.Worker] com.alibaba.nacos.common.remote.client   : Send request fail, request = ConfigBatchListenRequest{headers={charset=UTF-8, Client-AppName=unknown, Client-RequestToken=d226c1c735a47f4a4bb2df5b99552a7b, Client-RequestTS=1697357974515, exConfigInfo=true}, requestId='null'}, retryTimes = 1, errorMessage = Client not connected, current status:STARTING
2023-10-15 16:19:34.763 ERROR 19020 --- [           main] com.alibaba.nacos.client.naming          : [NA] failed to request

java.net.ConnectException: Connection refused: connect
	at java.net.DualStackPlainSocketImpl.waitForConnect(Native Method) ~[na:1.8.0_202]
	at java.net.DualStackPlainSocketImpl.socketConnect(DualStackPlainSocketImpl.java:85) ~[na:1.8.0_202]
	at java.net.AbstractPlainSocketImpl.doConnect(AbstractPlainSocketImpl.java:350) ~[na:1.8.0_202]
	at java.net.AbstractPlainSocketImpl.connectToAddress(AbstractPlainSocketImpl.java:206) ~[na:1.8.0_202]
	at java.net.AbstractPlainSocketImpl.connect(AbstractPlainSocketImpl.java:188) ~[na:1.8.0_202]
	at java.net.PlainSocketImpl.connect(PlainSocketImpl.java:172) ~[na:1.8.0_202]
	at java.net.SocksSocketImpl.connect(SocksSocketImpl.java:392) ~[na:1.8.0_202]
	at java.net.Socket.connect(Socket.java:589) ~[na:1.8.0_202]
	at sun.net.NetworkClient.doConnect(NetworkClient.java:175) ~[na:1.8.0_202]
	at sun.net.www.http.HttpClient.openServer(HttpClient.java:463) ~[na:1.8.0_202]
	at sun.net.www.http.HttpClient.openServer(HttpClient.java:558) ~[na:1.8.0_202]
	at sun.net.www.http.HttpClient.<init>(HttpClient.java:242) ~[na:1.8.0_202]
	at sun.net.www.http.HttpClient.New(HttpClient.java:339) ~[na:1.8.0_202]
	at sun.net.www.http.HttpClient.New(HttpClient.java:357) ~[na:1.8.0_202]
	at sun.net.www.protocol.http.HttpURLConnection.getNewHttpClient(HttpURLConnection.java:1220) ~[na:1.8.0_202]
	at sun.net.www.protocol.http.HttpURLConnection.plainConnect0(HttpURLConnection.java:1156) ~[na:1.8.0_202]
	at sun.net.www.protocol.http.HttpURLConnection.plainConnect(HttpURLConnection.java:1050) ~[na:1.8.0_202]
	at sun.net.www.protocol.http.HttpURLConnection.connect(HttpURLConnection.java:984) ~[na:1.8.0_202]
	at com.alibaba.nacos.common.http.client.request.JdkHttpClientRequest.execute(JdkHttpClientRequest.java:114) ~[nacos-client-2.1.0.jar:na]
	at com.alibaba.nacos.common.http.client.NacosRestTemplate.execute(NacosRestTemplate.java:482) ~[nacos-client-2.1.0.jar:na]
	at com.alibaba.nacos.common.http.client.NacosRestTemplate.exchangeForm(NacosRestTemplate.java:427) ~[nacos-client-2.1.0.jar:na]
	at com.alibaba.nacos.client.naming.remote.http.NamingHttpClientProxy.callServer(NamingHttpClientProxy.java:488) [nacos-client-2.1.0.jar:na]
	at com.alibaba.nacos.client.naming.remote.http.NamingHttpClientProxy.reqApi(NamingHttpClientProxy.java:421) [nacos-client-2.1.0.jar:na]
	at com.alibaba.nacos.client.naming.remote.http.NamingHttpClientProxy.reqApi(NamingHttpClientProxy.java:392) [nacos-client-2.1.0.jar:na]
	at com.alibaba.nacos.client.naming.remote.http.NamingHttpClientProxy.reqApi(NamingHttpClientProxy.java:387) [nacos-client-2.1.0.jar:na]
	at com.alibaba.nacos.client.naming.remote.http.NamingHttpClientProxy.serverHealthy(NamingHttpClientProxy.java:317) [nacos-client-2.1.0.jar:na]
	at com.alibaba.nacos.client.naming.remote.NamingClientProxyDelegate.serverHealthy(NamingClientProxyDelegate.java:172) [nacos-client-2.1.0.jar:na]
	at com.alibaba.nacos.client.naming.NacosNamingService.getServerStatus(NacosNamingService.java:450) [nacos-client-2.1.0.jar:na]
	at org.apache.dubbo.registry.nacos.NacosNamingServiceWrapper.getServerStatus(NacosNamingServiceWrapper.java:43) [dubbo-3.0.9.jar:3.0.9]
	at org.apache.dubbo.registry.nacos.NacosRegistry.isAvailable(NacosRegistry.java:146) [dubbo-3.0.9.jar:3.0.9]
	at org.apache.dubbo.registry.ListenerRegistryWrapper.isAvailable(ListenerRegistryWrapper.java:47) [dubbo-3.0.9.jar:3.0.9]
	at org.apache.dubbo.registry.integration.DynamicDirectory.destroy(DynamicDirectory.java:302) [dubbo-3.0.9.jar:3.0.9]
	at org.apache.dubbo.rpc.cluster.support.AbstractClusterInvoker.destroy(AbstractClusterInvoker.java:128) [dubbo-3.0.9.jar:3.0.9]
	at org.apache.dubbo.rpc.cluster.support.wrapper.MockClusterInvoker.destroy(MockClusterInvoker.java:82) [dubbo-3.0.9.jar:3.0.9]
	at org.apache.dubbo.registry.client.migration.MigrationInvoker.destroy(MigrationInvoker.java:325) [dubbo-3.0.9.jar:3.0.9]
	at org.apache.dubbo.config.ReferenceConfig.checkInvokerAvailable(ReferenceConfig.java:535) [dubbo-3.0.9.jar:3.0.9]
	at org.apache.dubbo.config.ReferenceConfig.init(ReferenceConfig.java:293) [dubbo-3.0.9.jar:3.0.9]
	at org.apache.dubbo.config.ReferenceConfig.get(ReferenceConfig.java:219) [dubbo-3.0.9.jar:3.0.9]
	at org.apache.dubbo.config.utils.SimpleReferenceCache.get(SimpleReferenceCache.java:129) [dubbo-3.0.9.jar:3.0.9]
	at org.apache.dubbo.config.deploy.DefaultModuleDeployer.lambda$referServices$6(DefaultModuleDeployer.java:387) [dubbo-3.0.9.jar:3.0.9]
	at java.util.concurrent.ConcurrentHashMap$ValuesView.forEach(ConcurrentHashMap.java:4707) ~[na:1.8.0_202]
	at org.apache.dubbo.config.deploy.DefaultModuleDeployer.referServices(DefaultModuleDeployer.java:367) [dubbo-3.0.9.jar:3.0.9]
	at org.apache.dubbo.config.deploy.DefaultModuleDeployer.start(DefaultModuleDeployer.java:154) [dubbo-3.0.9.jar:3.0.9]
	at org.apache.dubbo.config.spring.context.DubboDeployApplicationListener.onContextRefreshedEvent(DubboDeployApplicationListener.java:111) ~[dubbo-3.0.9.jar:3.0.9]
	at org.apache.dubbo.config.spring.context.DubboDeployApplicationListener.onApplicationEvent(DubboDeployApplicationListener.java:100) ~[dubbo-3.0.9.jar:3.0.9]
	at org.apache.dubbo.config.spring.context.DubboDeployApplicationListener.onApplicationEvent(DubboDeployApplicationListener.java:45) ~[dubbo-3.0.9.jar:3.0.9]
	at org.springframework.context.event.SimpleApplicationEventMulticaster.doInvokeListener(SimpleApplicationEventMulticaster.java:176) ~[spring-context-5.3.20.jar:5.3.20]
	at org.springframework.context.event.SimpleApplicationEventMulticaster.invokeListener(SimpleApplicationEventMulticaster.java:169) ~[spring-context-5.3.20.jar:5.3.20]
	at org.springframework.context.event.SimpleApplicationEventMulticaster.multicastEvent(SimpleApplicationEventMulticaster.java:143) ~[spring-context-5.3.20.jar:5.3.20]
	at org.springframework.context.support.AbstractApplicationContext.publishEvent(AbstractApplicationContext.java:421) ~[spring-context-5.3.20.jar:5.3.20]
	at org.springframework.context.support.AbstractApplicationContext.publishEvent(AbstractApplicationContext.java:378) ~[spring-context-5.3.20.jar:5.3.20]
	at org.springframework.context.support.AbstractApplicationContext.finishRefresh(AbstractApplicationContext.java:938) ~[spring-context-5.3.20.jar:5.3.20]
	at org.springframework.context.support.AbstractApplicationContext.refresh(AbstractApplicationContext.java:586) ~[spring-context-5.3.20.jar:5.3.20]
	at org.springframework.boot.SpringApplication.refresh(SpringApplication.java:734) ~[spring-boot-2.7.0.jar:2.7.0]
	at org.springframework.boot.SpringApplication.refreshContext(SpringApplication.java:408) ~[spring-boot-2.7.0.jar:2.7.0]
	at org.springframework.boot.SpringApplication.run(SpringApplication.java:308) ~[spring-boot-2.7.0.jar:2.7.0]
	at org.springframework.boot.test.context.SpringBootContextLoader.loadContext(SpringBootContextLoader.java:132) ~[spring-boot-test-2.7.0.jar:2.7.0]
	at org.springframework.test.context.cache.DefaultCacheAwareContextLoaderDelegate.loadContextInternal(DefaultCacheAwareContextLoaderDelegate.java:99) ~[spring-test-5.3.20.jar:5.3.20]
	at org.springframework.test.context.cache.DefaultCacheAwareContextLoaderDelegate.loadContext(DefaultCacheAwareContextLoaderDelegate.java:124) ~[spring-test-5.3.20.jar:5.3.20]
	at org.springframework.test.context.support.DefaultTestContext.getApplicationContext(DefaultTestContext.java:124) ~[spring-test-5.3.20.jar:5.3.20]
	at org.springframework.boot.test.autoconfigure.SpringBootDependencyInjectionTestExecutionListener.outputConditionEvaluationReport(SpringBootDependencyInjectionTestExecutionListener.java:53) ~[spring-boot-test-autoconfigure-2.7.0.jar:2.7.0]
	at org.springframework.boot.test.autoconfigure.SpringBootDependencyInjectionTestExecutionListener.prepareTestInstance(SpringBootDependencyInjectionTestExecutionListener.java:46) ~[spring-boot-test-autoconfigure-2.7.0.jar:2.7.0]
	at org.springframework.test.context.TestContextManager.prepareTestInstance(TestContextManager.java:248) ~[spring-test-5.3.20.jar:5.3.20]
	at org.springframework.test.context.junit.jupiter.SpringExtension.postProcessTestInstance(SpringExtension.java:138) ~[spring-test-5.3.20.jar:5.3.20]
	at org.junit.jupiter.engine.descriptor.ClassBasedTestDescriptor.lambda$invokeTestInstancePostProcessors$8(ClassBasedTestDescriptor.java:363) ~[junit-jupiter-engine-5.8.2.jar:5.8.2]
	at org.junit.jupiter.engine.descriptor.ClassBasedTestDescriptor.executeAndMaskThrowable(ClassBasedTestDescriptor.java:368) ~[junit-jupiter-engine-5.8.2.jar:5.8.2]
	at org.junit.jupiter.engine.descriptor.ClassBasedTestDescriptor.lambda$invokeTestInstancePostProcessors$9(ClassBasedTestDescriptor.java:363) ~[junit-jupiter-engine-5.8.2.jar:5.8.2]
	at java.util.stream.ReferencePipeline$3$1.accept(ReferencePipeline.java:193) ~[na:1.8.0_202]
	at java.util.stream.ReferencePipeline$2$1.accept(ReferencePipeline.java:175) ~[na:1.8.0_202]
	at java.util.ArrayList$ArrayListSpliterator.forEachRemaining(ArrayList.java:1382) ~[na:1.8.0_202]
	at java.util.stream.AbstractPipeline.copyInto(AbstractPipeline.java:481) ~[na:1.8.0_202]
	at java.util.stream.AbstractPipeline.wrapAndCopyInto(AbstractPipeline.java:471) ~[na:1.8.0_202]
	at java.util.stream.StreamSpliterators$WrappingSpliterator.forEachRemaining(StreamSpliterators.java:312) ~[na:1.8.0_202]
	at java.util.stream.Streams$ConcatSpliterator.forEachRemaining(Streams.java:743) ~[na:1.8.0_202]
	at java.util.stream.Streams$ConcatSpliterator.forEachRemaining(Streams.java:742) ~[na:1.8.0_202]
	at java.util.stream.ReferencePipeline$Head.forEach(ReferencePipeline.java:580) ~[na:1.8.0_202]
	at org.junit.jupiter.engine.descriptor.ClassBasedTestDescriptor.invokeTestInstancePostProcessors(ClassBasedTestDescriptor.java:362) ~[junit-jupiter-engine-5.8.2.jar:5.8.2]
	at org.junit.jupiter.engine.descriptor.ClassBasedTestDescriptor.lambda$instantiateAndPostProcessTestInstance$6(ClassBasedTestDescriptor.java:283) ~[junit-jupiter-engine-5.8.2.jar:5.8.2]
	at org.junit.platform.engine.support.hierarchical.ThrowableCollector.execute(ThrowableCollector.java:73) ~[junit-platform-engine-1.8.2.jar:1.8.2]
	at org.junit.jupiter.engine.descriptor.ClassBasedTestDescriptor.instantiateAndPostProcessTestInstance(ClassBasedTestDescriptor.java:282) ~[junit-jupiter-engine-5.8.2.jar:5.8.2]
	at org.junit.jupiter.engine.descriptor.ClassBasedTestDescriptor.lambda$testInstancesProvider$4(ClassBasedTestDescriptor.java:272) ~[junit-jupiter-engine-5.8.2.jar:5.8.2]
	at java.util.Optional.orElseGet(Optional.java:267) ~[na:1.8.0_202]
	at org.junit.jupiter.engine.descriptor.ClassBasedTestDescriptor.lambda$testInstancesProvider$5(ClassBasedTestDescriptor.java:271) ~[junit-jupiter-engine-5.8.2.jar:5.8.2]
	at org.junit.jupiter.engine.execution.TestInstancesProvider.getTestInstances(TestInstancesProvider.java:31) ~[junit-jupiter-engine-5.8.2.jar:5.8.2]
	at org.junit.jupiter.engine.descriptor.TestMethodTestDescriptor.lambda$prepare$0(TestMethodTestDescriptor.java:102) ~[junit-jupiter-engine-5.8.2.jar:5.8.2]
	at org.junit.platform.engine.support.hierarchical.ThrowableCollector.execute(ThrowableCollector.java:73) ~[junit-platform-engine-1.8.2.jar:1.8.2]
	at org.junit.jupiter.engine.descriptor.TestMethodTestDescriptor.prepare(TestMethodTestDescriptor.java:101) ~[junit-jupiter-engine-5.8.2.jar:5.8.2]
	at org.junit.jupiter.engine.descriptor.TestMethodTestDescriptor.prepare(TestMethodTestDescriptor.java:66) ~[junit-jupiter-engine-5.8.2.jar:5.8.2]
	at org.junit.platform.engine.support.hierarchical.NodeTestTask.lambda$prepare$2(NodeTestTask.java:123) ~[junit-platform-engine-1.8.2.jar:1.8.2]
	at org.junit.platform.engine.support.hierarchical.ThrowableCollector.execute(ThrowableCollector.java:73) ~[junit-platform-engine-1.8.2.jar:1.8.2]
	at org.junit.platform.engine.support.hierarchical.NodeTestTask.prepare(NodeTestTask.java:123) ~[junit-platform-engine-1.8.2.jar:1.8.2]
	at org.junit.platform.engine.support.hierarchical.NodeTestTask.execute(NodeTestTask.java:90) ~[junit-platform-engine-1.8.2.jar:1.8.2]
	at java.util.ArrayList.forEach(ArrayList.java:1257) ~[na:1.8.0_202]
	at org.junit.platform.engine.support.hierarchical.SameThreadHierarchicalTestExecutorService.invokeAll(SameThreadHierarchicalTestExecutorService.java:41) ~[junit-platform-engine-1.8.2.jar:1.8.2]
	at org.junit.platform.engine.support.hierarchical.NodeTestTask.lambda$executeRecursively$6(NodeTestTask.java:155) ~[junit-platform-engine-1.8.2.jar:1.8.2]
	at org.junit.platform.engine.support.hierarchical.ThrowableCollector.execute(ThrowableCollector.java:73) ~[junit-platform-engine-1.8.2.jar:1.8.2]
	at org.junit.platform.engine.support.hierarchical.NodeTestTask.lambda$executeRecursively$8(NodeTestTask.java:141) ~[junit-platform-engine-1.8.2.jar:1.8.2]
	at org.junit.platform.engine.support.hierarchical.Node.around(Node.java:137) ~[junit-platform-engine-1.8.2.jar:1.8.2]
	at org.junit.platform.engine.support.hierarchical.NodeTestTask.lambda$executeRecursively$9(NodeTestTask.java:139) ~[junit-platform-engine-1.8.2.jar:1.8.2]
	at org.junit.platform.engine.support.hierarchical.ThrowableCollector.execute(ThrowableCollector.java:73) ~[junit-platform-engine-1.8.2.jar:1.8.2]
	at org.junit.platform.engine.support.hierarchical.NodeTestTask.executeRecursively(NodeTestTask.java:138) ~[junit-platform-engine-1.8.2.jar:1.8.2]
	at org.junit.platform.engine.support.hierarchical.NodeTestTask.execute(NodeTestTask.java:95) ~[junit-platform-engine-1.8.2.jar:1.8.2]
	at java.util.ArrayList.forEach(ArrayList.java:1257) ~[na:1.8.0_202]
	at org.junit.platform.engine.support.hierarchical.SameThreadHierarchicalTestExecutorService.invokeAll(SameThreadHierarchicalTestExecutorService.java:41) ~[junit-platform-engine-1.8.2.jar:1.8.2]
	at org.junit.platform.engine.support.hierarchical.NodeTestTask.lambda$executeRecursively$6(NodeTestTask.java:155) ~[junit-platform-engine-1.8.2.jar:1.8.2]
	at org.junit.platform.engine.support.hierarchical.ThrowableCollector.execute(ThrowableCollector.java:73) ~[junit-platform-engine-1.8.2.jar:1.8.2]
	at org.junit.platform.engine.support.hierarchical.NodeTestTask.lambda$executeRecursively$8(NodeTestTask.java:141) ~[junit-platform-engine-1.8.2.jar:1.8.2]
	at org.junit.platform.engine.support.hierarchical.Node.around(Node.java:137) ~[junit-platform-engine-1.8.2.jar:1.8.2]
	at org.junit.platform.engine.support.hierarchical.NodeTestTask.lambda$executeRecursively$9(NodeTestTask.java:139) ~[junit-platform-engine-1.8.2.jar:1.8.2]
	at org.junit.platform.engine.support.hierarchical.ThrowableCollector.execute(ThrowableCollector.java:73) ~[junit-platform-engine-1.8.2.jar:1.8.2]
	at org.junit.platform.engine.support.hierarchical.NodeTestTask.executeRecursively(NodeTestTask.java:138) ~[junit-platform-engine-1.8.2.jar:1.8.2]
	at org.junit.platform.engine.support.hierarchical.NodeTestTask.execute(NodeTestTask.java:95) ~[junit-platform-engine-1.8.2.jar:1.8.2]
	at org.junit.platform.engine.support.hierarchical.SameThreadHierarchicalTestExecutorService.submit(SameThreadHierarchicalTestExecutorService.java:35) ~[junit-platform-engine-1.8.2.jar:1.8.2]
	at org.junit.platform.engine.support.hierarchical.HierarchicalTestExecutor.execute(HierarchicalTestExecutor.java:57) ~[junit-platform-engine-1.8.2.jar:1.8.2]
	at org.junit.platform.engine.support.hierarchical.HierarchicalTestEngine.execute(HierarchicalTestEngine.java:54) ~[junit-platform-engine-1.8.2.jar:1.8.2]
	at org.junit.platform.launcher.core.DefaultLauncher.execute(DefaultLauncher.java:220) ~[junit-platform-launcher-1.3.1.jar:1.3.1]
	at org.junit.platform.launcher.core.DefaultLauncher.lambda$execute$6(DefaultLauncher.java:188) ~[junit-platform-launcher-1.3.1.jar:1.3.1]
	at org.junit.platform.launcher.core.DefaultLauncher.withInterceptedStreams(DefaultLauncher.java:202) ~[junit-platform-launcher-1.3.1.jar:1.3.1]
	at org.junit.platform.launcher.core.DefaultLauncher.execute(DefaultLauncher.java:181) ~[junit-platform-launcher-1.3.1.jar:1.3.1]
	at org.junit.platform.launcher.core.DefaultLauncher.execute(DefaultLauncher.java:128) ~[junit-platform-launcher-1.3.1.jar:1.3.1]
	at org.apache.maven.surefire.junitplatform.JUnitPlatformProvider.invokeAllTests(JUnitPlatformProvider.java:150) ~[surefire-junit-platform-2.22.2.jar:2.22.2]
	at org.apache.maven.surefire.junitplatform.JUnitPlatformProvider.invoke(JUnitPlatformProvider.java:124) ~[surefire-junit-platform-2.22.2.jar:2.22.2]
	at org.apache.maven.surefire.booter.ForkedBooter.invokeProviderInSameClassLoader(ForkedBooter.java:384) ~[surefire-booter-2.22.2.jar:2.22.2]
	at org.apache.maven.surefire.booter.ForkedBooter.runSuitesInProcess(ForkedBooter.java:345) ~[surefire-booter-2.22.2.jar:2.22.2]
	at org.apache.maven.surefire.booter.ForkedBooter.execute(ForkedBooter.java:126) ~[surefire-booter-2.22.2.jar:2.22.2]
	at org.apache.maven.surefire.booter.ForkedBooter.main(ForkedBooter.java:418) ~[surefire-booter-2.22.2.jar:2.22.2]

2023-10-15 16:19:34.844 ERROR 19020 --- [s.client.Worker] com.alibaba.nacos.common.remote.client   : Send request fail, request = ConfigBatchListenRequest{headers={charset=UTF-8, Client-AppName=unknown, Client-RequestToken=d226c1c735a47f4a4bb2df5b99552a7b, Client-RequestTS=1697357974515, exConfigInfo=true}, requestId='null'}, retryTimes = 2, errorMessage = Client not connected, current status:STARTING
2023-10-15 16:19:34.844 ERROR 19020 --- [s.client.Worker] c.a.n.client.config.impl.ClientWorker    : Async listen config change error 

com.alibaba.nacos.api.exception.NacosException: Client not connected, current status:STARTING
	at com.alibaba.nacos.common.remote.client.RpcClient.request(RpcClient.java:651) ~[nacos-client-2.1.0.jar:na]
	at com.alibaba.nacos.client.config.impl.ClientWorker$ConfigRpcTransportClient.requestProxy(ClientWorker.java:1005) [nacos-client-2.1.0.jar:na]
	at com.alibaba.nacos.client.config.impl.ClientWorker$ConfigRpcTransportClient.requestProxy(ClientWorker.java:986) [nacos-client-2.1.0.jar:na]
	at com.alibaba.nacos.client.config.impl.ClientWorker$ConfigRpcTransportClient.executeConfigListen(ClientWorker.java:777) [nacos-client-2.1.0.jar:na]
	at com.alibaba.nacos.client.config.impl.ClientWorker$ConfigRpcTransportClient.lambda$startInternal$2(ClientWorker.java:695) [nacos-client-2.1.0.jar:na]
	at java.util.concurrent.Executors$RunnableAdapter.call(Executors.java:511) ~[na:1.8.0_202]
	at java.util.concurrent.FutureTask.run(FutureTask.java:266) ~[na:1.8.0_202]
	at java.util.concurrent.ScheduledThreadPoolExecutor$ScheduledFutureTask.access$201(ScheduledThreadPoolExecutor.java:180) ~[na:1.8.0_202]
	at java.util.concurrent.ScheduledThreadPoolExecutor$ScheduledFutureTask.run(ScheduledThreadPoolExecutor.java:293) ~[na:1.8.0_202]
	at java.util.concurrent.ThreadPoolExecutor.runWorker(ThreadPoolExecutor.java:1149) ~[na:1.8.0_202]
	at java.util.concurrent.ThreadPoolExecutor$Worker.run(ThreadPoolExecutor.java:624) ~[na:1.8.0_202]
	at java.lang.Thread.run(Thread.java:748) ~[na:1.8.0_202]

2023-10-15 16:19:35.112 ERROR 19020 --- [t.remote.worker] c.a.n.c.remote.client.grpc.GrpcClient    : Server check fail, please check server localhost ,port 9848 is available , error ={}

java.util.concurrent.TimeoutException: Waited 3000 milliseconds (plus 8 milliseconds, 357900 nanoseconds delay) for com.alibaba.nacos.shaded.io.grpc.stub.ClientCalls$GrpcFuture@360d4bd2[status=PENDING, info=[GrpcFuture{clientCall={delegate={delegate=ClientCallImpl{method=MethodDescriptor{fullMethodName=Request/request, type=UNARY, idempotent=false, safe=false, sampledToLocalTracing=true, requestMarshaller=com.alibaba.nacos.shaded.io.grpc.protobuf.lite.ProtoLiteUtils$MessageMarshaller@25a94b55, responseMarshaller=com.alibaba.nacos.shaded.io.grpc.protobuf.lite.ProtoLiteUtils$MessageMarshaller@6adc5b9c, schemaDescriptor=com.alibaba.nacos.api.grpc.auto.RequestGrpc$RequestMethodDescriptorSupplier@19c1820d}}}}}]]
	at com.alibaba.nacos.shaded.com.google.common.util.concurrent.AbstractFuture.get(AbstractFuture.java:508) ~[nacos-client-2.1.0.jar:na]
	at com.alibaba.nacos.common.remote.client.grpc.GrpcClient.serverCheck(GrpcClient.java:192) [nacos-client-2.1.0.jar:na]
	at com.alibaba.nacos.common.remote.client.grpc.GrpcClient.connectToServer(GrpcClient.java:302) [nacos-client-2.1.0.jar:na]
	at com.alibaba.nacos.common.remote.client.RpcClient.reconnect(RpcClient.java:521) [nacos-client-2.1.0.jar:na]
	at com.alibaba.nacos.common.remote.client.RpcClient.lambda$start$2(RpcClient.java:369) [nacos-client-2.1.0.jar:na]
	at java.util.concurrent.Executors$RunnableAdapter.call(Executors.java:511) ~[na:1.8.0_202]
	at java.util.concurrent.FutureTask.run(FutureTask.java:266) ~[na:1.8.0_202]
	at java.util.concurrent.ScheduledThreadPoolExecutor$ScheduledFutureTask.access$201(ScheduledThreadPoolExecutor.java:180) ~[na:1.8.0_202]
	at java.util.concurrent.ScheduledThreadPoolExecutor$ScheduledFutureTask.run(ScheduledThreadPoolExecutor.java:293) ~[na:1.8.0_202]
	at java.util.concurrent.ThreadPoolExecutor.runWorker(ThreadPoolExecutor.java:1149) ~[na:1.8.0_202]
	at java.util.concurrent.ThreadPoolExecutor$Worker.run(ThreadPoolExecutor.java:624) ~[na:1.8.0_202]
	at java.lang.Thread.run(Thread.java:748) ~[na:1.8.0_202]

2023-10-15 16:19:35.112  INFO 19020 --- [t.remote.worker] com.alibaba.nacos.common.remote.client   : [fe9b996a-7e47-43fe-ad06-6dbc78424a39_config-0] Fail to connect server, after trying 14 times, last try server is {serverIp = 'localhost', server main port = 8848}, error = unknown
2023-10-15 16:19:35.332  WARN 19020 --- [ing.grpc.redo.0] com.alibaba.nacos.client.naming          : Grpc Connection is disconnect, skip current redo task
2023-10-15 16:19:35.841 ERROR 19020 --- [t.remote.worker] c.a.n.c.remote.client.grpc.GrpcClient    : Server check fail, please check server localhost ,port 9848 is available , error ={}

java.util.concurrent.TimeoutException: Waited 3000 milliseconds (plus 10 milliseconds, 291200 nanoseconds delay) for com.alibaba.nacos.shaded.io.grpc.stub.ClientCalls$GrpcFuture@2affb1b2[status=PENDING, info=[GrpcFuture{clientCall={delegate={delegate=ClientCallImpl{method=MethodDescriptor{fullMethodName=Request/request, type=UNARY, idempotent=false, safe=false, sampledToLocalTracing=true, requestMarshaller=com.alibaba.nacos.shaded.io.grpc.protobuf.lite.ProtoLiteUtils$MessageMarshaller@25a94b55, responseMarshaller=com.alibaba.nacos.shaded.io.grpc.protobuf.lite.ProtoLiteUtils$MessageMarshaller@6adc5b9c, schemaDescriptor=com.alibaba.nacos.api.grpc.auto.RequestGrpc$RequestMethodDescriptorSupplier@19c1820d}}}}}]]
	at com.alibaba.nacos.shaded.com.google.common.util.concurrent.AbstractFuture.get(AbstractFuture.java:508) ~[nacos-client-2.1.0.jar:na]
	at com.alibaba.nacos.common.remote.client.grpc.GrpcClient.serverCheck(GrpcClient.java:192) [nacos-client-2.1.0.jar:na]
	at com.alibaba.nacos.common.remote.client.grpc.GrpcClient.connectToServer(GrpcClient.java:302) [nacos-client-2.1.0.jar:na]
	at com.alibaba.nacos.common.remote.client.RpcClient.reconnect(RpcClient.java:521) [nacos-client-2.1.0.jar:na]
	at com.alibaba.nacos.common.remote.client.RpcClient.lambda$start$2(RpcClient.java:369) [nacos-client-2.1.0.jar:na]
	at java.util.concurrent.Executors$RunnableAdapter.call(Executors.java:511) ~[na:1.8.0_202]
	at java.util.concurrent.FutureTask.run(FutureTask.java:266) ~[na:1.8.0_202]
	at java.util.concurrent.ScheduledThreadPoolExecutor$ScheduledFutureTask.access$201(ScheduledThreadPoolExecutor.java:180) ~[na:1.8.0_202]
	at java.util.concurrent.ScheduledThreadPoolExecutor$ScheduledFutureTask.run(ScheduledThreadPoolExecutor.java:293) ~[na:1.8.0_202]
	at java.util.concurrent.ThreadPoolExecutor.runWorker(ThreadPoolExecutor.java:1149) ~[na:1.8.0_202]
	at java.util.concurrent.ThreadPoolExecutor$Worker.run(ThreadPoolExecutor.java:624) ~[na:1.8.0_202]
	at java.lang.Thread.run(Thread.java:748) ~[na:1.8.0_202]

2023-10-15 16:19:35.841  INFO 19020 --- [t.remote.worker] com.alibaba.nacos.common.remote.client   : [45c1d4e9-7c56-47f4-ae88-3b4fba725ea0] Fail to connect server, after trying 7 times, last try server is {serverIp = 'localhost', server main port = 8848}, error = unknown
2023-10-15 16:19:35.952 ERROR 19020 --- [t.remote.worker] c.a.n.c.remote.client.grpc.GrpcClient    : Server check fail, please check server localhost ,port 9848 is available , error ={}

java.util.concurrent.TimeoutException: Waited 3000 milliseconds (plus 9 milliseconds, 32100 nanoseconds delay) for com.alibaba.nacos.shaded.io.grpc.stub.ClientCalls$GrpcFuture@4e500f64[status=PENDING, info=[GrpcFuture{clientCall={delegate={delegate=ClientCallImpl{method=MethodDescriptor{fullMethodName=Request/request, type=UNARY, idempotent=false, safe=false, sampledToLocalTracing=true, requestMarshaller=com.alibaba.nacos.shaded.io.grpc.protobuf.lite.ProtoLiteUtils$MessageMarshaller@25a94b55, responseMarshaller=com.alibaba.nacos.shaded.io.grpc.protobuf.lite.ProtoLiteUtils$MessageMarshaller@6adc5b9c, schemaDescriptor=com.alibaba.nacos.api.grpc.auto.RequestGrpc$RequestMethodDescriptorSupplier@19c1820d}}}}}]]
	at com.alibaba.nacos.shaded.com.google.common.util.concurrent.AbstractFuture.get(AbstractFuture.java:508) ~[nacos-client-2.1.0.jar:na]
	at com.alibaba.nacos.common.remote.client.grpc.GrpcClient.serverCheck(GrpcClient.java:192) [nacos-client-2.1.0.jar:na]
	at com.alibaba.nacos.common.remote.client.grpc.GrpcClient.connectToServer(GrpcClient.java:302) [nacos-client-2.1.0.jar:na]
	at com.alibaba.nacos.common.remote.client.RpcClient.reconnect(RpcClient.java:521) [nacos-client-2.1.0.jar:na]
	at com.alibaba.nacos.common.remote.client.RpcClient.lambda$start$2(RpcClient.java:369) [nacos-client-2.1.0.jar:na]
	at java.util.concurrent.Executors$RunnableAdapter.call(Executors.java:511) ~[na:1.8.0_202]
	at java.util.concurrent.FutureTask.run(FutureTask.java:266) ~[na:1.8.0_202]
	at java.util.concurrent.ScheduledThreadPoolExecutor$ScheduledFutureTask.access$201(ScheduledThreadPoolExecutor.java:180) ~[na:1.8.0_202]
	at java.util.concurrent.ScheduledThreadPoolExecutor$ScheduledFutureTask.run(ScheduledThreadPoolExecutor.java:293) ~[na:1.8.0_202]
	at java.util.concurrent.ThreadPoolExecutor.runWorker(ThreadPoolExecutor.java:1149) ~[na:1.8.0_202]
	at java.util.concurrent.ThreadPoolExecutor$Worker.run(ThreadPoolExecutor.java:624) ~[na:1.8.0_202]
	at java.lang.Thread.run(Thread.java:748) ~[na:1.8.0_202]

2023-10-15 16:19:35.952  INFO 19020 --- [t.remote.worker] com.alibaba.nacos.common.remote.client   : [3b7876bc-3d8f-4bce-b2f6-42ad5540381f] Fail to connect server, after trying 3 times, last try server is {serverIp = 'localhost', server main port = 8848}, error = unknown
2023-10-15 16:19:35.968  WARN 19020 --- [ing.grpc.redo.0] com.alibaba.nacos.client.naming          : Grpc Connection is disconnect, skip current redo task
2023-10-15 16:19:36.016 ERROR 19020 --- [t.remote.worker] c.a.n.c.remote.client.grpc.GrpcClient    : Server check fail, please check server localhost ,port 9848 is available , error ={}

java.util.concurrent.TimeoutException: Waited 3000 milliseconds (plus 9 milliseconds, 515600 nanoseconds delay) for com.alibaba.nacos.shaded.io.grpc.stub.ClientCalls$GrpcFuture@15ee5d2b[status=PENDING, info=[GrpcFuture{clientCall={delegate={delegate=ClientCallImpl{method=MethodDescriptor{fullMethodName=Request/request, type=UNARY, idempotent=false, safe=false, sampledToLocalTracing=true, requestMarshaller=com.alibaba.nacos.shaded.io.grpc.protobuf.lite.ProtoLiteUtils$MessageMarshaller@25a94b55, responseMarshaller=com.alibaba.nacos.shaded.io.grpc.protobuf.lite.ProtoLiteUtils$MessageMarshaller@6adc5b9c, schemaDescriptor=com.alibaba.nacos.api.grpc.auto.RequestGrpc$RequestMethodDescriptorSupplier@19c1820d}}}}}]]
	at com.alibaba.nacos.shaded.com.google.common.util.concurrent.AbstractFuture.get(AbstractFuture.java:508) ~[nacos-client-2.1.0.jar:na]
	at com.alibaba.nacos.common.remote.client.grpc.GrpcClient.serverCheck(GrpcClient.java:192) [nacos-client-2.1.0.jar:na]
	at com.alibaba.nacos.common.remote.client.grpc.GrpcClient.connectToServer(GrpcClient.java:302) [nacos-client-2.1.0.jar:na]
	at com.alibaba.nacos.common.remote.client.RpcClient.reconnect(RpcClient.java:521) [nacos-client-2.1.0.jar:na]
	at com.alibaba.nacos.common.remote.client.RpcClient.lambda$start$2(RpcClient.java:369) [nacos-client-2.1.0.jar:na]
	at java.util.concurrent.Executors$RunnableAdapter.call(Executors.java:511) ~[na:1.8.0_202]
	at java.util.concurrent.FutureTask.run(FutureTask.java:266) ~[na:1.8.0_202]
	at java.util.concurrent.ScheduledThreadPoolExecutor$ScheduledFutureTask.access$201(ScheduledThreadPoolExecutor.java:180) ~[na:1.8.0_202]
	at java.util.concurrent.ScheduledThreadPoolExecutor$ScheduledFutureTask.run(ScheduledThreadPoolExecutor.java:293) ~[na:1.8.0_202]
	at java.util.concurrent.ThreadPoolExecutor.runWorker(ThreadPoolExecutor.java:1149) ~[na:1.8.0_202]
	at java.util.concurrent.ThreadPoolExecutor$Worker.run(ThreadPoolExecutor.java:624) ~[na:1.8.0_202]
	at java.lang.Thread.run(Thread.java:748) ~[na:1.8.0_202]

2023-10-15 16:19:36.287  WARN 19020 --- [ing.grpc.redo.0] com.alibaba.nacos.client.naming          : Grpc Connection is disconnect, skip current redo task
2023-10-15 16:19:36.795 ERROR 19020 --- [           main] com.alibaba.nacos.client.naming          : [NA] failed to request

java.net.ConnectException: Connection refused: connect
	at java.net.DualStackPlainSocketImpl.waitForConnect(Native Method) ~[na:1.8.0_202]
	at java.net.DualStackPlainSocketImpl.socketConnect(DualStackPlainSocketImpl.java:85) ~[na:1.8.0_202]
	at java.net.AbstractPlainSocketImpl.doConnect(AbstractPlainSocketImpl.java:350) ~[na:1.8.0_202]
	at java.net.AbstractPlainSocketImpl.connectToAddress(AbstractPlainSocketImpl.java:206) ~[na:1.8.0_202]
	at java.net.AbstractPlainSocketImpl.connect(AbstractPlainSocketImpl.java:188) ~[na:1.8.0_202]
	at java.net.PlainSocketImpl.connect(PlainSocketImpl.java:172) ~[na:1.8.0_202]
	at java.net.SocksSocketImpl.connect(SocksSocketImpl.java:392) ~[na:1.8.0_202]
	at java.net.Socket.connect(Socket.java:589) ~[na:1.8.0_202]
	at sun.net.NetworkClient.doConnect(NetworkClient.java:175) ~[na:1.8.0_202]
	at sun.net.www.http.HttpClient.openServer(HttpClient.java:463) ~[na:1.8.0_202]
	at sun.net.www.http.HttpClient.openServer(HttpClient.java:558) ~[na:1.8.0_202]
	at sun.net.www.http.HttpClient.<init>(HttpClient.java:242) ~[na:1.8.0_202]
	at sun.net.www.http.HttpClient.New(HttpClient.java:339) ~[na:1.8.0_202]
	at sun.net.www.http.HttpClient.New(HttpClient.java:357) ~[na:1.8.0_202]
	at sun.net.www.protocol.http.HttpURLConnection.getNewHttpClient(HttpURLConnection.java:1220) ~[na:1.8.0_202]
	at sun.net.www.protocol.http.HttpURLConnection.plainConnect0(HttpURLConnection.java:1156) ~[na:1.8.0_202]
	at sun.net.www.protocol.http.HttpURLConnection.plainConnect(HttpURLConnection.java:1050) ~[na:1.8.0_202]
	at sun.net.www.protocol.http.HttpURLConnection.connect(HttpURLConnection.java:984) ~[na:1.8.0_202]
	at com.alibaba.nacos.common.http.client.request.JdkHttpClientRequest.execute(JdkHttpClientRequest.java:114) ~[nacos-client-2.1.0.jar:na]
	at com.alibaba.nacos.common.http.client.NacosRestTemplate.execute(NacosRestTemplate.java:482) ~[nacos-client-2.1.0.jar:na]
	at com.alibaba.nacos.common.http.client.NacosRestTemplate.exchangeForm(NacosRestTemplate.java:427) ~[nacos-client-2.1.0.jar:na]
	at com.alibaba.nacos.client.naming.remote.http.NamingHttpClientProxy.callServer(NamingHttpClientProxy.java:488) [nacos-client-2.1.0.jar:na]
	at com.alibaba.nacos.client.naming.remote.http.NamingHttpClientProxy.reqApi(NamingHttpClientProxy.java:421) [nacos-client-2.1.0.jar:na]
	at com.alibaba.nacos.client.naming.remote.http.NamingHttpClientProxy.reqApi(NamingHttpClientProxy.java:392) [nacos-client-2.1.0.jar:na]
	at com.alibaba.nacos.client.naming.remote.http.NamingHttpClientProxy.reqApi(NamingHttpClientProxy.java:387) [nacos-client-2.1.0.jar:na]
	at com.alibaba.nacos.client.naming.remote.http.NamingHttpClientProxy.serverHealthy(NamingHttpClientProxy.java:317) [nacos-client-2.1.0.jar:na]
	at com.alibaba.nacos.client.naming.remote.NamingClientProxyDelegate.serverHealthy(NamingClientProxyDelegate.java:172) [nacos-client-2.1.0.jar:na]
	at com.alibaba.nacos.client.naming.NacosNamingService.getServerStatus(NacosNamingService.java:450) [nacos-client-2.1.0.jar:na]
	at org.apache.dubbo.registry.nacos.NacosNamingServiceWrapper.getServerStatus(NacosNamingServiceWrapper.java:43) [dubbo-3.0.9.jar:3.0.9]
	at org.apache.dubbo.registry.nacos.NacosRegistry.isAvailable(NacosRegistry.java:146) [dubbo-3.0.9.jar:3.0.9]
	at org.apache.dubbo.registry.ListenerRegistryWrapper.isAvailable(ListenerRegistryWrapper.java:47) [dubbo-3.0.9.jar:3.0.9]
	at org.apache.dubbo.registry.integration.DynamicDirectory.destroy(DynamicDirectory.java:302) [dubbo-3.0.9.jar:3.0.9]
	at org.apache.dubbo.rpc.cluster.support.AbstractClusterInvoker.destroy(AbstractClusterInvoker.java:128) [dubbo-3.0.9.jar:3.0.9]
	at org.apache.dubbo.rpc.cluster.support.wrapper.MockClusterInvoker.destroy(MockClusterInvoker.java:82) [dubbo-3.0.9.jar:3.0.9]
	at org.apache.dubbo.registry.client.migration.MigrationInvoker.destroy(MigrationInvoker.java:325) [dubbo-3.0.9.jar:3.0.9]
	at org.apache.dubbo.config.ReferenceConfig.checkInvokerAvailable(ReferenceConfig.java:535) [dubbo-3.0.9.jar:3.0.9]
	at org.apache.dubbo.config.ReferenceConfig.init(ReferenceConfig.java:293) [dubbo-3.0.9.jar:3.0.9]
	at org.apache.dubbo.config.ReferenceConfig.get(ReferenceConfig.java:219) [dubbo-3.0.9.jar:3.0.9]
	at org.apache.dubbo.config.utils.SimpleReferenceCache.get(SimpleReferenceCache.java:129) [dubbo-3.0.9.jar:3.0.9]
	at org.apache.dubbo.config.deploy.DefaultModuleDeployer.lambda$referServices$6(DefaultModuleDeployer.java:387) [dubbo-3.0.9.jar:3.0.9]
	at java.util.concurrent.ConcurrentHashMap$ValuesView.forEach(ConcurrentHashMap.java:4707) ~[na:1.8.0_202]
	at org.apache.dubbo.config.deploy.DefaultModuleDeployer.referServices(DefaultModuleDeployer.java:367) [dubbo-3.0.9.jar:3.0.9]
	at org.apache.dubbo.config.deploy.DefaultModuleDeployer.start(DefaultModuleDeployer.java:154) [dubbo-3.0.9.jar:3.0.9]
	at org.apache.dubbo.config.spring.context.DubboDeployApplicationListener.onContextRefreshedEvent(DubboDeployApplicationListener.java:111) ~[dubbo-3.0.9.jar:3.0.9]
	at org.apache.dubbo.config.spring.context.DubboDeployApplicationListener.onApplicationEvent(DubboDeployApplicationListener.java:100) ~[dubbo-3.0.9.jar:3.0.9]
	at org.apache.dubbo.config.spring.context.DubboDeployApplicationListener.onApplicationEvent(DubboDeployApplicationListener.java:45) ~[dubbo-3.0.9.jar:3.0.9]
	at org.springframework.context.event.SimpleApplicationEventMulticaster.doInvokeListener(SimpleApplicationEventMulticaster.java:176) ~[spring-context-5.3.20.jar:5.3.20]
	at org.springframework.context.event.SimpleApplicationEventMulticaster.invokeListener(SimpleApplicationEventMulticaster.java:169) ~[spring-context-5.3.20.jar:5.3.20]
	at org.springframework.context.event.SimpleApplicationEventMulticaster.multicastEvent(SimpleApplicationEventMulticaster.java:143) ~[spring-context-5.3.20.jar:5.3.20]
	at org.springframework.context.support.AbstractApplicationContext.publishEvent(AbstractApplicationContext.java:421) ~[spring-context-5.3.20.jar:5.3.20]
	at org.springframework.context.support.AbstractApplicationContext.publishEvent(AbstractApplicationContext.java:378) ~[spring-context-5.3.20.jar:5.3.20]
	at org.springframework.context.support.AbstractApplicationContext.finishRefresh(AbstractApplicationContext.java:938) ~[spring-context-5.3.20.jar:5.3.20]
	at org.springframework.context.support.AbstractApplicationContext.refresh(AbstractApplicationContext.java:586) ~[spring-context-5.3.20.jar:5.3.20]
	at org.springframework.boot.SpringApplication.refresh(SpringApplication.java:734) ~[spring-boot-2.7.0.jar:2.7.0]
	at org.springframework.boot.SpringApplication.refreshContext(SpringApplication.java:408) ~[spring-boot-2.7.0.jar:2.7.0]
	at org.springframework.boot.SpringApplication.run(SpringApplication.java:308) ~[spring-boot-2.7.0.jar:2.7.0]
	at org.springframework.boot.test.context.SpringBootContextLoader.loadContext(SpringBootContextLoader.java:132) ~[spring-boot-test-2.7.0.jar:2.7.0]
	at org.springframework.test.context.cache.DefaultCacheAwareContextLoaderDelegate.loadContextInternal(DefaultCacheAwareContextLoaderDelegate.java:99) ~[spring-test-5.3.20.jar:5.3.20]
	at org.springframework.test.context.cache.DefaultCacheAwareContextLoaderDelegate.loadContext(DefaultCacheAwareContextLoaderDelegate.java:124) ~[spring-test-5.3.20.jar:5.3.20]
	at org.springframework.test.context.support.DefaultTestContext.getApplicationContext(DefaultTestContext.java:124) ~[spring-test-5.3.20.jar:5.3.20]
	at org.springframework.boot.test.autoconfigure.SpringBootDependencyInjectionTestExecutionListener.outputConditionEvaluationReport(SpringBootDependencyInjectionTestExecutionListener.java:53) ~[spring-boot-test-autoconfigure-2.7.0.jar:2.7.0]
	at org.springframework.boot.test.autoconfigure.SpringBootDependencyInjectionTestExecutionListener.prepareTestInstance(SpringBootDependencyInjectionTestExecutionListener.java:46) ~[spring-boot-test-autoconfigure-2.7.0.jar:2.7.0]
	at org.springframework.test.context.TestContextManager.prepareTestInstance(TestContextManager.java:248) ~[spring-test-5.3.20.jar:5.3.20]
	at org.springframework.test.context.junit.jupiter.SpringExtension.postProcessTestInstance(SpringExtension.java:138) ~[spring-test-5.3.20.jar:5.3.20]
	at org.junit.jupiter.engine.descriptor.ClassBasedTestDescriptor.lambda$invokeTestInstancePostProcessors$8(ClassBasedTestDescriptor.java:363) ~[junit-jupiter-engine-5.8.2.jar:5.8.2]
	at org.junit.jupiter.engine.descriptor.ClassBasedTestDescriptor.executeAndMaskThrowable(ClassBasedTestDescriptor.java:368) ~[junit-jupiter-engine-5.8.2.jar:5.8.2]
	at org.junit.jupiter.engine.descriptor.ClassBasedTestDescriptor.lambda$invokeTestInstancePostProcessors$9(ClassBasedTestDescriptor.java:363) ~[junit-jupiter-engine-5.8.2.jar:5.8.2]
	at java.util.stream.ReferencePipeline$3$1.accept(ReferencePipeline.java:193) ~[na:1.8.0_202]
	at java.util.stream.ReferencePipeline$2$1.accept(ReferencePipeline.java:175) ~[na:1.8.0_202]
	at java.util.ArrayList$ArrayListSpliterator.forEachRemaining(ArrayList.java:1382) ~[na:1.8.0_202]
	at java.util.stream.AbstractPipeline.copyInto(AbstractPipeline.java:481) ~[na:1.8.0_202]
	at java.util.stream.AbstractPipeline.wrapAndCopyInto(AbstractPipeline.java:471) ~[na:1.8.0_202]
	at java.util.stream.StreamSpliterators$WrappingSpliterator.forEachRemaining(StreamSpliterators.java:312) ~[na:1.8.0_202]
	at java.util.stream.Streams$ConcatSpliterator.forEachRemaining(Streams.java:743) ~[na:1.8.0_202]
	at java.util.stream.Streams$ConcatSpliterator.forEachRemaining(Streams.java:742) ~[na:1.8.0_202]
	at java.util.stream.ReferencePipeline$Head.forEach(ReferencePipeline.java:580) ~[na:1.8.0_202]
	at org.junit.jupiter.engine.descriptor.ClassBasedTestDescriptor.invokeTestInstancePostProcessors(ClassBasedTestDescriptor.java:362) ~[junit-jupiter-engine-5.8.2.jar:5.8.2]
	at org.junit.jupiter.engine.descriptor.ClassBasedTestDescriptor.lambda$instantiateAndPostProcessTestInstance$6(ClassBasedTestDescriptor.java:283) ~[junit-jupiter-engine-5.8.2.jar:5.8.2]
	at org.junit.platform.engine.support.hierarchical.ThrowableCollector.execute(ThrowableCollector.java:73) ~[junit-platform-engine-1.8.2.jar:1.8.2]
	at org.junit.jupiter.engine.descriptor.ClassBasedTestDescriptor.instantiateAndPostProcessTestInstance(ClassBasedTestDescriptor.java:282) ~[junit-jupiter-engine-5.8.2.jar:5.8.2]
	at org.junit.jupiter.engine.descriptor.ClassBasedTestDescriptor.lambda$testInstancesProvider$4(ClassBasedTestDescriptor.java:272) ~[junit-jupiter-engine-5.8.2.jar:5.8.2]
	at java.util.Optional.orElseGet(Optional.java:267) ~[na:1.8.0_202]
	at org.junit.jupiter.engine.descriptor.ClassBasedTestDescriptor.lambda$testInstancesProvider$5(ClassBasedTestDescriptor.java:271) ~[junit-jupiter-engine-5.8.2.jar:5.8.2]
	at org.junit.jupiter.engine.execution.TestInstancesProvider.getTestInstances(TestInstancesProvider.java:31) ~[junit-jupiter-engine-5.8.2.jar:5.8.2]
	at org.junit.jupiter.engine.descriptor.TestMethodTestDescriptor.lambda$prepare$0(TestMethodTestDescriptor.java:102) ~[junit-jupiter-engine-5.8.2.jar:5.8.2]
	at org.junit.platform.engine.support.hierarchical.ThrowableCollector.execute(ThrowableCollector.java:73) ~[junit-platform-engine-1.8.2.jar:1.8.2]
	at org.junit.jupiter.engine.descriptor.TestMethodTestDescriptor.prepare(TestMethodTestDescriptor.java:101) ~[junit-jupiter-engine-5.8.2.jar:5.8.2]
	at org.junit.jupiter.engine.descriptor.TestMethodTestDescriptor.prepare(TestMethodTestDescriptor.java:66) ~[junit-jupiter-engine-5.8.2.jar:5.8.2]
	at org.junit.platform.engine.support.hierarchical.NodeTestTask.lambda$prepare$2(NodeTestTask.java:123) ~[junit-platform-engine-1.8.2.jar:1.8.2]
	at org.junit.platform.engine.support.hierarchical.ThrowableCollector.execute(ThrowableCollector.java:73) ~[junit-platform-engine-1.8.2.jar:1.8.2]
	at org.junit.platform.engine.support.hierarchical.NodeTestTask.prepare(NodeTestTask.java:123) ~[junit-platform-engine-1.8.2.jar:1.8.2]
	at org.junit.platform.engine.support.hierarchical.NodeTestTask.execute(NodeTestTask.java:90) ~[junit-platform-engine-1.8.2.jar:1.8.2]
	at java.util.ArrayList.forEach(ArrayList.java:1257) ~[na:1.8.0_202]
	at org.junit.platform.engine.support.hierarchical.SameThreadHierarchicalTestExecutorService.invokeAll(SameThreadHierarchicalTestExecutorService.java:41) ~[junit-platform-engine-1.8.2.jar:1.8.2]
	at org.junit.platform.engine.support.hierarchical.NodeTestTask.lambda$executeRecursively$6(NodeTestTask.java:155) ~[junit-platform-engine-1.8.2.jar:1.8.2]
	at org.junit.platform.engine.support.hierarchical.ThrowableCollector.execute(ThrowableCollector.java:73) ~[junit-platform-engine-1.8.2.jar:1.8.2]
	at org.junit.platform.engine.support.hierarchical.NodeTestTask.lambda$executeRecursively$8(NodeTestTask.java:141) ~[junit-platform-engine-1.8.2.jar:1.8.2]
	at org.junit.platform.engine.support.hierarchical.Node.around(Node.java:137) ~[junit-platform-engine-1.8.2.jar:1.8.2]
	at org.junit.platform.engine.support.hierarchical.NodeTestTask.lambda$executeRecursively$9(NodeTestTask.java:139) ~[junit-platform-engine-1.8.2.jar:1.8.2]
	at org.junit.platform.engine.support.hierarchical.ThrowableCollector.execute(ThrowableCollector.java:73) ~[junit-platform-engine-1.8.2.jar:1.8.2]
	at org.junit.platform.engine.support.hierarchical.NodeTestTask.executeRecursively(NodeTestTask.java:138) ~[junit-platform-engine-1.8.2.jar:1.8.2]
	at org.junit.platform.engine.support.hierarchical.NodeTestTask.execute(NodeTestTask.java:95) ~[junit-platform-engine-1.8.2.jar:1.8.2]
	at java.util.ArrayList.forEach(ArrayList.java:1257) ~[na:1.8.0_202]
	at org.junit.platform.engine.support.hierarchical.SameThreadHierarchicalTestExecutorService.invokeAll(SameThreadHierarchicalTestExecutorService.java:41) ~[junit-platform-engine-1.8.2.jar:1.8.2]
	at org.junit.platform.engine.support.hierarchical.NodeTestTask.lambda$executeRecursively$6(NodeTestTask.java:155) ~[junit-platform-engine-1.8.2.jar:1.8.2]
	at org.junit.platform.engine.support.hierarchical.ThrowableCollector.execute(ThrowableCollector.java:73) ~[junit-platform-engine-1.8.2.jar:1.8.2]
	at org.junit.platform.engine.support.hierarchical.NodeTestTask.lambda$executeRecursively$8(NodeTestTask.java:141) ~[junit-platform-engine-1.8.2.jar:1.8.2]
	at org.junit.platform.engine.support.hierarchical.Node.around(Node.java:137) ~[junit-platform-engine-1.8.2.jar:1.8.2]
	at org.junit.platform.engine.support.hierarchical.NodeTestTask.lambda$executeRecursively$9(NodeTestTask.java:139) ~[junit-platform-engine-1.8.2.jar:1.8.2]
	at org.junit.platform.engine.support.hierarchical.ThrowableCollector.execute(ThrowableCollector.java:73) ~[junit-platform-engine-1.8.2.jar:1.8.2]
	at org.junit.platform.engine.support.hierarchical.NodeTestTask.executeRecursively(NodeTestTask.java:138) ~[junit-platform-engine-1.8.2.jar:1.8.2]
	at org.junit.platform.engine.support.hierarchical.NodeTestTask.execute(NodeTestTask.java:95) ~[junit-platform-engine-1.8.2.jar:1.8.2]
	at org.junit.platform.engine.support.hierarchical.SameThreadHierarchicalTestExecutorService.submit(SameThreadHierarchicalTestExecutorService.java:35) ~[junit-platform-engine-1.8.2.jar:1.8.2]
	at org.junit.platform.engine.support.hierarchical.HierarchicalTestExecutor.execute(HierarchicalTestExecutor.java:57) ~[junit-platform-engine-1.8.2.jar:1.8.2]
	at org.junit.platform.engine.support.hierarchical.HierarchicalTestEngine.execute(HierarchicalTestEngine.java:54) ~[junit-platform-engine-1.8.2.jar:1.8.2]
	at org.junit.platform.launcher.core.DefaultLauncher.execute(DefaultLauncher.java:220) ~[junit-platform-launcher-1.3.1.jar:1.3.1]
	at org.junit.platform.launcher.core.DefaultLauncher.lambda$execute$6(DefaultLauncher.java:188) ~[junit-platform-launcher-1.3.1.jar:1.3.1]
	at org.junit.platform.launcher.core.DefaultLauncher.withInterceptedStreams(DefaultLauncher.java:202) ~[junit-platform-launcher-1.3.1.jar:1.3.1]
	at org.junit.platform.launcher.core.DefaultLauncher.execute(DefaultLauncher.java:181) ~[junit-platform-launcher-1.3.1.jar:1.3.1]
	at org.junit.platform.launcher.core.DefaultLauncher.execute(DefaultLauncher.java:128) ~[junit-platform-launcher-1.3.1.jar:1.3.1]
	at org.apache.maven.surefire.junitplatform.JUnitPlatformProvider.invokeAllTests(JUnitPlatformProvider.java:150) ~[surefire-junit-platform-2.22.2.jar:2.22.2]
	at org.apache.maven.surefire.junitplatform.JUnitPlatformProvider.invoke(JUnitPlatformProvider.java:124) ~[surefire-junit-platform-2.22.2.jar:2.22.2]
	at org.apache.maven.surefire.booter.ForkedBooter.invokeProviderInSameClassLoader(ForkedBooter.java:384) ~[surefire-booter-2.22.2.jar:2.22.2]
	at org.apache.maven.surefire.booter.ForkedBooter.runSuitesInProcess(ForkedBooter.java:345) ~[surefire-booter-2.22.2.jar:2.22.2]
	at org.apache.maven.surefire.booter.ForkedBooter.execute(ForkedBooter.java:126) ~[surefire-booter-2.22.2.jar:2.22.2]
	at org.apache.maven.surefire.booter.ForkedBooter.main(ForkedBooter.java:418) ~[surefire-booter-2.22.2.jar:2.22.2]

2023-10-15 16:19:36.796 ERROR 19020 --- [           main] com.alibaba.nacos.client.naming          : request: /nacos/v1/ns/operator/metrics failed, servers: [localhost:8848], code: 500, msg: Connection refused: connect
2023-10-15 16:19:36.903 ERROR 19020 --- [           main] com.alibaba.nacos.common.remote.client   : Send request fail, request = ServiceListRequest{headers={app=unknown}, requestId='null'}, retryTimes = 0, errorMessage = Client not connected, current status:STARTING
2023-10-15 16:19:36.903 ERROR 19020 --- [t.remote.worker] c.a.n.c.remote.client.grpc.GrpcClient    : Server check fail, please check server localhost ,port 9848 is available , error ={}

java.util.concurrent.TimeoutException: Waited 3000 milliseconds (plus 5 milliseconds, 892100 nanoseconds delay) for com.alibaba.nacos.shaded.io.grpc.stub.ClientCalls$GrpcFuture@3f858c3d[status=PENDING, info=[GrpcFuture{clientCall={delegate={delegate=ClientCallImpl{method=MethodDescriptor{fullMethodName=Request/request, type=UNARY, idempotent=false, safe=false, sampledToLocalTracing=true, requestMarshaller=com.alibaba.nacos.shaded.io.grpc.protobuf.lite.ProtoLiteUtils$MessageMarshaller@25a94b55, responseMarshaller=com.alibaba.nacos.shaded.io.grpc.protobuf.lite.ProtoLiteUtils$MessageMarshaller@6adc5b9c, schemaDescriptor=com.alibaba.nacos.api.grpc.auto.RequestGrpc$RequestMethodDescriptorSupplier@19c1820d}}}}}]]
	at com.alibaba.nacos.shaded.com.google.common.util.concurrent.AbstractFuture.get(AbstractFuture.java:508) ~[nacos-client-2.1.0.jar:na]
	at com.alibaba.nacos.common.remote.client.grpc.GrpcClient.serverCheck(GrpcClient.java:192) [nacos-client-2.1.0.jar:na]
	at com.alibaba.nacos.common.remote.client.grpc.GrpcClient.connectToServer(GrpcClient.java:302) [nacos-client-2.1.0.jar:na]
	at com.alibaba.nacos.common.remote.client.RpcClient.reconnect(RpcClient.java:521) [nacos-client-2.1.0.jar:na]
	at com.alibaba.nacos.common.remote.client.RpcClient.lambda$start$2(RpcClient.java:369) [nacos-client-2.1.0.jar:na]
	at java.util.concurrent.Executors$RunnableAdapter.call(Executors.java:511) ~[na:1.8.0_202]
	at java.util.concurrent.FutureTask.run(FutureTask.java:266) ~[na:1.8.0_202]
	at java.util.concurrent.ScheduledThreadPoolExecutor$ScheduledFutureTask.access$201(ScheduledThreadPoolExecutor.java:180) ~[na:1.8.0_202]
	at java.util.concurrent.ScheduledThreadPoolExecutor$ScheduledFutureTask.run(ScheduledThreadPoolExecutor.java:293) ~[na:1.8.0_202]
	at java.util.concurrent.ThreadPoolExecutor.runWorker(ThreadPoolExecutor.java:1149) ~[na:1.8.0_202]
	at java.util.concurrent.ThreadPoolExecutor$Worker.run(ThreadPoolExecutor.java:624) ~[na:1.8.0_202]
	at java.lang.Thread.run(Thread.java:748) ~[na:1.8.0_202]

2023-10-15 16:19:36.904  INFO 19020 --- [t.remote.worker] com.alibaba.nacos.common.remote.client   : [3f090fb1-55c6-4fe3-8377-8b3ac52cd4b0_config-0] Fail to connect server, after trying 10 times, last try server is {serverIp = 'localhost', server main port = 8848}, error = unknown
2023-10-15 16:19:37.012 ERROR 19020 --- [           main] com.alibaba.nacos.common.remote.client   : Send request fail, request = ServiceListRequest{headers={app=unknown}, requestId='null'}, retryTimes = 1, errorMessage = Client not connected, current status:STARTING
2023-10-15 16:19:37.121 ERROR 19020 --- [           main] com.alibaba.nacos.common.remote.client   : Send request fail, request = ServiceListRequest{headers={app=unknown}, requestId='null'}, retryTimes = 2, errorMessage = Client not connected, current status:STARTING
2023-10-15 16:19:37.122  WARN 19020 --- [           main] o.a.d.r.integration.DynamicDirectory     :  [DUBBO] unexpected error when unregister service com.yupi.service.InnerUserService from registry: nacos://localhost:8848/org.apache.dubbo.registry.RegistryService?REGISTRY_CLUSTER=nacos-registry&application=dubbo-springboot-demo-provider&dubbo=2.0.2&interface=org.apache.dubbo.registry.RegistryService&pid=19020&release=3.0.9, dubbo version: 3.0.9, current host: 192.168.1.107

java.lang.RuntimeException: ErrCode:500, ErrMsg:Request nacos server failed: 
	at org.apache.dubbo.common.function.ThrowableFunction.execute(ThrowableFunction.java:54) ~[dubbo-3.0.9.jar:3.0.9]
	at org.apache.dubbo.common.function.ThrowableFunction.execute(ThrowableFunction.java:69) ~[dubbo-3.0.9.jar:3.0.9]
	at org.apache.dubbo.registry.nacos.NacosServiceDiscovery.getServices(NacosServiceDiscovery.java:92) ~[dubbo-3.0.9.jar:3.0.9]
	at org.apache.dubbo.registry.client.ServiceDiscoveryRegistry.isAvailable(ServiceDiscoveryRegistry.java:273) ~[dubbo-3.0.9.jar:3.0.9]
	at org.apache.dubbo.registry.ListenerRegistryWrapper.isAvailable(ListenerRegistryWrapper.java:47) ~[dubbo-3.0.9.jar:3.0.9]
	at org.apache.dubbo.registry.integration.DynamicDirectory.destroy(DynamicDirectory.java:294) ~[dubbo-3.0.9.jar:3.0.9]
	at org.apache.dubbo.rpc.cluster.support.AbstractClusterInvoker.destroy(AbstractClusterInvoker.java:128) [dubbo-3.0.9.jar:3.0.9]
	at org.apache.dubbo.rpc.cluster.support.wrapper.MockClusterInvoker.destroy(MockClusterInvoker.java:82) [dubbo-3.0.9.jar:3.0.9]
	at org.apache.dubbo.registry.client.migration.MigrationInvoker.destroy(MigrationInvoker.java:328) [dubbo-3.0.9.jar:3.0.9]
	at org.apache.dubbo.config.ReferenceConfig.checkInvokerAvailable(ReferenceConfig.java:535) [dubbo-3.0.9.jar:3.0.9]
	at org.apache.dubbo.config.ReferenceConfig.init(ReferenceConfig.java:293) [dubbo-3.0.9.jar:3.0.9]
	at org.apache.dubbo.config.ReferenceConfig.get(ReferenceConfig.java:219) [dubbo-3.0.9.jar:3.0.9]
	at org.apache.dubbo.config.utils.SimpleReferenceCache.get(SimpleReferenceCache.java:129) [dubbo-3.0.9.jar:3.0.9]
	at org.apache.dubbo.config.deploy.DefaultModuleDeployer.lambda$referServices$6(DefaultModuleDeployer.java:387) [dubbo-3.0.9.jar:3.0.9]
	at java.util.concurrent.ConcurrentHashMap$ValuesView.forEach(ConcurrentHashMap.java:4707) ~[na:1.8.0_202]
	at org.apache.dubbo.config.deploy.DefaultModuleDeployer.referServices(DefaultModuleDeployer.java:367) [dubbo-3.0.9.jar:3.0.9]
	at org.apache.dubbo.config.deploy.DefaultModuleDeployer.start(DefaultModuleDeployer.java:154) [dubbo-3.0.9.jar:3.0.9]
	at org.apache.dubbo.config.spring.context.DubboDeployApplicationListener.onContextRefreshedEvent(DubboDeployApplicationListener.java:111) ~[dubbo-3.0.9.jar:3.0.9]
	at org.apache.dubbo.config.spring.context.DubboDeployApplicationListener.onApplicationEvent(DubboDeployApplicationListener.java:100) ~[dubbo-3.0.9.jar:3.0.9]
	at org.apache.dubbo.config.spring.context.DubboDeployApplicationListener.onApplicationEvent(DubboDeployApplicationListener.java:45) ~[dubbo-3.0.9.jar:3.0.9]
	at org.springframework.context.event.SimpleApplicationEventMulticaster.doInvokeListener(SimpleApplicationEventMulticaster.java:176) ~[spring-context-5.3.20.jar:5.3.20]
	at org.springframework.context.event.SimpleApplicationEventMulticaster.invokeListener(SimpleApplicationEventMulticaster.java:169) ~[spring-context-5.3.20.jar:5.3.20]
	at org.springframework.context.event.SimpleApplicationEventMulticaster.multicastEvent(SimpleApplicationEventMulticaster.java:143) ~[spring-context-5.3.20.jar:5.3.20]
	at org.springframework.context.support.AbstractApplicationContext.publishEvent(AbstractApplicationContext.java:421) ~[spring-context-5.3.20.jar:5.3.20]
	at org.springframework.context.support.AbstractApplicationContext.publishEvent(AbstractApplicationContext.java:378) ~[spring-context-5.3.20.jar:5.3.20]
	at org.springframework.context.support.AbstractApplicationContext.finishRefresh(AbstractApplicationContext.java:938) ~[spring-context-5.3.20.jar:5.3.20]
	at org.springframework.context.support.AbstractApplicationContext.refresh(AbstractApplicationContext.java:586) ~[spring-context-5.3.20.jar:5.3.20]
	at org.springframework.boot.SpringApplication.refresh(SpringApplication.java:734) ~[spring-boot-2.7.0.jar:2.7.0]
	at org.springframework.boot.SpringApplication.refreshContext(SpringApplication.java:408) ~[spring-boot-2.7.0.jar:2.7.0]
	at org.springframework.boot.SpringApplication.run(SpringApplication.java:308) ~[spring-boot-2.7.0.jar:2.7.0]
	at org.springframework.boot.test.context.SpringBootContextLoader.loadContext(SpringBootContextLoader.java:132) ~[spring-boot-test-2.7.0.jar:2.7.0]
	at org.springframework.test.context.cache.DefaultCacheAwareContextLoaderDelegate.loadContextInternal(DefaultCacheAwareContextLoaderDelegate.java:99) ~[spring-test-5.3.20.jar:5.3.20]
	at org.springframework.test.context.cache.DefaultCacheAwareContextLoaderDelegate.loadContext(DefaultCacheAwareContextLoaderDelegate.java:124) ~[spring-test-5.3.20.jar:5.3.20]
	at org.springframework.test.context.support.DefaultTestContext.getApplicationContext(DefaultTestContext.java:124) ~[spring-test-5.3.20.jar:5.3.20]
	at org.springframework.boot.test.autoconfigure.SpringBootDependencyInjectionTestExecutionListener.outputConditionEvaluationReport(SpringBootDependencyInjectionTestExecutionListener.java:53) ~[spring-boot-test-autoconfigure-2.7.0.jar:2.7.0]
	at org.springframework.boot.test.autoconfigure.SpringBootDependencyInjectionTestExecutionListener.prepareTestInstance(SpringBootDependencyInjectionTestExecutionListener.java:46) ~[spring-boot-test-autoconfigure-2.7.0.jar:2.7.0]
	at org.springframework.test.context.TestContextManager.prepareTestInstance(TestContextManager.java:248) ~[spring-test-5.3.20.jar:5.3.20]
	at org.springframework.test.context.junit.jupiter.SpringExtension.postProcessTestInstance(SpringExtension.java:138) ~[spring-test-5.3.20.jar:5.3.20]
	at org.junit.jupiter.engine.descriptor.ClassBasedTestDescriptor.lambda$invokeTestInstancePostProcessors$8(ClassBasedTestDescriptor.java:363) ~[junit-jupiter-engine-5.8.2.jar:5.8.2]
	at org.junit.jupiter.engine.descriptor.ClassBasedTestDescriptor.executeAndMaskThrowable(ClassBasedTestDescriptor.java:368) ~[junit-jupiter-engine-5.8.2.jar:5.8.2]
	at org.junit.jupiter.engine.descriptor.ClassBasedTestDescriptor.lambda$invokeTestInstancePostProcessors$9(ClassBasedTestDescriptor.java:363) ~[junit-jupiter-engine-5.8.2.jar:5.8.2]
	at java.util.stream.ReferencePipeline$3$1.accept(ReferencePipeline.java:193) ~[na:1.8.0_202]
	at java.util.stream.ReferencePipeline$2$1.accept(ReferencePipeline.java:175) ~[na:1.8.0_202]
	at java.util.ArrayList$ArrayListSpliterator.forEachRemaining(ArrayList.java:1382) ~[na:1.8.0_202]
	at java.util.stream.AbstractPipeline.copyInto(AbstractPipeline.java:481) ~[na:1.8.0_202]
	at java.util.stream.AbstractPipeline.wrapAndCopyInto(AbstractPipeline.java:471) ~[na:1.8.0_202]
	at java.util.stream.StreamSpliterators$WrappingSpliterator.forEachRemaining(StreamSpliterators.java:312) ~[na:1.8.0_202]
	at java.util.stream.Streams$ConcatSpliterator.forEachRemaining(Streams.java:743) ~[na:1.8.0_202]
	at java.util.stream.Streams$ConcatSpliterator.forEachRemaining(Streams.java:742) ~[na:1.8.0_202]
	at java.util.stream.ReferencePipeline$Head.forEach(ReferencePipeline.java:580) ~[na:1.8.0_202]
	at org.junit.jupiter.engine.descriptor.ClassBasedTestDescriptor.invokeTestInstancePostProcessors(ClassBasedTestDescriptor.java:362) ~[junit-jupiter-engine-5.8.2.jar:5.8.2]
	at org.junit.jupiter.engine.descriptor.ClassBasedTestDescriptor.lambda$instantiateAndPostProcessTestInstance$6(ClassBasedTestDescriptor.java:283) ~[junit-jupiter-engine-5.8.2.jar:5.8.2]
	at org.junit.platform.engine.support.hierarchical.ThrowableCollector.execute(ThrowableCollector.java:73) ~[junit-platform-engine-1.8.2.jar:1.8.2]
	at org.junit.jupiter.engine.descriptor.ClassBasedTestDescriptor.instantiateAndPostProcessTestInstance(ClassBasedTestDescriptor.java:282) ~[junit-jupiter-engine-5.8.2.jar:5.8.2]
	at org.junit.jupiter.engine.descriptor.ClassBasedTestDescriptor.lambda$testInstancesProvider$4(ClassBasedTestDescriptor.java:272) ~[junit-jupiter-engine-5.8.2.jar:5.8.2]
	at java.util.Optional.orElseGet(Optional.java:267) ~[na:1.8.0_202]
	at org.junit.jupiter.engine.descriptor.ClassBasedTestDescriptor.lambda$testInstancesProvider$5(ClassBasedTestDescriptor.java:271) ~[junit-jupiter-engine-5.8.2.jar:5.8.2]
	at org.junit.jupiter.engine.execution.TestInstancesProvider.getTestInstances(TestInstancesProvider.java:31) ~[junit-jupiter-engine-5.8.2.jar:5.8.2]
	at org.junit.jupiter.engine.descriptor.TestMethodTestDescriptor.lambda$prepare$0(TestMethodTestDescriptor.java:102) ~[junit-jupiter-engine-5.8.2.jar:5.8.2]
	at org.junit.platform.engine.support.hierarchical.ThrowableCollector.execute(ThrowableCollector.java:73) ~[junit-platform-engine-1.8.2.jar:1.8.2]
	at org.junit.jupiter.engine.descriptor.TestMethodTestDescriptor.prepare(TestMethodTestDescriptor.java:101) ~[junit-jupiter-engine-5.8.2.jar:5.8.2]
	at org.junit.jupiter.engine.descriptor.TestMethodTestDescriptor.prepare(TestMethodTestDescriptor.java:66) ~[junit-jupiter-engine-5.8.2.jar:5.8.2]
	at org.junit.platform.engine.support.hierarchical.NodeTestTask.lambda$prepare$2(NodeTestTask.java:123) ~[junit-platform-engine-1.8.2.jar:1.8.2]
	at org.junit.platform.engine.support.hierarchical.ThrowableCollector.execute(ThrowableCollector.java:73) ~[junit-platform-engine-1.8.2.jar:1.8.2]
	at org.junit.platform.engine.support.hierarchical.NodeTestTask.prepare(NodeTestTask.java:123) ~[junit-platform-engine-1.8.2.jar:1.8.2]
	at org.junit.platform.engine.support.hierarchical.NodeTestTask.execute(NodeTestTask.java:90) ~[junit-platform-engine-1.8.2.jar:1.8.2]
	at java.util.ArrayList.forEach(ArrayList.java:1257) ~[na:1.8.0_202]
	at org.junit.platform.engine.support.hierarchical.SameThreadHierarchicalTestExecutorService.invokeAll(SameThreadHierarchicalTestExecutorService.java:41) ~[junit-platform-engine-1.8.2.jar:1.8.2]
	at org.junit.platform.engine.support.hierarchical.NodeTestTask.lambda$executeRecursively$6(NodeTestTask.java:155) ~[junit-platform-engine-1.8.2.jar:1.8.2]
	at org.junit.platform.engine.support.hierarchical.ThrowableCollector.execute(ThrowableCollector.java:73) ~[junit-platform-engine-1.8.2.jar:1.8.2]
	at org.junit.platform.engine.support.hierarchical.NodeTestTask.lambda$executeRecursively$8(NodeTestTask.java:141) ~[junit-platform-engine-1.8.2.jar:1.8.2]
	at org.junit.platform.engine.support.hierarchical.Node.around(Node.java:137) ~[junit-platform-engine-1.8.2.jar:1.8.2]
	at org.junit.platform.engine.support.hierarchical.NodeTestTask.lambda$executeRecursively$9(NodeTestTask.java:139) ~[junit-platform-engine-1.8.2.jar:1.8.2]
	at org.junit.platform.engine.support.hierarchical.ThrowableCollector.execute(ThrowableCollector.java:73) ~[junit-platform-engine-1.8.2.jar:1.8.2]
	at org.junit.platform.engine.support.hierarchical.NodeTestTask.executeRecursively(NodeTestTask.java:138) ~[junit-platform-engine-1.8.2.jar:1.8.2]
	at org.junit.platform.engine.support.hierarchical.NodeTestTask.execute(NodeTestTask.java:95) ~[junit-platform-engine-1.8.2.jar:1.8.2]
	at java.util.ArrayList.forEach(ArrayList.java:1257) ~[na:1.8.0_202]
	at org.junit.platform.engine.support.hierarchical.SameThreadHierarchicalTestExecutorService.invokeAll(SameThreadHierarchicalTestExecutorService.java:41) ~[junit-platform-engine-1.8.2.jar:1.8.2]
	at org.junit.platform.engine.support.hierarchical.NodeTestTask.lambda$executeRecursively$6(NodeTestTask.java:155) ~[junit-platform-engine-1.8.2.jar:1.8.2]
	at org.junit.platform.engine.support.hierarchical.ThrowableCollector.execute(ThrowableCollector.java:73) ~[junit-platform-engine-1.8.2.jar:1.8.2]
	at org.junit.platform.engine.support.hierarchical.NodeTestTask.lambda$executeRecursively$8(NodeTestTask.java:141) ~[junit-platform-engine-1.8.2.jar:1.8.2]
	at org.junit.platform.engine.support.hierarchical.Node.around(Node.java:137) ~[junit-platform-engine-1.8.2.jar:1.8.2]
	at org.junit.platform.engine.support.hierarchical.NodeTestTask.lambda$executeRecursively$9(NodeTestTask.java:139) ~[junit-platform-engine-1.8.2.jar:1.8.2]
	at org.junit.platform.engine.support.hierarchical.ThrowableCollector.execute(ThrowableCollector.java:73) ~[junit-platform-engine-1.8.2.jar:1.8.2]
	at org.junit.platform.engine.support.hierarchical.NodeTestTask.executeRecursively(NodeTestTask.java:138) ~[junit-platform-engine-1.8.2.jar:1.8.2]
	at org.junit.platform.engine.support.hierarchical.NodeTestTask.execute(NodeTestTask.java:95) ~[junit-platform-engine-1.8.2.jar:1.8.2]
	at org.junit.platform.engine.support.hierarchical.SameThreadHierarchicalTestExecutorService.submit(SameThreadHierarchicalTestExecutorService.java:35) ~[junit-platform-engine-1.8.2.jar:1.8.2]
	at org.junit.platform.engine.support.hierarchical.HierarchicalTestExecutor.execute(HierarchicalTestExecutor.java:57) ~[junit-platform-engine-1.8.2.jar:1.8.2]
	at org.junit.platform.engine.support.hierarchical.HierarchicalTestEngine.execute(HierarchicalTestEngine.java:54) ~[junit-platform-engine-1.8.2.jar:1.8.2]
	at org.junit.platform.launcher.core.DefaultLauncher.execute(DefaultLauncher.java:220) ~[junit-platform-launcher-1.3.1.jar:1.3.1]
	at org.junit.platform.launcher.core.DefaultLauncher.lambda$execute$6(DefaultLauncher.java:188) ~[junit-platform-launcher-1.3.1.jar:1.3.1]
	at org.junit.platform.launcher.core.DefaultLauncher.withInterceptedStreams(DefaultLauncher.java:202) ~[junit-platform-launcher-1.3.1.jar:1.3.1]
	at org.junit.platform.launcher.core.DefaultLauncher.execute(DefaultLauncher.java:181) ~[junit-platform-launcher-1.3.1.jar:1.3.1]
	at org.junit.platform.launcher.core.DefaultLauncher.execute(DefaultLauncher.java:128) ~[junit-platform-launcher-1.3.1.jar:1.3.1]
	at org.apache.maven.surefire.junitplatform.JUnitPlatformProvider.invokeAllTests(JUnitPlatformProvider.java:150) ~[surefire-junit-platform-2.22.2.jar:2.22.2]
	at org.apache.maven.surefire.junitplatform.JUnitPlatformProvider.invoke(JUnitPlatformProvider.java:124) ~[surefire-junit-platform-2.22.2.jar:2.22.2]
	at org.apache.maven.surefire.booter.ForkedBooter.invokeProviderInSameClassLoader(ForkedBooter.java:384) ~[surefire-booter-2.22.2.jar:2.22.2]
	at org.apache.maven.surefire.booter.ForkedBooter.runSuitesInProcess(ForkedBooter.java:345) ~[surefire-booter-2.22.2.jar:2.22.2]
	at org.apache.maven.surefire.booter.ForkedBooter.execute(ForkedBooter.java:126) ~[surefire-booter-2.22.2.jar:2.22.2]
	at org.apache.maven.surefire.booter.ForkedBooter.main(ForkedBooter.java:418) ~[surefire-booter-2.22.2.jar:2.22.2]
Caused by: com.alibaba.nacos.api.exception.NacosException: Request nacos server failed: 
	at com.alibaba.nacos.client.naming.remote.gprc.NamingGrpcClientProxy.requestToServer(NamingGrpcClientProxy.java:288) ~[nacos-client-2.1.0.jar:na]
	at com.alibaba.nacos.client.naming.remote.gprc.NamingGrpcClientProxy.getServiceList(NamingGrpcClientProxy.java:201) ~[nacos-client-2.1.0.jar:na]
	at com.alibaba.nacos.client.naming.remote.NamingClientProxyDelegate.getServiceList(NamingClientProxyDelegate.java:136) ~[nacos-client-2.1.0.jar:na]
	at com.alibaba.nacos.client.naming.NacosNamingService.getServicesOfServer(NacosNamingService.java:440) ~[nacos-client-2.1.0.jar:na]
	at com.alibaba.nacos.client.naming.NacosNamingService.getServicesOfServer(NacosNamingService.java:428) ~[nacos-client-2.1.0.jar:na]
	at org.apache.dubbo.registry.nacos.NacosNamingServiceWrapper.getServicesOfServer(NacosNamingServiceWrapper.java:72) ~[dubbo-3.0.9.jar:3.0.9]
	at org.apache.dubbo.registry.nacos.NacosServiceDiscovery.lambda$getServices$2(NacosServiceDiscovery.java:96) ~[dubbo-3.0.9.jar:3.0.9]
	at org.apache.dubbo.common.function.ThrowableFunction.execute(ThrowableFunction.java:52) ~[dubbo-3.0.9.jar:3.0.9]
	... 99 common frames omitted
Caused by: com.alibaba.nacos.api.exception.NacosException: Client not connected, current status:STARTING
	at com.alibaba.nacos.common.remote.client.RpcClient.request(RpcClient.java:651) ~[nacos-client-2.1.0.jar:na]
	at com.alibaba.nacos.common.remote.client.RpcClient.request(RpcClient.java:631) ~[nacos-client-2.1.0.jar:na]
	at com.alibaba.nacos.client.naming.remote.gprc.NamingGrpcClientProxy.requestToServer(NamingGrpcClientProxy.java:278) ~[nacos-client-2.1.0.jar:na]
	... 106 common frames omitted

2023-10-15 16:19:37.231 ERROR 19020 --- [           main] com.alibaba.nacos.common.remote.client   : Send request fail, request = ServiceListRequest{headers={app=unknown}, requestId='null'}, retryTimes = 0, errorMessage = Client not connected, current status:STARTING
2023-10-15 16:19:37.341 ERROR 19020 --- [           main] com.alibaba.nacos.common.remote.client   : Send request fail, request = ServiceListRequest{headers={app=unknown}, requestId='null'}, retryTimes = 1, errorMessage = Client not connected, current status:STARTING
2023-10-15 16:19:37.450 ERROR 19020 --- [           main] com.alibaba.nacos.common.remote.client   : Send request fail, request = ServiceListRequest{headers={app=unknown}, requestId='null'}, retryTimes = 2, errorMessage = Client not connected, current status:STARTING
2023-10-15 16:19:37.451  WARN 19020 --- [           main] o.a.d.r.integration.DynamicDirectory     :  [DUBBO] unexpected error when unsubscribe service com.yupi.service.InnerUserService from registry: nacos://localhost:8848/org.apache.dubbo.registry.RegistryService?REGISTRY_CLUSTER=nacos-registry&application=dubbo-springboot-demo-provider&dubbo=2.0.2&interface=org.apache.dubbo.registry.RegistryService&pid=19020&release=3.0.9, dubbo version: 3.0.9, current host: 192.168.1.107

java.lang.RuntimeException: ErrCode:500, ErrMsg:Request nacos server failed: 
	at org.apache.dubbo.common.function.ThrowableFunction.execute(ThrowableFunction.java:54) ~[dubbo-3.0.9.jar:3.0.9]
	at org.apache.dubbo.common.function.ThrowableFunction.execute(ThrowableFunction.java:69) ~[dubbo-3.0.9.jar:3.0.9]
	at org.apache.dubbo.registry.nacos.NacosServiceDiscovery.getServices(NacosServiceDiscovery.java:92) ~[dubbo-3.0.9.jar:3.0.9]
	at org.apache.dubbo.registry.client.ServiceDiscoveryRegistry.isAvailable(ServiceDiscoveryRegistry.java:273) ~[dubbo-3.0.9.jar:3.0.9]
	at org.apache.dubbo.registry.ListenerRegistryWrapper.isAvailable(ListenerRegistryWrapper.java:47) ~[dubbo-3.0.9.jar:3.0.9]
	at org.apache.dubbo.registry.integration.DynamicDirectory.destroy(DynamicDirectory.java:302) ~[dubbo-3.0.9.jar:3.0.9]
	at org.apache.dubbo.rpc.cluster.support.AbstractClusterInvoker.destroy(AbstractClusterInvoker.java:128) [dubbo-3.0.9.jar:3.0.9]
	at org.apache.dubbo.rpc.cluster.support.wrapper.MockClusterInvoker.destroy(MockClusterInvoker.java:82) [dubbo-3.0.9.jar:3.0.9]
	at org.apache.dubbo.registry.client.migration.MigrationInvoker.destroy(MigrationInvoker.java:328) [dubbo-3.0.9.jar:3.0.9]
	at org.apache.dubbo.config.ReferenceConfig.checkInvokerAvailable(ReferenceConfig.java:535) [dubbo-3.0.9.jar:3.0.9]
	at org.apache.dubbo.config.ReferenceConfig.init(ReferenceConfig.java:293) [dubbo-3.0.9.jar:3.0.9]
	at org.apache.dubbo.config.ReferenceConfig.get(ReferenceConfig.java:219) [dubbo-3.0.9.jar:3.0.9]
	at org.apache.dubbo.config.utils.SimpleReferenceCache.get(SimpleReferenceCache.java:129) [dubbo-3.0.9.jar:3.0.9]
	at org.apache.dubbo.config.deploy.DefaultModuleDeployer.lambda$referServices$6(DefaultModuleDeployer.java:387) [dubbo-3.0.9.jar:3.0.9]
	at java.util.concurrent.ConcurrentHashMap$ValuesView.forEach(ConcurrentHashMap.java:4707) ~[na:1.8.0_202]
	at org.apache.dubbo.config.deploy.DefaultModuleDeployer.referServices(DefaultModuleDeployer.java:367) [dubbo-3.0.9.jar:3.0.9]
	at org.apache.dubbo.config.deploy.DefaultModuleDeployer.start(DefaultModuleDeployer.java:154) [dubbo-3.0.9.jar:3.0.9]
	at org.apache.dubbo.config.spring.context.DubboDeployApplicationListener.onContextRefreshedEvent(DubboDeployApplicationListener.java:111) ~[dubbo-3.0.9.jar:3.0.9]
	at org.apache.dubbo.config.spring.context.DubboDeployApplicationListener.onApplicationEvent(DubboDeployApplicationListener.java:100) ~[dubbo-3.0.9.jar:3.0.9]
	at org.apache.dubbo.config.spring.context.DubboDeployApplicationListener.onApplicationEvent(DubboDeployApplicationListener.java:45) ~[dubbo-3.0.9.jar:3.0.9]
	at org.springframework.context.event.SimpleApplicationEventMulticaster.doInvokeListener(SimpleApplicationEventMulticaster.java:176) ~[spring-context-5.3.20.jar:5.3.20]
	at org.springframework.context.event.SimpleApplicationEventMulticaster.invokeListener(SimpleApplicationEventMulticaster.java:169) ~[spring-context-5.3.20.jar:5.3.20]
	at org.springframework.context.event.SimpleApplicationEventMulticaster.multicastEvent(SimpleApplicationEventMulticaster.java:143) ~[spring-context-5.3.20.jar:5.3.20]
	at org.springframework.context.support.AbstractApplicationContext.publishEvent(AbstractApplicationContext.java:421) ~[spring-context-5.3.20.jar:5.3.20]
	at org.springframework.context.support.AbstractApplicationContext.publishEvent(AbstractApplicationContext.java:378) ~[spring-context-5.3.20.jar:5.3.20]
	at org.springframework.context.support.AbstractApplicationContext.finishRefresh(AbstractApplicationContext.java:938) ~[spring-context-5.3.20.jar:5.3.20]
	at org.springframework.context.support.AbstractApplicationContext.refresh(AbstractApplicationContext.java:586) ~[spring-context-5.3.20.jar:5.3.20]
	at org.springframework.boot.SpringApplication.refresh(SpringApplication.java:734) ~[spring-boot-2.7.0.jar:2.7.0]
	at org.springframework.boot.SpringApplication.refreshContext(SpringApplication.java:408) ~[spring-boot-2.7.0.jar:2.7.0]
	at org.springframework.boot.SpringApplication.run(SpringApplication.java:308) ~[spring-boot-2.7.0.jar:2.7.0]
	at org.springframework.boot.test.context.SpringBootContextLoader.loadContext(SpringBootContextLoader.java:132) ~[spring-boot-test-2.7.0.jar:2.7.0]
	at org.springframework.test.context.cache.DefaultCacheAwareContextLoaderDelegate.loadContextInternal(DefaultCacheAwareContextLoaderDelegate.java:99) ~[spring-test-5.3.20.jar:5.3.20]
	at org.springframework.test.context.cache.DefaultCacheAwareContextLoaderDelegate.loadContext(DefaultCacheAwareContextLoaderDelegate.java:124) ~[spring-test-5.3.20.jar:5.3.20]
	at org.springframework.test.context.support.DefaultTestContext.getApplicationContext(DefaultTestContext.java:124) ~[spring-test-5.3.20.jar:5.3.20]
	at org.springframework.boot.test.autoconfigure.SpringBootDependencyInjectionTestExecutionListener.outputConditionEvaluationReport(SpringBootDependencyInjectionTestExecutionListener.java:53) ~[spring-boot-test-autoconfigure-2.7.0.jar:2.7.0]
	at org.springframework.boot.test.autoconfigure.SpringBootDependencyInjectionTestExecutionListener.prepareTestInstance(SpringBootDependencyInjectionTestExecutionListener.java:46) ~[spring-boot-test-autoconfigure-2.7.0.jar:2.7.0]
	at org.springframework.test.context.TestContextManager.prepareTestInstance(TestContextManager.java:248) ~[spring-test-5.3.20.jar:5.3.20]
	at org.springframework.test.context.junit.jupiter.SpringExtension.postProcessTestInstance(SpringExtension.java:138) ~[spring-test-5.3.20.jar:5.3.20]
	at org.junit.jupiter.engine.descriptor.ClassBasedTestDescriptor.lambda$invokeTestInstancePostProcessors$8(ClassBasedTestDescriptor.java:363) ~[junit-jupiter-engine-5.8.2.jar:5.8.2]
	at org.junit.jupiter.engine.descriptor.ClassBasedTestDescriptor.executeAndMaskThrowable(ClassBasedTestDescriptor.java:368) ~[junit-jupiter-engine-5.8.2.jar:5.8.2]
	at org.junit.jupiter.engine.descriptor.ClassBasedTestDescriptor.lambda$invokeTestInstancePostProcessors$9(ClassBasedTestDescriptor.java:363) ~[junit-jupiter-engine-5.8.2.jar:5.8.2]
	at java.util.stream.ReferencePipeline$3$1.accept(ReferencePipeline.java:193) ~[na:1.8.0_202]
	at java.util.stream.ReferencePipeline$2$1.accept(ReferencePipeline.java:175) ~[na:1.8.0_202]
	at java.util.ArrayList$ArrayListSpliterator.forEachRemaining(ArrayList.java:1382) ~[na:1.8.0_202]
	at java.util.stream.AbstractPipeline.copyInto(AbstractPipeline.java:481) ~[na:1.8.0_202]
	at java.util.stream.AbstractPipeline.wrapAndCopyInto(AbstractPipeline.java:471) ~[na:1.8.0_202]
	at java.util.stream.StreamSpliterators$WrappingSpliterator.forEachRemaining(StreamSpliterators.java:312) ~[na:1.8.0_202]
	at java.util.stream.Streams$ConcatSpliterator.forEachRemaining(Streams.java:743) ~[na:1.8.0_202]
	at java.util.stream.Streams$ConcatSpliterator.forEachRemaining(Streams.java:742) ~[na:1.8.0_202]
	at java.util.stream.ReferencePipeline$Head.forEach(ReferencePipeline.java:580) ~[na:1.8.0_202]
	at org.junit.jupiter.engine.descriptor.ClassBasedTestDescriptor.invokeTestInstancePostProcessors(ClassBasedTestDescriptor.java:362) ~[junit-jupiter-engine-5.8.2.jar:5.8.2]
	at org.junit.jupiter.engine.descriptor.ClassBasedTestDescriptor.lambda$instantiateAndPostProcessTestInstance$6(ClassBasedTestDescriptor.java:283) ~[junit-jupiter-engine-5.8.2.jar:5.8.2]
	at org.junit.platform.engine.support.hierarchical.ThrowableCollector.execute(ThrowableCollector.java:73) ~[junit-platform-engine-1.8.2.jar:1.8.2]
	at org.junit.jupiter.engine.descriptor.ClassBasedTestDescriptor.instantiateAndPostProcessTestInstance(ClassBasedTestDescriptor.java:282) ~[junit-jupiter-engine-5.8.2.jar:5.8.2]
	at org.junit.jupiter.engine.descriptor.ClassBasedTestDescriptor.lambda$testInstancesProvider$4(ClassBasedTestDescriptor.java:272) ~[junit-jupiter-engine-5.8.2.jar:5.8.2]
	at java.util.Optional.orElseGet(Optional.java:267) ~[na:1.8.0_202]
	at org.junit.jupiter.engine.descriptor.ClassBasedTestDescriptor.lambda$testInstancesProvider$5(ClassBasedTestDescriptor.java:271) ~[junit-jupiter-engine-5.8.2.jar:5.8.2]
	at org.junit.jupiter.engine.execution.TestInstancesProvider.getTestInstances(TestInstancesProvider.java:31) ~[junit-jupiter-engine-5.8.2.jar:5.8.2]
	at org.junit.jupiter.engine.descriptor.TestMethodTestDescriptor.lambda$prepare$0(TestMethodTestDescriptor.java:102) ~[junit-jupiter-engine-5.8.2.jar:5.8.2]
	at org.junit.platform.engine.support.hierarchical.ThrowableCollector.execute(ThrowableCollector.java:73) ~[junit-platform-engine-1.8.2.jar:1.8.2]
	at org.junit.jupiter.engine.descriptor.TestMethodTestDescriptor.prepare(TestMethodTestDescriptor.java:101) ~[junit-jupiter-engine-5.8.2.jar:5.8.2]
	at org.junit.jupiter.engine.descriptor.TestMethodTestDescriptor.prepare(TestMethodTestDescriptor.java:66) ~[junit-jupiter-engine-5.8.2.jar:5.8.2]
	at org.junit.platform.engine.support.hierarchical.NodeTestTask.lambda$prepare$2(NodeTestTask.java:123) ~[junit-platform-engine-1.8.2.jar:1.8.2]
	at org.junit.platform.engine.support.hierarchical.ThrowableCollector.execute(ThrowableCollector.java:73) ~[junit-platform-engine-1.8.2.jar:1.8.2]
	at org.junit.platform.engine.support.hierarchical.NodeTestTask.prepare(NodeTestTask.java:123) ~[junit-platform-engine-1.8.2.jar:1.8.2]
	at org.junit.platform.engine.support.hierarchical.NodeTestTask.execute(NodeTestTask.java:90) ~[junit-platform-engine-1.8.2.jar:1.8.2]
	at java.util.ArrayList.forEach(ArrayList.java:1257) ~[na:1.8.0_202]
	at org.junit.platform.engine.support.hierarchical.SameThreadHierarchicalTestExecutorService.invokeAll(SameThreadHierarchicalTestExecutorService.java:41) ~[junit-platform-engine-1.8.2.jar:1.8.2]
	at org.junit.platform.engine.support.hierarchical.NodeTestTask.lambda$executeRecursively$6(NodeTestTask.java:155) ~[junit-platform-engine-1.8.2.jar:1.8.2]
	at org.junit.platform.engine.support.hierarchical.ThrowableCollector.execute(ThrowableCollector.java:73) ~[junit-platform-engine-1.8.2.jar:1.8.2]
	at org.junit.platform.engine.support.hierarchical.NodeTestTask.lambda$executeRecursively$8(NodeTestTask.java:141) ~[junit-platform-engine-1.8.2.jar:1.8.2]
	at org.junit.platform.engine.support.hierarchical.Node.around(Node.java:137) ~[junit-platform-engine-1.8.2.jar:1.8.2]
	at org.junit.platform.engine.support.hierarchical.NodeTestTask.lambda$executeRecursively$9(NodeTestTask.java:139) ~[junit-platform-engine-1.8.2.jar:1.8.2]
	at org.junit.platform.engine.support.hierarchical.ThrowableCollector.execute(ThrowableCollector.java:73) ~[junit-platform-engine-1.8.2.jar:1.8.2]
	at org.junit.platform.engine.support.hierarchical.NodeTestTask.executeRecursively(NodeTestTask.java:138) ~[junit-platform-engine-1.8.2.jar:1.8.2]
	at org.junit.platform.engine.support.hierarchical.NodeTestTask.execute(NodeTestTask.java:95) ~[junit-platform-engine-1.8.2.jar:1.8.2]
	at java.util.ArrayList.forEach(ArrayList.java:1257) ~[na:1.8.0_202]
	at org.junit.platform.engine.support.hierarchical.SameThreadHierarchicalTestExecutorService.invokeAll(SameThreadHierarchicalTestExecutorService.java:41) ~[junit-platform-engine-1.8.2.jar:1.8.2]
	at org.junit.platform.engine.support.hierarchical.NodeTestTask.lambda$executeRecursively$6(NodeTestTask.java:155) ~[junit-platform-engine-1.8.2.jar:1.8.2]
	at org.junit.platform.engine.support.hierarchical.ThrowableCollector.execute(ThrowableCollector.java:73) ~[junit-platform-engine-1.8.2.jar:1.8.2]
	at org.junit.platform.engine.support.hierarchical.NodeTestTask.lambda$executeRecursively$8(NodeTestTask.java:141) ~[junit-platform-engine-1.8.2.jar:1.8.2]
	at org.junit.platform.engine.support.hierarchical.Node.around(Node.java:137) ~[junit-platform-engine-1.8.2.jar:1.8.2]
	at org.junit.platform.engine.support.hierarchical.NodeTestTask.lambda$executeRecursively$9(NodeTestTask.java:139) ~[junit-platform-engine-1.8.2.jar:1.8.2]
	at org.junit.platform.engine.support.hierarchical.ThrowableCollector.execute(ThrowableCollector.java:73) ~[junit-platform-engine-1.8.2.jar:1.8.2]
	at org.junit.platform.engine.support.hierarchical.NodeTestTask.executeRecursively(NodeTestTask.java:138) ~[junit-platform-engine-1.8.2.jar:1.8.2]
	at org.junit.platform.engine.support.hierarchical.NodeTestTask.execute(NodeTestTask.java:95) ~[junit-platform-engine-1.8.2.jar:1.8.2]
	at org.junit.platform.engine.support.hierarchical.SameThreadHierarchicalTestExecutorService.submit(SameThreadHierarchicalTestExecutorService.java:35) ~[junit-platform-engine-1.8.2.jar:1.8.2]
	at org.junit.platform.engine.support.hierarchical.HierarchicalTestExecutor.execute(HierarchicalTestExecutor.java:57) ~[junit-platform-engine-1.8.2.jar:1.8.2]
	at org.junit.platform.engine.support.hierarchical.HierarchicalTestEngine.execute(HierarchicalTestEngine.java:54) ~[junit-platform-engine-1.8.2.jar:1.8.2]
	at org.junit.platform.launcher.core.DefaultLauncher.execute(DefaultLauncher.java:220) ~[junit-platform-launcher-1.3.1.jar:1.3.1]
	at org.junit.platform.launcher.core.DefaultLauncher.lambda$execute$6(DefaultLauncher.java:188) ~[junit-platform-launcher-1.3.1.jar:1.3.1]
	at org.junit.platform.launcher.core.DefaultLauncher.withInterceptedStreams(DefaultLauncher.java:202) ~[junit-platform-launcher-1.3.1.jar:1.3.1]
	at org.junit.platform.launcher.core.DefaultLauncher.execute(DefaultLauncher.java:181) ~[junit-platform-launcher-1.3.1.jar:1.3.1]
	at org.junit.platform.launcher.core.DefaultLauncher.execute(DefaultLauncher.java:128) ~[junit-platform-launcher-1.3.1.jar:1.3.1]
	at org.apache.maven.surefire.junitplatform.JUnitPlatformProvider.invokeAllTests(JUnitPlatformProvider.java:150) ~[surefire-junit-platform-2.22.2.jar:2.22.2]
	at org.apache.maven.surefire.junitplatform.JUnitPlatformProvider.invoke(JUnitPlatformProvider.java:124) ~[surefire-junit-platform-2.22.2.jar:2.22.2]
	at org.apache.maven.surefire.booter.ForkedBooter.invokeProviderInSameClassLoader(ForkedBooter.java:384) ~[surefire-booter-2.22.2.jar:2.22.2]
	at org.apache.maven.surefire.booter.ForkedBooter.runSuitesInProcess(ForkedBooter.java:345) ~[surefire-booter-2.22.2.jar:2.22.2]
	at org.apache.maven.surefire.booter.ForkedBooter.execute(ForkedBooter.java:126) ~[surefire-booter-2.22.2.jar:2.22.2]
	at org.apache.maven.surefire.booter.ForkedBooter.main(ForkedBooter.java:418) ~[surefire-booter-2.22.2.jar:2.22.2]
Caused by: com.alibaba.nacos.api.exception.NacosException: Request nacos server failed: 
	at com.alibaba.nacos.client.naming.remote.gprc.NamingGrpcClientProxy.requestToServer(NamingGrpcClientProxy.java:288) ~[nacos-client-2.1.0.jar:na]
	at com.alibaba.nacos.client.naming.remote.gprc.NamingGrpcClientProxy.getServiceList(NamingGrpcClientProxy.java:201) ~[nacos-client-2.1.0.jar:na]
	at com.alibaba.nacos.client.naming.remote.NamingClientProxyDelegate.getServiceList(NamingClientProxyDelegate.java:136) ~[nacos-client-2.1.0.jar:na]
	at com.alibaba.nacos.client.naming.NacosNamingService.getServicesOfServer(NacosNamingService.java:440) ~[nacos-client-2.1.0.jar:na]
	at com.alibaba.nacos.client.naming.NacosNamingService.getServicesOfServer(NacosNamingService.java:428) ~[nacos-client-2.1.0.jar:na]
	at org.apache.dubbo.registry.nacos.NacosNamingServiceWrapper.getServicesOfServer(NacosNamingServiceWrapper.java:72) ~[dubbo-3.0.9.jar:3.0.9]
	at org.apache.dubbo.registry.nacos.NacosServiceDiscovery.lambda$getServices$2(NacosServiceDiscovery.java:96) ~[dubbo-3.0.9.jar:3.0.9]
	at org.apache.dubbo.common.function.ThrowableFunction.execute(ThrowableFunction.java:52) ~[dubbo-3.0.9.jar:3.0.9]
	... 99 common frames omitted
Caused by: com.alibaba.nacos.api.exception.NacosException: Client not connected, current status:STARTING
	at com.alibaba.nacos.common.remote.client.RpcClient.request(RpcClient.java:651) ~[nacos-client-2.1.0.jar:na]
	at com.alibaba.nacos.common.remote.client.RpcClient.request(RpcClient.java:631) ~[nacos-client-2.1.0.jar:na]
	at com.alibaba.nacos.client.naming.remote.gprc.NamingGrpcClientProxy.requestToServer(NamingGrpcClientProxy.java:278) ~[nacos-client-2.1.0.jar:na]
	... 106 common frames omitted

2023-10-15 16:19:37.451 ERROR 19020 --- [           main] o.a.d.c.deploy.DefaultModuleDeployer     :  [DUBBO] Dubbo Module[2.1.1] refer catch error., dubbo version: 3.0.9, current host: 192.168.1.107
2023-10-15 16:19:37.452 ERROR 19020 --- [           main] o.a.d.c.deploy.DefaultModuleDeployer     :  [DUBBO] Dubbo Module[2.1.1] start failed: java.lang.IllegalStateException: Failed to check the status of the service com.yupi.service.InnerUserService. No provider available for the service com.yupi.service.InnerUserService from the url consumer://192.168.1.107/com.yupi.service.InnerUserService?application=dubbo-springboot-demo-provider&background=false&dubbo=2.0.2&interface=com.yupi.service.InnerUserService&methods=getUser&pid=19020&register.ip=192.168.1.107&release=3.0.9&revision=0.0.1-SNAPSHOT&side=consumer&sticky=false&timestamp=1697357939843 to the consumer 192.168.1.107 use dubbo version 3.0.9, dubbo version: 3.0.9, current host: 192.168.1.107

java.lang.IllegalStateException: Failed to check the status of the service com.yupi.service.InnerUserService. No provider available for the service com.yupi.service.InnerUserService from the url consumer://192.168.1.107/com.yupi.service.InnerUserService?application=dubbo-springboot-demo-provider&background=false&dubbo=2.0.2&interface=com.yupi.service.InnerUserService&methods=getUser&pid=19020&register.ip=192.168.1.107&release=3.0.9&revision=0.0.1-SNAPSHOT&side=consumer&sticky=false&timestamp=1697357939843 to the consumer 192.168.1.107 use dubbo version 3.0.9
	at org.apache.dubbo.config.ReferenceConfig.checkInvokerAvailable(ReferenceConfig.java:545) ~[dubbo-3.0.9.jar:3.0.9]
	at org.apache.dubbo.config.ReferenceConfig.init(ReferenceConfig.java:293) ~[dubbo-3.0.9.jar:3.0.9]
	at org.apache.dubbo.config.ReferenceConfig.get(ReferenceConfig.java:219) ~[dubbo-3.0.9.jar:3.0.9]
	at org.apache.dubbo.config.utils.SimpleReferenceCache.get(SimpleReferenceCache.java:129) ~[dubbo-3.0.9.jar:3.0.9]
	at org.apache.dubbo.config.deploy.DefaultModuleDeployer.lambda$referServices$6(DefaultModuleDeployer.java:387) ~[dubbo-3.0.9.jar:3.0.9]
	at java.util.concurrent.ConcurrentHashMap$ValuesView.forEach(ConcurrentHashMap.java:4707) ~[na:1.8.0_202]
	at org.apache.dubbo.config.deploy.DefaultModuleDeployer.referServices(DefaultModuleDeployer.java:367) ~[dubbo-3.0.9.jar:3.0.9]
	at org.apache.dubbo.config.deploy.DefaultModuleDeployer.start(DefaultModuleDeployer.java:154) ~[dubbo-3.0.9.jar:3.0.9]
	at org.apache.dubbo.config.spring.context.DubboDeployApplicationListener.onContextRefreshedEvent(DubboDeployApplicationListener.java:111) [dubbo-3.0.9.jar:3.0.9]
	at org.apache.dubbo.config.spring.context.DubboDeployApplicationListener.onApplicationEvent(DubboDeployApplicationListener.java:100) [dubbo-3.0.9.jar:3.0.9]
	at org.apache.dubbo.config.spring.context.DubboDeployApplicationListener.onApplicationEvent(DubboDeployApplicationListener.java:45) [dubbo-3.0.9.jar:3.0.9]
	at org.springframework.context.event.SimpleApplicationEventMulticaster.doInvokeListener(SimpleApplicationEventMulticaster.java:176) [spring-context-5.3.20.jar:5.3.20]
	at org.springframework.context.event.SimpleApplicationEventMulticaster.invokeListener(SimpleApplicationEventMulticaster.java:169) [spring-context-5.3.20.jar:5.3.20]
	at org.springframework.context.event.SimpleApplicationEventMulticaster.multicastEvent(SimpleApplicationEventMulticaster.java:143) [spring-context-5.3.20.jar:5.3.20]
	at org.springframework.context.support.AbstractApplicationContext.publishEvent(AbstractApplicationContext.java:421) [spring-context-5.3.20.jar:5.3.20]
	at org.springframework.context.support.AbstractApplicationContext.publishEvent(AbstractApplicationContext.java:378) [spring-context-5.3.20.jar:5.3.20]
	at org.springframework.context.support.AbstractApplicationContext.finishRefresh(AbstractApplicationContext.java:938) [spring-context-5.3.20.jar:5.3.20]
	at org.springframework.context.support.AbstractApplicationContext.refresh(AbstractApplicationContext.java:586) [spring-context-5.3.20.jar:5.3.20]
	at org.springframework.boot.SpringApplication.refresh(SpringApplication.java:734) [spring-boot-2.7.0.jar:2.7.0]
	at org.springframework.boot.SpringApplication.refreshContext(SpringApplication.java:408) [spring-boot-2.7.0.jar:2.7.0]
	at org.springframework.boot.SpringApplication.run(SpringApplication.java:308) [spring-boot-2.7.0.jar:2.7.0]
	at org.springframework.boot.test.context.SpringBootContextLoader.loadContext(SpringBootContextLoader.java:132) [spring-boot-test-2.7.0.jar:2.7.0]
	at org.springframework.test.context.cache.DefaultCacheAwareContextLoaderDelegate.loadContextInternal(DefaultCacheAwareContextLoaderDelegate.java:99) [spring-test-5.3.20.jar:5.3.20]
	at org.springframework.test.context.cache.DefaultCacheAwareContextLoaderDelegate.loadContext(DefaultCacheAwareContextLoaderDelegate.java:124) [spring-test-5.3.20.jar:5.3.20]
	at org.springframework.test.context.support.DefaultTestContext.getApplicationContext(DefaultTestContext.java:124) [spring-test-5.3.20.jar:5.3.20]
	at org.springframework.boot.test.autoconfigure.SpringBootDependencyInjectionTestExecutionListener.outputConditionEvaluationReport(SpringBootDependencyInjectionTestExecutionListener.java:53) [spring-boot-test-autoconfigure-2.7.0.jar:2.7.0]
	at org.springframework.boot.test.autoconfigure.SpringBootDependencyInjectionTestExecutionListener.prepareTestInstance(SpringBootDependencyInjectionTestExecutionListener.java:46) [spring-boot-test-autoconfigure-2.7.0.jar:2.7.0]
	at org.springframework.test.context.TestContextManager.prepareTestInstance(TestContextManager.java:248) [spring-test-5.3.20.jar:5.3.20]
	at org.springframework.test.context.junit.jupiter.SpringExtension.postProcessTestInstance(SpringExtension.java:138) [spring-test-5.3.20.jar:5.3.20]
	at org.junit.jupiter.engine.descriptor.ClassBasedTestDescriptor.lambda$invokeTestInstancePostProcessors$8(ClassBasedTestDescriptor.java:363) [junit-jupiter-engine-5.8.2.jar:5.8.2]
	at org.junit.jupiter.engine.descriptor.ClassBasedTestDescriptor.executeAndMaskThrowable(ClassBasedTestDescriptor.java:368) [junit-jupiter-engine-5.8.2.jar:5.8.2]
	at org.junit.jupiter.engine.descriptor.ClassBasedTestDescriptor.lambda$invokeTestInstancePostProcessors$9(ClassBasedTestDescriptor.java:363) [junit-jupiter-engine-5.8.2.jar:5.8.2]
	at java.util.stream.ReferencePipeline$3$1.accept(ReferencePipeline.java:193) ~[na:1.8.0_202]
	at java.util.stream.ReferencePipeline$2$1.accept(ReferencePipeline.java:175) ~[na:1.8.0_202]
	at java.util.ArrayList$ArrayListSpliterator.forEachRemaining(ArrayList.java:1382) ~[na:1.8.0_202]
	at java.util.stream.AbstractPipeline.copyInto(AbstractPipeline.java:481) ~[na:1.8.0_202]
	at java.util.stream.AbstractPipeline.wrapAndCopyInto(AbstractPipeline.java:471) ~[na:1.8.0_202]
	at java.util.stream.StreamSpliterators$WrappingSpliterator.forEachRemaining(StreamSpliterators.java:312) ~[na:1.8.0_202]
	at java.util.stream.Streams$ConcatSpliterator.forEachRemaining(Streams.java:743) ~[na:1.8.0_202]
	at java.util.stream.Streams$ConcatSpliterator.forEachRemaining(Streams.java:742) ~[na:1.8.0_202]
	at java.util.stream.ReferencePipeline$Head.forEach(ReferencePipeline.java:580) ~[na:1.8.0_202]
	at org.junit.jupiter.engine.descriptor.ClassBasedTestDescriptor.invokeTestInstancePostProcessors(ClassBasedTestDescriptor.java:362) [junit-jupiter-engine-5.8.2.jar:5.8.2]
	at org.junit.jupiter.engine.descriptor.ClassBasedTestDescriptor.lambda$instantiateAndPostProcessTestInstance$6(ClassBasedTestDescriptor.java:283) [junit-jupiter-engine-5.8.2.jar:5.8.2]
	at org.junit.platform.engine.support.hierarchical.ThrowableCollector.execute(ThrowableCollector.java:73) ~[junit-platform-engine-1.8.2.jar:1.8.2]
	at org.junit.jupiter.engine.descriptor.ClassBasedTestDescriptor.instantiateAndPostProcessTestInstance(ClassBasedTestDescriptor.java:282) [junit-jupiter-engine-5.8.2.jar:5.8.2]
	at org.junit.jupiter.engine.descriptor.ClassBasedTestDescriptor.lambda$testInstancesProvider$4(ClassBasedTestDescriptor.java:272) [junit-jupiter-engine-5.8.2.jar:5.8.2]
	at java.util.Optional.orElseGet(Optional.java:267) ~[na:1.8.0_202]
	at org.junit.jupiter.engine.descriptor.ClassBasedTestDescriptor.lambda$testInstancesProvider$5(ClassBasedTestDescriptor.java:271) [junit-jupiter-engine-5.8.2.jar:5.8.2]
	at org.junit.jupiter.engine.execution.TestInstancesProvider.getTestInstances(TestInstancesProvider.java:31) ~[junit-jupiter-engine-5.8.2.jar:5.8.2]
	at org.junit.jupiter.engine.descriptor.TestMethodTestDescriptor.lambda$prepare$0(TestMethodTestDescriptor.java:102) ~[junit-jupiter-engine-5.8.2.jar:5.8.2]
	at org.junit.platform.engine.support.hierarchical.ThrowableCollector.execute(ThrowableCollector.java:73) ~[junit-platform-engine-1.8.2.jar:1.8.2]
	at org.junit.jupiter.engine.descriptor.TestMethodTestDescriptor.prepare(TestMethodTestDescriptor.java:101) ~[junit-jupiter-engine-5.8.2.jar:5.8.2]
	at org.junit.jupiter.engine.descriptor.TestMethodTestDescriptor.prepare(TestMethodTestDescriptor.java:66) ~[junit-jupiter-engine-5.8.2.jar:5.8.2]
	at org.junit.platform.engine.support.hierarchical.NodeTestTask.lambda$prepare$2(NodeTestTask.java:123) ~[junit-platform-engine-1.8.2.jar:1.8.2]
	at org.junit.platform.engine.support.hierarchical.ThrowableCollector.execute(ThrowableCollector.java:73) ~[junit-platform-engine-1.8.2.jar:1.8.2]
	at org.junit.platform.engine.support.hierarchical.NodeTestTask.prepare(NodeTestTask.java:123) ~[junit-platform-engine-1.8.2.jar:1.8.2]
	at org.junit.platform.engine.support.hierarchical.NodeTestTask.execute(NodeTestTask.java:90) ~[junit-platform-engine-1.8.2.jar:1.8.2]
	at java.util.ArrayList.forEach(ArrayList.java:1257) ~[na:1.8.0_202]
	at org.junit.platform.engine.support.hierarchical.SameThreadHierarchicalTestExecutorService.invokeAll(SameThreadHierarchicalTestExecutorService.java:41) ~[junit-platform-engine-1.8.2.jar:1.8.2]
	at org.junit.platform.engine.support.hierarchical.NodeTestTask.lambda$executeRecursively$6(NodeTestTask.java:155) ~[junit-platform-engine-1.8.2.jar:1.8.2]
	at org.junit.platform.engine.support.hierarchical.ThrowableCollector.execute(ThrowableCollector.java:73) ~[junit-platform-engine-1.8.2.jar:1.8.2]
	at org.junit.platform.engine.support.hierarchical.NodeTestTask.lambda$executeRecursively$8(NodeTestTask.java:141) ~[junit-platform-engine-1.8.2.jar:1.8.2]
	at org.junit.platform.engine.support.hierarchical.Node.around(Node.java:137) ~[junit-platform-engine-1.8.2.jar:1.8.2]
	at org.junit.platform.engine.support.hierarchical.NodeTestTask.lambda$executeRecursively$9(NodeTestTask.java:139) ~[junit-platform-engine-1.8.2.jar:1.8.2]
	at org.junit.platform.engine.support.hierarchical.ThrowableCollector.execute(ThrowableCollector.java:73) ~[junit-platform-engine-1.8.2.jar:1.8.2]
	at org.junit.platform.engine.support.hierarchical.NodeTestTask.executeRecursively(NodeTestTask.java:138) ~[junit-platform-engine-1.8.2.jar:1.8.2]
	at org.junit.platform.engine.support.hierarchical.NodeTestTask.execute(NodeTestTask.java:95) ~[junit-platform-engine-1.8.2.jar:1.8.2]
	at java.util.ArrayList.forEach(ArrayList.java:1257) ~[na:1.8.0_202]
	at org.junit.platform.engine.support.hierarchical.SameThreadHierarchicalTestExecutorService.invokeAll(SameThreadHierarchicalTestExecutorService.java:41) ~[junit-platform-engine-1.8.2.jar:1.8.2]
	at org.junit.platform.engine.support.hierarchical.NodeTestTask.lambda$executeRecursively$6(NodeTestTask.java:155) ~[junit-platform-engine-1.8.2.jar:1.8.2]
	at org.junit.platform.engine.support.hierarchical.ThrowableCollector.execute(ThrowableCollector.java:73) ~[junit-platform-engine-1.8.2.jar:1.8.2]
	at org.junit.platform.engine.support.hierarchical.NodeTestTask.lambda$executeRecursively$8(NodeTestTask.java:141) ~[junit-platform-engine-1.8.2.jar:1.8.2]
	at org.junit.platform.engine.support.hierarchical.Node.around(Node.java:137) ~[junit-platform-engine-1.8.2.jar:1.8.2]
	at org.junit.platform.engine.support.hierarchical.NodeTestTask.lambda$executeRecursively$9(NodeTestTask.java:139) ~[junit-platform-engine-1.8.2.jar:1.8.2]
	at org.junit.platform.engine.support.hierarchical.ThrowableCollector.execute(ThrowableCollector.java:73) ~[junit-platform-engine-1.8.2.jar:1.8.2]
	at org.junit.platform.engine.support.hierarchical.NodeTestTask.executeRecursively(NodeTestTask.java:138) ~[junit-platform-engine-1.8.2.jar:1.8.2]
	at org.junit.platform.engine.support.hierarchical.NodeTestTask.execute(NodeTestTask.java:95) ~[junit-platform-engine-1.8.2.jar:1.8.2]
	at org.junit.platform.engine.support.hierarchical.SameThreadHierarchicalTestExecutorService.submit(SameThreadHierarchicalTestExecutorService.java:35) ~[junit-platform-engine-1.8.2.jar:1.8.2]
	at org.junit.platform.engine.support.hierarchical.HierarchicalTestExecutor.execute(HierarchicalTestExecutor.java:57) ~[junit-platform-engine-1.8.2.jar:1.8.2]
	at org.junit.platform.engine.support.hierarchical.HierarchicalTestEngine.execute(HierarchicalTestEngine.java:54) ~[junit-platform-engine-1.8.2.jar:1.8.2]
	at org.junit.platform.launcher.core.DefaultLauncher.execute(DefaultLauncher.java:220) ~[junit-platform-launcher-1.3.1.jar:1.3.1]
	at org.junit.platform.launcher.core.DefaultLauncher.lambda$execute$6(DefaultLauncher.java:188) ~[junit-platform-launcher-1.3.1.jar:1.3.1]
	at org.junit.platform.launcher.core.DefaultLauncher.withInterceptedStreams(DefaultLauncher.java:202) ~[junit-platform-launcher-1.3.1.jar:1.3.1]
	at org.junit.platform.launcher.core.DefaultLauncher.execute(DefaultLauncher.java:181) ~[junit-platform-launcher-1.3.1.jar:1.3.1]
	at org.junit.platform.launcher.core.DefaultLauncher.execute(DefaultLauncher.java:128) ~[junit-platform-launcher-1.3.1.jar:1.3.1]
	at org.apache.maven.surefire.junitplatform.JUnitPlatformProvider.invokeAllTests(JUnitPlatformProvider.java:150) ~[surefire-junit-platform-2.22.2.jar:2.22.2]
	at org.apache.maven.surefire.junitplatform.JUnitPlatformProvider.invoke(JUnitPlatformProvider.java:124) ~[surefire-junit-platform-2.22.2.jar:2.22.2]
	at org.apache.maven.surefire.booter.ForkedBooter.invokeProviderInSameClassLoader(ForkedBooter.java:384) ~[surefire-booter-2.22.2.jar:2.22.2]
	at org.apache.maven.surefire.booter.ForkedBooter.runSuitesInProcess(ForkedBooter.java:345) ~[surefire-booter-2.22.2.jar:2.22.2]
	at org.apache.maven.surefire.booter.ForkedBooter.execute(ForkedBooter.java:126) ~[surefire-booter-2.22.2.jar:2.22.2]
	at org.apache.maven.surefire.booter.ForkedBooter.main(ForkedBooter.java:418) ~[surefire-booter-2.22.2.jar:2.22.2]

2023-10-15 16:19:37.452  INFO 19020 --- [           main] .c.m.ConfigurableMetadataServiceExporter :  [DUBBO] Metadata Service Port hasn't been set will use default protocol defined in protocols., dubbo version: 3.0.9, current host: 192.168.1.107
2023-10-15 16:19:37.452  INFO 19020 --- [           main] .c.m.ConfigurableMetadataServiceExporter :  [DUBBO] Using dubbo protocol to export metadata service on port -1, dubbo version: 3.0.9, current host: 192.168.1.107
2023-10-15 16:19:37.575 ERROR 19020 --- [           main] com.alibaba.nacos.common.remote.client   : Send request fail, request = ConfigQueryRequest{headers={charset=UTF-8, Client-AppName=unknown, Client-RequestToken=429e6552dc2c427e453cd3fa589bdf1c, Client-RequestTS=1697357977466, exConfigInfo=true, notify=false}, requestId='null'}, retryTimes = 0, errorMessage = Client not connected, current status:STARTING
2023-10-15 16:19:37.685 ERROR 19020 --- [           main] com.alibaba.nacos.common.remote.client   : Send request fail, request = ConfigQueryRequest{headers={charset=UTF-8, Client-AppName=unknown, Client-RequestToken=429e6552dc2c427e453cd3fa589bdf1c, Client-RequestTS=1697357977466, exConfigInfo=true, notify=false}, requestId='null'}, retryTimes = 1, errorMessage = Client not connected, current status:STARTING
2023-10-15 16:19:37.796 ERROR 19020 --- [           main] com.alibaba.nacos.common.remote.client   : Send request fail, request = ConfigQueryRequest{headers={charset=UTF-8, Client-AppName=unknown, Client-RequestToken=429e6552dc2c427e453cd3fa589bdf1c, Client-RequestTS=1697357977466, exConfigInfo=true, notify=false}, requestId='null'}, retryTimes = 2, errorMessage = Client not connected, current status:STARTING
2023-10-15 16:19:37.796  WARN 19020 --- [           main] c.a.n.client.config.NacosConfigService   : [fixed-localhost_8848] [get-config] get from server error, dataId=dubbo.application.register-mode, group=dubbo, tenant=, msg=ErrCode:-401, ErrMsg:Client not connected, current status:STARTING
2023-10-15 16:19:37.796  WARN 19020 --- [           main] c.a.n.client.config.NacosConfigService   : [fixed-localhost_8848] [get-config] get snapshot ok, dataId=dubbo.application.register-mode, group=dubbo, tenant=, config=
2023-10-15 16:19:37.803  INFO 19020 --- [           main] org.apache.dubbo.config.ServiceConfig    :  [DUBBO] Export dubbo service org.apache.dubbo.metadata.MetadataService to local registry url : injvm://127.0.0.1/org.apache.dubbo.metadata.MetadataService?anyhost=true&application=dubbo-springboot-demo-provider&background=false&bind.ip=192.168.1.107&bind.port=20880&connections=1&corethreads=2&delay=0&deprecated=false&dubbo=2.0.2&dynamic=true&executes=100&generic=false&getAndListenInstanceMetadata.1.callback=true&getAndListenInstanceMetadata.return=true&getAndListenInstanceMetadata.sent=true&group=dubbo-springboot-demo-provider&interface=org.apache.dubbo.metadata.MetadataService&methods=getMetadataURL,isMetadataService,getAndListenInstanceMetadata,getExportedURLs,serviceName,version,getSubscribedURLs,getExportedServiceURLs,exportInstanceMetadata,getMetadataInfo,toSortedStrings,getMetadataInfos,getServiceDefinition,getInstanceMetadataChangedListenerMap&pid=19020&register=false&release=3.0.9&revision=3.0.9&side=provider&threadpool=cached&threads=100&timestamp=1697357977796&version=1.0.0, dubbo version: 3.0.9, current host: 192.168.1.107
2023-10-15 16:19:37.804  INFO 19020 --- [           main] org.apache.dubbo.config.ServiceConfig    :  [DUBBO] Export dubbo service org.apache.dubbo.metadata.MetadataService to url dubbo://192.168.1.107:20880/org.apache.dubbo.metadata.MetadataService?anyhost=true&application=dubbo-springboot-demo-provider&background=false&bind.ip=192.168.1.107&bind.port=20880&connections=1&corethreads=2&delay=0&deprecated=false&dubbo=2.0.2&dynamic=true&executes=100&generic=false&getAndListenInstanceMetadata.1.callback=true&getAndListenInstanceMetadata.return=true&getAndListenInstanceMetadata.sent=true&group=dubbo-springboot-demo-provider&interface=org.apache.dubbo.metadata.MetadataService&methods=getMetadataURL,isMetadataService,getAndListenInstanceMetadata,getExportedURLs,serviceName,version,getSubscribedURLs,getExportedServiceURLs,exportInstanceMetadata,getMetadataInfo,toSortedStrings,getMetadataInfos,getServiceDefinition,getInstanceMetadataChangedListenerMap&pid=19020&register=false&release=3.0.9&revision=3.0.9&service-name-mapping=true&side=provider&threadpool=cached&threads=100&timestamp=1697357977796&version=1.0.0, dubbo version: 3.0.9, current host: 192.168.1.107
2023-10-15 16:19:37.908 ERROR 19020 --- [s.client.Worker] com.alibaba.nacos.common.remote.client   : Send request fail, request = ConfigBatchListenRequest{headers={charset=UTF-8, Client-AppName=unknown, Client-RequestToken=58fc2d2be98a5be20ac59cad3ba1a2f0, Client-RequestTS=1697357977804, exConfigInfo=true}, requestId='null'}, retryTimes = 0, errorMessage = Client not connected, current status:STARTING
2023-10-15 16:19:37.908 ERROR 19020 --- [           main] com.alibaba.nacos.common.remote.client   : Send request fail, request = ConfigQueryRequest{headers={charset=UTF-8, Client-AppName=unknown, Client-RequestToken=58fc2d2be98a5be20ac59cad3ba1a2f0, Client-RequestTS=1697357977804, exConfigInfo=true, notify=false}, requestId='null'}, retryTimes = 0, errorMessage = Client not connected, current status:STARTING
2023-10-15 16:19:38.018 ERROR 19020 --- [           main] com.alibaba.nacos.common.remote.client   : Send request fail, request = ConfigQueryRequest{headers={charset=UTF-8, Client-AppName=unknown, Client-RequestToken=58fc2d2be98a5be20ac59cad3ba1a2f0, Client-RequestTS=1697357977804, exConfigInfo=true, notify=false}, requestId='null'}, retryTimes = 1, errorMessage = Client not connected, current status:STARTING
2023-10-15 16:19:38.018 ERROR 19020 --- [s.client.Worker] com.alibaba.nacos.common.remote.client   : Send request fail, request = ConfigBatchListenRequest{headers={charset=UTF-8, Client-AppName=unknown, Client-RequestToken=58fc2d2be98a5be20ac59cad3ba1a2f0, Client-RequestTS=1697357977804, exConfigInfo=true}, requestId='null'}, retryTimes = 1, errorMessage = Client not connected, current status:STARTING
2023-10-15 16:19:38.129 ERROR 19020 --- [s.client.Worker] com.alibaba.nacos.common.remote.client   : Send request fail, request = ConfigBatchListenRequest{headers={charset=UTF-8, Client-AppName=unknown, Client-RequestToken=58fc2d2be98a5be20ac59cad3ba1a2f0, Client-RequestTS=1697357977804, exConfigInfo=true}, requestId='null'}, retryTimes = 2, errorMessage = Client not connected, current status:STARTING
2023-10-15 16:19:38.129 ERROR 19020 --- [           main] com.alibaba.nacos.common.remote.client   : Send request fail, request = ConfigQueryRequest{headers={charset=UTF-8, Client-AppName=unknown, Client-RequestToken=58fc2d2be98a5be20ac59cad3ba1a2f0, Client-RequestTS=1697357977804, exConfigInfo=true, notify=false}, requestId='null'}, retryTimes = 2, errorMessage = Client not connected, current status:STARTING
2023-10-15 16:19:38.129 ERROR 19020 --- [s.client.Worker] c.a.n.client.config.impl.ClientWorker    : Async listen config change error 

com.alibaba.nacos.api.exception.NacosException: Client not connected, current status:STARTING
	at com.alibaba.nacos.common.remote.client.RpcClient.request(RpcClient.java:651) ~[nacos-client-2.1.0.jar:na]
	at com.alibaba.nacos.client.config.impl.ClientWorker$ConfigRpcTransportClient.requestProxy(ClientWorker.java:1005) [nacos-client-2.1.0.jar:na]
	at com.alibaba.nacos.client.config.impl.ClientWorker$ConfigRpcTransportClient.requestProxy(ClientWorker.java:986) [nacos-client-2.1.0.jar:na]
	at com.alibaba.nacos.client.config.impl.ClientWorker$ConfigRpcTransportClient.executeConfigListen(ClientWorker.java:777) [nacos-client-2.1.0.jar:na]
	at com.alibaba.nacos.client.config.impl.ClientWorker$ConfigRpcTransportClient.lambda$startInternal$2(ClientWorker.java:695) [nacos-client-2.1.0.jar:na]
	at java.util.concurrent.Executors$RunnableAdapter.call(Executors.java:511) ~[na:1.8.0_202]
	at java.util.concurrent.FutureTask.run(FutureTask.java:266) ~[na:1.8.0_202]
	at java.util.concurrent.ScheduledThreadPoolExecutor$ScheduledFutureTask.access$201(ScheduledThreadPoolExecutor.java:180) ~[na:1.8.0_202]
	at java.util.concurrent.ScheduledThreadPoolExecutor$ScheduledFutureTask.run(ScheduledThreadPoolExecutor.java:293) ~[na:1.8.0_202]
	at java.util.concurrent.ThreadPoolExecutor.runWorker(ThreadPoolExecutor.java:1149) ~[na:1.8.0_202]
	at java.util.concurrent.ThreadPoolExecutor$Worker.run(ThreadPoolExecutor.java:624) ~[na:1.8.0_202]
	at java.lang.Thread.run(Thread.java:748) ~[na:1.8.0_202]

2023-10-15 16:19:38.129  WARN 19020 --- [           main] c.a.n.client.config.NacosConfigService   : [fixed-localhost_8848] [get-config] get from server error, dataId=dubbo-springboot-demo-provider.configurators, group=dubbo, tenant=, msg=ErrCode:-401, ErrMsg:Client not connected, current status:STARTING
2023-10-15 16:19:38.129  WARN 19020 --- [           main] c.a.n.client.config.NacosConfigService   : [fixed-localhost_8848] [get-config] get snapshot ok, dataId=dubbo-springboot-demo-provider.configurators, group=dubbo, tenant=, config=
2023-10-15 16:19:38.129  INFO 19020 --- [           main] c.a.n.client.config.impl.ClientWorker    : [fixed-localhost_8848] [subscribe] org.apache.dubbo.metadata.MetadataService:1.0.0:dubbo-springboot-demo-provider.configurators+dubbo
2023-10-15 16:19:38.129  INFO 19020 --- [           main] c.a.nacos.client.config.impl.CacheData   : [fixed-localhost_8848] [add-listener] ok, tenant=, dataId=org.apache.dubbo.metadata.MetadataService:1.0.0:dubbo-springboot-demo-provider.configurators, group=dubbo, cnt=1
2023-10-15 16:19:38.241 ERROR 19020 --- [           main] com.alibaba.nacos.common.remote.client   : Send request fail, request = ConfigQueryRequest{headers={charset=UTF-8, Client-AppName=unknown, Client-RequestToken=3154534d62e0a47717249f9f0519188f, Client-RequestTS=1697357978130, exConfigInfo=true, notify=false}, requestId='null'}, retryTimes = 0, errorMessage = Client not connected, current status:STARTING
2023-10-15 16:19:38.304 ERROR 19020 --- [s.client.Worker] com.alibaba.nacos.common.remote.client   : Send request fail, request = ConfigBatchListenRequest{headers={charset=UTF-8, Client-AppName=unknown, Client-RequestToken=9139018157135ffc87d47932cea92b08, Client-RequestTS=1697357978193, exConfigInfo=true}, requestId='null'}, retryTimes = 0, errorMessage = Client not connected, current status:STARTING
2023-10-15 16:19:38.334  WARN 19020 --- [ing.grpc.redo.0] com.alibaba.nacos.client.naming          : Grpc Connection is disconnect, skip current redo task
2023-10-15 16:19:38.351 ERROR 19020 --- [           main] com.alibaba.nacos.common.remote.client   : Send request fail, request = ConfigQueryRequest{headers={charset=UTF-8, Client-AppName=unknown, Client-RequestToken=3154534d62e0a47717249f9f0519188f, Client-RequestTS=1697357978130, exConfigInfo=true, notify=false}, requestId='null'}, retryTimes = 1, errorMessage = Client not connected, current status:STARTING
2023-10-15 16:19:38.415 ERROR 19020 --- [s.client.Worker] com.alibaba.nacos.common.remote.client   : Send request fail, request = ConfigBatchListenRequest{headers={charset=UTF-8, Client-AppName=unknown, Client-RequestToken=9139018157135ffc87d47932cea92b08, Client-RequestTS=1697357978193, exConfigInfo=true}, requestId='null'}, retryTimes = 1, errorMessage = Client not connected, current status:STARTING
2023-10-15 16:19:38.463 ERROR 19020 --- [           main] com.alibaba.nacos.common.remote.client   : Send request fail, request = ConfigQueryRequest{headers={charset=UTF-8, Client-AppName=unknown, Client-RequestToken=3154534d62e0a47717249f9f0519188f, Client-RequestTS=1697357978130, exConfigInfo=true, notify=false}, requestId='null'}, retryTimes = 2, errorMessage = Client not connected, current status:STARTING
2023-10-15 16:19:38.463  WARN 19020 --- [           main] c.a.n.client.config.NacosConfigService   : [fixed-localhost_8848] [get-config] get from server error, dataId=org.apache.dubbo.metadata.MetadataService:1.0.0:dubbo-springboot-demo-provider.configurators, group=dubbo, tenant=, msg=ErrCode:-401, ErrMsg:Client not connected, current status:STARTING
2023-10-15 16:19:38.463  WARN 19020 --- [           main] c.a.n.client.config.NacosConfigService   : [fixed-localhost_8848] [get-config] get snapshot ok, dataId=org.apache.dubbo.metadata.MetadataService:1.0.0:dubbo-springboot-demo-provider.configurators, group=dubbo, tenant=, config=
2023-10-15 16:19:38.467  INFO 19020 --- [           main] o.a.d.remoting.transport.AbstractServer  :  [DUBBO] Start NettyServer bind /0.0.0.0:20880, export /192.168.1.107:20880, dubbo version: 3.0.9, current host: 192.168.1.107
2023-10-15 16:19:38.468  INFO 19020 --- [           main] o.a.d.r.c.m.MigrationRuleListener        :  [DUBBO] Listening for migration rules on dataId dubbo-springboot-demo-provider.migration, group DUBBO_SERVICEDISCOVERY_MIGRATION, dubbo version: 3.0.9, current host: 192.168.1.107
2023-10-15 16:19:38.525 ERROR 19020 --- [s.client.Worker] com.alibaba.nacos.common.remote.client   : Send request fail, request = ConfigBatchListenRequest{headers={charset=UTF-8, Client-AppName=unknown, Client-RequestToken=9139018157135ffc87d47932cea92b08, Client-RequestTS=1697357978193, exConfigInfo=true}, requestId='null'}, retryTimes = 2, errorMessage = Client not connected, current status:STARTING
2023-10-15 16:19:38.525 ERROR 19020 --- [s.client.Worker] com.alibaba.nacos.common.remote.client   : Send request fail, request = ConfigBatchListenRequest{headers={charset=UTF-8, Client-AppName=unknown, Client-RequestToken=09fdfd983c803aabdc29b17dab80b812, Client-RequestTS=1697357978415, exConfigInfo=true}, requestId='null'}, retryTimes = 0, errorMessage = Client not connected, current status:STARTING
2023-10-15 16:19:38.525 ERROR 19020 --- [s.client.Worker] c.a.n.client.config.impl.ClientWorker    : Async listen config change error 

com.alibaba.nacos.api.exception.NacosException: Client not connected, current status:STARTING
	at com.alibaba.nacos.common.remote.client.RpcClient.request(RpcClient.java:651) ~[nacos-client-2.1.0.jar:na]
	at com.alibaba.nacos.client.config.impl.ClientWorker$ConfigRpcTransportClient.requestProxy(ClientWorker.java:1005) [nacos-client-2.1.0.jar:na]
	at com.alibaba.nacos.client.config.impl.ClientWorker$ConfigRpcTransportClient.requestProxy(ClientWorker.java:986) [nacos-client-2.1.0.jar:na]
	at com.alibaba.nacos.client.config.impl.ClientWorker$ConfigRpcTransportClient.executeConfigListen(ClientWorker.java:777) [nacos-client-2.1.0.jar:na]
	at com.alibaba.nacos.client.config.impl.ClientWorker$ConfigRpcTransportClient.lambda$startInternal$2(ClientWorker.java:695) [nacos-client-2.1.0.jar:na]
	at java.util.concurrent.Executors$RunnableAdapter.call(Executors.java:511) ~[na:1.8.0_202]
	at java.util.concurrent.FutureTask.run(FutureTask.java:266) ~[na:1.8.0_202]
	at java.util.concurrent.ScheduledThreadPoolExecutor$ScheduledFutureTask.access$201(ScheduledThreadPoolExecutor.java:180) ~[na:1.8.0_202]
	at java.util.concurrent.ScheduledThreadPoolExecutor$ScheduledFutureTask.run(ScheduledThreadPoolExecutor.java:293) ~[na:1.8.0_202]
	at java.util.concurrent.ThreadPoolExecutor.runWorker(ThreadPoolExecutor.java:1149) ~[na:1.8.0_202]
	at java.util.concurrent.ThreadPoolExecutor$Worker.run(ThreadPoolExecutor.java:624) ~[na:1.8.0_202]
	at java.lang.Thread.run(Thread.java:748) ~[na:1.8.0_202]

2023-10-15 16:19:38.573 ERROR 19020 --- [           main] com.alibaba.nacos.common.remote.client   : Send request fail, request = ConfigQueryRequest{headers={charset=UTF-8, Client-AppName=unknown, Client-RequestToken=1f9834b6dd4844db52fc7490b6740232, Client-RequestTS=1697357978469, exConfigInfo=true, notify=false}, requestId='null'}, retryTimes = 0, errorMessage = Client not connected, current status:STARTING
2023-10-15 16:19:38.637 ERROR 19020 --- [s.client.Worker] com.alibaba.nacos.common.remote.client   : Send request fail, request = ConfigBatchListenRequest{headers={charset=UTF-8, Client-AppName=unknown, Client-RequestToken=09fdfd983c803aabdc29b17dab80b812, Client-RequestTS=1697357978415, exConfigInfo=true}, requestId='null'}, retryTimes = 1, errorMessage = Client not connected, current status:STARTING
2023-10-15 16:19:38.685 ERROR 19020 --- [           main] com.alibaba.nacos.common.remote.client   : Send request fail, request = ConfigQueryRequest{headers={charset=UTF-8, Client-AppName=unknown, Client-RequestToken=1f9834b6dd4844db52fc7490b6740232, Client-RequestTS=1697357978469, exConfigInfo=true, notify=false}, requestId='null'}, retryTimes = 1, errorMessage = Client not connected, current status:STARTING
2023-10-15 16:19:38.700 ERROR 19020 --- [s.client.Worker] com.alibaba.nacos.common.remote.client   : Send request fail, request = ConfigBatchListenRequest{headers={charset=UTF-8, Client-AppName=unknown, Client-RequestToken=e6ce0ca1e40886dc3452d4730ddb2206, Client-RequestTS=1697357978589, exConfigInfo=true}, requestId='null'}, retryTimes = 0, errorMessage = Client not connected, current status:STARTING
2023-10-15 16:19:38.747 ERROR 19020 --- [s.client.Worker] com.alibaba.nacos.common.remote.client   : Send request fail, request = ConfigBatchListenRequest{headers={charset=UTF-8, Client-AppName=unknown, Client-RequestToken=09fdfd983c803aabdc29b17dab80b812, Client-RequestTS=1697357978415, exConfigInfo=true}, requestId='null'}, retryTimes = 2, errorMessage = Client not connected, current status:STARTING
2023-10-15 16:19:38.747 ERROR 19020 --- [s.client.Worker] c.a.n.client.config.impl.ClientWorker    : Async listen config change error 

com.alibaba.nacos.api.exception.NacosException: Client not connected, current status:STARTING
	at com.alibaba.nacos.common.remote.client.RpcClient.request(RpcClient.java:651) ~[nacos-client-2.1.0.jar:na]
	at com.alibaba.nacos.client.config.impl.ClientWorker$ConfigRpcTransportClient.requestProxy(ClientWorker.java:1005) [nacos-client-2.1.0.jar:na]
	at com.alibaba.nacos.client.config.impl.ClientWorker$ConfigRpcTransportClient.requestProxy(ClientWorker.java:986) [nacos-client-2.1.0.jar:na]
	at com.alibaba.nacos.client.config.impl.ClientWorker$ConfigRpcTransportClient.executeConfigListen(ClientWorker.java:777) [nacos-client-2.1.0.jar:na]
	at com.alibaba.nacos.client.config.impl.ClientWorker$ConfigRpcTransportClient.lambda$startInternal$2(ClientWorker.java:695) [nacos-client-2.1.0.jar:na]
	at java.util.concurrent.Executors$RunnableAdapter.call(Executors.java:511) ~[na:1.8.0_202]
	at java.util.concurrent.FutureTask.run(FutureTask.java:266) ~[na:1.8.0_202]
	at java.util.concurrent.ScheduledThreadPoolExecutor$ScheduledFutureTask.access$201(ScheduledThreadPoolExecutor.java:180) ~[na:1.8.0_202]
	at java.util.concurrent.ScheduledThreadPoolExecutor$ScheduledFutureTask.run(ScheduledThreadPoolExecutor.java:293) ~[na:1.8.0_202]
	at java.util.concurrent.ThreadPoolExecutor.runWorker(ThreadPoolExecutor.java:1149) ~[na:1.8.0_202]
	at java.util.concurrent.ThreadPoolExecutor$Worker.run(ThreadPoolExecutor.java:624) ~[na:1.8.0_202]
	at java.lang.Thread.run(Thread.java:748) ~[na:1.8.0_202]

2023-10-15 16:19:38.794 ERROR 19020 --- [           main] com.alibaba.nacos.common.remote.client   : Send request fail, request = ConfigQueryRequest{headers={charset=UTF-8, Client-AppName=unknown, Client-RequestToken=1f9834b6dd4844db52fc7490b6740232, Client-RequestTS=1697357978469, exConfigInfo=true, notify=false}, requestId='null'}, retryTimes = 2, errorMessage = Client not connected, current status:STARTING
2023-10-15 16:19:38.794  WARN 19020 --- [           main] c.a.n.client.config.NacosConfigService   : [fixed-localhost_8848] [get-config] get from server error, dataId=dubbo-springboot-demo-provider.migration, group=DUBBO_SERVICEDISCOVERY_MIGRATION, tenant=, msg=ErrCode:-401, ErrMsg:Client not connected, current status:STARTING
2023-10-15 16:19:38.794  WARN 19020 --- [           main] c.a.n.client.config.NacosConfigService   : [fixed-localhost_8848] [get-config] get snapshot ok, dataId=dubbo-springboot-demo-provider.migration, group=DUBBO_SERVICEDISCOVERY_MIGRATION, tenant=, config=
2023-10-15 16:19:38.794  INFO 19020 --- [           main] org.apache.dubbo.config.ServiceConfig    :  [DUBBO] Export dubbo service org.apache.dubbo.metadata.MetadataService to url dubbo://192.168.1.107:20880/org.apache.dubbo.metadata.MetadataService?anyhost=true&application=dubbo-springboot-demo-provider&background=false&bind.ip=192.168.1.107&bind.port=20880&connections=1&corethreads=2&delay=0&deprecated=false&dubbo=2.0.2&dynamic=true&executes=100&generic=false&getAndListenInstanceMetadata.1.callback=true&getAndListenInstanceMetadata.return=true&getAndListenInstanceMetadata.sent=true&group=dubbo-springboot-demo-provider&interface=org.apache.dubbo.metadata.MetadataService&methods=getMetadataURL,isMetadataService,getAndListenInstanceMetadata,getExportedURLs,serviceName,version,getSubscribedURLs,getExportedServiceURLs,exportInstanceMetadata,getMetadataInfo,toSortedStrings,getMetadataInfos,getServiceDefinition,getInstanceMetadataChangedListenerMap&pid=19020&register=false&release=3.0.9&revision=3.0.9&service-name-mapping=true&side=provider&threadpool=cached&threads=100&timestamp=1697357977796&version=1.0.0, dubbo version: 3.0.9, current host: 192.168.1.107
2023-10-15 16:19:38.810 ERROR 19020 --- [s.client.Worker] com.alibaba.nacos.common.remote.client   : Send request fail, request = ConfigBatchListenRequest{headers={charset=UTF-8, Client-AppName=unknown, Client-RequestToken=e6ce0ca1e40886dc3452d4730ddb2206, Client-RequestTS=1697357978589, exConfigInfo=true}, requestId='null'}, retryTimes = 1, errorMessage = Client not connected, current status:STARTING
2023-10-15 16:19:38.904 ERROR 19020 --- [           main] com.alibaba.nacos.common.remote.client   : Send request fail, request = ConfigQueryRequest{headers={charset=UTF-8, Client-AppName=unknown, Client-RequestToken=1f565e1941c94f2578ecaa39997ecef9, Client-RequestTS=1697357978794, exConfigInfo=true, notify=false}, requestId='null'}, retryTimes = 0, errorMessage = Client not connected, current status:STARTING
2023-10-15 16:19:38.904 ERROR 19020 --- [s.client.Worker] com.alibaba.nacos.common.remote.client   : Send request fail, request = ConfigBatchListenRequest{headers={charset=UTF-8, Client-AppName=unknown, Client-RequestToken=1f565e1941c94f2578ecaa39997ecef9, Client-RequestTS=1697357978794, exConfigInfo=true}, requestId='null'}, retryTimes = 0, errorMessage = Client not connected, current status:STARTING
2023-10-15 16:19:38.920 ERROR 19020 --- [s.client.Worker] com.alibaba.nacos.common.remote.client   : Send request fail, request = ConfigBatchListenRequest{headers={charset=UTF-8, Client-AppName=unknown, Client-RequestToken=e6ce0ca1e40886dc3452d4730ddb2206, Client-RequestTS=1697357978589, exConfigInfo=true}, requestId='null'}, retryTimes = 2, errorMessage = Client not connected, current status:STARTING
2023-10-15 16:19:38.920 ERROR 19020 --- [s.client.Worker] c.a.n.client.config.impl.ClientWorker    : Async listen config change error 

com.alibaba.nacos.api.exception.NacosException: Client not connected, current status:STARTING
	at com.alibaba.nacos.common.remote.client.RpcClient.request(RpcClient.java:651) ~[nacos-client-2.1.0.jar:na]
	at com.alibaba.nacos.client.config.impl.ClientWorker$ConfigRpcTransportClient.requestProxy(ClientWorker.java:1005) [nacos-client-2.1.0.jar:na]
	at com.alibaba.nacos.client.config.impl.ClientWorker$ConfigRpcTransportClient.requestProxy(ClientWorker.java:986) [nacos-client-2.1.0.jar:na]
	at com.alibaba.nacos.client.config.impl.ClientWorker$ConfigRpcTransportClient.executeConfigListen(ClientWorker.java:777) [nacos-client-2.1.0.jar:na]
	at com.alibaba.nacos.client.config.impl.ClientWorker$ConfigRpcTransportClient.lambda$startInternal$2(ClientWorker.java:695) [nacos-client-2.1.0.jar:na]
	at java.util.concurrent.Executors$RunnableAdapter.call(Executors.java:511) ~[na:1.8.0_202]
	at java.util.concurrent.FutureTask.run(FutureTask.java:266) ~[na:1.8.0_202]
	at java.util.concurrent.ScheduledThreadPoolExecutor$ScheduledFutureTask.access$201(ScheduledThreadPoolExecutor.java:180) ~[na:1.8.0_202]
	at java.util.concurrent.ScheduledThreadPoolExecutor$ScheduledFutureTask.run(ScheduledThreadPoolExecutor.java:293) ~[na:1.8.0_202]
	at java.util.concurrent.ThreadPoolExecutor.runWorker(ThreadPoolExecutor.java:1149) ~[na:1.8.0_202]
	at java.util.concurrent.ThreadPoolExecutor$Worker.run(ThreadPoolExecutor.java:624) ~[na:1.8.0_202]
	at java.lang.Thread.run(Thread.java:748) ~[na:1.8.0_202]

2023-10-15 16:19:38.968  WARN 19020 --- [ing.grpc.redo.0] com.alibaba.nacos.client.naming          : Grpc Connection is disconnect, skip current redo task
2023-10-15 16:19:39.016 ERROR 19020 --- [           main] com.alibaba.nacos.common.remote.client   : Send request fail, request = ConfigQueryRequest{headers={charset=UTF-8, Client-AppName=unknown, Client-RequestToken=1f565e1941c94f2578ecaa39997ecef9, Client-RequestTS=1697357978794, exConfigInfo=true, notify=false}, requestId='null'}, retryTimes = 1, errorMessage = Client not connected, current status:STARTING
2023-10-15 16:19:39.016 ERROR 19020 --- [s.client.Worker] com.alibaba.nacos.common.remote.client   : Send request fail, request = ConfigBatchListenRequest{headers={charset=UTF-8, Client-AppName=unknown, Client-RequestToken=1f565e1941c94f2578ecaa39997ecef9, Client-RequestTS=1697357978794, exConfigInfo=true}, requestId='null'}, retryTimes = 1, errorMessage = Client not connected, current status:STARTING
2023-10-15 16:19:39.095 ERROR 19020 --- [s.client.Worker] com.alibaba.nacos.common.remote.client   : Send request fail, request = ConfigBatchListenRequest{headers={charset=UTF-8, Client-AppName=unknown, Client-RequestToken=4b4720f35d00165f13b37feae66dfb2d, Client-RequestTS=1697357978984, exConfigInfo=true}, requestId='null'}, retryTimes = 0, errorMessage = Client not connected, current status:STARTING
2023-10-15 16:19:39.127 ERROR 19020 --- [s.client.Worker] com.alibaba.nacos.common.remote.client   : Send request fail, request = ConfigBatchListenRequest{headers={charset=UTF-8, Client-AppName=unknown, Client-RequestToken=1f565e1941c94f2578ecaa39997ecef9, Client-RequestTS=1697357978794, exConfigInfo=true}, requestId='null'}, retryTimes = 2, errorMessage = Client not connected, current status:STARTING
2023-10-15 16:19:39.127 ERROR 19020 --- [           main] com.alibaba.nacos.common.remote.client   : Send request fail, request = ConfigQueryRequest{headers={charset=UTF-8, Client-AppName=unknown, Client-RequestToken=1f565e1941c94f2578ecaa39997ecef9, Client-RequestTS=1697357978794, exConfigInfo=true, notify=false}, requestId='null'}, retryTimes = 2, errorMessage = Client not connected, current status:STARTING
2023-10-15 16:19:39.127  WARN 19020 --- [           main] c.a.n.client.config.NacosConfigService   : [fixed-localhost_8848] [get-config] get from server error, dataId=org.apache.dubbo.metadata.MetadataService:1.0.0:dubbo-springboot-demo-provider.configurators, group=dubbo, tenant=, msg=ErrCode:-401, ErrMsg:Client not connected, current status:STARTING
2023-10-15 16:19:39.127  WARN 19020 --- [           main] c.a.n.client.config.NacosConfigService   : [fixed-localhost_8848] [get-config] get snapshot ok, dataId=org.apache.dubbo.metadata.MetadataService:1.0.0:dubbo-springboot-demo-provider.configurators, group=dubbo, tenant=, config=
2023-10-15 16:19:39.127 ERROR 19020 --- [s.client.Worker] c.a.n.client.config.impl.ClientWorker    : Async listen config change error 

com.alibaba.nacos.api.exception.NacosException: Client not connected, current status:STARTING
	at com.alibaba.nacos.common.remote.client.RpcClient.request(RpcClient.java:651) ~[nacos-client-2.1.0.jar:na]
	at com.alibaba.nacos.client.config.impl.ClientWorker$ConfigRpcTransportClient.requestProxy(ClientWorker.java:1005) [nacos-client-2.1.0.jar:na]
	at com.alibaba.nacos.client.config.impl.ClientWorker$ConfigRpcTransportClient.requestProxy(ClientWorker.java:986) [nacos-client-2.1.0.jar:na]
	at com.alibaba.nacos.client.config.impl.ClientWorker$ConfigRpcTransportClient.executeConfigListen(ClientWorker.java:777) [nacos-client-2.1.0.jar:na]
	at com.alibaba.nacos.client.config.impl.ClientWorker$ConfigRpcTransportClient.lambda$startInternal$2(ClientWorker.java:695) [nacos-client-2.1.0.jar:na]
	at java.util.concurrent.Executors$RunnableAdapter.call(Executors.java:511) ~[na:1.8.0_202]
	at java.util.concurrent.FutureTask.run(FutureTask.java:266) ~[na:1.8.0_202]
	at java.util.concurrent.ScheduledThreadPoolExecutor$ScheduledFutureTask.access$201(ScheduledThreadPoolExecutor.java:180) ~[na:1.8.0_202]
	at java.util.concurrent.ScheduledThreadPoolExecutor$ScheduledFutureTask.run(ScheduledThreadPoolExecutor.java:293) ~[na:1.8.0_202]
	at java.util.concurrent.ThreadPoolExecutor.runWorker(ThreadPoolExecutor.java:1149) ~[na:1.8.0_202]
	at java.util.concurrent.ThreadPoolExecutor$Worker.run(ThreadPoolExecutor.java:624) ~[na:1.8.0_202]
	at java.lang.Thread.run(Thread.java:748) ~[na:1.8.0_202]

2023-10-15 16:19:39.127  INFO 19020 --- [           main] o.a.dubbo.registry.nacos.NacosRegistry   :  [DUBBO] Subscribe: provider://192.168.1.107:20880/org.apache.dubbo.metadata.MetadataService?anyhost=true&application=dubbo-springboot-demo-provider&background=false&bind.ip=192.168.1.107&bind.port=20880&category=configurators&check=false&connections=1&corethreads=2&delay=0&deprecated=false&dubbo=2.0.2&dynamic=true&executes=100&generic=false&getAndListenInstanceMetadata.1.callback=true&getAndListenInstanceMetadata.return=true&getAndListenInstanceMetadata.sent=true&group=dubbo-springboot-demo-provider&interface=org.apache.dubbo.metadata.MetadataService&methods=getMetadataURL,isMetadataService,getAndListenInstanceMetadata,getExportedURLs,serviceName,version,getSubscribedURLs,getExportedServiceURLs,exportInstanceMetadata,getMetadataInfo,toSortedStrings,getMetadataInfos,getServiceDefinition,getInstanceMetadataChangedListenerMap&pid=19020&register=false&release=3.0.9&revision=3.0.9&service-name-mapping=true&side=provider&threadpool=cached&threads=100&timestamp=1697357977796&version=1.0.0, dubbo version: 3.0.9, current host: 192.168.1.107
2023-10-15 16:19:39.128  INFO 19020 --- [           main] com.alibaba.nacos.client.naming          : [SUBSCRIBE-SERVICE] service:providers:org.apache.dubbo.metadata.MetadataService:1.0.0:dubbo-springboot-demo-provider, group:DEFAULT_GROUP, clusters: 
2023-10-15 16:19:39.143 ERROR 19020 --- [t.remote.worker] c.a.n.c.remote.client.grpc.GrpcClient    : Server check fail, please check server localhost ,port 9848 is available , error ={}

java.util.concurrent.TimeoutException: Waited 3000 milliseconds (plus 14 milliseconds, 258000 nanoseconds delay) for com.alibaba.nacos.shaded.io.grpc.stub.ClientCalls$GrpcFuture@1e80aca2[status=PENDING, info=[GrpcFuture{clientCall={delegate={delegate=ClientCallImpl{method=MethodDescriptor{fullMethodName=Request/request, type=UNARY, idempotent=false, safe=false, sampledToLocalTracing=true, requestMarshaller=com.alibaba.nacos.shaded.io.grpc.protobuf.lite.ProtoLiteUtils$MessageMarshaller@25a94b55, responseMarshaller=com.alibaba.nacos.shaded.io.grpc.protobuf.lite.ProtoLiteUtils$MessageMarshaller@6adc5b9c, schemaDescriptor=com.alibaba.nacos.api.grpc.auto.RequestGrpc$RequestMethodDescriptorSupplier@19c1820d}}}}}]]
	at com.alibaba.nacos.shaded.com.google.common.util.concurrent.AbstractFuture.get(AbstractFuture.java:508) ~[nacos-client-2.1.0.jar:na]
	at com.alibaba.nacos.common.remote.client.grpc.GrpcClient.serverCheck(GrpcClient.java:192) [nacos-client-2.1.0.jar:na]
	at com.alibaba.nacos.common.remote.client.grpc.GrpcClient.connectToServer(GrpcClient.java:302) [nacos-client-2.1.0.jar:na]
	at com.alibaba.nacos.common.remote.client.RpcClient.reconnect(RpcClient.java:521) [nacos-client-2.1.0.jar:na]
	at com.alibaba.nacos.common.remote.client.RpcClient.lambda$start$2(RpcClient.java:369) [nacos-client-2.1.0.jar:na]
	at java.util.concurrent.Executors$RunnableAdapter.call(Executors.java:511) ~[na:1.8.0_202]
	at java.util.concurrent.FutureTask.run(FutureTask.java:266) ~[na:1.8.0_202]
	at java.util.concurrent.ScheduledThreadPoolExecutor$ScheduledFutureTask.access$201(ScheduledThreadPoolExecutor.java:180) ~[na:1.8.0_202]
	at java.util.concurrent.ScheduledThreadPoolExecutor$ScheduledFutureTask.run(ScheduledThreadPoolExecutor.java:293) ~[na:1.8.0_202]
	at java.util.concurrent.ThreadPoolExecutor.runWorker(ThreadPoolExecutor.java:1149) ~[na:1.8.0_202]
	at java.util.concurrent.ThreadPoolExecutor$Worker.run(ThreadPoolExecutor.java:624) ~[na:1.8.0_202]
	at java.lang.Thread.run(Thread.java:748) ~[na:1.8.0_202]

2023-10-15 16:19:39.143  INFO 19020 --- [t.remote.worker] com.alibaba.nacos.common.remote.client   : [2e82097d-839e-4c47-b0ae-93ab445c6d13_config-0] Fail to connect server, after trying 1 times, last try server is {serverIp = 'localhost', server main port = 8848}, error = unknown
2023-10-15 16:19:39.205 ERROR 19020 --- [s.client.Worker] com.alibaba.nacos.common.remote.client   : Send request fail, request = ConfigBatchListenRequest{headers={charset=UTF-8, Client-AppName=unknown, Client-RequestToken=4b4720f35d00165f13b37feae66dfb2d, Client-RequestTS=1697357978984, exConfigInfo=true}, requestId='null'}, retryTimes = 1, errorMessage = Client not connected, current status:STARTING
2023-10-15 16:19:39.237 ERROR 19020 --- [           main] com.alibaba.nacos.common.remote.client   : Send request fail, request = SubscribeServiceRequest{headers={app=unknown}, requestId='null'}, retryTimes = 0, errorMessage = Client not connected, current status:STARTING
2023-10-15 16:19:39.301  WARN 19020 --- [ing.grpc.redo.0] com.alibaba.nacos.client.naming          : Grpc Connection is disconnect, skip current redo task
2023-10-15 16:19:39.317 ERROR 19020 --- [s.client.Worker] com.alibaba.nacos.common.remote.client   : Send request fail, request = ConfigBatchListenRequest{headers={charset=UTF-8, Client-AppName=unknown, Client-RequestToken=4b4720f35d00165f13b37feae66dfb2d, Client-RequestTS=1697357978984, exConfigInfo=true}, requestId='null'}, retryTimes = 2, errorMessage = Client not connected, current status:STARTING
2023-10-15 16:19:39.317 ERROR 19020 --- [s.client.Worker] c.a.n.client.config.impl.ClientWorker    : Async listen config change error 

com.alibaba.nacos.api.exception.NacosException: Client not connected, current status:STARTING
	at com.alibaba.nacos.common.remote.client.RpcClient.request(RpcClient.java:651) ~[nacos-client-2.1.0.jar:na]
	at com.alibaba.nacos.client.config.impl.ClientWorker$ConfigRpcTransportClient.requestProxy(ClientWorker.java:1005) [nacos-client-2.1.0.jar:na]
	at com.alibaba.nacos.client.config.impl.ClientWorker$ConfigRpcTransportClient.requestProxy(ClientWorker.java:986) [nacos-client-2.1.0.jar:na]
	at com.alibaba.nacos.client.config.impl.ClientWorker$ConfigRpcTransportClient.executeConfigListen(ClientWorker.java:777) [nacos-client-2.1.0.jar:na]
	at com.alibaba.nacos.client.config.impl.ClientWorker$ConfigRpcTransportClient.lambda$startInternal$2(ClientWorker.java:695) [nacos-client-2.1.0.jar:na]
	at java.util.concurrent.Executors$RunnableAdapter.call(Executors.java:511) ~[na:1.8.0_202]
	at java.util.concurrent.FutureTask.run(FutureTask.java:266) ~[na:1.8.0_202]
	at java.util.concurrent.ScheduledThreadPoolExecutor$ScheduledFutureTask.access$201(ScheduledThreadPoolExecutor.java:180) ~[na:1.8.0_202]
	at java.util.concurrent.ScheduledThreadPoolExecutor$ScheduledFutureTask.run(ScheduledThreadPoolExecutor.java:293) ~[na:1.8.0_202]
	at java.util.concurrent.ThreadPoolExecutor.runWorker(ThreadPoolExecutor.java:1149) ~[na:1.8.0_202]
	at java.util.concurrent.ThreadPoolExecutor$Worker.run(ThreadPoolExecutor.java:624) ~[na:1.8.0_202]
	at java.lang.Thread.run(Thread.java:748) ~[na:1.8.0_202]

2023-10-15 16:19:39.349 ERROR 19020 --- [           main] com.alibaba.nacos.common.remote.client   : Send request fail, request = SubscribeServiceRequest{headers={app=unknown}, requestId='null'}, retryTimes = 1, errorMessage = Client not connected, current status:STARTING
2023-10-15 16:19:39.381 ERROR 19020 --- [t.remote.worker] c.a.n.c.remote.client.grpc.GrpcClient    : Server check fail, please check server localhost ,port 9848 is available , error ={}

java.util.concurrent.TimeoutException: Waited 3000 milliseconds (plus 13 milliseconds, 305900 nanoseconds delay) for com.alibaba.nacos.shaded.io.grpc.stub.ClientCalls$GrpcFuture@4187ccc1[status=PENDING, info=[GrpcFuture{clientCall={delegate={delegate=ClientCallImpl{method=MethodDescriptor{fullMethodName=Request/request, type=UNARY, idempotent=false, safe=false, sampledToLocalTracing=true, requestMarshaller=com.alibaba.nacos.shaded.io.grpc.protobuf.lite.ProtoLiteUtils$MessageMarshaller@25a94b55, responseMarshaller=com.alibaba.nacos.shaded.io.grpc.protobuf.lite.ProtoLiteUtils$MessageMarshaller@6adc5b9c, schemaDescriptor=com.alibaba.nacos.api.grpc.auto.RequestGrpc$RequestMethodDescriptorSupplier@19c1820d}}}}}]]
	at com.alibaba.nacos.shaded.com.google.common.util.concurrent.AbstractFuture.get(AbstractFuture.java:508) ~[nacos-client-2.1.0.jar:na]
	at com.alibaba.nacos.common.remote.client.grpc.GrpcClient.serverCheck(GrpcClient.java:192) [nacos-client-2.1.0.jar:na]
	at com.alibaba.nacos.common.remote.client.grpc.GrpcClient.connectToServer(GrpcClient.java:302) [nacos-client-2.1.0.jar:na]
	at com.alibaba.nacos.common.remote.client.RpcClient.reconnect(RpcClient.java:521) [nacos-client-2.1.0.jar:na]
	at com.alibaba.nacos.common.remote.client.RpcClient.lambda$start$2(RpcClient.java:369) [nacos-client-2.1.0.jar:na]
	at java.util.concurrent.Executors$RunnableAdapter.call(Executors.java:511) ~[na:1.8.0_202]
	at java.util.concurrent.FutureTask.run(FutureTask.java:266) ~[na:1.8.0_202]
	at java.util.concurrent.ScheduledThreadPoolExecutor$ScheduledFutureTask.access$201(ScheduledThreadPoolExecutor.java:180) ~[na:1.8.0_202]
	at java.util.concurrent.ScheduledThreadPoolExecutor$ScheduledFutureTask.run(ScheduledThreadPoolExecutor.java:293) ~[na:1.8.0_202]
	at java.util.concurrent.ThreadPoolExecutor.runWorker(ThreadPoolExecutor.java:1149) ~[na:1.8.0_202]
	at java.util.concurrent.ThreadPoolExecutor$Worker.run(ThreadPoolExecutor.java:624) ~[na:1.8.0_202]
	at java.lang.Thread.run(Thread.java:748) ~[na:1.8.0_202]

2023-10-15 16:19:39.381  INFO 19020 --- [t.remote.worker] com.alibaba.nacos.common.remote.client   : [3b7876bc-3d8f-4bce-b2f6-42ad5540381f] Fail to connect server, after trying 4 times, last try server is {serverIp = 'localhost', server main port = 8848}, error = unknown
2023-10-15 16:19:39.428 ERROR 19020 --- [t.remote.worker] c.a.n.c.remote.client.grpc.GrpcClient    : Server check fail, please check server localhost ,port 9848 is available , error ={}

java.util.concurrent.TimeoutException: Waited 3000 milliseconds (plus 14 milliseconds, 218300 nanoseconds delay) for com.alibaba.nacos.shaded.io.grpc.stub.ClientCalls$GrpcFuture@546c7fdd[status=PENDING, info=[GrpcFuture{clientCall={delegate={delegate=ClientCallImpl{method=MethodDescriptor{fullMethodName=Request/request, type=UNARY, idempotent=false, safe=false, sampledToLocalTracing=true, requestMarshaller=com.alibaba.nacos.shaded.io.grpc.protobuf.lite.ProtoLiteUtils$MessageMarshaller@25a94b55, responseMarshaller=com.alibaba.nacos.shaded.io.grpc.protobuf.lite.ProtoLiteUtils$MessageMarshaller@6adc5b9c, schemaDescriptor=com.alibaba.nacos.api.grpc.auto.RequestGrpc$RequestMethodDescriptorSupplier@19c1820d}}}}}]]
	at com.alibaba.nacos.shaded.com.google.common.util.concurrent.AbstractFuture.get(AbstractFuture.java:508) ~[nacos-client-2.1.0.jar:na]
	at com.alibaba.nacos.common.remote.client.grpc.GrpcClient.serverCheck(GrpcClient.java:192) [nacos-client-2.1.0.jar:na]
	at com.alibaba.nacos.common.remote.client.grpc.GrpcClient.connectToServer(GrpcClient.java:302) [nacos-client-2.1.0.jar:na]
	at com.alibaba.nacos.common.remote.client.RpcClient.reconnect(RpcClient.java:521) [nacos-client-2.1.0.jar:na]
	at com.alibaba.nacos.common.remote.client.RpcClient.lambda$start$2(RpcClient.java:369) [nacos-client-2.1.0.jar:na]
	at java.util.concurrent.Executors$RunnableAdapter.call(Executors.java:511) ~[na:1.8.0_202]
	at java.util.concurrent.FutureTask.run(FutureTask.java:266) ~[na:1.8.0_202]
	at java.util.concurrent.ScheduledThreadPoolExecutor$ScheduledFutureTask.access$201(ScheduledThreadPoolExecutor.java:180) ~[na:1.8.0_202]
	at java.util.concurrent.ScheduledThreadPoolExecutor$ScheduledFutureTask.run(ScheduledThreadPoolExecutor.java:293) ~[na:1.8.0_202]
	at java.util.concurrent.ThreadPoolExecutor.runWorker(ThreadPoolExecutor.java:1149) ~[na:1.8.0_202]
	at java.util.concurrent.ThreadPoolExecutor$Worker.run(ThreadPoolExecutor.java:624) ~[na:1.8.0_202]
	at java.lang.Thread.run(Thread.java:748) ~[na:1.8.0_202]

2023-10-15 16:19:39.428  INFO 19020 --- [t.remote.worker] com.alibaba.nacos.common.remote.client   : [1a62660d-ae49-4a8f-8c45-670f650afaa8] Fail to connect server, after trying 20 times, last try server is {serverIp = 'localhost', server main port = 8848}, error = unknown
2023-10-15 16:19:39.461 ERROR 19020 --- [           main] com.alibaba.nacos.common.remote.client   : Send request fail, request = SubscribeServiceRequest{headers={app=unknown}, requestId='null'}, retryTimes = 2, errorMessage = Client not connected, current status:STARTING
2023-10-15 16:19:39.462 ERROR 19020 --- [           main] o.a.dubbo.registry.nacos.NacosRegistry   :  [DUBBO] Failed to subscribe provider://192.168.1.107:20880/org.apache.dubbo.metadata.MetadataService?anyhost=true&application=dubbo-springboot-demo-provider&background=false&bind.ip=192.168.1.107&bind.port=20880&category=configurators&check=false&connections=1&corethreads=2&delay=0&deprecated=false&dubbo=2.0.2&dynamic=true&executes=100&generic=false&getAndListenInstanceMetadata.1.callback=true&getAndListenInstanceMetadata.return=true&getAndListenInstanceMetadata.sent=true&group=dubbo-springboot-demo-provider&interface=org.apache.dubbo.metadata.MetadataService&methods=getMetadataURL,isMetadataService,getAndListenInstanceMetadata,getExportedURLs,serviceName,version,getSubscribedURLs,getExportedServiceURLs,exportInstanceMetadata,getMetadataInfo,toSortedStrings,getMetadataInfos,getServiceDefinition,getInstanceMetadataChangedListenerMap&pid=19020&register=false&release=3.0.9&revision=3.0.9&service-name-mapping=true&side=provider&threadpool=cached&threads=100&timestamp=1697357977796&version=1.0.0, waiting for retry, cause: Failed to subscribe provider://192.168.1.107:20880/org.apache.dubbo.metadata.MetadataService?anyhost=true&application=dubbo-springboot-demo-provider&background=false&bind.ip=192.168.1.107&bind.port=20880&category=configurators&check=false&connections=1&corethreads=2&delay=0&deprecated=false&dubbo=2.0.2&dynamic=true&executes=100&generic=false&getAndListenInstanceMetadata.1.callback=true&getAndListenInstanceMetadata.return=true&getAndListenInstanceMetadata.sent=true&group=dubbo-springboot-demo-provider&interface=org.apache.dubbo.metadata.MetadataService&methods=getMetadataURL,isMetadataService,getAndListenInstanceMetadata,getExportedURLs,serviceName,version,getSubscribedURLs,getExportedServiceURLs,exportInstanceMetadata,getMetadataInfo,toSortedStrings,getMetadataInfos,getServiceDefinition,getInstanceMetadataChangedListenerMap&pid=19020&register=false&release=3.0.9&revision=3.0.9&service-name-mapping=true&side=provider&threadpool=cached&threads=100&timestamp=1697357977796&version=1.0.0 to nacos nacos://localhost:8848/org.apache.dubbo.registry.RegistryService?REGISTRY_CLUSTER=nacos-registry&application=dubbo-springboot-demo-provider&dubbo=2.0.2&interface=org.apache.dubbo.registry.RegistryService&pid=19020&release=3.0.9, cause: Request nacos server failed: , dubbo version: 3.0.9, current host: 192.168.1.107

org.apache.dubbo.rpc.RpcException: Failed to subscribe provider://192.168.1.107:20880/org.apache.dubbo.metadata.MetadataService?anyhost=true&application=dubbo-springboot-demo-provider&background=false&bind.ip=192.168.1.107&bind.port=20880&category=configurators&check=false&connections=1&corethreads=2&delay=0&deprecated=false&dubbo=2.0.2&dynamic=true&executes=100&generic=false&getAndListenInstanceMetadata.1.callback=true&getAndListenInstanceMetadata.return=true&getAndListenInstanceMetadata.sent=true&group=dubbo-springboot-demo-provider&interface=org.apache.dubbo.metadata.MetadataService&methods=getMetadataURL,isMetadataService,getAndListenInstanceMetadata,getExportedURLs,serviceName,version,getSubscribedURLs,getExportedServiceURLs,exportInstanceMetadata,getMetadataInfo,toSortedStrings,getMetadataInfos,getServiceDefinition,getInstanceMetadataChangedListenerMap&pid=19020&register=false&release=3.0.9&revision=3.0.9&service-name-mapping=true&side=provider&threadpool=cached&threads=100&timestamp=1697357977796&version=1.0.0 to nacos nacos://localhost:8848/org.apache.dubbo.registry.RegistryService?REGISTRY_CLUSTER=nacos-registry&application=dubbo-springboot-demo-provider&dubbo=2.0.2&interface=org.apache.dubbo.registry.RegistryService&pid=19020&release=3.0.9, cause: Request nacos server failed: 
	at org.apache.dubbo.registry.nacos.NacosRegistry.doSubscribe(NacosRegistry.java:259) ~[dubbo-3.0.9.jar:3.0.9]
	at org.apache.dubbo.registry.nacos.NacosRegistry.doSubscribe(NacosRegistry.java:215) ~[dubbo-3.0.9.jar:3.0.9]
	at org.apache.dubbo.registry.support.FailbackRegistry.subscribe(FailbackRegistry.java:297) ~[dubbo-3.0.9.jar:3.0.9]
	at org.apache.dubbo.registry.ListenerRegistryWrapper.subscribe(ListenerRegistryWrapper.java:111) [dubbo-3.0.9.jar:3.0.9]
	at org.apache.dubbo.registry.integration.RegistryProtocol.export(RegistryProtocol.java:260) [dubbo-3.0.9.jar:3.0.9]
	at org.apache.dubbo.qos.protocol.QosProtocolWrapper.export(QosProtocolWrapper.java:74) [dubbo-3.0.9.jar:3.0.9]
	at org.apache.dubbo.rpc.protocol.ProtocolListenerWrapper.export(ProtocolListenerWrapper.java:64) [dubbo-3.0.9.jar:3.0.9]
	at org.apache.dubbo.rpc.cluster.filter.ProtocolFilterWrapper.export(ProtocolFilterWrapper.java:58) [dubbo-3.0.9.jar:3.0.9]
	at org.apache.dubbo.rpc.protocol.ProtocolSerializationWrapper.export(ProtocolSerializationWrapper.java:47) [dubbo-3.0.9.jar:3.0.9]
	at org.apache.dubbo.rpc.Protocol$Adaptive.export(Protocol$Adaptive.java) [dubbo-3.0.9.jar:3.0.9]
	at org.apache.dubbo.config.ServiceConfig.doExportUrl(ServiceConfig.java:641) [dubbo-3.0.9.jar:3.0.9]
	at org.apache.dubbo.config.ServiceConfig.exportRemote(ServiceConfig.java:619) [dubbo-3.0.9.jar:3.0.9]
	at org.apache.dubbo.config.ServiceConfig.exportUrl(ServiceConfig.java:578) [dubbo-3.0.9.jar:3.0.9]
	at org.apache.dubbo.config.ServiceConfig.doExportUrlsFor1Protocol(ServiceConfig.java:410) [dubbo-3.0.9.jar:3.0.9]
	at org.apache.dubbo.config.ServiceConfig.doExportUrls(ServiceConfig.java:396) [dubbo-3.0.9.jar:3.0.9]
	at org.apache.dubbo.config.ServiceConfig.doExport(ServiceConfig.java:361) [dubbo-3.0.9.jar:3.0.9]
	at org.apache.dubbo.config.ServiceConfig.export(ServiceConfig.java:233) [dubbo-3.0.9.jar:3.0.9]
	at org.apache.dubbo.config.metadata.ConfigurableMetadataServiceExporter.export(ConfigurableMetadataServiceExporter.java:70) [dubbo-3.0.9.jar:3.0.9]
	at org.apache.dubbo.config.metadata.ExporterDeployListener.onModuleStarted(ExporterDeployListener.java:70) [dubbo-3.0.9.jar:3.0.9]
	at org.apache.dubbo.config.deploy.DefaultApplicationDeployer.exportMetadataService(DefaultApplicationDeployer.java:923) [dubbo-3.0.9.jar:3.0.9]
	at org.apache.dubbo.config.deploy.DefaultApplicationDeployer.prepareApplicationInstance(DefaultApplicationDeployer.java:613) [dubbo-3.0.9.jar:3.0.9]
	at org.apache.dubbo.config.deploy.DefaultApplicationDeployer.checkState(DefaultApplicationDeployer.java:824) [dubbo-3.0.9.jar:3.0.9]
	at org.apache.dubbo.config.deploy.DefaultApplicationDeployer.notifyModuleChanged(DefaultApplicationDeployer.java:812) [dubbo-3.0.9.jar:3.0.9]
	at org.apache.dubbo.config.deploy.DefaultModuleDeployer.onModuleFailed(DefaultModuleDeployer.java:267) [dubbo-3.0.9.jar:3.0.9]
	at org.apache.dubbo.config.deploy.DefaultModuleDeployer.start(DefaultModuleDeployer.java:174) [dubbo-3.0.9.jar:3.0.9]
	at org.apache.dubbo.config.spring.context.DubboDeployApplicationListener.onContextRefreshedEvent(DubboDeployApplicationListener.java:111) [dubbo-3.0.9.jar:3.0.9]
	at org.apache.dubbo.config.spring.context.DubboDeployApplicationListener.onApplicationEvent(DubboDeployApplicationListener.java:100) [dubbo-3.0.9.jar:3.0.9]
	at org.apache.dubbo.config.spring.context.DubboDeployApplicationListener.onApplicationEvent(DubboDeployApplicationListener.java:45) [dubbo-3.0.9.jar:3.0.9]
	at org.springframework.context.event.SimpleApplicationEventMulticaster.doInvokeListener(SimpleApplicationEventMulticaster.java:176) [spring-context-5.3.20.jar:5.3.20]
	at org.springframework.context.event.SimpleApplicationEventMulticaster.invokeListener(SimpleApplicationEventMulticaster.java:169) [spring-context-5.3.20.jar:5.3.20]
	at org.springframework.context.event.SimpleApplicationEventMulticaster.multicastEvent(SimpleApplicationEventMulticaster.java:143) [spring-context-5.3.20.jar:5.3.20]
	at org.springframework.context.support.AbstractApplicationContext.publishEvent(AbstractApplicationContext.java:421) [spring-context-5.3.20.jar:5.3.20]
	at org.springframework.context.support.AbstractApplicationContext.publishEvent(AbstractApplicationContext.java:378) [spring-context-5.3.20.jar:5.3.20]
	at org.springframework.context.support.AbstractApplicationContext.finishRefresh(AbstractApplicationContext.java:938) [spring-context-5.3.20.jar:5.3.20]
	at org.springframework.context.support.AbstractApplicationContext.refresh(AbstractApplicationContext.java:586) [spring-context-5.3.20.jar:5.3.20]
	at org.springframework.boot.SpringApplication.refresh(SpringApplication.java:734) [spring-boot-2.7.0.jar:2.7.0]
	at org.springframework.boot.SpringApplication.refreshContext(SpringApplication.java:408) [spring-boot-2.7.0.jar:2.7.0]
	at org.springframework.boot.SpringApplication.run(SpringApplication.java:308) [spring-boot-2.7.0.jar:2.7.0]
	at org.springframework.boot.test.context.SpringBootContextLoader.loadContext(SpringBootContextLoader.java:132) [spring-boot-test-2.7.0.jar:2.7.0]
	at org.springframework.test.context.cache.DefaultCacheAwareContextLoaderDelegate.loadContextInternal(DefaultCacheAwareContextLoaderDelegate.java:99) [spring-test-5.3.20.jar:5.3.20]
	at org.springframework.test.context.cache.DefaultCacheAwareContextLoaderDelegate.loadContext(DefaultCacheAwareContextLoaderDelegate.java:124) [spring-test-5.3.20.jar:5.3.20]
	at org.springframework.test.context.support.DefaultTestContext.getApplicationContext(DefaultTestContext.java:124) [spring-test-5.3.20.jar:5.3.20]
	at org.springframework.boot.test.autoconfigure.SpringBootDependencyInjectionTestExecutionListener.outputConditionEvaluationReport(SpringBootDependencyInjectionTestExecutionListener.java:53) [spring-boot-test-autoconfigure-2.7.0.jar:2.7.0]
	at org.springframework.boot.test.autoconfigure.SpringBootDependencyInjectionTestExecutionListener.prepareTestInstance(SpringBootDependencyInjectionTestExecutionListener.java:46) [spring-boot-test-autoconfigure-2.7.0.jar:2.7.0]
	at org.springframework.test.context.TestContextManager.prepareTestInstance(TestContextManager.java:248) [spring-test-5.3.20.jar:5.3.20]
	at org.springframework.test.context.junit.jupiter.SpringExtension.postProcessTestInstance(SpringExtension.java:138) [spring-test-5.3.20.jar:5.3.20]
	at org.junit.jupiter.engine.descriptor.ClassBasedTestDescriptor.lambda$invokeTestInstancePostProcessors$8(ClassBasedTestDescriptor.java:363) [junit-jupiter-engine-5.8.2.jar:5.8.2]
	at org.junit.jupiter.engine.descriptor.ClassBasedTestDescriptor.executeAndMaskThrowable(ClassBasedTestDescriptor.java:368) [junit-jupiter-engine-5.8.2.jar:5.8.2]
	at org.junit.jupiter.engine.descriptor.ClassBasedTestDescriptor.lambda$invokeTestInstancePostProcessors$9(ClassBasedTestDescriptor.java:363) [junit-jupiter-engine-5.8.2.jar:5.8.2]
	at java.util.stream.ReferencePipeline$3$1.accept(ReferencePipeline.java:193) ~[na:1.8.0_202]
	at java.util.stream.ReferencePipeline$2$1.accept(ReferencePipeline.java:175) ~[na:1.8.0_202]
	at java.util.ArrayList$ArrayListSpliterator.forEachRemaining(ArrayList.java:1382) ~[na:1.8.0_202]
	at java.util.stream.AbstractPipeline.copyInto(AbstractPipeline.java:481) ~[na:1.8.0_202]
	at java.util.stream.AbstractPipeline.wrapAndCopyInto(AbstractPipeline.java:471) ~[na:1.8.0_202]
	at java.util.stream.StreamSpliterators$WrappingSpliterator.forEachRemaining(StreamSpliterators.java:312) ~[na:1.8.0_202]
	at java.util.stream.Streams$ConcatSpliterator.forEachRemaining(Streams.java:743) ~[na:1.8.0_202]
	at java.util.stream.Streams$ConcatSpliterator.forEachRemaining(Streams.java:742) ~[na:1.8.0_202]
	at java.util.stream.ReferencePipeline$Head.forEach(ReferencePipeline.java:580) ~[na:1.8.0_202]
	at org.junit.jupiter.engine.descriptor.ClassBasedTestDescriptor.invokeTestInstancePostProcessors(ClassBasedTestDescriptor.java:362) [junit-jupiter-engine-5.8.2.jar:5.8.2]
	at org.junit.jupiter.engine.descriptor.ClassBasedTestDescriptor.lambda$instantiateAndPostProcessTestInstance$6(ClassBasedTestDescriptor.java:283) [junit-jupiter-engine-5.8.2.jar:5.8.2]
	at org.junit.platform.engine.support.hierarchical.ThrowableCollector.execute(ThrowableCollector.java:73) ~[junit-platform-engine-1.8.2.jar:1.8.2]
	at org.junit.jupiter.engine.descriptor.ClassBasedTestDescriptor.instantiateAndPostProcessTestInstance(ClassBasedTestDescriptor.java:282) [junit-jupiter-engine-5.8.2.jar:5.8.2]
	at org.junit.jupiter.engine.descriptor.ClassBasedTestDescriptor.lambda$testInstancesProvider$4(ClassBasedTestDescriptor.java:272) [junit-jupiter-engine-5.8.2.jar:5.8.2]
	at java.util.Optional.orElseGet(Optional.java:267) ~[na:1.8.0_202]
	at org.junit.jupiter.engine.descriptor.ClassBasedTestDescriptor.lambda$testInstancesProvider$5(ClassBasedTestDescriptor.java:271) [junit-jupiter-engine-5.8.2.jar:5.8.2]
	at org.junit.jupiter.engine.execution.TestInstancesProvider.getTestInstances(TestInstancesProvider.java:31) ~[junit-jupiter-engine-5.8.2.jar:5.8.2]
	at org.junit.jupiter.engine.descriptor.TestMethodTestDescriptor.lambda$prepare$0(TestMethodTestDescriptor.java:102) ~[junit-jupiter-engine-5.8.2.jar:5.8.2]
	at org.junit.platform.engine.support.hierarchical.ThrowableCollector.execute(ThrowableCollector.java:73) ~[junit-platform-engine-1.8.2.jar:1.8.2]
	at org.junit.jupiter.engine.descriptor.TestMethodTestDescriptor.prepare(TestMethodTestDescriptor.java:101) ~[junit-jupiter-engine-5.8.2.jar:5.8.2]
	at org.junit.jupiter.engine.descriptor.TestMethodTestDescriptor.prepare(TestMethodTestDescriptor.java:66) ~[junit-jupiter-engine-5.8.2.jar:5.8.2]
	at org.junit.platform.engine.support.hierarchical.NodeTestTask.lambda$prepare$2(NodeTestTask.java:123) ~[junit-platform-engine-1.8.2.jar:1.8.2]
	at org.junit.platform.engine.support.hierarchical.ThrowableCollector.execute(ThrowableCollector.java:73) ~[junit-platform-engine-1.8.2.jar:1.8.2]
	at org.junit.platform.engine.support.hierarchical.NodeTestTask.prepare(NodeTestTask.java:123) ~[junit-platform-engine-1.8.2.jar:1.8.2]
	at org.junit.platform.engine.support.hierarchical.NodeTestTask.execute(NodeTestTask.java:90) ~[junit-platform-engine-1.8.2.jar:1.8.2]
	at java.util.ArrayList.forEach(ArrayList.java:1257) ~[na:1.8.0_202]
	at org.junit.platform.engine.support.hierarchical.SameThreadHierarchicalTestExecutorService.invokeAll(SameThreadHierarchicalTestExecutorService.java:41) ~[junit-platform-engine-1.8.2.jar:1.8.2]
	at org.junit.platform.engine.support.hierarchical.NodeTestTask.lambda$executeRecursively$6(NodeTestTask.java:155) ~[junit-platform-engine-1.8.2.jar:1.8.2]
	at org.junit.platform.engine.support.hierarchical.ThrowableCollector.execute(ThrowableCollector.java:73) ~[junit-platform-engine-1.8.2.jar:1.8.2]
	at org.junit.platform.engine.support.hierarchical.NodeTestTask.lambda$executeRecursively$8(NodeTestTask.java:141) ~[junit-platform-engine-1.8.2.jar:1.8.2]
	at org.junit.platform.engine.support.hierarchical.Node.around(Node.java:137) ~[junit-platform-engine-1.8.2.jar:1.8.2]
	at org.junit.platform.engine.support.hierarchical.NodeTestTask.lambda$executeRecursively$9(NodeTestTask.java:139) ~[junit-platform-engine-1.8.2.jar:1.8.2]
	at org.junit.platform.engine.support.hierarchical.ThrowableCollector.execute(ThrowableCollector.java:73) ~[junit-platform-engine-1.8.2.jar:1.8.2]
	at org.junit.platform.engine.support.hierarchical.NodeTestTask.executeRecursively(NodeTestTask.java:138) ~[junit-platform-engine-1.8.2.jar:1.8.2]
	at org.junit.platform.engine.support.hierarchical.NodeTestTask.execute(NodeTestTask.java:95) ~[junit-platform-engine-1.8.2.jar:1.8.2]
	at java.util.ArrayList.forEach(ArrayList.java:1257) ~[na:1.8.0_202]
	at org.junit.platform.engine.support.hierarchical.SameThreadHierarchicalTestExecutorService.invokeAll(SameThreadHierarchicalTestExecutorService.java:41) ~[junit-platform-engine-1.8.2.jar:1.8.2]
	at org.junit.platform.engine.support.hierarchical.NodeTestTask.lambda$executeRecursively$6(NodeTestTask.java:155) ~[junit-platform-engine-1.8.2.jar:1.8.2]
	at org.junit.platform.engine.support.hierarchical.ThrowableCollector.execute(ThrowableCollector.java:73) ~[junit-platform-engine-1.8.2.jar:1.8.2]
	at org.junit.platform.engine.support.hierarchical.NodeTestTask.lambda$executeRecursively$8(NodeTestTask.java:141) ~[junit-platform-engine-1.8.2.jar:1.8.2]
	at org.junit.platform.engine.support.hierarchical.Node.around(Node.java:137) ~[junit-platform-engine-1.8.2.jar:1.8.2]
	at org.junit.platform.engine.support.hierarchical.NodeTestTask.lambda$executeRecursively$9(NodeTestTask.java:139) ~[junit-platform-engine-1.8.2.jar:1.8.2]
	at org.junit.platform.engine.support.hierarchical.ThrowableCollector.execute(ThrowableCollector.java:73) ~[junit-platform-engine-1.8.2.jar:1.8.2]
	at org.junit.platform.engine.support.hierarchical.NodeTestTask.executeRecursively(NodeTestTask.java:138) ~[junit-platform-engine-1.8.2.jar:1.8.2]
	at org.junit.platform.engine.support.hierarchical.NodeTestTask.execute(NodeTestTask.java:95) ~[junit-platform-engine-1.8.2.jar:1.8.2]
	at org.junit.platform.engine.support.hierarchical.SameThreadHierarchicalTestExecutorService.submit(SameThreadHierarchicalTestExecutorService.java:35) ~[junit-platform-engine-1.8.2.jar:1.8.2]
	at org.junit.platform.engine.support.hierarchical.HierarchicalTestExecutor.execute(HierarchicalTestExecutor.java:57) ~[junit-platform-engine-1.8.2.jar:1.8.2]
	at org.junit.platform.engine.support.hierarchical.HierarchicalTestEngine.execute(HierarchicalTestEngine.java:54) ~[junit-platform-engine-1.8.2.jar:1.8.2]
	at org.junit.platform.launcher.core.DefaultLauncher.execute(DefaultLauncher.java:220) ~[junit-platform-launcher-1.3.1.jar:1.3.1]
	at org.junit.platform.launcher.core.DefaultLauncher.lambda$execute$6(DefaultLauncher.java:188) ~[junit-platform-launcher-1.3.1.jar:1.3.1]
	at org.junit.platform.launcher.core.DefaultLauncher.withInterceptedStreams(DefaultLauncher.java:202) ~[junit-platform-launcher-1.3.1.jar:1.3.1]
	at org.junit.platform.launcher.core.DefaultLauncher.execute(DefaultLauncher.java:181) ~[junit-platform-launcher-1.3.1.jar:1.3.1]
	at org.junit.platform.launcher.core.DefaultLauncher.execute(DefaultLauncher.java:128) ~[junit-platform-launcher-1.3.1.jar:1.3.1]
	at org.apache.maven.surefire.junitplatform.JUnitPlatformProvider.invokeAllTests(JUnitPlatformProvider.java:150) ~[surefire-junit-platform-2.22.2.jar:2.22.2]
	at org.apache.maven.surefire.junitplatform.JUnitPlatformProvider.invoke(JUnitPlatformProvider.java:124) ~[surefire-junit-platform-2.22.2.jar:2.22.2]
	at org.apache.maven.surefire.booter.ForkedBooter.invokeProviderInSameClassLoader(ForkedBooter.java:384) ~[surefire-booter-2.22.2.jar:2.22.2]
	at org.apache.maven.surefire.booter.ForkedBooter.runSuitesInProcess(ForkedBooter.java:345) ~[surefire-booter-2.22.2.jar:2.22.2]
	at org.apache.maven.surefire.booter.ForkedBooter.execute(ForkedBooter.java:126) ~[surefire-booter-2.22.2.jar:2.22.2]
	at org.apache.maven.surefire.booter.ForkedBooter.main(ForkedBooter.java:418) ~[surefire-booter-2.22.2.jar:2.22.2]
Caused by: com.alibaba.nacos.api.exception.NacosException: Request nacos server failed: 
	at com.alibaba.nacos.client.naming.remote.gprc.NamingGrpcClientProxy.requestToServer(NamingGrpcClientProxy.java:288) ~[nacos-client-2.1.0.jar:na]
	at com.alibaba.nacos.client.naming.remote.gprc.NamingGrpcClientProxy.doSubscribe(NamingGrpcClientProxy.java:229) ~[nacos-client-2.1.0.jar:na]
	at com.alibaba.nacos.client.naming.remote.gprc.NamingGrpcClientProxy.subscribe(NamingGrpcClientProxy.java:214) ~[nacos-client-2.1.0.jar:na]
	at com.alibaba.nacos.client.naming.remote.NamingClientProxyDelegate.subscribe(NamingClientProxyDelegate.java:147) ~[nacos-client-2.1.0.jar:na]
	at com.alibaba.nacos.client.naming.NacosNamingService.getAllInstances(NacosNamingService.java:229) ~[nacos-client-2.1.0.jar:na]
	at com.alibaba.nacos.client.naming.NacosNamingService.getAllInstances(NacosNamingService.java:212) ~[nacos-client-2.1.0.jar:na]
	at com.alibaba.nacos.client.naming.NacosNamingService.getAllInstances(NacosNamingService.java:190) ~[nacos-client-2.1.0.jar:na]
	at org.apache.dubbo.registry.nacos.NacosNamingServiceWrapper.getAllInstances(NacosNamingServiceWrapper.java:55) ~[dubbo-3.0.9.jar:3.0.9]
	at org.apache.dubbo.registry.nacos.NacosRegistry.doSubscribe(NacosRegistry.java:233) ~[dubbo-3.0.9.jar:3.0.9]
	... 107 common frames omitted
Caused by: com.alibaba.nacos.api.exception.NacosException: Client not connected, current status:STARTING
	at com.alibaba.nacos.common.remote.client.RpcClient.request(RpcClient.java:651) ~[nacos-client-2.1.0.jar:na]
	at com.alibaba.nacos.common.remote.client.RpcClient.request(RpcClient.java:631) ~[nacos-client-2.1.0.jar:na]
	at com.alibaba.nacos.client.naming.remote.gprc.NamingGrpcClientProxy.requestToServer(NamingGrpcClientProxy.java:278) ~[nacos-client-2.1.0.jar:na]
	... 115 common frames omitted

2023-10-15 16:19:39.463  INFO 19020 --- [           main] org.apache.dubbo.config.ServiceConfig    :  [DUBBO] Successfully registered interface application mapping for service dubbo-springboot-demo-provider/org.apache.dubbo.metadata.MetadataService:1.0.0, dubbo version: 3.0.9, current host: 192.168.1.107
2023-10-15 16:19:39.463  INFO 19020 --- [           main] .c.m.ConfigurableMetadataServiceExporter :  [DUBBO] The MetadataService exports urls : [dubbo://192.168.1.107:20880/org.apache.dubbo.metadata.MetadataService?anyhost=true&application=dubbo-springboot-demo-provider&background=false&bind.ip=192.168.1.107&bind.port=20880&connections=1&corethreads=2&delay=0&deprecated=false&dubbo=2.0.2&dynamic=true&executes=100&generic=false&getAndListenInstanceMetadata.1.callback=true&getAndListenInstanceMetadata.return=true&getAndListenInstanceMetadata.sent=true&group=dubbo-springboot-demo-provider&interface=org.apache.dubbo.metadata.MetadataService&methods=getMetadataURL,isMetadataService,getAndListenInstanceMetadata,getExportedURLs,serviceName,version,getSubscribedURLs,getExportedServiceURLs,exportInstanceMetadata,getMetadataInfo,toSortedStrings,getMetadataInfos,getServiceDefinition,getInstanceMetadataChangedListenerMap&pid=19020&register=false&release=3.0.9&revision=3.0.9&service-name-mapping=true&side=provider&threadpool=cached&threads=100&timestamp=1697357977796&version=1.0.0], dubbo version: 3.0.9, current host: 192.168.1.107
2023-10-15 16:19:39.463  INFO 19020 --- [           main] o.a.d.r.c.m.ServiceInstanceMetadataUtils :  [DUBBO] Start registering instance address to registry., dubbo version: 3.0.9, current host: 192.168.1.107
2023-10-15 16:19:39.465  WARN 19020 --- [           main] o.a.d.r.client.AbstractServiceDiscovery  :  [DUBBO] No valid instance found, stop registering instance address to registry., dubbo version: 3.0.9, current host: 192.168.1.107
2023-10-15 16:19:39.465 ERROR 19020 --- [           main] o.a.d.c.d.DefaultApplicationDeployer     :  [DUBBO] Dubbo Application[2.1](dubbo-springboot-demo-provider) found failed module: Dubbo Module[2.1.1], dubbo version: 3.0.9, current host: 192.168.1.107

java.lang.IllegalStateException: Failed to check the status of the service com.yupi.service.InnerUserService. No provider available for the service com.yupi.service.InnerUserService from the url consumer://192.168.1.107/com.yupi.service.InnerUserService?application=dubbo-springboot-demo-provider&background=false&dubbo=2.0.2&interface=com.yupi.service.InnerUserService&methods=getUser&pid=19020&register.ip=192.168.1.107&release=3.0.9&revision=0.0.1-SNAPSHOT&side=consumer&sticky=false&timestamp=1697357939843 to the consumer 192.168.1.107 use dubbo version 3.0.9
	at org.apache.dubbo.config.ReferenceConfig.checkInvokerAvailable(ReferenceConfig.java:545) ~[dubbo-3.0.9.jar:3.0.9]
	at org.apache.dubbo.config.ReferenceConfig.init(ReferenceConfig.java:293) ~[dubbo-3.0.9.jar:3.0.9]
	at org.apache.dubbo.config.ReferenceConfig.get(ReferenceConfig.java:219) ~[dubbo-3.0.9.jar:3.0.9]
	at org.apache.dubbo.config.utils.SimpleReferenceCache.get(SimpleReferenceCache.java:129) ~[dubbo-3.0.9.jar:3.0.9]
	at org.apache.dubbo.config.deploy.DefaultModuleDeployer.lambda$referServices$6(DefaultModuleDeployer.java:387) ~[dubbo-3.0.9.jar:3.0.9]
	at java.util.concurrent.ConcurrentHashMap$ValuesView.forEach(ConcurrentHashMap.java:4707) ~[na:1.8.0_202]
	at org.apache.dubbo.config.deploy.DefaultModuleDeployer.referServices(DefaultModuleDeployer.java:367) ~[dubbo-3.0.9.jar:3.0.9]
	at org.apache.dubbo.config.deploy.DefaultModuleDeployer.start(DefaultModuleDeployer.java:154) ~[dubbo-3.0.9.jar:3.0.9]
	at org.apache.dubbo.config.spring.context.DubboDeployApplicationListener.onContextRefreshedEvent(DubboDeployApplicationListener.java:111) [dubbo-3.0.9.jar:3.0.9]
	at org.apache.dubbo.config.spring.context.DubboDeployApplicationListener.onApplicationEvent(DubboDeployApplicationListener.java:100) [dubbo-3.0.9.jar:3.0.9]
	at org.apache.dubbo.config.spring.context.DubboDeployApplicationListener.onApplicationEvent(DubboDeployApplicationListener.java:45) [dubbo-3.0.9.jar:3.0.9]
	at org.springframework.context.event.SimpleApplicationEventMulticaster.doInvokeListener(SimpleApplicationEventMulticaster.java:176) [spring-context-5.3.20.jar:5.3.20]
	at org.springframework.context.event.SimpleApplicationEventMulticaster.invokeListener(SimpleApplicationEventMulticaster.java:169) [spring-context-5.3.20.jar:5.3.20]
	at org.springframework.context.event.SimpleApplicationEventMulticaster.multicastEvent(SimpleApplicationEventMulticaster.java:143) [spring-context-5.3.20.jar:5.3.20]
	at org.springframework.context.support.AbstractApplicationContext.publishEvent(AbstractApplicationContext.java:421) [spring-context-5.3.20.jar:5.3.20]
	at org.springframework.context.support.AbstractApplicationContext.publishEvent(AbstractApplicationContext.java:378) [spring-context-5.3.20.jar:5.3.20]
	at org.springframework.context.support.AbstractApplicationContext.finishRefresh(AbstractApplicationContext.java:938) [spring-context-5.3.20.jar:5.3.20]
	at org.springframework.context.support.AbstractApplicationContext.refresh(AbstractApplicationContext.java:586) [spring-context-5.3.20.jar:5.3.20]
	at org.springframework.boot.SpringApplication.refresh(SpringApplication.java:734) [spring-boot-2.7.0.jar:2.7.0]
	at org.springframework.boot.SpringApplication.refreshContext(SpringApplication.java:408) [spring-boot-2.7.0.jar:2.7.0]
	at org.springframework.boot.SpringApplication.run(SpringApplication.java:308) [spring-boot-2.7.0.jar:2.7.0]
	at org.springframework.boot.test.context.SpringBootContextLoader.loadContext(SpringBootContextLoader.java:132) [spring-boot-test-2.7.0.jar:2.7.0]
	at org.springframework.test.context.cache.DefaultCacheAwareContextLoaderDelegate.loadContextInternal(DefaultCacheAwareContextLoaderDelegate.java:99) [spring-test-5.3.20.jar:5.3.20]
	at org.springframework.test.context.cache.DefaultCacheAwareContextLoaderDelegate.loadContext(DefaultCacheAwareContextLoaderDelegate.java:124) [spring-test-5.3.20.jar:5.3.20]
	at org.springframework.test.context.support.DefaultTestContext.getApplicationContext(DefaultTestContext.java:124) [spring-test-5.3.20.jar:5.3.20]
	at org.springframework.boot.test.autoconfigure.SpringBootDependencyInjectionTestExecutionListener.outputConditionEvaluationReport(SpringBootDependencyInjectionTestExecutionListener.java:53) [spring-boot-test-autoconfigure-2.7.0.jar:2.7.0]
	at org.springframework.boot.test.autoconfigure.SpringBootDependencyInjectionTestExecutionListener.prepareTestInstance(SpringBootDependencyInjectionTestExecutionListener.java:46) [spring-boot-test-autoconfigure-2.7.0.jar:2.7.0]
	at org.springframework.test.context.TestContextManager.prepareTestInstance(TestContextManager.java:248) [spring-test-5.3.20.jar:5.3.20]
	at org.springframework.test.context.junit.jupiter.SpringExtension.postProcessTestInstance(SpringExtension.java:138) [spring-test-5.3.20.jar:5.3.20]
	at org.junit.jupiter.engine.descriptor.ClassBasedTestDescriptor.lambda$invokeTestInstancePostProcessors$8(ClassBasedTestDescriptor.java:363) [junit-jupiter-engine-5.8.2.jar:5.8.2]
	at org.junit.jupiter.engine.descriptor.ClassBasedTestDescriptor.executeAndMaskThrowable(ClassBasedTestDescriptor.java:368) [junit-jupiter-engine-5.8.2.jar:5.8.2]
	at org.junit.jupiter.engine.descriptor.ClassBasedTestDescriptor.lambda$invokeTestInstancePostProcessors$9(ClassBasedTestDescriptor.java:363) [junit-jupiter-engine-5.8.2.jar:5.8.2]
	at java.util.stream.ReferencePipeline$3$1.accept(ReferencePipeline.java:193) ~[na:1.8.0_202]
	at java.util.stream.ReferencePipeline$2$1.accept(ReferencePipeline.java:175) ~[na:1.8.0_202]
	at java.util.ArrayList$ArrayListSpliterator.forEachRemaining(ArrayList.java:1382) ~[na:1.8.0_202]
	at java.util.stream.AbstractPipeline.copyInto(AbstractPipeline.java:481) ~[na:1.8.0_202]
	at java.util.stream.AbstractPipeline.wrapAndCopyInto(AbstractPipeline.java:471) ~[na:1.8.0_202]
	at java.util.stream.StreamSpliterators$WrappingSpliterator.forEachRemaining(StreamSpliterators.java:312) ~[na:1.8.0_202]
	at java.util.stream.Streams$ConcatSpliterator.forEachRemaining(Streams.java:743) ~[na:1.8.0_202]
	at java.util.stream.Streams$ConcatSpliterator.forEachRemaining(Streams.java:742) ~[na:1.8.0_202]
	at java.util.stream.ReferencePipeline$Head.forEach(ReferencePipeline.java:580) ~[na:1.8.0_202]
	at org.junit.jupiter.engine.descriptor.ClassBasedTestDescriptor.invokeTestInstancePostProcessors(ClassBasedTestDescriptor.java:362) [junit-jupiter-engine-5.8.2.jar:5.8.2]
	at org.junit.jupiter.engine.descriptor.ClassBasedTestDescriptor.lambda$instantiateAndPostProcessTestInstance$6(ClassBasedTestDescriptor.java:283) [junit-jupiter-engine-5.8.2.jar:5.8.2]
	at org.junit.platform.engine.support.hierarchical.ThrowableCollector.execute(ThrowableCollector.java:73) ~[junit-platform-engine-1.8.2.jar:1.8.2]
	at org.junit.jupiter.engine.descriptor.ClassBasedTestDescriptor.instantiateAndPostProcessTestInstance(ClassBasedTestDescriptor.java:282) [junit-jupiter-engine-5.8.2.jar:5.8.2]
	at org.junit.jupiter.engine.descriptor.ClassBasedTestDescriptor.lambda$testInstancesProvider$4(ClassBasedTestDescriptor.java:272) [junit-jupiter-engine-5.8.2.jar:5.8.2]
	at java.util.Optional.orElseGet(Optional.java:267) ~[na:1.8.0_202]
	at org.junit.jupiter.engine.descriptor.ClassBasedTestDescriptor.lambda$testInstancesProvider$5(ClassBasedTestDescriptor.java:271) [junit-jupiter-engine-5.8.2.jar:5.8.2]
	at org.junit.jupiter.engine.execution.TestInstancesProvider.getTestInstances(TestInstancesProvider.java:31) ~[junit-jupiter-engine-5.8.2.jar:5.8.2]
	at org.junit.jupiter.engine.descriptor.TestMethodTestDescriptor.lambda$prepare$0(TestMethodTestDescriptor.java:102) ~[junit-jupiter-engine-5.8.2.jar:5.8.2]
	at org.junit.platform.engine.support.hierarchical.ThrowableCollector.execute(ThrowableCollector.java:73) ~[junit-platform-engine-1.8.2.jar:1.8.2]
	at org.junit.jupiter.engine.descriptor.TestMethodTestDescriptor.prepare(TestMethodTestDescriptor.java:101) ~[junit-jupiter-engine-5.8.2.jar:5.8.2]
	at org.junit.jupiter.engine.descriptor.TestMethodTestDescriptor.prepare(TestMethodTestDescriptor.java:66) ~[junit-jupiter-engine-5.8.2.jar:5.8.2]
	at org.junit.platform.engine.support.hierarchical.NodeTestTask.lambda$prepare$2(NodeTestTask.java:123) ~[junit-platform-engine-1.8.2.jar:1.8.2]
	at org.junit.platform.engine.support.hierarchical.ThrowableCollector.execute(ThrowableCollector.java:73) ~[junit-platform-engine-1.8.2.jar:1.8.2]
	at org.junit.platform.engine.support.hierarchical.NodeTestTask.prepare(NodeTestTask.java:123) ~[junit-platform-engine-1.8.2.jar:1.8.2]
	at org.junit.platform.engine.support.hierarchical.NodeTestTask.execute(NodeTestTask.java:90) ~[junit-platform-engine-1.8.2.jar:1.8.2]
	at java.util.ArrayList.forEach(ArrayList.java:1257) ~[na:1.8.0_202]
	at org.junit.platform.engine.support.hierarchical.SameThreadHierarchicalTestExecutorService.invokeAll(SameThreadHierarchicalTestExecutorService.java:41) ~[junit-platform-engine-1.8.2.jar:1.8.2]
	at org.junit.platform.engine.support.hierarchical.NodeTestTask.lambda$executeRecursively$6(NodeTestTask.java:155) ~[junit-platform-engine-1.8.2.jar:1.8.2]
	at org.junit.platform.engine.support.hierarchical.ThrowableCollector.execute(ThrowableCollector.java:73) ~[junit-platform-engine-1.8.2.jar:1.8.2]
	at org.junit.platform.engine.support.hierarchical.NodeTestTask.lambda$executeRecursively$8(NodeTestTask.java:141) ~[junit-platform-engine-1.8.2.jar:1.8.2]
	at org.junit.platform.engine.support.hierarchical.Node.around(Node.java:137) ~[junit-platform-engine-1.8.2.jar:1.8.2]
	at org.junit.platform.engine.support.hierarchical.NodeTestTask.lambda$executeRecursively$9(NodeTestTask.java:139) ~[junit-platform-engine-1.8.2.jar:1.8.2]
	at org.junit.platform.engine.support.hierarchical.ThrowableCollector.execute(ThrowableCollector.java:73) ~[junit-platform-engine-1.8.2.jar:1.8.2]
	at org.junit.platform.engine.support.hierarchical.NodeTestTask.executeRecursively(NodeTestTask.java:138) ~[junit-platform-engine-1.8.2.jar:1.8.2]
	at org.junit.platform.engine.support.hierarchical.NodeTestTask.execute(NodeTestTask.java:95) ~[junit-platform-engine-1.8.2.jar:1.8.2]
	at java.util.ArrayList.forEach(ArrayList.java:1257) ~[na:1.8.0_202]
	at org.junit.platform.engine.support.hierarchical.SameThreadHierarchicalTestExecutorService.invokeAll(SameThreadHierarchicalTestExecutorService.java:41) ~[junit-platform-engine-1.8.2.jar:1.8.2]
	at org.junit.platform.engine.support.hierarchical.NodeTestTask.lambda$executeRecursively$6(NodeTestTask.java:155) ~[junit-platform-engine-1.8.2.jar:1.8.2]
	at org.junit.platform.engine.support.hierarchical.ThrowableCollector.execute(ThrowableCollector.java:73) ~[junit-platform-engine-1.8.2.jar:1.8.2]
	at org.junit.platform.engine.support.hierarchical.NodeTestTask.lambda$executeRecursively$8(NodeTestTask.java:141) ~[junit-platform-engine-1.8.2.jar:1.8.2]
	at org.junit.platform.engine.support.hierarchical.Node.around(Node.java:137) ~[junit-platform-engine-1.8.2.jar:1.8.2]
	at org.junit.platform.engine.support.hierarchical.NodeTestTask.lambda$executeRecursively$9(NodeTestTask.java:139) ~[junit-platform-engine-1.8.2.jar:1.8.2]
	at org.junit.platform.engine.support.hierarchical.ThrowableCollector.execute(ThrowableCollector.java:73) ~[junit-platform-engine-1.8.2.jar:1.8.2]
	at org.junit.platform.engine.support.hierarchical.NodeTestTask.executeRecursively(NodeTestTask.java:138) ~[junit-platform-engine-1.8.2.jar:1.8.2]
	at org.junit.platform.engine.support.hierarchical.NodeTestTask.execute(NodeTestTask.java:95) ~[junit-platform-engine-1.8.2.jar:1.8.2]
	at org.junit.platform.engine.support.hierarchical.SameThreadHierarchicalTestExecutorService.submit(SameThreadHierarchicalTestExecutorService.java:35) ~[junit-platform-engine-1.8.2.jar:1.8.2]
	at org.junit.platform.engine.support.hierarchical.HierarchicalTestExecutor.execute(HierarchicalTestExecutor.java:57) ~[junit-platform-engine-1.8.2.jar:1.8.2]
	at org.junit.platform.engine.support.hierarchical.HierarchicalTestEngine.execute(HierarchicalTestEngine.java:54) ~[junit-platform-engine-1.8.2.jar:1.8.2]
	at org.junit.platform.launcher.core.DefaultLauncher.execute(DefaultLauncher.java:220) ~[junit-platform-launcher-1.3.1.jar:1.3.1]
	at org.junit.platform.launcher.core.DefaultLauncher.lambda$execute$6(DefaultLauncher.java:188) ~[junit-platform-launcher-1.3.1.jar:1.3.1]
	at org.junit.platform.launcher.core.DefaultLauncher.withInterceptedStreams(DefaultLauncher.java:202) ~[junit-platform-launcher-1.3.1.jar:1.3.1]
	at org.junit.platform.launcher.core.DefaultLauncher.execute(DefaultLauncher.java:181) ~[junit-platform-launcher-1.3.1.jar:1.3.1]
	at org.junit.platform.launcher.core.DefaultLauncher.execute(DefaultLauncher.java:128) ~[junit-platform-launcher-1.3.1.jar:1.3.1]
	at org.apache.maven.surefire.junitplatform.JUnitPlatformProvider.invokeAllTests(JUnitPlatformProvider.java:150) ~[surefire-junit-platform-2.22.2.jar:2.22.2]
	at org.apache.maven.surefire.junitplatform.JUnitPlatformProvider.invoke(JUnitPlatformProvider.java:124) ~[surefire-junit-platform-2.22.2.jar:2.22.2]
	at org.apache.maven.surefire.booter.ForkedBooter.invokeProviderInSameClassLoader(ForkedBooter.java:384) ~[surefire-booter-2.22.2.jar:2.22.2]
	at org.apache.maven.surefire.booter.ForkedBooter.runSuitesInProcess(ForkedBooter.java:345) ~[surefire-booter-2.22.2.jar:2.22.2]
	at org.apache.maven.surefire.booter.ForkedBooter.execute(ForkedBooter.java:126) ~[surefire-booter-2.22.2.jar:2.22.2]
	at org.apache.maven.surefire.booter.ForkedBooter.main(ForkedBooter.java:418) ~[surefire-booter-2.22.2.jar:2.22.2]

2023-10-15 16:19:39.466  INFO 19020 --- [           main] ConditionEvaluationReportLoggingListener : 

Error starting ApplicationContext. To display the conditions report re-run your application with 'debug' enabled.
2023-10-15 16:19:39.468 ERROR 19020 --- [           main] o.s.boot.SpringApplication               : Application run failed

java.lang.IllegalStateException: Failed to check the status of the service com.yupi.service.InnerUserService. No provider available for the service com.yupi.service.InnerUserService from the url consumer://192.168.1.107/com.yupi.service.InnerUserService?application=dubbo-springboot-demo-provider&background=false&dubbo=2.0.2&interface=com.yupi.service.InnerUserService&methods=getUser&pid=19020&register.ip=192.168.1.107&release=3.0.9&revision=0.0.1-SNAPSHOT&side=consumer&sticky=false&timestamp=1697357939843 to the consumer 192.168.1.107 use dubbo version 3.0.9
	at org.apache.dubbo.config.ReferenceConfig.checkInvokerAvailable(ReferenceConfig.java:545) ~[dubbo-3.0.9.jar:3.0.9]
	at org.apache.dubbo.config.ReferenceConfig.init(ReferenceConfig.java:293) ~[dubbo-3.0.9.jar:3.0.9]
	at org.apache.dubbo.config.ReferenceConfig.get(ReferenceConfig.java:219) ~[dubbo-3.0.9.jar:3.0.9]
	at org.apache.dubbo.config.utils.SimpleReferenceCache.get(SimpleReferenceCache.java:129) ~[dubbo-3.0.9.jar:3.0.9]
	at org.apache.dubbo.config.deploy.DefaultModuleDeployer.lambda$referServices$6(DefaultModuleDeployer.java:387) ~[dubbo-3.0.9.jar:3.0.9]
	at java.util.concurrent.ConcurrentHashMap$ValuesView.forEach(ConcurrentHashMap.java:4707) ~[na:1.8.0_202]
	at org.apache.dubbo.config.deploy.DefaultModuleDeployer.referServices(DefaultModuleDeployer.java:367) ~[dubbo-3.0.9.jar:3.0.9]
	at org.apache.dubbo.config.deploy.DefaultModuleDeployer.start(DefaultModuleDeployer.java:154) ~[dubbo-3.0.9.jar:3.0.9]
	at org.apache.dubbo.config.spring.context.DubboDeployApplicationListener.onContextRefreshedEvent(DubboDeployApplicationListener.java:111) ~[dubbo-3.0.9.jar:3.0.9]
	at org.apache.dubbo.config.spring.context.DubboDeployApplicationListener.onApplicationEvent(DubboDeployApplicationListener.java:100) ~[dubbo-3.0.9.jar:3.0.9]
	at org.apache.dubbo.config.spring.context.DubboDeployApplicationListener.onApplicationEvent(DubboDeployApplicationListener.java:45) ~[dubbo-3.0.9.jar:3.0.9]
	at org.springframework.context.event.SimpleApplicationEventMulticaster.doInvokeListener(SimpleApplicationEventMulticaster.java:176) ~[spring-context-5.3.20.jar:5.3.20]
	at org.springframework.context.event.SimpleApplicationEventMulticaster.invokeListener(SimpleApplicationEventMulticaster.java:169) ~[spring-context-5.3.20.jar:5.3.20]
	at org.springframework.context.event.SimpleApplicationEventMulticaster.multicastEvent(SimpleApplicationEventMulticaster.java:143) ~[spring-context-5.3.20.jar:5.3.20]
	at org.springframework.context.support.AbstractApplicationContext.publishEvent(AbstractApplicationContext.java:421) ~[spring-context-5.3.20.jar:5.3.20]
	at org.springframework.context.support.AbstractApplicationContext.publishEvent(AbstractApplicationContext.java:378) ~[spring-context-5.3.20.jar:5.3.20]
	at org.springframework.context.support.AbstractApplicationContext.finishRefresh(AbstractApplicationContext.java:938) ~[spring-context-5.3.20.jar:5.3.20]
	at org.springframework.context.support.AbstractApplicationContext.refresh(AbstractApplicationContext.java:586) ~[spring-context-5.3.20.jar:5.3.20]
	at org.springframework.boot.SpringApplication.refresh(SpringApplication.java:734) ~[spring-boot-2.7.0.jar:2.7.0]
	at org.springframework.boot.SpringApplication.refreshContext(SpringApplication.java:408) ~[spring-boot-2.7.0.jar:2.7.0]
	at org.springframework.boot.SpringApplication.run(SpringApplication.java:308) ~[spring-boot-2.7.0.jar:2.7.0]
	at org.springframework.boot.test.context.SpringBootContextLoader.loadContext(SpringBootContextLoader.java:132) [spring-boot-test-2.7.0.jar:2.7.0]
	at org.springframework.test.context.cache.DefaultCacheAwareContextLoaderDelegate.loadContextInternal(DefaultCacheAwareContextLoaderDelegate.java:99) [spring-test-5.3.20.jar:5.3.20]
	at org.springframework.test.context.cache.DefaultCacheAwareContextLoaderDelegate.loadContext(DefaultCacheAwareContextLoaderDelegate.java:124) [spring-test-5.3.20.jar:5.3.20]
	at org.springframework.test.context.support.DefaultTestContext.getApplicationContext(DefaultTestContext.java:124) [spring-test-5.3.20.jar:5.3.20]
	at org.springframework.boot.test.autoconfigure.SpringBootDependencyInjectionTestExecutionListener.outputConditionEvaluationReport(SpringBootDependencyInjectionTestExecutionListener.java:53) [spring-boot-test-autoconfigure-2.7.0.jar:2.7.0]
	at org.springframework.boot.test.autoconfigure.SpringBootDependencyInjectionTestExecutionListener.prepareTestInstance(SpringBootDependencyInjectionTestExecutionListener.java:46) [spring-boot-test-autoconfigure-2.7.0.jar:2.7.0]
	at org.springframework.test.context.TestContextManager.prepareTestInstance(TestContextManager.java:248) [spring-test-5.3.20.jar:5.3.20]
	at org.springframework.test.context.junit.jupiter.SpringExtension.postProcessTestInstance(SpringExtension.java:138) [spring-test-5.3.20.jar:5.3.20]
	at org.junit.jupiter.engine.descriptor.ClassBasedTestDescriptor.lambda$invokeTestInstancePostProcessors$8(ClassBasedTestDescriptor.java:363) [junit-jupiter-engine-5.8.2.jar:5.8.2]
	at org.junit.jupiter.engine.descriptor.ClassBasedTestDescriptor.executeAndMaskThrowable(ClassBasedTestDescriptor.java:368) [junit-jupiter-engine-5.8.2.jar:5.8.2]
	at org.junit.jupiter.engine.descriptor.ClassBasedTestDescriptor.lambda$invokeTestInstancePostProcessors$9(ClassBasedTestDescriptor.java:363) [junit-jupiter-engine-5.8.2.jar:5.8.2]
	at java.util.stream.ReferencePipeline$3$1.accept(ReferencePipeline.java:193) ~[na:1.8.0_202]
	at java.util.stream.ReferencePipeline$2$1.accept(ReferencePipeline.java:175) ~[na:1.8.0_202]
	at java.util.ArrayList$ArrayListSpliterator.forEachRemaining(ArrayList.java:1382) ~[na:1.8.0_202]
	at java.util.stream.AbstractPipeline.copyInto(AbstractPipeline.java:481) ~[na:1.8.0_202]
	at java.util.stream.AbstractPipeline.wrapAndCopyInto(AbstractPipeline.java:471) ~[na:1.8.0_202]
	at java.util.stream.StreamSpliterators$WrappingSpliterator.forEachRemaining(StreamSpliterators.java:312) ~[na:1.8.0_202]
	at java.util.stream.Streams$ConcatSpliterator.forEachRemaining(Streams.java:743) ~[na:1.8.0_202]
	at java.util.stream.Streams$ConcatSpliterator.forEachRemaining(Streams.java:742) ~[na:1.8.0_202]
	at java.util.stream.ReferencePipeline$Head.forEach(ReferencePipeline.java:580) ~[na:1.8.0_202]
	at org.junit.jupiter.engine.descriptor.ClassBasedTestDescriptor.invokeTestInstancePostProcessors(ClassBasedTestDescriptor.java:362) [junit-jupiter-engine-5.8.2.jar:5.8.2]
	at org.junit.jupiter.engine.descriptor.ClassBasedTestDescriptor.lambda$instantiateAndPostProcessTestInstance$6(ClassBasedTestDescriptor.java:283) [junit-jupiter-engine-5.8.2.jar:5.8.2]
	at org.junit.platform.engine.support.hierarchical.ThrowableCollector.execute(ThrowableCollector.java:73) ~[junit-platform-engine-1.8.2.jar:1.8.2]
	at org.junit.jupiter.engine.descriptor.ClassBasedTestDescriptor.instantiateAndPostProcessTestInstance(ClassBasedTestDescriptor.java:282) [junit-jupiter-engine-5.8.2.jar:5.8.2]
	at org.junit.jupiter.engine.descriptor.ClassBasedTestDescriptor.lambda$testInstancesProvider$4(ClassBasedTestDescriptor.java:272) [junit-jupiter-engine-5.8.2.jar:5.8.2]
	at java.util.Optional.orElseGet(Optional.java:267) ~[na:1.8.0_202]
	at org.junit.jupiter.engine.descriptor.ClassBasedTestDescriptor.lambda$testInstancesProvider$5(ClassBasedTestDescriptor.java:271) [junit-jupiter-engine-5.8.2.jar:5.8.2]
	at org.junit.jupiter.engine.execution.TestInstancesProvider.getTestInstances(TestInstancesProvider.java:31) ~[junit-jupiter-engine-5.8.2.jar:5.8.2]
	at org.junit.jupiter.engine.descriptor.TestMethodTestDescriptor.lambda$prepare$0(TestMethodTestDescriptor.java:102) ~[junit-jupiter-engine-5.8.2.jar:5.8.2]
	at org.junit.platform.engine.support.hierarchical.ThrowableCollector.execute(ThrowableCollector.java:73) ~[junit-platform-engine-1.8.2.jar:1.8.2]
	at org.junit.jupiter.engine.descriptor.TestMethodTestDescriptor.prepare(TestMethodTestDescriptor.java:101) ~[junit-jupiter-engine-5.8.2.jar:5.8.2]
	at org.junit.jupiter.engine.descriptor.TestMethodTestDescriptor.prepare(TestMethodTestDescriptor.java:66) ~[junit-jupiter-engine-5.8.2.jar:5.8.2]
	at org.junit.platform.engine.support.hierarchical.NodeTestTask.lambda$prepare$2(NodeTestTask.java:123) ~[junit-platform-engine-1.8.2.jar:1.8.2]
	at org.junit.platform.engine.support.hierarchical.ThrowableCollector.execute(ThrowableCollector.java:73) ~[junit-platform-engine-1.8.2.jar:1.8.2]
	at org.junit.platform.engine.support.hierarchical.NodeTestTask.prepare(NodeTestTask.java:123) ~[junit-platform-engine-1.8.2.jar:1.8.2]
	at org.junit.platform.engine.support.hierarchical.NodeTestTask.execute(NodeTestTask.java:90) ~[junit-platform-engine-1.8.2.jar:1.8.2]
	at java.util.ArrayList.forEach(ArrayList.java:1257) ~[na:1.8.0_202]
	at org.junit.platform.engine.support.hierarchical.SameThreadHierarchicalTestExecutorService.invokeAll(SameThreadHierarchicalTestExecutorService.java:41) ~[junit-platform-engine-1.8.2.jar:1.8.2]
	at org.junit.platform.engine.support.hierarchical.NodeTestTask.lambda$executeRecursively$6(NodeTestTask.java:155) ~[junit-platform-engine-1.8.2.jar:1.8.2]
	at org.junit.platform.engine.support.hierarchical.ThrowableCollector.execute(ThrowableCollector.java:73) ~[junit-platform-engine-1.8.2.jar:1.8.2]
	at org.junit.platform.engine.support.hierarchical.NodeTestTask.lambda$executeRecursively$8(NodeTestTask.java:141) ~[junit-platform-engine-1.8.2.jar:1.8.2]
	at org.junit.platform.engine.support.hierarchical.Node.around(Node.java:137) ~[junit-platform-engine-1.8.2.jar:1.8.2]
	at org.junit.platform.engine.support.hierarchical.NodeTestTask.lambda$executeRecursively$9(NodeTestTask.java:139) ~[junit-platform-engine-1.8.2.jar:1.8.2]
	at org.junit.platform.engine.support.hierarchical.ThrowableCollector.execute(ThrowableCollector.java:73) ~[junit-platform-engine-1.8.2.jar:1.8.2]
	at org.junit.platform.engine.support.hierarchical.NodeTestTask.executeRecursively(NodeTestTask.java:138) ~[junit-platform-engine-1.8.2.jar:1.8.2]
	at org.junit.platform.engine.support.hierarchical.NodeTestTask.execute(NodeTestTask.java:95) ~[junit-platform-engine-1.8.2.jar:1.8.2]
	at java.util.ArrayList.forEach(ArrayList.java:1257) ~[na:1.8.0_202]
	at org.junit.platform.engine.support.hierarchical.SameThreadHierarchicalTestExecutorService.invokeAll(SameThreadHierarchicalTestExecutorService.java:41) ~[junit-platform-engine-1.8.2.jar:1.8.2]
	at org.junit.platform.engine.support.hierarchical.NodeTestTask.lambda$executeRecursively$6(NodeTestTask.java:155) ~[junit-platform-engine-1.8.2.jar:1.8.2]
	at org.junit.platform.engine.support.hierarchical.ThrowableCollector.execute(ThrowableCollector.java:73) ~[junit-platform-engine-1.8.2.jar:1.8.2]
	at org.junit.platform.engine.support.hierarchical.NodeTestTask.lambda$executeRecursively$8(NodeTestTask.java:141) ~[junit-platform-engine-1.8.2.jar:1.8.2]
	at org.junit.platform.engine.support.hierarchical.Node.around(Node.java:137) ~[junit-platform-engine-1.8.2.jar:1.8.2]
	at org.junit.platform.engine.support.hierarchical.NodeTestTask.lambda$executeRecursively$9(NodeTestTask.java:139) ~[junit-platform-engine-1.8.2.jar:1.8.2]
	at org.junit.platform.engine.support.hierarchical.ThrowableCollector.execute(ThrowableCollector.java:73) ~[junit-platform-engine-1.8.2.jar:1.8.2]
	at org.junit.platform.engine.support.hierarchical.NodeTestTask.executeRecursively(NodeTestTask.java:138) ~[junit-platform-engine-1.8.2.jar:1.8.2]
	at org.junit.platform.engine.support.hierarchical.NodeTestTask.execute(NodeTestTask.java:95) ~[junit-platform-engine-1.8.2.jar:1.8.2]
	at org.junit.platform.engine.support.hierarchical.SameThreadHierarchicalTestExecutorService.submit(SameThreadHierarchicalTestExecutorService.java:35) ~[junit-platform-engine-1.8.2.jar:1.8.2]
	at org.junit.platform.engine.support.hierarchical.HierarchicalTestExecutor.execute(HierarchicalTestExecutor.java:57) ~[junit-platform-engine-1.8.2.jar:1.8.2]
	at org.junit.platform.engine.support.hierarchical.HierarchicalTestEngine.execute(HierarchicalTestEngine.java:54) ~[junit-platform-engine-1.8.2.jar:1.8.2]
	at org.junit.platform.launcher.core.DefaultLauncher.execute(DefaultLauncher.java:220) ~[junit-platform-launcher-1.3.1.jar:1.3.1]
	at org.junit.platform.launcher.core.DefaultLauncher.lambda$execute$6(DefaultLauncher.java:188) ~[junit-platform-launcher-1.3.1.jar:1.3.1]
	at org.junit.platform.launcher.core.DefaultLauncher.withInterceptedStreams(DefaultLauncher.java:202) ~[junit-platform-launcher-1.3.1.jar:1.3.1]
	at org.junit.platform.launcher.core.DefaultLauncher.execute(DefaultLauncher.java:181) ~[junit-platform-launcher-1.3.1.jar:1.3.1]
	at org.junit.platform.launcher.core.DefaultLauncher.execute(DefaultLauncher.java:128) ~[junit-platform-launcher-1.3.1.jar:1.3.1]
	at org.apache.maven.surefire.junitplatform.JUnitPlatformProvider.invokeAllTests(JUnitPlatformProvider.java:150) ~[surefire-junit-platform-2.22.2.jar:2.22.2]
	at org.apache.maven.surefire.junitplatform.JUnitPlatformProvider.invoke(JUnitPlatformProvider.java:124) ~[surefire-junit-platform-2.22.2.jar:2.22.2]
	at org.apache.maven.surefire.booter.ForkedBooter.invokeProviderInSameClassLoader(ForkedBooter.java:384) ~[surefire-booter-2.22.2.jar:2.22.2]
	at org.apache.maven.surefire.booter.ForkedBooter.runSuitesInProcess(ForkedBooter.java:345) ~[surefire-booter-2.22.2.jar:2.22.2]
	at org.apache.maven.surefire.booter.ForkedBooter.execute(ForkedBooter.java:126) ~[surefire-booter-2.22.2.jar:2.22.2]
	at org.apache.maven.surefire.booter.ForkedBooter.main(ForkedBooter.java:418) ~[surefire-booter-2.22.2.jar:2.22.2]

2023-10-15 16:19:39.468  INFO 19020 --- [           main] o.a.d.c.deploy.DefaultModuleDeployer     :  [DUBBO] Dubbo Module[2.1.1] is stopping., dubbo version: 3.0.9, current host: 192.168.1.107
2023-10-15 16:19:39.468  INFO 19020 --- [           main] o.a.d.c.deploy.DefaultModuleDeployer     :  [DUBBO] Dubbo Module[2.1.1] has stopped., dubbo version: 3.0.9, current host: 192.168.1.107
2023-10-15 16:19:39.468  INFO 19020 --- [           main] o.apache.dubbo.rpc.model.FrameworkModel  :  [DUBBO] Reset global default application from Dubbo Application[2.1](dubbo-springboot-demo-provider) to null, dubbo version: 3.0.9, current host: 192.168.1.107
2023-10-15 16:19:39.468  INFO 19020 --- [           main] o.a.d.c.d.DefaultApplicationDeployer     :  [DUBBO] Dubbo Application[2.1](dubbo-springboot-demo-provider) is stopping., dubbo version: 3.0.9, current host: 192.168.1.107
2023-10-15 16:19:39.468  INFO 19020 --- [           main] o.a.d.registry.support.RegistryManager   :  [DUBBO] Close all registries [nacos://localhost:8848/org.apache.dubbo.registry.RegistryService?REGISTRY_CLUSTER=nacos-registry&application=dubbo-springboot-demo-provider&dubbo=2.0.2&interface=org.apache.dubbo.registry.RegistryService&pid=19020&release=3.0.9, nacos://localhost:8848/org.apache.dubbo.registry.RegistryService?REGISTRY_CLUSTER=nacos-registry&application=dubbo-springboot-demo-provider&dubbo=2.0.2&interface=org.apache.dubbo.registry.RegistryService&pid=19020&release=3.0.9], dubbo version: 3.0.9, current host: 192.168.1.107
2023-10-15 16:19:39.469  INFO 19020 --- [           main] com.alibaba.nacos.client.naming          : com.alibaba.nacos.client.naming.cache.ServiceInfoHolder do shutdown begin
2023-10-15 16:19:39.469  INFO 19020 --- [           main] com.alibaba.nacos.client.naming          : com.alibaba.nacos.client.naming.backups.FailoverReactor do shutdown begin
2023-10-15 16:19:39.469  INFO 19020 --- [           main] com.alibaba.nacos.client.naming          : com.alibaba.nacos.client.naming.backups.FailoverReactor do shutdown stop
2023-10-15 16:19:39.469  INFO 19020 --- [           main] com.alibaba.nacos.client.naming          : com.alibaba.nacos.client.naming.cache.ServiceInfoHolder do shutdown stop
2023-10-15 16:19:39.469  INFO 19020 --- [           main] com.alibaba.nacos.client.naming          : com.alibaba.nacos.client.naming.remote.NamingClientProxyDelegate do shutdown begin
2023-10-15 16:19:39.469  INFO 19020 --- [           main] com.alibaba.nacos.client.naming          : com.alibaba.nacos.client.naming.core.ServiceInfoUpdateService do shutdown begin
2023-10-15 16:19:39.636 ERROR 19020 --- [t.remote.worker] c.a.n.c.remote.client.grpc.GrpcClient    : Server check fail, please check server localhost ,port 9848 is available , error ={}

java.util.concurrent.TimeoutException: Waited 3000 milliseconds (plus 14 milliseconds, 157500 nanoseconds delay) for com.alibaba.nacos.shaded.io.grpc.stub.ClientCalls$GrpcFuture@1486c275[status=PENDING, info=[GrpcFuture{clientCall={delegate={delegate=ClientCallImpl{method=MethodDescriptor{fullMethodName=Request/request, type=UNARY, idempotent=false, safe=false, sampledToLocalTracing=true, requestMarshaller=com.alibaba.nacos.shaded.io.grpc.protobuf.lite.ProtoLiteUtils$MessageMarshaller@25a94b55, responseMarshaller=com.alibaba.nacos.shaded.io.grpc.protobuf.lite.ProtoLiteUtils$MessageMarshaller@6adc5b9c, schemaDescriptor=com.alibaba.nacos.api.grpc.auto.RequestGrpc$RequestMethodDescriptorSupplier@19c1820d}}}}}]]
	at com.alibaba.nacos.shaded.com.google.common.util.concurrent.AbstractFuture.get(AbstractFuture.java:508) ~[nacos-client-2.1.0.jar:na]
	at com.alibaba.nacos.common.remote.client.grpc.GrpcClient.serverCheck(GrpcClient.java:192) [nacos-client-2.1.0.jar:na]
	at com.alibaba.nacos.common.remote.client.grpc.GrpcClient.connectToServer(GrpcClient.java:302) [nacos-client-2.1.0.jar:na]
	at com.alibaba.nacos.common.remote.client.RpcClient.reconnect(RpcClient.java:521) [nacos-client-2.1.0.jar:na]
	at com.alibaba.nacos.common.remote.client.RpcClient.lambda$start$2(RpcClient.java:369) [nacos-client-2.1.0.jar:na]
	at java.util.concurrent.Executors$RunnableAdapter.call(Executors.java:511) ~[na:1.8.0_202]
	at java.util.concurrent.FutureTask.run(FutureTask.java:266) ~[na:1.8.0_202]
	at java.util.concurrent.ScheduledThreadPoolExecutor$ScheduledFutureTask.access$201(ScheduledThreadPoolExecutor.java:180) ~[na:1.8.0_202]
	at java.util.concurrent.ScheduledThreadPoolExecutor$ScheduledFutureTask.run(ScheduledThreadPoolExecutor.java:293) ~[na:1.8.0_202]
	at java.util.concurrent.ThreadPoolExecutor.runWorker(ThreadPoolExecutor.java:1149) ~[na:1.8.0_202]
	at java.util.concurrent.ThreadPoolExecutor$Worker.run(ThreadPoolExecutor.java:624) ~[na:1.8.0_202]
	at java.lang.Thread.run(Thread.java:748) ~[na:1.8.0_202]

2023-10-15 16:19:39.636  INFO 19020 --- [t.remote.worker] com.alibaba.nacos.common.remote.client   : [fe9b996a-7e47-43fe-ad06-6dbc78424a39_config-0] Fail to connect server, after trying 15 times, last try server is {serverIp = 'localhost', server main port = 8848}, error = unknown
2023-10-15 16:19:39.667 ERROR 19020 --- [t.remote.worker] c.a.n.c.remote.client.grpc.GrpcClient    : Server check fail, please check server localhost ,port 9848 is available , error ={}

java.util.concurrent.TimeoutException: Waited 3000 milliseconds (plus 13 milliseconds, 26000 nanoseconds delay) for com.alibaba.nacos.shaded.io.grpc.stub.ClientCalls$GrpcFuture@5e95577f[status=PENDING, info=[GrpcFuture{clientCall={delegate={delegate=ClientCallImpl{method=MethodDescriptor{fullMethodName=Request/request, type=UNARY, idempotent=false, safe=false, sampledToLocalTracing=true, requestMarshaller=com.alibaba.nacos.shaded.io.grpc.protobuf.lite.ProtoLiteUtils$MessageMarshaller@25a94b55, responseMarshaller=com.alibaba.nacos.shaded.io.grpc.protobuf.lite.ProtoLiteUtils$MessageMarshaller@6adc5b9c, schemaDescriptor=com.alibaba.nacos.api.grpc.auto.RequestGrpc$RequestMethodDescriptorSupplier@19c1820d}}}}}]]
	at com.alibaba.nacos.shaded.com.google.common.util.concurrent.AbstractFuture.get(AbstractFuture.java:508) ~[nacos-client-2.1.0.jar:na]
	at com.alibaba.nacos.common.remote.client.grpc.GrpcClient.serverCheck(GrpcClient.java:192) [nacos-client-2.1.0.jar:na]
	at com.alibaba.nacos.common.remote.client.grpc.GrpcClient.connectToServer(GrpcClient.java:302) [nacos-client-2.1.0.jar:na]
	at com.alibaba.nacos.common.remote.client.RpcClient.reconnect(RpcClient.java:521) [nacos-client-2.1.0.jar:na]
	at com.alibaba.nacos.common.remote.client.RpcClient.lambda$start$2(RpcClient.java:369) [nacos-client-2.1.0.jar:na]
	at java.util.concurrent.Executors$RunnableAdapter.call(Executors.java:511) ~[na:1.8.0_202]
	at java.util.concurrent.FutureTask.run(FutureTask.java:266) ~[na:1.8.0_202]
	at java.util.concurrent.ScheduledThreadPoolExecutor$ScheduledFutureTask.access$201(ScheduledThreadPoolExecutor.java:180) ~[na:1.8.0_202]
	at java.util.concurrent.ScheduledThreadPoolExecutor$ScheduledFutureTask.run(ScheduledThreadPoolExecutor.java:293) ~[na:1.8.0_202]
	at java.util.concurrent.ThreadPoolExecutor.runWorker(ThreadPoolExecutor.java:1149) ~[na:1.8.0_202]
	at java.util.concurrent.ThreadPoolExecutor$Worker.run(ThreadPoolExecutor.java:624) ~[na:1.8.0_202]
	at java.lang.Thread.run(Thread.java:748) ~[na:1.8.0_202]

2023-10-15 16:19:39.667  INFO 19020 --- [t.remote.worker] com.alibaba.nacos.common.remote.client   : [45c1d4e9-7c56-47f4-ae88-3b4fba725ea0] Fail to connect server, after trying 8 times, last try server is {serverIp = 'localhost', server main port = 8848}, error = unknown
2023-10-15 16:19:39.794  INFO 19020 --- [           main] com.alibaba.nacos.client.naming          : com.alibaba.nacos.client.naming.core.ServiceInfoUpdateService do shutdown stop
2023-10-15 16:19:39.794  INFO 19020 --- [           main] com.alibaba.nacos.client.naming          : com.alibaba.nacos.client.naming.core.ServerListManager do shutdown begin
2023-10-15 16:19:39.794  WARN 19020 --- [           main] com.alibaba.nacos.client.naming          : [NamingHttpClientManager] Start destroying NacosRestTemplate
2023-10-15 16:19:39.794  WARN 19020 --- [           main] com.alibaba.nacos.client.naming          : [NamingHttpClientManager] Destruction of the end
2023-10-15 16:19:39.794  INFO 19020 --- [           main] com.alibaba.nacos.client.naming          : com.alibaba.nacos.client.naming.core.ServerListManager do shutdown stop
2023-10-15 16:19:39.794  INFO 19020 --- [           main] com.alibaba.nacos.client.naming          : com.alibaba.nacos.client.naming.remote.http.NamingHttpClientProxy do shutdown begin
2023-10-15 16:19:39.794  INFO 19020 --- [           main] com.alibaba.nacos.client.naming          : com.alibaba.nacos.client.naming.beat.BeatReactor do shutdown begin
2023-10-15 16:19:39.794  INFO 19020 --- [           main] com.alibaba.nacos.client.naming          : com.alibaba.nacos.client.naming.beat.BeatReactor do shutdown stop
2023-10-15 16:19:39.794  WARN 19020 --- [           main] com.alibaba.nacos.client.naming          : [NamingHttpClientManager] Start destroying NacosRestTemplate
2023-10-15 16:19:39.794  WARN 19020 --- [           main] com.alibaba.nacos.client.naming          : [NamingHttpClientManager] Destruction of the end
2023-10-15 16:19:39.794  INFO 19020 --- [           main] com.alibaba.nacos.client.naming          : com.alibaba.nacos.client.naming.remote.http.NamingHttpClientProxy do shutdown stop
2023-10-15 16:19:39.794  INFO 19020 --- [           main] com.alibaba.nacos.common.remote.client   : Shutdown rpc client, set status to shutdown
2023-10-15 16:19:39.794  INFO 19020 --- [           main] com.alibaba.nacos.common.remote.client   : Shutdown client event executor java.util.concurrent.ScheduledThreadPoolExecutor@76d1f6ea[Running, pool size = 2, active threads = 2, queued tasks = 0, completed tasks = 0]
2023-10-15 16:19:39.794  INFO 19020 --- [           main] c.a.n.c.remote.client.grpc.GrpcClient    : Shutdown grpc executor java.util.concurrent.ThreadPoolExecutor@55fe9c2f[Running, pool size = 3, active threads = 0, queued tasks = 0, completed tasks = 8]
2023-10-15 16:19:39.794  INFO 19020 --- [           main] com.alibaba.nacos.client.naming          : Shutdown grpc redo service executor java.util.concurrent.ScheduledThreadPoolExecutor@3580134d[Running, pool size = 1, active threads = 0, queued tasks = 1, completed tasks = 8]
2023-10-15 16:19:39.794  INFO 19020 --- [t.remote.worker] com.alibaba.nacos.common.remote.client   : [3b7876bc-3d8f-4bce-b2f6-42ad5540381f] Client is shutdown, stop reconnect to server
2023-10-15 16:19:39.794  INFO 19020 --- [           main] c.a.n.c.a.r.identify.CredentialWatcher   : [null] CredentialWatcher is stopped
2023-10-15 16:19:39.794  INFO 19020 --- [           main] c.a.n.c.a.r.identify.CredentialService   : [null] CredentialService is freed
2023-10-15 16:19:39.794  INFO 19020 --- [           main] com.alibaba.nacos.client.naming          : com.alibaba.nacos.client.naming.remote.NamingClientProxyDelegate do shutdown stop
2023-10-15 16:19:39.794  INFO 19020 --- [           main] .r.c.e.l.ServiceInstancesChangedListener :  [DUBBO] Destroying instance listener of  [dubbo-springboot-demo-provider], dubbo version: 3.0.9, current host: 192.168.1.107
2023-10-15 16:19:39.794  INFO 19020 --- [           main] o.a.dubbo.registry.nacos.NacosRegistry   :  [DUBBO] Destroy registry:nacos://localhost:8848/org.apache.dubbo.registry.RegistryService?REGISTRY_CLUSTER=nacos-registry&application=dubbo-springboot-demo-provider&dubbo=2.0.2&interface=org.apache.dubbo.registry.RegistryService&pid=19020&release=3.0.9, dubbo version: 3.0.9, current host: 192.168.1.107
2023-10-15 16:19:39.794  INFO 19020 --- [           main] com.alibaba.nacos.client.naming          : [DEREGISTER-SERVICE] public deregistering service consumers:com.yupi.service.InnerUserService:: with instance: Instance{instanceId='null', ip='192.168.1.107', port=0, weight=1.0, healthy=true, enabled=true, ephemeral=true, clusterName='DEFAULT', serviceName='null', metadata={}}
2023-10-15 16:19:39.906 ERROR 19020 --- [           main] com.alibaba.nacos.common.remote.client   : Send request fail, request = InstanceRequest{headers={app=unknown}, requestId='null'}, retryTimes = 0, errorMessage = Client not connected, current status:STARTING
2023-10-15 16:19:39.937  INFO 19020 --- [naming.security] c.a.n.c.a.r.identify.CredentialWatcher   : null No credential found
2023-10-15 16:19:40.017 ERROR 19020 --- [           main] com.alibaba.nacos.common.remote.client   : Send request fail, request = InstanceRequest{headers={app=unknown}, requestId='null'}, retryTimes = 1, errorMessage = Client not connected, current status:STARTING
2023-10-15 16:19:40.129 ERROR 19020 --- [           main] com.alibaba.nacos.common.remote.client   : Send request fail, request = InstanceRequest{headers={app=unknown}, requestId='null'}, retryTimes = 2, errorMessage = Client not connected, current status:STARTING
2023-10-15 16:19:40.130 ERROR 19020 --- [           main] o.a.dubbo.registry.nacos.NacosRegistry   :  [DUBBO] Failed to unregister consumer://192.168.1.107/com.yupi.service.InnerUserService?application=dubbo-springboot-demo-provider&background=false&category=consumers&check=false&dubbo=2.0.2&interface=com.yupi.service.InnerUserService&methods=getUser&pid=19020&release=3.0.9&revision=0.0.1-SNAPSHOT&side=consumer&sticky=false&timestamp=1697357939843, waiting for retry, cause: Failed to unregister consumer://192.168.1.107/com.yupi.service.InnerUserService?application=dubbo-springboot-demo-provider&background=false&category=consumers&check=false&dubbo=2.0.2&interface=com.yupi.service.InnerUserService&methods=getUser&pid=19020&release=3.0.9&revision=0.0.1-SNAPSHOT&side=consumer&sticky=false&timestamp=1697357939843 to nacos nacos://localhost:8848/org.apache.dubbo.registry.RegistryService?REGISTRY_CLUSTER=nacos-registry&application=dubbo-springboot-demo-provider&dubbo=2.0.2&interface=org.apache.dubbo.registry.RegistryService&pid=19020&release=3.0.9, cause: Request nacos server failed: , dubbo version: 3.0.9, current host: 192.168.1.107

org.apache.dubbo.rpc.RpcException: Failed to unregister consumer://192.168.1.107/com.yupi.service.InnerUserService?application=dubbo-springboot-demo-provider&background=false&category=consumers&check=false&dubbo=2.0.2&interface=com.yupi.service.InnerUserService&methods=getUser&pid=19020&release=3.0.9&revision=0.0.1-SNAPSHOT&side=consumer&sticky=false&timestamp=1697357939843 to nacos nacos://localhost:8848/org.apache.dubbo.registry.RegistryService?REGISTRY_CLUSTER=nacos-registry&application=dubbo-springboot-demo-provider&dubbo=2.0.2&interface=org.apache.dubbo.registry.RegistryService&pid=19020&release=3.0.9, cause: Request nacos server failed: 
	at org.apache.dubbo.registry.nacos.NacosRegistry.doUnregister(NacosRegistry.java:200) ~[dubbo-3.0.9.jar:3.0.9]
	at org.apache.dubbo.registry.support.FailbackRegistry.unregister(FailbackRegistry.java:253) [dubbo-3.0.9.jar:3.0.9]
	at org.apache.dubbo.registry.support.AbstractRegistry.destroy(AbstractRegistry.java:522) [dubbo-3.0.9.jar:3.0.9]
	at org.apache.dubbo.registry.support.FailbackRegistry.destroy(FailbackRegistry.java:407) [dubbo-3.0.9.jar:3.0.9]
	at org.apache.dubbo.registry.support.RegistryManager.destroyAll(RegistryManager.java:105) [dubbo-3.0.9.jar:3.0.9]
	at org.apache.dubbo.config.deploy.DefaultApplicationDeployer.destroyRegistries(DefaultApplicationDeployer.java:1019) [dubbo-3.0.9.jar:3.0.9]
	at org.apache.dubbo.config.deploy.DefaultApplicationDeployer.preDestroy(DefaultApplicationDeployer.java:767) [dubbo-3.0.9.jar:3.0.9]
	at org.apache.dubbo.rpc.model.ApplicationModel.onDestroy(ApplicationModel.java:244) [dubbo-3.0.9.jar:3.0.9]
	at org.apache.dubbo.rpc.model.ScopeModel.destroy(ScopeModel.java:110) [dubbo-3.0.9.jar:3.0.9]
	at org.apache.dubbo.rpc.model.ApplicationModel.tryDestroy(ApplicationModel.java:355) [dubbo-3.0.9.jar:3.0.9]
	at org.apache.dubbo.rpc.model.ModuleModel.onDestroy(ModuleModel.java:131) [dubbo-3.0.9.jar:3.0.9]
	at org.apache.dubbo.rpc.model.ScopeModel.destroy(ScopeModel.java:110) [dubbo-3.0.9.jar:3.0.9]
	at org.apache.dubbo.config.spring.context.DubboDeployApplicationListener.onContextClosedEvent(DubboDeployApplicationListener.java:130) [dubbo-3.0.9.jar:3.0.9]
	at org.apache.dubbo.config.spring.context.DubboDeployApplicationListener.onApplicationEvent(DubboDeployApplicationListener.java:102) [dubbo-3.0.9.jar:3.0.9]
	at org.apache.dubbo.config.spring.context.DubboDeployApplicationListener.onApplicationEvent(DubboDeployApplicationListener.java:45) [dubbo-3.0.9.jar:3.0.9]
	at org.springframework.context.event.SimpleApplicationEventMulticaster.doInvokeListener(SimpleApplicationEventMulticaster.java:176) [spring-context-5.3.20.jar:5.3.20]
	at org.springframework.context.event.SimpleApplicationEventMulticaster.invokeListener(SimpleApplicationEventMulticaster.java:169) [spring-context-5.3.20.jar:5.3.20]
	at org.springframework.context.event.SimpleApplicationEventMulticaster.multicastEvent(SimpleApplicationEventMulticaster.java:143) [spring-context-5.3.20.jar:5.3.20]
	at org.springframework.context.support.AbstractApplicationContext.publishEvent(AbstractApplicationContext.java:421) [spring-context-5.3.20.jar:5.3.20]
	at org.springframework.context.support.AbstractApplicationContext.publishEvent(AbstractApplicationContext.java:378) [spring-context-5.3.20.jar:5.3.20]
	at org.springframework.context.support.AbstractApplicationContext.doClose(AbstractApplicationContext.java:1058) [spring-context-5.3.20.jar:5.3.20]
	at org.springframework.context.support.AbstractApplicationContext.close(AbstractApplicationContext.java:1021) [spring-context-5.3.20.jar:5.3.20]
	at org.springframework.boot.SpringApplication.handleRunFailure(SpringApplication.java:790) [spring-boot-2.7.0.jar:2.7.0]
	at org.springframework.boot.SpringApplication.run(SpringApplication.java:318) [spring-boot-2.7.0.jar:2.7.0]
	at org.springframework.boot.test.context.SpringBootContextLoader.loadContext(SpringBootContextLoader.java:132) [spring-boot-test-2.7.0.jar:2.7.0]
	at org.springframework.test.context.cache.DefaultCacheAwareContextLoaderDelegate.loadContextInternal(DefaultCacheAwareContextLoaderDelegate.java:99) [spring-test-5.3.20.jar:5.3.20]
	at org.springframework.test.context.cache.DefaultCacheAwareContextLoaderDelegate.loadContext(DefaultCacheAwareContextLoaderDelegate.java:124) [spring-test-5.3.20.jar:5.3.20]
	at org.springframework.test.context.support.DefaultTestContext.getApplicationContext(DefaultTestContext.java:124) [spring-test-5.3.20.jar:5.3.20]
	at org.springframework.boot.test.autoconfigure.SpringBootDependencyInjectionTestExecutionListener.outputConditionEvaluationReport(SpringBootDependencyInjectionTestExecutionListener.java:53) [spring-boot-test-autoconfigure-2.7.0.jar:2.7.0]
	at org.springframework.boot.test.autoconfigure.SpringBootDependencyInjectionTestExecutionListener.prepareTestInstance(SpringBootDependencyInjectionTestExecutionListener.java:46) [spring-boot-test-autoconfigure-2.7.0.jar:2.7.0]
	at org.springframework.test.context.TestContextManager.prepareTestInstance(TestContextManager.java:248) [spring-test-5.3.20.jar:5.3.20]
	at org.springframework.test.context.junit.jupiter.SpringExtension.postProcessTestInstance(SpringExtension.java:138) [spring-test-5.3.20.jar:5.3.20]
	at org.junit.jupiter.engine.descriptor.ClassBasedTestDescriptor.lambda$invokeTestInstancePostProcessors$8(ClassBasedTestDescriptor.java:363) [junit-jupiter-engine-5.8.2.jar:5.8.2]
	at org.junit.jupiter.engine.descriptor.ClassBasedTestDescriptor.executeAndMaskThrowable(ClassBasedTestDescriptor.java:368) [junit-jupiter-engine-5.8.2.jar:5.8.2]
	at org.junit.jupiter.engine.descriptor.ClassBasedTestDescriptor.lambda$invokeTestInstancePostProcessors$9(ClassBasedTestDescriptor.java:363) [junit-jupiter-engine-5.8.2.jar:5.8.2]
	at java.util.stream.ReferencePipeline$3$1.accept(ReferencePipeline.java:193) ~[na:1.8.0_202]
	at java.util.stream.ReferencePipeline$2$1.accept(ReferencePipeline.java:175) ~[na:1.8.0_202]
	at java.util.ArrayList$ArrayListSpliterator.forEachRemaining(ArrayList.java:1382) ~[na:1.8.0_202]
	at java.util.stream.AbstractPipeline.copyInto(AbstractPipeline.java:481) ~[na:1.8.0_202]
	at java.util.stream.AbstractPipeline.wrapAndCopyInto(AbstractPipeline.java:471) ~[na:1.8.0_202]
	at java.util.stream.StreamSpliterators$WrappingSpliterator.forEachRemaining(StreamSpliterators.java:312) ~[na:1.8.0_202]
	at java.util.stream.Streams$ConcatSpliterator.forEachRemaining(Streams.java:743) ~[na:1.8.0_202]
	at java.util.stream.Streams$ConcatSpliterator.forEachRemaining(Streams.java:742) ~[na:1.8.0_202]
	at java.util.stream.ReferencePipeline$Head.forEach(ReferencePipeline.java:580) ~[na:1.8.0_202]
	at org.junit.jupiter.engine.descriptor.ClassBasedTestDescriptor.invokeTestInstancePostProcessors(ClassBasedTestDescriptor.java:362) [junit-jupiter-engine-5.8.2.jar:5.8.2]
	at org.junit.jupiter.engine.descriptor.ClassBasedTestDescriptor.lambda$instantiateAndPostProcessTestInstance$6(ClassBasedTestDescriptor.java:283) [junit-jupiter-engine-5.8.2.jar:5.8.2]
	at org.junit.platform.engine.support.hierarchical.ThrowableCollector.execute(ThrowableCollector.java:73) ~[junit-platform-engine-1.8.2.jar:1.8.2]
	at org.junit.jupiter.engine.descriptor.ClassBasedTestDescriptor.instantiateAndPostProcessTestInstance(ClassBasedTestDescriptor.java:282) [junit-jupiter-engine-5.8.2.jar:5.8.2]
	at org.junit.jupiter.engine.descriptor.ClassBasedTestDescriptor.lambda$testInstancesProvider$4(ClassBasedTestDescriptor.java:272) [junit-jupiter-engine-5.8.2.jar:5.8.2]
	at java.util.Optional.orElseGet(Optional.java:267) ~[na:1.8.0_202]
	at org.junit.jupiter.engine.descriptor.ClassBasedTestDescriptor.lambda$testInstancesProvider$5(ClassBasedTestDescriptor.java:271) [junit-jupiter-engine-5.8.2.jar:5.8.2]
	at org.junit.jupiter.engine.execution.TestInstancesProvider.getTestInstances(TestInstancesProvider.java:31) ~[junit-jupiter-engine-5.8.2.jar:5.8.2]
	at org.junit.jupiter.engine.descriptor.TestMethodTestDescriptor.lambda$prepare$0(TestMethodTestDescriptor.java:102) ~[junit-jupiter-engine-5.8.2.jar:5.8.2]
	at org.junit.platform.engine.support.hierarchical.ThrowableCollector.execute(ThrowableCollector.java:73) ~[junit-platform-engine-1.8.2.jar:1.8.2]
	at org.junit.jupiter.engine.descriptor.TestMethodTestDescriptor.prepare(TestMethodTestDescriptor.java:101) ~[junit-jupiter-engine-5.8.2.jar:5.8.2]
	at org.junit.jupiter.engine.descriptor.TestMethodTestDescriptor.prepare(TestMethodTestDescriptor.java:66) ~[junit-jupiter-engine-5.8.2.jar:5.8.2]
	at org.junit.platform.engine.support.hierarchical.NodeTestTask.lambda$prepare$2(NodeTestTask.java:123) ~[junit-platform-engine-1.8.2.jar:1.8.2]
	at org.junit.platform.engine.support.hierarchical.ThrowableCollector.execute(ThrowableCollector.java:73) ~[junit-platform-engine-1.8.2.jar:1.8.2]
	at org.junit.platform.engine.support.hierarchical.NodeTestTask.prepare(NodeTestTask.java:123) ~[junit-platform-engine-1.8.2.jar:1.8.2]
	at org.junit.platform.engine.support.hierarchical.NodeTestTask.execute(NodeTestTask.java:90) ~[junit-platform-engine-1.8.2.jar:1.8.2]
	at java.util.ArrayList.forEach(ArrayList.java:1257) ~[na:1.8.0_202]
	at org.junit.platform.engine.support.hierarchical.SameThreadHierarchicalTestExecutorService.invokeAll(SameThreadHierarchicalTestExecutorService.java:41) ~[junit-platform-engine-1.8.2.jar:1.8.2]
	at org.junit.platform.engine.support.hierarchical.NodeTestTask.lambda$executeRecursively$6(NodeTestTask.java:155) ~[junit-platform-engine-1.8.2.jar:1.8.2]
	at org.junit.platform.engine.support.hierarchical.ThrowableCollector.execute(ThrowableCollector.java:73) ~[junit-platform-engine-1.8.2.jar:1.8.2]
	at org.junit.platform.engine.support.hierarchical.NodeTestTask.lambda$executeRecursively$8(NodeTestTask.java:141) ~[junit-platform-engine-1.8.2.jar:1.8.2]
	at org.junit.platform.engine.support.hierarchical.Node.around(Node.java:137) ~[junit-platform-engine-1.8.2.jar:1.8.2]
	at org.junit.platform.engine.support.hierarchical.NodeTestTask.lambda$executeRecursively$9(NodeTestTask.java:139) ~[junit-platform-engine-1.8.2.jar:1.8.2]
	at org.junit.platform.engine.support.hierarchical.ThrowableCollector.execute(ThrowableCollector.java:73) ~[junit-platform-engine-1.8.2.jar:1.8.2]
	at org.junit.platform.engine.support.hierarchical.NodeTestTask.executeRecursively(NodeTestTask.java:138) ~[junit-platform-engine-1.8.2.jar:1.8.2]
	at org.junit.platform.engine.support.hierarchical.NodeTestTask.execute(NodeTestTask.java:95) ~[junit-platform-engine-1.8.2.jar:1.8.2]
	at java.util.ArrayList.forEach(ArrayList.java:1257) ~[na:1.8.0_202]
	at org.junit.platform.engine.support.hierarchical.SameThreadHierarchicalTestExecutorService.invokeAll(SameThreadHierarchicalTestExecutorService.java:41) ~[junit-platform-engine-1.8.2.jar:1.8.2]
	at org.junit.platform.engine.support.hierarchical.NodeTestTask.lambda$executeRecursively$6(NodeTestTask.java:155) ~[junit-platform-engine-1.8.2.jar:1.8.2]
	at org.junit.platform.engine.support.hierarchical.ThrowableCollector.execute(ThrowableCollector.java:73) ~[junit-platform-engine-1.8.2.jar:1.8.2]
	at org.junit.platform.engine.support.hierarchical.NodeTestTask.lambda$executeRecursively$8(NodeTestTask.java:141) ~[junit-platform-engine-1.8.2.jar:1.8.2]
	at org.junit.platform.engine.support.hierarchical.Node.around(Node.java:137) ~[junit-platform-engine-1.8.2.jar:1.8.2]
	at org.junit.platform.engine.support.hierarchical.NodeTestTask.lambda$executeRecursively$9(NodeTestTask.java:139) ~[junit-platform-engine-1.8.2.jar:1.8.2]
	at org.junit.platform.engine.support.hierarchical.ThrowableCollector.execute(ThrowableCollector.java:73) ~[junit-platform-engine-1.8.2.jar:1.8.2]
	at org.junit.platform.engine.support.hierarchical.NodeTestTask.executeRecursively(NodeTestTask.java:138) ~[junit-platform-engine-1.8.2.jar:1.8.2]
	at org.junit.platform.engine.support.hierarchical.NodeTestTask.execute(NodeTestTask.java:95) ~[junit-platform-engine-1.8.2.jar:1.8.2]
	at org.junit.platform.engine.support.hierarchical.SameThreadHierarchicalTestExecutorService.submit(SameThreadHierarchicalTestExecutorService.java:35) ~[junit-platform-engine-1.8.2.jar:1.8.2]
	at org.junit.platform.engine.support.hierarchical.HierarchicalTestExecutor.execute(HierarchicalTestExecutor.java:57) ~[junit-platform-engine-1.8.2.jar:1.8.2]
	at org.junit.platform.engine.support.hierarchical.HierarchicalTestEngine.execute(HierarchicalTestEngine.java:54) ~[junit-platform-engine-1.8.2.jar:1.8.2]
	at org.junit.platform.launcher.core.DefaultLauncher.execute(DefaultLauncher.java:220) ~[junit-platform-launcher-1.3.1.jar:1.3.1]
	at org.junit.platform.launcher.core.DefaultLauncher.lambda$execute$6(DefaultLauncher.java:188) ~[junit-platform-launcher-1.3.1.jar:1.3.1]
	at org.junit.platform.launcher.core.DefaultLauncher.withInterceptedStreams(DefaultLauncher.java:202) ~[junit-platform-launcher-1.3.1.jar:1.3.1]
	at org.junit.platform.launcher.core.DefaultLauncher.execute(DefaultLauncher.java:181) ~[junit-platform-launcher-1.3.1.jar:1.3.1]
	at org.junit.platform.launcher.core.DefaultLauncher.execute(DefaultLauncher.java:128) ~[junit-platform-launcher-1.3.1.jar:1.3.1]
	at org.apache.maven.surefire.junitplatform.JUnitPlatformProvider.invokeAllTests(JUnitPlatformProvider.java:150) ~[surefire-junit-platform-2.22.2.jar:2.22.2]
	at org.apache.maven.surefire.junitplatform.JUnitPlatformProvider.invoke(JUnitPlatformProvider.java:124) ~[surefire-junit-platform-2.22.2.jar:2.22.2]
	at org.apache.maven.surefire.booter.ForkedBooter.invokeProviderInSameClassLoader(ForkedBooter.java:384) ~[surefire-booter-2.22.2.jar:2.22.2]
	at org.apache.maven.surefire.booter.ForkedBooter.runSuitesInProcess(ForkedBooter.java:345) ~[surefire-booter-2.22.2.jar:2.22.2]
	at org.apache.maven.surefire.booter.ForkedBooter.execute(ForkedBooter.java:126) ~[surefire-booter-2.22.2.jar:2.22.2]
	at org.apache.maven.surefire.booter.ForkedBooter.main(ForkedBooter.java:418) ~[surefire-booter-2.22.2.jar:2.22.2]
Caused by: com.alibaba.nacos.api.exception.NacosException: Request nacos server failed: 
	at com.alibaba.nacos.client.naming.remote.gprc.NamingGrpcClientProxy.requestToServer(NamingGrpcClientProxy.java:288) ~[nacos-client-2.1.0.jar:na]
	at com.alibaba.nacos.client.naming.remote.gprc.NamingGrpcClientProxy.doDeregisterService(NamingGrpcClientProxy.java:152) ~[nacos-client-2.1.0.jar:na]
	at com.alibaba.nacos.client.naming.remote.gprc.NamingGrpcClientProxy.deregisterService(NamingGrpcClientProxy.java:138) ~[nacos-client-2.1.0.jar:na]
	at com.alibaba.nacos.client.naming.remote.NamingClientProxyDelegate.deregisterService(NamingClientProxyDelegate.java:99) ~[nacos-client-2.1.0.jar:na]
	at com.alibaba.nacos.client.naming.NacosNamingService.deregisterInstance(NacosNamingService.java:180) ~[nacos-client-2.1.0.jar:na]
	at com.alibaba.nacos.client.naming.NacosNamingService.deregisterInstance(NacosNamingService.java:170) ~[nacos-client-2.1.0.jar:na]
	at com.alibaba.nacos.client.naming.NacosNamingService.deregisterInstance(NacosNamingService.java:155) ~[nacos-client-2.1.0.jar:na]
	at org.apache.dubbo.registry.nacos.NacosNamingServiceWrapper.deregisterInstance(NacosNamingServiceWrapper.java:63) ~[dubbo-3.0.9.jar:3.0.9]
	at org.apache.dubbo.registry.nacos.NacosRegistry.doUnregister(NacosRegistry.java:195) ~[dubbo-3.0.9.jar:3.0.9]
	... 93 common frames omitted
Caused by: com.alibaba.nacos.api.exception.NacosException: Client not connected, current status:STARTING
	at com.alibaba.nacos.common.remote.client.RpcClient.request(RpcClient.java:651) ~[nacos-client-2.1.0.jar:na]
	at com.alibaba.nacos.common.remote.client.RpcClient.request(RpcClient.java:631) ~[nacos-client-2.1.0.jar:na]
	at com.alibaba.nacos.client.naming.remote.gprc.NamingGrpcClientProxy.requestToServer(NamingGrpcClientProxy.java:278) ~[nacos-client-2.1.0.jar:na]
	... 101 common frames omitted

2023-10-15 16:19:40.130  INFO 19020 --- [           main] o.a.dubbo.registry.nacos.NacosRegistry   :  [DUBBO] Destroy unregister url consumer://192.168.1.107/com.yupi.service.InnerUserService?application=dubbo-springboot-demo-provider&background=false&category=consumers&check=false&dubbo=2.0.2&interface=com.yupi.service.InnerUserService&methods=getUser&pid=19020&release=3.0.9&revision=0.0.1-SNAPSHOT&side=consumer&sticky=false&timestamp=1697357939843, dubbo version: 3.0.9, current host: 192.168.1.107
2023-10-15 16:19:40.130  INFO 19020 --- [           main] o.a.dubbo.registry.nacos.NacosRegistry   :  [DUBBO] Unsubscribe: consumer://192.168.1.107/com.yupi.service.InnerUserService?application=dubbo-springboot-demo-provider&background=false&category=providers,configurators,routers&dubbo=2.0.2&interface=com.yupi.service.InnerUserService&methods=getUser&pid=19020&release=3.0.9&revision=0.0.1-SNAPSHOT&side=consumer&sticky=false&timestamp=1697357939843, dubbo version: 3.0.9, current host: 192.168.1.107
2023-10-15 16:19:40.130  INFO 19020 --- [           main] o.a.dubbo.registry.nacos.NacosRegistry   :  [DUBBO] Destroy unsubscribe url consumer://192.168.1.107/com.yupi.service.InnerUserService?application=dubbo-springboot-demo-provider&background=false&category=providers,configurators,routers&dubbo=2.0.2&interface=com.yupi.service.InnerUserService&methods=getUser&pid=19020&release=3.0.9&revision=0.0.1-SNAPSHOT&side=consumer&sticky=false&timestamp=1697357939843, dubbo version: 3.0.9, current host: 192.168.1.107
2023-10-15 16:19:40.131  INFO 19020 --- [           main] o.a.dubbo.registry.nacos.NacosRegistry   :  [DUBBO] Unsubscribe: provider://192.168.1.107:20880/org.apache.dubbo.metadata.MetadataService?anyhost=true&application=dubbo-springboot-demo-provider&background=false&bind.ip=192.168.1.107&bind.port=20880&category=configurators&check=false&connections=1&corethreads=2&delay=0&deprecated=false&dubbo=2.0.2&dynamic=true&executes=100&generic=false&getAndListenInstanceMetadata.1.callback=true&getAndListenInstanceMetadata.return=true&getAndListenInstanceMetadata.sent=true&group=dubbo-springboot-demo-provider&interface=org.apache.dubbo.metadata.MetadataService&methods=getMetadataURL,isMetadataService,getAndListenInstanceMetadata,getExportedURLs,serviceName,version,getSubscribedURLs,getExportedServiceURLs,exportInstanceMetadata,getMetadataInfo,toSortedStrings,getMetadataInfos,getServiceDefinition,getInstanceMetadataChangedListenerMap&pid=19020&register=false&release=3.0.9&revision=3.0.9&service-name-mapping=true&side=provider&threadpool=cached&threads=100&timestamp=1697357977796&version=1.0.0, dubbo version: 3.0.9, current host: 192.168.1.107
2023-10-15 16:19:40.131  INFO 19020 --- [           main] o.a.dubbo.registry.nacos.NacosRegistry   :  [DUBBO] Destroy unsubscribe url provider://192.168.1.107:20880/org.apache.dubbo.metadata.MetadataService?anyhost=true&application=dubbo-springboot-demo-provider&background=false&bind.ip=192.168.1.107&bind.port=20880&category=configurators&check=false&connections=1&corethreads=2&delay=0&deprecated=false&dubbo=2.0.2&dynamic=true&executes=100&generic=false&getAndListenInstanceMetadata.1.callback=true&getAndListenInstanceMetadata.return=true&getAndListenInstanceMetadata.sent=true&group=dubbo-springboot-demo-provider&interface=org.apache.dubbo.metadata.MetadataService&methods=getMetadataURL,isMetadataService,getAndListenInstanceMetadata,getExportedURLs,serviceName,version,getSubscribedURLs,getExportedServiceURLs,exportInstanceMetadata,getMetadataInfo,toSortedStrings,getMetadataInfos,getServiceDefinition,getInstanceMetadataChangedListenerMap&pid=19020&register=false&release=3.0.9&revision=3.0.9&service-name-mapping=true&side=provider&threadpool=cached&threads=100&timestamp=1697357977796&version=1.0.0, dubbo version: 3.0.9, current host: 192.168.1.107
2023-10-15 16:19:40.131  INFO 19020 --- [           main] o.a.d.rpc.protocol.dubbo.DubboProtocol   :  [DUBBO] Destroying protocol [DubboProtocol] ..., dubbo version: 3.0.9, current host: 192.168.1.107
2023-10-15 16:19:40.131  INFO 19020 --- [           main] o.a.d.rpc.protocol.dubbo.DubboProtocol   :  [DUBBO] Closing dubbo server: /192.168.1.107:20880, dubbo version: 3.0.9, current host: 192.168.1.107
2023-10-15 16:19:40.131  INFO 19020 --- [           main] o.a.d.remoting.transport.AbstractServer  :  [DUBBO] Close NettyServer bind /0.0.0.0:20880, export /192.168.1.107:20880, dubbo version: 3.0.9, current host: 192.168.1.107
2023-10-15 16:19:40.241 ERROR 19020 --- [aming.updater.1] com.alibaba.nacos.common.remote.client   : Send request fail, request = ServiceQueryRequest{headers={app=unknown}, requestId='null'}, retryTimes = 0, errorMessage = Client not connected, current status:STARTING
2023-10-15 16:19:40.351 ERROR 19020 --- [aming.updater.1] com.alibaba.nacos.common.remote.client   : Send request fail, request = ServiceQueryRequest{headers={app=unknown}, requestId='null'}, retryTimes = 1, errorMessage = Client not connected, current status:STARTING
2023-10-15 16:19:40.461 ERROR 19020 --- [aming.updater.1] com.alibaba.nacos.common.remote.client   : Send request fail, request = ServiceQueryRequest{headers={app=unknown}, requestId='null'}, retryTimes = 2, errorMessage = Client not connected, current status:STARTING
2023-10-15 16:19:40.461  WARN 19020 --- [aming.updater.1] com.alibaba.nacos.client.naming          : [NA] failed to update serviceName: DEFAULT_GROUP@@providers:org.apache.dubbo.metadata.MetadataService:1.0.0:dubbo-springboot-demo-provider

com.alibaba.nacos.api.exception.NacosException: Request nacos server failed: 
	at com.alibaba.nacos.client.naming.remote.gprc.NamingGrpcClientProxy.requestToServer(NamingGrpcClientProxy.java:288) ~[nacos-client-2.1.0.jar:na]
	at com.alibaba.nacos.client.naming.remote.gprc.NamingGrpcClientProxy.queryInstancesOfService(NamingGrpcClientProxy.java:168) ~[nacos-client-2.1.0.jar:na]
	at com.alibaba.nacos.client.naming.remote.NamingClientProxyDelegate.queryInstancesOfService(NamingClientProxyDelegate.java:110) ~[nacos-client-2.1.0.jar:na]
	at com.alibaba.nacos.client.naming.core.ServiceInfoUpdateService$UpdateTask.run(ServiceInfoUpdateService.java:178) ~[nacos-client-2.1.0.jar:na]
	at java.util.concurrent.Executors$RunnableAdapter.call(Executors.java:511) [na:1.8.0_202]
	at java.util.concurrent.FutureTask.run(FutureTask.java:266) [na:1.8.0_202]
	at java.util.concurrent.ScheduledThreadPoolExecutor$ScheduledFutureTask.access$201(ScheduledThreadPoolExecutor.java:180) [na:1.8.0_202]
	at java.util.concurrent.ScheduledThreadPoolExecutor$ScheduledFutureTask.run(ScheduledThreadPoolExecutor.java:293) [na:1.8.0_202]
	at java.util.concurrent.ThreadPoolExecutor.runWorker(ThreadPoolExecutor.java:1149) [na:1.8.0_202]
	at java.util.concurrent.ThreadPoolExecutor$Worker.run(ThreadPoolExecutor.java:624) [na:1.8.0_202]
	at java.lang.Thread.run(Thread.java:748) [na:1.8.0_202]
Caused by: com.alibaba.nacos.api.exception.NacosException: Client not connected, current status:STARTING
	at com.alibaba.nacos.common.remote.client.RpcClient.request(RpcClient.java:651) ~[nacos-client-2.1.0.jar:na]
	at com.alibaba.nacos.common.remote.client.RpcClient.request(RpcClient.java:631) ~[nacos-client-2.1.0.jar:na]
	at com.alibaba.nacos.client.naming.remote.gprc.NamingGrpcClientProxy.requestToServer(NamingGrpcClientProxy.java:278) ~[nacos-client-2.1.0.jar:na]
	... 10 common frames omitted

2023-10-15 16:19:41.025 ERROR 19020 --- [t.remote.worker] c.a.n.c.remote.client.grpc.GrpcClient    : Server check fail, please check server localhost ,port 9848 is available , error ={}

java.util.concurrent.TimeoutException: Waited 3000 milliseconds (plus 5 milliseconds, 664100 nanoseconds delay) for com.alibaba.nacos.shaded.io.grpc.stub.ClientCalls$GrpcFuture@b289c71[status=PENDING, info=[GrpcFuture{clientCall={delegate={delegate=ClientCallImpl{method=MethodDescriptor{fullMethodName=Request/request, type=UNARY, idempotent=false, safe=false, sampledToLocalTracing=true, requestMarshaller=com.alibaba.nacos.shaded.io.grpc.protobuf.lite.ProtoLiteUtils$MessageMarshaller@25a94b55, responseMarshaller=com.alibaba.nacos.shaded.io.grpc.protobuf.lite.ProtoLiteUtils$MessageMarshaller@6adc5b9c, schemaDescriptor=com.alibaba.nacos.api.grpc.auto.RequestGrpc$RequestMethodDescriptorSupplier@19c1820d}}}}}]]
	at com.alibaba.nacos.shaded.com.google.common.util.concurrent.AbstractFuture.get(AbstractFuture.java:508) ~[nacos-client-2.1.0.jar:na]
	at com.alibaba.nacos.common.remote.client.grpc.GrpcClient.serverCheck(GrpcClient.java:192) [nacos-client-2.1.0.jar:na]
	at com.alibaba.nacos.common.remote.client.grpc.GrpcClient.connectToServer(GrpcClient.java:302) [nacos-client-2.1.0.jar:na]
	at com.alibaba.nacos.common.remote.client.RpcClient.reconnect(RpcClient.java:521) [nacos-client-2.1.0.jar:na]
	at com.alibaba.nacos.common.remote.client.RpcClient.lambda$start$2(RpcClient.java:369) [nacos-client-2.1.0.jar:na]
	at java.util.concurrent.Executors$RunnableAdapter.call(Executors.java:511) ~[na:1.8.0_202]
	at java.util.concurrent.FutureTask.run(FutureTask.java:266) ~[na:1.8.0_202]
	at java.util.concurrent.ScheduledThreadPoolExecutor$ScheduledFutureTask.access$201(ScheduledThreadPoolExecutor.java:180) ~[na:1.8.0_202]
	at java.util.concurrent.ScheduledThreadPoolExecutor$ScheduledFutureTask.run(ScheduledThreadPoolExecutor.java:293) ~[na:1.8.0_202]
	at java.util.concurrent.ThreadPoolExecutor.runWorker(ThreadPoolExecutor.java:1149) ~[na:1.8.0_202]
	at java.util.concurrent.ThreadPoolExecutor$Worker.run(ThreadPoolExecutor.java:624) ~[na:1.8.0_202]
	at java.lang.Thread.run(Thread.java:748) ~[na:1.8.0_202]

2023-10-15 16:19:41.025  INFO 19020 --- [t.remote.worker] com.alibaba.nacos.common.remote.client   : [3f090fb1-55c6-4fe3-8377-8b3ac52cd4b0_config-0] Fail to connect server, after trying 11 times, last try server is {serverIp = 'localhost', server main port = 8848}, error = unknown
2023-10-15 16:19:41.973  WARN 19020 --- [ing.grpc.redo.0] com.alibaba.nacos.client.naming          : Grpc Connection is disconnect, skip current redo task
2023-10-15 16:19:42.224  INFO 19020 --- [           main] o.a.d.rpc.protocol.dubbo.DubboProtocol   :  [DUBBO] Close dubbo connect: 192.168.1.107:0-->192.168.1.107:20880, dubbo version: 3.0.9, current host: 192.168.1.107
2023-10-15 16:19:42.224  WARN 19020 --- [           main] o.a.d.r.p.d.ReferenceCountExchangeClient :  [DUBBO] 192.168.1.107:20880 com.yupi.service.InnerUserService safe guard client , should not be called ,must have a bug., dubbo version: 3.0.9, current host: 192.168.1.107
2023-10-15 16:19:42.224  INFO 19020 --- [           main] o.a.d.rpc.protocol.dubbo.DubboProtocol   :  [DUBBO] Unexport service: dubbo://192.168.1.107:20880/org.apache.dubbo.metadata.MetadataService?anyhost=true&application=dubbo-springboot-demo-provider&background=false&bind.ip=192.168.1.107&bind.port=20880&connections=1&corethreads=2&delay=0&deprecated=false&dubbo=2.0.2&dynamic=true&executes=100&generic=false&getAndListenInstanceMetadata.1.callback=true&getAndListenInstanceMetadata.return=true&getAndListenInstanceMetadata.sent=true&group=dubbo-springboot-demo-provider&interface=org.apache.dubbo.metadata.MetadataService&methods=getMetadataURL,isMetadataService,getAndListenInstanceMetadata,getExportedURLs,serviceName,version,getSubscribedURLs,getExportedServiceURLs,exportInstanceMetadata,getMetadataInfo,toSortedStrings,getMetadataInfos,getServiceDefinition,getInstanceMetadataChangedListenerMap&pid=19020&register=false&release=3.0.9&revision=3.0.9&service-name-mapping=true&side=provider&threadpool=cached&threads=100&timestamp=1697357977796&version=1.0.0, dubbo version: 3.0.9, current host: 192.168.1.107
2023-10-15 16:19:42.224  INFO 19020 --- [           main] o.a.d.rpc.protocol.injvm.InjvmProtocol   :  [DUBBO] Unexport service: injvm://127.0.0.1/org.apache.dubbo.metadata.MetadataService?anyhost=true&application=dubbo-springboot-demo-provider&background=false&bind.ip=192.168.1.107&bind.port=20880&connections=1&corethreads=2&delay=0&deprecated=false&dubbo=2.0.2&dynamic=true&executes=100&generic=false&getAndListenInstanceMetadata.1.callback=true&getAndListenInstanceMetadata.return=true&getAndListenInstanceMetadata.sent=true&group=dubbo-springboot-demo-provider&interface=org.apache.dubbo.metadata.MetadataService&methods=getMetadataURL,isMetadataService,getAndListenInstanceMetadata,getExportedURLs,serviceName,version,getSubscribedURLs,getExportedServiceURLs,exportInstanceMetadata,getMetadataInfo,toSortedStrings,getMetadataInfos,getServiceDefinition,getInstanceMetadataChangedListenerMap&pid=19020&register=false&release=3.0.9&revision=3.0.9&side=provider&threadpool=cached&threads=100&timestamp=1697357977796&version=1.0.0, dubbo version: 3.0.9, current host: 192.168.1.107
2023-10-15 16:19:42.224  WARN 19020 --- [           main] o.a.d.registry.support.RegistryManager   :  [DUBBO] All registry instances have been destroyed, failed to fetch any instance. Usually, this means no need to try to do unnecessary redundant resource clearance, all registries has been taken care of., dubbo version: 3.0.9, current host: 192.168.1.107
2023-10-15 16:19:42.224  INFO 19020 --- [           main] org.apache.dubbo.qos.server.Server       :  [DUBBO] qos-server stopped., dubbo version: 3.0.9, current host: 192.168.1.107
2023-10-15 16:19:42.226  WARN 19020 --- [           main] o.a.d.registry.support.RegistryManager   :  [DUBBO] All registry instances have been destroyed, failed to fetch any instance. Usually, this means no need to try to do unnecessary redundant resource clearance, all registries has been taken care of., dubbo version: 3.0.9, current host: 192.168.1.107
2023-10-15 16:19:42.226  INFO 19020 --- [           main] org.apache.dubbo.qos.server.Server       :  [DUBBO] qos-server stopped., dubbo version: 3.0.9, current host: 192.168.1.107
2023-10-15 16:19:42.226  INFO 19020 --- [           main] o.a.d.c.deploy.DefaultModuleDeployer     :  [DUBBO] Dubbo Module[2.1.0] is stopping., dubbo version: 3.0.9, current host: 192.168.1.107
2023-10-15 16:19:42.226  WARN 19020 --- [           main] o.a.d.registry.support.RegistryManager   :  [DUBBO] All registry instances have been destroyed, failed to fetch any instance. Usually, this means no need to try to do unnecessary redundant resource clearance, all registries has been taken care of., dubbo version: 3.0.9, current host: 192.168.1.107
2023-10-15 16:19:42.226  WARN 19020 --- [           main] o.a.d.registry.support.RegistryManager   :  [DUBBO] All registry instances have been destroyed, failed to fetch any instance. Usually, this means no need to try to do unnecessary redundant resource clearance, all registries has been taken care of., dubbo version: 3.0.9, current host: 192.168.1.107
2023-10-15 16:19:42.226  INFO 19020 --- [           main] o.a.d.c.deploy.DefaultModuleDeployer     :  [DUBBO] Dubbo Module[2.1.0] has stopped., dubbo version: 3.0.9, current host: 192.168.1.107
2023-10-15 16:19:42.226  INFO 19020 --- [           main] o.a.d.c.t.m.DefaultExecutorRepository    :  [DUBBO] destroying application executor repository .., dubbo version: 3.0.9, current host: 192.168.1.107
2023-10-15 16:19:42.226  INFO 19020 --- [           main] o.a.d.c.d.DefaultApplicationDeployer     :  [DUBBO] Dubbo Application[2.1](dubbo-springboot-demo-provider) has stopped., dubbo version: 3.0.9, current host: 192.168.1.107
2023-10-15 16:19:42.226  INFO 19020 --- [           main] c.a.n.client.config.impl.ClientWorker    : com.alibaba.nacos.client.config.impl.ClientWorker do shutdown begin
2023-10-15 16:19:42.227  INFO 19020 --- [           main] c.a.n.c.a.r.identify.CredentialWatcher   : [null] CredentialWatcher is stopped
2023-10-15 16:19:42.227  INFO 19020 --- [           main] c.a.n.c.a.r.identify.CredentialService   : [null] CredentialService is freed
2023-10-15 16:19:42.227  INFO 19020 --- [           main] c.a.n.client.config.impl.ClientWorker    : Trying to shutdown transport client com.alibaba.nacos.client.config.impl.ClientWorker$ConfigRpcTransportClient@264576e4
2023-10-15 16:19:42.227  INFO 19020 --- [           main] c.a.n.client.config.impl.ClientWorker    : Trying to shutdown rpc client 3f090fb1-55c6-4fe3-8377-8b3ac52cd4b0_config-0
2023-10-15 16:19:42.227  INFO 19020 --- [           main] com.alibaba.nacos.common.remote.client   : Shutdown rpc client, set status to shutdown
2023-10-15 16:19:42.227  INFO 19020 --- [           main] com.alibaba.nacos.common.remote.client   : Shutdown client event executor java.util.concurrent.ScheduledThreadPoolExecutor@86bf90b[Running, pool size = 2, active threads = 2, queued tasks = 0, completed tasks = 0]
2023-10-15 16:19:42.227  INFO 19020 --- [           main] c.a.n.c.remote.client.grpc.GrpcClient    : Shutdown grpc executor java.util.concurrent.ThreadPoolExecutor@5c13af01[Running, pool size = 3, active threads = 0, queued tasks = 0, completed tasks = 15]
2023-10-15 16:19:42.227  INFO 19020 --- [           main] c.a.n.client.config.impl.ClientWorker    : Remove rpc client 3f090fb1-55c6-4fe3-8377-8b3ac52cd4b0_config-0
2023-10-15 16:19:42.227  INFO 19020 --- [           main] c.a.n.client.config.impl.ClientWorker    : Shutdown executor java.util.concurrent.ScheduledThreadPoolExecutor@4aba7617[Running, pool size = 8, active threads = 1, queued tasks = 1, completed tasks = 11]
2023-10-15 16:19:42.227  INFO 19020 --- [t.remote.worker] com.alibaba.nacos.common.remote.client   : [3f090fb1-55c6-4fe3-8377-8b3ac52cd4b0_config-0] Client is shutdown, stop reconnect to server
2023-10-15 16:19:42.227  INFO 19020 --- [           main] c.a.n.client.config.impl.ClientWorker    : com.alibaba.nacos.client.config.impl.ClientWorker do shutdown stop
2023-10-15 16:19:42.227  INFO 19020 --- [           main] o.apache.dubbo.rpc.model.FrameworkModel  :  [DUBBO] Destroying default framework model: Dubbo Framework[2], dubbo version: 3.0.9, current host: 192.168.1.107
2023-10-15 16:19:42.227  INFO 19020 --- [           main] o.apache.dubbo.rpc.model.FrameworkModel  :  [DUBBO] Dubbo Framework[2] is destroying ..., dubbo version: 3.0.9, current host: 192.168.1.107
2023-10-15 16:19:42.227  INFO 19020 --- [           main] o.a.d.c.d.DefaultApplicationDeployer     :  [DUBBO] Dubbo Application[2.0](DUBBO_INTERNAL_APPLICATION) is stopping., dubbo version: 3.0.9, current host: 192.168.1.107
2023-10-15 16:19:42.227  INFO 19020 --- [           main] o.a.d.registry.support.RegistryManager   :  [DUBBO] Close all registries [], dubbo version: 3.0.9, current host: 192.168.1.107
2023-10-15 16:19:42.227  INFO 19020 --- [           main] o.a.d.c.deploy.DefaultModuleDeployer     :  [DUBBO] Dubbo Module[2.0.0] is stopping., dubbo version: 3.0.9, current host: 192.168.1.107
2023-10-15 16:19:42.227  INFO 19020 --- [           main] o.a.d.c.deploy.DefaultModuleDeployer     :  [DUBBO] Dubbo Module[2.0.0] has stopped., dubbo version: 3.0.9, current host: 192.168.1.107
2023-10-15 16:19:42.227  INFO 19020 --- [           main] o.a.d.c.t.m.DefaultExecutorRepository    :  [DUBBO] destroying application executor repository .., dubbo version: 3.0.9, current host: 192.168.1.107
2023-10-15 16:19:42.227  INFO 19020 --- [           main] o.a.d.c.d.DefaultApplicationDeployer     :  [DUBBO] Dubbo Application[2.0](DUBBO_INTERNAL_APPLICATION) has stopped., dubbo version: 3.0.9, current host: 192.168.1.107
2023-10-15 16:19:42.227  INFO 19020 --- [           main] o.apache.dubbo.rpc.model.FrameworkModel  :  [DUBBO] Dubbo Framework[2] is destroyed, dubbo version: 3.0.9, current host: 192.168.1.107
2023-10-15 16:19:42.227  INFO 19020 --- [           main] o.apache.dubbo.rpc.model.FrameworkModel  :  [DUBBO] Reset global default framework from Dubbo Framework[2] to null, dubbo version: 3.0.9, current host: 192.168.1.107
2023-10-15 16:19:42.227  INFO 19020 --- [           main] o.a.d.c.r.GlobalResourcesRepository      :  [DUBBO] Destroying global resources ..., dubbo version: 3.0.9, current host: 192.168.1.107
2023-10-15 16:19:42.228  INFO 19020 --- [           main] o.a.d.c.r.GlobalResourcesRepository      :  [DUBBO] Dubbo is completely destroyed, dubbo version: 3.0.9, current host: 192.168.1.107
2023-10-15 16:19:42.228  INFO 19020 --- [           main] o.a.d.c.t.m.FrameworkExecutorRepository  :  [DUBBO] destroying framework executor repository .., dubbo version: 3.0.9, current host: 192.168.1.107
2023-10-15 16:19:42.229  INFO 19020 --- [           main] o.a.d.c.s.c.DubboSpringInitializer       :  [DUBBO] Unbind Dubbo Module[2.1.1] from spring container: org.springframework.beans.factory.support.DefaultListableBeanFactory@46591e98, dubbo version: 3.0.9, current host: 192.168.1.107
2023-10-15 16:19:42.230 ERROR 19020 --- [           main] o.s.test.context.TestContextManager      : Caught exception while allowing TestExecutionListener [org.springframework.boot.test.autoconfigure.SpringBootDependencyInjectionTestExecutionListener@1b1cfb87] to prepare test instance [com.yupi.ApiGatewayApplicationTests@415b0b49]

java.lang.IllegalStateException: Failed to load ApplicationContext
	at org.springframework.test.context.cache.DefaultCacheAwareContextLoaderDelegate.loadContext(DefaultCacheAwareContextLoaderDelegate.java:132) ~[spring-test-5.3.20.jar:5.3.20]
	at org.springframework.test.context.support.DefaultTestContext.getApplicationContext(DefaultTestContext.java:124) ~[spring-test-5.3.20.jar:5.3.20]
	at org.springframework.test.context.support.DependencyInjectionTestExecutionListener.injectDependencies(DependencyInjectionTestExecutionListener.java:118) ~[spring-test-5.3.20.jar:5.3.20]
	at org.springframework.test.context.support.DependencyInjectionTestExecutionListener.prepareTestInstance(DependencyInjectionTestExecutionListener.java:83) ~[spring-test-5.3.20.jar:5.3.20]
	at org.springframework.boot.test.autoconfigure.SpringBootDependencyInjectionTestExecutionListener.prepareTestInstance(SpringBootDependencyInjectionTestExecutionListener.java:43) ~[spring-boot-test-autoconfigure-2.7.0.jar:2.7.0]
	at org.springframework.test.context.TestContextManager.prepareTestInstance(TestContextManager.java:248) ~[spring-test-5.3.20.jar:5.3.20]
	at org.springframework.test.context.junit.jupiter.SpringExtension.postProcessTestInstance(SpringExtension.java:138) [spring-test-5.3.20.jar:5.3.20]
	at org.junit.jupiter.engine.descriptor.ClassBasedTestDescriptor.lambda$invokeTestInstancePostProcessors$8(ClassBasedTestDescriptor.java:363) [junit-jupiter-engine-5.8.2.jar:5.8.2]
	at org.junit.jupiter.engine.descriptor.ClassBasedTestDescriptor.executeAndMaskThrowable(ClassBasedTestDescriptor.java:368) [junit-jupiter-engine-5.8.2.jar:5.8.2]
	at org.junit.jupiter.engine.descriptor.ClassBasedTestDescriptor.lambda$invokeTestInstancePostProcessors$9(ClassBasedTestDescriptor.java:363) [junit-jupiter-engine-5.8.2.jar:5.8.2]
	at java.util.stream.ReferencePipeline$3$1.accept(ReferencePipeline.java:193) ~[na:1.8.0_202]
	at java.util.stream.ReferencePipeline$2$1.accept(ReferencePipeline.java:175) ~[na:1.8.0_202]
	at java.util.ArrayList$ArrayListSpliterator.forEachRemaining(ArrayList.java:1382) ~[na:1.8.0_202]
	at java.util.stream.AbstractPipeline.copyInto(AbstractPipeline.java:481) ~[na:1.8.0_202]
	at java.util.stream.AbstractPipeline.wrapAndCopyInto(AbstractPipeline.java:471) ~[na:1.8.0_202]
	at java.util.stream.StreamSpliterators$WrappingSpliterator.forEachRemaining(StreamSpliterators.java:312) ~[na:1.8.0_202]
	at java.util.stream.Streams$ConcatSpliterator.forEachRemaining(Streams.java:743) ~[na:1.8.0_202]
	at java.util.stream.Streams$ConcatSpliterator.forEachRemaining(Streams.java:742) ~[na:1.8.0_202]
	at java.util.stream.ReferencePipeline$Head.forEach(ReferencePipeline.java:580) ~[na:1.8.0_202]
	at org.junit.jupiter.engine.descriptor.ClassBasedTestDescriptor.invokeTestInstancePostProcessors(ClassBasedTestDescriptor.java:362) [junit-jupiter-engine-5.8.2.jar:5.8.2]
	at org.junit.jupiter.engine.descriptor.ClassBasedTestDescriptor.lambda$instantiateAndPostProcessTestInstance$6(ClassBasedTestDescriptor.java:283) [junit-jupiter-engine-5.8.2.jar:5.8.2]
	at org.junit.platform.engine.support.hierarchical.ThrowableCollector.execute(ThrowableCollector.java:73) ~[junit-platform-engine-1.8.2.jar:1.8.2]
	at org.junit.jupiter.engine.descriptor.ClassBasedTestDescriptor.instantiateAndPostProcessTestInstance(ClassBasedTestDescriptor.java:282) [junit-jupiter-engine-5.8.2.jar:5.8.2]
	at org.junit.jupiter.engine.descriptor.ClassBasedTestDescriptor.lambda$testInstancesProvider$4(ClassBasedTestDescriptor.java:272) [junit-jupiter-engine-5.8.2.jar:5.8.2]
	at java.util.Optional.orElseGet(Optional.java:267) ~[na:1.8.0_202]
	at org.junit.jupiter.engine.descriptor.ClassBasedTestDescriptor.lambda$testInstancesProvider$5(ClassBasedTestDescriptor.java:271) [junit-jupiter-engine-5.8.2.jar:5.8.2]
	at org.junit.jupiter.engine.execution.TestInstancesProvider.getTestInstances(TestInstancesProvider.java:31) ~[junit-jupiter-engine-5.8.2.jar:5.8.2]
	at org.junit.jupiter.engine.descriptor.TestMethodTestDescriptor.lambda$prepare$0(TestMethodTestDescriptor.java:102) ~[junit-jupiter-engine-5.8.2.jar:5.8.2]
	at org.junit.platform.engine.support.hierarchical.ThrowableCollector.execute(ThrowableCollector.java:73) ~[junit-platform-engine-1.8.2.jar:1.8.2]
	at org.junit.jupiter.engine.descriptor.TestMethodTestDescriptor.prepare(TestMethodTestDescriptor.java:101) ~[junit-jupiter-engine-5.8.2.jar:5.8.2]
	at org.junit.jupiter.engine.descriptor.TestMethodTestDescriptor.prepare(TestMethodTestDescriptor.java:66) ~[junit-jupiter-engine-5.8.2.jar:5.8.2]
	at org.junit.platform.engine.support.hierarchical.NodeTestTask.lambda$prepare$2(NodeTestTask.java:123) ~[junit-platform-engine-1.8.2.jar:1.8.2]
	at org.junit.platform.engine.support.hierarchical.ThrowableCollector.execute(ThrowableCollector.java:73) ~[junit-platform-engine-1.8.2.jar:1.8.2]
	at org.junit.platform.engine.support.hierarchical.NodeTestTask.prepare(NodeTestTask.java:123) ~[junit-platform-engine-1.8.2.jar:1.8.2]
	at org.junit.platform.engine.support.hierarchical.NodeTestTask.execute(NodeTestTask.java:90) ~[junit-platform-engine-1.8.2.jar:1.8.2]
	at java.util.ArrayList.forEach(ArrayList.java:1257) ~[na:1.8.0_202]
	at org.junit.platform.engine.support.hierarchical.SameThreadHierarchicalTestExecutorService.invokeAll(SameThreadHierarchicalTestExecutorService.java:41) ~[junit-platform-engine-1.8.2.jar:1.8.2]
	at org.junit.platform.engine.support.hierarchical.NodeTestTask.lambda$executeRecursively$6(NodeTestTask.java:155) ~[junit-platform-engine-1.8.2.jar:1.8.2]
	at org.junit.platform.engine.support.hierarchical.ThrowableCollector.execute(ThrowableCollector.java:73) ~[junit-platform-engine-1.8.2.jar:1.8.2]
	at org.junit.platform.engine.support.hierarchical.NodeTestTask.lambda$executeRecursively$8(NodeTestTask.java:141) ~[junit-platform-engine-1.8.2.jar:1.8.2]
	at org.junit.platform.engine.support.hierarchical.Node.around(Node.java:137) ~[junit-platform-engine-1.8.2.jar:1.8.2]
	at org.junit.platform.engine.support.hierarchical.NodeTestTask.lambda$executeRecursively$9(NodeTestTask.java:139) ~[junit-platform-engine-1.8.2.jar:1.8.2]
	at org.junit.platform.engine.support.hierarchical.ThrowableCollector.execute(ThrowableCollector.java:73) ~[junit-platform-engine-1.8.2.jar:1.8.2]
	at org.junit.platform.engine.support.hierarchical.NodeTestTask.executeRecursively(NodeTestTask.java:138) ~[junit-platform-engine-1.8.2.jar:1.8.2]
	at org.junit.platform.engine.support.hierarchical.NodeTestTask.execute(NodeTestTask.java:95) ~[junit-platform-engine-1.8.2.jar:1.8.2]
	at java.util.ArrayList.forEach(ArrayList.java:1257) ~[na:1.8.0_202]
	at org.junit.platform.engine.support.hierarchical.SameThreadHierarchicalTestExecutorService.invokeAll(SameThreadHierarchicalTestExecutorService.java:41) ~[junit-platform-engine-1.8.2.jar:1.8.2]
	at org.junit.platform.engine.support.hierarchical.NodeTestTask.lambda$executeRecursively$6(NodeTestTask.java:155) ~[junit-platform-engine-1.8.2.jar:1.8.2]
	at org.junit.platform.engine.support.hierarchical.ThrowableCollector.execute(ThrowableCollector.java:73) ~[junit-platform-engine-1.8.2.jar:1.8.2]
	at org.junit.platform.engine.support.hierarchical.NodeTestTask.lambda$executeRecursively$8(NodeTestTask.java:141) ~[junit-platform-engine-1.8.2.jar:1.8.2]
	at org.junit.platform.engine.support.hierarchical.Node.around(Node.java:137) ~[junit-platform-engine-1.8.2.jar:1.8.2]
	at org.junit.platform.engine.support.hierarchical.NodeTestTask.lambda$executeRecursively$9(NodeTestTask.java:139) ~[junit-platform-engine-1.8.2.jar:1.8.2]
	at org.junit.platform.engine.support.hierarchical.ThrowableCollector.execute(ThrowableCollector.java:73) ~[junit-platform-engine-1.8.2.jar:1.8.2]
	at org.junit.platform.engine.support.hierarchical.NodeTestTask.executeRecursively(NodeTestTask.java:138) ~[junit-platform-engine-1.8.2.jar:1.8.2]
	at org.junit.platform.engine.support.hierarchical.NodeTestTask.execute(NodeTestTask.java:95) ~[junit-platform-engine-1.8.2.jar:1.8.2]
	at org.junit.platform.engine.support.hierarchical.SameThreadHierarchicalTestExecutorService.submit(SameThreadHierarchicalTestExecutorService.java:35) ~[junit-platform-engine-1.8.2.jar:1.8.2]
	at org.junit.platform.engine.support.hierarchical.HierarchicalTestExecutor.execute(HierarchicalTestExecutor.java:57) ~[junit-platform-engine-1.8.2.jar:1.8.2]
	at org.junit.platform.engine.support.hierarchical.HierarchicalTestEngine.execute(HierarchicalTestEngine.java:54) ~[junit-platform-engine-1.8.2.jar:1.8.2]
	at org.junit.platform.launcher.core.DefaultLauncher.execute(DefaultLauncher.java:220) ~[junit-platform-launcher-1.3.1.jar:1.3.1]
	at org.junit.platform.launcher.core.DefaultLauncher.lambda$execute$6(DefaultLauncher.java:188) ~[junit-platform-launcher-1.3.1.jar:1.3.1]
	at org.junit.platform.launcher.core.DefaultLauncher.withInterceptedStreams(DefaultLauncher.java:202) ~[junit-platform-launcher-1.3.1.jar:1.3.1]
	at org.junit.platform.launcher.core.DefaultLauncher.execute(DefaultLauncher.java:181) ~[junit-platform-launcher-1.3.1.jar:1.3.1]
	at org.junit.platform.launcher.core.DefaultLauncher.execute(DefaultLauncher.java:128) ~[junit-platform-launcher-1.3.1.jar:1.3.1]
	at org.apache.maven.surefire.junitplatform.JUnitPlatformProvider.invokeAllTests(JUnitPlatformProvider.java:150) ~[surefire-junit-platform-2.22.2.jar:2.22.2]
	at org.apache.maven.surefire.junitplatform.JUnitPlatformProvider.invoke(JUnitPlatformProvider.java:124) ~[surefire-junit-platform-2.22.2.jar:2.22.2]
	at org.apache.maven.surefire.booter.ForkedBooter.invokeProviderInSameClassLoader(ForkedBooter.java:384) ~[surefire-booter-2.22.2.jar:2.22.2]
	at org.apache.maven.surefire.booter.ForkedBooter.runSuitesInProcess(ForkedBooter.java:345) ~[surefire-booter-2.22.2.jar:2.22.2]
	at org.apache.maven.surefire.booter.ForkedBooter.execute(ForkedBooter.java:126) ~[surefire-booter-2.22.2.jar:2.22.2]
	at org.apache.maven.surefire.booter.ForkedBooter.main(ForkedBooter.java:418) ~[surefire-booter-2.22.2.jar:2.22.2]
Caused by: java.lang.IllegalStateException: Failed to check the status of the service com.yupi.service.InnerUserService. No provider available for the service com.yupi.service.InnerUserService from the url consumer://192.168.1.107/com.yupi.service.InnerUserService?application=dubbo-springboot-demo-provider&background=false&dubbo=2.0.2&interface=com.yupi.service.InnerUserService&methods=getUser&pid=19020&register.ip=192.168.1.107&release=3.0.9&revision=0.0.1-SNAPSHOT&side=consumer&sticky=false&timestamp=1697357885595 to the consumer 192.168.1.107 use dubbo version 3.0.9
	at org.apache.dubbo.config.ReferenceConfig.checkInvokerAvailable(ReferenceConfig.java:545) ~[dubbo-3.0.9.jar:3.0.9]
	at org.apache.dubbo.config.ReferenceConfig.init(ReferenceConfig.java:293) ~[dubbo-3.0.9.jar:3.0.9]
	at org.apache.dubbo.config.ReferenceConfig.get(ReferenceConfig.java:219) ~[dubbo-3.0.9.jar:3.0.9]
	at org.apache.dubbo.config.utils.SimpleReferenceCache.get(SimpleReferenceCache.java:129) ~[dubbo-3.0.9.jar:3.0.9]
	at org.apache.dubbo.config.deploy.DefaultModuleDeployer.lambda$referServices$6(DefaultModuleDeployer.java:387) ~[dubbo-3.0.9.jar:3.0.9]
	at java.util.concurrent.ConcurrentHashMap$ValuesView.forEach(ConcurrentHashMap.java:4707) ~[na:1.8.0_202]
	at org.apache.dubbo.config.deploy.DefaultModuleDeployer.referServices(DefaultModuleDeployer.java:367) ~[dubbo-3.0.9.jar:3.0.9]
	at org.apache.dubbo.config.deploy.DefaultModuleDeployer.start(DefaultModuleDeployer.java:154) ~[dubbo-3.0.9.jar:3.0.9]
	at org.apache.dubbo.config.spring.context.DubboDeployApplicationListener.onContextRefreshedEvent(DubboDeployApplicationListener.java:111) ~[dubbo-3.0.9.jar:3.0.9]
	at org.apache.dubbo.config.spring.context.DubboDeployApplicationListener.onApplicationEvent(DubboDeployApplicationListener.java:100) ~[dubbo-3.0.9.jar:3.0.9]
	at org.apache.dubbo.config.spring.context.DubboDeployApplicationListener.onApplicationEvent(DubboDeployApplicationListener.java:45) ~[dubbo-3.0.9.jar:3.0.9]
	at org.springframework.context.event.SimpleApplicationEventMulticaster.doInvokeListener(SimpleApplicationEventMulticaster.java:176) ~[spring-context-5.3.20.jar:5.3.20]
	at org.springframework.context.event.SimpleApplicationEventMulticaster.invokeListener(SimpleApplicationEventMulticaster.java:169) ~[spring-context-5.3.20.jar:5.3.20]
	at org.springframework.context.event.SimpleApplicationEventMulticaster.multicastEvent(SimpleApplicationEventMulticaster.java:143) ~[spring-context-5.3.20.jar:5.3.20]
	at org.springframework.context.support.AbstractApplicationContext.publishEvent(AbstractApplicationContext.java:421) ~[spring-context-5.3.20.jar:5.3.20]
	at org.springframework.context.support.AbstractApplicationContext.publishEvent(AbstractApplicationContext.java:378) ~[spring-context-5.3.20.jar:5.3.20]
	at org.springframework.context.support.AbstractApplicationContext.finishRefresh(AbstractApplicationContext.java:938) ~[spring-context-5.3.20.jar:5.3.20]
	at org.springframework.context.support.AbstractApplicationContext.refresh(AbstractApplicationContext.java:586) ~[spring-context-5.3.20.jar:5.3.20]
	at org.springframework.boot.SpringApplication.refresh(SpringApplication.java:734) ~[spring-boot-2.7.0.jar:2.7.0]
	at org.springframework.boot.SpringApplication.refreshContext(SpringApplication.java:408) ~[spring-boot-2.7.0.jar:2.7.0]
	at org.springframework.boot.SpringApplication.run(SpringApplication.java:308) ~[spring-boot-2.7.0.jar:2.7.0]
	at org.springframework.boot.test.context.SpringBootContextLoader.loadContext(SpringBootContextLoader.java:132) ~[spring-boot-test-2.7.0.jar:2.7.0]
	at org.springframework.test.context.cache.DefaultCacheAwareContextLoaderDelegate.loadContextInternal(DefaultCacheAwareContextLoaderDelegate.java:99) ~[spring-test-5.3.20.jar:5.3.20]
	at org.springframework.test.context.cache.DefaultCacheAwareContextLoaderDelegate.loadContext(DefaultCacheAwareContextLoaderDelegate.java:124) ~[spring-test-5.3.20.jar:5.3.20]
	... 68 common frames omitted

]]></system-out>
  </testcase>
</testsuite>